[2024-10-08T09:05:45.982+0000] {local_task_job_runner.py:123} INFO - ::group::Pre task execution logs
[2024-10-08T09:05:46.020+0000] {taskinstance.py:2612} INFO - Dependencies all met for dep_context=non-requeueable deps ti=<TaskInstance: spotify_etl_dag.process_album manual__2024-10-08T09:05:25.243271+00:00 [queued]>
[2024-10-08T09:05:46.032+0000] {taskinstance.py:2612} INFO - Dependencies all met for dep_context=requeueable deps ti=<TaskInstance: spotify_etl_dag.process_album manual__2024-10-08T09:05:25.243271+00:00 [queued]>
[2024-10-08T09:05:46.032+0000] {taskinstance.py:2865} INFO - Starting attempt 1 of 1
[2024-10-08T09:05:46.053+0000] {taskinstance.py:2888} INFO - Executing <Task(PythonOperator): process_album> on 2024-10-08 09:05:25.243271+00:00
[2024-10-08T09:05:46.065+0000] {warnings.py:112} WARNING - /home/***/.local/lib/python3.12/site-packages/***/task/task_runner/standard_task_runner.py:70: DeprecationWarning: This process (pid=788) is multi-threaded, use of fork() may lead to deadlocks in the child.
  pid = os.fork()

[2024-10-08T09:05:46.069+0000] {standard_task_runner.py:72} INFO - Started process 793 to run task
[2024-10-08T09:05:46.078+0000] {standard_task_runner.py:104} INFO - Running: ['***', 'tasks', 'run', 'spotify_etl_dag', 'process_album', 'manual__2024-10-08T09:05:25.243271+00:00', '--job-id', '430', '--raw', '--subdir', 'DAGS_FOLDER/spotify_***_pipeline.py', '--cfg-path', '/tmp/tmpcjsobrk3']
[2024-10-08T09:05:46.082+0000] {standard_task_runner.py:105} INFO - Job 430: Subtask process_album
[2024-10-08T09:05:46.175+0000] {task_command.py:467} INFO - Running <TaskInstance: spotify_etl_dag.process_album manual__2024-10-08T09:05:25.243271+00:00 [running]> on host da4c4a711107
[2024-10-08T09:05:46.286+0000] {taskinstance.py:3131} INFO - Exporting env vars: AIRFLOW_CTX_DAG_OWNER='Artika' AIRFLOW_CTX_DAG_ID='spotify_etl_dag' AIRFLOW_CTX_TASK_ID='process_album' AIRFLOW_CTX_EXECUTION_DATE='2024-10-08T09:05:25.243271+00:00' AIRFLOW_CTX_TRY_NUMBER='1' AIRFLOW_CTX_DAG_RUN_ID='manual__2024-10-08T09:05:25.243271+00:00'
[2024-10-08T09:05:46.293+0000] {logging_mixin.py:190} INFO - Task instance is in running state
[2024-10-08T09:05:46.293+0000] {logging_mixin.py:190} INFO -  Previous state of the Task instance: queued
[2024-10-08T09:05:46.294+0000] {logging_mixin.py:190} INFO - Current task name:process_album state:running start_date:2024-10-08 09:05:46.021154+00:00
[2024-10-08T09:05:46.295+0000] {logging_mixin.py:190} INFO - Dag name:spotify_etl_dag and current dag run status:running
[2024-10-08T09:05:46.295+0000] {taskinstance.py:731} INFO - ::endgroup::
[2024-10-08T09:05:47.792+0000] {python.py:240} INFO - Done. Returned value was: None
[2024-10-08T09:05:47.823+0000] {taskinstance.py:340} INFO - ::group::Post task execution logs
[2024-10-08T09:05:47.824+0000] {taskinstance.py:352} INFO - Marking task as SUCCESS. dag_id=spotify_etl_dag, task_id=process_album, run_id=manual__2024-10-08T09:05:25.243271+00:00, execution_date=20241008T090525, start_date=20241008T090546, end_date=20241008T090547
[2024-10-08T09:05:47.841+0000] {logging_mixin.py:190} INFO - Task instance in success state
[2024-10-08T09:05:47.842+0000] {logging_mixin.py:190} INFO -  Previous state of the Task instance: running
[2024-10-08T09:05:47.843+0000] {logging_mixin.py:190} INFO - Dag name:spotify_etl_dag queued_at:2024-10-08 09:05:25.454005+00:00
[2024-10-08T09:05:47.843+0000] {logging_mixin.py:190} INFO - Task hostname:da4c4a711107 operator:PythonOperator
[2024-10-08T09:05:47.875+0000] {local_task_job_runner.py:266} INFO - Task exited with return code 0
[2024-10-08T09:05:47.915+0000] {local_task_job_runner.py:245} INFO - ::endgroup::
