[2024-10-08T08:44:03.922+0000] {local_task_job_runner.py:123} INFO - ::group::Pre task execution logs
[2024-10-08T08:44:03.964+0000] {taskinstance.py:2612} INFO - Dependencies all met for dep_context=non-requeueable deps ti=<TaskInstance: spotify_etl_dag.process_album manual__2024-10-08T08:43:41.104698+00:00 [queued]>
[2024-10-08T08:44:03.994+0000] {taskinstance.py:2612} INFO - Dependencies all met for dep_context=requeueable deps ti=<TaskInstance: spotify_etl_dag.process_album manual__2024-10-08T08:43:41.104698+00:00 [queued]>
[2024-10-08T08:44:03.997+0000] {taskinstance.py:2865} INFO - Starting attempt 1 of 1
[2024-10-08T08:44:04.072+0000] {taskinstance.py:2888} INFO - Executing <Task(PythonOperator): process_album> on 2024-10-08 08:43:41.104698+00:00
[2024-10-08T08:44:04.113+0000] {warnings.py:112} WARNING - /home/***/.local/lib/python3.12/site-packages/***/task/task_runner/standard_task_runner.py:70: DeprecationWarning: This process (pid=367) is multi-threaded, use of fork() may lead to deadlocks in the child.
  pid = os.fork()

[2024-10-08T08:44:04.117+0000] {standard_task_runner.py:72} INFO - Started process 373 to run task
[2024-10-08T08:44:04.125+0000] {standard_task_runner.py:104} INFO - Running: ['***', 'tasks', 'run', 'spotify_etl_dag', 'process_album', 'manual__2024-10-08T08:43:41.104698+00:00', '--job-id', '393', '--raw', '--subdir', 'DAGS_FOLDER/spotify_***_pipeline.py', '--cfg-path', '/tmp/tmp5tlyrs95']
[2024-10-08T08:44:04.129+0000] {standard_task_runner.py:105} INFO - Job 393: Subtask process_album
[2024-10-08T08:44:04.269+0000] {task_command.py:467} INFO - Running <TaskInstance: spotify_etl_dag.process_album manual__2024-10-08T08:43:41.104698+00:00 [running]> on host da4c4a711107
[2024-10-08T08:44:04.528+0000] {taskinstance.py:3131} INFO - Exporting env vars: AIRFLOW_CTX_DAG_OWNER='Artika' AIRFLOW_CTX_DAG_ID='spotify_etl_dag' AIRFLOW_CTX_TASK_ID='process_album' AIRFLOW_CTX_EXECUTION_DATE='2024-10-08T08:43:41.104698+00:00' AIRFLOW_CTX_TRY_NUMBER='1' AIRFLOW_CTX_DAG_RUN_ID='manual__2024-10-08T08:43:41.104698+00:00'
[2024-10-08T08:44:04.535+0000] {logging_mixin.py:190} INFO - Task instance is in running state
[2024-10-08T08:44:04.536+0000] {logging_mixin.py:190} INFO -  Previous state of the Task instance: queued
[2024-10-08T08:44:04.537+0000] {logging_mixin.py:190} INFO - Current task name:process_album state:running start_date:2024-10-08 08:44:03.965463+00:00
[2024-10-08T08:44:04.538+0000] {logging_mixin.py:190} INFO - Dag name:spotify_etl_dag and current dag run status:running
[2024-10-08T08:44:04.538+0000] {taskinstance.py:731} INFO - ::endgroup::
[2024-10-08T08:44:05.974+0000] {python.py:240} INFO - Done. Returned value was: None
[2024-10-08T08:44:05.992+0000] {taskinstance.py:340} INFO - ::group::Post task execution logs
[2024-10-08T08:44:05.993+0000] {taskinstance.py:352} INFO - Marking task as SUCCESS. dag_id=spotify_etl_dag, task_id=process_album, run_id=manual__2024-10-08T08:43:41.104698+00:00, execution_date=20241008T084341, start_date=20241008T084403, end_date=20241008T084405
[2024-10-08T08:44:06.020+0000] {logging_mixin.py:190} INFO - Task instance in success state
[2024-10-08T08:44:06.020+0000] {logging_mixin.py:190} INFO -  Previous state of the Task instance: running
[2024-10-08T08:44:06.021+0000] {logging_mixin.py:190} INFO - Dag name:spotify_etl_dag queued_at:2024-10-08 08:43:41.157900+00:00
[2024-10-08T08:44:06.021+0000] {logging_mixin.py:190} INFO - Task hostname:da4c4a711107 operator:PythonOperator
[2024-10-08T08:44:06.042+0000] {local_task_job_runner.py:266} INFO - Task exited with return code 0
[2024-10-08T08:44:06.140+0000] {taskinstance.py:3900} INFO - 1 downstream tasks scheduled from follow-on schedule check
[2024-10-08T08:44:06.143+0000] {local_task_job_runner.py:245} INFO - ::endgroup::
