[2024-10-08T09:01:36.732+0000] {local_task_job_runner.py:123} INFO - ::group::Pre task execution logs
[2024-10-08T09:01:36.799+0000] {taskinstance.py:2612} INFO - Dependencies all met for dep_context=non-requeueable deps ti=<TaskInstance: spotify_etl_dag.process_songs manual__2024-10-08T09:01:12.239385+00:00 [queued]>
[2024-10-08T09:01:36.817+0000] {taskinstance.py:2612} INFO - Dependencies all met for dep_context=requeueable deps ti=<TaskInstance: spotify_etl_dag.process_songs manual__2024-10-08T09:01:12.239385+00:00 [queued]>
[2024-10-08T09:01:36.818+0000] {taskinstance.py:2865} INFO - Starting attempt 1 of 1
[2024-10-08T09:01:36.839+0000] {taskinstance.py:2888} INFO - Executing <Task(PythonOperator): process_songs> on 2024-10-08 09:01:12.239385+00:00
[2024-10-08T09:01:36.896+0000] {standard_task_runner.py:104} INFO - Running: ['***', 'tasks', 'run', 'spotify_etl_dag', 'process_songs', 'manual__2024-10-08T09:01:12.239385+00:00', '--job-id', '409', '--raw', '--subdir', 'DAGS_FOLDER/spotify_***_pipeline.py', '--cfg-path', '/tmp/tmp25eerfnu']
[2024-10-08T09:01:36.893+0000] {warnings.py:112} WARNING - /home/***/.local/lib/python3.12/site-packages/***/task/task_runner/standard_task_runner.py:70: DeprecationWarning: This process (pid=643) is multi-threaded, use of fork() may lead to deadlocks in the child.
  pid = os.fork()

[2024-10-08T09:01:36.905+0000] {standard_task_runner.py:105} INFO - Job 409: Subtask process_songs
[2024-10-08T09:01:36.906+0000] {standard_task_runner.py:72} INFO - Started process 649 to run task
[2024-10-08T09:01:37.182+0000] {task_command.py:467} INFO - Running <TaskInstance: spotify_etl_dag.process_songs manual__2024-10-08T09:01:12.239385+00:00 [running]> on host da4c4a711107
[2024-10-08T09:01:37.570+0000] {taskinstance.py:3131} INFO - Exporting env vars: AIRFLOW_CTX_DAG_OWNER='Artika' AIRFLOW_CTX_DAG_ID='spotify_etl_dag' AIRFLOW_CTX_TASK_ID='process_songs' AIRFLOW_CTX_EXECUTION_DATE='2024-10-08T09:01:12.239385+00:00' AIRFLOW_CTX_TRY_NUMBER='1' AIRFLOW_CTX_DAG_RUN_ID='manual__2024-10-08T09:01:12.239385+00:00'
[2024-10-08T09:01:37.585+0000] {logging_mixin.py:190} INFO - Task instance is in running state
[2024-10-08T09:01:37.586+0000] {logging_mixin.py:190} INFO -  Previous state of the Task instance: queued
[2024-10-08T09:01:37.589+0000] {logging_mixin.py:190} INFO - Current task name:process_songs state:running start_date:2024-10-08 09:01:36.800662+00:00
[2024-10-08T09:01:37.590+0000] {logging_mixin.py:190} INFO - Dag name:spotify_etl_dag and current dag run status:running
[2024-10-08T09:01:37.591+0000] {taskinstance.py:731} INFO - ::endgroup::
[2024-10-08T09:01:41.365+0000] {python.py:240} INFO - Done. Returned value was: None
[2024-10-08T09:01:41.442+0000] {taskinstance.py:340} INFO - ::group::Post task execution logs
[2024-10-08T09:01:41.449+0000] {taskinstance.py:352} INFO - Marking task as SUCCESS. dag_id=spotify_etl_dag, task_id=process_songs, run_id=manual__2024-10-08T09:01:12.239385+00:00, execution_date=20241008T090112, start_date=20241008T090136, end_date=20241008T090141
[2024-10-08T09:01:41.514+0000] {logging_mixin.py:190} INFO - Task instance in success state
[2024-10-08T09:01:41.526+0000] {logging_mixin.py:190} INFO -  Previous state of the Task instance: running
[2024-10-08T09:01:41.531+0000] {logging_mixin.py:190} INFO - Dag name:spotify_etl_dag queued_at:2024-10-08 09:01:12.312779+00:00
[2024-10-08T09:01:41.536+0000] {logging_mixin.py:190} INFO - Task hostname:da4c4a711107 operator:PythonOperator
[2024-10-08T09:01:41.690+0000] {local_task_job_runner.py:266} INFO - Task exited with return code 0
[2024-10-08T09:01:41.933+0000] {standard_task_runner.py:217} INFO - Process not found (most likely exited), stop collecting metrics
[2024-10-08T09:01:42.296+0000] {local_task_job_runner.py:245} INFO - ::endgroup::
