[2024-10-06T00:50:45.981+0000] {processor.py:186} INFO - Started process (PID=24072) to work on /opt/airflow/dags/airbnb_postgres_s3.py
[2024-10-06T00:50:46.002+0000] {processor.py:914} INFO - Processing file /opt/airflow/dags/airbnb_postgres_s3.py for tasks to queue
[2024-10-06T00:50:46.004+0000] {logging_mixin.py:190} INFO - [2024-10-06T00:50:46.003+0000] {dagbag.py:587} INFO - Filling up the DagBag from /opt/airflow/dags/airbnb_postgres_s3.py
[2024-10-06T00:50:46.210+0000] {processor.py:925} INFO - DAG(s) 'load_insideairbnb_data' retrieved from /opt/airflow/dags/airbnb_postgres_s3.py
[2024-10-06T00:50:46.241+0000] {logging_mixin.py:190} INFO - [2024-10-06T00:50:46.241+0000] {dag.py:3229} INFO - Sync 1 DAGs
[2024-10-06T00:50:46.259+0000] {logging_mixin.py:190} INFO - [2024-10-06T00:50:46.259+0000] {dag.py:4156} INFO - Setting next_dagrun for load_insideairbnb_data to 2024-10-06 00:00:00+00:00, run_after=2024-10-07 00:00:00+00:00
[2024-10-06T00:50:46.278+0000] {processor.py:208} INFO - Processing /opt/airflow/dags/airbnb_postgres_s3.py took 0.306 seconds
[2024-10-06T00:51:16.932+0000] {processor.py:186} INFO - Started process (PID=24142) to work on /opt/airflow/dags/airbnb_postgres_s3.py
[2024-10-06T00:51:16.935+0000] {processor.py:914} INFO - Processing file /opt/airflow/dags/airbnb_postgres_s3.py for tasks to queue
[2024-10-06T00:51:16.937+0000] {logging_mixin.py:190} INFO - [2024-10-06T00:51:16.936+0000] {dagbag.py:587} INFO - Filling up the DagBag from /opt/airflow/dags/airbnb_postgres_s3.py
[2024-10-06T00:51:17.107+0000] {processor.py:925} INFO - DAG(s) 'load_insideairbnb_data' retrieved from /opt/airflow/dags/airbnb_postgres_s3.py
[2024-10-06T00:51:17.136+0000] {logging_mixin.py:190} INFO - [2024-10-06T00:51:17.136+0000] {dag.py:3229} INFO - Sync 1 DAGs
[2024-10-06T00:51:17.148+0000] {logging_mixin.py:190} INFO - [2024-10-06T00:51:17.148+0000] {dag.py:4156} INFO - Setting next_dagrun for load_insideairbnb_data to 2024-10-06 00:00:00+00:00, run_after=2024-10-07 00:00:00+00:00
[2024-10-06T00:51:17.159+0000] {processor.py:208} INFO - Processing /opt/airflow/dags/airbnb_postgres_s3.py took 0.275 seconds
[2024-10-06T01:51:41.047+0000] {processor.py:186} INFO - Started process (PID=24211) to work on /opt/airflow/dags/airbnb_postgres_s3.py
[2024-10-06T01:51:41.049+0000] {processor.py:914} INFO - Processing file /opt/airflow/dags/airbnb_postgres_s3.py for tasks to queue
[2024-10-06T01:51:41.050+0000] {logging_mixin.py:190} INFO - [2024-10-06T01:51:41.050+0000] {dagbag.py:587} INFO - Filling up the DagBag from /opt/airflow/dags/airbnb_postgres_s3.py
[2024-10-06T01:51:41.205+0000] {processor.py:925} INFO - DAG(s) 'load_insideairbnb_data' retrieved from /opt/airflow/dags/airbnb_postgres_s3.py
[2024-10-06T01:51:41.226+0000] {logging_mixin.py:190} INFO - [2024-10-06T01:51:41.226+0000] {dag.py:3229} INFO - Sync 1 DAGs
[2024-10-06T01:51:41.245+0000] {logging_mixin.py:190} INFO - [2024-10-06T01:51:41.244+0000] {dag.py:4156} INFO - Setting next_dagrun for load_insideairbnb_data to 2024-10-06 00:00:00+00:00, run_after=2024-10-07 00:00:00+00:00
[2024-10-06T01:51:41.267+0000] {processor.py:208} INFO - Processing /opt/airflow/dags/airbnb_postgres_s3.py took 0.227 seconds
[2024-10-06T02:42:31.037+0000] {processor.py:186} INFO - Started process (PID=24280) to work on /opt/airflow/dags/airbnb_postgres_s3.py
[2024-10-06T02:42:31.039+0000] {processor.py:914} INFO - Processing file /opt/airflow/dags/airbnb_postgres_s3.py for tasks to queue
[2024-10-06T02:42:31.040+0000] {logging_mixin.py:190} INFO - [2024-10-06T02:42:31.039+0000] {dagbag.py:587} INFO - Filling up the DagBag from /opt/airflow/dags/airbnb_postgres_s3.py
[2024-10-06T02:42:31.198+0000] {processor.py:925} INFO - DAG(s) 'load_insideairbnb_data' retrieved from /opt/airflow/dags/airbnb_postgres_s3.py
[2024-10-06T02:42:31.220+0000] {logging_mixin.py:190} INFO - [2024-10-06T02:42:31.220+0000] {dag.py:3229} INFO - Sync 1 DAGs
[2024-10-06T02:42:31.236+0000] {logging_mixin.py:190} INFO - [2024-10-06T02:42:31.236+0000] {dag.py:4156} INFO - Setting next_dagrun for load_insideairbnb_data to 2024-10-06 00:00:00+00:00, run_after=2024-10-07 00:00:00+00:00
[2024-10-06T02:42:31.259+0000] {processor.py:208} INFO - Processing /opt/airflow/dags/airbnb_postgres_s3.py took 0.242 seconds
[2024-10-06T03:10:34.624+0000] {processor.py:186} INFO - Started process (PID=24350) to work on /opt/airflow/dags/airbnb_postgres_s3.py
[2024-10-06T03:10:34.625+0000] {processor.py:914} INFO - Processing file /opt/airflow/dags/airbnb_postgres_s3.py for tasks to queue
[2024-10-06T03:10:34.627+0000] {logging_mixin.py:190} INFO - [2024-10-06T03:10:34.627+0000] {dagbag.py:587} INFO - Filling up the DagBag from /opt/airflow/dags/airbnb_postgres_s3.py
[2024-10-06T03:10:34.940+0000] {processor.py:925} INFO - DAG(s) 'load_insideairbnb_data' retrieved from /opt/airflow/dags/airbnb_postgres_s3.py
[2024-10-06T03:10:34.981+0000] {logging_mixin.py:190} INFO - [2024-10-06T03:10:34.980+0000] {dag.py:3229} INFO - Sync 1 DAGs
[2024-10-06T03:10:35.013+0000] {logging_mixin.py:190} INFO - [2024-10-06T03:10:35.013+0000] {dag.py:4156} INFO - Setting next_dagrun for load_insideairbnb_data to 2024-10-06 00:00:00+00:00, run_after=2024-10-07 00:00:00+00:00
[2024-10-06T03:10:35.040+0000] {processor.py:208} INFO - Processing /opt/airflow/dags/airbnb_postgres_s3.py took 0.428 seconds
[2024-10-06T03:53:51.731+0000] {processor.py:186} INFO - Started process (PID=24420) to work on /opt/airflow/dags/airbnb_postgres_s3.py
[2024-10-06T03:53:51.733+0000] {processor.py:914} INFO - Processing file /opt/airflow/dags/airbnb_postgres_s3.py for tasks to queue
[2024-10-06T03:53:51.736+0000] {logging_mixin.py:190} INFO - [2024-10-06T03:53:51.735+0000] {dagbag.py:587} INFO - Filling up the DagBag from /opt/airflow/dags/airbnb_postgres_s3.py
[2024-10-06T03:53:51.892+0000] {processor.py:925} INFO - DAG(s) 'load_insideairbnb_data' retrieved from /opt/airflow/dags/airbnb_postgres_s3.py
[2024-10-06T03:53:51.906+0000] {logging_mixin.py:190} INFO - [2024-10-06T03:53:51.906+0000] {dag.py:3229} INFO - Sync 1 DAGs
[2024-10-06T03:53:51.918+0000] {logging_mixin.py:190} INFO - [2024-10-06T03:53:51.918+0000] {dag.py:4156} INFO - Setting next_dagrun for load_insideairbnb_data to 2024-10-06 00:00:00+00:00, run_after=2024-10-07 00:00:00+00:00
[2024-10-06T03:53:51.926+0000] {processor.py:208} INFO - Processing /opt/airflow/dags/airbnb_postgres_s3.py took 0.217 seconds
[2024-10-06T04:44:14.621+0000] {processor.py:186} INFO - Started process (PID=24490) to work on /opt/airflow/dags/airbnb_postgres_s3.py
[2024-10-06T04:44:14.623+0000] {processor.py:914} INFO - Processing file /opt/airflow/dags/airbnb_postgres_s3.py for tasks to queue
[2024-10-06T04:44:14.624+0000] {logging_mixin.py:190} INFO - [2024-10-06T04:44:14.624+0000] {dagbag.py:587} INFO - Filling up the DagBag from /opt/airflow/dags/airbnb_postgres_s3.py
[2024-10-06T04:44:14.800+0000] {processor.py:925} INFO - DAG(s) 'load_insideairbnb_data' retrieved from /opt/airflow/dags/airbnb_postgres_s3.py
[2024-10-06T04:44:14.827+0000] {logging_mixin.py:190} INFO - [2024-10-06T04:44:14.827+0000] {dag.py:3229} INFO - Sync 1 DAGs
[2024-10-06T04:44:14.847+0000] {logging_mixin.py:190} INFO - [2024-10-06T04:44:14.847+0000] {dag.py:4156} INFO - Setting next_dagrun for load_insideairbnb_data to 2024-10-06 00:00:00+00:00, run_after=2024-10-07 00:00:00+00:00
[2024-10-06T04:44:14.856+0000] {processor.py:208} INFO - Processing /opt/airflow/dags/airbnb_postgres_s3.py took 0.245 seconds
[2024-10-06T05:45:09.541+0000] {processor.py:186} INFO - Started process (PID=24560) to work on /opt/airflow/dags/airbnb_postgres_s3.py
[2024-10-06T05:45:09.546+0000] {processor.py:914} INFO - Processing file /opt/airflow/dags/airbnb_postgres_s3.py for tasks to queue
[2024-10-06T05:45:09.547+0000] {logging_mixin.py:190} INFO - [2024-10-06T05:45:09.547+0000] {dagbag.py:587} INFO - Filling up the DagBag from /opt/airflow/dags/airbnb_postgres_s3.py
[2024-10-06T05:45:09.732+0000] {processor.py:925} INFO - DAG(s) 'load_insideairbnb_data' retrieved from /opt/airflow/dags/airbnb_postgres_s3.py
[2024-10-06T05:45:09.752+0000] {logging_mixin.py:190} INFO - [2024-10-06T05:45:09.752+0000] {dag.py:3229} INFO - Sync 1 DAGs
[2024-10-06T05:45:09.769+0000] {logging_mixin.py:190} INFO - [2024-10-06T05:45:09.769+0000] {dag.py:4156} INFO - Setting next_dagrun for load_insideairbnb_data to 2024-10-06 00:00:00+00:00, run_after=2024-10-07 00:00:00+00:00
[2024-10-06T05:45:09.785+0000] {processor.py:208} INFO - Processing /opt/airflow/dags/airbnb_postgres_s3.py took 0.263 seconds
[2024-10-06T06:27:10.176+0000] {processor.py:186} INFO - Started process (PID=24630) to work on /opt/airflow/dags/airbnb_postgres_s3.py
[2024-10-06T06:27:10.177+0000] {processor.py:914} INFO - Processing file /opt/airflow/dags/airbnb_postgres_s3.py for tasks to queue
[2024-10-06T06:27:10.179+0000] {logging_mixin.py:190} INFO - [2024-10-06T06:27:10.179+0000] {dagbag.py:587} INFO - Filling up the DagBag from /opt/airflow/dags/airbnb_postgres_s3.py
[2024-10-06T06:27:10.400+0000] {processor.py:925} INFO - DAG(s) 'load_insideairbnb_data' retrieved from /opt/airflow/dags/airbnb_postgres_s3.py
[2024-10-06T06:27:10.417+0000] {logging_mixin.py:190} INFO - [2024-10-06T06:27:10.417+0000] {dag.py:3229} INFO - Sync 1 DAGs
[2024-10-06T06:27:10.432+0000] {logging_mixin.py:190} INFO - [2024-10-06T06:27:10.432+0000] {dag.py:4156} INFO - Setting next_dagrun for load_insideairbnb_data to 2024-10-06 00:00:00+00:00, run_after=2024-10-07 00:00:00+00:00
[2024-10-06T06:27:10.444+0000] {processor.py:208} INFO - Processing /opt/airflow/dags/airbnb_postgres_s3.py took 0.287 seconds
[2024-10-06T06:56:38.875+0000] {processor.py:186} INFO - Started process (PID=24700) to work on /opt/airflow/dags/airbnb_postgres_s3.py
[2024-10-06T06:56:38.877+0000] {processor.py:914} INFO - Processing file /opt/airflow/dags/airbnb_postgres_s3.py for tasks to queue
[2024-10-06T06:56:38.880+0000] {logging_mixin.py:190} INFO - [2024-10-06T06:56:38.879+0000] {dagbag.py:587} INFO - Filling up the DagBag from /opt/airflow/dags/airbnb_postgres_s3.py
[2024-10-06T06:56:39.064+0000] {processor.py:925} INFO - DAG(s) 'load_insideairbnb_data' retrieved from /opt/airflow/dags/airbnb_postgres_s3.py
[2024-10-06T06:56:39.078+0000] {logging_mixin.py:190} INFO - [2024-10-06T06:56:39.078+0000] {dag.py:3229} INFO - Sync 1 DAGs
[2024-10-06T06:56:39.092+0000] {logging_mixin.py:190} INFO - [2024-10-06T06:56:39.092+0000] {dag.py:4156} INFO - Setting next_dagrun for load_insideairbnb_data to 2024-10-06 00:00:00+00:00, run_after=2024-10-07 00:00:00+00:00
[2024-10-06T06:56:39.100+0000] {processor.py:208} INFO - Processing /opt/airflow/dags/airbnb_postgres_s3.py took 0.244 seconds
[2024-10-06T07:29:02.249+0000] {processor.py:186} INFO - Started process (PID=24770) to work on /opt/airflow/dags/airbnb_postgres_s3.py
[2024-10-06T07:29:02.254+0000] {processor.py:914} INFO - Processing file /opt/airflow/dags/airbnb_postgres_s3.py for tasks to queue
[2024-10-06T07:29:02.259+0000] {logging_mixin.py:190} INFO - [2024-10-06T07:29:02.259+0000] {dagbag.py:587} INFO - Filling up the DagBag from /opt/airflow/dags/airbnb_postgres_s3.py
[2024-10-06T07:29:02.435+0000] {processor.py:925} INFO - DAG(s) 'load_insideairbnb_data' retrieved from /opt/airflow/dags/airbnb_postgres_s3.py
[2024-10-06T07:29:02.464+0000] {logging_mixin.py:190} INFO - [2024-10-06T07:29:02.464+0000] {dag.py:3229} INFO - Sync 1 DAGs
[2024-10-06T07:29:02.480+0000] {logging_mixin.py:190} INFO - [2024-10-06T07:29:02.480+0000] {dag.py:4156} INFO - Setting next_dagrun for load_insideairbnb_data to 2024-10-06 00:00:00+00:00, run_after=2024-10-07 00:00:00+00:00
[2024-10-06T07:29:02.491+0000] {processor.py:208} INFO - Processing /opt/airflow/dags/airbnb_postgres_s3.py took 0.255 seconds
[2024-10-06T07:57:56.698+0000] {processor.py:186} INFO - Started process (PID=24840) to work on /opt/airflow/dags/airbnb_postgres_s3.py
[2024-10-06T07:57:56.700+0000] {processor.py:914} INFO - Processing file /opt/airflow/dags/airbnb_postgres_s3.py for tasks to queue
[2024-10-06T07:57:56.702+0000] {logging_mixin.py:190} INFO - [2024-10-06T07:57:56.702+0000] {dagbag.py:587} INFO - Filling up the DagBag from /opt/airflow/dags/airbnb_postgres_s3.py
[2024-10-06T07:57:56.870+0000] {processor.py:925} INFO - DAG(s) 'load_insideairbnb_data' retrieved from /opt/airflow/dags/airbnb_postgres_s3.py
[2024-10-06T07:57:56.898+0000] {logging_mixin.py:190} INFO - [2024-10-06T07:57:56.898+0000] {dag.py:3229} INFO - Sync 1 DAGs
[2024-10-06T07:57:56.911+0000] {logging_mixin.py:190} INFO - [2024-10-06T07:57:56.911+0000] {dag.py:4156} INFO - Setting next_dagrun for load_insideairbnb_data to 2024-10-06 00:00:00+00:00, run_after=2024-10-07 00:00:00+00:00
[2024-10-06T07:57:56.919+0000] {processor.py:208} INFO - Processing /opt/airflow/dags/airbnb_postgres_s3.py took 0.231 seconds
[2024-10-06T08:02:58.557+0000] {processor.py:186} INFO - Started process (PID=24910) to work on /opt/airflow/dags/airbnb_postgres_s3.py
[2024-10-06T08:02:58.560+0000] {processor.py:914} INFO - Processing file /opt/airflow/dags/airbnb_postgres_s3.py for tasks to queue
[2024-10-06T08:02:58.562+0000] {logging_mixin.py:190} INFO - [2024-10-06T08:02:58.561+0000] {dagbag.py:587} INFO - Filling up the DagBag from /opt/airflow/dags/airbnb_postgres_s3.py
[2024-10-06T08:02:58.760+0000] {processor.py:925} INFO - DAG(s) 'load_insideairbnb_data' retrieved from /opt/airflow/dags/airbnb_postgres_s3.py
[2024-10-06T08:02:58.780+0000] {logging_mixin.py:190} INFO - [2024-10-06T08:02:58.780+0000] {dag.py:3229} INFO - Sync 1 DAGs
[2024-10-06T08:02:58.791+0000] {logging_mixin.py:190} INFO - [2024-10-06T08:02:58.791+0000] {dag.py:4156} INFO - Setting next_dagrun for load_insideairbnb_data to 2024-10-06 00:00:00+00:00, run_after=2024-10-07 00:00:00+00:00
[2024-10-06T08:02:58.802+0000] {processor.py:208} INFO - Processing /opt/airflow/dags/airbnb_postgres_s3.py took 0.273 seconds
[2024-10-06T08:03:29.342+0000] {processor.py:186} INFO - Started process (PID=24980) to work on /opt/airflow/dags/airbnb_postgres_s3.py
[2024-10-06T08:03:29.346+0000] {processor.py:914} INFO - Processing file /opt/airflow/dags/airbnb_postgres_s3.py for tasks to queue
[2024-10-06T08:03:29.350+0000] {logging_mixin.py:190} INFO - [2024-10-06T08:03:29.348+0000] {dagbag.py:587} INFO - Filling up the DagBag from /opt/airflow/dags/airbnb_postgres_s3.py
[2024-10-06T08:03:29.564+0000] {processor.py:925} INFO - DAG(s) 'load_insideairbnb_data' retrieved from /opt/airflow/dags/airbnb_postgres_s3.py
[2024-10-06T08:03:29.590+0000] {logging_mixin.py:190} INFO - [2024-10-06T08:03:29.590+0000] {dag.py:3229} INFO - Sync 1 DAGs
[2024-10-06T08:03:29.627+0000] {logging_mixin.py:190} INFO - [2024-10-06T08:03:29.626+0000] {dag.py:4156} INFO - Setting next_dagrun for load_insideairbnb_data to 2024-10-06 00:00:00+00:00, run_after=2024-10-07 00:00:00+00:00
[2024-10-06T08:03:29.641+0000] {processor.py:208} INFO - Processing /opt/airflow/dags/airbnb_postgres_s3.py took 0.323 seconds
[2024-10-06T09:43:47.494+0000] {processor.py:186} INFO - Started process (PID=25050) to work on /opt/airflow/dags/airbnb_postgres_s3.py
[2024-10-06T09:43:47.496+0000] {processor.py:914} INFO - Processing file /opt/airflow/dags/airbnb_postgres_s3.py for tasks to queue
[2024-10-06T09:43:47.498+0000] {logging_mixin.py:190} INFO - [2024-10-06T09:43:47.497+0000] {dagbag.py:587} INFO - Filling up the DagBag from /opt/airflow/dags/airbnb_postgres_s3.py
[2024-10-06T09:43:47.704+0000] {processor.py:925} INFO - DAG(s) 'load_insideairbnb_data' retrieved from /opt/airflow/dags/airbnb_postgres_s3.py
[2024-10-06T09:43:47.720+0000] {logging_mixin.py:190} INFO - [2024-10-06T09:43:47.720+0000] {dag.py:3229} INFO - Sync 1 DAGs
[2024-10-06T09:43:47.738+0000] {logging_mixin.py:190} INFO - [2024-10-06T09:43:47.738+0000] {dag.py:4156} INFO - Setting next_dagrun for load_insideairbnb_data to 2024-10-06 00:00:00+00:00, run_after=2024-10-07 00:00:00+00:00
[2024-10-06T09:43:47.749+0000] {processor.py:208} INFO - Processing /opt/airflow/dags/airbnb_postgres_s3.py took 0.267 seconds
[2024-10-06T10:16:41.011+0000] {processor.py:186} INFO - Started process (PID=25119) to work on /opt/airflow/dags/airbnb_postgres_s3.py
[2024-10-06T10:16:41.013+0000] {processor.py:914} INFO - Processing file /opt/airflow/dags/airbnb_postgres_s3.py for tasks to queue
[2024-10-06T10:16:41.015+0000] {logging_mixin.py:190} INFO - [2024-10-06T10:16:41.015+0000] {dagbag.py:587} INFO - Filling up the DagBag from /opt/airflow/dags/airbnb_postgres_s3.py
[2024-10-06T10:16:41.216+0000] {processor.py:925} INFO - DAG(s) 'load_insideairbnb_data' retrieved from /opt/airflow/dags/airbnb_postgres_s3.py
[2024-10-06T10:16:41.237+0000] {logging_mixin.py:190} INFO - [2024-10-06T10:16:41.237+0000] {dag.py:3229} INFO - Sync 1 DAGs
[2024-10-06T10:16:41.258+0000] {logging_mixin.py:190} INFO - [2024-10-06T10:16:41.257+0000] {dag.py:4156} INFO - Setting next_dagrun for load_insideairbnb_data to 2024-10-06 00:00:00+00:00, run_after=2024-10-07 00:00:00+00:00
[2024-10-06T10:16:41.270+0000] {processor.py:208} INFO - Processing /opt/airflow/dags/airbnb_postgres_s3.py took 0.269 seconds
[2024-10-06T11:20:54.082+0000] {processor.py:186} INFO - Started process (PID=25189) to work on /opt/airflow/dags/airbnb_postgres_s3.py
[2024-10-06T11:20:54.085+0000] {processor.py:914} INFO - Processing file /opt/airflow/dags/airbnb_postgres_s3.py for tasks to queue
[2024-10-06T11:20:54.090+0000] {logging_mixin.py:190} INFO - [2024-10-06T11:20:54.089+0000] {dagbag.py:587} INFO - Filling up the DagBag from /opt/airflow/dags/airbnb_postgres_s3.py
[2024-10-06T11:20:54.274+0000] {processor.py:925} INFO - DAG(s) 'load_insideairbnb_data' retrieved from /opt/airflow/dags/airbnb_postgres_s3.py
[2024-10-06T11:20:54.293+0000] {logging_mixin.py:190} INFO - [2024-10-06T11:20:54.293+0000] {dag.py:3229} INFO - Sync 1 DAGs
[2024-10-06T11:20:54.315+0000] {logging_mixin.py:190} INFO - [2024-10-06T11:20:54.315+0000] {dag.py:4156} INFO - Setting next_dagrun for load_insideairbnb_data to 2024-10-06 00:00:00+00:00, run_after=2024-10-07 00:00:00+00:00
[2024-10-06T11:20:54.327+0000] {processor.py:208} INFO - Processing /opt/airflow/dags/airbnb_postgres_s3.py took 0.272 seconds
[2024-10-06T13:00:03.477+0000] {processor.py:186} INFO - Started process (PID=25259) to work on /opt/airflow/dags/airbnb_postgres_s3.py
[2024-10-06T13:00:03.485+0000] {processor.py:914} INFO - Processing file /opt/airflow/dags/airbnb_postgres_s3.py for tasks to queue
[2024-10-06T13:00:03.489+0000] {logging_mixin.py:190} INFO - [2024-10-06T13:00:03.488+0000] {dagbag.py:587} INFO - Filling up the DagBag from /opt/airflow/dags/airbnb_postgres_s3.py
[2024-10-06T13:00:03.695+0000] {processor.py:925} INFO - DAG(s) 'load_insideairbnb_data' retrieved from /opt/airflow/dags/airbnb_postgres_s3.py
[2024-10-06T13:00:03.734+0000] {logging_mixin.py:190} INFO - [2024-10-06T13:00:03.734+0000] {dag.py:3229} INFO - Sync 1 DAGs
[2024-10-06T13:00:03.749+0000] {logging_mixin.py:190} INFO - [2024-10-06T13:00:03.749+0000] {dag.py:4156} INFO - Setting next_dagrun for load_insideairbnb_data to 2024-10-06 00:00:00+00:00, run_after=2024-10-07 00:00:00+00:00
[2024-10-06T13:00:03.761+0000] {processor.py:208} INFO - Processing /opt/airflow/dags/airbnb_postgres_s3.py took 0.303 seconds
[2024-10-06T13:48:15.000+0000] {processor.py:186} INFO - Started process (PID=25329) to work on /opt/airflow/dags/airbnb_postgres_s3.py
[2024-10-06T13:48:15.001+0000] {processor.py:914} INFO - Processing file /opt/airflow/dags/airbnb_postgres_s3.py for tasks to queue
[2024-10-06T13:48:15.002+0000] {logging_mixin.py:190} INFO - [2024-10-06T13:48:15.002+0000] {dagbag.py:587} INFO - Filling up the DagBag from /opt/airflow/dags/airbnb_postgres_s3.py
[2024-10-06T13:48:15.183+0000] {processor.py:925} INFO - DAG(s) 'load_insideairbnb_data' retrieved from /opt/airflow/dags/airbnb_postgres_s3.py
[2024-10-06T13:48:15.201+0000] {logging_mixin.py:190} INFO - [2024-10-06T13:48:15.200+0000] {dag.py:3229} INFO - Sync 1 DAGs
[2024-10-06T13:48:15.215+0000] {logging_mixin.py:190} INFO - [2024-10-06T13:48:15.214+0000] {dag.py:4156} INFO - Setting next_dagrun for load_insideairbnb_data to 2024-10-06 00:00:00+00:00, run_after=2024-10-07 00:00:00+00:00
[2024-10-06T13:48:15.227+0000] {processor.py:208} INFO - Processing /opt/airflow/dags/airbnb_postgres_s3.py took 0.236 seconds
[2024-10-06T13:55:49.125+0000] {processor.py:186} INFO - Started process (PID=25399) to work on /opt/airflow/dags/airbnb_postgres_s3.py
[2024-10-06T13:55:49.128+0000] {processor.py:914} INFO - Processing file /opt/airflow/dags/airbnb_postgres_s3.py for tasks to queue
[2024-10-06T13:55:49.131+0000] {logging_mixin.py:190} INFO - [2024-10-06T13:55:49.130+0000] {dagbag.py:587} INFO - Filling up the DagBag from /opt/airflow/dags/airbnb_postgres_s3.py
[2024-10-06T13:55:49.307+0000] {processor.py:925} INFO - DAG(s) 'load_insideairbnb_data' retrieved from /opt/airflow/dags/airbnb_postgres_s3.py
[2024-10-06T13:55:49.336+0000] {logging_mixin.py:190} INFO - [2024-10-06T13:55:49.336+0000] {dag.py:3229} INFO - Sync 1 DAGs
[2024-10-06T13:55:49.359+0000] {logging_mixin.py:190} INFO - [2024-10-06T13:55:49.358+0000] {dag.py:4156} INFO - Setting next_dagrun for load_insideairbnb_data to 2024-10-06 00:00:00+00:00, run_after=2024-10-07 00:00:00+00:00
[2024-10-06T13:55:49.370+0000] {processor.py:208} INFO - Processing /opt/airflow/dags/airbnb_postgres_s3.py took 0.262 seconds
[2024-10-06T14:56:48.151+0000] {processor.py:186} INFO - Started process (PID=25469) to work on /opt/airflow/dags/airbnb_postgres_s3.py
[2024-10-06T14:56:48.155+0000] {processor.py:914} INFO - Processing file /opt/airflow/dags/airbnb_postgres_s3.py for tasks to queue
[2024-10-06T14:56:48.157+0000] {logging_mixin.py:190} INFO - [2024-10-06T14:56:48.157+0000] {dagbag.py:587} INFO - Filling up the DagBag from /opt/airflow/dags/airbnb_postgres_s3.py
[2024-10-06T14:56:48.322+0000] {processor.py:925} INFO - DAG(s) 'load_insideairbnb_data' retrieved from /opt/airflow/dags/airbnb_postgres_s3.py
[2024-10-06T14:56:48.347+0000] {logging_mixin.py:190} INFO - [2024-10-06T14:56:48.347+0000] {dag.py:3229} INFO - Sync 1 DAGs
[2024-10-06T14:56:48.366+0000] {logging_mixin.py:190} INFO - [2024-10-06T14:56:48.366+0000] {dag.py:4156} INFO - Setting next_dagrun for load_insideairbnb_data to 2024-10-06 00:00:00+00:00, run_after=2024-10-07 00:00:00+00:00
[2024-10-06T14:56:48.375+0000] {processor.py:208} INFO - Processing /opt/airflow/dags/airbnb_postgres_s3.py took 0.236 seconds
[2024-10-06T15:41:26.886+0000] {processor.py:186} INFO - Started process (PID=25539) to work on /opt/airflow/dags/airbnb_postgres_s3.py
[2024-10-06T15:41:26.888+0000] {processor.py:914} INFO - Processing file /opt/airflow/dags/airbnb_postgres_s3.py for tasks to queue
[2024-10-06T15:41:26.890+0000] {logging_mixin.py:190} INFO - [2024-10-06T15:41:26.889+0000] {dagbag.py:587} INFO - Filling up the DagBag from /opt/airflow/dags/airbnb_postgres_s3.py
[2024-10-06T15:41:27.079+0000] {processor.py:925} INFO - DAG(s) 'load_insideairbnb_data' retrieved from /opt/airflow/dags/airbnb_postgres_s3.py
[2024-10-06T15:41:27.113+0000] {logging_mixin.py:190} INFO - [2024-10-06T15:41:27.112+0000] {dag.py:3229} INFO - Sync 1 DAGs
[2024-10-06T15:41:27.134+0000] {logging_mixin.py:190} INFO - [2024-10-06T15:41:27.134+0000] {dag.py:4156} INFO - Setting next_dagrun for load_insideairbnb_data to 2024-10-06 00:00:00+00:00, run_after=2024-10-07 00:00:00+00:00
[2024-10-06T15:41:27.157+0000] {processor.py:208} INFO - Processing /opt/airflow/dags/airbnb_postgres_s3.py took 0.301 seconds
[2024-10-06T16:15:53.559+0000] {processor.py:186} INFO - Started process (PID=25609) to work on /opt/airflow/dags/airbnb_postgres_s3.py
[2024-10-06T16:15:53.562+0000] {processor.py:914} INFO - Processing file /opt/airflow/dags/airbnb_postgres_s3.py for tasks to queue
[2024-10-06T16:15:53.566+0000] {logging_mixin.py:190} INFO - [2024-10-06T16:15:53.564+0000] {dagbag.py:587} INFO - Filling up the DagBag from /opt/airflow/dags/airbnb_postgres_s3.py
[2024-10-06T16:15:53.747+0000] {processor.py:925} INFO - DAG(s) 'load_insideairbnb_data' retrieved from /opt/airflow/dags/airbnb_postgres_s3.py
[2024-10-06T16:15:53.760+0000] {logging_mixin.py:190} INFO - [2024-10-06T16:15:53.760+0000] {dag.py:3229} INFO - Sync 1 DAGs
[2024-10-06T16:15:53.780+0000] {logging_mixin.py:190} INFO - [2024-10-06T16:15:53.779+0000] {dag.py:4156} INFO - Setting next_dagrun for load_insideairbnb_data to 2024-10-06 00:00:00+00:00, run_after=2024-10-07 00:00:00+00:00
[2024-10-06T16:15:53.792+0000] {processor.py:208} INFO - Processing /opt/airflow/dags/airbnb_postgres_s3.py took 0.250 seconds
[2024-10-06T16:58:34.376+0000] {processor.py:186} INFO - Started process (PID=25679) to work on /opt/airflow/dags/airbnb_postgres_s3.py
[2024-10-06T16:58:34.379+0000] {processor.py:914} INFO - Processing file /opt/airflow/dags/airbnb_postgres_s3.py for tasks to queue
[2024-10-06T16:58:34.381+0000] {logging_mixin.py:190} INFO - [2024-10-06T16:58:34.380+0000] {dagbag.py:587} INFO - Filling up the DagBag from /opt/airflow/dags/airbnb_postgres_s3.py
[2024-10-06T16:58:34.563+0000] {processor.py:925} INFO - DAG(s) 'load_insideairbnb_data' retrieved from /opt/airflow/dags/airbnb_postgres_s3.py
[2024-10-06T16:58:34.585+0000] {logging_mixin.py:190} INFO - [2024-10-06T16:58:34.585+0000] {dag.py:3229} INFO - Sync 1 DAGs
[2024-10-06T16:58:34.598+0000] {logging_mixin.py:190} INFO - [2024-10-06T16:58:34.598+0000] {dag.py:4156} INFO - Setting next_dagrun for load_insideairbnb_data to 2024-10-06 00:00:00+00:00, run_after=2024-10-07 00:00:00+00:00
[2024-10-06T16:58:34.609+0000] {processor.py:208} INFO - Processing /opt/airflow/dags/airbnb_postgres_s3.py took 0.244 seconds
[2024-10-06T16:59:05.306+0000] {processor.py:186} INFO - Started process (PID=25749) to work on /opt/airflow/dags/airbnb_postgres_s3.py
[2024-10-06T16:59:05.309+0000] {processor.py:914} INFO - Processing file /opt/airflow/dags/airbnb_postgres_s3.py for tasks to queue
[2024-10-06T16:59:05.312+0000] {logging_mixin.py:190} INFO - [2024-10-06T16:59:05.311+0000] {dagbag.py:587} INFO - Filling up the DagBag from /opt/airflow/dags/airbnb_postgres_s3.py
[2024-10-06T16:59:05.505+0000] {processor.py:925} INFO - DAG(s) 'load_insideairbnb_data' retrieved from /opt/airflow/dags/airbnb_postgres_s3.py
[2024-10-06T16:59:05.528+0000] {logging_mixin.py:190} INFO - [2024-10-06T16:59:05.528+0000] {dag.py:3229} INFO - Sync 1 DAGs
[2024-10-06T16:59:05.542+0000] {logging_mixin.py:190} INFO - [2024-10-06T16:59:05.542+0000] {dag.py:4156} INFO - Setting next_dagrun for load_insideairbnb_data to 2024-10-06 00:00:00+00:00, run_after=2024-10-07 00:00:00+00:00
[2024-10-06T16:59:05.553+0000] {processor.py:208} INFO - Processing /opt/airflow/dags/airbnb_postgres_s3.py took 0.279 seconds
[2024-10-06T17:59:31.534+0000] {processor.py:186} INFO - Started process (PID=25818) to work on /opt/airflow/dags/airbnb_postgres_s3.py
[2024-10-06T17:59:31.536+0000] {processor.py:914} INFO - Processing file /opt/airflow/dags/airbnb_postgres_s3.py for tasks to queue
[2024-10-06T17:59:31.539+0000] {logging_mixin.py:190} INFO - [2024-10-06T17:59:31.538+0000] {dagbag.py:587} INFO - Filling up the DagBag from /opt/airflow/dags/airbnb_postgres_s3.py
[2024-10-06T17:59:31.711+0000] {processor.py:925} INFO - DAG(s) 'load_insideairbnb_data' retrieved from /opt/airflow/dags/airbnb_postgres_s3.py
[2024-10-06T17:59:31.735+0000] {logging_mixin.py:190} INFO - [2024-10-06T17:59:31.735+0000] {dag.py:3229} INFO - Sync 1 DAGs
[2024-10-06T17:59:31.748+0000] {logging_mixin.py:190} INFO - [2024-10-06T17:59:31.748+0000] {dag.py:4156} INFO - Setting next_dagrun for load_insideairbnb_data to 2024-10-06 00:00:00+00:00, run_after=2024-10-07 00:00:00+00:00
[2024-10-06T17:59:31.763+0000] {processor.py:208} INFO - Processing /opt/airflow/dags/airbnb_postgres_s3.py took 0.247 seconds
[2024-10-06T18:16:59.335+0000] {processor.py:186} INFO - Started process (PID=25888) to work on /opt/airflow/dags/airbnb_postgres_s3.py
[2024-10-06T18:16:59.337+0000] {processor.py:914} INFO - Processing file /opt/airflow/dags/airbnb_postgres_s3.py for tasks to queue
[2024-10-06T18:16:59.338+0000] {logging_mixin.py:190} INFO - [2024-10-06T18:16:59.338+0000] {dagbag.py:587} INFO - Filling up the DagBag from /opt/airflow/dags/airbnb_postgres_s3.py
[2024-10-06T18:16:59.552+0000] {processor.py:925} INFO - DAG(s) 'load_insideairbnb_data' retrieved from /opt/airflow/dags/airbnb_postgres_s3.py
[2024-10-06T18:16:59.574+0000] {logging_mixin.py:190} INFO - [2024-10-06T18:16:59.574+0000] {dag.py:3229} INFO - Sync 1 DAGs
[2024-10-06T18:16:59.738+0000] {logging_mixin.py:190} INFO - [2024-10-06T18:16:59.738+0000] {dag.py:4156} INFO - Setting next_dagrun for load_insideairbnb_data to 2024-10-06 00:00:00+00:00, run_after=2024-10-07 00:00:00+00:00
[2024-10-06T18:16:59.772+0000] {processor.py:208} INFO - Processing /opt/airflow/dags/airbnb_postgres_s3.py took 0.456 seconds
[2024-10-06T18:49:48.748+0000] {processor.py:186} INFO - Started process (PID=25958) to work on /opt/airflow/dags/airbnb_postgres_s3.py
[2024-10-06T18:49:48.750+0000] {processor.py:914} INFO - Processing file /opt/airflow/dags/airbnb_postgres_s3.py for tasks to queue
[2024-10-06T18:49:48.752+0000] {logging_mixin.py:190} INFO - [2024-10-06T18:49:48.751+0000] {dagbag.py:587} INFO - Filling up the DagBag from /opt/airflow/dags/airbnb_postgres_s3.py
[2024-10-06T18:49:48.921+0000] {processor.py:925} INFO - DAG(s) 'load_insideairbnb_data' retrieved from /opt/airflow/dags/airbnb_postgres_s3.py
[2024-10-06T18:49:48.940+0000] {logging_mixin.py:190} INFO - [2024-10-06T18:49:48.940+0000] {dag.py:3229} INFO - Sync 1 DAGs
[2024-10-06T18:49:48.952+0000] {logging_mixin.py:190} INFO - [2024-10-06T18:49:48.952+0000] {dag.py:4156} INFO - Setting next_dagrun for load_insideairbnb_data to 2024-10-06 00:00:00+00:00, run_after=2024-10-07 00:00:00+00:00
[2024-10-06T18:49:48.962+0000] {processor.py:208} INFO - Processing /opt/airflow/dags/airbnb_postgres_s3.py took 0.224 seconds
[2024-10-06T19:00:32.459+0000] {processor.py:186} INFO - Started process (PID=26028) to work on /opt/airflow/dags/airbnb_postgres_s3.py
[2024-10-06T19:00:32.464+0000] {processor.py:914} INFO - Processing file /opt/airflow/dags/airbnb_postgres_s3.py for tasks to queue
[2024-10-06T19:00:32.466+0000] {logging_mixin.py:190} INFO - [2024-10-06T19:00:32.466+0000] {dagbag.py:587} INFO - Filling up the DagBag from /opt/airflow/dags/airbnb_postgres_s3.py
[2024-10-06T19:00:32.655+0000] {processor.py:925} INFO - DAG(s) 'load_insideairbnb_data' retrieved from /opt/airflow/dags/airbnb_postgres_s3.py
[2024-10-06T19:00:32.671+0000] {logging_mixin.py:190} INFO - [2024-10-06T19:00:32.671+0000] {dag.py:3229} INFO - Sync 1 DAGs
[2024-10-06T19:00:32.686+0000] {logging_mixin.py:190} INFO - [2024-10-06T19:00:32.686+0000] {dag.py:4156} INFO - Setting next_dagrun for load_insideairbnb_data to 2024-10-06 00:00:00+00:00, run_after=2024-10-07 00:00:00+00:00
[2024-10-06T19:00:32.699+0000] {processor.py:208} INFO - Processing /opt/airflow/dags/airbnb_postgres_s3.py took 0.253 seconds
[2024-10-06T19:16:44.196+0000] {processor.py:186} INFO - Started process (PID=26098) to work on /opt/airflow/dags/airbnb_postgres_s3.py
[2024-10-06T19:16:44.200+0000] {processor.py:914} INFO - Processing file /opt/airflow/dags/airbnb_postgres_s3.py for tasks to queue
[2024-10-06T19:16:44.201+0000] {logging_mixin.py:190} INFO - [2024-10-06T19:16:44.201+0000] {dagbag.py:587} INFO - Filling up the DagBag from /opt/airflow/dags/airbnb_postgres_s3.py
[2024-10-06T19:16:44.371+0000] {processor.py:925} INFO - DAG(s) 'load_insideairbnb_data' retrieved from /opt/airflow/dags/airbnb_postgres_s3.py
[2024-10-06T19:16:44.398+0000] {logging_mixin.py:190} INFO - [2024-10-06T19:16:44.398+0000] {dag.py:3229} INFO - Sync 1 DAGs
[2024-10-06T19:16:44.417+0000] {logging_mixin.py:190} INFO - [2024-10-06T19:16:44.417+0000] {dag.py:4156} INFO - Setting next_dagrun for load_insideairbnb_data to 2024-10-06 00:00:00+00:00, run_after=2024-10-07 00:00:00+00:00
[2024-10-06T19:16:44.429+0000] {processor.py:208} INFO - Processing /opt/airflow/dags/airbnb_postgres_s3.py took 0.248 seconds
[2024-10-06T20:01:49.401+0000] {processor.py:186} INFO - Started process (PID=26168) to work on /opt/airflow/dags/airbnb_postgres_s3.py
[2024-10-06T20:01:49.404+0000] {processor.py:914} INFO - Processing file /opt/airflow/dags/airbnb_postgres_s3.py for tasks to queue
[2024-10-06T20:01:49.407+0000] {logging_mixin.py:190} INFO - [2024-10-06T20:01:49.406+0000] {dagbag.py:587} INFO - Filling up the DagBag from /opt/airflow/dags/airbnb_postgres_s3.py
[2024-10-06T20:01:49.625+0000] {processor.py:925} INFO - DAG(s) 'load_insideairbnb_data' retrieved from /opt/airflow/dags/airbnb_postgres_s3.py
[2024-10-06T20:01:49.649+0000] {logging_mixin.py:190} INFO - [2024-10-06T20:01:49.649+0000] {dag.py:3229} INFO - Sync 1 DAGs
[2024-10-06T20:01:49.668+0000] {logging_mixin.py:190} INFO - [2024-10-06T20:01:49.668+0000] {dag.py:4156} INFO - Setting next_dagrun for load_insideairbnb_data to 2024-10-06 00:00:00+00:00, run_after=2024-10-07 00:00:00+00:00
[2024-10-06T20:01:49.679+0000] {processor.py:208} INFO - Processing /opt/airflow/dags/airbnb_postgres_s3.py took 0.292 seconds
[2024-10-06T20:17:58.511+0000] {processor.py:186} INFO - Started process (PID=26238) to work on /opt/airflow/dags/airbnb_postgres_s3.py
[2024-10-06T20:17:58.514+0000] {processor.py:914} INFO - Processing file /opt/airflow/dags/airbnb_postgres_s3.py for tasks to queue
[2024-10-06T20:17:58.516+0000] {logging_mixin.py:190} INFO - [2024-10-06T20:17:58.516+0000] {dagbag.py:587} INFO - Filling up the DagBag from /opt/airflow/dags/airbnb_postgres_s3.py
[2024-10-06T20:17:58.762+0000] {processor.py:925} INFO - DAG(s) 'load_insideairbnb_data' retrieved from /opt/airflow/dags/airbnb_postgres_s3.py
[2024-10-06T20:17:58.781+0000] {logging_mixin.py:190} INFO - [2024-10-06T20:17:58.780+0000] {dag.py:3229} INFO - Sync 1 DAGs
[2024-10-06T20:17:58.806+0000] {logging_mixin.py:190} INFO - [2024-10-06T20:17:58.806+0000] {dag.py:4156} INFO - Setting next_dagrun for load_insideairbnb_data to 2024-10-06 00:00:00+00:00, run_after=2024-10-07 00:00:00+00:00
[2024-10-06T20:17:58.826+0000] {processor.py:208} INFO - Processing /opt/airflow/dags/airbnb_postgres_s3.py took 0.330 seconds
[2024-10-06T20:51:48.138+0000] {processor.py:186} INFO - Started process (PID=26307) to work on /opt/airflow/dags/airbnb_postgres_s3.py
[2024-10-06T20:51:48.143+0000] {processor.py:914} INFO - Processing file /opt/airflow/dags/airbnb_postgres_s3.py for tasks to queue
[2024-10-06T20:51:48.147+0000] {logging_mixin.py:190} INFO - [2024-10-06T20:51:48.146+0000] {dagbag.py:587} INFO - Filling up the DagBag from /opt/airflow/dags/airbnb_postgres_s3.py
[2024-10-06T20:51:48.342+0000] {processor.py:925} INFO - DAG(s) 'load_insideairbnb_data' retrieved from /opt/airflow/dags/airbnb_postgres_s3.py
[2024-10-06T20:51:48.371+0000] {logging_mixin.py:190} INFO - [2024-10-06T20:51:48.371+0000] {dag.py:3229} INFO - Sync 1 DAGs
[2024-10-06T20:51:48.395+0000] {logging_mixin.py:190} INFO - [2024-10-06T20:51:48.395+0000] {dag.py:4156} INFO - Setting next_dagrun for load_insideairbnb_data to 2024-10-06 00:00:00+00:00, run_after=2024-10-07 00:00:00+00:00
[2024-10-06T20:51:48.410+0000] {processor.py:208} INFO - Processing /opt/airflow/dags/airbnb_postgres_s3.py took 0.300 seconds
[2024-10-06T20:52:18.715+0000] {processor.py:186} INFO - Started process (PID=26378) to work on /opt/airflow/dags/airbnb_postgres_s3.py
[2024-10-06T20:52:18.719+0000] {processor.py:914} INFO - Processing file /opt/airflow/dags/airbnb_postgres_s3.py for tasks to queue
[2024-10-06T20:52:18.723+0000] {logging_mixin.py:190} INFO - [2024-10-06T20:52:18.722+0000] {dagbag.py:587} INFO - Filling up the DagBag from /opt/airflow/dags/airbnb_postgres_s3.py
[2024-10-06T20:52:18.944+0000] {processor.py:925} INFO - DAG(s) 'load_insideairbnb_data' retrieved from /opt/airflow/dags/airbnb_postgres_s3.py
[2024-10-06T20:52:18.972+0000] {logging_mixin.py:190} INFO - [2024-10-06T20:52:18.972+0000] {dag.py:3229} INFO - Sync 1 DAGs
[2024-10-06T20:52:19.007+0000] {logging_mixin.py:190} INFO - [2024-10-06T20:52:19.007+0000] {dag.py:4156} INFO - Setting next_dagrun for load_insideairbnb_data to 2024-10-06 00:00:00+00:00, run_after=2024-10-07 00:00:00+00:00
[2024-10-06T20:52:19.223+0000] {processor.py:208} INFO - Processing /opt/airflow/dags/airbnb_postgres_s3.py took 0.525 seconds
[2024-10-06T21:19:18.437+0000] {processor.py:186} INFO - Started process (PID=26448) to work on /opt/airflow/dags/airbnb_postgres_s3.py
[2024-10-06T21:19:18.440+0000] {processor.py:914} INFO - Processing file /opt/airflow/dags/airbnb_postgres_s3.py for tasks to queue
[2024-10-06T21:19:18.708+0000] {logging_mixin.py:190} INFO - [2024-10-06T21:19:18.631+0000] {dagbag.py:587} INFO - Filling up the DagBag from /opt/airflow/dags/airbnb_postgres_s3.py
[2024-10-06T21:19:19.008+0000] {processor.py:925} INFO - DAG(s) 'load_insideairbnb_data' retrieved from /opt/airflow/dags/airbnb_postgres_s3.py
[2024-10-06T21:19:19.031+0000] {logging_mixin.py:190} INFO - [2024-10-06T21:19:19.031+0000] {dag.py:3229} INFO - Sync 1 DAGs
[2024-10-06T21:19:19.056+0000] {logging_mixin.py:190} INFO - [2024-10-06T21:19:19.055+0000] {dag.py:4156} INFO - Setting next_dagrun for load_insideairbnb_data to 2024-10-06 00:00:00+00:00, run_after=2024-10-07 00:00:00+00:00
[2024-10-06T21:19:19.092+0000] {processor.py:208} INFO - Processing /opt/airflow/dags/airbnb_postgres_s3.py took 0.678 seconds
[2024-10-06T21:52:06.978+0000] {processor.py:186} INFO - Started process (PID=26518) to work on /opt/airflow/dags/airbnb_postgres_s3.py
[2024-10-06T21:52:06.980+0000] {processor.py:914} INFO - Processing file /opt/airflow/dags/airbnb_postgres_s3.py for tasks to queue
[2024-10-06T21:52:06.982+0000] {logging_mixin.py:190} INFO - [2024-10-06T21:52:06.981+0000] {dagbag.py:587} INFO - Filling up the DagBag from /opt/airflow/dags/airbnb_postgres_s3.py
[2024-10-06T21:52:07.183+0000] {processor.py:925} INFO - DAG(s) 'load_insideairbnb_data' retrieved from /opt/airflow/dags/airbnb_postgres_s3.py
[2024-10-06T21:52:07.200+0000] {logging_mixin.py:190} INFO - [2024-10-06T21:52:07.199+0000] {dag.py:3229} INFO - Sync 1 DAGs
[2024-10-06T21:52:07.371+0000] {logging_mixin.py:190} INFO - [2024-10-06T21:52:07.370+0000] {dag.py:4156} INFO - Setting next_dagrun for load_insideairbnb_data to 2024-10-06 00:00:00+00:00, run_after=2024-10-07 00:00:00+00:00
[2024-10-06T21:52:07.395+0000] {processor.py:208} INFO - Processing /opt/airflow/dags/airbnb_postgres_s3.py took 0.443 seconds
[2024-10-06T22:53:02.222+0000] {processor.py:186} INFO - Started process (PID=26588) to work on /opt/airflow/dags/airbnb_postgres_s3.py
[2024-10-06T22:53:02.224+0000] {processor.py:914} INFO - Processing file /opt/airflow/dags/airbnb_postgres_s3.py for tasks to queue
[2024-10-06T22:53:02.225+0000] {logging_mixin.py:190} INFO - [2024-10-06T22:53:02.224+0000] {dagbag.py:587} INFO - Filling up the DagBag from /opt/airflow/dags/airbnb_postgres_s3.py
[2024-10-06T22:53:02.384+0000] {processor.py:925} INFO - DAG(s) 'load_insideairbnb_data' retrieved from /opt/airflow/dags/airbnb_postgres_s3.py
[2024-10-06T22:53:02.422+0000] {logging_mixin.py:190} INFO - [2024-10-06T22:53:02.421+0000] {dag.py:3229} INFO - Sync 1 DAGs
[2024-10-06T22:53:02.434+0000] {logging_mixin.py:190} INFO - [2024-10-06T22:53:02.434+0000] {dag.py:4156} INFO - Setting next_dagrun for load_insideairbnb_data to 2024-10-06 00:00:00+00:00, run_after=2024-10-07 00:00:00+00:00
[2024-10-06T22:53:02.446+0000] {processor.py:208} INFO - Processing /opt/airflow/dags/airbnb_postgres_s3.py took 0.250 seconds
[2024-10-06T23:21:09.822+0000] {processor.py:186} INFO - Started process (PID=26658) to work on /opt/airflow/dags/airbnb_postgres_s3.py
[2024-10-06T23:21:09.824+0000] {processor.py:914} INFO - Processing file /opt/airflow/dags/airbnb_postgres_s3.py for tasks to queue
[2024-10-06T23:21:09.827+0000] {logging_mixin.py:190} INFO - [2024-10-06T23:21:09.827+0000] {dagbag.py:587} INFO - Filling up the DagBag from /opt/airflow/dags/airbnb_postgres_s3.py
[2024-10-06T23:21:10.058+0000] {processor.py:925} INFO - DAG(s) 'load_insideairbnb_data' retrieved from /opt/airflow/dags/airbnb_postgres_s3.py
[2024-10-06T23:21:10.079+0000] {logging_mixin.py:190} INFO - [2024-10-06T23:21:10.079+0000] {dag.py:3229} INFO - Sync 1 DAGs
[2024-10-06T23:21:10.101+0000] {logging_mixin.py:190} INFO - [2024-10-06T23:21:10.101+0000] {dag.py:4156} INFO - Setting next_dagrun for load_insideairbnb_data to 2024-10-06 00:00:00+00:00, run_after=2024-10-07 00:00:00+00:00
[2024-10-06T23:21:10.115+0000] {processor.py:208} INFO - Processing /opt/airflow/dags/airbnb_postgres_s3.py took 0.311 seconds
[2024-10-06T23:39:11.207+0000] {processor.py:186} INFO - Started process (PID=26728) to work on /opt/airflow/dags/airbnb_postgres_s3.py
[2024-10-06T23:39:11.209+0000] {processor.py:914} INFO - Processing file /opt/airflow/dags/airbnb_postgres_s3.py for tasks to queue
[2024-10-06T23:39:11.211+0000] {logging_mixin.py:190} INFO - [2024-10-06T23:39:11.211+0000] {dagbag.py:587} INFO - Filling up the DagBag from /opt/airflow/dags/airbnb_postgres_s3.py
[2024-10-06T23:39:11.373+0000] {processor.py:925} INFO - DAG(s) 'load_insideairbnb_data' retrieved from /opt/airflow/dags/airbnb_postgres_s3.py
[2024-10-06T23:39:11.394+0000] {logging_mixin.py:190} INFO - [2024-10-06T23:39:11.394+0000] {dag.py:3229} INFO - Sync 1 DAGs
[2024-10-06T23:39:11.418+0000] {logging_mixin.py:190} INFO - [2024-10-06T23:39:11.418+0000] {dag.py:4156} INFO - Setting next_dagrun for load_insideairbnb_data to 2024-10-06 00:00:00+00:00, run_after=2024-10-07 00:00:00+00:00
[2024-10-06T23:39:11.431+0000] {processor.py:208} INFO - Processing /opt/airflow/dags/airbnb_postgres_s3.py took 0.243 seconds
