[2024-10-06T00:50:46.307+0000] {processor.py:186} INFO - Started process (PID=24075) to work on /opt/airflow/dags/wiki_project.py
[2024-10-06T00:50:46.308+0000] {processor.py:914} INFO - Processing file /opt/airflow/dags/wiki_project.py for tasks to queue
[2024-10-06T00:50:46.309+0000] {logging_mixin.py:190} INFO - [2024-10-06T00:50:46.308+0000] {dagbag.py:587} INFO - Filling up the DagBag from /opt/airflow/dags/wiki_project.py
[2024-10-06T00:50:46.319+0000] {processor.py:925} INFO - DAG(s) 'wiki_project' retrieved from /opt/airflow/dags/wiki_project.py
[2024-10-06T00:50:46.391+0000] {logging_mixin.py:190} INFO - [2024-10-06T00:50:46.391+0000] {dag.py:3229} INFO - Sync 1 DAGs
[2024-10-06T00:50:46.416+0000] {logging_mixin.py:190} INFO - [2024-10-06T00:50:46.415+0000] {dag.py:4156} INFO - Setting next_dagrun for wiki_project to 2024-10-03 00:00:00+00:00, run_after=2024-10-03 01:00:00+00:00
[2024-10-06T00:50:46.437+0000] {processor.py:208} INFO - Processing /opt/airflow/dags/wiki_project.py took 0.133 seconds
[2024-10-06T00:51:17.151+0000] {processor.py:186} INFO - Started process (PID=24145) to work on /opt/airflow/dags/wiki_project.py
[2024-10-06T00:51:17.152+0000] {processor.py:914} INFO - Processing file /opt/airflow/dags/wiki_project.py for tasks to queue
[2024-10-06T00:51:17.153+0000] {logging_mixin.py:190} INFO - [2024-10-06T00:51:17.153+0000] {dagbag.py:587} INFO - Filling up the DagBag from /opt/airflow/dags/wiki_project.py
[2024-10-06T00:51:17.165+0000] {processor.py:925} INFO - DAG(s) 'wiki_project' retrieved from /opt/airflow/dags/wiki_project.py
[2024-10-06T00:51:17.175+0000] {logging_mixin.py:190} INFO - [2024-10-06T00:51:17.175+0000] {dag.py:3229} INFO - Sync 1 DAGs
[2024-10-06T00:51:17.188+0000] {logging_mixin.py:190} INFO - [2024-10-06T00:51:17.188+0000] {dag.py:4156} INFO - Setting next_dagrun for wiki_project to 2024-10-03 00:00:00+00:00, run_after=2024-10-03 01:00:00+00:00
[2024-10-06T00:51:17.215+0000] {processor.py:208} INFO - Processing /opt/airflow/dags/wiki_project.py took 0.068 seconds
[2024-10-06T01:51:41.280+0000] {processor.py:186} INFO - Started process (PID=24214) to work on /opt/airflow/dags/wiki_project.py
[2024-10-06T01:51:41.281+0000] {processor.py:914} INFO - Processing file /opt/airflow/dags/wiki_project.py for tasks to queue
[2024-10-06T01:51:41.282+0000] {logging_mixin.py:190} INFO - [2024-10-06T01:51:41.281+0000] {dagbag.py:587} INFO - Filling up the DagBag from /opt/airflow/dags/wiki_project.py
[2024-10-06T01:51:41.295+0000] {processor.py:925} INFO - DAG(s) 'wiki_project' retrieved from /opt/airflow/dags/wiki_project.py
[2024-10-06T01:51:41.310+0000] {logging_mixin.py:190} INFO - [2024-10-06T01:51:41.310+0000] {dag.py:3229} INFO - Sync 1 DAGs
[2024-10-06T01:51:41.327+0000] {logging_mixin.py:190} INFO - [2024-10-06T01:51:41.327+0000] {dag.py:4156} INFO - Setting next_dagrun for wiki_project to 2024-10-03 00:00:00+00:00, run_after=2024-10-03 01:00:00+00:00
[2024-10-06T01:51:41.338+0000] {processor.py:208} INFO - Processing /opt/airflow/dags/wiki_project.py took 0.064 seconds
[2024-10-06T02:42:31.283+0000] {processor.py:186} INFO - Started process (PID=24283) to work on /opt/airflow/dags/wiki_project.py
[2024-10-06T02:42:31.283+0000] {processor.py:914} INFO - Processing file /opt/airflow/dags/wiki_project.py for tasks to queue
[2024-10-06T02:42:31.284+0000] {logging_mixin.py:190} INFO - [2024-10-06T02:42:31.284+0000] {dagbag.py:587} INFO - Filling up the DagBag from /opt/airflow/dags/wiki_project.py
[2024-10-06T02:42:31.293+0000] {processor.py:925} INFO - DAG(s) 'wiki_project' retrieved from /opt/airflow/dags/wiki_project.py
[2024-10-06T02:42:31.305+0000] {logging_mixin.py:190} INFO - [2024-10-06T02:42:31.304+0000] {dag.py:3229} INFO - Sync 1 DAGs
[2024-10-06T02:42:31.317+0000] {logging_mixin.py:190} INFO - [2024-10-06T02:42:31.317+0000] {dag.py:4156} INFO - Setting next_dagrun for wiki_project to 2024-10-03 00:00:00+00:00, run_after=2024-10-03 01:00:00+00:00
[2024-10-06T02:42:31.328+0000] {processor.py:208} INFO - Processing /opt/airflow/dags/wiki_project.py took 0.049 seconds
[2024-10-06T03:10:35.061+0000] {processor.py:186} INFO - Started process (PID=24353) to work on /opt/airflow/dags/wiki_project.py
[2024-10-06T03:10:35.062+0000] {processor.py:914} INFO - Processing file /opt/airflow/dags/wiki_project.py for tasks to queue
[2024-10-06T03:10:35.063+0000] {logging_mixin.py:190} INFO - [2024-10-06T03:10:35.063+0000] {dagbag.py:587} INFO - Filling up the DagBag from /opt/airflow/dags/wiki_project.py
[2024-10-06T03:10:35.074+0000] {processor.py:925} INFO - DAG(s) 'wiki_project' retrieved from /opt/airflow/dags/wiki_project.py
[2024-10-06T03:10:35.103+0000] {logging_mixin.py:190} INFO - [2024-10-06T03:10:35.103+0000] {dag.py:3229} INFO - Sync 1 DAGs
[2024-10-06T03:10:35.119+0000] {logging_mixin.py:190} INFO - [2024-10-06T03:10:35.119+0000] {dag.py:4156} INFO - Setting next_dagrun for wiki_project to 2024-10-03 00:00:00+00:00, run_after=2024-10-03 01:00:00+00:00
[2024-10-06T03:10:35.127+0000] {processor.py:208} INFO - Processing /opt/airflow/dags/wiki_project.py took 0.070 seconds
[2024-10-06T03:53:51.948+0000] {processor.py:186} INFO - Started process (PID=24423) to work on /opt/airflow/dags/wiki_project.py
[2024-10-06T03:53:51.949+0000] {processor.py:914} INFO - Processing file /opt/airflow/dags/wiki_project.py for tasks to queue
[2024-10-06T03:53:51.951+0000] {logging_mixin.py:190} INFO - [2024-10-06T03:53:51.950+0000] {dagbag.py:587} INFO - Filling up the DagBag from /opt/airflow/dags/wiki_project.py
[2024-10-06T03:53:51.968+0000] {processor.py:925} INFO - DAG(s) 'wiki_project' retrieved from /opt/airflow/dags/wiki_project.py
[2024-10-06T03:53:51.986+0000] {logging_mixin.py:190} INFO - [2024-10-06T03:53:51.986+0000] {dag.py:3229} INFO - Sync 1 DAGs
[2024-10-06T03:53:52.000+0000] {logging_mixin.py:190} INFO - [2024-10-06T03:53:52.000+0000] {dag.py:4156} INFO - Setting next_dagrun for wiki_project to 2024-10-03 00:00:00+00:00, run_after=2024-10-03 01:00:00+00:00
[2024-10-06T03:53:52.012+0000] {processor.py:208} INFO - Processing /opt/airflow/dags/wiki_project.py took 0.069 seconds
[2024-10-06T04:44:14.872+0000] {processor.py:186} INFO - Started process (PID=24493) to work on /opt/airflow/dags/wiki_project.py
[2024-10-06T04:44:14.874+0000] {processor.py:914} INFO - Processing file /opt/airflow/dags/wiki_project.py for tasks to queue
[2024-10-06T04:44:14.875+0000] {logging_mixin.py:190} INFO - [2024-10-06T04:44:14.875+0000] {dagbag.py:587} INFO - Filling up the DagBag from /opt/airflow/dags/wiki_project.py
[2024-10-06T04:44:14.884+0000] {processor.py:925} INFO - DAG(s) 'wiki_project' retrieved from /opt/airflow/dags/wiki_project.py
[2024-10-06T04:44:14.900+0000] {logging_mixin.py:190} INFO - [2024-10-06T04:44:14.900+0000] {dag.py:3229} INFO - Sync 1 DAGs
[2024-10-06T04:44:14.914+0000] {logging_mixin.py:190} INFO - [2024-10-06T04:44:14.914+0000] {dag.py:4156} INFO - Setting next_dagrun for wiki_project to 2024-10-03 00:00:00+00:00, run_after=2024-10-03 01:00:00+00:00
[2024-10-06T04:44:14.925+0000] {processor.py:208} INFO - Processing /opt/airflow/dags/wiki_project.py took 0.057 seconds
[2024-10-06T05:45:09.775+0000] {processor.py:186} INFO - Started process (PID=24563) to work on /opt/airflow/dags/wiki_project.py
[2024-10-06T05:45:09.777+0000] {processor.py:914} INFO - Processing file /opt/airflow/dags/wiki_project.py for tasks to queue
[2024-10-06T05:45:09.779+0000] {logging_mixin.py:190} INFO - [2024-10-06T05:45:09.779+0000] {dagbag.py:587} INFO - Filling up the DagBag from /opt/airflow/dags/wiki_project.py
[2024-10-06T05:45:09.790+0000] {processor.py:925} INFO - DAG(s) 'wiki_project' retrieved from /opt/airflow/dags/wiki_project.py
[2024-10-06T05:45:09.804+0000] {logging_mixin.py:190} INFO - [2024-10-06T05:45:09.803+0000] {dag.py:3229} INFO - Sync 1 DAGs
[2024-10-06T05:45:09.832+0000] {logging_mixin.py:190} INFO - [2024-10-06T05:45:09.831+0000] {dag.py:4156} INFO - Setting next_dagrun for wiki_project to 2024-10-03 00:00:00+00:00, run_after=2024-10-03 01:00:00+00:00
[2024-10-06T05:45:09.868+0000] {processor.py:208} INFO - Processing /opt/airflow/dags/wiki_project.py took 0.100 seconds
[2024-10-06T06:27:10.420+0000] {processor.py:186} INFO - Started process (PID=24633) to work on /opt/airflow/dags/wiki_project.py
[2024-10-06T06:27:10.423+0000] {processor.py:914} INFO - Processing file /opt/airflow/dags/wiki_project.py for tasks to queue
[2024-10-06T06:27:10.424+0000] {logging_mixin.py:190} INFO - [2024-10-06T06:27:10.424+0000] {dagbag.py:587} INFO - Filling up the DagBag from /opt/airflow/dags/wiki_project.py
[2024-10-06T06:27:10.437+0000] {processor.py:925} INFO - DAG(s) 'wiki_project' retrieved from /opt/airflow/dags/wiki_project.py
[2024-10-06T06:27:10.459+0000] {logging_mixin.py:190} INFO - [2024-10-06T06:27:10.458+0000] {dag.py:3229} INFO - Sync 1 DAGs
[2024-10-06T06:27:10.471+0000] {logging_mixin.py:190} INFO - [2024-10-06T06:27:10.471+0000] {dag.py:4156} INFO - Setting next_dagrun for wiki_project to 2024-10-03 00:00:00+00:00, run_after=2024-10-03 01:00:00+00:00
[2024-10-06T06:27:10.481+0000] {processor.py:208} INFO - Processing /opt/airflow/dags/wiki_project.py took 0.067 seconds
[2024-10-06T06:56:39.095+0000] {processor.py:186} INFO - Started process (PID=24703) to work on /opt/airflow/dags/wiki_project.py
[2024-10-06T06:56:39.097+0000] {processor.py:914} INFO - Processing file /opt/airflow/dags/wiki_project.py for tasks to queue
[2024-10-06T06:56:39.098+0000] {logging_mixin.py:190} INFO - [2024-10-06T06:56:39.097+0000] {dagbag.py:587} INFO - Filling up the DagBag from /opt/airflow/dags/wiki_project.py
[2024-10-06T06:56:39.116+0000] {processor.py:925} INFO - DAG(s) 'wiki_project' retrieved from /opt/airflow/dags/wiki_project.py
[2024-10-06T06:56:39.128+0000] {logging_mixin.py:190} INFO - [2024-10-06T06:56:39.128+0000] {dag.py:3229} INFO - Sync 1 DAGs
[2024-10-06T06:56:39.142+0000] {logging_mixin.py:190} INFO - [2024-10-06T06:56:39.142+0000] {dag.py:4156} INFO - Setting next_dagrun for wiki_project to 2024-10-03 00:00:00+00:00, run_after=2024-10-03 01:00:00+00:00
[2024-10-06T06:56:39.154+0000] {processor.py:208} INFO - Processing /opt/airflow/dags/wiki_project.py took 0.063 seconds
[2024-10-06T07:29:02.495+0000] {processor.py:186} INFO - Started process (PID=24773) to work on /opt/airflow/dags/wiki_project.py
[2024-10-06T07:29:02.496+0000] {processor.py:914} INFO - Processing file /opt/airflow/dags/wiki_project.py for tasks to queue
[2024-10-06T07:29:02.497+0000] {logging_mixin.py:190} INFO - [2024-10-06T07:29:02.497+0000] {dagbag.py:587} INFO - Filling up the DagBag from /opt/airflow/dags/wiki_project.py
[2024-10-06T07:29:02.509+0000] {processor.py:925} INFO - DAG(s) 'wiki_project' retrieved from /opt/airflow/dags/wiki_project.py
[2024-10-06T07:29:02.522+0000] {logging_mixin.py:190} INFO - [2024-10-06T07:29:02.522+0000] {dag.py:3229} INFO - Sync 1 DAGs
[2024-10-06T07:29:02.537+0000] {logging_mixin.py:190} INFO - [2024-10-06T07:29:02.537+0000] {dag.py:4156} INFO - Setting next_dagrun for wiki_project to 2024-10-03 00:00:00+00:00, run_after=2024-10-03 01:00:00+00:00
[2024-10-06T07:29:02.544+0000] {processor.py:208} INFO - Processing /opt/airflow/dags/wiki_project.py took 0.054 seconds
[2024-10-06T07:57:56.918+0000] {processor.py:186} INFO - Started process (PID=24843) to work on /opt/airflow/dags/wiki_project.py
[2024-10-06T07:57:56.919+0000] {processor.py:914} INFO - Processing file /opt/airflow/dags/wiki_project.py for tasks to queue
[2024-10-06T07:57:56.920+0000] {logging_mixin.py:190} INFO - [2024-10-06T07:57:56.920+0000] {dagbag.py:587} INFO - Filling up the DagBag from /opt/airflow/dags/wiki_project.py
[2024-10-06T07:57:56.930+0000] {processor.py:925} INFO - DAG(s) 'wiki_project' retrieved from /opt/airflow/dags/wiki_project.py
[2024-10-06T07:57:56.943+0000] {logging_mixin.py:190} INFO - [2024-10-06T07:57:56.943+0000] {dag.py:3229} INFO - Sync 1 DAGs
[2024-10-06T07:57:56.955+0000] {logging_mixin.py:190} INFO - [2024-10-06T07:57:56.955+0000] {dag.py:4156} INFO - Setting next_dagrun for wiki_project to 2024-10-03 00:00:00+00:00, run_after=2024-10-03 01:00:00+00:00
[2024-10-06T07:57:56.965+0000] {processor.py:208} INFO - Processing /opt/airflow/dags/wiki_project.py took 0.054 seconds
[2024-10-06T08:02:58.802+0000] {processor.py:186} INFO - Started process (PID=24913) to work on /opt/airflow/dags/wiki_project.py
[2024-10-06T08:02:58.807+0000] {processor.py:914} INFO - Processing file /opt/airflow/dags/wiki_project.py for tasks to queue
[2024-10-06T08:02:58.807+0000] {logging_mixin.py:190} INFO - [2024-10-06T08:02:58.807+0000] {dagbag.py:587} INFO - Filling up the DagBag from /opt/airflow/dags/wiki_project.py
[2024-10-06T08:02:58.822+0000] {processor.py:925} INFO - DAG(s) 'wiki_project' retrieved from /opt/airflow/dags/wiki_project.py
[2024-10-06T08:02:58.843+0000] {logging_mixin.py:190} INFO - [2024-10-06T08:02:58.843+0000] {dag.py:3229} INFO - Sync 1 DAGs
[2024-10-06T08:02:58.856+0000] {logging_mixin.py:190} INFO - [2024-10-06T08:02:58.856+0000] {dag.py:4156} INFO - Setting next_dagrun for wiki_project to 2024-10-03 00:00:00+00:00, run_after=2024-10-03 01:00:00+00:00
[2024-10-06T08:02:58.866+0000] {processor.py:208} INFO - Processing /opt/airflow/dags/wiki_project.py took 0.071 seconds
[2024-10-06T08:03:29.640+0000] {processor.py:186} INFO - Started process (PID=24983) to work on /opt/airflow/dags/wiki_project.py
[2024-10-06T08:03:29.642+0000] {processor.py:914} INFO - Processing file /opt/airflow/dags/wiki_project.py for tasks to queue
[2024-10-06T08:03:29.643+0000] {logging_mixin.py:190} INFO - [2024-10-06T08:03:29.643+0000] {dagbag.py:587} INFO - Filling up the DagBag from /opt/airflow/dags/wiki_project.py
[2024-10-06T08:03:29.659+0000] {processor.py:925} INFO - DAG(s) 'wiki_project' retrieved from /opt/airflow/dags/wiki_project.py
[2024-10-06T08:03:29.673+0000] {logging_mixin.py:190} INFO - [2024-10-06T08:03:29.672+0000] {dag.py:3229} INFO - Sync 1 DAGs
[2024-10-06T08:03:29.684+0000] {logging_mixin.py:190} INFO - [2024-10-06T08:03:29.684+0000] {dag.py:4156} INFO - Setting next_dagrun for wiki_project to 2024-10-03 00:00:00+00:00, run_after=2024-10-03 01:00:00+00:00
[2024-10-06T08:03:29.695+0000] {processor.py:208} INFO - Processing /opt/airflow/dags/wiki_project.py took 0.063 seconds
[2024-10-06T09:43:47.741+0000] {processor.py:186} INFO - Started process (PID=25053) to work on /opt/airflow/dags/wiki_project.py
[2024-10-06T09:43:47.743+0000] {processor.py:914} INFO - Processing file /opt/airflow/dags/wiki_project.py for tasks to queue
[2024-10-06T09:43:47.744+0000] {logging_mixin.py:190} INFO - [2024-10-06T09:43:47.744+0000] {dagbag.py:587} INFO - Filling up the DagBag from /opt/airflow/dags/wiki_project.py
[2024-10-06T09:43:47.756+0000] {processor.py:925} INFO - DAG(s) 'wiki_project' retrieved from /opt/airflow/dags/wiki_project.py
[2024-10-06T09:43:47.771+0000] {logging_mixin.py:190} INFO - [2024-10-06T09:43:47.770+0000] {dag.py:3229} INFO - Sync 1 DAGs
[2024-10-06T09:43:47.782+0000] {logging_mixin.py:190} INFO - [2024-10-06T09:43:47.782+0000] {dag.py:4156} INFO - Setting next_dagrun for wiki_project to 2024-10-03 00:00:00+00:00, run_after=2024-10-03 01:00:00+00:00
[2024-10-06T09:43:47.798+0000] {processor.py:208} INFO - Processing /opt/airflow/dags/wiki_project.py took 0.061 seconds
[2024-10-06T10:16:41.256+0000] {processor.py:186} INFO - Started process (PID=25122) to work on /opt/airflow/dags/wiki_project.py
[2024-10-06T10:16:41.262+0000] {processor.py:914} INFO - Processing file /opt/airflow/dags/wiki_project.py for tasks to queue
[2024-10-06T10:16:41.263+0000] {logging_mixin.py:190} INFO - [2024-10-06T10:16:41.263+0000] {dagbag.py:587} INFO - Filling up the DagBag from /opt/airflow/dags/wiki_project.py
[2024-10-06T10:16:41.278+0000] {processor.py:925} INFO - DAG(s) 'wiki_project' retrieved from /opt/airflow/dags/wiki_project.py
[2024-10-06T10:16:41.289+0000] {logging_mixin.py:190} INFO - [2024-10-06T10:16:41.289+0000] {dag.py:3229} INFO - Sync 1 DAGs
[2024-10-06T10:16:41.302+0000] {logging_mixin.py:190} INFO - [2024-10-06T10:16:41.302+0000] {dag.py:4156} INFO - Setting next_dagrun for wiki_project to 2024-10-03 00:00:00+00:00, run_after=2024-10-03 01:00:00+00:00
[2024-10-06T10:16:41.311+0000] {processor.py:208} INFO - Processing /opt/airflow/dags/wiki_project.py took 0.062 seconds
[2024-10-06T11:20:54.326+0000] {processor.py:186} INFO - Started process (PID=25192) to work on /opt/airflow/dags/wiki_project.py
[2024-10-06T11:20:54.330+0000] {processor.py:914} INFO - Processing file /opt/airflow/dags/wiki_project.py for tasks to queue
[2024-10-06T11:20:54.330+0000] {logging_mixin.py:190} INFO - [2024-10-06T11:20:54.330+0000] {dagbag.py:587} INFO - Filling up the DagBag from /opt/airflow/dags/wiki_project.py
[2024-10-06T11:20:54.344+0000] {processor.py:925} INFO - DAG(s) 'wiki_project' retrieved from /opt/airflow/dags/wiki_project.py
[2024-10-06T11:20:54.355+0000] {logging_mixin.py:190} INFO - [2024-10-06T11:20:54.355+0000] {dag.py:3229} INFO - Sync 1 DAGs
[2024-10-06T11:20:54.368+0000] {logging_mixin.py:190} INFO - [2024-10-06T11:20:54.368+0000] {dag.py:4156} INFO - Setting next_dagrun for wiki_project to 2024-10-03 00:00:00+00:00, run_after=2024-10-03 01:00:00+00:00
[2024-10-06T11:20:54.381+0000] {processor.py:208} INFO - Processing /opt/airflow/dags/wiki_project.py took 0.059 seconds
[2024-10-06T13:00:03.756+0000] {processor.py:186} INFO - Started process (PID=25262) to work on /opt/airflow/dags/wiki_project.py
[2024-10-06T13:00:03.757+0000] {processor.py:914} INFO - Processing file /opt/airflow/dags/wiki_project.py for tasks to queue
[2024-10-06T13:00:03.757+0000] {logging_mixin.py:190} INFO - [2024-10-06T13:00:03.757+0000] {dagbag.py:587} INFO - Filling up the DagBag from /opt/airflow/dags/wiki_project.py
[2024-10-06T13:00:03.786+0000] {processor.py:925} INFO - DAG(s) 'wiki_project' retrieved from /opt/airflow/dags/wiki_project.py
[2024-10-06T13:00:03.803+0000] {logging_mixin.py:190} INFO - [2024-10-06T13:00:03.803+0000] {dag.py:3229} INFO - Sync 1 DAGs
[2024-10-06T13:00:03.818+0000] {logging_mixin.py:190} INFO - [2024-10-06T13:00:03.818+0000] {dag.py:4156} INFO - Setting next_dagrun for wiki_project to 2024-10-03 00:00:00+00:00, run_after=2024-10-03 01:00:00+00:00
[2024-10-06T13:00:03.827+0000] {processor.py:208} INFO - Processing /opt/airflow/dags/wiki_project.py took 0.077 seconds
[2024-10-06T13:48:15.223+0000] {processor.py:186} INFO - Started process (PID=25332) to work on /opt/airflow/dags/wiki_project.py
[2024-10-06T13:48:15.226+0000] {processor.py:914} INFO - Processing file /opt/airflow/dags/wiki_project.py for tasks to queue
[2024-10-06T13:48:15.227+0000] {logging_mixin.py:190} INFO - [2024-10-06T13:48:15.227+0000] {dagbag.py:587} INFO - Filling up the DagBag from /opt/airflow/dags/wiki_project.py
[2024-10-06T13:48:15.239+0000] {processor.py:925} INFO - DAG(s) 'wiki_project' retrieved from /opt/airflow/dags/wiki_project.py
[2024-10-06T13:48:15.253+0000] {logging_mixin.py:190} INFO - [2024-10-06T13:48:15.253+0000] {dag.py:3229} INFO - Sync 1 DAGs
[2024-10-06T13:48:15.270+0000] {logging_mixin.py:190} INFO - [2024-10-06T13:48:15.269+0000] {dag.py:4156} INFO - Setting next_dagrun for wiki_project to 2024-10-03 00:00:00+00:00, run_after=2024-10-03 01:00:00+00:00
[2024-10-06T13:48:15.281+0000] {processor.py:208} INFO - Processing /opt/airflow/dags/wiki_project.py took 0.069 seconds
[2024-10-06T13:55:49.405+0000] {processor.py:186} INFO - Started process (PID=25402) to work on /opt/airflow/dags/wiki_project.py
[2024-10-06T13:55:49.406+0000] {processor.py:914} INFO - Processing file /opt/airflow/dags/wiki_project.py for tasks to queue
[2024-10-06T13:55:49.407+0000] {logging_mixin.py:190} INFO - [2024-10-06T13:55:49.407+0000] {dagbag.py:587} INFO - Filling up the DagBag from /opt/airflow/dags/wiki_project.py
[2024-10-06T13:55:49.417+0000] {processor.py:925} INFO - DAG(s) 'wiki_project' retrieved from /opt/airflow/dags/wiki_project.py
[2024-10-06T13:55:49.431+0000] {logging_mixin.py:190} INFO - [2024-10-06T13:55:49.431+0000] {dag.py:3229} INFO - Sync 1 DAGs
[2024-10-06T13:55:49.462+0000] {logging_mixin.py:190} INFO - [2024-10-06T13:55:49.462+0000] {dag.py:4156} INFO - Setting next_dagrun for wiki_project to 2024-10-03 00:00:00+00:00, run_after=2024-10-03 01:00:00+00:00
[2024-10-06T13:55:49.478+0000] {processor.py:208} INFO - Processing /opt/airflow/dags/wiki_project.py took 0.080 seconds
[2024-10-06T14:56:48.385+0000] {processor.py:186} INFO - Started process (PID=25472) to work on /opt/airflow/dags/wiki_project.py
[2024-10-06T14:56:48.386+0000] {processor.py:914} INFO - Processing file /opt/airflow/dags/wiki_project.py for tasks to queue
[2024-10-06T14:56:48.387+0000] {logging_mixin.py:190} INFO - [2024-10-06T14:56:48.387+0000] {dagbag.py:587} INFO - Filling up the DagBag from /opt/airflow/dags/wiki_project.py
[2024-10-06T14:56:48.398+0000] {processor.py:925} INFO - DAG(s) 'wiki_project' retrieved from /opt/airflow/dags/wiki_project.py
[2024-10-06T14:56:48.411+0000] {logging_mixin.py:190} INFO - [2024-10-06T14:56:48.411+0000] {dag.py:3229} INFO - Sync 1 DAGs
[2024-10-06T14:56:48.422+0000] {logging_mixin.py:190} INFO - [2024-10-06T14:56:48.422+0000] {dag.py:4156} INFO - Setting next_dagrun for wiki_project to 2024-10-03 00:00:00+00:00, run_after=2024-10-03 01:00:00+00:00
[2024-10-06T14:56:48.432+0000] {processor.py:208} INFO - Processing /opt/airflow/dags/wiki_project.py took 0.051 seconds
[2024-10-06T15:41:27.140+0000] {processor.py:186} INFO - Started process (PID=25542) to work on /opt/airflow/dags/wiki_project.py
[2024-10-06T15:41:27.144+0000] {processor.py:914} INFO - Processing file /opt/airflow/dags/wiki_project.py for tasks to queue
[2024-10-06T15:41:27.147+0000] {logging_mixin.py:190} INFO - [2024-10-06T15:41:27.146+0000] {dagbag.py:587} INFO - Filling up the DagBag from /opt/airflow/dags/wiki_project.py
[2024-10-06T15:41:27.166+0000] {processor.py:925} INFO - DAG(s) 'wiki_project' retrieved from /opt/airflow/dags/wiki_project.py
[2024-10-06T15:41:27.189+0000] {logging_mixin.py:190} INFO - [2024-10-06T15:41:27.189+0000] {dag.py:3229} INFO - Sync 1 DAGs
[2024-10-06T15:41:27.248+0000] {logging_mixin.py:190} INFO - [2024-10-06T15:41:27.248+0000] {dag.py:4156} INFO - Setting next_dagrun for wiki_project to 2024-10-03 00:00:00+00:00, run_after=2024-10-03 01:00:00+00:00
[2024-10-06T15:41:27.260+0000] {processor.py:208} INFO - Processing /opt/airflow/dags/wiki_project.py took 0.129 seconds
[2024-10-06T16:15:53.774+0000] {processor.py:186} INFO - Started process (PID=25612) to work on /opt/airflow/dags/wiki_project.py
[2024-10-06T16:15:53.776+0000] {processor.py:914} INFO - Processing file /opt/airflow/dags/wiki_project.py for tasks to queue
[2024-10-06T16:15:53.777+0000] {logging_mixin.py:190} INFO - [2024-10-06T16:15:53.776+0000] {dagbag.py:587} INFO - Filling up the DagBag from /opt/airflow/dags/wiki_project.py
[2024-10-06T16:15:53.813+0000] {processor.py:925} INFO - DAG(s) 'wiki_project' retrieved from /opt/airflow/dags/wiki_project.py
[2024-10-06T16:15:53.827+0000] {logging_mixin.py:190} INFO - [2024-10-06T16:15:53.827+0000] {dag.py:3229} INFO - Sync 1 DAGs
[2024-10-06T16:15:53.840+0000] {logging_mixin.py:190} INFO - [2024-10-06T16:15:53.840+0000] {dag.py:4156} INFO - Setting next_dagrun for wiki_project to 2024-10-03 00:00:00+00:00, run_after=2024-10-03 01:00:00+00:00
[2024-10-06T16:15:53.853+0000] {processor.py:208} INFO - Processing /opt/airflow/dags/wiki_project.py took 0.086 seconds
[2024-10-06T16:58:34.599+0000] {processor.py:186} INFO - Started process (PID=25682) to work on /opt/airflow/dags/wiki_project.py
[2024-10-06T16:58:34.601+0000] {processor.py:914} INFO - Processing file /opt/airflow/dags/wiki_project.py for tasks to queue
[2024-10-06T16:58:34.602+0000] {logging_mixin.py:190} INFO - [2024-10-06T16:58:34.602+0000] {dagbag.py:587} INFO - Filling up the DagBag from /opt/airflow/dags/wiki_project.py
[2024-10-06T16:58:34.614+0000] {processor.py:925} INFO - DAG(s) 'wiki_project' retrieved from /opt/airflow/dags/wiki_project.py
[2024-10-06T16:58:34.627+0000] {logging_mixin.py:190} INFO - [2024-10-06T16:58:34.627+0000] {dag.py:3229} INFO - Sync 1 DAGs
[2024-10-06T16:58:34.641+0000] {logging_mixin.py:190} INFO - [2024-10-06T16:58:34.641+0000] {dag.py:4156} INFO - Setting next_dagrun for wiki_project to 2024-10-03 00:00:00+00:00, run_after=2024-10-03 01:00:00+00:00
[2024-10-06T16:58:34.664+0000] {processor.py:208} INFO - Processing /opt/airflow/dags/wiki_project.py took 0.068 seconds
[2024-10-06T16:59:05.562+0000] {processor.py:186} INFO - Started process (PID=25752) to work on /opt/airflow/dags/wiki_project.py
[2024-10-06T16:59:05.564+0000] {processor.py:914} INFO - Processing file /opt/airflow/dags/wiki_project.py for tasks to queue
[2024-10-06T16:59:05.567+0000] {logging_mixin.py:190} INFO - [2024-10-06T16:59:05.567+0000] {dagbag.py:587} INFO - Filling up the DagBag from /opt/airflow/dags/wiki_project.py
[2024-10-06T16:59:05.577+0000] {processor.py:925} INFO - DAG(s) 'wiki_project' retrieved from /opt/airflow/dags/wiki_project.py
[2024-10-06T16:59:05.592+0000] {logging_mixin.py:190} INFO - [2024-10-06T16:59:05.591+0000] {dag.py:3229} INFO - Sync 1 DAGs
[2024-10-06T16:59:05.612+0000] {logging_mixin.py:190} INFO - [2024-10-06T16:59:05.612+0000] {dag.py:4156} INFO - Setting next_dagrun for wiki_project to 2024-10-03 00:00:00+00:00, run_after=2024-10-03 01:00:00+00:00
[2024-10-06T16:59:05.626+0000] {processor.py:208} INFO - Processing /opt/airflow/dags/wiki_project.py took 0.076 seconds
[2024-10-06T17:59:31.760+0000] {processor.py:186} INFO - Started process (PID=25821) to work on /opt/airflow/dags/wiki_project.py
[2024-10-06T17:59:31.761+0000] {processor.py:914} INFO - Processing file /opt/airflow/dags/wiki_project.py for tasks to queue
[2024-10-06T17:59:31.763+0000] {logging_mixin.py:190} INFO - [2024-10-06T17:59:31.762+0000] {dagbag.py:587} INFO - Filling up the DagBag from /opt/airflow/dags/wiki_project.py
[2024-10-06T17:59:31.774+0000] {processor.py:925} INFO - DAG(s) 'wiki_project' retrieved from /opt/airflow/dags/wiki_project.py
[2024-10-06T17:59:31.787+0000] {logging_mixin.py:190} INFO - [2024-10-06T17:59:31.787+0000] {dag.py:3229} INFO - Sync 1 DAGs
[2024-10-06T17:59:31.800+0000] {logging_mixin.py:190} INFO - [2024-10-06T17:59:31.800+0000] {dag.py:4156} INFO - Setting next_dagrun for wiki_project to 2024-10-03 00:00:00+00:00, run_after=2024-10-03 01:00:00+00:00
[2024-10-06T17:59:31.812+0000] {processor.py:208} INFO - Processing /opt/airflow/dags/wiki_project.py took 0.060 seconds
[2024-10-06T18:16:59.744+0000] {processor.py:186} INFO - Started process (PID=25891) to work on /opt/airflow/dags/wiki_project.py
[2024-10-06T18:16:59.750+0000] {processor.py:914} INFO - Processing file /opt/airflow/dags/wiki_project.py for tasks to queue
[2024-10-06T18:16:59.753+0000] {logging_mixin.py:190} INFO - [2024-10-06T18:16:59.753+0000] {dagbag.py:587} INFO - Filling up the DagBag from /opt/airflow/dags/wiki_project.py
[2024-10-06T18:16:59.809+0000] {processor.py:925} INFO - DAG(s) 'wiki_project' retrieved from /opt/airflow/dags/wiki_project.py
[2024-10-06T18:16:59.864+0000] {logging_mixin.py:190} INFO - [2024-10-06T18:16:59.864+0000] {dag.py:3229} INFO - Sync 1 DAGs
[2024-10-06T18:16:59.882+0000] {logging_mixin.py:190} INFO - [2024-10-06T18:16:59.882+0000] {dag.py:4156} INFO - Setting next_dagrun for wiki_project to 2024-10-03 00:00:00+00:00, run_after=2024-10-03 01:00:00+00:00
[2024-10-06T18:16:59.898+0000] {processor.py:208} INFO - Processing /opt/airflow/dags/wiki_project.py took 0.166 seconds
[2024-10-06T18:49:48.951+0000] {processor.py:186} INFO - Started process (PID=25961) to work on /opt/airflow/dags/wiki_project.py
[2024-10-06T18:49:48.953+0000] {processor.py:914} INFO - Processing file /opt/airflow/dags/wiki_project.py for tasks to queue
[2024-10-06T18:49:48.954+0000] {logging_mixin.py:190} INFO - [2024-10-06T18:49:48.954+0000] {dagbag.py:587} INFO - Filling up the DagBag from /opt/airflow/dags/wiki_project.py
[2024-10-06T18:49:48.969+0000] {processor.py:925} INFO - DAG(s) 'wiki_project' retrieved from /opt/airflow/dags/wiki_project.py
[2024-10-06T18:49:48.979+0000] {logging_mixin.py:190} INFO - [2024-10-06T18:49:48.979+0000] {dag.py:3229} INFO - Sync 1 DAGs
[2024-10-06T18:49:48.992+0000] {logging_mixin.py:190} INFO - [2024-10-06T18:49:48.992+0000] {dag.py:4156} INFO - Setting next_dagrun for wiki_project to 2024-10-03 00:00:00+00:00, run_after=2024-10-03 01:00:00+00:00
[2024-10-06T18:49:49.001+0000] {processor.py:208} INFO - Processing /opt/airflow/dags/wiki_project.py took 0.056 seconds
[2024-10-06T19:00:32.704+0000] {processor.py:186} INFO - Started process (PID=26031) to work on /opt/airflow/dags/wiki_project.py
[2024-10-06T19:00:32.708+0000] {processor.py:914} INFO - Processing file /opt/airflow/dags/wiki_project.py for tasks to queue
[2024-10-06T19:00:32.709+0000] {logging_mixin.py:190} INFO - [2024-10-06T19:00:32.709+0000] {dagbag.py:587} INFO - Filling up the DagBag from /opt/airflow/dags/wiki_project.py
[2024-10-06T19:00:32.721+0000] {processor.py:925} INFO - DAG(s) 'wiki_project' retrieved from /opt/airflow/dags/wiki_project.py
[2024-10-06T19:00:32.737+0000] {logging_mixin.py:190} INFO - [2024-10-06T19:00:32.737+0000] {dag.py:3229} INFO - Sync 1 DAGs
[2024-10-06T19:00:32.749+0000] {logging_mixin.py:190} INFO - [2024-10-06T19:00:32.749+0000] {dag.py:4156} INFO - Setting next_dagrun for wiki_project to 2024-10-03 00:00:00+00:00, run_after=2024-10-03 01:00:00+00:00
[2024-10-06T19:00:32.763+0000] {processor.py:208} INFO - Processing /opt/airflow/dags/wiki_project.py took 0.072 seconds
[2024-10-06T19:16:44.427+0000] {processor.py:186} INFO - Started process (PID=26101) to work on /opt/airflow/dags/wiki_project.py
[2024-10-06T19:16:44.429+0000] {processor.py:914} INFO - Processing file /opt/airflow/dags/wiki_project.py for tasks to queue
[2024-10-06T19:16:44.430+0000] {logging_mixin.py:190} INFO - [2024-10-06T19:16:44.430+0000] {dagbag.py:587} INFO - Filling up the DagBag from /opt/airflow/dags/wiki_project.py
[2024-10-06T19:16:44.443+0000] {processor.py:925} INFO - DAG(s) 'wiki_project' retrieved from /opt/airflow/dags/wiki_project.py
[2024-10-06T19:16:44.456+0000] {logging_mixin.py:190} INFO - [2024-10-06T19:16:44.455+0000] {dag.py:3229} INFO - Sync 1 DAGs
[2024-10-06T19:16:44.470+0000] {logging_mixin.py:190} INFO - [2024-10-06T19:16:44.470+0000] {dag.py:4156} INFO - Setting next_dagrun for wiki_project to 2024-10-03 00:00:00+00:00, run_after=2024-10-03 01:00:00+00:00
[2024-10-06T19:16:44.477+0000] {processor.py:208} INFO - Processing /opt/airflow/dags/wiki_project.py took 0.055 seconds
[2024-10-06T20:01:49.678+0000] {processor.py:186} INFO - Started process (PID=26171) to work on /opt/airflow/dags/wiki_project.py
[2024-10-06T20:01:49.680+0000] {processor.py:914} INFO - Processing file /opt/airflow/dags/wiki_project.py for tasks to queue
[2024-10-06T20:01:49.682+0000] {logging_mixin.py:190} INFO - [2024-10-06T20:01:49.682+0000] {dagbag.py:587} INFO - Filling up the DagBag from /opt/airflow/dags/wiki_project.py
[2024-10-06T20:01:49.698+0000] {processor.py:925} INFO - DAG(s) 'wiki_project' retrieved from /opt/airflow/dags/wiki_project.py
[2024-10-06T20:01:49.709+0000] {logging_mixin.py:190} INFO - [2024-10-06T20:01:49.708+0000] {dag.py:3229} INFO - Sync 1 DAGs
[2024-10-06T20:01:49.723+0000] {logging_mixin.py:190} INFO - [2024-10-06T20:01:49.723+0000] {dag.py:4156} INFO - Setting next_dagrun for wiki_project to 2024-10-03 00:00:00+00:00, run_after=2024-10-03 01:00:00+00:00
[2024-10-06T20:01:49.733+0000] {processor.py:208} INFO - Processing /opt/airflow/dags/wiki_project.py took 0.063 seconds
[2024-10-06T20:17:58.752+0000] {processor.py:186} INFO - Started process (PID=26241) to work on /opt/airflow/dags/wiki_project.py
[2024-10-06T20:17:58.756+0000] {processor.py:914} INFO - Processing file /opt/airflow/dags/wiki_project.py for tasks to queue
[2024-10-06T20:17:58.757+0000] {logging_mixin.py:190} INFO - [2024-10-06T20:17:58.757+0000] {dagbag.py:587} INFO - Filling up the DagBag from /opt/airflow/dags/wiki_project.py
[2024-10-06T20:17:58.769+0000] {processor.py:925} INFO - DAG(s) 'wiki_project' retrieved from /opt/airflow/dags/wiki_project.py
[2024-10-06T20:17:58.790+0000] {logging_mixin.py:190} INFO - [2024-10-06T20:17:58.790+0000] {dag.py:3229} INFO - Sync 1 DAGs
[2024-10-06T20:17:58.824+0000] {logging_mixin.py:190} INFO - [2024-10-06T20:17:58.823+0000] {dag.py:4156} INFO - Setting next_dagrun for wiki_project to 2024-10-03 00:00:00+00:00, run_after=2024-10-03 01:00:00+00:00
[2024-10-06T20:17:58.837+0000] {processor.py:208} INFO - Processing /opt/airflow/dags/wiki_project.py took 0.090 seconds
[2024-10-06T20:51:48.439+0000] {processor.py:186} INFO - Started process (PID=26310) to work on /opt/airflow/dags/wiki_project.py
[2024-10-06T20:51:48.440+0000] {processor.py:914} INFO - Processing file /opt/airflow/dags/wiki_project.py for tasks to queue
[2024-10-06T20:51:48.440+0000] {logging_mixin.py:190} INFO - [2024-10-06T20:51:48.440+0000] {dagbag.py:587} INFO - Filling up the DagBag from /opt/airflow/dags/wiki_project.py
[2024-10-06T20:51:48.451+0000] {processor.py:925} INFO - DAG(s) 'wiki_project' retrieved from /opt/airflow/dags/wiki_project.py
[2024-10-06T20:51:48.461+0000] {logging_mixin.py:190} INFO - [2024-10-06T20:51:48.461+0000] {dag.py:3229} INFO - Sync 1 DAGs
[2024-10-06T20:51:48.472+0000] {logging_mixin.py:190} INFO - [2024-10-06T20:51:48.472+0000] {dag.py:4156} INFO - Setting next_dagrun for wiki_project to 2024-10-03 00:00:00+00:00, run_after=2024-10-03 01:00:00+00:00
[2024-10-06T20:51:48.479+0000] {processor.py:208} INFO - Processing /opt/airflow/dags/wiki_project.py took 0.044 seconds
[2024-10-06T20:52:19.307+0000] {processor.py:186} INFO - Started process (PID=26381) to work on /opt/airflow/dags/wiki_project.py
[2024-10-06T20:52:19.309+0000] {processor.py:914} INFO - Processing file /opt/airflow/dags/wiki_project.py for tasks to queue
[2024-10-06T20:52:19.310+0000] {logging_mixin.py:190} INFO - [2024-10-06T20:52:19.309+0000] {dagbag.py:587} INFO - Filling up the DagBag from /opt/airflow/dags/wiki_project.py
[2024-10-06T20:52:19.326+0000] {processor.py:925} INFO - DAG(s) 'wiki_project' retrieved from /opt/airflow/dags/wiki_project.py
[2024-10-06T20:52:19.365+0000] {logging_mixin.py:190} INFO - [2024-10-06T20:52:19.365+0000] {dag.py:3229} INFO - Sync 1 DAGs
[2024-10-06T20:52:19.392+0000] {logging_mixin.py:190} INFO - [2024-10-06T20:52:19.392+0000] {dag.py:4156} INFO - Setting next_dagrun for wiki_project to 2024-10-03 00:00:00+00:00, run_after=2024-10-03 01:00:00+00:00
[2024-10-06T20:52:19.411+0000] {processor.py:208} INFO - Processing /opt/airflow/dags/wiki_project.py took 0.112 seconds
[2024-10-06T21:19:19.132+0000] {processor.py:186} INFO - Started process (PID=26451) to work on /opt/airflow/dags/wiki_project.py
[2024-10-06T21:19:19.133+0000] {processor.py:914} INFO - Processing file /opt/airflow/dags/wiki_project.py for tasks to queue
[2024-10-06T21:19:19.137+0000] {logging_mixin.py:190} INFO - [2024-10-06T21:19:19.136+0000] {dagbag.py:587} INFO - Filling up the DagBag from /opt/airflow/dags/wiki_project.py
[2024-10-06T21:19:19.170+0000] {processor.py:925} INFO - DAG(s) 'wiki_project' retrieved from /opt/airflow/dags/wiki_project.py
[2024-10-06T21:19:19.236+0000] {logging_mixin.py:190} INFO - [2024-10-06T21:19:19.236+0000] {dag.py:3229} INFO - Sync 1 DAGs
[2024-10-06T21:19:19.295+0000] {logging_mixin.py:190} INFO - [2024-10-06T21:19:19.295+0000] {dag.py:4156} INFO - Setting next_dagrun for wiki_project to 2024-10-03 00:00:00+00:00, run_after=2024-10-03 01:00:00+00:00
[2024-10-06T21:19:19.327+0000] {processor.py:208} INFO - Processing /opt/airflow/dags/wiki_project.py took 0.209 seconds
[2024-10-06T21:52:07.203+0000] {processor.py:186} INFO - Started process (PID=26521) to work on /opt/airflow/dags/wiki_project.py
[2024-10-06T21:52:07.321+0000] {processor.py:914} INFO - Processing file /opt/airflow/dags/wiki_project.py for tasks to queue
[2024-10-06T21:52:07.373+0000] {logging_mixin.py:190} INFO - [2024-10-06T21:52:07.372+0000] {dagbag.py:587} INFO - Filling up the DagBag from /opt/airflow/dags/wiki_project.py
[2024-10-06T21:52:07.402+0000] {processor.py:925} INFO - DAG(s) 'wiki_project' retrieved from /opt/airflow/dags/wiki_project.py
[2024-10-06T21:52:07.439+0000] {logging_mixin.py:190} INFO - [2024-10-06T21:52:07.439+0000] {dag.py:3229} INFO - Sync 1 DAGs
[2024-10-06T21:52:07.454+0000] {logging_mixin.py:190} INFO - [2024-10-06T21:52:07.454+0000] {dag.py:4156} INFO - Setting next_dagrun for wiki_project to 2024-10-03 00:00:00+00:00, run_after=2024-10-03 01:00:00+00:00
[2024-10-06T21:52:07.464+0000] {processor.py:208} INFO - Processing /opt/airflow/dags/wiki_project.py took 0.267 seconds
[2024-10-06T22:53:02.447+0000] {processor.py:186} INFO - Started process (PID=26591) to work on /opt/airflow/dags/wiki_project.py
[2024-10-06T22:53:02.451+0000] {processor.py:914} INFO - Processing file /opt/airflow/dags/wiki_project.py for tasks to queue
[2024-10-06T22:53:02.452+0000] {logging_mixin.py:190} INFO - [2024-10-06T22:53:02.452+0000] {dagbag.py:587} INFO - Filling up the DagBag from /opt/airflow/dags/wiki_project.py
[2024-10-06T22:53:02.465+0000] {processor.py:925} INFO - DAG(s) 'wiki_project' retrieved from /opt/airflow/dags/wiki_project.py
[2024-10-06T22:53:02.475+0000] {logging_mixin.py:190} INFO - [2024-10-06T22:53:02.474+0000] {dag.py:3229} INFO - Sync 1 DAGs
[2024-10-06T22:53:02.489+0000] {logging_mixin.py:190} INFO - [2024-10-06T22:53:02.489+0000] {dag.py:4156} INFO - Setting next_dagrun for wiki_project to 2024-10-03 00:00:00+00:00, run_after=2024-10-03 01:00:00+00:00
[2024-10-06T22:53:02.505+0000] {processor.py:208} INFO - Processing /opt/airflow/dags/wiki_project.py took 0.063 seconds
[2024-10-06T23:21:10.153+0000] {processor.py:186} INFO - Started process (PID=26661) to work on /opt/airflow/dags/wiki_project.py
[2024-10-06T23:21:10.155+0000] {processor.py:914} INFO - Processing file /opt/airflow/dags/wiki_project.py for tasks to queue
[2024-10-06T23:21:10.156+0000] {logging_mixin.py:190} INFO - [2024-10-06T23:21:10.155+0000] {dagbag.py:587} INFO - Filling up the DagBag from /opt/airflow/dags/wiki_project.py
[2024-10-06T23:21:10.169+0000] {processor.py:925} INFO - DAG(s) 'wiki_project' retrieved from /opt/airflow/dags/wiki_project.py
[2024-10-06T23:21:10.185+0000] {logging_mixin.py:190} INFO - [2024-10-06T23:21:10.184+0000] {dag.py:3229} INFO - Sync 1 DAGs
[2024-10-06T23:21:10.198+0000] {logging_mixin.py:190} INFO - [2024-10-06T23:21:10.198+0000] {dag.py:4156} INFO - Setting next_dagrun for wiki_project to 2024-10-03 00:00:00+00:00, run_after=2024-10-03 01:00:00+00:00
[2024-10-06T23:21:10.210+0000] {processor.py:208} INFO - Processing /opt/airflow/dags/wiki_project.py took 0.078 seconds
[2024-10-06T23:39:11.431+0000] {processor.py:186} INFO - Started process (PID=26731) to work on /opt/airflow/dags/wiki_project.py
[2024-10-06T23:39:11.435+0000] {processor.py:914} INFO - Processing file /opt/airflow/dags/wiki_project.py for tasks to queue
[2024-10-06T23:39:11.437+0000] {logging_mixin.py:190} INFO - [2024-10-06T23:39:11.437+0000] {dagbag.py:587} INFO - Filling up the DagBag from /opt/airflow/dags/wiki_project.py
[2024-10-06T23:39:11.450+0000] {processor.py:925} INFO - DAG(s) 'wiki_project' retrieved from /opt/airflow/dags/wiki_project.py
[2024-10-06T23:39:11.461+0000] {logging_mixin.py:190} INFO - [2024-10-06T23:39:11.461+0000] {dag.py:3229} INFO - Sync 1 DAGs
[2024-10-06T23:39:11.474+0000] {logging_mixin.py:190} INFO - [2024-10-06T23:39:11.474+0000] {dag.py:4156} INFO - Setting next_dagrun for wiki_project to 2024-10-03 00:00:00+00:00, run_after=2024-10-03 01:00:00+00:00
[2024-10-06T23:39:11.483+0000] {processor.py:208} INFO - Processing /opt/airflow/dags/wiki_project.py took 0.058 seconds
