[2024-10-08T09:06:04.597+0000] {local_task_job_runner.py:123} INFO - ::group::Pre task execution logs
[2024-10-08T09:06:04.646+0000] {taskinstance.py:2612} INFO - Dependencies all met for dep_context=non-requeueable deps ti=<TaskInstance: spotify_etl_dag.move_processed_data manual__2024-10-08T09:05:25.243271+00:00 [queued]>
[2024-10-08T09:06:04.678+0000] {taskinstance.py:2612} INFO - Dependencies all met for dep_context=requeueable deps ti=<TaskInstance: spotify_etl_dag.move_processed_data manual__2024-10-08T09:05:25.243271+00:00 [queued]>
[2024-10-08T09:06:04.680+0000] {taskinstance.py:2865} INFO - Starting attempt 1 of 1
[2024-10-08T09:06:04.710+0000] {taskinstance.py:2888} INFO - Executing <Task(PythonOperator): move_processed_data> on 2024-10-08 09:05:25.243271+00:00
[2024-10-08T09:06:04.738+0000] {warnings.py:112} WARNING - /home/***/.local/lib/python3.12/site-packages/***/task/task_runner/standard_task_runner.py:70: DeprecationWarning: This process (pid=823) is multi-threaded, use of fork() may lead to deadlocks in the child.
  pid = os.fork()

[2024-10-08T09:06:04.741+0000] {standard_task_runner.py:72} INFO - Started process 825 to run task
[2024-10-08T09:06:04.741+0000] {standard_task_runner.py:104} INFO - Running: ['***', 'tasks', 'run', 'spotify_etl_dag', 'move_processed_data', 'manual__2024-10-08T09:05:25.243271+00:00', '--job-id', '435', '--raw', '--subdir', 'DAGS_FOLDER/spotify_***_pipeline.py', '--cfg-path', '/tmp/tmpas76np60']
[2024-10-08T09:06:04.744+0000] {standard_task_runner.py:105} INFO - Job 435: Subtask move_processed_data
[2024-10-08T09:06:04.829+0000] {task_command.py:467} INFO - Running <TaskInstance: spotify_etl_dag.move_processed_data manual__2024-10-08T09:05:25.243271+00:00 [running]> on host da4c4a711107
[2024-10-08T09:06:04.905+0000] {taskinstance.py:3131} INFO - Exporting env vars: AIRFLOW_CTX_DAG_OWNER='Artika' AIRFLOW_CTX_DAG_ID='spotify_etl_dag' AIRFLOW_CTX_TASK_ID='move_processed_data' AIRFLOW_CTX_EXECUTION_DATE='2024-10-08T09:05:25.243271+00:00' AIRFLOW_CTX_TRY_NUMBER='1' AIRFLOW_CTX_DAG_RUN_ID='manual__2024-10-08T09:05:25.243271+00:00'
[2024-10-08T09:06:04.910+0000] {logging_mixin.py:190} INFO - Task instance is in running state
[2024-10-08T09:06:04.910+0000] {logging_mixin.py:190} INFO -  Previous state of the Task instance: queued
[2024-10-08T09:06:04.910+0000] {logging_mixin.py:190} INFO - Current task name:move_processed_data state:running start_date:2024-10-08 09:06:04.646621+00:00
[2024-10-08T09:06:04.911+0000] {logging_mixin.py:190} INFO - Dag name:spotify_etl_dag and current dag run status:running
[2024-10-08T09:06:04.911+0000] {taskinstance.py:731} INFO - ::endgroup::
[2024-10-08T09:06:04.921+0000] {base.py:84} INFO - Retrieving connection 'aws_s3_bucket'
[2024-10-08T09:06:04.922+0000] {connection_wrapper.py:388} INFO - AWS Connection (conn_id='aws_s3_bucket', conn_type='aws') credentials retrieved from login and password.
[2024-10-08T09:06:06.534+0000] {taskinstance.py:3310} ERROR - Task failed with exception
Traceback (most recent call last):
  File "/home/airflow/.local/lib/python3.12/site-packages/airflow/models/taskinstance.py", line 767, in _execute_task
    result = _execute_callable(context=context, **execute_callable_kwargs)
             ^^^^^^^^^^^^^^^^^^^^^^^^^^^^^^^^^^^^^^^^^^^^^^^^^^^^^^^^^^^^^
  File "/home/airflow/.local/lib/python3.12/site-packages/airflow/models/taskinstance.py", line 733, in _execute_callable
    return ExecutionCallableRunner(
           ^^^^^^^^^^^^^^^^^^^^^^^^
  File "/home/airflow/.local/lib/python3.12/site-packages/airflow/utils/operator_helpers.py", line 252, in run
    return self.func(*args, **kwargs)
           ^^^^^^^^^^^^^^^^^^^^^^^^^^
  File "/home/airflow/.local/lib/python3.12/site-packages/airflow/models/baseoperator.py", line 406, in wrapper
    return func(self, *args, **kwargs)
           ^^^^^^^^^^^^^^^^^^^^^^^^^^^
  File "/home/airflow/.local/lib/python3.12/site-packages/airflow/operators/python.py", line 238, in execute
    return_value = self.execute_callable()
                   ^^^^^^^^^^^^^^^^^^^^^^^
  File "/home/airflow/.local/lib/python3.12/site-packages/airflow/operators/python.py", line 256, in execute_callable
    return runner.run(*self.op_args, **self.op_kwargs)
           ^^^^^^^^^^^^^^^^^^^^^^^^^^^^^^^^^^^^^^^^^^^
  File "/home/airflow/.local/lib/python3.12/site-packages/airflow/utils/operator_helpers.py", line 252, in run
    return self.func(*args, **kwargs)
           ^^^^^^^^^^^^^^^^^^^^^^^^^^
  File "/opt/airflow/dags/spotify_airflow_pipeline.py", line 152, in _move_processed_data
    s3_hook.delete_objects(bucket_name=bucket_name, keys=key)
TypeError: S3Hook.delete_objects() got an unexpected keyword argument 'bucket_name'
[2024-10-08T09:06:06.607+0000] {logging_mixin.py:190} INFO - Task instance in failure state
[2024-10-08T09:06:06.609+0000] {logging_mixin.py:190} INFO - Task start:2024-10-08 09:06:04.646621+00:00 end:2024-10-08 09:06:06.605340+00:00 duration:1.958719
[2024-10-08T09:06:06.610+0000] {logging_mixin.py:190} INFO - Task:<Task(PythonOperator): move_processed_data> dag:<DAG: spotify_etl_dag> dagrun:<DagRun spotify_etl_dag @ 2024-10-08 09:05:25.243271+00:00: manual__2024-10-08T09:05:25.243271+00:00, state:running, queued_at: 2024-10-08 09:05:25.454005+00:00. externally triggered: True>
[2024-10-08T09:06:06.611+0000] {logging_mixin.py:190} INFO - Failure caused by S3Hook.delete_objects() got an unexpected keyword argument 'bucket_name'
[2024-10-08T09:06:06.611+0000] {taskinstance.py:1225} INFO - Marking task as FAILED. dag_id=spotify_etl_dag, task_id=move_processed_data, run_id=manual__2024-10-08T09:05:25.243271+00:00, execution_date=20241008T090525, start_date=20241008T090604, end_date=20241008T090606
[2024-10-08T09:06:06.628+0000] {taskinstance.py:340} INFO - ::group::Post task execution logs
[2024-10-08T09:06:06.629+0000] {standard_task_runner.py:124} ERROR - Failed to execute job 435 for task move_processed_data (S3Hook.delete_objects() got an unexpected keyword argument 'bucket_name'; 825)
Traceback (most recent call last):
  File "/home/airflow/.local/lib/python3.12/site-packages/airflow/task/task_runner/standard_task_runner.py", line 117, in _start_by_fork
    ret = args.func(args, dag=self.dag)
          ^^^^^^^^^^^^^^^^^^^^^^^^^^^^^
  File "/home/airflow/.local/lib/python3.12/site-packages/airflow/cli/cli_config.py", line 49, in command
    return func(*args, **kwargs)
           ^^^^^^^^^^^^^^^^^^^^^
  File "/home/airflow/.local/lib/python3.12/site-packages/airflow/utils/cli.py", line 115, in wrapper
    return f(*args, **kwargs)
           ^^^^^^^^^^^^^^^^^^
  File "/home/airflow/.local/lib/python3.12/site-packages/airflow/cli/commands/task_command.py", line 483, in task_run
    task_return_code = _run_task_by_selected_method(args, _dag, ti)
                       ^^^^^^^^^^^^^^^^^^^^^^^^^^^^^^^^^^^^^^^^^^^^
  File "/home/airflow/.local/lib/python3.12/site-packages/airflow/cli/commands/task_command.py", line 256, in _run_task_by_selected_method
    return _run_raw_task(args, ti)
           ^^^^^^^^^^^^^^^^^^^^^^^
  File "/home/airflow/.local/lib/python3.12/site-packages/airflow/cli/commands/task_command.py", line 341, in _run_raw_task
    return ti._run_raw_task(
           ^^^^^^^^^^^^^^^^^
  File "/home/airflow/.local/lib/python3.12/site-packages/airflow/utils/session.py", line 97, in wrapper
    return func(*args, session=session, **kwargs)
           ^^^^^^^^^^^^^^^^^^^^^^^^^^^^^^^^^^^^^^
  File "/home/airflow/.local/lib/python3.12/site-packages/airflow/models/taskinstance.py", line 3004, in _run_raw_task
    return _run_raw_task(
           ^^^^^^^^^^^^^^
  File "/home/airflow/.local/lib/python3.12/site-packages/airflow/models/taskinstance.py", line 273, in _run_raw_task
    TaskInstance._execute_task_with_callbacks(
  File "/home/airflow/.local/lib/python3.12/site-packages/airflow/models/taskinstance.py", line 3158, in _execute_task_with_callbacks
    result = self._execute_task(context, task_orig)
             ^^^^^^^^^^^^^^^^^^^^^^^^^^^^^^^^^^^^^^
  File "/home/airflow/.local/lib/python3.12/site-packages/airflow/models/taskinstance.py", line 3182, in _execute_task
    return _execute_task(self, context, task_orig)
           ^^^^^^^^^^^^^^^^^^^^^^^^^^^^^^^^^^^^^^^
  File "/home/airflow/.local/lib/python3.12/site-packages/airflow/models/taskinstance.py", line 767, in _execute_task
    result = _execute_callable(context=context, **execute_callable_kwargs)
             ^^^^^^^^^^^^^^^^^^^^^^^^^^^^^^^^^^^^^^^^^^^^^^^^^^^^^^^^^^^^^
  File "/home/airflow/.local/lib/python3.12/site-packages/airflow/models/taskinstance.py", line 733, in _execute_callable
    return ExecutionCallableRunner(
           ^^^^^^^^^^^^^^^^^^^^^^^^
  File "/home/airflow/.local/lib/python3.12/site-packages/airflow/utils/operator_helpers.py", line 252, in run
    return self.func(*args, **kwargs)
           ^^^^^^^^^^^^^^^^^^^^^^^^^^
  File "/home/airflow/.local/lib/python3.12/site-packages/airflow/models/baseoperator.py", line 406, in wrapper
    return func(self, *args, **kwargs)
           ^^^^^^^^^^^^^^^^^^^^^^^^^^^
  File "/home/airflow/.local/lib/python3.12/site-packages/airflow/operators/python.py", line 238, in execute
    return_value = self.execute_callable()
                   ^^^^^^^^^^^^^^^^^^^^^^^
  File "/home/airflow/.local/lib/python3.12/site-packages/airflow/operators/python.py", line 256, in execute_callable
    return runner.run(*self.op_args, **self.op_kwargs)
           ^^^^^^^^^^^^^^^^^^^^^^^^^^^^^^^^^^^^^^^^^^^
  File "/home/airflow/.local/lib/python3.12/site-packages/airflow/utils/operator_helpers.py", line 252, in run
    return self.func(*args, **kwargs)
           ^^^^^^^^^^^^^^^^^^^^^^^^^^
  File "/opt/airflow/dags/spotify_airflow_pipeline.py", line 152, in _move_processed_data
    s3_hook.delete_objects(bucket_name=bucket_name, keys=key)
TypeError: S3Hook.delete_objects() got an unexpected keyword argument 'bucket_name'
[2024-10-08T09:06:06.669+0000] {local_task_job_runner.py:266} INFO - Task exited with return code 1
[2024-10-08T09:06:06.722+0000] {taskinstance.py:3900} INFO - 0 downstream tasks scheduled from follow-on schedule check
[2024-10-08T09:06:06.723+0000] {local_task_job_runner.py:245} INFO - ::endgroup::
