[2024-10-08T09:05:51.538+0000] {local_task_job_runner.py:123} INFO - ::group::Pre task execution logs
[2024-10-08T09:05:51.581+0000] {taskinstance.py:2612} INFO - Dependencies all met for dep_context=non-requeueable deps ti=<TaskInstance: spotify_etl_dag.store_album_to_s3 manual__2024-10-08T09:05:25.243271+00:00 [queued]>
[2024-10-08T09:05:51.595+0000] {taskinstance.py:2612} INFO - Dependencies all met for dep_context=requeueable deps ti=<TaskInstance: spotify_etl_dag.store_album_to_s3 manual__2024-10-08T09:05:25.243271+00:00 [queued]>
[2024-10-08T09:05:51.596+0000] {taskinstance.py:2865} INFO - Starting attempt 1 of 1
[2024-10-08T09:05:51.638+0000] {taskinstance.py:2888} INFO - Executing <Task(S3CreateObjectOperator): store_album_to_s3> on 2024-10-08 09:05:25.243271+00:00
[2024-10-08T09:05:51.657+0000] {warnings.py:112} WARNING - /home/***/.local/lib/python3.12/site-packages/***/task/task_runner/standard_task_runner.py:70: DeprecationWarning: This process (pid=799) is multi-threaded, use of fork() may lead to deadlocks in the child.
  pid = os.fork()

[2024-10-08T09:05:51.668+0000] {standard_task_runner.py:72} INFO - Started process 807 to run task
[2024-10-08T09:05:51.670+0000] {standard_task_runner.py:104} INFO - Running: ['***', 'tasks', 'run', 'spotify_etl_dag', 'store_album_to_s3', 'manual__2024-10-08T09:05:25.243271+00:00', '--job-id', '433', '--raw', '--subdir', 'DAGS_FOLDER/spotify_***_pipeline.py', '--cfg-path', '/tmp/tmpzfc8d09g']
[2024-10-08T09:05:51.673+0000] {standard_task_runner.py:105} INFO - Job 433: Subtask store_album_to_s3
[2024-10-08T09:05:51.792+0000] {task_command.py:467} INFO - Running <TaskInstance: spotify_etl_dag.store_album_to_s3 manual__2024-10-08T09:05:25.243271+00:00 [running]> on host da4c4a711107
[2024-10-08T09:05:52.019+0000] {taskinstance.py:3131} INFO - Exporting env vars: AIRFLOW_CTX_DAG_OWNER='Artika' AIRFLOW_CTX_DAG_ID='spotify_etl_dag' AIRFLOW_CTX_TASK_ID='store_album_to_s3' AIRFLOW_CTX_EXECUTION_DATE='2024-10-08T09:05:25.243271+00:00' AIRFLOW_CTX_TRY_NUMBER='1' AIRFLOW_CTX_DAG_RUN_ID='manual__2024-10-08T09:05:25.243271+00:00'
[2024-10-08T09:05:52.044+0000] {logging_mixin.py:190} INFO - Task instance is in running state
[2024-10-08T09:05:52.047+0000] {logging_mixin.py:190} INFO -  Previous state of the Task instance: queued
[2024-10-08T09:05:52.058+0000] {logging_mixin.py:190} INFO - Current task name:store_album_to_s3 state:running start_date:2024-10-08 09:05:51.582998+00:00
[2024-10-08T09:05:52.059+0000] {logging_mixin.py:190} INFO - Dag name:spotify_etl_dag and current dag run status:running
[2024-10-08T09:05:52.063+0000] {taskinstance.py:731} INFO - ::endgroup::
[2024-10-08T09:05:52.109+0000] {base.py:84} INFO - Retrieving connection 'aws_s3_bucket'
[2024-10-08T09:05:52.112+0000] {connection_wrapper.py:388} INFO - AWS Connection (conn_id='aws_s3_bucket', conn_type='aws') credentials retrieved from login and password.
[2024-10-08T09:05:56.098+0000] {taskinstance.py:340} INFO - ::group::Post task execution logs
[2024-10-08T09:05:56.125+0000] {taskinstance.py:352} INFO - Marking task as SUCCESS. dag_id=spotify_etl_dag, task_id=store_album_to_s3, run_id=manual__2024-10-08T09:05:25.243271+00:00, execution_date=20241008T090525, start_date=20241008T090551, end_date=20241008T090556
[2024-10-08T09:05:56.180+0000] {logging_mixin.py:190} INFO - Task instance in success state
[2024-10-08T09:05:56.182+0000] {logging_mixin.py:190} INFO -  Previous state of the Task instance: running
[2024-10-08T09:05:56.187+0000] {logging_mixin.py:190} INFO - Dag name:spotify_etl_dag queued_at:2024-10-08 09:05:25.454005+00:00
[2024-10-08T09:05:56.189+0000] {logging_mixin.py:190} INFO - Task hostname:da4c4a711107 operator:S3CreateObjectOperator
[2024-10-08T09:05:56.274+0000] {local_task_job_runner.py:266} INFO - Task exited with return code 0
[2024-10-08T09:05:56.508+0000] {taskinstance.py:3900} INFO - 0 downstream tasks scheduled from follow-on schedule check
[2024-10-08T09:05:56.513+0000] {local_task_job_runner.py:245} INFO - ::endgroup::
