[2024-10-08T09:04:24.012+0000] {local_task_job_runner.py:123} INFO - ::group::Pre task execution logs
[2024-10-08T09:04:24.097+0000] {taskinstance.py:2612} INFO - Dependencies all met for dep_context=non-requeueable deps ti=<TaskInstance: spotify_etl_dag.process_artists manual__2024-10-08T09:03:55.819416+00:00 [queued]>
[2024-10-08T09:04:24.135+0000] {taskinstance.py:2612} INFO - Dependencies all met for dep_context=requeueable deps ti=<TaskInstance: spotify_etl_dag.process_artists manual__2024-10-08T09:03:55.819416+00:00 [queued]>
[2024-10-08T09:04:24.137+0000] {taskinstance.py:2865} INFO - Starting attempt 1 of 1
[2024-10-08T09:04:24.169+0000] {taskinstance.py:2888} INFO - Executing <Task(PythonOperator): process_artists> on 2024-10-08 09:03:55.819416+00:00
[2024-10-08T09:04:24.214+0000] {warnings.py:112} WARNING - /home/***/.local/lib/python3.12/site-packages/***/task/task_runner/standard_task_runner.py:70: DeprecationWarning: This process (pid=725) is multi-threaded, use of fork() may lead to deadlocks in the child.
  pid = os.fork()

[2024-10-08T09:04:24.228+0000] {standard_task_runner.py:72} INFO - Started process 731 to run task
[2024-10-08T09:04:24.225+0000] {standard_task_runner.py:104} INFO - Running: ['***', 'tasks', 'run', 'spotify_etl_dag', 'process_artists', 'manual__2024-10-08T09:03:55.819416+00:00', '--job-id', '419', '--raw', '--subdir', 'DAGS_FOLDER/spotify_***_pipeline.py', '--cfg-path', '/tmp/tmp4tsy3497']
[2024-10-08T09:04:24.228+0000] {standard_task_runner.py:105} INFO - Job 419: Subtask process_artists
[2024-10-08T09:04:24.958+0000] {task_command.py:467} INFO - Running <TaskInstance: spotify_etl_dag.process_artists manual__2024-10-08T09:03:55.819416+00:00 [running]> on host da4c4a711107
[2024-10-08T09:04:25.435+0000] {taskinstance.py:3131} INFO - Exporting env vars: AIRFLOW_CTX_DAG_OWNER='Artika' AIRFLOW_CTX_DAG_ID='spotify_etl_dag' AIRFLOW_CTX_TASK_ID='process_artists' AIRFLOW_CTX_EXECUTION_DATE='2024-10-08T09:03:55.819416+00:00' AIRFLOW_CTX_TRY_NUMBER='1' AIRFLOW_CTX_DAG_RUN_ID='manual__2024-10-08T09:03:55.819416+00:00'
[2024-10-08T09:04:25.445+0000] {logging_mixin.py:190} INFO - Task instance is in running state
[2024-10-08T09:04:25.446+0000] {logging_mixin.py:190} INFO -  Previous state of the Task instance: queued
[2024-10-08T09:04:25.447+0000] {logging_mixin.py:190} INFO - Current task name:process_artists state:running start_date:2024-10-08 09:04:24.101160+00:00
[2024-10-08T09:04:25.449+0000] {logging_mixin.py:190} INFO - Dag name:spotify_etl_dag and current dag run status:running
[2024-10-08T09:04:25.451+0000] {taskinstance.py:731} INFO - ::endgroup::
[2024-10-08T09:04:28.430+0000] {python.py:240} INFO - Done. Returned value was: None
[2024-10-08T09:04:28.478+0000] {taskinstance.py:340} INFO - ::group::Post task execution logs
[2024-10-08T09:04:28.480+0000] {taskinstance.py:352} INFO - Marking task as SUCCESS. dag_id=spotify_etl_dag, task_id=process_artists, run_id=manual__2024-10-08T09:03:55.819416+00:00, execution_date=20241008T090355, start_date=20241008T090424, end_date=20241008T090428
[2024-10-08T09:04:28.502+0000] {logging_mixin.py:190} INFO - Task instance in success state
[2024-10-08T09:04:28.505+0000] {logging_mixin.py:190} INFO -  Previous state of the Task instance: running
[2024-10-08T09:04:28.506+0000] {logging_mixin.py:190} INFO - Dag name:spotify_etl_dag queued_at:2024-10-08 09:03:56.006105+00:00
[2024-10-08T09:04:28.508+0000] {logging_mixin.py:190} INFO - Task hostname:da4c4a711107 operator:PythonOperator
[2024-10-08T09:04:28.568+0000] {local_task_job_runner.py:266} INFO - Task exited with return code 0
[2024-10-08T09:04:28.685+0000] {taskinstance.py:3900} INFO - 1 downstream tasks scheduled from follow-on schedule check
[2024-10-08T09:04:28.689+0000] {local_task_job_runner.py:245} INFO - ::endgroup::
