[2024-10-08T09:05:46.034+0000] {local_task_job_runner.py:123} INFO - ::group::Pre task execution logs
[2024-10-08T09:05:46.050+0000] {taskinstance.py:2612} INFO - Dependencies all met for dep_context=non-requeueable deps ti=<TaskInstance: spotify_etl_dag.process_artists manual__2024-10-08T09:05:25.243271+00:00 [queued]>
[2024-10-08T09:05:46.059+0000] {taskinstance.py:2612} INFO - Dependencies all met for dep_context=requeueable deps ti=<TaskInstance: spotify_etl_dag.process_artists manual__2024-10-08T09:05:25.243271+00:00 [queued]>
[2024-10-08T09:05:46.059+0000] {taskinstance.py:2865} INFO - Starting attempt 1 of 1
[2024-10-08T09:05:46.088+0000] {taskinstance.py:2888} INFO - Executing <Task(PythonOperator): process_artists> on 2024-10-08 09:05:25.243271+00:00
[2024-10-08T09:05:46.097+0000] {warnings.py:112} WARNING - /home/***/.local/lib/python3.12/site-packages/***/task/task_runner/standard_task_runner.py:70: DeprecationWarning: This process (pid=789) is multi-threaded, use of fork() may lead to deadlocks in the child.
  pid = os.fork()

[2024-10-08T09:05:46.102+0000] {standard_task_runner.py:104} INFO - Running: ['***', 'tasks', 'run', 'spotify_etl_dag', 'process_artists', 'manual__2024-10-08T09:05:25.243271+00:00', '--job-id', '431', '--raw', '--subdir', 'DAGS_FOLDER/spotify_***_pipeline.py', '--cfg-path', '/tmp/tmppxdn_vtr']
[2024-10-08T09:05:46.107+0000] {standard_task_runner.py:72} INFO - Started process 797 to run task
[2024-10-08T09:05:46.108+0000] {standard_task_runner.py:105} INFO - Job 431: Subtask process_artists
[2024-10-08T09:05:46.195+0000] {task_command.py:467} INFO - Running <TaskInstance: spotify_etl_dag.process_artists manual__2024-10-08T09:05:25.243271+00:00 [running]> on host da4c4a711107
[2024-10-08T09:05:46.313+0000] {taskinstance.py:3131} INFO - Exporting env vars: AIRFLOW_CTX_DAG_OWNER='Artika' AIRFLOW_CTX_DAG_ID='spotify_etl_dag' AIRFLOW_CTX_TASK_ID='process_artists' AIRFLOW_CTX_EXECUTION_DATE='2024-10-08T09:05:25.243271+00:00' AIRFLOW_CTX_TRY_NUMBER='1' AIRFLOW_CTX_DAG_RUN_ID='manual__2024-10-08T09:05:25.243271+00:00'
[2024-10-08T09:05:46.316+0000] {logging_mixin.py:190} INFO - Task instance is in running state
[2024-10-08T09:05:46.316+0000] {logging_mixin.py:190} INFO -  Previous state of the Task instance: queued
[2024-10-08T09:05:46.317+0000] {logging_mixin.py:190} INFO - Current task name:process_artists state:running start_date:2024-10-08 09:05:46.051401+00:00
[2024-10-08T09:05:46.317+0000] {logging_mixin.py:190} INFO - Dag name:spotify_etl_dag and current dag run status:running
[2024-10-08T09:05:46.318+0000] {taskinstance.py:731} INFO - ::endgroup::
[2024-10-08T09:05:47.778+0000] {python.py:240} INFO - Done. Returned value was: None
[2024-10-08T09:05:47.807+0000] {taskinstance.py:340} INFO - ::group::Post task execution logs
[2024-10-08T09:05:47.809+0000] {taskinstance.py:352} INFO - Marking task as SUCCESS. dag_id=spotify_etl_dag, task_id=process_artists, run_id=manual__2024-10-08T09:05:25.243271+00:00, execution_date=20241008T090525, start_date=20241008T090546, end_date=20241008T090547
[2024-10-08T09:05:47.828+0000] {logging_mixin.py:190} INFO - Task instance in success state
[2024-10-08T09:05:47.829+0000] {logging_mixin.py:190} INFO -  Previous state of the Task instance: running
[2024-10-08T09:05:47.830+0000] {logging_mixin.py:190} INFO - Dag name:spotify_etl_dag queued_at:2024-10-08 09:05:25.454005+00:00
[2024-10-08T09:05:47.831+0000] {logging_mixin.py:190} INFO - Task hostname:da4c4a711107 operator:PythonOperator
[2024-10-08T09:05:47.858+0000] {local_task_job_runner.py:266} INFO - Task exited with return code 0
[2024-10-08T09:05:47.932+0000] {taskinstance.py:3900} INFO - 0 downstream tasks scheduled from follow-on schedule check
[2024-10-08T09:05:47.934+0000] {local_task_job_runner.py:245} INFO - ::endgroup::
