[2024-11-26T20:22:06.500+0000] {local_task_job_runner.py:123} INFO - ::group::Pre task execution logs
[2024-11-26T20:22:06.530+0000] {taskinstance.py:2612} INFO - Dependencies all met for dep_context=non-requeueable deps ti=<TaskInstance: spotify_etl_dag.process_artists scheduled__2024-11-25T00:00:00+00:00 [queued]>
[2024-11-26T20:22:06.535+0000] {taskinstance.py:2612} INFO - Dependencies all met for dep_context=requeueable deps ti=<TaskInstance: spotify_etl_dag.process_artists scheduled__2024-11-25T00:00:00+00:00 [queued]>
[2024-11-26T20:22:06.536+0000] {taskinstance.py:2865} INFO - Starting attempt 1 of 1
[2024-11-26T20:22:06.549+0000] {taskinstance.py:2888} INFO - Executing <Task(PythonOperator): process_artists> on 2024-11-25 00:00:00+00:00
[2024-11-26T20:22:06.572+0000] {standard_task_runner.py:104} INFO - Running: ['***', 'tasks', 'run', 'spotify_etl_dag', 'process_artists', 'scheduled__2024-11-25T00:00:00+00:00', '--job-id', '491', '--raw', '--subdir', 'DAGS_FOLDER/spotify_***_pipeline.py', '--cfg-path', '/tmp/tmplwsfn_ee']
[2024-11-26T20:22:06.573+0000] {standard_task_runner.py:105} INFO - Job 491: Subtask process_artists
[2024-11-26T20:22:06.570+0000] {warnings.py:112} WARNING - /home/***/.local/lib/python3.12/site-packages/***/task/task_runner/standard_task_runner.py:70: DeprecationWarning: This process (pid=114) is multi-threaded, use of fork() may lead to deadlocks in the child.
  pid = os.fork()

[2024-11-26T20:22:06.575+0000] {standard_task_runner.py:72} INFO - Started process 126 to run task
[2024-11-26T20:22:06.646+0000] {task_command.py:467} INFO - Running <TaskInstance: spotify_etl_dag.process_artists scheduled__2024-11-25T00:00:00+00:00 [running]> on host da4c4a711107
[2024-11-26T20:22:06.735+0000] {taskinstance.py:3131} INFO - Exporting env vars: AIRFLOW_CTX_DAG_OWNER='Artika' AIRFLOW_CTX_DAG_ID='spotify_etl_dag' AIRFLOW_CTX_TASK_ID='process_artists' AIRFLOW_CTX_EXECUTION_DATE='2024-11-25T00:00:00+00:00' AIRFLOW_CTX_TRY_NUMBER='1' AIRFLOW_CTX_DAG_RUN_ID='scheduled__2024-11-25T00:00:00+00:00'
[2024-11-26T20:22:06.738+0000] {logging_mixin.py:190} INFO - Task instance is in running state
[2024-11-26T20:22:06.739+0000] {logging_mixin.py:190} INFO -  Previous state of the Task instance: queued
[2024-11-26T20:22:06.740+0000] {logging_mixin.py:190} INFO - Current task name:process_artists state:running start_date:2024-11-26 20:22:06.530822+00:00
[2024-11-26T20:22:06.740+0000] {logging_mixin.py:190} INFO - Dag name:spotify_etl_dag and current dag run status:running
[2024-11-26T20:22:06.741+0000] {taskinstance.py:731} INFO - ::endgroup::
[2024-11-26T20:22:07.079+0000] {python.py:240} INFO - Done. Returned value was: None
[2024-11-26T20:22:07.085+0000] {taskinstance.py:340} INFO - ::group::Post task execution logs
[2024-11-26T20:22:07.085+0000] {taskinstance.py:352} INFO - Marking task as SUCCESS. dag_id=spotify_etl_dag, task_id=process_artists, run_id=scheduled__2024-11-25T00:00:00+00:00, execution_date=20241125T000000, start_date=20241126T202206, end_date=20241126T202207
[2024-11-26T20:22:07.090+0000] {logging_mixin.py:190} INFO - Task instance in success state
[2024-11-26T20:22:07.091+0000] {logging_mixin.py:190} INFO -  Previous state of the Task instance: running
[2024-11-26T20:22:07.091+0000] {logging_mixin.py:190} INFO - Dag name:spotify_etl_dag queued_at:2024-11-26 20:21:40.276199+00:00
[2024-11-26T20:22:07.091+0000] {logging_mixin.py:190} INFO - Task hostname:da4c4a711107 operator:PythonOperator
[2024-11-26T20:22:07.137+0000] {local_task_job_runner.py:266} INFO - Task exited with return code 0
[2024-11-26T20:22:07.173+0000] {taskinstance.py:3900} INFO - 1 downstream tasks scheduled from follow-on schedule check
[2024-11-26T20:22:07.175+0000] {local_task_job_runner.py:245} INFO - ::endgroup::
