[2024-10-08T09:07:20.345+0000] {local_task_job_runner.py:123} INFO - ::group::Pre task execution logs
[2024-10-08T09:07:20.368+0000] {taskinstance.py:2612} INFO - Dependencies all met for dep_context=non-requeueable deps ti=<TaskInstance: spotify_etl_dag.store_artists_to_s3 manual__2024-10-08T09:06:50.168917+00:00 [queued]>
[2024-10-08T09:07:20.389+0000] {taskinstance.py:2612} INFO - Dependencies all met for dep_context=requeueable deps ti=<TaskInstance: spotify_etl_dag.store_artists_to_s3 manual__2024-10-08T09:06:50.168917+00:00 [queued]>
[2024-10-08T09:07:20.390+0000] {taskinstance.py:2865} INFO - Starting attempt 1 of 1
[2024-10-08T09:07:20.424+0000] {taskinstance.py:2888} INFO - Executing <Task(S3CreateObjectOperator): store_artists_to_s3> on 2024-10-08 09:06:50.168917+00:00
[2024-10-08T09:07:20.460+0000] {warnings.py:112} WARNING - /home/***/.local/lib/python3.12/site-packages/***/task/task_runner/standard_task_runner.py:70: DeprecationWarning: This process (pid=868) is multi-threaded, use of fork() may lead to deadlocks in the child.
  pid = os.fork()

[2024-10-08T09:07:20.470+0000] {standard_task_runner.py:72} INFO - Started process 876 to run task
[2024-10-08T09:07:20.473+0000] {standard_task_runner.py:104} INFO - Running: ['***', 'tasks', 'run', 'spotify_etl_dag', 'store_artists_to_s3', 'manual__2024-10-08T09:06:50.168917+00:00', '--job-id', '442', '--raw', '--subdir', 'DAGS_FOLDER/spotify_***_pipeline.py', '--cfg-path', '/tmp/tmpgs0auek3']
[2024-10-08T09:07:20.475+0000] {standard_task_runner.py:105} INFO - Job 442: Subtask store_artists_to_s3
[2024-10-08T09:07:20.653+0000] {task_command.py:467} INFO - Running <TaskInstance: spotify_etl_dag.store_artists_to_s3 manual__2024-10-08T09:06:50.168917+00:00 [running]> on host da4c4a711107
[2024-10-08T09:07:21.785+0000] {taskinstance.py:3131} INFO - Exporting env vars: AIRFLOW_CTX_DAG_OWNER='Artika' AIRFLOW_CTX_DAG_ID='spotify_etl_dag' AIRFLOW_CTX_TASK_ID='store_artists_to_s3' AIRFLOW_CTX_EXECUTION_DATE='2024-10-08T09:06:50.168917+00:00' AIRFLOW_CTX_TRY_NUMBER='1' AIRFLOW_CTX_DAG_RUN_ID='manual__2024-10-08T09:06:50.168917+00:00'
[2024-10-08T09:07:21.847+0000] {logging_mixin.py:190} INFO - Task instance is in running state
[2024-10-08T09:07:21.906+0000] {logging_mixin.py:190} INFO -  Previous state of the Task instance: queued
[2024-10-08T09:07:21.931+0000] {logging_mixin.py:190} INFO - Current task name:store_artists_to_s3 state:running start_date:2024-10-08 09:07:20.368828+00:00
[2024-10-08T09:07:21.972+0000] {logging_mixin.py:190} INFO - Dag name:spotify_etl_dag and current dag run status:running
[2024-10-08T09:07:21.987+0000] {taskinstance.py:731} INFO - ::endgroup::
[2024-10-08T09:07:28.411+0000] {base.py:84} INFO - Retrieving connection 'aws_s3_bucket'
[2024-10-08T09:07:28.445+0000] {connection_wrapper.py:388} INFO - AWS Connection (conn_id='aws_s3_bucket', conn_type='aws') credentials retrieved from login and password.
[2024-10-08T09:07:41.797+0000] {job.py:229} INFO - Heartbeat recovered after 12.84 seconds
[2024-10-08T09:07:58.015+0000] {job.py:229} INFO - Heartbeat recovered after 16.28 seconds
[2024-10-08T09:07:58.586+0000] {taskinstance.py:340} INFO - ::group::Post task execution logs
[2024-10-08T09:07:58.591+0000] {taskinstance.py:352} INFO - Marking task as SUCCESS. dag_id=spotify_etl_dag, task_id=store_artists_to_s3, run_id=manual__2024-10-08T09:06:50.168917+00:00, execution_date=20241008T090650, start_date=20241008T090720, end_date=20241008T090758
[2024-10-08T09:07:58.632+0000] {logging_mixin.py:190} INFO - Task instance in success state
[2024-10-08T09:07:58.634+0000] {logging_mixin.py:190} INFO -  Previous state of the Task instance: running
[2024-10-08T09:07:58.635+0000] {logging_mixin.py:190} INFO - Dag name:spotify_etl_dag queued_at:2024-10-08 09:06:50.226801+00:00
[2024-10-08T09:07:58.635+0000] {logging_mixin.py:190} INFO - Task hostname:da4c4a711107 operator:S3CreateObjectOperator
[2024-10-08T09:07:58.681+0000] {local_task_job_runner.py:266} INFO - Task exited with return code 0
[2024-10-08T09:07:58.805+0000] {taskinstance.py:3900} INFO - 1 downstream tasks scheduled from follow-on schedule check
[2024-10-08T09:07:58.816+0000] {local_task_job_runner.py:245} INFO - ::endgroup::
