[2024-10-11T00:27:17.942+0000] {local_task_job_runner.py:123} INFO - ::group::Pre task execution logs
[2024-10-11T00:27:17.952+0000] {taskinstance.py:2612} INFO - Dependencies all met for dep_context=non-requeueable deps ti=<TaskInstance: spotify_etl_dag.read_data_from_s3 scheduled__2024-10-10T00:00:00+00:00 [queued]>
[2024-10-11T00:27:17.960+0000] {taskinstance.py:2612} INFO - Dependencies all met for dep_context=requeueable deps ti=<TaskInstance: spotify_etl_dag.read_data_from_s3 scheduled__2024-10-10T00:00:00+00:00 [queued]>
[2024-10-11T00:27:17.961+0000] {taskinstance.py:2865} INFO - Starting attempt 1 of 1
[2024-10-11T00:27:17.969+0000] {taskinstance.py:2888} INFO - Executing <Task(PythonOperator): read_data_from_s3> on 2024-10-10 00:00:00+00:00
[2024-10-11T00:27:17.978+0000] {warnings.py:112} WARNING - /home/***/.local/lib/python3.12/site-packages/***/task/task_runner/standard_task_runner.py:70: DeprecationWarning: This process (pid=4166) is multi-threaded, use of fork() may lead to deadlocks in the child.
  pid = os.fork()

[2024-10-11T00:27:17.980+0000] {standard_task_runner.py:72} INFO - Started process 4168 to run task
[2024-10-11T00:27:17.981+0000] {standard_task_runner.py:104} INFO - Running: ['***', 'tasks', 'run', 'spotify_etl_dag', 'read_data_from_s3', 'scheduled__2024-10-10T00:00:00+00:00', '--job-id', '461', '--raw', '--subdir', 'DAGS_FOLDER/spotify_***_pipeline.py', '--cfg-path', '/tmp/tmpwygym781']
[2024-10-11T00:27:17.982+0000] {standard_task_runner.py:105} INFO - Job 461: Subtask read_data_from_s3
[2024-10-11T00:27:18.024+0000] {task_command.py:467} INFO - Running <TaskInstance: spotify_etl_dag.read_data_from_s3 scheduled__2024-10-10T00:00:00+00:00 [running]> on host da4c4a711107
[2024-10-11T00:27:18.103+0000] {taskinstance.py:3131} INFO - Exporting env vars: AIRFLOW_CTX_DAG_OWNER='Artika' AIRFLOW_CTX_DAG_ID='spotify_etl_dag' AIRFLOW_CTX_TASK_ID='read_data_from_s3' AIRFLOW_CTX_EXECUTION_DATE='2024-10-10T00:00:00+00:00' AIRFLOW_CTX_TRY_NUMBER='1' AIRFLOW_CTX_DAG_RUN_ID='scheduled__2024-10-10T00:00:00+00:00'
[2024-10-11T00:27:18.104+0000] {logging_mixin.py:190} INFO - Task instance is in running state
[2024-10-11T00:27:18.104+0000] {logging_mixin.py:190} INFO -  Previous state of the Task instance: queued
[2024-10-11T00:27:18.104+0000] {logging_mixin.py:190} INFO - Current task name:read_data_from_s3 state:running start_date:2024-10-11 00:27:17.953201+00:00
[2024-10-11T00:27:18.105+0000] {logging_mixin.py:190} INFO - Dag name:spotify_etl_dag and current dag run status:running
[2024-10-11T00:27:18.105+0000] {taskinstance.py:731} INFO - ::endgroup::
[2024-10-11T00:27:18.112+0000] {base.py:84} INFO - Retrieving connection 'aws_s3_bucket'
[2024-10-11T00:27:18.113+0000] {connection_wrapper.py:388} INFO - AWS Connection (conn_id='aws_s3_bucket', conn_type='aws') credentials retrieved from login and password.
[2024-10-11T00:27:21.221+0000] {python.py:240} INFO - Done. Returned value was: None
[2024-10-11T00:27:21.241+0000] {taskinstance.py:340} INFO - ::group::Post task execution logs
[2024-10-11T00:27:21.242+0000] {taskinstance.py:352} INFO - Marking task as SUCCESS. dag_id=spotify_etl_dag, task_id=read_data_from_s3, run_id=scheduled__2024-10-10T00:00:00+00:00, execution_date=20241010T000000, start_date=20241011T002717, end_date=20241011T002721
[2024-10-11T00:27:21.251+0000] {logging_mixin.py:190} INFO - Task instance in success state
[2024-10-11T00:27:21.251+0000] {logging_mixin.py:190} INFO -  Previous state of the Task instance: running
[2024-10-11T00:27:21.252+0000] {logging_mixin.py:190} INFO - Dag name:spotify_etl_dag queued_at:2024-10-11 00:27:02.692601+00:00
[2024-10-11T00:27:21.253+0000] {logging_mixin.py:190} INFO - Task hostname:da4c4a711107 operator:PythonOperator
[2024-10-11T00:27:21.308+0000] {local_task_job_runner.py:266} INFO - Task exited with return code 0
[2024-10-11T00:27:21.376+0000] {taskinstance.py:3900} INFO - 3 downstream tasks scheduled from follow-on schedule check
[2024-10-11T00:27:21.378+0000] {local_task_job_runner.py:245} INFO - ::endgroup::
