[2024-10-10T00:11:39.555+0000] {processor.py:186} INFO - Started process (PID=38816) to work on /opt/airflow/dags/airbnb_postgres_s3.py
[2024-10-10T00:11:39.558+0000] {processor.py:914} INFO - Processing file /opt/airflow/dags/airbnb_postgres_s3.py for tasks to queue
[2024-10-10T00:11:39.598+0000] {logging_mixin.py:190} INFO - [2024-10-10T00:11:39.598+0000] {dagbag.py:587} INFO - Filling up the DagBag from /opt/airflow/dags/airbnb_postgres_s3.py
[2024-10-10T00:11:39.652+0000] {processor.py:925} INFO - DAG(s) 'load_insideairbnb_data' retrieved from /opt/airflow/dags/airbnb_postgres_s3.py
[2024-10-10T00:11:39.713+0000] {logging_mixin.py:190} INFO - [2024-10-10T00:11:39.713+0000] {dag.py:3229} INFO - Sync 1 DAGs
[2024-10-10T00:11:39.756+0000] {logging_mixin.py:190} INFO - [2024-10-10T00:11:39.756+0000] {dag.py:4156} INFO - Setting next_dagrun for load_insideairbnb_data to 2024-10-08 00:00:00+00:00, run_after=2024-10-09 00:00:00+00:00
[2024-10-10T00:11:39.776+0000] {processor.py:208} INFO - Processing /opt/airflow/dags/airbnb_postgres_s3.py took 0.237 seconds
[2024-10-10T01:18:06.743+0000] {processor.py:186} INFO - Started process (PID=38887) to work on /opt/airflow/dags/airbnb_postgres_s3.py
[2024-10-10T01:18:06.745+0000] {processor.py:914} INFO - Processing file /opt/airflow/dags/airbnb_postgres_s3.py for tasks to queue
[2024-10-10T01:18:06.748+0000] {logging_mixin.py:190} INFO - [2024-10-10T01:18:06.748+0000] {dagbag.py:587} INFO - Filling up the DagBag from /opt/airflow/dags/airbnb_postgres_s3.py
[2024-10-10T01:18:06.809+0000] {processor.py:925} INFO - DAG(s) 'load_insideairbnb_data' retrieved from /opt/airflow/dags/airbnb_postgres_s3.py
[2024-10-10T01:18:06.847+0000] {logging_mixin.py:190} INFO - [2024-10-10T01:18:06.847+0000] {dag.py:3229} INFO - Sync 1 DAGs
[2024-10-10T01:18:06.898+0000] {logging_mixin.py:190} INFO - [2024-10-10T01:18:06.897+0000] {dag.py:4156} INFO - Setting next_dagrun for load_insideairbnb_data to 2024-10-08 00:00:00+00:00, run_after=2024-10-09 00:00:00+00:00
[2024-10-10T01:18:06.937+0000] {processor.py:208} INFO - Processing /opt/airflow/dags/airbnb_postgres_s3.py took 0.216 seconds
[2024-10-10T01:52:16.644+0000] {processor.py:186} INFO - Started process (PID=38958) to work on /opt/airflow/dags/airbnb_postgres_s3.py
[2024-10-10T01:52:16.646+0000] {processor.py:914} INFO - Processing file /opt/airflow/dags/airbnb_postgres_s3.py for tasks to queue
[2024-10-10T01:52:16.652+0000] {logging_mixin.py:190} INFO - [2024-10-10T01:52:16.651+0000] {dagbag.py:587} INFO - Filling up the DagBag from /opt/airflow/dags/airbnb_postgres_s3.py
[2024-10-10T01:52:16.723+0000] {processor.py:925} INFO - DAG(s) 'load_insideairbnb_data' retrieved from /opt/airflow/dags/airbnb_postgres_s3.py
[2024-10-10T01:52:16.762+0000] {logging_mixin.py:190} INFO - [2024-10-10T01:52:16.762+0000] {dag.py:3229} INFO - Sync 1 DAGs
[2024-10-10T01:52:16.799+0000] {logging_mixin.py:190} INFO - [2024-10-10T01:52:16.799+0000] {dag.py:4156} INFO - Setting next_dagrun for load_insideairbnb_data to 2024-10-08 00:00:00+00:00, run_after=2024-10-09 00:00:00+00:00
[2024-10-10T01:52:16.832+0000] {processor.py:208} INFO - Processing /opt/airflow/dags/airbnb_postgres_s3.py took 0.265 seconds
[2024-10-10T02:19:09.084+0000] {processor.py:186} INFO - Started process (PID=39029) to work on /opt/airflow/dags/airbnb_postgres_s3.py
[2024-10-10T02:19:09.087+0000] {processor.py:914} INFO - Processing file /opt/airflow/dags/airbnb_postgres_s3.py for tasks to queue
[2024-10-10T02:19:09.095+0000] {logging_mixin.py:190} INFO - [2024-10-10T02:19:09.094+0000] {dagbag.py:587} INFO - Filling up the DagBag from /opt/airflow/dags/airbnb_postgres_s3.py
[2024-10-10T02:19:09.125+0000] {processor.py:925} INFO - DAG(s) 'load_insideairbnb_data' retrieved from /opt/airflow/dags/airbnb_postgres_s3.py
[2024-10-10T02:19:09.157+0000] {logging_mixin.py:190} INFO - [2024-10-10T02:19:09.157+0000] {dag.py:3229} INFO - Sync 1 DAGs
[2024-10-10T02:19:09.187+0000] {logging_mixin.py:190} INFO - [2024-10-10T02:19:09.187+0000] {dag.py:4156} INFO - Setting next_dagrun for load_insideairbnb_data to 2024-10-08 00:00:00+00:00, run_after=2024-10-09 00:00:00+00:00
[2024-10-10T02:19:09.204+0000] {processor.py:208} INFO - Processing /opt/airflow/dags/airbnb_postgres_s3.py took 0.128 seconds
[2024-10-10T03:09:34.179+0000] {processor.py:186} INFO - Started process (PID=39100) to work on /opt/airflow/dags/airbnb_postgres_s3.py
[2024-10-10T03:09:34.181+0000] {processor.py:914} INFO - Processing file /opt/airflow/dags/airbnb_postgres_s3.py for tasks to queue
[2024-10-10T03:09:34.184+0000] {logging_mixin.py:190} INFO - [2024-10-10T03:09:34.184+0000] {dagbag.py:587} INFO - Filling up the DagBag from /opt/airflow/dags/airbnb_postgres_s3.py
[2024-10-10T03:09:34.232+0000] {processor.py:925} INFO - DAG(s) 'load_insideairbnb_data' retrieved from /opt/airflow/dags/airbnb_postgres_s3.py
[2024-10-10T03:09:34.266+0000] {logging_mixin.py:190} INFO - [2024-10-10T03:09:34.265+0000] {dag.py:3229} INFO - Sync 1 DAGs
[2024-10-10T03:09:34.299+0000] {logging_mixin.py:190} INFO - [2024-10-10T03:09:34.299+0000] {dag.py:4156} INFO - Setting next_dagrun for load_insideairbnb_data to 2024-10-08 00:00:00+00:00, run_after=2024-10-09 00:00:00+00:00
[2024-10-10T03:09:34.324+0000] {processor.py:208} INFO - Processing /opt/airflow/dags/airbnb_postgres_s3.py took 0.152 seconds
[2024-10-10T03:56:56.830+0000] {processor.py:186} INFO - Started process (PID=39170) to work on /opt/airflow/dags/airbnb_postgres_s3.py
[2024-10-10T03:56:56.832+0000] {processor.py:914} INFO - Processing file /opt/airflow/dags/airbnb_postgres_s3.py for tasks to queue
[2024-10-10T03:56:56.836+0000] {logging_mixin.py:190} INFO - [2024-10-10T03:56:56.834+0000] {dagbag.py:587} INFO - Filling up the DagBag from /opt/airflow/dags/airbnb_postgres_s3.py
[2024-10-10T03:56:56.865+0000] {processor.py:925} INFO - DAG(s) 'load_insideairbnb_data' retrieved from /opt/airflow/dags/airbnb_postgres_s3.py
[2024-10-10T03:56:56.907+0000] {logging_mixin.py:190} INFO - [2024-10-10T03:56:56.907+0000] {dag.py:3229} INFO - Sync 1 DAGs
[2024-10-10T03:56:56.933+0000] {logging_mixin.py:190} INFO - [2024-10-10T03:56:56.933+0000] {dag.py:4156} INFO - Setting next_dagrun for load_insideairbnb_data to 2024-10-08 00:00:00+00:00, run_after=2024-10-09 00:00:00+00:00
[2024-10-10T03:56:56.956+0000] {processor.py:208} INFO - Processing /opt/airflow/dags/airbnb_postgres_s3.py took 0.133 seconds
[2024-10-10T04:21:11.277+0000] {processor.py:186} INFO - Started process (PID=39240) to work on /opt/airflow/dags/airbnb_postgres_s3.py
[2024-10-10T04:21:11.279+0000] {processor.py:914} INFO - Processing file /opt/airflow/dags/airbnb_postgres_s3.py for tasks to queue
[2024-10-10T04:21:11.280+0000] {logging_mixin.py:190} INFO - [2024-10-10T04:21:11.280+0000] {dagbag.py:587} INFO - Filling up the DagBag from /opt/airflow/dags/airbnb_postgres_s3.py
[2024-10-10T04:21:11.312+0000] {processor.py:925} INFO - DAG(s) 'load_insideairbnb_data' retrieved from /opt/airflow/dags/airbnb_postgres_s3.py
[2024-10-10T04:21:11.356+0000] {logging_mixin.py:190} INFO - [2024-10-10T04:21:11.356+0000] {dag.py:3229} INFO - Sync 1 DAGs
[2024-10-10T04:21:11.380+0000] {logging_mixin.py:190} INFO - [2024-10-10T04:21:11.380+0000] {dag.py:4156} INFO - Setting next_dagrun for load_insideairbnb_data to 2024-10-08 00:00:00+00:00, run_after=2024-10-09 00:00:00+00:00
[2024-10-10T04:21:11.392+0000] {processor.py:208} INFO - Processing /opt/airflow/dags/airbnb_postgres_s3.py took 0.122 seconds
[2024-10-10T05:14:22.443+0000] {processor.py:186} INFO - Started process (PID=39311) to work on /opt/airflow/dags/airbnb_postgres_s3.py
[2024-10-10T05:14:22.446+0000] {processor.py:914} INFO - Processing file /opt/airflow/dags/airbnb_postgres_s3.py for tasks to queue
[2024-10-10T05:14:22.449+0000] {logging_mixin.py:190} INFO - [2024-10-10T05:14:22.448+0000] {dagbag.py:587} INFO - Filling up the DagBag from /opt/airflow/dags/airbnb_postgres_s3.py
[2024-10-10T05:14:22.503+0000] {processor.py:925} INFO - DAG(s) 'load_insideairbnb_data' retrieved from /opt/airflow/dags/airbnb_postgres_s3.py
[2024-10-10T05:14:22.537+0000] {logging_mixin.py:190} INFO - [2024-10-10T05:14:22.537+0000] {dag.py:3229} INFO - Sync 1 DAGs
[2024-10-10T05:14:22.580+0000] {logging_mixin.py:190} INFO - [2024-10-10T05:14:22.579+0000] {dag.py:4156} INFO - Setting next_dagrun for load_insideairbnb_data to 2024-10-08 00:00:00+00:00, run_after=2024-10-09 00:00:00+00:00
[2024-10-10T05:14:22.610+0000] {processor.py:208} INFO - Processing /opt/airflow/dags/airbnb_postgres_s3.py took 0.179 seconds
[2024-10-10T05:47:20.197+0000] {processor.py:186} INFO - Started process (PID=39382) to work on /opt/airflow/dags/airbnb_postgres_s3.py
[2024-10-10T05:47:20.199+0000] {processor.py:914} INFO - Processing file /opt/airflow/dags/airbnb_postgres_s3.py for tasks to queue
[2024-10-10T05:47:20.201+0000] {logging_mixin.py:190} INFO - [2024-10-10T05:47:20.201+0000] {dagbag.py:587} INFO - Filling up the DagBag from /opt/airflow/dags/airbnb_postgres_s3.py
[2024-10-10T05:47:20.252+0000] {processor.py:925} INFO - DAG(s) 'load_insideairbnb_data' retrieved from /opt/airflow/dags/airbnb_postgres_s3.py
[2024-10-10T05:47:20.293+0000] {logging_mixin.py:190} INFO - [2024-10-10T05:47:20.292+0000] {dag.py:3229} INFO - Sync 1 DAGs
[2024-10-10T05:47:20.339+0000] {logging_mixin.py:190} INFO - [2024-10-10T05:47:20.339+0000] {dag.py:4156} INFO - Setting next_dagrun for load_insideairbnb_data to 2024-10-08 00:00:00+00:00, run_after=2024-10-09 00:00:00+00:00
[2024-10-10T05:47:20.361+0000] {processor.py:208} INFO - Processing /opt/airflow/dags/airbnb_postgres_s3.py took 0.175 seconds
[2024-10-10T06:39:41.266+0000] {processor.py:186} INFO - Started process (PID=39453) to work on /opt/airflow/dags/airbnb_postgres_s3.py
[2024-10-10T06:39:41.268+0000] {processor.py:914} INFO - Processing file /opt/airflow/dags/airbnb_postgres_s3.py for tasks to queue
[2024-10-10T06:39:41.269+0000] {logging_mixin.py:190} INFO - [2024-10-10T06:39:41.269+0000] {dagbag.py:587} INFO - Filling up the DagBag from /opt/airflow/dags/airbnb_postgres_s3.py
[2024-10-10T06:39:41.304+0000] {processor.py:925} INFO - DAG(s) 'load_insideairbnb_data' retrieved from /opt/airflow/dags/airbnb_postgres_s3.py
[2024-10-10T06:39:41.336+0000] {logging_mixin.py:190} INFO - [2024-10-10T06:39:41.336+0000] {dag.py:3229} INFO - Sync 1 DAGs
[2024-10-10T06:39:41.366+0000] {logging_mixin.py:190} INFO - [2024-10-10T06:39:41.366+0000] {dag.py:4156} INFO - Setting next_dagrun for load_insideairbnb_data to 2024-10-08 00:00:00+00:00, run_after=2024-10-09 00:00:00+00:00
[2024-10-10T06:39:41.386+0000] {processor.py:208} INFO - Processing /opt/airflow/dags/airbnb_postgres_s3.py took 0.129 seconds
[2024-10-10T07:11:23.735+0000] {processor.py:186} INFO - Started process (PID=39524) to work on /opt/airflow/dags/airbnb_postgres_s3.py
[2024-10-10T07:11:23.735+0000] {processor.py:914} INFO - Processing file /opt/airflow/dags/airbnb_postgres_s3.py for tasks to queue
[2024-10-10T07:11:23.737+0000] {logging_mixin.py:190} INFO - [2024-10-10T07:11:23.737+0000] {dagbag.py:587} INFO - Filling up the DagBag from /opt/airflow/dags/airbnb_postgres_s3.py
[2024-10-10T07:11:23.775+0000] {processor.py:925} INFO - DAG(s) 'load_insideairbnb_data' retrieved from /opt/airflow/dags/airbnb_postgres_s3.py
[2024-10-10T07:11:23.801+0000] {logging_mixin.py:190} INFO - [2024-10-10T07:11:23.801+0000] {dag.py:3229} INFO - Sync 1 DAGs
[2024-10-10T07:11:23.838+0000] {logging_mixin.py:190} INFO - [2024-10-10T07:11:23.838+0000] {dag.py:4156} INFO - Setting next_dagrun for load_insideairbnb_data to 2024-10-08 00:00:00+00:00, run_after=2024-10-09 00:00:00+00:00
[2024-10-10T07:11:23.859+0000] {processor.py:208} INFO - Processing /opt/airflow/dags/airbnb_postgres_s3.py took 0.131 seconds
[2024-10-10T07:39:18.006+0000] {processor.py:186} INFO - Started process (PID=39595) to work on /opt/airflow/dags/airbnb_postgres_s3.py
[2024-10-10T07:39:18.008+0000] {processor.py:914} INFO - Processing file /opt/airflow/dags/airbnb_postgres_s3.py for tasks to queue
[2024-10-10T07:39:18.010+0000] {logging_mixin.py:190} INFO - [2024-10-10T07:39:18.010+0000] {dagbag.py:587} INFO - Filling up the DagBag from /opt/airflow/dags/airbnb_postgres_s3.py
[2024-10-10T07:39:18.047+0000] {processor.py:925} INFO - DAG(s) 'load_insideairbnb_data' retrieved from /opt/airflow/dags/airbnb_postgres_s3.py
[2024-10-10T07:39:18.080+0000] {logging_mixin.py:190} INFO - [2024-10-10T07:39:18.080+0000] {dag.py:3229} INFO - Sync 1 DAGs
[2024-10-10T07:39:18.110+0000] {logging_mixin.py:190} INFO - [2024-10-10T07:39:18.110+0000] {dag.py:4156} INFO - Setting next_dagrun for load_insideairbnb_data to 2024-10-08 00:00:00+00:00, run_after=2024-10-09 00:00:00+00:00
[2024-10-10T07:39:18.127+0000] {processor.py:208} INFO - Processing /opt/airflow/dags/airbnb_postgres_s3.py took 0.135 seconds
[2024-10-10T08:02:58.465+0000] {processor.py:186} INFO - Started process (PID=39666) to work on /opt/airflow/dags/airbnb_postgres_s3.py
[2024-10-10T08:02:58.470+0000] {processor.py:914} INFO - Processing file /opt/airflow/dags/airbnb_postgres_s3.py for tasks to queue
[2024-10-10T08:02:58.475+0000] {logging_mixin.py:190} INFO - [2024-10-10T08:02:58.474+0000] {dagbag.py:587} INFO - Filling up the DagBag from /opt/airflow/dags/airbnb_postgres_s3.py
[2024-10-10T08:02:58.504+0000] {processor.py:925} INFO - DAG(s) 'load_insideairbnb_data' retrieved from /opt/airflow/dags/airbnb_postgres_s3.py
[2024-10-10T08:02:58.544+0000] {logging_mixin.py:190} INFO - [2024-10-10T08:02:58.544+0000] {dag.py:3229} INFO - Sync 1 DAGs
[2024-10-10T08:02:58.577+0000] {logging_mixin.py:190} INFO - [2024-10-10T08:02:58.577+0000] {dag.py:4156} INFO - Setting next_dagrun for load_insideairbnb_data to 2024-10-08 00:00:00+00:00, run_after=2024-10-09 00:00:00+00:00
[2024-10-10T08:02:58.596+0000] {processor.py:208} INFO - Processing /opt/airflow/dags/airbnb_postgres_s3.py took 0.137 seconds
[2024-10-10T08:12:04.605+0000] {processor.py:186} INFO - Started process (PID=39737) to work on /opt/airflow/dags/airbnb_postgres_s3.py
[2024-10-10T08:12:04.607+0000] {processor.py:914} INFO - Processing file /opt/airflow/dags/airbnb_postgres_s3.py for tasks to queue
[2024-10-10T08:12:04.608+0000] {logging_mixin.py:190} INFO - [2024-10-10T08:12:04.608+0000] {dagbag.py:587} INFO - Filling up the DagBag from /opt/airflow/dags/airbnb_postgres_s3.py
[2024-10-10T08:12:04.644+0000] {processor.py:925} INFO - DAG(s) 'load_insideairbnb_data' retrieved from /opt/airflow/dags/airbnb_postgres_s3.py
[2024-10-10T08:12:04.686+0000] {logging_mixin.py:190} INFO - [2024-10-10T08:12:04.686+0000] {dag.py:3229} INFO - Sync 1 DAGs
[2024-10-10T08:12:04.714+0000] {logging_mixin.py:190} INFO - [2024-10-10T08:12:04.713+0000] {dag.py:4156} INFO - Setting next_dagrun for load_insideairbnb_data to 2024-10-08 00:00:00+00:00, run_after=2024-10-09 00:00:00+00:00
[2024-10-10T08:12:04.732+0000] {processor.py:208} INFO - Processing /opt/airflow/dags/airbnb_postgres_s3.py took 0.135 seconds
[2024-10-10T08:24:32.777+0000] {processor.py:186} INFO - Started process (PID=39807) to work on /opt/airflow/dags/airbnb_postgres_s3.py
[2024-10-10T08:24:32.780+0000] {processor.py:914} INFO - Processing file /opt/airflow/dags/airbnb_postgres_s3.py for tasks to queue
[2024-10-10T08:24:32.781+0000] {logging_mixin.py:190} INFO - [2024-10-10T08:24:32.781+0000] {dagbag.py:587} INFO - Filling up the DagBag from /opt/airflow/dags/airbnb_postgres_s3.py
[2024-10-10T08:24:32.804+0000] {processor.py:925} INFO - DAG(s) 'load_insideairbnb_data' retrieved from /opt/airflow/dags/airbnb_postgres_s3.py
[2024-10-10T08:24:32.853+0000] {logging_mixin.py:190} INFO - [2024-10-10T08:24:32.853+0000] {dag.py:3229} INFO - Sync 1 DAGs
[2024-10-10T08:24:32.880+0000] {logging_mixin.py:190} INFO - [2024-10-10T08:24:32.880+0000] {dag.py:4156} INFO - Setting next_dagrun for load_insideairbnb_data to 2024-10-08 00:00:00+00:00, run_after=2024-10-09 00:00:00+00:00
[2024-10-10T08:24:32.898+0000] {processor.py:208} INFO - Processing /opt/airflow/dags/airbnb_postgres_s3.py took 0.129 seconds
[2024-10-10T08:25:03.562+0000] {processor.py:186} INFO - Started process (PID=39879) to work on /opt/airflow/dags/airbnb_postgres_s3.py
[2024-10-10T08:25:03.563+0000] {processor.py:914} INFO - Processing file /opt/airflow/dags/airbnb_postgres_s3.py for tasks to queue
[2024-10-10T08:25:03.565+0000] {logging_mixin.py:190} INFO - [2024-10-10T08:25:03.565+0000] {dagbag.py:587} INFO - Filling up the DagBag from /opt/airflow/dags/airbnb_postgres_s3.py
[2024-10-10T08:25:03.601+0000] {processor.py:925} INFO - DAG(s) 'load_insideairbnb_data' retrieved from /opt/airflow/dags/airbnb_postgres_s3.py
[2024-10-10T08:25:03.640+0000] {logging_mixin.py:190} INFO - [2024-10-10T08:25:03.640+0000] {dag.py:3229} INFO - Sync 1 DAGs
[2024-10-10T08:25:03.661+0000] {logging_mixin.py:190} INFO - [2024-10-10T08:25:03.661+0000] {dag.py:4156} INFO - Setting next_dagrun for load_insideairbnb_data to 2024-10-08 00:00:00+00:00, run_after=2024-10-09 00:00:00+00:00
[2024-10-10T08:25:03.685+0000] {processor.py:208} INFO - Processing /opt/airflow/dags/airbnb_postgres_s3.py took 0.133 seconds
[2024-10-10T09:14:57.188+0000] {processor.py:186} INFO - Started process (PID=39950) to work on /opt/airflow/dags/airbnb_postgres_s3.py
[2024-10-10T09:14:57.191+0000] {processor.py:914} INFO - Processing file /opt/airflow/dags/airbnb_postgres_s3.py for tasks to queue
[2024-10-10T09:14:57.195+0000] {logging_mixin.py:190} INFO - [2024-10-10T09:14:57.194+0000] {dagbag.py:587} INFO - Filling up the DagBag from /opt/airflow/dags/airbnb_postgres_s3.py
[2024-10-10T09:14:57.224+0000] {processor.py:925} INFO - DAG(s) 'load_insideairbnb_data' retrieved from /opt/airflow/dags/airbnb_postgres_s3.py
[2024-10-10T09:14:57.260+0000] {logging_mixin.py:190} INFO - [2024-10-10T09:14:57.260+0000] {dag.py:3229} INFO - Sync 1 DAGs
[2024-10-10T09:14:57.283+0000] {logging_mixin.py:190} INFO - [2024-10-10T09:14:57.283+0000] {dag.py:4156} INFO - Setting next_dagrun for load_insideairbnb_data to 2024-10-08 00:00:00+00:00, run_after=2024-10-09 00:00:00+00:00
[2024-10-10T09:14:57.295+0000] {processor.py:208} INFO - Processing /opt/airflow/dags/airbnb_postgres_s3.py took 0.115 seconds
[2024-10-10T10:21:17.481+0000] {processor.py:186} INFO - Started process (PID=40021) to work on /opt/airflow/dags/airbnb_postgres_s3.py
[2024-10-10T10:21:17.483+0000] {processor.py:914} INFO - Processing file /opt/airflow/dags/airbnb_postgres_s3.py for tasks to queue
[2024-10-10T10:21:17.486+0000] {logging_mixin.py:190} INFO - [2024-10-10T10:21:17.485+0000] {dagbag.py:587} INFO - Filling up the DagBag from /opt/airflow/dags/airbnb_postgres_s3.py
[2024-10-10T10:21:17.516+0000] {processor.py:925} INFO - DAG(s) 'load_insideairbnb_data' retrieved from /opt/airflow/dags/airbnb_postgres_s3.py
[2024-10-10T10:21:17.548+0000] {logging_mixin.py:190} INFO - [2024-10-10T10:21:17.548+0000] {dag.py:3229} INFO - Sync 1 DAGs
[2024-10-10T10:21:17.575+0000] {logging_mixin.py:190} INFO - [2024-10-10T10:21:17.575+0000] {dag.py:4156} INFO - Setting next_dagrun for load_insideairbnb_data to 2024-10-08 00:00:00+00:00, run_after=2024-10-09 00:00:00+00:00
[2024-10-10T10:21:17.591+0000] {processor.py:208} INFO - Processing /opt/airflow/dags/airbnb_postgres_s3.py took 0.126 seconds
[2024-10-10T10:44:14.334+0000] {processor.py:186} INFO - Started process (PID=40092) to work on /opt/airflow/dags/airbnb_postgres_s3.py
[2024-10-10T10:44:14.337+0000] {processor.py:914} INFO - Processing file /opt/airflow/dags/airbnb_postgres_s3.py for tasks to queue
[2024-10-10T10:44:14.340+0000] {logging_mixin.py:190} INFO - [2024-10-10T10:44:14.339+0000] {dagbag.py:587} INFO - Filling up the DagBag from /opt/airflow/dags/airbnb_postgres_s3.py
[2024-10-10T10:44:14.461+0000] {processor.py:925} INFO - DAG(s) 'load_insideairbnb_data' retrieved from /opt/airflow/dags/airbnb_postgres_s3.py
[2024-10-10T10:44:14.528+0000] {logging_mixin.py:190} INFO - [2024-10-10T10:44:14.528+0000] {dag.py:3229} INFO - Sync 1 DAGs
[2024-10-10T10:44:14.611+0000] {logging_mixin.py:190} INFO - [2024-10-10T10:44:14.611+0000] {dag.py:4156} INFO - Setting next_dagrun for load_insideairbnb_data to 2024-10-08 00:00:00+00:00, run_after=2024-10-09 00:00:00+00:00
[2024-10-10T10:44:14.634+0000] {processor.py:208} INFO - Processing /opt/airflow/dags/airbnb_postgres_s3.py took 0.319 seconds
[2024-10-10T11:15:56.890+0000] {processor.py:186} INFO - Started process (PID=40163) to work on /opt/airflow/dags/airbnb_postgres_s3.py
[2024-10-10T11:15:56.892+0000] {processor.py:914} INFO - Processing file /opt/airflow/dags/airbnb_postgres_s3.py for tasks to queue
[2024-10-10T11:15:56.895+0000] {logging_mixin.py:190} INFO - [2024-10-10T11:15:56.894+0000] {dagbag.py:587} INFO - Filling up the DagBag from /opt/airflow/dags/airbnb_postgres_s3.py
[2024-10-10T11:15:56.940+0000] {processor.py:925} INFO - DAG(s) 'load_insideairbnb_data' retrieved from /opt/airflow/dags/airbnb_postgres_s3.py
[2024-10-10T11:15:56.988+0000] {logging_mixin.py:190} INFO - [2024-10-10T11:15:56.988+0000] {dag.py:3229} INFO - Sync 1 DAGs
[2024-10-10T11:15:57.010+0000] {logging_mixin.py:190} INFO - [2024-10-10T11:15:57.010+0000] {dag.py:4156} INFO - Setting next_dagrun for load_insideairbnb_data to 2024-10-08 00:00:00+00:00, run_after=2024-10-09 00:00:00+00:00
[2024-10-10T11:15:57.039+0000] {processor.py:208} INFO - Processing /opt/airflow/dags/airbnb_postgres_s3.py took 0.168 seconds
[2024-10-10T11:16:27.720+0000] {processor.py:186} INFO - Started process (PID=40234) to work on /opt/airflow/dags/airbnb_postgres_s3.py
[2024-10-10T11:16:27.724+0000] {processor.py:914} INFO - Processing file /opt/airflow/dags/airbnb_postgres_s3.py for tasks to queue
[2024-10-10T11:16:27.728+0000] {logging_mixin.py:190} INFO - [2024-10-10T11:16:27.727+0000] {dagbag.py:587} INFO - Filling up the DagBag from /opt/airflow/dags/airbnb_postgres_s3.py
[2024-10-10T11:16:27.764+0000] {processor.py:925} INFO - DAG(s) 'load_insideairbnb_data' retrieved from /opt/airflow/dags/airbnb_postgres_s3.py
[2024-10-10T11:16:27.803+0000] {logging_mixin.py:190} INFO - [2024-10-10T11:16:27.803+0000] {dag.py:3229} INFO - Sync 1 DAGs
[2024-10-10T11:16:27.826+0000] {logging_mixin.py:190} INFO - [2024-10-10T11:16:27.826+0000] {dag.py:4156} INFO - Setting next_dagrun for load_insideairbnb_data to 2024-10-08 00:00:00+00:00, run_after=2024-10-09 00:00:00+00:00
[2024-10-10T11:16:27.838+0000] {processor.py:208} INFO - Processing /opt/airflow/dags/airbnb_postgres_s3.py took 0.128 seconds
[2024-10-10T12:21:21.342+0000] {processor.py:186} INFO - Started process (PID=40305) to work on /opt/airflow/dags/airbnb_postgres_s3.py
[2024-10-10T12:21:21.345+0000] {processor.py:914} INFO - Processing file /opt/airflow/dags/airbnb_postgres_s3.py for tasks to queue
[2024-10-10T12:21:21.348+0000] {logging_mixin.py:190} INFO - [2024-10-10T12:21:21.348+0000] {dagbag.py:587} INFO - Filling up the DagBag from /opt/airflow/dags/airbnb_postgres_s3.py
[2024-10-10T12:21:21.395+0000] {processor.py:925} INFO - DAG(s) 'load_insideairbnb_data' retrieved from /opt/airflow/dags/airbnb_postgres_s3.py
[2024-10-10T12:21:21.435+0000] {logging_mixin.py:190} INFO - [2024-10-10T12:21:21.435+0000] {dag.py:3229} INFO - Sync 1 DAGs
[2024-10-10T12:21:21.456+0000] {logging_mixin.py:190} INFO - [2024-10-10T12:21:21.456+0000] {dag.py:4156} INFO - Setting next_dagrun for load_insideairbnb_data to 2024-10-08 00:00:00+00:00, run_after=2024-10-09 00:00:00+00:00
[2024-10-10T12:21:21.469+0000] {processor.py:208} INFO - Processing /opt/airflow/dags/airbnb_postgres_s3.py took 0.136 seconds
[2024-10-10T12:50:51.406+0000] {processor.py:186} INFO - Started process (PID=40375) to work on /opt/airflow/dags/airbnb_postgres_s3.py
[2024-10-10T12:50:51.407+0000] {processor.py:914} INFO - Processing file /opt/airflow/dags/airbnb_postgres_s3.py for tasks to queue
[2024-10-10T12:50:51.409+0000] {logging_mixin.py:190} INFO - [2024-10-10T12:50:51.408+0000] {dagbag.py:587} INFO - Filling up the DagBag from /opt/airflow/dags/airbnb_postgres_s3.py
[2024-10-10T12:50:51.441+0000] {processor.py:925} INFO - DAG(s) 'load_insideairbnb_data' retrieved from /opt/airflow/dags/airbnb_postgres_s3.py
[2024-10-10T12:50:51.466+0000] {logging_mixin.py:190} INFO - [2024-10-10T12:50:51.466+0000] {dag.py:3229} INFO - Sync 1 DAGs
[2024-10-10T12:50:51.499+0000] {logging_mixin.py:190} INFO - [2024-10-10T12:50:51.499+0000] {dag.py:4156} INFO - Setting next_dagrun for load_insideairbnb_data to 2024-10-08 00:00:00+00:00, run_after=2024-10-09 00:00:00+00:00
[2024-10-10T12:50:51.513+0000] {processor.py:208} INFO - Processing /opt/airflow/dags/airbnb_postgres_s3.py took 0.115 seconds
[2024-10-10T13:08:18.116+0000] {processor.py:186} INFO - Started process (PID=40446) to work on /opt/airflow/dags/airbnb_postgres_s3.py
[2024-10-10T13:08:18.120+0000] {processor.py:914} INFO - Processing file /opt/airflow/dags/airbnb_postgres_s3.py for tasks to queue
[2024-10-10T13:08:18.122+0000] {logging_mixin.py:190} INFO - [2024-10-10T13:08:18.122+0000] {dagbag.py:587} INFO - Filling up the DagBag from /opt/airflow/dags/airbnb_postgres_s3.py
[2024-10-10T13:08:18.158+0000] {processor.py:925} INFO - DAG(s) 'load_insideairbnb_data' retrieved from /opt/airflow/dags/airbnb_postgres_s3.py
[2024-10-10T13:08:18.197+0000] {logging_mixin.py:190} INFO - [2024-10-10T13:08:18.197+0000] {dag.py:3229} INFO - Sync 1 DAGs
[2024-10-10T13:08:18.220+0000] {logging_mixin.py:190} INFO - [2024-10-10T13:08:18.220+0000] {dag.py:4156} INFO - Setting next_dagrun for load_insideairbnb_data to 2024-10-08 00:00:00+00:00, run_after=2024-10-09 00:00:00+00:00
[2024-10-10T13:08:18.231+0000] {processor.py:208} INFO - Processing /opt/airflow/dags/airbnb_postgres_s3.py took 0.123 seconds
[2024-10-10T13:51:01.795+0000] {processor.py:186} INFO - Started process (PID=40517) to work on /opt/airflow/dags/airbnb_postgres_s3.py
[2024-10-10T13:51:01.798+0000] {processor.py:914} INFO - Processing file /opt/airflow/dags/airbnb_postgres_s3.py for tasks to queue
[2024-10-10T13:51:01.801+0000] {logging_mixin.py:190} INFO - [2024-10-10T13:51:01.800+0000] {dagbag.py:587} INFO - Filling up the DagBag from /opt/airflow/dags/airbnb_postgres_s3.py
[2024-10-10T13:51:01.904+0000] {processor.py:925} INFO - DAG(s) 'load_insideairbnb_data' retrieved from /opt/airflow/dags/airbnb_postgres_s3.py
[2024-10-10T13:51:02.071+0000] {logging_mixin.py:190} INFO - [2024-10-10T13:51:02.071+0000] {dag.py:3229} INFO - Sync 1 DAGs
[2024-10-10T13:51:02.122+0000] {logging_mixin.py:190} INFO - [2024-10-10T13:51:02.122+0000] {dag.py:4156} INFO - Setting next_dagrun for load_insideairbnb_data to 2024-10-08 00:00:00+00:00, run_after=2024-10-09 00:00:00+00:00
[2024-10-10T13:51:02.185+0000] {processor.py:208} INFO - Processing /opt/airflow/dags/airbnb_postgres_s3.py took 0.454 seconds
[2024-10-10T14:18:16.415+0000] {processor.py:186} INFO - Started process (PID=40588) to work on /opt/airflow/dags/airbnb_postgres_s3.py
[2024-10-10T14:18:16.419+0000] {processor.py:914} INFO - Processing file /opt/airflow/dags/airbnb_postgres_s3.py for tasks to queue
[2024-10-10T14:18:16.422+0000] {logging_mixin.py:190} INFO - [2024-10-10T14:18:16.421+0000] {dagbag.py:587} INFO - Filling up the DagBag from /opt/airflow/dags/airbnb_postgres_s3.py
[2024-10-10T14:18:16.455+0000] {processor.py:925} INFO - DAG(s) 'load_insideairbnb_data' retrieved from /opt/airflow/dags/airbnb_postgres_s3.py
[2024-10-10T14:18:16.491+0000] {logging_mixin.py:190} INFO - [2024-10-10T14:18:16.491+0000] {dag.py:3229} INFO - Sync 1 DAGs
[2024-10-10T14:18:16.514+0000] {logging_mixin.py:190} INFO - [2024-10-10T14:18:16.513+0000] {dag.py:4156} INFO - Setting next_dagrun for load_insideairbnb_data to 2024-10-08 00:00:00+00:00, run_after=2024-10-09 00:00:00+00:00
[2024-10-10T14:18:16.539+0000] {processor.py:208} INFO - Processing /opt/airflow/dags/airbnb_postgres_s3.py took 0.133 seconds
[2024-10-10T14:50:15.771+0000] {processor.py:186} INFO - Started process (PID=40659) to work on /opt/airflow/dags/airbnb_postgres_s3.py
[2024-10-10T14:50:15.774+0000] {processor.py:914} INFO - Processing file /opt/airflow/dags/airbnb_postgres_s3.py for tasks to queue
[2024-10-10T14:50:15.777+0000] {logging_mixin.py:190} INFO - [2024-10-10T14:50:15.776+0000] {dagbag.py:587} INFO - Filling up the DagBag from /opt/airflow/dags/airbnb_postgres_s3.py
[2024-10-10T14:50:15.811+0000] {processor.py:925} INFO - DAG(s) 'load_insideairbnb_data' retrieved from /opt/airflow/dags/airbnb_postgres_s3.py
[2024-10-10T14:50:15.848+0000] {logging_mixin.py:190} INFO - [2024-10-10T14:50:15.847+0000] {dag.py:3229} INFO - Sync 1 DAGs
[2024-10-10T14:50:15.870+0000] {logging_mixin.py:190} INFO - [2024-10-10T14:50:15.870+0000] {dag.py:4156} INFO - Setting next_dagrun for load_insideairbnb_data to 2024-10-08 00:00:00+00:00, run_after=2024-10-09 00:00:00+00:00
[2024-10-10T14:50:15.882+0000] {processor.py:208} INFO - Processing /opt/airflow/dags/airbnb_postgres_s3.py took 0.118 seconds
[2024-10-10T15:19:01.116+0000] {processor.py:186} INFO - Started process (PID=40730) to work on /opt/airflow/dags/airbnb_postgres_s3.py
[2024-10-10T15:19:01.118+0000] {processor.py:914} INFO - Processing file /opt/airflow/dags/airbnb_postgres_s3.py for tasks to queue
[2024-10-10T15:19:01.120+0000] {logging_mixin.py:190} INFO - [2024-10-10T15:19:01.120+0000] {dagbag.py:587} INFO - Filling up the DagBag from /opt/airflow/dags/airbnb_postgres_s3.py
[2024-10-10T15:19:01.162+0000] {processor.py:925} INFO - DAG(s) 'load_insideairbnb_data' retrieved from /opt/airflow/dags/airbnb_postgres_s3.py
[2024-10-10T15:19:01.190+0000] {logging_mixin.py:190} INFO - [2024-10-10T15:19:01.190+0000] {dag.py:3229} INFO - Sync 1 DAGs
[2024-10-10T15:19:01.212+0000] {logging_mixin.py:190} INFO - [2024-10-10T15:19:01.212+0000] {dag.py:4156} INFO - Setting next_dagrun for load_insideairbnb_data to 2024-10-08 00:00:00+00:00, run_after=2024-10-09 00:00:00+00:00
[2024-10-10T15:19:01.230+0000] {processor.py:208} INFO - Processing /opt/airflow/dags/airbnb_postgres_s3.py took 0.134 seconds
[2024-10-10T15:50:08.074+0000] {processor.py:186} INFO - Started process (PID=40801) to work on /opt/airflow/dags/airbnb_postgres_s3.py
[2024-10-10T15:50:08.079+0000] {processor.py:914} INFO - Processing file /opt/airflow/dags/airbnb_postgres_s3.py for tasks to queue
[2024-10-10T15:50:08.081+0000] {logging_mixin.py:190} INFO - [2024-10-10T15:50:08.081+0000] {dagbag.py:587} INFO - Filling up the DagBag from /opt/airflow/dags/airbnb_postgres_s3.py
[2024-10-10T15:50:08.112+0000] {processor.py:925} INFO - DAG(s) 'load_insideairbnb_data' retrieved from /opt/airflow/dags/airbnb_postgres_s3.py
[2024-10-10T15:50:08.134+0000] {logging_mixin.py:190} INFO - [2024-10-10T15:50:08.134+0000] {dag.py:3229} INFO - Sync 1 DAGs
[2024-10-10T15:50:08.152+0000] {logging_mixin.py:190} INFO - [2024-10-10T15:50:08.152+0000] {dag.py:4156} INFO - Setting next_dagrun for load_insideairbnb_data to 2024-10-08 00:00:00+00:00, run_after=2024-10-09 00:00:00+00:00
[2024-10-10T15:50:08.167+0000] {processor.py:208} INFO - Processing /opt/airflow/dags/airbnb_postgres_s3.py took 0.098 seconds
[2024-10-10T16:36:36.212+0000] {processor.py:186} INFO - Started process (PID=40872) to work on /opt/airflow/dags/airbnb_postgres_s3.py
[2024-10-10T16:36:36.216+0000] {processor.py:914} INFO - Processing file /opt/airflow/dags/airbnb_postgres_s3.py for tasks to queue
[2024-10-10T16:36:36.218+0000] {logging_mixin.py:190} INFO - [2024-10-10T16:36:36.218+0000] {dagbag.py:587} INFO - Filling up the DagBag from /opt/airflow/dags/airbnb_postgres_s3.py
[2024-10-10T16:36:36.279+0000] {processor.py:925} INFO - DAG(s) 'load_insideairbnb_data' retrieved from /opt/airflow/dags/airbnb_postgres_s3.py
[2024-10-10T16:36:36.388+0000] {logging_mixin.py:190} INFO - [2024-10-10T16:36:36.388+0000] {dag.py:3229} INFO - Sync 1 DAGs
[2024-10-10T16:36:36.420+0000] {logging_mixin.py:190} INFO - [2024-10-10T16:36:36.420+0000] {dag.py:4156} INFO - Setting next_dagrun for load_insideairbnb_data to 2024-10-08 00:00:00+00:00, run_after=2024-10-09 00:00:00+00:00
[2024-10-10T16:36:36.442+0000] {processor.py:208} INFO - Processing /opt/airflow/dags/airbnb_postgres_s3.py took 0.260 seconds
[2024-10-10T16:45:44.737+0000] {processor.py:186} INFO - Started process (PID=40943) to work on /opt/airflow/dags/airbnb_postgres_s3.py
[2024-10-10T16:45:44.740+0000] {processor.py:914} INFO - Processing file /opt/airflow/dags/airbnb_postgres_s3.py for tasks to queue
[2024-10-10T16:45:44.749+0000] {logging_mixin.py:190} INFO - [2024-10-10T16:45:44.748+0000] {dagbag.py:587} INFO - Filling up the DagBag from /opt/airflow/dags/airbnb_postgres_s3.py
[2024-10-10T16:45:44.795+0000] {processor.py:925} INFO - DAG(s) 'load_insideairbnb_data' retrieved from /opt/airflow/dags/airbnb_postgres_s3.py
[2024-10-10T16:45:44.844+0000] {logging_mixin.py:190} INFO - [2024-10-10T16:45:44.844+0000] {dag.py:3229} INFO - Sync 1 DAGs
[2024-10-10T16:45:44.875+0000] {logging_mixin.py:190} INFO - [2024-10-10T16:45:44.875+0000] {dag.py:4156} INFO - Setting next_dagrun for load_insideairbnb_data to 2024-10-08 00:00:00+00:00, run_after=2024-10-09 00:00:00+00:00
[2024-10-10T16:45:44.892+0000] {processor.py:208} INFO - Processing /opt/airflow/dags/airbnb_postgres_s3.py took 0.165 seconds
[2024-10-10T17:20:00.273+0000] {processor.py:186} INFO - Started process (PID=41013) to work on /opt/airflow/dags/airbnb_postgres_s3.py
[2024-10-10T17:20:00.275+0000] {processor.py:914} INFO - Processing file /opt/airflow/dags/airbnb_postgres_s3.py for tasks to queue
[2024-10-10T17:20:00.278+0000] {logging_mixin.py:190} INFO - [2024-10-10T17:20:00.277+0000] {dagbag.py:587} INFO - Filling up the DagBag from /opt/airflow/dags/airbnb_postgres_s3.py
[2024-10-10T17:20:00.315+0000] {processor.py:925} INFO - DAG(s) 'load_insideairbnb_data' retrieved from /opt/airflow/dags/airbnb_postgres_s3.py
[2024-10-10T17:20:00.356+0000] {logging_mixin.py:190} INFO - [2024-10-10T17:20:00.356+0000] {dag.py:3229} INFO - Sync 1 DAGs
[2024-10-10T17:20:00.407+0000] {logging_mixin.py:190} INFO - [2024-10-10T17:20:00.407+0000] {dag.py:4156} INFO - Setting next_dagrun for load_insideairbnb_data to 2024-10-08 00:00:00+00:00, run_after=2024-10-09 00:00:00+00:00
[2024-10-10T17:20:00.429+0000] {processor.py:208} INFO - Processing /opt/airflow/dags/airbnb_postgres_s3.py took 0.164 seconds
[2024-10-10T18:21:00.425+0000] {processor.py:186} INFO - Started process (PID=41084) to work on /opt/airflow/dags/airbnb_postgres_s3.py
[2024-10-10T18:21:00.426+0000] {processor.py:914} INFO - Processing file /opt/airflow/dags/airbnb_postgres_s3.py for tasks to queue
[2024-10-10T18:21:00.427+0000] {logging_mixin.py:190} INFO - [2024-10-10T18:21:00.427+0000] {dagbag.py:587} INFO - Filling up the DagBag from /opt/airflow/dags/airbnb_postgres_s3.py
[2024-10-10T18:21:00.468+0000] {processor.py:925} INFO - DAG(s) 'load_insideairbnb_data' retrieved from /opt/airflow/dags/airbnb_postgres_s3.py
[2024-10-10T18:21:00.499+0000] {logging_mixin.py:190} INFO - [2024-10-10T18:21:00.499+0000] {dag.py:3229} INFO - Sync 1 DAGs
[2024-10-10T18:21:00.520+0000] {logging_mixin.py:190} INFO - [2024-10-10T18:21:00.520+0000] {dag.py:4156} INFO - Setting next_dagrun for load_insideairbnb_data to 2024-10-08 00:00:00+00:00, run_after=2024-10-09 00:00:00+00:00
[2024-10-10T18:21:00.536+0000] {processor.py:208} INFO - Processing /opt/airflow/dags/airbnb_postgres_s3.py took 0.121 seconds
[2024-10-10T18:38:25.786+0000] {processor.py:186} INFO - Started process (PID=41155) to work on /opt/airflow/dags/airbnb_postgres_s3.py
[2024-10-10T18:38:25.788+0000] {processor.py:914} INFO - Processing file /opt/airflow/dags/airbnb_postgres_s3.py for tasks to queue
[2024-10-10T18:38:25.790+0000] {logging_mixin.py:190} INFO - [2024-10-10T18:38:25.790+0000] {dagbag.py:587} INFO - Filling up the DagBag from /opt/airflow/dags/airbnb_postgres_s3.py
[2024-10-10T18:38:25.838+0000] {processor.py:925} INFO - DAG(s) 'load_insideairbnb_data' retrieved from /opt/airflow/dags/airbnb_postgres_s3.py
[2024-10-10T18:38:25.866+0000] {logging_mixin.py:190} INFO - [2024-10-10T18:38:25.866+0000] {dag.py:3229} INFO - Sync 1 DAGs
[2024-10-10T18:38:25.899+0000] {logging_mixin.py:190} INFO - [2024-10-10T18:38:25.898+0000] {dag.py:4156} INFO - Setting next_dagrun for load_insideairbnb_data to 2024-10-08 00:00:00+00:00, run_after=2024-10-09 00:00:00+00:00
[2024-10-10T18:38:25.910+0000] {processor.py:208} INFO - Processing /opt/airflow/dags/airbnb_postgres_s3.py took 0.140 seconds
[2024-10-10T19:39:10.542+0000] {processor.py:186} INFO - Started process (PID=41226) to work on /opt/airflow/dags/airbnb_postgres_s3.py
[2024-10-10T19:39:10.544+0000] {processor.py:914} INFO - Processing file /opt/airflow/dags/airbnb_postgres_s3.py for tasks to queue
[2024-10-10T19:39:10.546+0000] {logging_mixin.py:190} INFO - [2024-10-10T19:39:10.546+0000] {dagbag.py:587} INFO - Filling up the DagBag from /opt/airflow/dags/airbnb_postgres_s3.py
[2024-10-10T19:39:10.608+0000] {processor.py:925} INFO - DAG(s) 'load_insideairbnb_data' retrieved from /opt/airflow/dags/airbnb_postgres_s3.py
[2024-10-10T19:39:10.663+0000] {logging_mixin.py:190} INFO - [2024-10-10T19:39:10.663+0000] {dag.py:3229} INFO - Sync 1 DAGs
[2024-10-10T19:39:10.701+0000] {logging_mixin.py:190} INFO - [2024-10-10T19:39:10.701+0000] {dag.py:4156} INFO - Setting next_dagrun for load_insideairbnb_data to 2024-10-08 00:00:00+00:00, run_after=2024-10-09 00:00:00+00:00
[2024-10-10T19:39:10.727+0000] {processor.py:208} INFO - Processing /opt/airflow/dags/airbnb_postgres_s3.py took 0.193 seconds
[2024-10-10T20:23:14.215+0000] {processor.py:186} INFO - Started process (PID=41297) to work on /opt/airflow/dags/airbnb_postgres_s3.py
[2024-10-10T20:23:14.217+0000] {processor.py:914} INFO - Processing file /opt/airflow/dags/airbnb_postgres_s3.py for tasks to queue
[2024-10-10T20:23:14.220+0000] {logging_mixin.py:190} INFO - [2024-10-10T20:23:14.220+0000] {dagbag.py:587} INFO - Filling up the DagBag from /opt/airflow/dags/airbnb_postgres_s3.py
[2024-10-10T20:23:14.259+0000] {processor.py:925} INFO - DAG(s) 'load_insideairbnb_data' retrieved from /opt/airflow/dags/airbnb_postgres_s3.py
[2024-10-10T20:23:14.288+0000] {logging_mixin.py:190} INFO - [2024-10-10T20:23:14.288+0000] {dag.py:3229} INFO - Sync 1 DAGs
[2024-10-10T20:23:14.321+0000] {logging_mixin.py:190} INFO - [2024-10-10T20:23:14.321+0000] {dag.py:4156} INFO - Setting next_dagrun for load_insideairbnb_data to 2024-10-08 00:00:00+00:00, run_after=2024-10-09 00:00:00+00:00
[2024-10-10T20:23:14.342+0000] {processor.py:208} INFO - Processing /opt/airflow/dags/airbnb_postgres_s3.py took 0.136 seconds
[2024-10-10T20:54:19.522+0000] {processor.py:186} INFO - Started process (PID=41368) to work on /opt/airflow/dags/airbnb_postgres_s3.py
[2024-10-10T20:54:19.527+0000] {processor.py:914} INFO - Processing file /opt/airflow/dags/airbnb_postgres_s3.py for tasks to queue
[2024-10-10T20:54:19.529+0000] {logging_mixin.py:190} INFO - [2024-10-10T20:54:19.529+0000] {dagbag.py:587} INFO - Filling up the DagBag from /opt/airflow/dags/airbnb_postgres_s3.py
[2024-10-10T20:54:19.560+0000] {processor.py:925} INFO - DAG(s) 'load_insideairbnb_data' retrieved from /opt/airflow/dags/airbnb_postgres_s3.py
[2024-10-10T20:54:19.602+0000] {logging_mixin.py:190} INFO - [2024-10-10T20:54:19.601+0000] {dag.py:3229} INFO - Sync 1 DAGs
[2024-10-10T20:54:19.622+0000] {logging_mixin.py:190} INFO - [2024-10-10T20:54:19.622+0000] {dag.py:4156} INFO - Setting next_dagrun for load_insideairbnb_data to 2024-10-08 00:00:00+00:00, run_after=2024-10-09 00:00:00+00:00
[2024-10-10T20:54:19.644+0000] {processor.py:208} INFO - Processing /opt/airflow/dags/airbnb_postgres_s3.py took 0.132 seconds
[2024-10-10T21:24:07.340+0000] {processor.py:186} INFO - Started process (PID=41439) to work on /opt/airflow/dags/airbnb_postgres_s3.py
[2024-10-10T21:24:07.341+0000] {processor.py:914} INFO - Processing file /opt/airflow/dags/airbnb_postgres_s3.py for tasks to queue
[2024-10-10T21:24:07.344+0000] {logging_mixin.py:190} INFO - [2024-10-10T21:24:07.344+0000] {dagbag.py:587} INFO - Filling up the DagBag from /opt/airflow/dags/airbnb_postgres_s3.py
[2024-10-10T21:24:07.385+0000] {processor.py:925} INFO - DAG(s) 'load_insideairbnb_data' retrieved from /opt/airflow/dags/airbnb_postgres_s3.py
[2024-10-10T21:24:07.425+0000] {logging_mixin.py:190} INFO - [2024-10-10T21:24:07.425+0000] {dag.py:3229} INFO - Sync 1 DAGs
[2024-10-10T21:24:07.447+0000] {logging_mixin.py:190} INFO - [2024-10-10T21:24:07.447+0000] {dag.py:4156} INFO - Setting next_dagrun for load_insideairbnb_data to 2024-10-08 00:00:00+00:00, run_after=2024-10-09 00:00:00+00:00
[2024-10-10T21:24:07.470+0000] {processor.py:208} INFO - Processing /opt/airflow/dags/airbnb_postgres_s3.py took 0.137 seconds
[2024-10-10T21:24:38.186+0000] {processor.py:186} INFO - Started process (PID=41510) to work on /opt/airflow/dags/airbnb_postgres_s3.py
[2024-10-10T21:24:38.188+0000] {processor.py:914} INFO - Processing file /opt/airflow/dags/airbnb_postgres_s3.py for tasks to queue
[2024-10-10T21:24:38.191+0000] {logging_mixin.py:190} INFO - [2024-10-10T21:24:38.190+0000] {dagbag.py:587} INFO - Filling up the DagBag from /opt/airflow/dags/airbnb_postgres_s3.py
[2024-10-10T21:24:38.228+0000] {processor.py:925} INFO - DAG(s) 'load_insideairbnb_data' retrieved from /opt/airflow/dags/airbnb_postgres_s3.py
[2024-10-10T21:24:38.249+0000] {logging_mixin.py:190} INFO - [2024-10-10T21:24:38.249+0000] {dag.py:3229} INFO - Sync 1 DAGs
[2024-10-10T21:24:38.276+0000] {logging_mixin.py:190} INFO - [2024-10-10T21:24:38.275+0000] {dag.py:4156} INFO - Setting next_dagrun for load_insideairbnb_data to 2024-10-08 00:00:00+00:00, run_after=2024-10-09 00:00:00+00:00
[2024-10-10T21:24:38.288+0000] {processor.py:208} INFO - Processing /opt/airflow/dags/airbnb_postgres_s3.py took 0.107 seconds
[2024-10-10T21:43:34.047+0000] {processor.py:186} INFO - Started process (PID=41581) to work on /opt/airflow/dags/airbnb_postgres_s3.py
[2024-10-10T21:43:34.048+0000] {processor.py:914} INFO - Processing file /opt/airflow/dags/airbnb_postgres_s3.py for tasks to queue
[2024-10-10T21:43:34.051+0000] {logging_mixin.py:190} INFO - [2024-10-10T21:43:34.050+0000] {dagbag.py:587} INFO - Filling up the DagBag from /opt/airflow/dags/airbnb_postgres_s3.py
[2024-10-10T21:43:34.086+0000] {processor.py:925} INFO - DAG(s) 'load_insideairbnb_data' retrieved from /opt/airflow/dags/airbnb_postgres_s3.py
[2024-10-10T21:43:34.127+0000] {logging_mixin.py:190} INFO - [2024-10-10T21:43:34.127+0000] {dag.py:3229} INFO - Sync 1 DAGs
[2024-10-10T21:43:34.149+0000] {logging_mixin.py:190} INFO - [2024-10-10T21:43:34.149+0000] {dag.py:4156} INFO - Setting next_dagrun for load_insideairbnb_data to 2024-10-08 00:00:00+00:00, run_after=2024-10-09 00:00:00+00:00
[2024-10-10T21:43:34.174+0000] {processor.py:208} INFO - Processing /opt/airflow/dags/airbnb_postgres_s3.py took 0.147 seconds
[2024-10-10T22:17:46.790+0000] {processor.py:186} INFO - Started process (PID=41652) to work on /opt/airflow/dags/airbnb_postgres_s3.py
[2024-10-10T22:17:46.793+0000] {processor.py:914} INFO - Processing file /opt/airflow/dags/airbnb_postgres_s3.py for tasks to queue
[2024-10-10T22:17:46.796+0000] {logging_mixin.py:190} INFO - [2024-10-10T22:17:46.796+0000] {dagbag.py:587} INFO - Filling up the DagBag from /opt/airflow/dags/airbnb_postgres_s3.py
[2024-10-10T22:17:46.836+0000] {processor.py:925} INFO - DAG(s) 'load_insideairbnb_data' retrieved from /opt/airflow/dags/airbnb_postgres_s3.py
[2024-10-10T22:17:46.880+0000] {logging_mixin.py:190} INFO - [2024-10-10T22:17:46.880+0000] {dag.py:3229} INFO - Sync 1 DAGs
[2024-10-10T22:17:46.906+0000] {logging_mixin.py:190} INFO - [2024-10-10T22:17:46.906+0000] {dag.py:4156} INFO - Setting next_dagrun for load_insideairbnb_data to 2024-10-08 00:00:00+00:00, run_after=2024-10-09 00:00:00+00:00
[2024-10-10T22:17:46.923+0000] {processor.py:208} INFO - Processing /opt/airflow/dags/airbnb_postgres_s3.py took 0.153 seconds
[2024-10-10T22:46:07.755+0000] {processor.py:186} INFO - Started process (PID=41723) to work on /opt/airflow/dags/airbnb_postgres_s3.py
[2024-10-10T22:46:07.757+0000] {processor.py:914} INFO - Processing file /opt/airflow/dags/airbnb_postgres_s3.py for tasks to queue
[2024-10-10T22:46:07.758+0000] {logging_mixin.py:190} INFO - [2024-10-10T22:46:07.757+0000] {dagbag.py:587} INFO - Filling up the DagBag from /opt/airflow/dags/airbnb_postgres_s3.py
[2024-10-10T22:46:07.808+0000] {processor.py:925} INFO - DAG(s) 'load_insideairbnb_data' retrieved from /opt/airflow/dags/airbnb_postgres_s3.py
[2024-10-10T22:46:07.838+0000] {logging_mixin.py:190} INFO - [2024-10-10T22:46:07.837+0000] {dag.py:3229} INFO - Sync 1 DAGs
[2024-10-10T22:46:07.862+0000] {logging_mixin.py:190} INFO - [2024-10-10T22:46:07.862+0000] {dag.py:4156} INFO - Setting next_dagrun for load_insideairbnb_data to 2024-10-08 00:00:00+00:00, run_after=2024-10-09 00:00:00+00:00
[2024-10-10T22:46:07.877+0000] {processor.py:208} INFO - Processing /opt/airflow/dags/airbnb_postgres_s3.py took 0.126 seconds
[2024-10-10T23:26:18.126+0000] {processor.py:186} INFO - Started process (PID=41794) to work on /opt/airflow/dags/airbnb_postgres_s3.py
[2024-10-10T23:26:18.129+0000] {processor.py:914} INFO - Processing file /opt/airflow/dags/airbnb_postgres_s3.py for tasks to queue
[2024-10-10T23:26:18.131+0000] {logging_mixin.py:190} INFO - [2024-10-10T23:26:18.131+0000] {dagbag.py:587} INFO - Filling up the DagBag from /opt/airflow/dags/airbnb_postgres_s3.py
[2024-10-10T23:26:18.167+0000] {processor.py:925} INFO - DAG(s) 'load_insideairbnb_data' retrieved from /opt/airflow/dags/airbnb_postgres_s3.py
[2024-10-10T23:26:18.203+0000] {logging_mixin.py:190} INFO - [2024-10-10T23:26:18.202+0000] {dag.py:3229} INFO - Sync 1 DAGs
[2024-10-10T23:26:18.222+0000] {logging_mixin.py:190} INFO - [2024-10-10T23:26:18.222+0000] {dag.py:4156} INFO - Setting next_dagrun for load_insideairbnb_data to 2024-10-08 00:00:00+00:00, run_after=2024-10-09 00:00:00+00:00
[2024-10-10T23:26:18.247+0000] {processor.py:208} INFO - Processing /opt/airflow/dags/airbnb_postgres_s3.py took 0.131 seconds
