[2024-10-10T00:11:40.023+0000] {processor.py:186} INFO - Started process (PID=38818) to work on /opt/airflow/dags/fan_in_and_out.py
[2024-10-10T00:11:40.029+0000] {processor.py:914} INFO - Processing file /opt/airflow/dags/fan_in_and_out.py for tasks to queue
[2024-10-10T00:11:40.031+0000] {logging_mixin.py:190} INFO - [2024-10-10T00:11:40.030+0000] {dagbag.py:587} INFO - Filling up the DagBag from /opt/airflow/dags/fan_in_and_out.py
[2024-10-10T00:11:40.045+0000] {processor.py:925} INFO - DAG(s) 'fan_in_out' retrieved from /opt/airflow/dags/fan_in_and_out.py
[2024-10-10T00:11:40.163+0000] {logging_mixin.py:190} INFO - [2024-10-10T00:11:40.162+0000] {dag.py:3229} INFO - Sync 1 DAGs
[2024-10-10T00:11:40.191+0000] {logging_mixin.py:190} INFO - [2024-10-10T00:11:40.191+0000] {dag.py:4156} INFO - Setting next_dagrun for fan_in_out to 2024-10-07 00:00:00+00:00, run_after=2024-10-08 00:00:00+00:00
[2024-10-10T00:11:40.217+0000] {processor.py:208} INFO - Processing /opt/airflow/dags/fan_in_and_out.py took 0.200 seconds
[2024-10-10T01:18:07.000+0000] {processor.py:186} INFO - Started process (PID=38889) to work on /opt/airflow/dags/fan_in_and_out.py
[2024-10-10T01:18:07.001+0000] {processor.py:914} INFO - Processing file /opt/airflow/dags/fan_in_and_out.py for tasks to queue
[2024-10-10T01:18:07.002+0000] {logging_mixin.py:190} INFO - [2024-10-10T01:18:07.002+0000] {dagbag.py:587} INFO - Filling up the DagBag from /opt/airflow/dags/fan_in_and_out.py
[2024-10-10T01:18:07.010+0000] {processor.py:925} INFO - DAG(s) 'fan_in_out' retrieved from /opt/airflow/dags/fan_in_and_out.py
[2024-10-10T01:18:07.030+0000] {logging_mixin.py:190} INFO - [2024-10-10T01:18:07.029+0000] {dag.py:3229} INFO - Sync 1 DAGs
[2024-10-10T01:18:07.055+0000] {logging_mixin.py:190} INFO - [2024-10-10T01:18:07.054+0000] {dag.py:4156} INFO - Setting next_dagrun for fan_in_out to 2024-10-07 00:00:00+00:00, run_after=2024-10-08 00:00:00+00:00
[2024-10-10T01:18:07.073+0000] {processor.py:208} INFO - Processing /opt/airflow/dags/fan_in_and_out.py took 0.077 seconds
[2024-10-10T01:52:16.885+0000] {processor.py:186} INFO - Started process (PID=38960) to work on /opt/airflow/dags/fan_in_and_out.py
[2024-10-10T01:52:16.888+0000] {processor.py:914} INFO - Processing file /opt/airflow/dags/fan_in_and_out.py for tasks to queue
[2024-10-10T01:52:16.889+0000] {logging_mixin.py:190} INFO - [2024-10-10T01:52:16.889+0000] {dagbag.py:587} INFO - Filling up the DagBag from /opt/airflow/dags/fan_in_and_out.py
[2024-10-10T01:52:16.917+0000] {processor.py:925} INFO - DAG(s) 'fan_in_out' retrieved from /opt/airflow/dags/fan_in_and_out.py
[2024-10-10T01:52:16.947+0000] {logging_mixin.py:190} INFO - [2024-10-10T01:52:16.947+0000] {dag.py:3229} INFO - Sync 1 DAGs
[2024-10-10T01:52:16.967+0000] {logging_mixin.py:190} INFO - [2024-10-10T01:52:16.966+0000] {dag.py:4156} INFO - Setting next_dagrun for fan_in_out to 2024-10-07 00:00:00+00:00, run_after=2024-10-08 00:00:00+00:00
[2024-10-10T01:52:16.980+0000] {processor.py:208} INFO - Processing /opt/airflow/dags/fan_in_and_out.py took 0.099 seconds
[2024-10-10T02:19:09.231+0000] {processor.py:186} INFO - Started process (PID=39031) to work on /opt/airflow/dags/fan_in_and_out.py
[2024-10-10T02:19:09.234+0000] {processor.py:914} INFO - Processing file /opt/airflow/dags/fan_in_and_out.py for tasks to queue
[2024-10-10T02:19:09.234+0000] {logging_mixin.py:190} INFO - [2024-10-10T02:19:09.234+0000] {dagbag.py:587} INFO - Filling up the DagBag from /opt/airflow/dags/fan_in_and_out.py
[2024-10-10T02:19:09.242+0000] {processor.py:925} INFO - DAG(s) 'fan_in_out' retrieved from /opt/airflow/dags/fan_in_and_out.py
[2024-10-10T02:19:09.262+0000] {logging_mixin.py:190} INFO - [2024-10-10T02:19:09.262+0000] {dag.py:3229} INFO - Sync 1 DAGs
[2024-10-10T02:19:09.276+0000] {logging_mixin.py:190} INFO - [2024-10-10T02:19:09.276+0000] {dag.py:4156} INFO - Setting next_dagrun for fan_in_out to 2024-10-07 00:00:00+00:00, run_after=2024-10-08 00:00:00+00:00
[2024-10-10T02:19:09.286+0000] {processor.py:208} INFO - Processing /opt/airflow/dags/fan_in_and_out.py took 0.059 seconds
[2024-10-10T03:09:34.370+0000] {processor.py:186} INFO - Started process (PID=39102) to work on /opt/airflow/dags/fan_in_and_out.py
[2024-10-10T03:09:34.371+0000] {processor.py:914} INFO - Processing file /opt/airflow/dags/fan_in_and_out.py for tasks to queue
[2024-10-10T03:09:34.372+0000] {logging_mixin.py:190} INFO - [2024-10-10T03:09:34.372+0000] {dagbag.py:587} INFO - Filling up the DagBag from /opt/airflow/dags/fan_in_and_out.py
[2024-10-10T03:09:34.384+0000] {processor.py:925} INFO - DAG(s) 'fan_in_out' retrieved from /opt/airflow/dags/fan_in_and_out.py
[2024-10-10T03:09:34.398+0000] {logging_mixin.py:190} INFO - [2024-10-10T03:09:34.398+0000] {dag.py:3229} INFO - Sync 1 DAGs
[2024-10-10T03:09:34.416+0000] {logging_mixin.py:190} INFO - [2024-10-10T03:09:34.416+0000] {dag.py:4156} INFO - Setting next_dagrun for fan_in_out to 2024-10-07 00:00:00+00:00, run_after=2024-10-08 00:00:00+00:00
[2024-10-10T03:09:34.433+0000] {processor.py:208} INFO - Processing /opt/airflow/dags/fan_in_and_out.py took 0.067 seconds
[2024-10-10T03:56:57.002+0000] {processor.py:186} INFO - Started process (PID=39172) to work on /opt/airflow/dags/fan_in_and_out.py
[2024-10-10T03:56:57.003+0000] {processor.py:914} INFO - Processing file /opt/airflow/dags/fan_in_and_out.py for tasks to queue
[2024-10-10T03:56:57.003+0000] {logging_mixin.py:190} INFO - [2024-10-10T03:56:57.003+0000] {dagbag.py:587} INFO - Filling up the DagBag from /opt/airflow/dags/fan_in_and_out.py
[2024-10-10T03:56:57.016+0000] {processor.py:925} INFO - DAG(s) 'fan_in_out' retrieved from /opt/airflow/dags/fan_in_and_out.py
[2024-10-10T03:56:57.033+0000] {logging_mixin.py:190} INFO - [2024-10-10T03:56:57.033+0000] {dag.py:3229} INFO - Sync 1 DAGs
[2024-10-10T03:56:57.044+0000] {logging_mixin.py:190} INFO - [2024-10-10T03:56:57.044+0000] {dag.py:4156} INFO - Setting next_dagrun for fan_in_out to 2024-10-07 00:00:00+00:00, run_after=2024-10-08 00:00:00+00:00
[2024-10-10T03:56:57.058+0000] {processor.py:208} INFO - Processing /opt/airflow/dags/fan_in_and_out.py took 0.059 seconds
[2024-10-10T04:21:11.427+0000] {processor.py:186} INFO - Started process (PID=39242) to work on /opt/airflow/dags/fan_in_and_out.py
[2024-10-10T04:21:11.430+0000] {processor.py:914} INFO - Processing file /opt/airflow/dags/fan_in_and_out.py for tasks to queue
[2024-10-10T04:21:11.430+0000] {logging_mixin.py:190} INFO - [2024-10-10T04:21:11.430+0000] {dagbag.py:587} INFO - Filling up the DagBag from /opt/airflow/dags/fan_in_and_out.py
[2024-10-10T04:21:11.442+0000] {processor.py:925} INFO - DAG(s) 'fan_in_out' retrieved from /opt/airflow/dags/fan_in_and_out.py
[2024-10-10T04:21:11.456+0000] {logging_mixin.py:190} INFO - [2024-10-10T04:21:11.456+0000] {dag.py:3229} INFO - Sync 1 DAGs
[2024-10-10T04:21:11.468+0000] {logging_mixin.py:190} INFO - [2024-10-10T04:21:11.468+0000] {dag.py:4156} INFO - Setting next_dagrun for fan_in_out to 2024-10-07 00:00:00+00:00, run_after=2024-10-08 00:00:00+00:00
[2024-10-10T04:21:11.477+0000] {processor.py:208} INFO - Processing /opt/airflow/dags/fan_in_and_out.py took 0.054 seconds
[2024-10-10T05:14:22.685+0000] {processor.py:186} INFO - Started process (PID=39313) to work on /opt/airflow/dags/fan_in_and_out.py
[2024-10-10T05:14:22.687+0000] {processor.py:914} INFO - Processing file /opt/airflow/dags/fan_in_and_out.py for tasks to queue
[2024-10-10T05:14:22.689+0000] {logging_mixin.py:190} INFO - [2024-10-10T05:14:22.688+0000] {dagbag.py:587} INFO - Filling up the DagBag from /opt/airflow/dags/fan_in_and_out.py
[2024-10-10T05:14:22.701+0000] {processor.py:925} INFO - DAG(s) 'fan_in_out' retrieved from /opt/airflow/dags/fan_in_and_out.py
[2024-10-10T05:14:22.743+0000] {logging_mixin.py:190} INFO - [2024-10-10T05:14:22.742+0000] {dag.py:3229} INFO - Sync 1 DAGs
[2024-10-10T05:14:22.777+0000] {logging_mixin.py:190} INFO - [2024-10-10T05:14:22.777+0000] {dag.py:4156} INFO - Setting next_dagrun for fan_in_out to 2024-10-07 00:00:00+00:00, run_after=2024-10-08 00:00:00+00:00
[2024-10-10T05:14:22.804+0000] {processor.py:208} INFO - Processing /opt/airflow/dags/fan_in_and_out.py took 0.127 seconds
[2024-10-10T05:47:20.429+0000] {processor.py:186} INFO - Started process (PID=39384) to work on /opt/airflow/dags/fan_in_and_out.py
[2024-10-10T05:47:20.430+0000] {processor.py:914} INFO - Processing file /opt/airflow/dags/fan_in_and_out.py for tasks to queue
[2024-10-10T05:47:20.435+0000] {logging_mixin.py:190} INFO - [2024-10-10T05:47:20.434+0000] {dagbag.py:587} INFO - Filling up the DagBag from /opt/airflow/dags/fan_in_and_out.py
[2024-10-10T05:47:20.449+0000] {processor.py:925} INFO - DAG(s) 'fan_in_out' retrieved from /opt/airflow/dags/fan_in_and_out.py
[2024-10-10T05:47:20.470+0000] {logging_mixin.py:190} INFO - [2024-10-10T05:47:20.470+0000] {dag.py:3229} INFO - Sync 1 DAGs
[2024-10-10T05:47:20.499+0000] {logging_mixin.py:190} INFO - [2024-10-10T05:47:20.499+0000] {dag.py:4156} INFO - Setting next_dagrun for fan_in_out to 2024-10-07 00:00:00+00:00, run_after=2024-10-08 00:00:00+00:00
[2024-10-10T05:47:20.509+0000] {processor.py:208} INFO - Processing /opt/airflow/dags/fan_in_and_out.py took 0.085 seconds
[2024-10-10T06:39:41.425+0000] {processor.py:186} INFO - Started process (PID=39455) to work on /opt/airflow/dags/fan_in_and_out.py
[2024-10-10T06:39:41.428+0000] {processor.py:914} INFO - Processing file /opt/airflow/dags/fan_in_and_out.py for tasks to queue
[2024-10-10T06:39:41.429+0000] {logging_mixin.py:190} INFO - [2024-10-10T06:39:41.429+0000] {dagbag.py:587} INFO - Filling up the DagBag from /opt/airflow/dags/fan_in_and_out.py
[2024-10-10T06:39:41.438+0000] {processor.py:925} INFO - DAG(s) 'fan_in_out' retrieved from /opt/airflow/dags/fan_in_and_out.py
[2024-10-10T06:39:41.458+0000] {logging_mixin.py:190} INFO - [2024-10-10T06:39:41.457+0000] {dag.py:3229} INFO - Sync 1 DAGs
[2024-10-10T06:39:41.469+0000] {logging_mixin.py:190} INFO - [2024-10-10T06:39:41.469+0000] {dag.py:4156} INFO - Setting next_dagrun for fan_in_out to 2024-10-07 00:00:00+00:00, run_after=2024-10-08 00:00:00+00:00
[2024-10-10T06:39:41.477+0000] {processor.py:208} INFO - Processing /opt/airflow/dags/fan_in_and_out.py took 0.055 seconds
[2024-10-10T07:11:23.909+0000] {processor.py:186} INFO - Started process (PID=39526) to work on /opt/airflow/dags/fan_in_and_out.py
[2024-10-10T07:11:23.910+0000] {processor.py:914} INFO - Processing file /opt/airflow/dags/fan_in_and_out.py for tasks to queue
[2024-10-10T07:11:23.911+0000] {logging_mixin.py:190} INFO - [2024-10-10T07:11:23.911+0000] {dagbag.py:587} INFO - Filling up the DagBag from /opt/airflow/dags/fan_in_and_out.py
[2024-10-10T07:11:23.922+0000] {processor.py:925} INFO - DAG(s) 'fan_in_out' retrieved from /opt/airflow/dags/fan_in_and_out.py
[2024-10-10T07:11:23.937+0000] {logging_mixin.py:190} INFO - [2024-10-10T07:11:23.937+0000] {dag.py:3229} INFO - Sync 1 DAGs
[2024-10-10T07:11:23.949+0000] {logging_mixin.py:190} INFO - [2024-10-10T07:11:23.949+0000] {dag.py:4156} INFO - Setting next_dagrun for fan_in_out to 2024-10-07 00:00:00+00:00, run_after=2024-10-08 00:00:00+00:00
[2024-10-10T07:11:23.957+0000] {processor.py:208} INFO - Processing /opt/airflow/dags/fan_in_and_out.py took 0.052 seconds
[2024-10-10T07:39:18.185+0000] {processor.py:186} INFO - Started process (PID=39597) to work on /opt/airflow/dags/fan_in_and_out.py
[2024-10-10T07:39:18.186+0000] {processor.py:914} INFO - Processing file /opt/airflow/dags/fan_in_and_out.py for tasks to queue
[2024-10-10T07:39:18.188+0000] {logging_mixin.py:190} INFO - [2024-10-10T07:39:18.188+0000] {dagbag.py:587} INFO - Filling up the DagBag from /opt/airflow/dags/fan_in_and_out.py
[2024-10-10T07:39:18.194+0000] {processor.py:925} INFO - DAG(s) 'fan_in_out' retrieved from /opt/airflow/dags/fan_in_and_out.py
[2024-10-10T07:39:18.212+0000] {logging_mixin.py:190} INFO - [2024-10-10T07:39:18.212+0000] {dag.py:3229} INFO - Sync 1 DAGs
[2024-10-10T07:39:18.223+0000] {logging_mixin.py:190} INFO - [2024-10-10T07:39:18.223+0000] {dag.py:4156} INFO - Setting next_dagrun for fan_in_out to 2024-10-07 00:00:00+00:00, run_after=2024-10-08 00:00:00+00:00
[2024-10-10T07:39:18.236+0000] {processor.py:208} INFO - Processing /opt/airflow/dags/fan_in_and_out.py took 0.055 seconds
[2024-10-10T08:02:58.656+0000] {processor.py:186} INFO - Started process (PID=39668) to work on /opt/airflow/dags/fan_in_and_out.py
[2024-10-10T08:02:58.660+0000] {processor.py:914} INFO - Processing file /opt/airflow/dags/fan_in_and_out.py for tasks to queue
[2024-10-10T08:02:58.661+0000] {logging_mixin.py:190} INFO - [2024-10-10T08:02:58.661+0000] {dagbag.py:587} INFO - Filling up the DagBag from /opt/airflow/dags/fan_in_and_out.py
[2024-10-10T08:02:58.672+0000] {processor.py:925} INFO - DAG(s) 'fan_in_out' retrieved from /opt/airflow/dags/fan_in_and_out.py
[2024-10-10T08:02:58.691+0000] {logging_mixin.py:190} INFO - [2024-10-10T08:02:58.690+0000] {dag.py:3229} INFO - Sync 1 DAGs
[2024-10-10T08:02:58.715+0000] {logging_mixin.py:190} INFO - [2024-10-10T08:02:58.715+0000] {dag.py:4156} INFO - Setting next_dagrun for fan_in_out to 2024-10-07 00:00:00+00:00, run_after=2024-10-08 00:00:00+00:00
[2024-10-10T08:02:58.730+0000] {processor.py:208} INFO - Processing /opt/airflow/dags/fan_in_and_out.py took 0.079 seconds
[2024-10-10T08:12:04.768+0000] {processor.py:186} INFO - Started process (PID=39739) to work on /opt/airflow/dags/fan_in_and_out.py
[2024-10-10T08:12:04.771+0000] {processor.py:914} INFO - Processing file /opt/airflow/dags/fan_in_and_out.py for tasks to queue
[2024-10-10T08:12:04.774+0000] {logging_mixin.py:190} INFO - [2024-10-10T08:12:04.773+0000] {dagbag.py:587} INFO - Filling up the DagBag from /opt/airflow/dags/fan_in_and_out.py
[2024-10-10T08:12:04.784+0000] {processor.py:925} INFO - DAG(s) 'fan_in_out' retrieved from /opt/airflow/dags/fan_in_and_out.py
[2024-10-10T08:12:04.799+0000] {logging_mixin.py:190} INFO - [2024-10-10T08:12:04.799+0000] {dag.py:3229} INFO - Sync 1 DAGs
[2024-10-10T08:12:04.812+0000] {logging_mixin.py:190} INFO - [2024-10-10T08:12:04.812+0000] {dag.py:4156} INFO - Setting next_dagrun for fan_in_out to 2024-10-07 00:00:00+00:00, run_after=2024-10-08 00:00:00+00:00
[2024-10-10T08:12:04.820+0000] {processor.py:208} INFO - Processing /opt/airflow/dags/fan_in_and_out.py took 0.055 seconds
[2024-10-10T08:24:32.959+0000] {processor.py:186} INFO - Started process (PID=39809) to work on /opt/airflow/dags/fan_in_and_out.py
[2024-10-10T08:24:32.959+0000] {processor.py:914} INFO - Processing file /opt/airflow/dags/fan_in_and_out.py for tasks to queue
[2024-10-10T08:24:32.961+0000] {logging_mixin.py:190} INFO - [2024-10-10T08:24:32.961+0000] {dagbag.py:587} INFO - Filling up the DagBag from /opt/airflow/dags/fan_in_and_out.py
[2024-10-10T08:24:32.971+0000] {processor.py:925} INFO - DAG(s) 'fan_in_out' retrieved from /opt/airflow/dags/fan_in_and_out.py
[2024-10-10T08:24:32.984+0000] {logging_mixin.py:190} INFO - [2024-10-10T08:24:32.984+0000] {dag.py:3229} INFO - Sync 1 DAGs
[2024-10-10T08:24:33.001+0000] {logging_mixin.py:190} INFO - [2024-10-10T08:24:33.001+0000] {dag.py:4156} INFO - Setting next_dagrun for fan_in_out to 2024-10-07 00:00:00+00:00, run_after=2024-10-08 00:00:00+00:00
[2024-10-10T08:24:33.014+0000] {processor.py:208} INFO - Processing /opt/airflow/dags/fan_in_and_out.py took 0.062 seconds
[2024-10-10T08:25:03.715+0000] {processor.py:186} INFO - Started process (PID=39881) to work on /opt/airflow/dags/fan_in_and_out.py
[2024-10-10T08:25:03.718+0000] {processor.py:914} INFO - Processing file /opt/airflow/dags/fan_in_and_out.py for tasks to queue
[2024-10-10T08:25:03.720+0000] {logging_mixin.py:190} INFO - [2024-10-10T08:25:03.720+0000] {dagbag.py:587} INFO - Filling up the DagBag from /opt/airflow/dags/fan_in_and_out.py
[2024-10-10T08:25:03.727+0000] {processor.py:925} INFO - DAG(s) 'fan_in_out' retrieved from /opt/airflow/dags/fan_in_and_out.py
[2024-10-10T08:25:03.748+0000] {logging_mixin.py:190} INFO - [2024-10-10T08:25:03.748+0000] {dag.py:3229} INFO - Sync 1 DAGs
[2024-10-10T08:25:03.766+0000] {logging_mixin.py:190} INFO - [2024-10-10T08:25:03.766+0000] {dag.py:4156} INFO - Setting next_dagrun for fan_in_out to 2024-10-07 00:00:00+00:00, run_after=2024-10-08 00:00:00+00:00
[2024-10-10T08:25:03.778+0000] {processor.py:208} INFO - Processing /opt/airflow/dags/fan_in_and_out.py took 0.066 seconds
[2024-10-10T09:14:57.365+0000] {processor.py:186} INFO - Started process (PID=39952) to work on /opt/airflow/dags/fan_in_and_out.py
[2024-10-10T09:14:57.366+0000] {processor.py:914} INFO - Processing file /opt/airflow/dags/fan_in_and_out.py for tasks to queue
[2024-10-10T09:14:57.368+0000] {logging_mixin.py:190} INFO - [2024-10-10T09:14:57.368+0000] {dagbag.py:587} INFO - Filling up the DagBag from /opt/airflow/dags/fan_in_and_out.py
[2024-10-10T09:14:57.376+0000] {processor.py:925} INFO - DAG(s) 'fan_in_out' retrieved from /opt/airflow/dags/fan_in_and_out.py
[2024-10-10T09:14:57.397+0000] {logging_mixin.py:190} INFO - [2024-10-10T09:14:57.397+0000] {dag.py:3229} INFO - Sync 1 DAGs
[2024-10-10T09:14:57.410+0000] {logging_mixin.py:190} INFO - [2024-10-10T09:14:57.410+0000] {dag.py:4156} INFO - Setting next_dagrun for fan_in_out to 2024-10-07 00:00:00+00:00, run_after=2024-10-08 00:00:00+00:00
[2024-10-10T09:14:57.425+0000] {processor.py:208} INFO - Processing /opt/airflow/dags/fan_in_and_out.py took 0.063 seconds
[2024-10-10T10:21:17.685+0000] {processor.py:186} INFO - Started process (PID=40023) to work on /opt/airflow/dags/fan_in_and_out.py
[2024-10-10T10:21:17.690+0000] {processor.py:914} INFO - Processing file /opt/airflow/dags/fan_in_and_out.py for tasks to queue
[2024-10-10T10:21:17.693+0000] {logging_mixin.py:190} INFO - [2024-10-10T10:21:17.693+0000] {dagbag.py:587} INFO - Filling up the DagBag from /opt/airflow/dags/fan_in_and_out.py
[2024-10-10T10:21:17.704+0000] {processor.py:925} INFO - DAG(s) 'fan_in_out' retrieved from /opt/airflow/dags/fan_in_and_out.py
[2024-10-10T10:21:17.743+0000] {logging_mixin.py:190} INFO - [2024-10-10T10:21:17.743+0000] {dag.py:3229} INFO - Sync 1 DAGs
[2024-10-10T10:21:17.760+0000] {logging_mixin.py:190} INFO - [2024-10-10T10:21:17.760+0000] {dag.py:4156} INFO - Setting next_dagrun for fan_in_out to 2024-10-07 00:00:00+00:00, run_after=2024-10-08 00:00:00+00:00
[2024-10-10T10:21:17.775+0000] {processor.py:208} INFO - Processing /opt/airflow/dags/fan_in_and_out.py took 0.100 seconds
[2024-10-10T10:44:14.676+0000] {processor.py:186} INFO - Started process (PID=40094) to work on /opt/airflow/dags/fan_in_and_out.py
[2024-10-10T10:44:14.677+0000] {processor.py:914} INFO - Processing file /opt/airflow/dags/fan_in_and_out.py for tasks to queue
[2024-10-10T10:44:14.678+0000] {logging_mixin.py:190} INFO - [2024-10-10T10:44:14.678+0000] {dagbag.py:587} INFO - Filling up the DagBag from /opt/airflow/dags/fan_in_and_out.py
[2024-10-10T10:44:14.687+0000] {processor.py:925} INFO - DAG(s) 'fan_in_out' retrieved from /opt/airflow/dags/fan_in_and_out.py
[2024-10-10T10:44:14.715+0000] {logging_mixin.py:190} INFO - [2024-10-10T10:44:14.715+0000] {dag.py:3229} INFO - Sync 1 DAGs
[2024-10-10T10:44:14.728+0000] {logging_mixin.py:190} INFO - [2024-10-10T10:44:14.728+0000] {dag.py:4156} INFO - Setting next_dagrun for fan_in_out to 2024-10-07 00:00:00+00:00, run_after=2024-10-08 00:00:00+00:00
[2024-10-10T10:44:14.740+0000] {processor.py:208} INFO - Processing /opt/airflow/dags/fan_in_and_out.py took 0.068 seconds
[2024-10-10T11:15:57.098+0000] {processor.py:186} INFO - Started process (PID=40165) to work on /opt/airflow/dags/fan_in_and_out.py
[2024-10-10T11:15:57.098+0000] {processor.py:914} INFO - Processing file /opt/airflow/dags/fan_in_and_out.py for tasks to queue
[2024-10-10T11:15:57.100+0000] {logging_mixin.py:190} INFO - [2024-10-10T11:15:57.099+0000] {dagbag.py:587} INFO - Filling up the DagBag from /opt/airflow/dags/fan_in_and_out.py
[2024-10-10T11:15:57.107+0000] {processor.py:925} INFO - DAG(s) 'fan_in_out' retrieved from /opt/airflow/dags/fan_in_and_out.py
[2024-10-10T11:15:57.130+0000] {logging_mixin.py:190} INFO - [2024-10-10T11:15:57.129+0000] {dag.py:3229} INFO - Sync 1 DAGs
[2024-10-10T11:15:57.143+0000] {logging_mixin.py:190} INFO - [2024-10-10T11:15:57.143+0000] {dag.py:4156} INFO - Setting next_dagrun for fan_in_out to 2024-10-07 00:00:00+00:00, run_after=2024-10-08 00:00:00+00:00
[2024-10-10T11:15:57.157+0000] {processor.py:208} INFO - Processing /opt/airflow/dags/fan_in_and_out.py took 0.063 seconds
[2024-10-10T11:16:27.887+0000] {processor.py:186} INFO - Started process (PID=40236) to work on /opt/airflow/dags/fan_in_and_out.py
[2024-10-10T11:16:27.887+0000] {processor.py:914} INFO - Processing file /opt/airflow/dags/fan_in_and_out.py for tasks to queue
[2024-10-10T11:16:27.891+0000] {logging_mixin.py:190} INFO - [2024-10-10T11:16:27.891+0000] {dagbag.py:587} INFO - Filling up the DagBag from /opt/airflow/dags/fan_in_and_out.py
[2024-10-10T11:16:27.902+0000] {processor.py:925} INFO - DAG(s) 'fan_in_out' retrieved from /opt/airflow/dags/fan_in_and_out.py
[2024-10-10T11:16:27.916+0000] {logging_mixin.py:190} INFO - [2024-10-10T11:16:27.916+0000] {dag.py:3229} INFO - Sync 1 DAGs
[2024-10-10T11:16:27.927+0000] {logging_mixin.py:190} INFO - [2024-10-10T11:16:27.927+0000] {dag.py:4156} INFO - Setting next_dagrun for fan_in_out to 2024-10-07 00:00:00+00:00, run_after=2024-10-08 00:00:00+00:00
[2024-10-10T11:16:27.935+0000] {processor.py:208} INFO - Processing /opt/airflow/dags/fan_in_and_out.py took 0.053 seconds
[2024-10-10T12:21:21.505+0000] {processor.py:186} INFO - Started process (PID=40307) to work on /opt/airflow/dags/fan_in_and_out.py
[2024-10-10T12:21:21.507+0000] {processor.py:914} INFO - Processing file /opt/airflow/dags/fan_in_and_out.py for tasks to queue
[2024-10-10T12:21:21.508+0000] {logging_mixin.py:190} INFO - [2024-10-10T12:21:21.508+0000] {dagbag.py:587} INFO - Filling up the DagBag from /opt/airflow/dags/fan_in_and_out.py
[2024-10-10T12:21:21.516+0000] {processor.py:925} INFO - DAG(s) 'fan_in_out' retrieved from /opt/airflow/dags/fan_in_and_out.py
[2024-10-10T12:21:21.526+0000] {logging_mixin.py:190} INFO - [2024-10-10T12:21:21.526+0000] {dag.py:3229} INFO - Sync 1 DAGs
[2024-10-10T12:21:21.548+0000] {logging_mixin.py:190} INFO - [2024-10-10T12:21:21.548+0000] {dag.py:4156} INFO - Setting next_dagrun for fan_in_out to 2024-10-07 00:00:00+00:00, run_after=2024-10-08 00:00:00+00:00
[2024-10-10T12:21:21.557+0000] {processor.py:208} INFO - Processing /opt/airflow/dags/fan_in_and_out.py took 0.056 seconds
[2024-10-10T12:50:51.562+0000] {processor.py:186} INFO - Started process (PID=40377) to work on /opt/airflow/dags/fan_in_and_out.py
[2024-10-10T12:50:51.564+0000] {processor.py:914} INFO - Processing file /opt/airflow/dags/fan_in_and_out.py for tasks to queue
[2024-10-10T12:50:51.565+0000] {logging_mixin.py:190} INFO - [2024-10-10T12:50:51.565+0000] {dagbag.py:587} INFO - Filling up the DagBag from /opt/airflow/dags/fan_in_and_out.py
[2024-10-10T12:50:51.575+0000] {processor.py:925} INFO - DAG(s) 'fan_in_out' retrieved from /opt/airflow/dags/fan_in_and_out.py
[2024-10-10T12:50:51.601+0000] {logging_mixin.py:190} INFO - [2024-10-10T12:50:51.601+0000] {dag.py:3229} INFO - Sync 1 DAGs
[2024-10-10T12:50:51.613+0000] {logging_mixin.py:190} INFO - [2024-10-10T12:50:51.613+0000] {dag.py:4156} INFO - Setting next_dagrun for fan_in_out to 2024-10-07 00:00:00+00:00, run_after=2024-10-08 00:00:00+00:00
[2024-10-10T12:50:51.623+0000] {processor.py:208} INFO - Processing /opt/airflow/dags/fan_in_and_out.py took 0.063 seconds
[2024-10-10T13:08:18.278+0000] {processor.py:186} INFO - Started process (PID=40448) to work on /opt/airflow/dags/fan_in_and_out.py
[2024-10-10T13:08:18.279+0000] {processor.py:914} INFO - Processing file /opt/airflow/dags/fan_in_and_out.py for tasks to queue
[2024-10-10T13:08:18.280+0000] {logging_mixin.py:190} INFO - [2024-10-10T13:08:18.279+0000] {dagbag.py:587} INFO - Filling up the DagBag from /opt/airflow/dags/fan_in_and_out.py
[2024-10-10T13:08:18.286+0000] {processor.py:925} INFO - DAG(s) 'fan_in_out' retrieved from /opt/airflow/dags/fan_in_and_out.py
[2024-10-10T13:08:18.298+0000] {logging_mixin.py:190} INFO - [2024-10-10T13:08:18.298+0000] {dag.py:3229} INFO - Sync 1 DAGs
[2024-10-10T13:08:18.309+0000] {logging_mixin.py:190} INFO - [2024-10-10T13:08:18.309+0000] {dag.py:4156} INFO - Setting next_dagrun for fan_in_out to 2024-10-07 00:00:00+00:00, run_after=2024-10-08 00:00:00+00:00
[2024-10-10T13:08:18.316+0000] {processor.py:208} INFO - Processing /opt/airflow/dags/fan_in_and_out.py took 0.042 seconds
[2024-10-10T13:51:02.349+0000] {processor.py:186} INFO - Started process (PID=40519) to work on /opt/airflow/dags/fan_in_and_out.py
[2024-10-10T13:51:02.354+0000] {processor.py:914} INFO - Processing file /opt/airflow/dags/fan_in_and_out.py for tasks to queue
[2024-10-10T13:51:02.359+0000] {logging_mixin.py:190} INFO - [2024-10-10T13:51:02.358+0000] {dagbag.py:587} INFO - Filling up the DagBag from /opt/airflow/dags/fan_in_and_out.py
[2024-10-10T13:51:02.391+0000] {processor.py:925} INFO - DAG(s) 'fan_in_out' retrieved from /opt/airflow/dags/fan_in_and_out.py
[2024-10-10T13:51:02.439+0000] {logging_mixin.py:190} INFO - [2024-10-10T13:51:02.438+0000] {dag.py:3229} INFO - Sync 1 DAGs
[2024-10-10T13:51:02.460+0000] {logging_mixin.py:190} INFO - [2024-10-10T13:51:02.459+0000] {dag.py:4156} INFO - Setting next_dagrun for fan_in_out to 2024-10-07 00:00:00+00:00, run_after=2024-10-08 00:00:00+00:00
[2024-10-10T13:51:02.475+0000] {processor.py:208} INFO - Processing /opt/airflow/dags/fan_in_and_out.py took 0.139 seconds
[2024-10-10T14:18:16.577+0000] {processor.py:186} INFO - Started process (PID=40590) to work on /opt/airflow/dags/fan_in_and_out.py
[2024-10-10T14:18:16.580+0000] {processor.py:914} INFO - Processing file /opt/airflow/dags/fan_in_and_out.py for tasks to queue
[2024-10-10T14:18:16.581+0000] {logging_mixin.py:190} INFO - [2024-10-10T14:18:16.581+0000] {dagbag.py:587} INFO - Filling up the DagBag from /opt/airflow/dags/fan_in_and_out.py
[2024-10-10T14:18:16.587+0000] {processor.py:925} INFO - DAG(s) 'fan_in_out' retrieved from /opt/airflow/dags/fan_in_and_out.py
[2024-10-10T14:18:16.600+0000] {logging_mixin.py:190} INFO - [2024-10-10T14:18:16.600+0000] {dag.py:3229} INFO - Sync 1 DAGs
[2024-10-10T14:18:16.611+0000] {logging_mixin.py:190} INFO - [2024-10-10T14:18:16.611+0000] {dag.py:4156} INFO - Setting next_dagrun for fan_in_out to 2024-10-07 00:00:00+00:00, run_after=2024-10-08 00:00:00+00:00
[2024-10-10T14:18:16.622+0000] {processor.py:208} INFO - Processing /opt/airflow/dags/fan_in_and_out.py took 0.048 seconds
[2024-10-10T14:50:15.942+0000] {processor.py:186} INFO - Started process (PID=40661) to work on /opt/airflow/dags/fan_in_and_out.py
[2024-10-10T14:50:15.945+0000] {processor.py:914} INFO - Processing file /opt/airflow/dags/fan_in_and_out.py for tasks to queue
[2024-10-10T14:50:15.946+0000] {logging_mixin.py:190} INFO - [2024-10-10T14:50:15.946+0000] {dagbag.py:587} INFO - Filling up the DagBag from /opt/airflow/dags/fan_in_and_out.py
[2024-10-10T14:50:15.955+0000] {processor.py:925} INFO - DAG(s) 'fan_in_out' retrieved from /opt/airflow/dags/fan_in_and_out.py
[2024-10-10T14:50:15.973+0000] {logging_mixin.py:190} INFO - [2024-10-10T14:50:15.972+0000] {dag.py:3229} INFO - Sync 1 DAGs
[2024-10-10T14:50:15.989+0000] {logging_mixin.py:190} INFO - [2024-10-10T14:50:15.989+0000] {dag.py:4156} INFO - Setting next_dagrun for fan_in_out to 2024-10-07 00:00:00+00:00, run_after=2024-10-08 00:00:00+00:00
[2024-10-10T14:50:16.000+0000] {processor.py:208} INFO - Processing /opt/airflow/dags/fan_in_and_out.py took 0.063 seconds
[2024-10-10T15:19:01.279+0000] {processor.py:186} INFO - Started process (PID=40732) to work on /opt/airflow/dags/fan_in_and_out.py
[2024-10-10T15:19:01.282+0000] {processor.py:914} INFO - Processing file /opt/airflow/dags/fan_in_and_out.py for tasks to queue
[2024-10-10T15:19:01.283+0000] {logging_mixin.py:190} INFO - [2024-10-10T15:19:01.283+0000] {dagbag.py:587} INFO - Filling up the DagBag from /opt/airflow/dags/fan_in_and_out.py
[2024-10-10T15:19:01.299+0000] {processor.py:925} INFO - DAG(s) 'fan_in_out' retrieved from /opt/airflow/dags/fan_in_and_out.py
[2024-10-10T15:19:01.318+0000] {logging_mixin.py:190} INFO - [2024-10-10T15:19:01.318+0000] {dag.py:3229} INFO - Sync 1 DAGs
[2024-10-10T15:19:01.332+0000] {logging_mixin.py:190} INFO - [2024-10-10T15:19:01.331+0000] {dag.py:4156} INFO - Setting next_dagrun for fan_in_out to 2024-10-07 00:00:00+00:00, run_after=2024-10-08 00:00:00+00:00
[2024-10-10T15:19:01.340+0000] {processor.py:208} INFO - Processing /opt/airflow/dags/fan_in_and_out.py took 0.065 seconds
[2024-10-10T15:50:08.228+0000] {processor.py:186} INFO - Started process (PID=40803) to work on /opt/airflow/dags/fan_in_and_out.py
[2024-10-10T15:50:08.229+0000] {processor.py:914} INFO - Processing file /opt/airflow/dags/fan_in_and_out.py for tasks to queue
[2024-10-10T15:50:08.230+0000] {logging_mixin.py:190} INFO - [2024-10-10T15:50:08.229+0000] {dagbag.py:587} INFO - Filling up the DagBag from /opt/airflow/dags/fan_in_and_out.py
[2024-10-10T15:50:08.238+0000] {processor.py:925} INFO - DAG(s) 'fan_in_out' retrieved from /opt/airflow/dags/fan_in_and_out.py
[2024-10-10T15:50:08.264+0000] {logging_mixin.py:190} INFO - [2024-10-10T15:50:08.264+0000] {dag.py:3229} INFO - Sync 1 DAGs
[2024-10-10T15:50:08.287+0000] {logging_mixin.py:190} INFO - [2024-10-10T15:50:08.287+0000] {dag.py:4156} INFO - Setting next_dagrun for fan_in_out to 2024-10-07 00:00:00+00:00, run_after=2024-10-08 00:00:00+00:00
[2024-10-10T15:50:08.300+0000] {processor.py:208} INFO - Processing /opt/airflow/dags/fan_in_and_out.py took 0.077 seconds
[2024-10-10T16:36:36.531+0000] {processor.py:186} INFO - Started process (PID=40874) to work on /opt/airflow/dags/fan_in_and_out.py
[2024-10-10T16:36:36.534+0000] {processor.py:914} INFO - Processing file /opt/airflow/dags/fan_in_and_out.py for tasks to queue
[2024-10-10T16:36:36.536+0000] {logging_mixin.py:190} INFO - [2024-10-10T16:36:36.536+0000] {dagbag.py:587} INFO - Filling up the DagBag from /opt/airflow/dags/fan_in_and_out.py
[2024-10-10T16:36:36.554+0000] {processor.py:925} INFO - DAG(s) 'fan_in_out' retrieved from /opt/airflow/dags/fan_in_and_out.py
[2024-10-10T16:36:36.600+0000] {logging_mixin.py:190} INFO - [2024-10-10T16:36:36.599+0000] {dag.py:3229} INFO - Sync 1 DAGs
[2024-10-10T16:36:36.615+0000] {logging_mixin.py:190} INFO - [2024-10-10T16:36:36.615+0000] {dag.py:4156} INFO - Setting next_dagrun for fan_in_out to 2024-10-07 00:00:00+00:00, run_after=2024-10-08 00:00:00+00:00
[2024-10-10T16:36:36.634+0000] {processor.py:208} INFO - Processing /opt/airflow/dags/fan_in_and_out.py took 0.108 seconds
[2024-10-10T16:45:44.939+0000] {processor.py:186} INFO - Started process (PID=40945) to work on /opt/airflow/dags/fan_in_and_out.py
[2024-10-10T16:45:44.941+0000] {processor.py:914} INFO - Processing file /opt/airflow/dags/fan_in_and_out.py for tasks to queue
[2024-10-10T16:45:44.942+0000] {logging_mixin.py:190} INFO - [2024-10-10T16:45:44.942+0000] {dagbag.py:587} INFO - Filling up the DagBag from /opt/airflow/dags/fan_in_and_out.py
[2024-10-10T16:45:44.949+0000] {processor.py:925} INFO - DAG(s) 'fan_in_out' retrieved from /opt/airflow/dags/fan_in_and_out.py
[2024-10-10T16:45:44.964+0000] {logging_mixin.py:190} INFO - [2024-10-10T16:45:44.964+0000] {dag.py:3229} INFO - Sync 1 DAGs
[2024-10-10T16:45:44.989+0000] {logging_mixin.py:190} INFO - [2024-10-10T16:45:44.989+0000] {dag.py:4156} INFO - Setting next_dagrun for fan_in_out to 2024-10-07 00:00:00+00:00, run_after=2024-10-08 00:00:00+00:00
[2024-10-10T16:45:44.997+0000] {processor.py:208} INFO - Processing /opt/airflow/dags/fan_in_and_out.py took 0.063 seconds
[2024-10-10T17:20:00.493+0000] {processor.py:186} INFO - Started process (PID=41015) to work on /opt/airflow/dags/fan_in_and_out.py
[2024-10-10T17:20:00.494+0000] {processor.py:914} INFO - Processing file /opt/airflow/dags/fan_in_and_out.py for tasks to queue
[2024-10-10T17:20:00.494+0000] {logging_mixin.py:190} INFO - [2024-10-10T17:20:00.494+0000] {dagbag.py:587} INFO - Filling up the DagBag from /opt/airflow/dags/fan_in_and_out.py
[2024-10-10T17:20:00.502+0000] {processor.py:925} INFO - DAG(s) 'fan_in_out' retrieved from /opt/airflow/dags/fan_in_and_out.py
[2024-10-10T17:20:00.514+0000] {logging_mixin.py:190} INFO - [2024-10-10T17:20:00.514+0000] {dag.py:3229} INFO - Sync 1 DAGs
[2024-10-10T17:20:00.534+0000] {logging_mixin.py:190} INFO - [2024-10-10T17:20:00.534+0000] {dag.py:4156} INFO - Setting next_dagrun for fan_in_out to 2024-10-07 00:00:00+00:00, run_after=2024-10-08 00:00:00+00:00
[2024-10-10T17:20:00.546+0000] {processor.py:208} INFO - Processing /opt/airflow/dags/fan_in_and_out.py took 0.057 seconds
[2024-10-10T18:21:00.586+0000] {processor.py:186} INFO - Started process (PID=41086) to work on /opt/airflow/dags/fan_in_and_out.py
[2024-10-10T18:21:00.587+0000] {processor.py:914} INFO - Processing file /opt/airflow/dags/fan_in_and_out.py for tasks to queue
[2024-10-10T18:21:00.587+0000] {logging_mixin.py:190} INFO - [2024-10-10T18:21:00.587+0000] {dagbag.py:587} INFO - Filling up the DagBag from /opt/airflow/dags/fan_in_and_out.py
[2024-10-10T18:21:00.597+0000] {processor.py:925} INFO - DAG(s) 'fan_in_out' retrieved from /opt/airflow/dags/fan_in_and_out.py
[2024-10-10T18:21:00.609+0000] {logging_mixin.py:190} INFO - [2024-10-10T18:21:00.609+0000] {dag.py:3229} INFO - Sync 1 DAGs
[2024-10-10T18:21:00.625+0000] {logging_mixin.py:190} INFO - [2024-10-10T18:21:00.625+0000] {dag.py:4156} INFO - Setting next_dagrun for fan_in_out to 2024-10-07 00:00:00+00:00, run_after=2024-10-08 00:00:00+00:00
[2024-10-10T18:21:00.640+0000] {processor.py:208} INFO - Processing /opt/airflow/dags/fan_in_and_out.py took 0.057 seconds
[2024-10-10T18:38:25.938+0000] {processor.py:186} INFO - Started process (PID=41157) to work on /opt/airflow/dags/fan_in_and_out.py
[2024-10-10T18:38:25.939+0000] {processor.py:914} INFO - Processing file /opt/airflow/dags/fan_in_and_out.py for tasks to queue
[2024-10-10T18:38:25.940+0000] {logging_mixin.py:190} INFO - [2024-10-10T18:38:25.940+0000] {dagbag.py:587} INFO - Filling up the DagBag from /opt/airflow/dags/fan_in_and_out.py
[2024-10-10T18:38:25.951+0000] {processor.py:925} INFO - DAG(s) 'fan_in_out' retrieved from /opt/airflow/dags/fan_in_and_out.py
[2024-10-10T18:38:25.963+0000] {logging_mixin.py:190} INFO - [2024-10-10T18:38:25.963+0000] {dag.py:3229} INFO - Sync 1 DAGs
[2024-10-10T18:38:25.976+0000] {logging_mixin.py:190} INFO - [2024-10-10T18:38:25.976+0000] {dag.py:4156} INFO - Setting next_dagrun for fan_in_out to 2024-10-07 00:00:00+00:00, run_after=2024-10-08 00:00:00+00:00
[2024-10-10T18:38:25.991+0000] {processor.py:208} INFO - Processing /opt/airflow/dags/fan_in_and_out.py took 0.056 seconds
[2024-10-10T19:39:10.818+0000] {processor.py:186} INFO - Started process (PID=41228) to work on /opt/airflow/dags/fan_in_and_out.py
[2024-10-10T19:39:10.819+0000] {processor.py:914} INFO - Processing file /opt/airflow/dags/fan_in_and_out.py for tasks to queue
[2024-10-10T19:39:10.820+0000] {logging_mixin.py:190} INFO - [2024-10-10T19:39:10.820+0000] {dagbag.py:587} INFO - Filling up the DagBag from /opt/airflow/dags/fan_in_and_out.py
[2024-10-10T19:39:10.828+0000] {processor.py:925} INFO - DAG(s) 'fan_in_out' retrieved from /opt/airflow/dags/fan_in_and_out.py
[2024-10-10T19:39:10.842+0000] {logging_mixin.py:190} INFO - [2024-10-10T19:39:10.842+0000] {dag.py:3229} INFO - Sync 1 DAGs
[2024-10-10T19:39:10.853+0000] {logging_mixin.py:190} INFO - [2024-10-10T19:39:10.853+0000] {dag.py:4156} INFO - Setting next_dagrun for fan_in_out to 2024-10-07 00:00:00+00:00, run_after=2024-10-08 00:00:00+00:00
[2024-10-10T19:39:10.863+0000] {processor.py:208} INFO - Processing /opt/airflow/dags/fan_in_and_out.py took 0.049 seconds
[2024-10-10T20:23:14.399+0000] {processor.py:186} INFO - Started process (PID=41299) to work on /opt/airflow/dags/fan_in_and_out.py
[2024-10-10T20:23:14.401+0000] {processor.py:914} INFO - Processing file /opt/airflow/dags/fan_in_and_out.py for tasks to queue
[2024-10-10T20:23:14.402+0000] {logging_mixin.py:190} INFO - [2024-10-10T20:23:14.402+0000] {dagbag.py:587} INFO - Filling up the DagBag from /opt/airflow/dags/fan_in_and_out.py
[2024-10-10T20:23:14.410+0000] {processor.py:925} INFO - DAG(s) 'fan_in_out' retrieved from /opt/airflow/dags/fan_in_and_out.py
[2024-10-10T20:23:14.429+0000] {logging_mixin.py:190} INFO - [2024-10-10T20:23:14.429+0000] {dag.py:3229} INFO - Sync 1 DAGs
[2024-10-10T20:23:14.459+0000] {logging_mixin.py:190} INFO - [2024-10-10T20:23:14.459+0000] {dag.py:4156} INFO - Setting next_dagrun for fan_in_out to 2024-10-07 00:00:00+00:00, run_after=2024-10-08 00:00:00+00:00
[2024-10-10T20:23:14.470+0000] {processor.py:208} INFO - Processing /opt/airflow/dags/fan_in_and_out.py took 0.076 seconds
[2024-10-10T20:54:19.676+0000] {processor.py:186} INFO - Started process (PID=41370) to work on /opt/airflow/dags/fan_in_and_out.py
[2024-10-10T20:54:19.677+0000] {processor.py:914} INFO - Processing file /opt/airflow/dags/fan_in_and_out.py for tasks to queue
[2024-10-10T20:54:19.678+0000] {logging_mixin.py:190} INFO - [2024-10-10T20:54:19.678+0000] {dagbag.py:587} INFO - Filling up the DagBag from /opt/airflow/dags/fan_in_and_out.py
[2024-10-10T20:54:19.684+0000] {processor.py:925} INFO - DAG(s) 'fan_in_out' retrieved from /opt/airflow/dags/fan_in_and_out.py
[2024-10-10T20:54:19.695+0000] {logging_mixin.py:190} INFO - [2024-10-10T20:54:19.695+0000] {dag.py:3229} INFO - Sync 1 DAGs
[2024-10-10T20:54:19.706+0000] {logging_mixin.py:190} INFO - [2024-10-10T20:54:19.706+0000] {dag.py:4156} INFO - Setting next_dagrun for fan_in_out to 2024-10-07 00:00:00+00:00, run_after=2024-10-08 00:00:00+00:00
[2024-10-10T20:54:19.716+0000] {processor.py:208} INFO - Processing /opt/airflow/dags/fan_in_and_out.py took 0.043 seconds
[2024-10-10T21:24:07.511+0000] {processor.py:186} INFO - Started process (PID=41441) to work on /opt/airflow/dags/fan_in_and_out.py
[2024-10-10T21:24:07.512+0000] {processor.py:914} INFO - Processing file /opt/airflow/dags/fan_in_and_out.py for tasks to queue
[2024-10-10T21:24:07.514+0000] {logging_mixin.py:190} INFO - [2024-10-10T21:24:07.514+0000] {dagbag.py:587} INFO - Filling up the DagBag from /opt/airflow/dags/fan_in_and_out.py
[2024-10-10T21:24:07.522+0000] {processor.py:925} INFO - DAG(s) 'fan_in_out' retrieved from /opt/airflow/dags/fan_in_and_out.py
[2024-10-10T21:24:07.534+0000] {logging_mixin.py:190} INFO - [2024-10-10T21:24:07.534+0000] {dag.py:3229} INFO - Sync 1 DAGs
[2024-10-10T21:24:07.550+0000] {logging_mixin.py:190} INFO - [2024-10-10T21:24:07.550+0000] {dag.py:4156} INFO - Setting next_dagrun for fan_in_out to 2024-10-07 00:00:00+00:00, run_after=2024-10-08 00:00:00+00:00
[2024-10-10T21:24:07.559+0000] {processor.py:208} INFO - Processing /opt/airflow/dags/fan_in_and_out.py took 0.054 seconds
[2024-10-10T21:24:38.322+0000] {processor.py:186} INFO - Started process (PID=41512) to work on /opt/airflow/dags/fan_in_and_out.py
[2024-10-10T21:24:38.323+0000] {processor.py:914} INFO - Processing file /opt/airflow/dags/fan_in_and_out.py for tasks to queue
[2024-10-10T21:24:38.323+0000] {logging_mixin.py:190} INFO - [2024-10-10T21:24:38.323+0000] {dagbag.py:587} INFO - Filling up the DagBag from /opt/airflow/dags/fan_in_and_out.py
[2024-10-10T21:24:38.334+0000] {processor.py:925} INFO - DAG(s) 'fan_in_out' retrieved from /opt/airflow/dags/fan_in_and_out.py
[2024-10-10T21:24:38.347+0000] {logging_mixin.py:190} INFO - [2024-10-10T21:24:38.347+0000] {dag.py:3229} INFO - Sync 1 DAGs
[2024-10-10T21:24:38.358+0000] {logging_mixin.py:190} INFO - [2024-10-10T21:24:38.358+0000] {dag.py:4156} INFO - Setting next_dagrun for fan_in_out to 2024-10-07 00:00:00+00:00, run_after=2024-10-08 00:00:00+00:00
[2024-10-10T21:24:38.365+0000] {processor.py:208} INFO - Processing /opt/airflow/dags/fan_in_and_out.py took 0.047 seconds
[2024-10-10T21:43:34.236+0000] {processor.py:186} INFO - Started process (PID=41583) to work on /opt/airflow/dags/fan_in_and_out.py
[2024-10-10T21:43:34.238+0000] {processor.py:914} INFO - Processing file /opt/airflow/dags/fan_in_and_out.py for tasks to queue
[2024-10-10T21:43:34.239+0000] {logging_mixin.py:190} INFO - [2024-10-10T21:43:34.239+0000] {dagbag.py:587} INFO - Filling up the DagBag from /opt/airflow/dags/fan_in_and_out.py
[2024-10-10T21:43:34.250+0000] {processor.py:925} INFO - DAG(s) 'fan_in_out' retrieved from /opt/airflow/dags/fan_in_and_out.py
[2024-10-10T21:43:34.269+0000] {logging_mixin.py:190} INFO - [2024-10-10T21:43:34.269+0000] {dag.py:3229} INFO - Sync 1 DAGs
[2024-10-10T21:43:34.285+0000] {logging_mixin.py:190} INFO - [2024-10-10T21:43:34.285+0000] {dag.py:4156} INFO - Setting next_dagrun for fan_in_out to 2024-10-07 00:00:00+00:00, run_after=2024-10-08 00:00:00+00:00
[2024-10-10T21:43:34.294+0000] {processor.py:208} INFO - Processing /opt/airflow/dags/fan_in_and_out.py took 0.062 seconds
[2024-10-10T22:17:46.967+0000] {processor.py:186} INFO - Started process (PID=41654) to work on /opt/airflow/dags/fan_in_and_out.py
[2024-10-10T22:17:46.969+0000] {processor.py:914} INFO - Processing file /opt/airflow/dags/fan_in_and_out.py for tasks to queue
[2024-10-10T22:17:46.970+0000] {logging_mixin.py:190} INFO - [2024-10-10T22:17:46.969+0000] {dagbag.py:587} INFO - Filling up the DagBag from /opt/airflow/dags/fan_in_and_out.py
[2024-10-10T22:17:46.979+0000] {processor.py:925} INFO - DAG(s) 'fan_in_out' retrieved from /opt/airflow/dags/fan_in_and_out.py
[2024-10-10T22:17:47.187+0000] {logging_mixin.py:190} INFO - [2024-10-10T22:17:47.187+0000] {dag.py:3229} INFO - Sync 1 DAGs
[2024-10-10T22:17:47.209+0000] {logging_mixin.py:190} INFO - [2024-10-10T22:17:47.208+0000] {dag.py:4156} INFO - Setting next_dagrun for fan_in_out to 2024-10-07 00:00:00+00:00, run_after=2024-10-08 00:00:00+00:00
[2024-10-10T22:17:47.221+0000] {processor.py:208} INFO - Processing /opt/airflow/dags/fan_in_and_out.py took 0.257 seconds
[2024-10-10T22:46:07.939+0000] {processor.py:186} INFO - Started process (PID=41725) to work on /opt/airflow/dags/fan_in_and_out.py
[2024-10-10T22:46:07.944+0000] {processor.py:914} INFO - Processing file /opt/airflow/dags/fan_in_and_out.py for tasks to queue
[2024-10-10T22:46:07.947+0000] {logging_mixin.py:190} INFO - [2024-10-10T22:46:07.947+0000] {dagbag.py:587} INFO - Filling up the DagBag from /opt/airflow/dags/fan_in_and_out.py
[2024-10-10T22:46:07.962+0000] {processor.py:925} INFO - DAG(s) 'fan_in_out' retrieved from /opt/airflow/dags/fan_in_and_out.py
[2024-10-10T22:46:07.975+0000] {logging_mixin.py:190} INFO - [2024-10-10T22:46:07.975+0000] {dag.py:3229} INFO - Sync 1 DAGs
[2024-10-10T22:46:07.992+0000] {logging_mixin.py:190} INFO - [2024-10-10T22:46:07.992+0000] {dag.py:4156} INFO - Setting next_dagrun for fan_in_out to 2024-10-07 00:00:00+00:00, run_after=2024-10-08 00:00:00+00:00
[2024-10-10T22:46:08.001+0000] {processor.py:208} INFO - Processing /opt/airflow/dags/fan_in_and_out.py took 0.067 seconds
[2024-10-10T23:26:18.339+0000] {processor.py:186} INFO - Started process (PID=41796) to work on /opt/airflow/dags/fan_in_and_out.py
[2024-10-10T23:26:18.343+0000] {processor.py:914} INFO - Processing file /opt/airflow/dags/fan_in_and_out.py for tasks to queue
[2024-10-10T23:26:18.344+0000] {logging_mixin.py:190} INFO - [2024-10-10T23:26:18.344+0000] {dagbag.py:587} INFO - Filling up the DagBag from /opt/airflow/dags/fan_in_and_out.py
[2024-10-10T23:26:18.355+0000] {processor.py:925} INFO - DAG(s) 'fan_in_out' retrieved from /opt/airflow/dags/fan_in_and_out.py
[2024-10-10T23:26:18.374+0000] {logging_mixin.py:190} INFO - [2024-10-10T23:26:18.374+0000] {dag.py:3229} INFO - Sync 1 DAGs
[2024-10-10T23:26:18.393+0000] {logging_mixin.py:190} INFO - [2024-10-10T23:26:18.392+0000] {dag.py:4156} INFO - Setting next_dagrun for fan_in_out to 2024-10-07 00:00:00+00:00, run_after=2024-10-08 00:00:00+00:00
[2024-10-10T23:26:18.407+0000] {processor.py:208} INFO - Processing /opt/airflow/dags/fan_in_and_out.py took 0.073 seconds
