[2024-10-10T00:11:40.426+0000] {processor.py:186} INFO - Started process (PID=38820) to work on /opt/airflow/dags/idem_atom.py
[2024-10-10T00:11:40.427+0000] {processor.py:914} INFO - Processing file /opt/airflow/dags/idem_atom.py for tasks to queue
[2024-10-10T00:11:40.428+0000] {logging_mixin.py:190} INFO - [2024-10-10T00:11:40.427+0000] {dagbag.py:587} INFO - Filling up the DagBag from /opt/airflow/dags/idem_atom.py
[2024-10-10T00:11:40.438+0000] {processor.py:925} INFO - DAG(s) 'idempotency_and_atomicity' retrieved from /opt/airflow/dags/idem_atom.py
[2024-10-10T00:11:40.462+0000] {logging_mixin.py:190} INFO - [2024-10-10T00:11:40.462+0000] {dag.py:3229} INFO - Sync 1 DAGs
[2024-10-10T00:11:40.475+0000] {logging_mixin.py:190} INFO - [2024-10-10T00:11:40.475+0000] {dag.py:4156} INFO - Setting next_dagrun for idempotency_and_atomicity to None, run_after=None
[2024-10-10T00:11:40.487+0000] {processor.py:208} INFO - Processing /opt/airflow/dags/idem_atom.py took 0.065 seconds
[2024-10-10T01:18:07.208+0000] {processor.py:186} INFO - Started process (PID=38891) to work on /opt/airflow/dags/idem_atom.py
[2024-10-10T01:18:07.210+0000] {processor.py:914} INFO - Processing file /opt/airflow/dags/idem_atom.py for tasks to queue
[2024-10-10T01:18:07.211+0000] {logging_mixin.py:190} INFO - [2024-10-10T01:18:07.211+0000] {dagbag.py:587} INFO - Filling up the DagBag from /opt/airflow/dags/idem_atom.py
[2024-10-10T01:18:07.221+0000] {processor.py:925} INFO - DAG(s) 'idempotency_and_atomicity' retrieved from /opt/airflow/dags/idem_atom.py
[2024-10-10T01:18:07.236+0000] {logging_mixin.py:190} INFO - [2024-10-10T01:18:07.235+0000] {dag.py:3229} INFO - Sync 1 DAGs
[2024-10-10T01:18:07.255+0000] {logging_mixin.py:190} INFO - [2024-10-10T01:18:07.254+0000] {dag.py:4156} INFO - Setting next_dagrun for idempotency_and_atomicity to None, run_after=None
[2024-10-10T01:18:07.278+0000] {processor.py:208} INFO - Processing /opt/airflow/dags/idem_atom.py took 0.078 seconds
[2024-10-10T01:52:17.009+0000] {processor.py:186} INFO - Started process (PID=38962) to work on /opt/airflow/dags/idem_atom.py
[2024-10-10T01:52:17.014+0000] {processor.py:914} INFO - Processing file /opt/airflow/dags/idem_atom.py for tasks to queue
[2024-10-10T01:52:17.014+0000] {logging_mixin.py:190} INFO - [2024-10-10T01:52:17.014+0000] {dagbag.py:587} INFO - Filling up the DagBag from /opt/airflow/dags/idem_atom.py
[2024-10-10T01:52:17.027+0000] {processor.py:925} INFO - DAG(s) 'idempotency_and_atomicity' retrieved from /opt/airflow/dags/idem_atom.py
[2024-10-10T01:52:17.050+0000] {logging_mixin.py:190} INFO - [2024-10-10T01:52:17.049+0000] {dag.py:3229} INFO - Sync 1 DAGs
[2024-10-10T01:52:17.078+0000] {logging_mixin.py:190} INFO - [2024-10-10T01:52:17.077+0000] {dag.py:4156} INFO - Setting next_dagrun for idempotency_and_atomicity to None, run_after=None
[2024-10-10T01:52:17.091+0000] {processor.py:208} INFO - Processing /opt/airflow/dags/idem_atom.py took 0.086 seconds
[2024-10-10T02:19:09.300+0000] {processor.py:186} INFO - Started process (PID=39033) to work on /opt/airflow/dags/idem_atom.py
[2024-10-10T02:19:09.303+0000] {processor.py:914} INFO - Processing file /opt/airflow/dags/idem_atom.py for tasks to queue
[2024-10-10T02:19:09.305+0000] {logging_mixin.py:190} INFO - [2024-10-10T02:19:09.305+0000] {dagbag.py:587} INFO - Filling up the DagBag from /opt/airflow/dags/idem_atom.py
[2024-10-10T02:19:09.312+0000] {processor.py:925} INFO - DAG(s) 'idempotency_and_atomicity' retrieved from /opt/airflow/dags/idem_atom.py
[2024-10-10T02:19:09.330+0000] {logging_mixin.py:190} INFO - [2024-10-10T02:19:09.330+0000] {dag.py:3229} INFO - Sync 1 DAGs
[2024-10-10T02:19:09.342+0000] {logging_mixin.py:190} INFO - [2024-10-10T02:19:09.342+0000] {dag.py:4156} INFO - Setting next_dagrun for idempotency_and_atomicity to None, run_after=None
[2024-10-10T02:19:09.351+0000] {processor.py:208} INFO - Processing /opt/airflow/dags/idem_atom.py took 0.054 seconds
[2024-10-10T03:09:34.452+0000] {processor.py:186} INFO - Started process (PID=39104) to work on /opt/airflow/dags/idem_atom.py
[2024-10-10T03:09:34.453+0000] {processor.py:914} INFO - Processing file /opt/airflow/dags/idem_atom.py for tasks to queue
[2024-10-10T03:09:34.454+0000] {logging_mixin.py:190} INFO - [2024-10-10T03:09:34.454+0000] {dagbag.py:587} INFO - Filling up the DagBag from /opt/airflow/dags/idem_atom.py
[2024-10-10T03:09:34.458+0000] {processor.py:925} INFO - DAG(s) 'idempotency_and_atomicity' retrieved from /opt/airflow/dags/idem_atom.py
[2024-10-10T03:09:34.469+0000] {logging_mixin.py:190} INFO - [2024-10-10T03:09:34.469+0000] {dag.py:3229} INFO - Sync 1 DAGs
[2024-10-10T03:09:34.480+0000] {logging_mixin.py:190} INFO - [2024-10-10T03:09:34.480+0000] {dag.py:4156} INFO - Setting next_dagrun for idempotency_and_atomicity to None, run_after=None
[2024-10-10T03:09:34.489+0000] {processor.py:208} INFO - Processing /opt/airflow/dags/idem_atom.py took 0.040 seconds
[2024-10-10T03:56:57.082+0000] {processor.py:186} INFO - Started process (PID=39174) to work on /opt/airflow/dags/idem_atom.py
[2024-10-10T03:56:57.084+0000] {processor.py:914} INFO - Processing file /opt/airflow/dags/idem_atom.py for tasks to queue
[2024-10-10T03:56:57.085+0000] {logging_mixin.py:190} INFO - [2024-10-10T03:56:57.084+0000] {dagbag.py:587} INFO - Filling up the DagBag from /opt/airflow/dags/idem_atom.py
[2024-10-10T03:56:57.093+0000] {processor.py:925} INFO - DAG(s) 'idempotency_and_atomicity' retrieved from /opt/airflow/dags/idem_atom.py
[2024-10-10T03:56:57.111+0000] {logging_mixin.py:190} INFO - [2024-10-10T03:56:57.111+0000] {dag.py:3229} INFO - Sync 1 DAGs
[2024-10-10T03:56:57.123+0000] {logging_mixin.py:190} INFO - [2024-10-10T03:56:57.123+0000] {dag.py:4156} INFO - Setting next_dagrun for idempotency_and_atomicity to None, run_after=None
[2024-10-10T03:56:57.140+0000] {processor.py:208} INFO - Processing /opt/airflow/dags/idem_atom.py took 0.061 seconds
[2024-10-10T04:21:11.492+0000] {processor.py:186} INFO - Started process (PID=39244) to work on /opt/airflow/dags/idem_atom.py
[2024-10-10T04:21:11.492+0000] {processor.py:914} INFO - Processing file /opt/airflow/dags/idem_atom.py for tasks to queue
[2024-10-10T04:21:11.495+0000] {logging_mixin.py:190} INFO - [2024-10-10T04:21:11.495+0000] {dagbag.py:587} INFO - Filling up the DagBag from /opt/airflow/dags/idem_atom.py
[2024-10-10T04:21:11.502+0000] {processor.py:925} INFO - DAG(s) 'idempotency_and_atomicity' retrieved from /opt/airflow/dags/idem_atom.py
[2024-10-10T04:21:11.517+0000] {logging_mixin.py:190} INFO - [2024-10-10T04:21:11.517+0000] {dag.py:3229} INFO - Sync 1 DAGs
[2024-10-10T04:21:11.530+0000] {logging_mixin.py:190} INFO - [2024-10-10T04:21:11.530+0000] {dag.py:4156} INFO - Setting next_dagrun for idempotency_and_atomicity to None, run_after=None
[2024-10-10T04:21:11.540+0000] {processor.py:208} INFO - Processing /opt/airflow/dags/idem_atom.py took 0.051 seconds
[2024-10-10T05:14:22.895+0000] {processor.py:186} INFO - Started process (PID=39315) to work on /opt/airflow/dags/idem_atom.py
[2024-10-10T05:14:22.898+0000] {processor.py:914} INFO - Processing file /opt/airflow/dags/idem_atom.py for tasks to queue
[2024-10-10T05:14:22.912+0000] {logging_mixin.py:190} INFO - [2024-10-10T05:14:22.907+0000] {dagbag.py:587} INFO - Filling up the DagBag from /opt/airflow/dags/idem_atom.py
[2024-10-10T05:14:22.957+0000] {processor.py:925} INFO - DAG(s) 'idempotency_and_atomicity' retrieved from /opt/airflow/dags/idem_atom.py
[2024-10-10T05:14:23.038+0000] {logging_mixin.py:190} INFO - [2024-10-10T05:14:23.037+0000] {dag.py:3229} INFO - Sync 1 DAGs
[2024-10-10T05:14:23.094+0000] {logging_mixin.py:190} INFO - [2024-10-10T05:14:23.094+0000] {dag.py:4156} INFO - Setting next_dagrun for idempotency_and_atomicity to None, run_after=None
[2024-10-10T05:14:23.134+0000] {processor.py:208} INFO - Processing /opt/airflow/dags/idem_atom.py took 0.263 seconds
[2024-10-10T05:47:20.527+0000] {processor.py:186} INFO - Started process (PID=39386) to work on /opt/airflow/dags/idem_atom.py
[2024-10-10T05:47:20.528+0000] {processor.py:914} INFO - Processing file /opt/airflow/dags/idem_atom.py for tasks to queue
[2024-10-10T05:47:20.529+0000] {logging_mixin.py:190} INFO - [2024-10-10T05:47:20.529+0000] {dagbag.py:587} INFO - Filling up the DagBag from /opt/airflow/dags/idem_atom.py
[2024-10-10T05:47:20.538+0000] {processor.py:925} INFO - DAG(s) 'idempotency_and_atomicity' retrieved from /opt/airflow/dags/idem_atom.py
[2024-10-10T05:47:20.554+0000] {logging_mixin.py:190} INFO - [2024-10-10T05:47:20.554+0000] {dag.py:3229} INFO - Sync 1 DAGs
[2024-10-10T05:47:20.569+0000] {logging_mixin.py:190} INFO - [2024-10-10T05:47:20.569+0000] {dag.py:4156} INFO - Setting next_dagrun for idempotency_and_atomicity to None, run_after=None
[2024-10-10T05:47:20.590+0000] {processor.py:208} INFO - Processing /opt/airflow/dags/idem_atom.py took 0.067 seconds
[2024-10-10T06:39:41.495+0000] {processor.py:186} INFO - Started process (PID=39457) to work on /opt/airflow/dags/idem_atom.py
[2024-10-10T06:39:41.496+0000] {processor.py:914} INFO - Processing file /opt/airflow/dags/idem_atom.py for tasks to queue
[2024-10-10T06:39:41.497+0000] {logging_mixin.py:190} INFO - [2024-10-10T06:39:41.496+0000] {dagbag.py:587} INFO - Filling up the DagBag from /opt/airflow/dags/idem_atom.py
[2024-10-10T06:39:41.507+0000] {processor.py:925} INFO - DAG(s) 'idempotency_and_atomicity' retrieved from /opt/airflow/dags/idem_atom.py
[2024-10-10T06:39:41.526+0000] {logging_mixin.py:190} INFO - [2024-10-10T06:39:41.526+0000] {dag.py:3229} INFO - Sync 1 DAGs
[2024-10-10T06:39:41.539+0000] {logging_mixin.py:190} INFO - [2024-10-10T06:39:41.539+0000] {dag.py:4156} INFO - Setting next_dagrun for idempotency_and_atomicity to None, run_after=None
[2024-10-10T06:39:41.545+0000] {processor.py:208} INFO - Processing /opt/airflow/dags/idem_atom.py took 0.054 seconds
[2024-10-10T07:11:23.977+0000] {processor.py:186} INFO - Started process (PID=39528) to work on /opt/airflow/dags/idem_atom.py
[2024-10-10T07:11:23.980+0000] {processor.py:914} INFO - Processing file /opt/airflow/dags/idem_atom.py for tasks to queue
[2024-10-10T07:11:23.982+0000] {logging_mixin.py:190} INFO - [2024-10-10T07:11:23.982+0000] {dagbag.py:587} INFO - Filling up the DagBag from /opt/airflow/dags/idem_atom.py
[2024-10-10T07:11:23.992+0000] {processor.py:925} INFO - DAG(s) 'idempotency_and_atomicity' retrieved from /opt/airflow/dags/idem_atom.py
[2024-10-10T07:11:24.008+0000] {logging_mixin.py:190} INFO - [2024-10-10T07:11:24.008+0000] {dag.py:3229} INFO - Sync 1 DAGs
[2024-10-10T07:11:24.022+0000] {logging_mixin.py:190} INFO - [2024-10-10T07:11:24.022+0000] {dag.py:4156} INFO - Setting next_dagrun for idempotency_and_atomicity to None, run_after=None
[2024-10-10T07:11:24.032+0000] {processor.py:208} INFO - Processing /opt/airflow/dags/idem_atom.py took 0.060 seconds
[2024-10-10T07:39:18.251+0000] {processor.py:186} INFO - Started process (PID=39599) to work on /opt/airflow/dags/idem_atom.py
[2024-10-10T07:39:18.252+0000] {processor.py:914} INFO - Processing file /opt/airflow/dags/idem_atom.py for tasks to queue
[2024-10-10T07:39:18.253+0000] {logging_mixin.py:190} INFO - [2024-10-10T07:39:18.253+0000] {dagbag.py:587} INFO - Filling up the DagBag from /opt/airflow/dags/idem_atom.py
[2024-10-10T07:39:18.258+0000] {processor.py:925} INFO - DAG(s) 'idempotency_and_atomicity' retrieved from /opt/airflow/dags/idem_atom.py
[2024-10-10T07:39:18.273+0000] {logging_mixin.py:190} INFO - [2024-10-10T07:39:18.273+0000] {dag.py:3229} INFO - Sync 1 DAGs
[2024-10-10T07:39:18.286+0000] {logging_mixin.py:190} INFO - [2024-10-10T07:39:18.286+0000] {dag.py:4156} INFO - Setting next_dagrun for idempotency_and_atomicity to None, run_after=None
[2024-10-10T07:39:18.294+0000] {processor.py:208} INFO - Processing /opt/airflow/dags/idem_atom.py took 0.046 seconds
[2024-10-10T08:02:58.756+0000] {processor.py:186} INFO - Started process (PID=39670) to work on /opt/airflow/dags/idem_atom.py
[2024-10-10T08:02:58.758+0000] {processor.py:914} INFO - Processing file /opt/airflow/dags/idem_atom.py for tasks to queue
[2024-10-10T08:02:58.759+0000] {logging_mixin.py:190} INFO - [2024-10-10T08:02:58.759+0000] {dagbag.py:587} INFO - Filling up the DagBag from /opt/airflow/dags/idem_atom.py
[2024-10-10T08:02:58.773+0000] {processor.py:925} INFO - DAG(s) 'idempotency_and_atomicity' retrieved from /opt/airflow/dags/idem_atom.py
[2024-10-10T08:02:58.789+0000] {logging_mixin.py:190} INFO - [2024-10-10T08:02:58.789+0000] {dag.py:3229} INFO - Sync 1 DAGs
[2024-10-10T08:02:58.803+0000] {logging_mixin.py:190} INFO - [2024-10-10T08:02:58.802+0000] {dag.py:4156} INFO - Setting next_dagrun for idempotency_and_atomicity to None, run_after=None
[2024-10-10T08:02:58.811+0000] {processor.py:208} INFO - Processing /opt/airflow/dags/idem_atom.py took 0.064 seconds
[2024-10-10T08:12:04.833+0000] {processor.py:186} INFO - Started process (PID=39741) to work on /opt/airflow/dags/idem_atom.py
[2024-10-10T08:12:04.836+0000] {processor.py:914} INFO - Processing file /opt/airflow/dags/idem_atom.py for tasks to queue
[2024-10-10T08:12:04.838+0000] {logging_mixin.py:190} INFO - [2024-10-10T08:12:04.837+0000] {dagbag.py:587} INFO - Filling up the DagBag from /opt/airflow/dags/idem_atom.py
[2024-10-10T08:12:04.848+0000] {processor.py:925} INFO - DAG(s) 'idempotency_and_atomicity' retrieved from /opt/airflow/dags/idem_atom.py
[2024-10-10T08:12:04.865+0000] {logging_mixin.py:190} INFO - [2024-10-10T08:12:04.865+0000] {dag.py:3229} INFO - Sync 1 DAGs
[2024-10-10T08:12:04.875+0000] {logging_mixin.py:190} INFO - [2024-10-10T08:12:04.875+0000] {dag.py:4156} INFO - Setting next_dagrun for idempotency_and_atomicity to None, run_after=None
[2024-10-10T08:12:04.889+0000] {processor.py:208} INFO - Processing /opt/airflow/dags/idem_atom.py took 0.059 seconds
[2024-10-10T08:24:33.032+0000] {processor.py:186} INFO - Started process (PID=39811) to work on /opt/airflow/dags/idem_atom.py
[2024-10-10T08:24:33.034+0000] {processor.py:914} INFO - Processing file /opt/airflow/dags/idem_atom.py for tasks to queue
[2024-10-10T08:24:33.036+0000] {logging_mixin.py:190} INFO - [2024-10-10T08:24:33.036+0000] {dagbag.py:587} INFO - Filling up the DagBag from /opt/airflow/dags/idem_atom.py
[2024-10-10T08:24:33.045+0000] {processor.py:925} INFO - DAG(s) 'idempotency_and_atomicity' retrieved from /opt/airflow/dags/idem_atom.py
[2024-10-10T08:24:33.072+0000] {logging_mixin.py:190} INFO - [2024-10-10T08:24:33.072+0000] {dag.py:3229} INFO - Sync 1 DAGs
[2024-10-10T08:24:33.083+0000] {logging_mixin.py:190} INFO - [2024-10-10T08:24:33.083+0000] {dag.py:4156} INFO - Setting next_dagrun for idempotency_and_atomicity to None, run_after=None
[2024-10-10T08:24:33.092+0000] {processor.py:208} INFO - Processing /opt/airflow/dags/idem_atom.py took 0.063 seconds
[2024-10-10T08:25:03.798+0000] {processor.py:186} INFO - Started process (PID=39883) to work on /opt/airflow/dags/idem_atom.py
[2024-10-10T08:25:03.799+0000] {processor.py:914} INFO - Processing file /opt/airflow/dags/idem_atom.py for tasks to queue
[2024-10-10T08:25:03.800+0000] {logging_mixin.py:190} INFO - [2024-10-10T08:25:03.800+0000] {dagbag.py:587} INFO - Filling up the DagBag from /opt/airflow/dags/idem_atom.py
[2024-10-10T08:25:03.811+0000] {processor.py:925} INFO - DAG(s) 'idempotency_and_atomicity' retrieved from /opt/airflow/dags/idem_atom.py
[2024-10-10T08:25:03.830+0000] {logging_mixin.py:190} INFO - [2024-10-10T08:25:03.830+0000] {dag.py:3229} INFO - Sync 1 DAGs
[2024-10-10T08:25:03.843+0000] {logging_mixin.py:190} INFO - [2024-10-10T08:25:03.843+0000] {dag.py:4156} INFO - Setting next_dagrun for idempotency_and_atomicity to None, run_after=None
[2024-10-10T08:25:03.865+0000] {processor.py:208} INFO - Processing /opt/airflow/dags/idem_atom.py took 0.070 seconds
[2024-10-10T09:14:57.440+0000] {processor.py:186} INFO - Started process (PID=39954) to work on /opt/airflow/dags/idem_atom.py
[2024-10-10T09:14:57.444+0000] {processor.py:914} INFO - Processing file /opt/airflow/dags/idem_atom.py for tasks to queue
[2024-10-10T09:14:57.446+0000] {logging_mixin.py:190} INFO - [2024-10-10T09:14:57.446+0000] {dagbag.py:587} INFO - Filling up the DagBag from /opt/airflow/dags/idem_atom.py
[2024-10-10T09:14:57.460+0000] {processor.py:925} INFO - DAG(s) 'idempotency_and_atomicity' retrieved from /opt/airflow/dags/idem_atom.py
[2024-10-10T09:14:57.475+0000] {logging_mixin.py:190} INFO - [2024-10-10T09:14:57.475+0000] {dag.py:3229} INFO - Sync 1 DAGs
[2024-10-10T09:14:57.488+0000] {logging_mixin.py:190} INFO - [2024-10-10T09:14:57.488+0000] {dag.py:4156} INFO - Setting next_dagrun for idempotency_and_atomicity to None, run_after=None
[2024-10-10T09:14:57.501+0000] {processor.py:208} INFO - Processing /opt/airflow/dags/idem_atom.py took 0.064 seconds
[2024-10-10T10:21:17.807+0000] {processor.py:186} INFO - Started process (PID=40025) to work on /opt/airflow/dags/idem_atom.py
[2024-10-10T10:21:17.809+0000] {processor.py:914} INFO - Processing file /opt/airflow/dags/idem_atom.py for tasks to queue
[2024-10-10T10:21:17.809+0000] {logging_mixin.py:190} INFO - [2024-10-10T10:21:17.809+0000] {dagbag.py:587} INFO - Filling up the DagBag from /opt/airflow/dags/idem_atom.py
[2024-10-10T10:21:17.818+0000] {processor.py:925} INFO - DAG(s) 'idempotency_and_atomicity' retrieved from /opt/airflow/dags/idem_atom.py
[2024-10-10T10:21:17.846+0000] {logging_mixin.py:190} INFO - [2024-10-10T10:21:17.845+0000] {dag.py:3229} INFO - Sync 1 DAGs
[2024-10-10T10:21:17.874+0000] {logging_mixin.py:190} INFO - [2024-10-10T10:21:17.874+0000] {dag.py:4156} INFO - Setting next_dagrun for idempotency_and_atomicity to None, run_after=None
[2024-10-10T10:21:17.885+0000] {processor.py:208} INFO - Processing /opt/airflow/dags/idem_atom.py took 0.082 seconds
[2024-10-10T10:44:14.755+0000] {processor.py:186} INFO - Started process (PID=40096) to work on /opt/airflow/dags/idem_atom.py
[2024-10-10T10:44:14.756+0000] {processor.py:914} INFO - Processing file /opt/airflow/dags/idem_atom.py for tasks to queue
[2024-10-10T10:44:14.757+0000] {logging_mixin.py:190} INFO - [2024-10-10T10:44:14.757+0000] {dagbag.py:587} INFO - Filling up the DagBag from /opt/airflow/dags/idem_atom.py
[2024-10-10T10:44:14.763+0000] {processor.py:925} INFO - DAG(s) 'idempotency_and_atomicity' retrieved from /opt/airflow/dags/idem_atom.py
[2024-10-10T10:44:14.773+0000] {logging_mixin.py:190} INFO - [2024-10-10T10:44:14.773+0000] {dag.py:3229} INFO - Sync 1 DAGs
[2024-10-10T10:44:14.787+0000] {logging_mixin.py:190} INFO - [2024-10-10T10:44:14.787+0000] {dag.py:4156} INFO - Setting next_dagrun for idempotency_and_atomicity to None, run_after=None
[2024-10-10T10:44:14.802+0000] {processor.py:208} INFO - Processing /opt/airflow/dags/idem_atom.py took 0.050 seconds
[2024-10-10T11:15:57.187+0000] {processor.py:186} INFO - Started process (PID=40167) to work on /opt/airflow/dags/idem_atom.py
[2024-10-10T11:15:57.188+0000] {processor.py:914} INFO - Processing file /opt/airflow/dags/idem_atom.py for tasks to queue
[2024-10-10T11:15:57.190+0000] {logging_mixin.py:190} INFO - [2024-10-10T11:15:57.190+0000] {dagbag.py:587} INFO - Filling up the DagBag from /opt/airflow/dags/idem_atom.py
[2024-10-10T11:15:57.197+0000] {processor.py:925} INFO - DAG(s) 'idempotency_and_atomicity' retrieved from /opt/airflow/dags/idem_atom.py
[2024-10-10T11:15:57.218+0000] {logging_mixin.py:190} INFO - [2024-10-10T11:15:57.217+0000] {dag.py:3229} INFO - Sync 1 DAGs
[2024-10-10T11:15:57.230+0000] {logging_mixin.py:190} INFO - [2024-10-10T11:15:57.229+0000] {dag.py:4156} INFO - Setting next_dagrun for idempotency_and_atomicity to None, run_after=None
[2024-10-10T11:15:57.249+0000] {processor.py:208} INFO - Processing /opt/airflow/dags/idem_atom.py took 0.066 seconds
[2024-10-10T11:16:27.955+0000] {processor.py:186} INFO - Started process (PID=40238) to work on /opt/airflow/dags/idem_atom.py
[2024-10-10T11:16:27.956+0000] {processor.py:914} INFO - Processing file /opt/airflow/dags/idem_atom.py for tasks to queue
[2024-10-10T11:16:27.957+0000] {logging_mixin.py:190} INFO - [2024-10-10T11:16:27.957+0000] {dagbag.py:587} INFO - Filling up the DagBag from /opt/airflow/dags/idem_atom.py
[2024-10-10T11:16:27.967+0000] {processor.py:925} INFO - DAG(s) 'idempotency_and_atomicity' retrieved from /opt/airflow/dags/idem_atom.py
[2024-10-10T11:16:27.982+0000] {logging_mixin.py:190} INFO - [2024-10-10T11:16:27.982+0000] {dag.py:3229} INFO - Sync 1 DAGs
[2024-10-10T11:16:27.992+0000] {logging_mixin.py:190} INFO - [2024-10-10T11:16:27.992+0000] {dag.py:4156} INFO - Setting next_dagrun for idempotency_and_atomicity to None, run_after=None
[2024-10-10T11:16:28.002+0000] {processor.py:208} INFO - Processing /opt/airflow/dags/idem_atom.py took 0.050 seconds
[2024-10-10T12:21:21.577+0000] {processor.py:186} INFO - Started process (PID=40309) to work on /opt/airflow/dags/idem_atom.py
[2024-10-10T12:21:21.578+0000] {processor.py:914} INFO - Processing file /opt/airflow/dags/idem_atom.py for tasks to queue
[2024-10-10T12:21:21.585+0000] {logging_mixin.py:190} INFO - [2024-10-10T12:21:21.581+0000] {dagbag.py:587} INFO - Filling up the DagBag from /opt/airflow/dags/idem_atom.py
[2024-10-10T12:21:21.594+0000] {processor.py:925} INFO - DAG(s) 'idempotency_and_atomicity' retrieved from /opt/airflow/dags/idem_atom.py
[2024-10-10T12:21:21.606+0000] {logging_mixin.py:190} INFO - [2024-10-10T12:21:21.606+0000] {dag.py:3229} INFO - Sync 1 DAGs
[2024-10-10T12:21:21.620+0000] {logging_mixin.py:190} INFO - [2024-10-10T12:21:21.620+0000] {dag.py:4156} INFO - Setting next_dagrun for idempotency_and_atomicity to None, run_after=None
[2024-10-10T12:21:21.629+0000] {processor.py:208} INFO - Processing /opt/airflow/dags/idem_atom.py took 0.056 seconds
[2024-10-10T12:50:51.641+0000] {processor.py:186} INFO - Started process (PID=40379) to work on /opt/airflow/dags/idem_atom.py
[2024-10-10T12:50:51.656+0000] {processor.py:914} INFO - Processing file /opt/airflow/dags/idem_atom.py for tasks to queue
[2024-10-10T12:50:51.658+0000] {logging_mixin.py:190} INFO - [2024-10-10T12:50:51.658+0000] {dagbag.py:587} INFO - Filling up the DagBag from /opt/airflow/dags/idem_atom.py
[2024-10-10T12:50:51.667+0000] {processor.py:925} INFO - DAG(s) 'idempotency_and_atomicity' retrieved from /opt/airflow/dags/idem_atom.py
[2024-10-10T12:50:51.683+0000] {logging_mixin.py:190} INFO - [2024-10-10T12:50:51.683+0000] {dag.py:3229} INFO - Sync 1 DAGs
[2024-10-10T12:50:51.697+0000] {logging_mixin.py:190} INFO - [2024-10-10T12:50:51.697+0000] {dag.py:4156} INFO - Setting next_dagrun for idempotency_and_atomicity to None, run_after=None
[2024-10-10T12:50:51.707+0000] {processor.py:208} INFO - Processing /opt/airflow/dags/idem_atom.py took 0.069 seconds
[2024-10-10T13:08:18.344+0000] {processor.py:186} INFO - Started process (PID=40450) to work on /opt/airflow/dags/idem_atom.py
[2024-10-10T13:08:18.345+0000] {processor.py:914} INFO - Processing file /opt/airflow/dags/idem_atom.py for tasks to queue
[2024-10-10T13:08:18.346+0000] {logging_mixin.py:190} INFO - [2024-10-10T13:08:18.346+0000] {dagbag.py:587} INFO - Filling up the DagBag from /opt/airflow/dags/idem_atom.py
[2024-10-10T13:08:18.352+0000] {processor.py:925} INFO - DAG(s) 'idempotency_and_atomicity' retrieved from /opt/airflow/dags/idem_atom.py
[2024-10-10T13:08:18.364+0000] {logging_mixin.py:190} INFO - [2024-10-10T13:08:18.364+0000] {dag.py:3229} INFO - Sync 1 DAGs
[2024-10-10T13:08:18.373+0000] {logging_mixin.py:190} INFO - [2024-10-10T13:08:18.373+0000] {dag.py:4156} INFO - Setting next_dagrun for idempotency_and_atomicity to None, run_after=None
[2024-10-10T13:08:18.383+0000] {processor.py:208} INFO - Processing /opt/airflow/dags/idem_atom.py took 0.043 seconds
[2024-10-10T13:51:02.497+0000] {processor.py:186} INFO - Started process (PID=40521) to work on /opt/airflow/dags/idem_atom.py
[2024-10-10T13:51:02.499+0000] {processor.py:914} INFO - Processing file /opt/airflow/dags/idem_atom.py for tasks to queue
[2024-10-10T13:51:02.501+0000] {logging_mixin.py:190} INFO - [2024-10-10T13:51:02.500+0000] {dagbag.py:587} INFO - Filling up the DagBag from /opt/airflow/dags/idem_atom.py
[2024-10-10T13:51:02.521+0000] {processor.py:925} INFO - DAG(s) 'idempotency_and_atomicity' retrieved from /opt/airflow/dags/idem_atom.py
[2024-10-10T13:51:02.543+0000] {logging_mixin.py:190} INFO - [2024-10-10T13:51:02.543+0000] {dag.py:3229} INFO - Sync 1 DAGs
[2024-10-10T13:51:02.562+0000] {logging_mixin.py:190} INFO - [2024-10-10T13:51:02.561+0000] {dag.py:4156} INFO - Setting next_dagrun for idempotency_and_atomicity to None, run_after=None
[2024-10-10T13:51:02.574+0000] {processor.py:208} INFO - Processing /opt/airflow/dags/idem_atom.py took 0.081 seconds
[2024-10-10T14:18:16.642+0000] {processor.py:186} INFO - Started process (PID=40592) to work on /opt/airflow/dags/idem_atom.py
[2024-10-10T14:18:16.644+0000] {processor.py:914} INFO - Processing file /opt/airflow/dags/idem_atom.py for tasks to queue
[2024-10-10T14:18:16.646+0000] {logging_mixin.py:190} INFO - [2024-10-10T14:18:16.646+0000] {dagbag.py:587} INFO - Filling up the DagBag from /opt/airflow/dags/idem_atom.py
[2024-10-10T14:18:16.653+0000] {processor.py:925} INFO - DAG(s) 'idempotency_and_atomicity' retrieved from /opt/airflow/dags/idem_atom.py
[2024-10-10T14:18:16.667+0000] {logging_mixin.py:190} INFO - [2024-10-10T14:18:16.667+0000] {dag.py:3229} INFO - Sync 1 DAGs
[2024-10-10T14:18:16.683+0000] {logging_mixin.py:190} INFO - [2024-10-10T14:18:16.683+0000] {dag.py:4156} INFO - Setting next_dagrun for idempotency_and_atomicity to None, run_after=None
[2024-10-10T14:18:16.696+0000] {processor.py:208} INFO - Processing /opt/airflow/dags/idem_atom.py took 0.058 seconds
[2024-10-10T14:50:16.022+0000] {processor.py:186} INFO - Started process (PID=40663) to work on /opt/airflow/dags/idem_atom.py
[2024-10-10T14:50:16.024+0000] {processor.py:914} INFO - Processing file /opt/airflow/dags/idem_atom.py for tasks to queue
[2024-10-10T14:50:16.024+0000] {logging_mixin.py:190} INFO - [2024-10-10T14:50:16.024+0000] {dagbag.py:587} INFO - Filling up the DagBag from /opt/airflow/dags/idem_atom.py
[2024-10-10T14:50:16.032+0000] {processor.py:925} INFO - DAG(s) 'idempotency_and_atomicity' retrieved from /opt/airflow/dags/idem_atom.py
[2024-10-10T14:50:16.046+0000] {logging_mixin.py:190} INFO - [2024-10-10T14:50:16.046+0000] {dag.py:3229} INFO - Sync 1 DAGs
[2024-10-10T14:50:16.059+0000] {logging_mixin.py:190} INFO - [2024-10-10T14:50:16.059+0000] {dag.py:4156} INFO - Setting next_dagrun for idempotency_and_atomicity to None, run_after=None
[2024-10-10T14:50:16.070+0000] {processor.py:208} INFO - Processing /opt/airflow/dags/idem_atom.py took 0.051 seconds
[2024-10-10T15:19:01.371+0000] {processor.py:186} INFO - Started process (PID=40734) to work on /opt/airflow/dags/idem_atom.py
[2024-10-10T15:19:01.373+0000] {processor.py:914} INFO - Processing file /opt/airflow/dags/idem_atom.py for tasks to queue
[2024-10-10T15:19:01.373+0000] {logging_mixin.py:190} INFO - [2024-10-10T15:19:01.373+0000] {dagbag.py:587} INFO - Filling up the DagBag from /opt/airflow/dags/idem_atom.py
[2024-10-10T15:19:01.379+0000] {processor.py:925} INFO - DAG(s) 'idempotency_and_atomicity' retrieved from /opt/airflow/dags/idem_atom.py
[2024-10-10T15:19:01.389+0000] {logging_mixin.py:190} INFO - [2024-10-10T15:19:01.389+0000] {dag.py:3229} INFO - Sync 1 DAGs
[2024-10-10T15:19:01.400+0000] {logging_mixin.py:190} INFO - [2024-10-10T15:19:01.400+0000] {dag.py:4156} INFO - Setting next_dagrun for idempotency_and_atomicity to None, run_after=None
[2024-10-10T15:19:01.411+0000] {processor.py:208} INFO - Processing /opt/airflow/dags/idem_atom.py took 0.045 seconds
[2024-10-10T15:50:08.379+0000] {processor.py:186} INFO - Started process (PID=40805) to work on /opt/airflow/dags/idem_atom.py
[2024-10-10T15:50:08.380+0000] {processor.py:914} INFO - Processing file /opt/airflow/dags/idem_atom.py for tasks to queue
[2024-10-10T15:50:08.381+0000] {logging_mixin.py:190} INFO - [2024-10-10T15:50:08.381+0000] {dagbag.py:587} INFO - Filling up the DagBag from /opt/airflow/dags/idem_atom.py
[2024-10-10T15:50:08.388+0000] {processor.py:925} INFO - DAG(s) 'idempotency_and_atomicity' retrieved from /opt/airflow/dags/idem_atom.py
[2024-10-10T15:50:08.413+0000] {logging_mixin.py:190} INFO - [2024-10-10T15:50:08.413+0000] {dag.py:3229} INFO - Sync 1 DAGs
[2024-10-10T15:50:08.428+0000] {logging_mixin.py:190} INFO - [2024-10-10T15:50:08.428+0000] {dag.py:4156} INFO - Setting next_dagrun for idempotency_and_atomicity to None, run_after=None
[2024-10-10T15:50:08.439+0000] {processor.py:208} INFO - Processing /opt/airflow/dags/idem_atom.py took 0.064 seconds
[2024-10-10T16:36:36.654+0000] {processor.py:186} INFO - Started process (PID=40876) to work on /opt/airflow/dags/idem_atom.py
[2024-10-10T16:36:36.655+0000] {processor.py:914} INFO - Processing file /opt/airflow/dags/idem_atom.py for tasks to queue
[2024-10-10T16:36:36.656+0000] {logging_mixin.py:190} INFO - [2024-10-10T16:36:36.656+0000] {dagbag.py:587} INFO - Filling up the DagBag from /opt/airflow/dags/idem_atom.py
[2024-10-10T16:36:36.674+0000] {processor.py:925} INFO - DAG(s) 'idempotency_and_atomicity' retrieved from /opt/airflow/dags/idem_atom.py
[2024-10-10T16:36:36.699+0000] {logging_mixin.py:190} INFO - [2024-10-10T16:36:36.699+0000] {dag.py:3229} INFO - Sync 1 DAGs
[2024-10-10T16:36:36.718+0000] {logging_mixin.py:190} INFO - [2024-10-10T16:36:36.718+0000] {dag.py:4156} INFO - Setting next_dagrun for idempotency_and_atomicity to None, run_after=None
[2024-10-10T16:36:36.728+0000] {processor.py:208} INFO - Processing /opt/airflow/dags/idem_atom.py took 0.077 seconds
[2024-10-10T16:45:45.025+0000] {processor.py:186} INFO - Started process (PID=40947) to work on /opt/airflow/dags/idem_atom.py
[2024-10-10T16:45:45.026+0000] {processor.py:914} INFO - Processing file /opt/airflow/dags/idem_atom.py for tasks to queue
[2024-10-10T16:45:45.029+0000] {logging_mixin.py:190} INFO - [2024-10-10T16:45:45.028+0000] {dagbag.py:587} INFO - Filling up the DagBag from /opt/airflow/dags/idem_atom.py
[2024-10-10T16:45:45.036+0000] {processor.py:925} INFO - DAG(s) 'idempotency_and_atomicity' retrieved from /opt/airflow/dags/idem_atom.py
[2024-10-10T16:45:45.048+0000] {logging_mixin.py:190} INFO - [2024-10-10T16:45:45.047+0000] {dag.py:3229} INFO - Sync 1 DAGs
[2024-10-10T16:45:45.059+0000] {logging_mixin.py:190} INFO - [2024-10-10T16:45:45.059+0000] {dag.py:4156} INFO - Setting next_dagrun for idempotency_and_atomicity to None, run_after=None
[2024-10-10T16:45:45.071+0000] {processor.py:208} INFO - Processing /opt/airflow/dags/idem_atom.py took 0.050 seconds
[2024-10-10T17:20:00.573+0000] {processor.py:186} INFO - Started process (PID=41017) to work on /opt/airflow/dags/idem_atom.py
[2024-10-10T17:20:00.577+0000] {processor.py:914} INFO - Processing file /opt/airflow/dags/idem_atom.py for tasks to queue
[2024-10-10T17:20:00.578+0000] {logging_mixin.py:190} INFO - [2024-10-10T17:20:00.577+0000] {dagbag.py:587} INFO - Filling up the DagBag from /opt/airflow/dags/idem_atom.py
[2024-10-10T17:20:00.590+0000] {processor.py:925} INFO - DAG(s) 'idempotency_and_atomicity' retrieved from /opt/airflow/dags/idem_atom.py
[2024-10-10T17:20:00.616+0000] {logging_mixin.py:190} INFO - [2024-10-10T17:20:00.615+0000] {dag.py:3229} INFO - Sync 1 DAGs
[2024-10-10T17:20:00.630+0000] {logging_mixin.py:190} INFO - [2024-10-10T17:20:00.630+0000] {dag.py:4156} INFO - Setting next_dagrun for idempotency_and_atomicity to None, run_after=None
[2024-10-10T17:20:00.651+0000] {processor.py:208} INFO - Processing /opt/airflow/dags/idem_atom.py took 0.082 seconds
[2024-10-10T18:21:00.671+0000] {processor.py:186} INFO - Started process (PID=41088) to work on /opt/airflow/dags/idem_atom.py
[2024-10-10T18:21:00.673+0000] {processor.py:914} INFO - Processing file /opt/airflow/dags/idem_atom.py for tasks to queue
[2024-10-10T18:21:00.675+0000] {logging_mixin.py:190} INFO - [2024-10-10T18:21:00.675+0000] {dagbag.py:587} INFO - Filling up the DagBag from /opt/airflow/dags/idem_atom.py
[2024-10-10T18:21:00.682+0000] {processor.py:925} INFO - DAG(s) 'idempotency_and_atomicity' retrieved from /opt/airflow/dags/idem_atom.py
[2024-10-10T18:21:00.707+0000] {logging_mixin.py:190} INFO - [2024-10-10T18:21:00.707+0000] {dag.py:3229} INFO - Sync 1 DAGs
[2024-10-10T18:21:00.725+0000] {logging_mixin.py:190} INFO - [2024-10-10T18:21:00.725+0000] {dag.py:4156} INFO - Setting next_dagrun for idempotency_and_atomicity to None, run_after=None
[2024-10-10T18:21:00.740+0000] {processor.py:208} INFO - Processing /opt/airflow/dags/idem_atom.py took 0.074 seconds
[2024-10-10T18:38:26.012+0000] {processor.py:186} INFO - Started process (PID=41159) to work on /opt/airflow/dags/idem_atom.py
[2024-10-10T18:38:26.014+0000] {processor.py:914} INFO - Processing file /opt/airflow/dags/idem_atom.py for tasks to queue
[2024-10-10T18:38:26.014+0000] {logging_mixin.py:190} INFO - [2024-10-10T18:38:26.014+0000] {dagbag.py:587} INFO - Filling up the DagBag from /opt/airflow/dags/idem_atom.py
[2024-10-10T18:38:26.021+0000] {processor.py:925} INFO - DAG(s) 'idempotency_and_atomicity' retrieved from /opt/airflow/dags/idem_atom.py
[2024-10-10T18:38:26.039+0000] {logging_mixin.py:190} INFO - [2024-10-10T18:38:26.039+0000] {dag.py:3229} INFO - Sync 1 DAGs
[2024-10-10T18:38:26.051+0000] {logging_mixin.py:190} INFO - [2024-10-10T18:38:26.051+0000] {dag.py:4156} INFO - Setting next_dagrun for idempotency_and_atomicity to None, run_after=None
[2024-10-10T18:38:26.059+0000] {processor.py:208} INFO - Processing /opt/airflow/dags/idem_atom.py took 0.050 seconds
[2024-10-10T19:39:10.878+0000] {processor.py:186} INFO - Started process (PID=41230) to work on /opt/airflow/dags/idem_atom.py
[2024-10-10T19:39:10.879+0000] {processor.py:914} INFO - Processing file /opt/airflow/dags/idem_atom.py for tasks to queue
[2024-10-10T19:39:10.880+0000] {logging_mixin.py:190} INFO - [2024-10-10T19:39:10.879+0000] {dagbag.py:587} INFO - Filling up the DagBag from /opt/airflow/dags/idem_atom.py
[2024-10-10T19:39:10.885+0000] {processor.py:925} INFO - DAG(s) 'idempotency_and_atomicity' retrieved from /opt/airflow/dags/idem_atom.py
[2024-10-10T19:39:10.895+0000] {logging_mixin.py:190} INFO - [2024-10-10T19:39:10.895+0000] {dag.py:3229} INFO - Sync 1 DAGs
[2024-10-10T19:39:10.904+0000] {logging_mixin.py:190} INFO - [2024-10-10T19:39:10.904+0000] {dag.py:4156} INFO - Setting next_dagrun for idempotency_and_atomicity to None, run_after=None
[2024-10-10T19:39:10.912+0000] {processor.py:208} INFO - Processing /opt/airflow/dags/idem_atom.py took 0.037 seconds
[2024-10-10T20:23:14.504+0000] {processor.py:186} INFO - Started process (PID=41301) to work on /opt/airflow/dags/idem_atom.py
[2024-10-10T20:23:14.505+0000] {processor.py:914} INFO - Processing file /opt/airflow/dags/idem_atom.py for tasks to queue
[2024-10-10T20:23:14.506+0000] {logging_mixin.py:190} INFO - [2024-10-10T20:23:14.505+0000] {dagbag.py:587} INFO - Filling up the DagBag from /opt/airflow/dags/idem_atom.py
[2024-10-10T20:23:14.518+0000] {processor.py:925} INFO - DAG(s) 'idempotency_and_atomicity' retrieved from /opt/airflow/dags/idem_atom.py
[2024-10-10T20:23:14.542+0000] {logging_mixin.py:190} INFO - [2024-10-10T20:23:14.541+0000] {dag.py:3229} INFO - Sync 1 DAGs
[2024-10-10T20:23:14.566+0000] {logging_mixin.py:190} INFO - [2024-10-10T20:23:14.566+0000] {dag.py:4156} INFO - Setting next_dagrun for idempotency_and_atomicity to None, run_after=None
[2024-10-10T20:23:14.579+0000] {processor.py:208} INFO - Processing /opt/airflow/dags/idem_atom.py took 0.079 seconds
[2024-10-10T20:54:19.799+0000] {processor.py:186} INFO - Started process (PID=41372) to work on /opt/airflow/dags/idem_atom.py
[2024-10-10T20:54:19.800+0000] {processor.py:914} INFO - Processing file /opt/airflow/dags/idem_atom.py for tasks to queue
[2024-10-10T20:54:19.801+0000] {logging_mixin.py:190} INFO - [2024-10-10T20:54:19.801+0000] {dagbag.py:587} INFO - Filling up the DagBag from /opt/airflow/dags/idem_atom.py
[2024-10-10T20:54:19.807+0000] {processor.py:925} INFO - DAG(s) 'idempotency_and_atomicity' retrieved from /opt/airflow/dags/idem_atom.py
[2024-10-10T20:54:19.818+0000] {logging_mixin.py:190} INFO - [2024-10-10T20:54:19.818+0000] {dag.py:3229} INFO - Sync 1 DAGs
[2024-10-10T20:54:19.829+0000] {logging_mixin.py:190} INFO - [2024-10-10T20:54:19.828+0000] {dag.py:4156} INFO - Setting next_dagrun for idempotency_and_atomicity to None, run_after=None
[2024-10-10T20:54:19.837+0000] {processor.py:208} INFO - Processing /opt/airflow/dags/idem_atom.py took 0.042 seconds
[2024-10-10T21:24:07.578+0000] {processor.py:186} INFO - Started process (PID=41443) to work on /opt/airflow/dags/idem_atom.py
[2024-10-10T21:24:07.579+0000] {processor.py:914} INFO - Processing file /opt/airflow/dags/idem_atom.py for tasks to queue
[2024-10-10T21:24:07.580+0000] {logging_mixin.py:190} INFO - [2024-10-10T21:24:07.580+0000] {dagbag.py:587} INFO - Filling up the DagBag from /opt/airflow/dags/idem_atom.py
[2024-10-10T21:24:07.586+0000] {processor.py:925} INFO - DAG(s) 'idempotency_and_atomicity' retrieved from /opt/airflow/dags/idem_atom.py
[2024-10-10T21:24:07.597+0000] {logging_mixin.py:190} INFO - [2024-10-10T21:24:07.597+0000] {dag.py:3229} INFO - Sync 1 DAGs
[2024-10-10T21:24:07.606+0000] {logging_mixin.py:190} INFO - [2024-10-10T21:24:07.606+0000] {dag.py:4156} INFO - Setting next_dagrun for idempotency_and_atomicity to None, run_after=None
[2024-10-10T21:24:07.616+0000] {processor.py:208} INFO - Processing /opt/airflow/dags/idem_atom.py took 0.041 seconds
[2024-10-10T21:24:38.380+0000] {processor.py:186} INFO - Started process (PID=41514) to work on /opt/airflow/dags/idem_atom.py
[2024-10-10T21:24:38.383+0000] {processor.py:914} INFO - Processing file /opt/airflow/dags/idem_atom.py for tasks to queue
[2024-10-10T21:24:38.383+0000] {logging_mixin.py:190} INFO - [2024-10-10T21:24:38.383+0000] {dagbag.py:587} INFO - Filling up the DagBag from /opt/airflow/dags/idem_atom.py
[2024-10-10T21:24:38.392+0000] {processor.py:925} INFO - DAG(s) 'idempotency_and_atomicity' retrieved from /opt/airflow/dags/idem_atom.py
[2024-10-10T21:24:38.404+0000] {logging_mixin.py:190} INFO - [2024-10-10T21:24:38.404+0000] {dag.py:3229} INFO - Sync 1 DAGs
[2024-10-10T21:24:38.414+0000] {logging_mixin.py:190} INFO - [2024-10-10T21:24:38.414+0000] {dag.py:4156} INFO - Setting next_dagrun for idempotency_and_atomicity to None, run_after=None
[2024-10-10T21:24:38.427+0000] {processor.py:208} INFO - Processing /opt/airflow/dags/idem_atom.py took 0.051 seconds
[2024-10-10T21:43:34.323+0000] {processor.py:186} INFO - Started process (PID=41585) to work on /opt/airflow/dags/idem_atom.py
[2024-10-10T21:43:34.325+0000] {processor.py:914} INFO - Processing file /opt/airflow/dags/idem_atom.py for tasks to queue
[2024-10-10T21:43:34.326+0000] {logging_mixin.py:190} INFO - [2024-10-10T21:43:34.326+0000] {dagbag.py:587} INFO - Filling up the DagBag from /opt/airflow/dags/idem_atom.py
[2024-10-10T21:43:34.333+0000] {processor.py:925} INFO - DAG(s) 'idempotency_and_atomicity' retrieved from /opt/airflow/dags/idem_atom.py
[2024-10-10T21:43:34.348+0000] {logging_mixin.py:190} INFO - [2024-10-10T21:43:34.348+0000] {dag.py:3229} INFO - Sync 1 DAGs
[2024-10-10T21:43:34.366+0000] {logging_mixin.py:190} INFO - [2024-10-10T21:43:34.366+0000] {dag.py:4156} INFO - Setting next_dagrun for idempotency_and_atomicity to None, run_after=None
[2024-10-10T21:43:34.376+0000] {processor.py:208} INFO - Processing /opt/airflow/dags/idem_atom.py took 0.056 seconds
[2024-10-10T22:17:47.250+0000] {processor.py:186} INFO - Started process (PID=41656) to work on /opt/airflow/dags/idem_atom.py
[2024-10-10T22:17:47.252+0000] {processor.py:914} INFO - Processing file /opt/airflow/dags/idem_atom.py for tasks to queue
[2024-10-10T22:17:47.255+0000] {logging_mixin.py:190} INFO - [2024-10-10T22:17:47.255+0000] {dagbag.py:587} INFO - Filling up the DagBag from /opt/airflow/dags/idem_atom.py
[2024-10-10T22:17:47.269+0000] {processor.py:925} INFO - DAG(s) 'idempotency_and_atomicity' retrieved from /opt/airflow/dags/idem_atom.py
[2024-10-10T22:17:47.297+0000] {logging_mixin.py:190} INFO - [2024-10-10T22:17:47.297+0000] {dag.py:3229} INFO - Sync 1 DAGs
[2024-10-10T22:17:47.311+0000] {logging_mixin.py:190} INFO - [2024-10-10T22:17:47.311+0000] {dag.py:4156} INFO - Setting next_dagrun for idempotency_and_atomicity to None, run_after=None
[2024-10-10T22:17:47.329+0000] {processor.py:208} INFO - Processing /opt/airflow/dags/idem_atom.py took 0.084 seconds
[2024-10-10T22:46:08.021+0000] {processor.py:186} INFO - Started process (PID=41727) to work on /opt/airflow/dags/idem_atom.py
[2024-10-10T22:46:08.022+0000] {processor.py:914} INFO - Processing file /opt/airflow/dags/idem_atom.py for tasks to queue
[2024-10-10T22:46:08.022+0000] {logging_mixin.py:190} INFO - [2024-10-10T22:46:08.022+0000] {dagbag.py:587} INFO - Filling up the DagBag from /opt/airflow/dags/idem_atom.py
[2024-10-10T22:46:08.027+0000] {processor.py:925} INFO - DAG(s) 'idempotency_and_atomicity' retrieved from /opt/airflow/dags/idem_atom.py
[2024-10-10T22:46:08.042+0000] {logging_mixin.py:190} INFO - [2024-10-10T22:46:08.042+0000] {dag.py:3229} INFO - Sync 1 DAGs
[2024-10-10T22:46:08.052+0000] {logging_mixin.py:190} INFO - [2024-10-10T22:46:08.052+0000] {dag.py:4156} INFO - Setting next_dagrun for idempotency_and_atomicity to None, run_after=None
[2024-10-10T22:46:08.058+0000] {processor.py:208} INFO - Processing /opt/airflow/dags/idem_atom.py took 0.041 seconds
[2024-10-10T23:26:18.447+0000] {processor.py:186} INFO - Started process (PID=41798) to work on /opt/airflow/dags/idem_atom.py
[2024-10-10T23:26:18.450+0000] {processor.py:914} INFO - Processing file /opt/airflow/dags/idem_atom.py for tasks to queue
[2024-10-10T23:26:18.451+0000] {logging_mixin.py:190} INFO - [2024-10-10T23:26:18.450+0000] {dagbag.py:587} INFO - Filling up the DagBag from /opt/airflow/dags/idem_atom.py
[2024-10-10T23:26:18.457+0000] {processor.py:925} INFO - DAG(s) 'idempotency_and_atomicity' retrieved from /opt/airflow/dags/idem_atom.py
[2024-10-10T23:26:18.468+0000] {logging_mixin.py:190} INFO - [2024-10-10T23:26:18.468+0000] {dag.py:3229} INFO - Sync 1 DAGs
[2024-10-10T23:26:18.481+0000] {logging_mixin.py:190} INFO - [2024-10-10T23:26:18.481+0000] {dag.py:4156} INFO - Setting next_dagrun for idempotency_and_atomicity to None, run_after=None
[2024-10-10T23:26:18.493+0000] {processor.py:208} INFO - Processing /opt/airflow/dags/idem_atom.py took 0.054 seconds
