[2024-10-10T00:11:40.428+0000] {processor.py:186} INFO - Started process (PID=38821) to work on /opt/airflow/dags/incremental_data_processing.py
[2024-10-10T00:11:40.428+0000] {processor.py:914} INFO - Processing file /opt/airflow/dags/incremental_data_processing.py for tasks to queue
[2024-10-10T00:11:40.429+0000] {logging_mixin.py:190} INFO - [2024-10-10T00:11:40.429+0000] {dagbag.py:587} INFO - Filling up the DagBag from /opt/airflow/dags/incremental_data_processing.py
[2024-10-10T00:11:40.442+0000] {processor.py:925} INFO - DAG(s) 'increamental_data_processing' retrieved from /opt/airflow/dags/incremental_data_processing.py
[2024-10-10T00:11:40.457+0000] {logging_mixin.py:190} INFO - [2024-10-10T00:11:40.457+0000] {dag.py:3229} INFO - Sync 1 DAGs
[2024-10-10T00:11:40.469+0000] {logging_mixin.py:190} INFO - [2024-10-10T00:11:40.469+0000] {dag.py:4156} INFO - Setting next_dagrun for increamental_data_processing to 2024-09-25 00:00:00+00:00, run_after=2024-09-26 00:00:00+00:00
[2024-10-10T00:11:40.486+0000] {processor.py:208} INFO - Processing /opt/airflow/dags/incremental_data_processing.py took 0.063 seconds
[2024-10-10T01:18:07.212+0000] {processor.py:186} INFO - Started process (PID=38892) to work on /opt/airflow/dags/incremental_data_processing.py
[2024-10-10T01:18:07.213+0000] {processor.py:914} INFO - Processing file /opt/airflow/dags/incremental_data_processing.py for tasks to queue
[2024-10-10T01:18:07.213+0000] {logging_mixin.py:190} INFO - [2024-10-10T01:18:07.213+0000] {dagbag.py:587} INFO - Filling up the DagBag from /opt/airflow/dags/incremental_data_processing.py
[2024-10-10T01:18:07.223+0000] {processor.py:925} INFO - DAG(s) 'increamental_data_processing' retrieved from /opt/airflow/dags/incremental_data_processing.py
[2024-10-10T01:18:07.236+0000] {logging_mixin.py:190} INFO - [2024-10-10T01:18:07.236+0000] {dag.py:3229} INFO - Sync 1 DAGs
[2024-10-10T01:18:07.271+0000] {logging_mixin.py:190} INFO - [2024-10-10T01:18:07.270+0000] {dag.py:4156} INFO - Setting next_dagrun for increamental_data_processing to 2024-09-25 00:00:00+00:00, run_after=2024-09-26 00:00:00+00:00
[2024-10-10T01:18:07.295+0000] {processor.py:208} INFO - Processing /opt/airflow/dags/incremental_data_processing.py took 0.089 seconds
[2024-10-10T01:52:17.095+0000] {processor.py:186} INFO - Started process (PID=38963) to work on /opt/airflow/dags/incremental_data_processing.py
[2024-10-10T01:52:17.099+0000] {processor.py:914} INFO - Processing file /opt/airflow/dags/incremental_data_processing.py for tasks to queue
[2024-10-10T01:52:17.102+0000] {logging_mixin.py:190} INFO - [2024-10-10T01:52:17.101+0000] {dagbag.py:587} INFO - Filling up the DagBag from /opt/airflow/dags/incremental_data_processing.py
[2024-10-10T01:52:17.110+0000] {processor.py:925} INFO - DAG(s) 'increamental_data_processing' retrieved from /opt/airflow/dags/incremental_data_processing.py
[2024-10-10T01:52:17.124+0000] {logging_mixin.py:190} INFO - [2024-10-10T01:52:17.123+0000] {dag.py:3229} INFO - Sync 1 DAGs
[2024-10-10T01:52:17.141+0000] {logging_mixin.py:190} INFO - [2024-10-10T01:52:17.141+0000] {dag.py:4156} INFO - Setting next_dagrun for increamental_data_processing to 2024-09-25 00:00:00+00:00, run_after=2024-09-26 00:00:00+00:00
[2024-10-10T01:52:17.152+0000] {processor.py:208} INFO - Processing /opt/airflow/dags/incremental_data_processing.py took 0.063 seconds
[2024-10-10T02:19:09.366+0000] {processor.py:186} INFO - Started process (PID=39034) to work on /opt/airflow/dags/incremental_data_processing.py
[2024-10-10T02:19:09.366+0000] {processor.py:914} INFO - Processing file /opt/airflow/dags/incremental_data_processing.py for tasks to queue
[2024-10-10T02:19:09.367+0000] {logging_mixin.py:190} INFO - [2024-10-10T02:19:09.367+0000] {dagbag.py:587} INFO - Filling up the DagBag from /opt/airflow/dags/incremental_data_processing.py
[2024-10-10T02:19:09.372+0000] {processor.py:925} INFO - DAG(s) 'increamental_data_processing' retrieved from /opt/airflow/dags/incremental_data_processing.py
[2024-10-10T02:19:09.381+0000] {logging_mixin.py:190} INFO - [2024-10-10T02:19:09.381+0000] {dag.py:3229} INFO - Sync 1 DAGs
[2024-10-10T02:19:09.391+0000] {logging_mixin.py:190} INFO - [2024-10-10T02:19:09.391+0000] {dag.py:4156} INFO - Setting next_dagrun for increamental_data_processing to 2024-09-25 00:00:00+00:00, run_after=2024-09-26 00:00:00+00:00
[2024-10-10T02:19:09.398+0000] {processor.py:208} INFO - Processing /opt/airflow/dags/incremental_data_processing.py took 0.036 seconds
[2024-10-10T03:09:34.495+0000] {processor.py:186} INFO - Started process (PID=39105) to work on /opt/airflow/dags/incremental_data_processing.py
[2024-10-10T03:09:34.496+0000] {processor.py:914} INFO - Processing file /opt/airflow/dags/incremental_data_processing.py for tasks to queue
[2024-10-10T03:09:34.497+0000] {logging_mixin.py:190} INFO - [2024-10-10T03:09:34.496+0000] {dagbag.py:587} INFO - Filling up the DagBag from /opt/airflow/dags/incremental_data_processing.py
[2024-10-10T03:09:34.505+0000] {processor.py:925} INFO - DAG(s) 'increamental_data_processing' retrieved from /opt/airflow/dags/incremental_data_processing.py
[2024-10-10T03:09:34.514+0000] {logging_mixin.py:190} INFO - [2024-10-10T03:09:34.514+0000] {dag.py:3229} INFO - Sync 1 DAGs
[2024-10-10T03:09:34.528+0000] {logging_mixin.py:190} INFO - [2024-10-10T03:09:34.528+0000] {dag.py:4156} INFO - Setting next_dagrun for increamental_data_processing to 2024-09-25 00:00:00+00:00, run_after=2024-09-26 00:00:00+00:00
[2024-10-10T03:09:34.540+0000] {processor.py:208} INFO - Processing /opt/airflow/dags/incremental_data_processing.py took 0.048 seconds
[2024-10-10T03:56:57.135+0000] {processor.py:186} INFO - Started process (PID=39175) to work on /opt/airflow/dags/incremental_data_processing.py
[2024-10-10T03:56:57.141+0000] {processor.py:914} INFO - Processing file /opt/airflow/dags/incremental_data_processing.py for tasks to queue
[2024-10-10T03:56:57.143+0000] {logging_mixin.py:190} INFO - [2024-10-10T03:56:57.143+0000] {dagbag.py:587} INFO - Filling up the DagBag from /opt/airflow/dags/incremental_data_processing.py
[2024-10-10T03:56:57.149+0000] {processor.py:925} INFO - DAG(s) 'increamental_data_processing' retrieved from /opt/airflow/dags/incremental_data_processing.py
[2024-10-10T03:56:57.161+0000] {logging_mixin.py:190} INFO - [2024-10-10T03:56:57.161+0000] {dag.py:3229} INFO - Sync 1 DAGs
[2024-10-10T03:56:57.172+0000] {logging_mixin.py:190} INFO - [2024-10-10T03:56:57.172+0000] {dag.py:4156} INFO - Setting next_dagrun for increamental_data_processing to 2024-09-25 00:00:00+00:00, run_after=2024-09-26 00:00:00+00:00
[2024-10-10T03:56:57.184+0000] {processor.py:208} INFO - Processing /opt/airflow/dags/incremental_data_processing.py took 0.052 seconds
[2024-10-10T04:21:11.553+0000] {processor.py:186} INFO - Started process (PID=39245) to work on /opt/airflow/dags/incremental_data_processing.py
[2024-10-10T04:21:11.553+0000] {processor.py:914} INFO - Processing file /opt/airflow/dags/incremental_data_processing.py for tasks to queue
[2024-10-10T04:21:11.554+0000] {logging_mixin.py:190} INFO - [2024-10-10T04:21:11.554+0000] {dagbag.py:587} INFO - Filling up the DagBag from /opt/airflow/dags/incremental_data_processing.py
[2024-10-10T04:21:11.561+0000] {processor.py:925} INFO - DAG(s) 'increamental_data_processing' retrieved from /opt/airflow/dags/incremental_data_processing.py
[2024-10-10T04:21:11.574+0000] {logging_mixin.py:190} INFO - [2024-10-10T04:21:11.574+0000] {dag.py:3229} INFO - Sync 1 DAGs
[2024-10-10T04:21:11.586+0000] {logging_mixin.py:190} INFO - [2024-10-10T04:21:11.585+0000] {dag.py:4156} INFO - Setting next_dagrun for increamental_data_processing to 2024-09-25 00:00:00+00:00, run_after=2024-09-26 00:00:00+00:00
[2024-10-10T04:21:11.593+0000] {processor.py:208} INFO - Processing /opt/airflow/dags/incremental_data_processing.py took 0.043 seconds
[2024-10-10T05:14:23.046+0000] {processor.py:186} INFO - Started process (PID=39316) to work on /opt/airflow/dags/incremental_data_processing.py
[2024-10-10T05:14:23.050+0000] {processor.py:914} INFO - Processing file /opt/airflow/dags/incremental_data_processing.py for tasks to queue
[2024-10-10T05:14:23.053+0000] {logging_mixin.py:190} INFO - [2024-10-10T05:14:23.052+0000] {dagbag.py:587} INFO - Filling up the DagBag from /opt/airflow/dags/incremental_data_processing.py
[2024-10-10T05:14:23.096+0000] {processor.py:925} INFO - DAG(s) 'increamental_data_processing' retrieved from /opt/airflow/dags/incremental_data_processing.py
[2024-10-10T05:14:23.141+0000] {logging_mixin.py:190} INFO - [2024-10-10T05:14:23.140+0000] {dag.py:3229} INFO - Sync 1 DAGs
[2024-10-10T05:14:23.164+0000] {logging_mixin.py:190} INFO - [2024-10-10T05:14:23.164+0000] {dag.py:4156} INFO - Setting next_dagrun for increamental_data_processing to 2024-09-25 00:00:00+00:00, run_after=2024-09-26 00:00:00+00:00
[2024-10-10T05:14:23.195+0000] {processor.py:208} INFO - Processing /opt/airflow/dags/incremental_data_processing.py took 0.159 seconds
[2024-10-10T05:47:20.641+0000] {processor.py:186} INFO - Started process (PID=39387) to work on /opt/airflow/dags/incremental_data_processing.py
[2024-10-10T05:47:20.643+0000] {processor.py:914} INFO - Processing file /opt/airflow/dags/incremental_data_processing.py for tasks to queue
[2024-10-10T05:47:20.645+0000] {logging_mixin.py:190} INFO - [2024-10-10T05:47:20.645+0000] {dagbag.py:587} INFO - Filling up the DagBag from /opt/airflow/dags/incremental_data_processing.py
[2024-10-10T05:47:20.665+0000] {processor.py:925} INFO - DAG(s) 'increamental_data_processing' retrieved from /opt/airflow/dags/incremental_data_processing.py
[2024-10-10T05:47:20.690+0000] {logging_mixin.py:190} INFO - [2024-10-10T05:47:20.690+0000] {dag.py:3229} INFO - Sync 1 DAGs
[2024-10-10T05:47:20.715+0000] {logging_mixin.py:190} INFO - [2024-10-10T05:47:20.715+0000] {dag.py:4156} INFO - Setting next_dagrun for increamental_data_processing to 2024-09-25 00:00:00+00:00, run_after=2024-09-26 00:00:00+00:00
[2024-10-10T05:47:20.746+0000] {processor.py:208} INFO - Processing /opt/airflow/dags/incremental_data_processing.py took 0.128 seconds
[2024-10-10T06:39:41.553+0000] {processor.py:186} INFO - Started process (PID=39458) to work on /opt/airflow/dags/incremental_data_processing.py
[2024-10-10T06:39:41.555+0000] {processor.py:914} INFO - Processing file /opt/airflow/dags/incremental_data_processing.py for tasks to queue
[2024-10-10T06:39:41.555+0000] {logging_mixin.py:190} INFO - [2024-10-10T06:39:41.555+0000] {dagbag.py:587} INFO - Filling up the DagBag from /opt/airflow/dags/incremental_data_processing.py
[2024-10-10T06:39:41.561+0000] {processor.py:925} INFO - DAG(s) 'increamental_data_processing' retrieved from /opt/airflow/dags/incremental_data_processing.py
[2024-10-10T06:39:41.576+0000] {logging_mixin.py:190} INFO - [2024-10-10T06:39:41.576+0000] {dag.py:3229} INFO - Sync 1 DAGs
[2024-10-10T06:39:41.593+0000] {logging_mixin.py:190} INFO - [2024-10-10T06:39:41.593+0000] {dag.py:4156} INFO - Setting next_dagrun for increamental_data_processing to 2024-09-25 00:00:00+00:00, run_after=2024-09-26 00:00:00+00:00
[2024-10-10T06:39:41.603+0000] {processor.py:208} INFO - Processing /opt/airflow/dags/incremental_data_processing.py took 0.054 seconds
[2024-10-10T07:11:24.034+0000] {processor.py:186} INFO - Started process (PID=39529) to work on /opt/airflow/dags/incremental_data_processing.py
[2024-10-10T07:11:24.035+0000] {processor.py:914} INFO - Processing file /opt/airflow/dags/incremental_data_processing.py for tasks to queue
[2024-10-10T07:11:24.036+0000] {logging_mixin.py:190} INFO - [2024-10-10T07:11:24.036+0000] {dagbag.py:587} INFO - Filling up the DagBag from /opt/airflow/dags/incremental_data_processing.py
[2024-10-10T07:11:24.041+0000] {processor.py:925} INFO - DAG(s) 'increamental_data_processing' retrieved from /opt/airflow/dags/incremental_data_processing.py
[2024-10-10T07:11:24.053+0000] {logging_mixin.py:190} INFO - [2024-10-10T07:11:24.053+0000] {dag.py:3229} INFO - Sync 1 DAGs
[2024-10-10T07:11:24.064+0000] {logging_mixin.py:190} INFO - [2024-10-10T07:11:24.064+0000] {dag.py:4156} INFO - Setting next_dagrun for increamental_data_processing to 2024-09-25 00:00:00+00:00, run_after=2024-09-26 00:00:00+00:00
[2024-10-10T07:11:24.074+0000] {processor.py:208} INFO - Processing /opt/airflow/dags/incremental_data_processing.py took 0.043 seconds
[2024-10-10T07:39:18.301+0000] {processor.py:186} INFO - Started process (PID=39600) to work on /opt/airflow/dags/incremental_data_processing.py
[2024-10-10T07:39:18.302+0000] {processor.py:914} INFO - Processing file /opt/airflow/dags/incremental_data_processing.py for tasks to queue
[2024-10-10T07:39:18.304+0000] {logging_mixin.py:190} INFO - [2024-10-10T07:39:18.303+0000] {dagbag.py:587} INFO - Filling up the DagBag from /opt/airflow/dags/incremental_data_processing.py
[2024-10-10T07:39:18.309+0000] {processor.py:925} INFO - DAG(s) 'increamental_data_processing' retrieved from /opt/airflow/dags/incremental_data_processing.py
[2024-10-10T07:39:18.319+0000] {logging_mixin.py:190} INFO - [2024-10-10T07:39:18.319+0000] {dag.py:3229} INFO - Sync 1 DAGs
[2024-10-10T07:39:18.333+0000] {logging_mixin.py:190} INFO - [2024-10-10T07:39:18.333+0000] {dag.py:4156} INFO - Setting next_dagrun for increamental_data_processing to 2024-09-25 00:00:00+00:00, run_after=2024-09-26 00:00:00+00:00
[2024-10-10T07:39:18.343+0000] {processor.py:208} INFO - Processing /opt/airflow/dags/incremental_data_processing.py took 0.045 seconds
[2024-10-10T08:02:58.813+0000] {processor.py:186} INFO - Started process (PID=39671) to work on /opt/airflow/dags/incremental_data_processing.py
[2024-10-10T08:02:58.815+0000] {processor.py:914} INFO - Processing file /opt/airflow/dags/incremental_data_processing.py for tasks to queue
[2024-10-10T08:02:58.816+0000] {logging_mixin.py:190} INFO - [2024-10-10T08:02:58.816+0000] {dagbag.py:587} INFO - Filling up the DagBag from /opt/airflow/dags/incremental_data_processing.py
[2024-10-10T08:02:58.822+0000] {processor.py:925} INFO - DAG(s) 'increamental_data_processing' retrieved from /opt/airflow/dags/incremental_data_processing.py
[2024-10-10T08:02:58.841+0000] {logging_mixin.py:190} INFO - [2024-10-10T08:02:58.841+0000] {dag.py:3229} INFO - Sync 1 DAGs
[2024-10-10T08:02:58.859+0000] {logging_mixin.py:190} INFO - [2024-10-10T08:02:58.858+0000] {dag.py:4156} INFO - Setting next_dagrun for increamental_data_processing to 2024-09-25 00:00:00+00:00, run_after=2024-09-26 00:00:00+00:00
[2024-10-10T08:02:58.869+0000] {processor.py:208} INFO - Processing /opt/airflow/dags/incremental_data_processing.py took 0.063 seconds
[2024-10-10T08:12:04.902+0000] {processor.py:186} INFO - Started process (PID=39742) to work on /opt/airflow/dags/incremental_data_processing.py
[2024-10-10T08:12:04.903+0000] {processor.py:914} INFO - Processing file /opt/airflow/dags/incremental_data_processing.py for tasks to queue
[2024-10-10T08:12:04.904+0000] {logging_mixin.py:190} INFO - [2024-10-10T08:12:04.903+0000] {dagbag.py:587} INFO - Filling up the DagBag from /opt/airflow/dags/incremental_data_processing.py
[2024-10-10T08:12:04.908+0000] {processor.py:925} INFO - DAG(s) 'increamental_data_processing' retrieved from /opt/airflow/dags/incremental_data_processing.py
[2024-10-10T08:12:04.917+0000] {logging_mixin.py:190} INFO - [2024-10-10T08:12:04.917+0000] {dag.py:3229} INFO - Sync 1 DAGs
[2024-10-10T08:12:04.926+0000] {logging_mixin.py:190} INFO - [2024-10-10T08:12:04.926+0000] {dag.py:4156} INFO - Setting next_dagrun for increamental_data_processing to 2024-09-25 00:00:00+00:00, run_after=2024-09-26 00:00:00+00:00
[2024-10-10T08:12:04.934+0000] {processor.py:208} INFO - Processing /opt/airflow/dags/incremental_data_processing.py took 0.034 seconds
[2024-10-10T08:24:33.087+0000] {processor.py:186} INFO - Started process (PID=39812) to work on /opt/airflow/dags/incremental_data_processing.py
[2024-10-10T08:24:33.088+0000] {processor.py:914} INFO - Processing file /opt/airflow/dags/incremental_data_processing.py for tasks to queue
[2024-10-10T08:24:33.089+0000] {logging_mixin.py:190} INFO - [2024-10-10T08:24:33.088+0000] {dagbag.py:587} INFO - Filling up the DagBag from /opt/airflow/dags/incremental_data_processing.py
[2024-10-10T08:24:33.096+0000] {processor.py:925} INFO - DAG(s) 'increamental_data_processing' retrieved from /opt/airflow/dags/incremental_data_processing.py
[2024-10-10T08:24:33.106+0000] {logging_mixin.py:190} INFO - [2024-10-10T08:24:33.106+0000] {dag.py:3229} INFO - Sync 1 DAGs
[2024-10-10T08:24:33.126+0000] {logging_mixin.py:190} INFO - [2024-10-10T08:24:33.126+0000] {dag.py:4156} INFO - Setting next_dagrun for increamental_data_processing to 2024-09-25 00:00:00+00:00, run_after=2024-09-26 00:00:00+00:00
[2024-10-10T08:24:33.138+0000] {processor.py:208} INFO - Processing /opt/airflow/dags/incremental_data_processing.py took 0.054 seconds
[2024-10-10T08:25:03.847+0000] {processor.py:186} INFO - Started process (PID=39884) to work on /opt/airflow/dags/incremental_data_processing.py
[2024-10-10T08:25:03.849+0000] {processor.py:914} INFO - Processing file /opt/airflow/dags/incremental_data_processing.py for tasks to queue
[2024-10-10T08:25:03.850+0000] {logging_mixin.py:190} INFO - [2024-10-10T08:25:03.850+0000] {dagbag.py:587} INFO - Filling up the DagBag from /opt/airflow/dags/incremental_data_processing.py
[2024-10-10T08:25:03.867+0000] {processor.py:925} INFO - DAG(s) 'increamental_data_processing' retrieved from /opt/airflow/dags/incremental_data_processing.py
[2024-10-10T08:25:03.880+0000] {logging_mixin.py:190} INFO - [2024-10-10T08:25:03.880+0000] {dag.py:3229} INFO - Sync 1 DAGs
[2024-10-10T08:25:03.893+0000] {logging_mixin.py:190} INFO - [2024-10-10T08:25:03.893+0000] {dag.py:4156} INFO - Setting next_dagrun for increamental_data_processing to 2024-09-25 00:00:00+00:00, run_after=2024-09-26 00:00:00+00:00
[2024-10-10T08:25:03.905+0000] {processor.py:208} INFO - Processing /opt/airflow/dags/incremental_data_processing.py took 0.061 seconds
[2024-10-10T09:14:57.491+0000] {processor.py:186} INFO - Started process (PID=39955) to work on /opt/airflow/dags/incremental_data_processing.py
[2024-10-10T09:14:57.492+0000] {processor.py:914} INFO - Processing file /opt/airflow/dags/incremental_data_processing.py for tasks to queue
[2024-10-10T09:14:57.493+0000] {logging_mixin.py:190} INFO - [2024-10-10T09:14:57.493+0000] {dagbag.py:587} INFO - Filling up the DagBag from /opt/airflow/dags/incremental_data_processing.py
[2024-10-10T09:14:57.501+0000] {processor.py:925} INFO - DAG(s) 'increamental_data_processing' retrieved from /opt/airflow/dags/incremental_data_processing.py
[2024-10-10T09:14:57.525+0000] {logging_mixin.py:190} INFO - [2024-10-10T09:14:57.524+0000] {dag.py:3229} INFO - Sync 1 DAGs
[2024-10-10T09:14:57.536+0000] {logging_mixin.py:190} INFO - [2024-10-10T09:14:57.536+0000] {dag.py:4156} INFO - Setting next_dagrun for increamental_data_processing to 2024-09-25 00:00:00+00:00, run_after=2024-09-26 00:00:00+00:00
[2024-10-10T09:14:57.550+0000] {processor.py:208} INFO - Processing /opt/airflow/dags/incremental_data_processing.py took 0.064 seconds
[2024-10-10T10:21:17.884+0000] {processor.py:186} INFO - Started process (PID=40026) to work on /opt/airflow/dags/incremental_data_processing.py
[2024-10-10T10:21:17.885+0000] {processor.py:914} INFO - Processing file /opt/airflow/dags/incremental_data_processing.py for tasks to queue
[2024-10-10T10:21:17.887+0000] {logging_mixin.py:190} INFO - [2024-10-10T10:21:17.887+0000] {dagbag.py:587} INFO - Filling up the DagBag from /opt/airflow/dags/incremental_data_processing.py
[2024-10-10T10:21:17.895+0000] {processor.py:925} INFO - DAG(s) 'increamental_data_processing' retrieved from /opt/airflow/dags/incremental_data_processing.py
[2024-10-10T10:21:17.912+0000] {logging_mixin.py:190} INFO - [2024-10-10T10:21:17.912+0000] {dag.py:3229} INFO - Sync 1 DAGs
[2024-10-10T10:21:17.943+0000] {logging_mixin.py:190} INFO - [2024-10-10T10:21:17.943+0000] {dag.py:4156} INFO - Setting next_dagrun for increamental_data_processing to 2024-09-25 00:00:00+00:00, run_after=2024-09-26 00:00:00+00:00
[2024-10-10T10:21:17.954+0000] {processor.py:208} INFO - Processing /opt/airflow/dags/incremental_data_processing.py took 0.076 seconds
[2024-10-10T10:44:14.814+0000] {processor.py:186} INFO - Started process (PID=40097) to work on /opt/airflow/dags/incremental_data_processing.py
[2024-10-10T10:44:14.814+0000] {processor.py:914} INFO - Processing file /opt/airflow/dags/incremental_data_processing.py for tasks to queue
[2024-10-10T10:44:14.815+0000] {logging_mixin.py:190} INFO - [2024-10-10T10:44:14.815+0000] {dagbag.py:587} INFO - Filling up the DagBag from /opt/airflow/dags/incremental_data_processing.py
[2024-10-10T10:44:14.821+0000] {processor.py:925} INFO - DAG(s) 'increamental_data_processing' retrieved from /opt/airflow/dags/incremental_data_processing.py
[2024-10-10T10:44:14.832+0000] {logging_mixin.py:190} INFO - [2024-10-10T10:44:14.832+0000] {dag.py:3229} INFO - Sync 1 DAGs
[2024-10-10T10:44:14.841+0000] {logging_mixin.py:190} INFO - [2024-10-10T10:44:14.841+0000] {dag.py:4156} INFO - Setting next_dagrun for increamental_data_processing to 2024-09-25 00:00:00+00:00, run_after=2024-09-26 00:00:00+00:00
[2024-10-10T10:44:14.847+0000] {processor.py:208} INFO - Processing /opt/airflow/dags/incremental_data_processing.py took 0.037 seconds
[2024-10-10T11:15:57.220+0000] {processor.py:186} INFO - Started process (PID=40168) to work on /opt/airflow/dags/incremental_data_processing.py
[2024-10-10T11:15:57.223+0000] {processor.py:914} INFO - Processing file /opt/airflow/dags/incremental_data_processing.py for tasks to queue
[2024-10-10T11:15:57.224+0000] {logging_mixin.py:190} INFO - [2024-10-10T11:15:57.224+0000] {dagbag.py:587} INFO - Filling up the DagBag from /opt/airflow/dags/incremental_data_processing.py
[2024-10-10T11:15:57.240+0000] {processor.py:925} INFO - DAG(s) 'increamental_data_processing' retrieved from /opt/airflow/dags/incremental_data_processing.py
[2024-10-10T11:15:57.260+0000] {logging_mixin.py:190} INFO - [2024-10-10T11:15:57.260+0000] {dag.py:3229} INFO - Sync 1 DAGs
[2024-10-10T11:15:57.275+0000] {logging_mixin.py:190} INFO - [2024-10-10T11:15:57.275+0000] {dag.py:4156} INFO - Setting next_dagrun for increamental_data_processing to 2024-09-25 00:00:00+00:00, run_after=2024-09-26 00:00:00+00:00
[2024-10-10T11:15:57.286+0000] {processor.py:208} INFO - Processing /opt/airflow/dags/incremental_data_processing.py took 0.070 seconds
[2024-10-10T11:16:27.998+0000] {processor.py:186} INFO - Started process (PID=40239) to work on /opt/airflow/dags/incremental_data_processing.py
[2024-10-10T11:16:27.999+0000] {processor.py:914} INFO - Processing file /opt/airflow/dags/incremental_data_processing.py for tasks to queue
[2024-10-10T11:16:27.999+0000] {logging_mixin.py:190} INFO - [2024-10-10T11:16:27.999+0000] {dagbag.py:587} INFO - Filling up the DagBag from /opt/airflow/dags/incremental_data_processing.py
[2024-10-10T11:16:28.008+0000] {processor.py:925} INFO - DAG(s) 'increamental_data_processing' retrieved from /opt/airflow/dags/incremental_data_processing.py
[2024-10-10T11:16:28.020+0000] {logging_mixin.py:190} INFO - [2024-10-10T11:16:28.020+0000] {dag.py:3229} INFO - Sync 1 DAGs
[2024-10-10T11:16:28.031+0000] {logging_mixin.py:190} INFO - [2024-10-10T11:16:28.031+0000] {dag.py:4156} INFO - Setting next_dagrun for increamental_data_processing to 2024-09-25 00:00:00+00:00, run_after=2024-09-26 00:00:00+00:00
[2024-10-10T11:16:28.037+0000] {processor.py:208} INFO - Processing /opt/airflow/dags/incremental_data_processing.py took 0.043 seconds
[2024-10-10T12:21:21.637+0000] {processor.py:186} INFO - Started process (PID=40310) to work on /opt/airflow/dags/incremental_data_processing.py
[2024-10-10T12:21:21.641+0000] {processor.py:914} INFO - Processing file /opt/airflow/dags/incremental_data_processing.py for tasks to queue
[2024-10-10T12:21:21.642+0000] {logging_mixin.py:190} INFO - [2024-10-10T12:21:21.641+0000] {dagbag.py:587} INFO - Filling up the DagBag from /opt/airflow/dags/incremental_data_processing.py
[2024-10-10T12:21:21.647+0000] {processor.py:925} INFO - DAG(s) 'increamental_data_processing' retrieved from /opt/airflow/dags/incremental_data_processing.py
[2024-10-10T12:21:21.659+0000] {logging_mixin.py:190} INFO - [2024-10-10T12:21:21.659+0000] {dag.py:3229} INFO - Sync 1 DAGs
[2024-10-10T12:21:21.670+0000] {logging_mixin.py:190} INFO - [2024-10-10T12:21:21.670+0000] {dag.py:4156} INFO - Setting next_dagrun for increamental_data_processing to 2024-09-25 00:00:00+00:00, run_after=2024-09-26 00:00:00+00:00
[2024-10-10T12:21:21.682+0000] {processor.py:208} INFO - Processing /opt/airflow/dags/incremental_data_processing.py took 0.049 seconds
[2024-10-10T12:50:51.695+0000] {processor.py:186} INFO - Started process (PID=40380) to work on /opt/airflow/dags/incremental_data_processing.py
[2024-10-10T12:50:51.697+0000] {processor.py:914} INFO - Processing file /opt/airflow/dags/incremental_data_processing.py for tasks to queue
[2024-10-10T12:50:51.698+0000] {logging_mixin.py:190} INFO - [2024-10-10T12:50:51.698+0000] {dagbag.py:587} INFO - Filling up the DagBag from /opt/airflow/dags/incremental_data_processing.py
[2024-10-10T12:50:51.707+0000] {processor.py:925} INFO - DAG(s) 'increamental_data_processing' retrieved from /opt/airflow/dags/incremental_data_processing.py
[2024-10-10T12:50:51.718+0000] {logging_mixin.py:190} INFO - [2024-10-10T12:50:51.718+0000] {dag.py:3229} INFO - Sync 1 DAGs
[2024-10-10T12:50:51.728+0000] {logging_mixin.py:190} INFO - [2024-10-10T12:50:51.728+0000] {dag.py:4156} INFO - Setting next_dagrun for increamental_data_processing to 2024-09-25 00:00:00+00:00, run_after=2024-09-26 00:00:00+00:00
[2024-10-10T12:50:51.741+0000] {processor.py:208} INFO - Processing /opt/airflow/dags/incremental_data_processing.py took 0.051 seconds
[2024-10-10T13:08:18.405+0000] {processor.py:186} INFO - Started process (PID=40451) to work on /opt/airflow/dags/incremental_data_processing.py
[2024-10-10T13:08:18.405+0000] {processor.py:914} INFO - Processing file /opt/airflow/dags/incremental_data_processing.py for tasks to queue
[2024-10-10T13:08:18.406+0000] {logging_mixin.py:190} INFO - [2024-10-10T13:08:18.406+0000] {dagbag.py:587} INFO - Filling up the DagBag from /opt/airflow/dags/incremental_data_processing.py
[2024-10-10T13:08:18.411+0000] {processor.py:925} INFO - DAG(s) 'increamental_data_processing' retrieved from /opt/airflow/dags/incremental_data_processing.py
[2024-10-10T13:08:18.421+0000] {logging_mixin.py:190} INFO - [2024-10-10T13:08:18.420+0000] {dag.py:3229} INFO - Sync 1 DAGs
[2024-10-10T13:08:18.430+0000] {logging_mixin.py:190} INFO - [2024-10-10T13:08:18.429+0000] {dag.py:4156} INFO - Setting next_dagrun for increamental_data_processing to 2024-09-25 00:00:00+00:00, run_after=2024-09-26 00:00:00+00:00
[2024-10-10T13:08:18.436+0000] {processor.py:208} INFO - Processing /opt/airflow/dags/incremental_data_processing.py took 0.035 seconds
[2024-10-10T13:51:02.582+0000] {processor.py:186} INFO - Started process (PID=40522) to work on /opt/airflow/dags/incremental_data_processing.py
[2024-10-10T13:51:02.582+0000] {processor.py:914} INFO - Processing file /opt/airflow/dags/incremental_data_processing.py for tasks to queue
[2024-10-10T13:51:02.584+0000] {logging_mixin.py:190} INFO - [2024-10-10T13:51:02.584+0000] {dagbag.py:587} INFO - Filling up the DagBag from /opt/airflow/dags/incremental_data_processing.py
[2024-10-10T13:51:02.592+0000] {processor.py:925} INFO - DAG(s) 'increamental_data_processing' retrieved from /opt/airflow/dags/incremental_data_processing.py
[2024-10-10T13:51:02.604+0000] {logging_mixin.py:190} INFO - [2024-10-10T13:51:02.604+0000] {dag.py:3229} INFO - Sync 1 DAGs
[2024-10-10T13:51:02.623+0000] {logging_mixin.py:190} INFO - [2024-10-10T13:51:02.623+0000] {dag.py:4156} INFO - Setting next_dagrun for increamental_data_processing to 2024-09-25 00:00:00+00:00, run_after=2024-09-26 00:00:00+00:00
[2024-10-10T13:51:02.634+0000] {processor.py:208} INFO - Processing /opt/airflow/dags/incremental_data_processing.py took 0.057 seconds
[2024-10-10T14:18:16.706+0000] {processor.py:186} INFO - Started process (PID=40593) to work on /opt/airflow/dags/incremental_data_processing.py
[2024-10-10T14:18:16.707+0000] {processor.py:914} INFO - Processing file /opt/airflow/dags/incremental_data_processing.py for tasks to queue
[2024-10-10T14:18:16.707+0000] {logging_mixin.py:190} INFO - [2024-10-10T14:18:16.707+0000] {dagbag.py:587} INFO - Filling up the DagBag from /opt/airflow/dags/incremental_data_processing.py
[2024-10-10T14:18:16.712+0000] {processor.py:925} INFO - DAG(s) 'increamental_data_processing' retrieved from /opt/airflow/dags/incremental_data_processing.py
[2024-10-10T14:18:16.721+0000] {logging_mixin.py:190} INFO - [2024-10-10T14:18:16.721+0000] {dag.py:3229} INFO - Sync 1 DAGs
[2024-10-10T14:18:16.732+0000] {logging_mixin.py:190} INFO - [2024-10-10T14:18:16.731+0000] {dag.py:4156} INFO - Setting next_dagrun for increamental_data_processing to 2024-09-25 00:00:00+00:00, run_after=2024-09-26 00:00:00+00:00
[2024-10-10T14:18:16.739+0000] {processor.py:208} INFO - Processing /opt/airflow/dags/incremental_data_processing.py took 0.036 seconds
[2024-10-10T14:50:16.054+0000] {processor.py:186} INFO - Started process (PID=40664) to work on /opt/airflow/dags/incremental_data_processing.py
[2024-10-10T14:50:16.054+0000] {processor.py:914} INFO - Processing file /opt/airflow/dags/incremental_data_processing.py for tasks to queue
[2024-10-10T14:50:16.055+0000] {logging_mixin.py:190} INFO - [2024-10-10T14:50:16.055+0000] {dagbag.py:587} INFO - Filling up the DagBag from /opt/airflow/dags/incremental_data_processing.py
[2024-10-10T14:50:16.060+0000] {processor.py:925} INFO - DAG(s) 'increamental_data_processing' retrieved from /opt/airflow/dags/incremental_data_processing.py
[2024-10-10T14:50:16.072+0000] {logging_mixin.py:190} INFO - [2024-10-10T14:50:16.072+0000] {dag.py:3229} INFO - Sync 1 DAGs
[2024-10-10T14:50:16.083+0000] {logging_mixin.py:190} INFO - [2024-10-10T14:50:16.083+0000] {dag.py:4156} INFO - Setting next_dagrun for increamental_data_processing to 2024-09-25 00:00:00+00:00, run_after=2024-09-26 00:00:00+00:00
[2024-10-10T14:50:16.096+0000] {processor.py:208} INFO - Processing /opt/airflow/dags/incremental_data_processing.py took 0.045 seconds
[2024-10-10T15:19:01.424+0000] {processor.py:186} INFO - Started process (PID=40735) to work on /opt/airflow/dags/incremental_data_processing.py
[2024-10-10T15:19:01.426+0000] {processor.py:914} INFO - Processing file /opt/airflow/dags/incremental_data_processing.py for tasks to queue
[2024-10-10T15:19:01.426+0000] {logging_mixin.py:190} INFO - [2024-10-10T15:19:01.426+0000] {dagbag.py:587} INFO - Filling up the DagBag from /opt/airflow/dags/incremental_data_processing.py
[2024-10-10T15:19:01.432+0000] {processor.py:925} INFO - DAG(s) 'increamental_data_processing' retrieved from /opt/airflow/dags/incremental_data_processing.py
[2024-10-10T15:19:01.443+0000] {logging_mixin.py:190} INFO - [2024-10-10T15:19:01.443+0000] {dag.py:3229} INFO - Sync 1 DAGs
[2024-10-10T15:19:01.456+0000] {logging_mixin.py:190} INFO - [2024-10-10T15:19:01.456+0000] {dag.py:4156} INFO - Setting next_dagrun for increamental_data_processing to 2024-09-25 00:00:00+00:00, run_after=2024-09-26 00:00:00+00:00
[2024-10-10T15:19:01.467+0000] {processor.py:208} INFO - Processing /opt/airflow/dags/incremental_data_processing.py took 0.046 seconds
[2024-10-10T15:50:08.379+0000] {processor.py:186} INFO - Started process (PID=40806) to work on /opt/airflow/dags/incremental_data_processing.py
[2024-10-10T15:50:08.380+0000] {processor.py:914} INFO - Processing file /opt/airflow/dags/incremental_data_processing.py for tasks to queue
[2024-10-10T15:50:08.381+0000] {logging_mixin.py:190} INFO - [2024-10-10T15:50:08.380+0000] {dagbag.py:587} INFO - Filling up the DagBag from /opt/airflow/dags/incremental_data_processing.py
[2024-10-10T15:50:08.388+0000] {processor.py:925} INFO - DAG(s) 'increamental_data_processing' retrieved from /opt/airflow/dags/incremental_data_processing.py
[2024-10-10T15:50:08.407+0000] {logging_mixin.py:190} INFO - [2024-10-10T15:50:08.407+0000] {dag.py:3229} INFO - Sync 1 DAGs
[2024-10-10T15:50:08.423+0000] {logging_mixin.py:190} INFO - [2024-10-10T15:50:08.422+0000] {dag.py:4156} INFO - Setting next_dagrun for increamental_data_processing to 2024-09-25 00:00:00+00:00, run_after=2024-09-26 00:00:00+00:00
[2024-10-10T15:50:08.434+0000] {processor.py:208} INFO - Processing /opt/airflow/dags/incremental_data_processing.py took 0.058 seconds
[2024-10-10T16:36:36.723+0000] {processor.py:186} INFO - Started process (PID=40877) to work on /opt/airflow/dags/incremental_data_processing.py
[2024-10-10T16:36:36.725+0000] {processor.py:914} INFO - Processing file /opt/airflow/dags/incremental_data_processing.py for tasks to queue
[2024-10-10T16:36:36.726+0000] {logging_mixin.py:190} INFO - [2024-10-10T16:36:36.725+0000] {dagbag.py:587} INFO - Filling up the DagBag from /opt/airflow/dags/incremental_data_processing.py
[2024-10-10T16:36:36.747+0000] {processor.py:925} INFO - DAG(s) 'increamental_data_processing' retrieved from /opt/airflow/dags/incremental_data_processing.py
[2024-10-10T16:36:36.768+0000] {logging_mixin.py:190} INFO - [2024-10-10T16:36:36.768+0000] {dag.py:3229} INFO - Sync 1 DAGs
[2024-10-10T16:36:36.783+0000] {logging_mixin.py:190} INFO - [2024-10-10T16:36:36.783+0000] {dag.py:4156} INFO - Setting next_dagrun for increamental_data_processing to 2024-09-25 00:00:00+00:00, run_after=2024-09-26 00:00:00+00:00
[2024-10-10T16:36:36.799+0000] {processor.py:208} INFO - Processing /opt/airflow/dags/incremental_data_processing.py took 0.084 seconds
[2024-10-10T16:45:45.082+0000] {processor.py:186} INFO - Started process (PID=40948) to work on /opt/airflow/dags/incremental_data_processing.py
[2024-10-10T16:45:45.083+0000] {processor.py:914} INFO - Processing file /opt/airflow/dags/incremental_data_processing.py for tasks to queue
[2024-10-10T16:45:45.083+0000] {logging_mixin.py:190} INFO - [2024-10-10T16:45:45.083+0000] {dagbag.py:587} INFO - Filling up the DagBag from /opt/airflow/dags/incremental_data_processing.py
[2024-10-10T16:45:45.088+0000] {processor.py:925} INFO - DAG(s) 'increamental_data_processing' retrieved from /opt/airflow/dags/incremental_data_processing.py
[2024-10-10T16:45:45.097+0000] {logging_mixin.py:190} INFO - [2024-10-10T16:45:45.097+0000] {dag.py:3229} INFO - Sync 1 DAGs
[2024-10-10T16:45:45.108+0000] {logging_mixin.py:190} INFO - [2024-10-10T16:45:45.108+0000] {dag.py:4156} INFO - Setting next_dagrun for increamental_data_processing to 2024-09-25 00:00:00+00:00, run_after=2024-09-26 00:00:00+00:00
[2024-10-10T16:45:45.116+0000] {processor.py:208} INFO - Processing /opt/airflow/dags/incremental_data_processing.py took 0.037 seconds
[2024-10-10T17:20:00.627+0000] {processor.py:186} INFO - Started process (PID=41018) to work on /opt/airflow/dags/incremental_data_processing.py
[2024-10-10T17:20:00.627+0000] {processor.py:914} INFO - Processing file /opt/airflow/dags/incremental_data_processing.py for tasks to queue
[2024-10-10T17:20:00.629+0000] {logging_mixin.py:190} INFO - [2024-10-10T17:20:00.629+0000] {dagbag.py:587} INFO - Filling up the DagBag from /opt/airflow/dags/incremental_data_processing.py
[2024-10-10T17:20:00.645+0000] {processor.py:925} INFO - DAG(s) 'increamental_data_processing' retrieved from /opt/airflow/dags/incremental_data_processing.py
[2024-10-10T17:20:00.665+0000] {logging_mixin.py:190} INFO - [2024-10-10T17:20:00.665+0000] {dag.py:3229} INFO - Sync 1 DAGs
[2024-10-10T17:20:00.677+0000] {logging_mixin.py:190} INFO - [2024-10-10T17:20:00.677+0000] {dag.py:4156} INFO - Setting next_dagrun for increamental_data_processing to 2024-09-25 00:00:00+00:00, run_after=2024-09-26 00:00:00+00:00
[2024-10-10T17:20:00.686+0000] {processor.py:208} INFO - Processing /opt/airflow/dags/incremental_data_processing.py took 0.064 seconds
[2024-10-10T18:21:00.737+0000] {processor.py:186} INFO - Started process (PID=41089) to work on /opt/airflow/dags/incremental_data_processing.py
[2024-10-10T18:21:00.738+0000] {processor.py:914} INFO - Processing file /opt/airflow/dags/incremental_data_processing.py for tasks to queue
[2024-10-10T18:21:00.739+0000] {logging_mixin.py:190} INFO - [2024-10-10T18:21:00.739+0000] {dagbag.py:587} INFO - Filling up the DagBag from /opt/airflow/dags/incremental_data_processing.py
[2024-10-10T18:21:00.748+0000] {processor.py:925} INFO - DAG(s) 'increamental_data_processing' retrieved from /opt/airflow/dags/incremental_data_processing.py
[2024-10-10T18:21:00.769+0000] {logging_mixin.py:190} INFO - [2024-10-10T18:21:00.769+0000] {dag.py:3229} INFO - Sync 1 DAGs
[2024-10-10T18:21:00.783+0000] {logging_mixin.py:190} INFO - [2024-10-10T18:21:00.782+0000] {dag.py:4156} INFO - Setting next_dagrun for increamental_data_processing to 2024-09-25 00:00:00+00:00, run_after=2024-09-26 00:00:00+00:00
[2024-10-10T18:21:00.793+0000] {processor.py:208} INFO - Processing /opt/airflow/dags/incremental_data_processing.py took 0.062 seconds
[2024-10-10T18:38:26.065+0000] {processor.py:186} INFO - Started process (PID=41160) to work on /opt/airflow/dags/incremental_data_processing.py
[2024-10-10T18:38:26.068+0000] {processor.py:914} INFO - Processing file /opt/airflow/dags/incremental_data_processing.py for tasks to queue
[2024-10-10T18:38:26.069+0000] {logging_mixin.py:190} INFO - [2024-10-10T18:38:26.068+0000] {dagbag.py:587} INFO - Filling up the DagBag from /opt/airflow/dags/incremental_data_processing.py
[2024-10-10T18:38:26.074+0000] {processor.py:925} INFO - DAG(s) 'increamental_data_processing' retrieved from /opt/airflow/dags/incremental_data_processing.py
[2024-10-10T18:38:26.088+0000] {logging_mixin.py:190} INFO - [2024-10-10T18:38:26.087+0000] {dag.py:3229} INFO - Sync 1 DAGs
[2024-10-10T18:38:26.101+0000] {logging_mixin.py:190} INFO - [2024-10-10T18:38:26.101+0000] {dag.py:4156} INFO - Setting next_dagrun for increamental_data_processing to 2024-09-25 00:00:00+00:00, run_after=2024-09-26 00:00:00+00:00
[2024-10-10T18:38:26.111+0000] {processor.py:208} INFO - Processing /opt/airflow/dags/incremental_data_processing.py took 0.049 seconds
[2024-10-10T19:39:10.932+0000] {processor.py:186} INFO - Started process (PID=41231) to work on /opt/airflow/dags/incremental_data_processing.py
[2024-10-10T19:39:10.933+0000] {processor.py:914} INFO - Processing file /opt/airflow/dags/incremental_data_processing.py for tasks to queue
[2024-10-10T19:39:10.934+0000] {logging_mixin.py:190} INFO - [2024-10-10T19:39:10.934+0000] {dagbag.py:587} INFO - Filling up the DagBag from /opt/airflow/dags/incremental_data_processing.py
[2024-10-10T19:39:10.943+0000] {processor.py:925} INFO - DAG(s) 'increamental_data_processing' retrieved from /opt/airflow/dags/incremental_data_processing.py
[2024-10-10T19:39:10.956+0000] {logging_mixin.py:190} INFO - [2024-10-10T19:39:10.956+0000] {dag.py:3229} INFO - Sync 1 DAGs
[2024-10-10T19:39:10.966+0000] {logging_mixin.py:190} INFO - [2024-10-10T19:39:10.966+0000] {dag.py:4156} INFO - Setting next_dagrun for increamental_data_processing to 2024-09-25 00:00:00+00:00, run_after=2024-09-26 00:00:00+00:00
[2024-10-10T19:39:10.974+0000] {processor.py:208} INFO - Processing /opt/airflow/dags/incremental_data_processing.py took 0.047 seconds
[2024-10-10T20:23:14.588+0000] {processor.py:186} INFO - Started process (PID=41302) to work on /opt/airflow/dags/incremental_data_processing.py
[2024-10-10T20:23:14.590+0000] {processor.py:914} INFO - Processing file /opt/airflow/dags/incremental_data_processing.py for tasks to queue
[2024-10-10T20:23:14.591+0000] {logging_mixin.py:190} INFO - [2024-10-10T20:23:14.591+0000] {dagbag.py:587} INFO - Filling up the DagBag from /opt/airflow/dags/incremental_data_processing.py
[2024-10-10T20:23:14.600+0000] {processor.py:925} INFO - DAG(s) 'increamental_data_processing' retrieved from /opt/airflow/dags/incremental_data_processing.py
[2024-10-10T20:23:14.614+0000] {logging_mixin.py:190} INFO - [2024-10-10T20:23:14.613+0000] {dag.py:3229} INFO - Sync 1 DAGs
[2024-10-10T20:23:14.626+0000] {logging_mixin.py:190} INFO - [2024-10-10T20:23:14.626+0000] {dag.py:4156} INFO - Setting next_dagrun for increamental_data_processing to 2024-09-25 00:00:00+00:00, run_after=2024-09-26 00:00:00+00:00
[2024-10-10T20:23:14.634+0000] {processor.py:208} INFO - Processing /opt/airflow/dags/incremental_data_processing.py took 0.050 seconds
[2024-10-10T20:54:19.799+0000] {processor.py:186} INFO - Started process (PID=41373) to work on /opt/airflow/dags/incremental_data_processing.py
[2024-10-10T20:54:19.801+0000] {processor.py:914} INFO - Processing file /opt/airflow/dags/incremental_data_processing.py for tasks to queue
[2024-10-10T20:54:19.801+0000] {logging_mixin.py:190} INFO - [2024-10-10T20:54:19.801+0000] {dagbag.py:587} INFO - Filling up the DagBag from /opt/airflow/dags/incremental_data_processing.py
[2024-10-10T20:54:19.807+0000] {processor.py:925} INFO - DAG(s) 'increamental_data_processing' retrieved from /opt/airflow/dags/incremental_data_processing.py
[2024-10-10T20:54:19.819+0000] {logging_mixin.py:190} INFO - [2024-10-10T20:54:19.819+0000] {dag.py:3229} INFO - Sync 1 DAGs
[2024-10-10T20:54:19.832+0000] {logging_mixin.py:190} INFO - [2024-10-10T20:54:19.832+0000] {dag.py:4156} INFO - Setting next_dagrun for increamental_data_processing to 2024-09-25 00:00:00+00:00, run_after=2024-09-26 00:00:00+00:00
[2024-10-10T20:54:19.842+0000] {processor.py:208} INFO - Processing /opt/airflow/dags/incremental_data_processing.py took 0.046 seconds
[2024-10-10T21:24:07.626+0000] {processor.py:186} INFO - Started process (PID=41444) to work on /opt/airflow/dags/incremental_data_processing.py
[2024-10-10T21:24:07.627+0000] {processor.py:914} INFO - Processing file /opt/airflow/dags/incremental_data_processing.py for tasks to queue
[2024-10-10T21:24:07.627+0000] {logging_mixin.py:190} INFO - [2024-10-10T21:24:07.627+0000] {dagbag.py:587} INFO - Filling up the DagBag from /opt/airflow/dags/incremental_data_processing.py
[2024-10-10T21:24:07.632+0000] {processor.py:925} INFO - DAG(s) 'increamental_data_processing' retrieved from /opt/airflow/dags/incremental_data_processing.py
[2024-10-10T21:24:07.641+0000] {logging_mixin.py:190} INFO - [2024-10-10T21:24:07.641+0000] {dag.py:3229} INFO - Sync 1 DAGs
[2024-10-10T21:24:07.650+0000] {logging_mixin.py:190} INFO - [2024-10-10T21:24:07.650+0000] {dag.py:4156} INFO - Setting next_dagrun for increamental_data_processing to 2024-09-25 00:00:00+00:00, run_after=2024-09-26 00:00:00+00:00
[2024-10-10T21:24:07.656+0000] {processor.py:208} INFO - Processing /opt/airflow/dags/incremental_data_processing.py took 0.033 seconds
[2024-10-10T21:24:38.442+0000] {processor.py:186} INFO - Started process (PID=41515) to work on /opt/airflow/dags/incremental_data_processing.py
[2024-10-10T21:24:38.444+0000] {processor.py:914} INFO - Processing file /opt/airflow/dags/incremental_data_processing.py for tasks to queue
[2024-10-10T21:24:38.445+0000] {logging_mixin.py:190} INFO - [2024-10-10T21:24:38.445+0000] {dagbag.py:587} INFO - Filling up the DagBag from /opt/airflow/dags/incremental_data_processing.py
[2024-10-10T21:24:38.452+0000] {processor.py:925} INFO - DAG(s) 'increamental_data_processing' retrieved from /opt/airflow/dags/incremental_data_processing.py
[2024-10-10T21:24:38.462+0000] {logging_mixin.py:190} INFO - [2024-10-10T21:24:38.462+0000] {dag.py:3229} INFO - Sync 1 DAGs
[2024-10-10T21:24:38.474+0000] {logging_mixin.py:190} INFO - [2024-10-10T21:24:38.474+0000] {dag.py:4156} INFO - Setting next_dagrun for increamental_data_processing to 2024-09-25 00:00:00+00:00, run_after=2024-09-26 00:00:00+00:00
[2024-10-10T21:24:38.483+0000] {processor.py:208} INFO - Processing /opt/airflow/dags/incremental_data_processing.py took 0.045 seconds
[2024-10-10T21:43:34.388+0000] {processor.py:186} INFO - Started process (PID=41586) to work on /opt/airflow/dags/incremental_data_processing.py
[2024-10-10T21:43:34.396+0000] {processor.py:914} INFO - Processing file /opt/airflow/dags/incremental_data_processing.py for tasks to queue
[2024-10-10T21:43:34.400+0000] {logging_mixin.py:190} INFO - [2024-10-10T21:43:34.400+0000] {dagbag.py:587} INFO - Filling up the DagBag from /opt/airflow/dags/incremental_data_processing.py
[2024-10-10T21:43:34.410+0000] {processor.py:925} INFO - DAG(s) 'increamental_data_processing' retrieved from /opt/airflow/dags/incremental_data_processing.py
[2024-10-10T21:43:34.430+0000] {logging_mixin.py:190} INFO - [2024-10-10T21:43:34.430+0000] {dag.py:3229} INFO - Sync 1 DAGs
[2024-10-10T21:43:34.445+0000] {logging_mixin.py:190} INFO - [2024-10-10T21:43:34.444+0000] {dag.py:4156} INFO - Setting next_dagrun for increamental_data_processing to 2024-09-25 00:00:00+00:00, run_after=2024-09-26 00:00:00+00:00
[2024-10-10T21:43:34.457+0000] {processor.py:208} INFO - Processing /opt/airflow/dags/incremental_data_processing.py took 0.073 seconds
[2024-10-10T22:17:47.330+0000] {processor.py:186} INFO - Started process (PID=41657) to work on /opt/airflow/dags/incremental_data_processing.py
[2024-10-10T22:17:47.334+0000] {processor.py:914} INFO - Processing file /opt/airflow/dags/incremental_data_processing.py for tasks to queue
[2024-10-10T22:17:47.336+0000] {logging_mixin.py:190} INFO - [2024-10-10T22:17:47.335+0000] {dagbag.py:587} INFO - Filling up the DagBag from /opt/airflow/dags/incremental_data_processing.py
[2024-10-10T22:17:47.351+0000] {processor.py:925} INFO - DAG(s) 'increamental_data_processing' retrieved from /opt/airflow/dags/incremental_data_processing.py
[2024-10-10T22:17:47.368+0000] {logging_mixin.py:190} INFO - [2024-10-10T22:17:47.368+0000] {dag.py:3229} INFO - Sync 1 DAGs
[2024-10-10T22:17:47.386+0000] {logging_mixin.py:190} INFO - [2024-10-10T22:17:47.385+0000] {dag.py:4156} INFO - Setting next_dagrun for increamental_data_processing to 2024-09-25 00:00:00+00:00, run_after=2024-09-26 00:00:00+00:00
[2024-10-10T22:17:47.433+0000] {processor.py:208} INFO - Processing /opt/airflow/dags/incremental_data_processing.py took 0.110 seconds
[2024-10-10T22:46:08.071+0000] {processor.py:186} INFO - Started process (PID=41728) to work on /opt/airflow/dags/incremental_data_processing.py
[2024-10-10T22:46:08.073+0000] {processor.py:914} INFO - Processing file /opt/airflow/dags/incremental_data_processing.py for tasks to queue
[2024-10-10T22:46:08.077+0000] {logging_mixin.py:190} INFO - [2024-10-10T22:46:08.077+0000] {dagbag.py:587} INFO - Filling up the DagBag from /opt/airflow/dags/incremental_data_processing.py
[2024-10-10T22:46:08.082+0000] {processor.py:925} INFO - DAG(s) 'increamental_data_processing' retrieved from /opt/airflow/dags/incremental_data_processing.py
[2024-10-10T22:46:08.092+0000] {logging_mixin.py:190} INFO - [2024-10-10T22:46:08.092+0000] {dag.py:3229} INFO - Sync 1 DAGs
[2024-10-10T22:46:08.104+0000] {logging_mixin.py:190} INFO - [2024-10-10T22:46:08.104+0000] {dag.py:4156} INFO - Setting next_dagrun for increamental_data_processing to 2024-09-25 00:00:00+00:00, run_after=2024-09-26 00:00:00+00:00
[2024-10-10T22:46:08.117+0000] {processor.py:208} INFO - Processing /opt/airflow/dags/incremental_data_processing.py took 0.052 seconds
[2024-10-10T23:26:18.511+0000] {processor.py:186} INFO - Started process (PID=41799) to work on /opt/airflow/dags/incremental_data_processing.py
[2024-10-10T23:26:18.512+0000] {processor.py:914} INFO - Processing file /opt/airflow/dags/incremental_data_processing.py for tasks to queue
[2024-10-10T23:26:18.512+0000] {logging_mixin.py:190} INFO - [2024-10-10T23:26:18.512+0000] {dagbag.py:587} INFO - Filling up the DagBag from /opt/airflow/dags/incremental_data_processing.py
[2024-10-10T23:26:18.518+0000] {processor.py:925} INFO - DAG(s) 'increamental_data_processing' retrieved from /opt/airflow/dags/incremental_data_processing.py
[2024-10-10T23:26:18.528+0000] {logging_mixin.py:190} INFO - [2024-10-10T23:26:18.528+0000] {dag.py:3229} INFO - Sync 1 DAGs
[2024-10-10T23:26:18.539+0000] {logging_mixin.py:190} INFO - [2024-10-10T23:26:18.539+0000] {dag.py:4156} INFO - Setting next_dagrun for increamental_data_processing to 2024-09-25 00:00:00+00:00, run_after=2024-09-26 00:00:00+00:00
[2024-10-10T23:26:18.546+0000] {processor.py:208} INFO - Processing /opt/airflow/dags/incremental_data_processing.py took 0.038 seconds
