[2024-10-10T00:11:40.512+0000] {processor.py:186} INFO - Started process (PID=38822) to work on /opt/airflow/dags/website_events.py
[2024-10-10T00:11:40.513+0000] {processor.py:914} INFO - Processing file /opt/airflow/dags/website_events.py for tasks to queue
[2024-10-10T00:11:40.514+0000] {logging_mixin.py:190} INFO - [2024-10-10T00:11:40.513+0000] {dagbag.py:587} INFO - Filling up the DagBag from /opt/airflow/dags/website_events.py
[2024-10-10T00:11:40.519+0000] {processor.py:925} INFO - DAG(s) '01_unscheduled' retrieved from /opt/airflow/dags/website_events.py
[2024-10-10T00:11:40.530+0000] {logging_mixin.py:190} INFO - [2024-10-10T00:11:40.530+0000] {dag.py:3229} INFO - Sync 1 DAGs
[2024-10-10T00:11:40.536+0000] {logging_mixin.py:190} INFO - [2024-10-10T00:11:40.536+0000] {dag.py:4156} INFO - Setting next_dagrun for 01_unscheduled to None, run_after=None
[2024-10-10T00:11:40.543+0000] {processor.py:208} INFO - Processing /opt/airflow/dags/website_events.py took 0.034 seconds
[2024-10-10T01:18:07.313+0000] {processor.py:186} INFO - Started process (PID=38893) to work on /opt/airflow/dags/website_events.py
[2024-10-10T01:18:07.314+0000] {processor.py:914} INFO - Processing file /opt/airflow/dags/website_events.py for tasks to queue
[2024-10-10T01:18:07.315+0000] {logging_mixin.py:190} INFO - [2024-10-10T01:18:07.314+0000] {dagbag.py:587} INFO - Filling up the DagBag from /opt/airflow/dags/website_events.py
[2024-10-10T01:18:07.328+0000] {processor.py:925} INFO - DAG(s) '01_unscheduled' retrieved from /opt/airflow/dags/website_events.py
[2024-10-10T01:18:07.343+0000] {logging_mixin.py:190} INFO - [2024-10-10T01:18:07.343+0000] {dag.py:3229} INFO - Sync 1 DAGs
[2024-10-10T01:18:07.366+0000] {logging_mixin.py:190} INFO - [2024-10-10T01:18:07.365+0000] {dag.py:4156} INFO - Setting next_dagrun for 01_unscheduled to None, run_after=None
[2024-10-10T01:18:07.381+0000] {processor.py:208} INFO - Processing /opt/airflow/dags/website_events.py took 0.073 seconds
[2024-10-10T01:52:17.124+0000] {processor.py:186} INFO - Started process (PID=38964) to work on /opt/airflow/dags/website_events.py
[2024-10-10T01:52:17.128+0000] {processor.py:914} INFO - Processing file /opt/airflow/dags/website_events.py for tasks to queue
[2024-10-10T01:52:17.129+0000] {logging_mixin.py:190} INFO - [2024-10-10T01:52:17.129+0000] {dagbag.py:587} INFO - Filling up the DagBag from /opt/airflow/dags/website_events.py
[2024-10-10T01:52:17.137+0000] {processor.py:925} INFO - DAG(s) '01_unscheduled' retrieved from /opt/airflow/dags/website_events.py
[2024-10-10T01:52:17.152+0000] {logging_mixin.py:190} INFO - [2024-10-10T01:52:17.152+0000] {dag.py:3229} INFO - Sync 1 DAGs
[2024-10-10T01:52:17.160+0000] {logging_mixin.py:190} INFO - [2024-10-10T01:52:17.160+0000] {dag.py:4156} INFO - Setting next_dagrun for 01_unscheduled to None, run_after=None
[2024-10-10T01:52:17.180+0000] {processor.py:208} INFO - Processing /opt/airflow/dags/website_events.py took 0.060 seconds
[2024-10-10T02:19:09.413+0000] {processor.py:186} INFO - Started process (PID=39035) to work on /opt/airflow/dags/website_events.py
[2024-10-10T02:19:09.413+0000] {processor.py:914} INFO - Processing file /opt/airflow/dags/website_events.py for tasks to queue
[2024-10-10T02:19:09.414+0000] {logging_mixin.py:190} INFO - [2024-10-10T02:19:09.414+0000] {dagbag.py:587} INFO - Filling up the DagBag from /opt/airflow/dags/website_events.py
[2024-10-10T02:19:09.419+0000] {processor.py:925} INFO - DAG(s) '01_unscheduled' retrieved from /opt/airflow/dags/website_events.py
[2024-10-10T02:19:09.429+0000] {logging_mixin.py:190} INFO - [2024-10-10T02:19:09.429+0000] {dag.py:3229} INFO - Sync 1 DAGs
[2024-10-10T02:19:09.436+0000] {logging_mixin.py:190} INFO - [2024-10-10T02:19:09.436+0000] {dag.py:4156} INFO - Setting next_dagrun for 01_unscheduled to None, run_after=None
[2024-10-10T02:19:09.447+0000] {processor.py:208} INFO - Processing /opt/airflow/dags/website_events.py took 0.037 seconds
[2024-10-10T03:09:34.508+0000] {processor.py:186} INFO - Started process (PID=39106) to work on /opt/airflow/dags/website_events.py
[2024-10-10T03:09:34.508+0000] {processor.py:914} INFO - Processing file /opt/airflow/dags/website_events.py for tasks to queue
[2024-10-10T03:09:34.509+0000] {logging_mixin.py:190} INFO - [2024-10-10T03:09:34.509+0000] {dagbag.py:587} INFO - Filling up the DagBag from /opt/airflow/dags/website_events.py
[2024-10-10T03:09:34.521+0000] {processor.py:925} INFO - DAG(s) '01_unscheduled' retrieved from /opt/airflow/dags/website_events.py
[2024-10-10T03:09:34.532+0000] {logging_mixin.py:190} INFO - [2024-10-10T03:09:34.532+0000] {dag.py:3229} INFO - Sync 1 DAGs
[2024-10-10T03:09:34.538+0000] {logging_mixin.py:190} INFO - [2024-10-10T03:09:34.538+0000] {dag.py:4156} INFO - Setting next_dagrun for 01_unscheduled to None, run_after=None
[2024-10-10T03:09:34.548+0000] {processor.py:208} INFO - Processing /opt/airflow/dags/website_events.py took 0.044 seconds
[2024-10-10T03:56:57.159+0000] {processor.py:186} INFO - Started process (PID=39176) to work on /opt/airflow/dags/website_events.py
[2024-10-10T03:56:57.160+0000] {processor.py:914} INFO - Processing file /opt/airflow/dags/website_events.py for tasks to queue
[2024-10-10T03:56:57.161+0000] {logging_mixin.py:190} INFO - [2024-10-10T03:56:57.161+0000] {dagbag.py:587} INFO - Filling up the DagBag from /opt/airflow/dags/website_events.py
[2024-10-10T03:56:57.169+0000] {processor.py:925} INFO - DAG(s) '01_unscheduled' retrieved from /opt/airflow/dags/website_events.py
[2024-10-10T03:56:57.181+0000] {logging_mixin.py:190} INFO - [2024-10-10T03:56:57.181+0000] {dag.py:3229} INFO - Sync 1 DAGs
[2024-10-10T03:56:57.188+0000] {logging_mixin.py:190} INFO - [2024-10-10T03:56:57.188+0000] {dag.py:4156} INFO - Setting next_dagrun for 01_unscheduled to None, run_after=None
[2024-10-10T03:56:57.196+0000] {processor.py:208} INFO - Processing /opt/airflow/dags/website_events.py took 0.041 seconds
[2024-10-10T04:21:11.608+0000] {processor.py:186} INFO - Started process (PID=39246) to work on /opt/airflow/dags/website_events.py
[2024-10-10T04:21:11.609+0000] {processor.py:914} INFO - Processing file /opt/airflow/dags/website_events.py for tasks to queue
[2024-10-10T04:21:11.610+0000] {logging_mixin.py:190} INFO - [2024-10-10T04:21:11.610+0000] {dagbag.py:587} INFO - Filling up the DagBag from /opt/airflow/dags/website_events.py
[2024-10-10T04:21:11.615+0000] {processor.py:925} INFO - DAG(s) '01_unscheduled' retrieved from /opt/airflow/dags/website_events.py
[2024-10-10T04:21:11.626+0000] {logging_mixin.py:190} INFO - [2024-10-10T04:21:11.626+0000] {dag.py:3229} INFO - Sync 1 DAGs
[2024-10-10T04:21:11.638+0000] {logging_mixin.py:190} INFO - [2024-10-10T04:21:11.638+0000] {dag.py:4156} INFO - Setting next_dagrun for 01_unscheduled to None, run_after=None
[2024-10-10T04:21:11.652+0000] {processor.py:208} INFO - Processing /opt/airflow/dags/website_events.py took 0.047 seconds
[2024-10-10T05:14:23.186+0000] {processor.py:186} INFO - Started process (PID=39317) to work on /opt/airflow/dags/website_events.py
[2024-10-10T05:14:23.190+0000] {processor.py:914} INFO - Processing file /opt/airflow/dags/website_events.py for tasks to queue
[2024-10-10T05:14:23.193+0000] {logging_mixin.py:190} INFO - [2024-10-10T05:14:23.192+0000] {dagbag.py:587} INFO - Filling up the DagBag from /opt/airflow/dags/website_events.py
[2024-10-10T05:14:23.208+0000] {processor.py:925} INFO - DAG(s) '01_unscheduled' retrieved from /opt/airflow/dags/website_events.py
[2024-10-10T05:14:23.272+0000] {logging_mixin.py:190} INFO - [2024-10-10T05:14:23.272+0000] {dag.py:3229} INFO - Sync 1 DAGs
[2024-10-10T05:14:24.460+0000] {logging_mixin.py:190} INFO - [2024-10-10T05:14:24.458+0000] {dag.py:4156} INFO - Setting next_dagrun for 01_unscheduled to None, run_after=None
[2024-10-10T05:14:24.496+0000] {processor.py:208} INFO - Processing /opt/airflow/dags/website_events.py took 1.327 seconds
[2024-10-10T05:47:20.671+0000] {processor.py:186} INFO - Started process (PID=39388) to work on /opt/airflow/dags/website_events.py
[2024-10-10T05:47:20.672+0000] {processor.py:914} INFO - Processing file /opt/airflow/dags/website_events.py for tasks to queue
[2024-10-10T05:47:20.673+0000] {logging_mixin.py:190} INFO - [2024-10-10T05:47:20.673+0000] {dagbag.py:587} INFO - Filling up the DagBag from /opt/airflow/dags/website_events.py
[2024-10-10T05:47:20.678+0000] {processor.py:925} INFO - DAG(s) '01_unscheduled' retrieved from /opt/airflow/dags/website_events.py
[2024-10-10T05:47:20.689+0000] {logging_mixin.py:190} INFO - [2024-10-10T05:47:20.689+0000] {dag.py:3229} INFO - Sync 1 DAGs
[2024-10-10T05:47:20.697+0000] {logging_mixin.py:190} INFO - [2024-10-10T05:47:20.697+0000] {dag.py:4156} INFO - Setting next_dagrun for 01_unscheduled to None, run_after=None
[2024-10-10T05:47:20.706+0000] {processor.py:208} INFO - Processing /opt/airflow/dags/website_events.py took 0.039 seconds
[2024-10-10T06:39:41.559+0000] {processor.py:186} INFO - Started process (PID=39459) to work on /opt/airflow/dags/website_events.py
[2024-10-10T06:39:41.561+0000] {processor.py:914} INFO - Processing file /opt/airflow/dags/website_events.py for tasks to queue
[2024-10-10T06:39:41.562+0000] {logging_mixin.py:190} INFO - [2024-10-10T06:39:41.562+0000] {dagbag.py:587} INFO - Filling up the DagBag from /opt/airflow/dags/website_events.py
[2024-10-10T06:39:41.567+0000] {processor.py:925} INFO - DAG(s) '01_unscheduled' retrieved from /opt/airflow/dags/website_events.py
[2024-10-10T06:39:41.588+0000] {logging_mixin.py:190} INFO - [2024-10-10T06:39:41.588+0000] {dag.py:3229} INFO - Sync 1 DAGs
[2024-10-10T06:39:41.596+0000] {logging_mixin.py:190} INFO - [2024-10-10T06:39:41.596+0000] {dag.py:4156} INFO - Setting next_dagrun for 01_unscheduled to None, run_after=None
[2024-10-10T06:39:41.608+0000] {processor.py:208} INFO - Processing /opt/airflow/dags/website_events.py took 0.052 seconds
[2024-10-10T07:11:24.051+0000] {processor.py:186} INFO - Started process (PID=39530) to work on /opt/airflow/dags/website_events.py
[2024-10-10T07:11:24.052+0000] {processor.py:914} INFO - Processing file /opt/airflow/dags/website_events.py for tasks to queue
[2024-10-10T07:11:24.052+0000] {logging_mixin.py:190} INFO - [2024-10-10T07:11:24.052+0000] {dagbag.py:587} INFO - Filling up the DagBag from /opt/airflow/dags/website_events.py
[2024-10-10T07:11:24.061+0000] {processor.py:925} INFO - DAG(s) '01_unscheduled' retrieved from /opt/airflow/dags/website_events.py
[2024-10-10T07:11:24.074+0000] {logging_mixin.py:190} INFO - [2024-10-10T07:11:24.074+0000] {dag.py:3229} INFO - Sync 1 DAGs
[2024-10-10T07:11:24.082+0000] {logging_mixin.py:190} INFO - [2024-10-10T07:11:24.081+0000] {dag.py:4156} INFO - Setting next_dagrun for 01_unscheduled to None, run_after=None
[2024-10-10T07:11:24.091+0000] {processor.py:208} INFO - Processing /opt/airflow/dags/website_events.py took 0.044 seconds
[2024-10-10T07:39:18.313+0000] {processor.py:186} INFO - Started process (PID=39601) to work on /opt/airflow/dags/website_events.py
[2024-10-10T07:39:18.314+0000] {processor.py:914} INFO - Processing file /opt/airflow/dags/website_events.py for tasks to queue
[2024-10-10T07:39:18.315+0000] {logging_mixin.py:190} INFO - [2024-10-10T07:39:18.314+0000] {dagbag.py:587} INFO - Filling up the DagBag from /opt/airflow/dags/website_events.py
[2024-10-10T07:39:18.330+0000] {processor.py:925} INFO - DAG(s) '01_unscheduled' retrieved from /opt/airflow/dags/website_events.py
[2024-10-10T07:39:18.343+0000] {logging_mixin.py:190} INFO - [2024-10-10T07:39:18.343+0000] {dag.py:3229} INFO - Sync 1 DAGs
[2024-10-10T07:39:18.353+0000] {logging_mixin.py:190} INFO - [2024-10-10T07:39:18.352+0000] {dag.py:4156} INFO - Setting next_dagrun for 01_unscheduled to None, run_after=None
[2024-10-10T07:39:18.363+0000] {processor.py:208} INFO - Processing /opt/airflow/dags/website_events.py took 0.054 seconds
[2024-10-10T08:02:58.845+0000] {processor.py:186} INFO - Started process (PID=39672) to work on /opt/airflow/dags/website_events.py
[2024-10-10T08:02:58.849+0000] {processor.py:914} INFO - Processing file /opt/airflow/dags/website_events.py for tasks to queue
[2024-10-10T08:02:58.849+0000] {logging_mixin.py:190} INFO - [2024-10-10T08:02:58.849+0000] {dagbag.py:587} INFO - Filling up the DagBag from /opt/airflow/dags/website_events.py
[2024-10-10T08:02:58.856+0000] {processor.py:925} INFO - DAG(s) '01_unscheduled' retrieved from /opt/airflow/dags/website_events.py
[2024-10-10T08:02:58.869+0000] {logging_mixin.py:190} INFO - [2024-10-10T08:02:58.869+0000] {dag.py:3229} INFO - Sync 1 DAGs
[2024-10-10T08:02:58.877+0000] {logging_mixin.py:190} INFO - [2024-10-10T08:02:58.877+0000] {dag.py:4156} INFO - Setting next_dagrun for 01_unscheduled to None, run_after=None
[2024-10-10T08:02:58.888+0000] {processor.py:208} INFO - Processing /opt/airflow/dags/website_events.py took 0.047 seconds
[2024-10-10T08:12:04.950+0000] {processor.py:186} INFO - Started process (PID=39743) to work on /opt/airflow/dags/website_events.py
[2024-10-10T08:12:04.951+0000] {processor.py:914} INFO - Processing file /opt/airflow/dags/website_events.py for tasks to queue
[2024-10-10T08:12:04.952+0000] {logging_mixin.py:190} INFO - [2024-10-10T08:12:04.952+0000] {dagbag.py:587} INFO - Filling up the DagBag from /opt/airflow/dags/website_events.py
[2024-10-10T08:12:04.957+0000] {processor.py:925} INFO - DAG(s) '01_unscheduled' retrieved from /opt/airflow/dags/website_events.py
[2024-10-10T08:12:04.968+0000] {logging_mixin.py:190} INFO - [2024-10-10T08:12:04.968+0000] {dag.py:3229} INFO - Sync 1 DAGs
[2024-10-10T08:12:04.976+0000] {logging_mixin.py:190} INFO - [2024-10-10T08:12:04.976+0000] {dag.py:4156} INFO - Setting next_dagrun for 01_unscheduled to None, run_after=None
[2024-10-10T08:12:04.987+0000] {processor.py:208} INFO - Processing /opt/airflow/dags/website_events.py took 0.039 seconds
[2024-10-10T08:24:33.108+0000] {processor.py:186} INFO - Started process (PID=39813) to work on /opt/airflow/dags/website_events.py
[2024-10-10T08:24:33.110+0000] {processor.py:914} INFO - Processing file /opt/airflow/dags/website_events.py for tasks to queue
[2024-10-10T08:24:33.114+0000] {logging_mixin.py:190} INFO - [2024-10-10T08:24:33.112+0000] {dagbag.py:587} INFO - Filling up the DagBag from /opt/airflow/dags/website_events.py
[2024-10-10T08:24:33.127+0000] {processor.py:925} INFO - DAG(s) '01_unscheduled' retrieved from /opt/airflow/dags/website_events.py
[2024-10-10T08:24:33.141+0000] {logging_mixin.py:190} INFO - [2024-10-10T08:24:33.141+0000] {dag.py:3229} INFO - Sync 1 DAGs
[2024-10-10T08:24:33.149+0000] {logging_mixin.py:190} INFO - [2024-10-10T08:24:33.149+0000] {dag.py:4156} INFO - Setting next_dagrun for 01_unscheduled to None, run_after=None
[2024-10-10T08:24:33.163+0000] {processor.py:208} INFO - Processing /opt/airflow/dags/website_events.py took 0.060 seconds
[2024-10-10T08:25:03.888+0000] {processor.py:186} INFO - Started process (PID=39885) to work on /opt/airflow/dags/website_events.py
[2024-10-10T08:25:03.889+0000] {processor.py:914} INFO - Processing file /opt/airflow/dags/website_events.py for tasks to queue
[2024-10-10T08:25:03.891+0000] {logging_mixin.py:190} INFO - [2024-10-10T08:25:03.891+0000] {dagbag.py:587} INFO - Filling up the DagBag from /opt/airflow/dags/website_events.py
[2024-10-10T08:25:03.896+0000] {processor.py:925} INFO - DAG(s) '01_unscheduled' retrieved from /opt/airflow/dags/website_events.py
[2024-10-10T08:25:03.913+0000] {logging_mixin.py:190} INFO - [2024-10-10T08:25:03.913+0000] {dag.py:3229} INFO - Sync 1 DAGs
[2024-10-10T08:25:03.923+0000] {logging_mixin.py:190} INFO - [2024-10-10T08:25:03.923+0000] {dag.py:4156} INFO - Setting next_dagrun for 01_unscheduled to None, run_after=None
[2024-10-10T08:25:03.940+0000] {processor.py:208} INFO - Processing /opt/airflow/dags/website_events.py took 0.056 seconds
[2024-10-10T09:14:57.532+0000] {processor.py:186} INFO - Started process (PID=39956) to work on /opt/airflow/dags/website_events.py
[2024-10-10T09:14:57.534+0000] {processor.py:914} INFO - Processing file /opt/airflow/dags/website_events.py for tasks to queue
[2024-10-10T09:14:57.535+0000] {logging_mixin.py:190} INFO - [2024-10-10T09:14:57.534+0000] {dagbag.py:587} INFO - Filling up the DagBag from /opt/airflow/dags/website_events.py
[2024-10-10T09:14:57.539+0000] {processor.py:925} INFO - DAG(s) '01_unscheduled' retrieved from /opt/airflow/dags/website_events.py
[2024-10-10T09:14:57.552+0000] {logging_mixin.py:190} INFO - [2024-10-10T09:14:57.552+0000] {dag.py:3229} INFO - Sync 1 DAGs
[2024-10-10T09:14:57.560+0000] {logging_mixin.py:190} INFO - [2024-10-10T09:14:57.560+0000] {dag.py:4156} INFO - Setting next_dagrun for 01_unscheduled to None, run_after=None
[2024-10-10T09:14:57.570+0000] {processor.py:208} INFO - Processing /opt/airflow/dags/website_events.py took 0.041 seconds
[2024-10-10T10:21:17.908+0000] {processor.py:186} INFO - Started process (PID=40027) to work on /opt/airflow/dags/website_events.py
[2024-10-10T10:21:17.909+0000] {processor.py:914} INFO - Processing file /opt/airflow/dags/website_events.py for tasks to queue
[2024-10-10T10:21:17.910+0000] {logging_mixin.py:190} INFO - [2024-10-10T10:21:17.910+0000] {dagbag.py:587} INFO - Filling up the DagBag from /opt/airflow/dags/website_events.py
[2024-10-10T10:21:17.915+0000] {processor.py:925} INFO - DAG(s) '01_unscheduled' retrieved from /opt/airflow/dags/website_events.py
[2024-10-10T10:21:17.948+0000] {logging_mixin.py:190} INFO - [2024-10-10T10:21:17.948+0000] {dag.py:3229} INFO - Sync 1 DAGs
[2024-10-10T10:21:17.957+0000] {logging_mixin.py:190} INFO - [2024-10-10T10:21:17.957+0000] {dag.py:4156} INFO - Setting next_dagrun for 01_unscheduled to None, run_after=None
[2024-10-10T10:21:17.967+0000] {processor.py:208} INFO - Processing /opt/airflow/dags/website_events.py took 0.063 seconds
[2024-10-10T10:44:14.862+0000] {processor.py:186} INFO - Started process (PID=40098) to work on /opt/airflow/dags/website_events.py
[2024-10-10T10:44:14.862+0000] {processor.py:914} INFO - Processing file /opt/airflow/dags/website_events.py for tasks to queue
[2024-10-10T10:44:14.863+0000] {logging_mixin.py:190} INFO - [2024-10-10T10:44:14.863+0000] {dagbag.py:587} INFO - Filling up the DagBag from /opt/airflow/dags/website_events.py
[2024-10-10T10:44:14.868+0000] {processor.py:925} INFO - DAG(s) '01_unscheduled' retrieved from /opt/airflow/dags/website_events.py
[2024-10-10T10:44:14.883+0000] {logging_mixin.py:190} INFO - [2024-10-10T10:44:14.883+0000] {dag.py:3229} INFO - Sync 1 DAGs
[2024-10-10T10:44:14.892+0000] {logging_mixin.py:190} INFO - [2024-10-10T10:44:14.892+0000] {dag.py:4156} INFO - Setting next_dagrun for 01_unscheduled to None, run_after=None
[2024-10-10T10:44:14.904+0000] {processor.py:208} INFO - Processing /opt/airflow/dags/website_events.py took 0.045 seconds
[2024-10-10T11:15:57.269+0000] {processor.py:186} INFO - Started process (PID=40169) to work on /opt/airflow/dags/website_events.py
[2024-10-10T11:15:57.270+0000] {processor.py:914} INFO - Processing file /opt/airflow/dags/website_events.py for tasks to queue
[2024-10-10T11:15:57.270+0000] {logging_mixin.py:190} INFO - [2024-10-10T11:15:57.270+0000] {dagbag.py:587} INFO - Filling up the DagBag from /opt/airflow/dags/website_events.py
[2024-10-10T11:15:57.275+0000] {processor.py:925} INFO - DAG(s) '01_unscheduled' retrieved from /opt/airflow/dags/website_events.py
[2024-10-10T11:15:57.290+0000] {logging_mixin.py:190} INFO - [2024-10-10T11:15:57.290+0000] {dag.py:3229} INFO - Sync 1 DAGs
[2024-10-10T11:15:57.299+0000] {logging_mixin.py:190} INFO - [2024-10-10T11:15:57.299+0000] {dag.py:4156} INFO - Setting next_dagrun for 01_unscheduled to None, run_after=None
[2024-10-10T11:15:57.313+0000] {processor.py:208} INFO - Processing /opt/airflow/dags/website_events.py took 0.048 seconds
[2024-10-10T11:16:28.016+0000] {processor.py:186} INFO - Started process (PID=40240) to work on /opt/airflow/dags/website_events.py
[2024-10-10T11:16:28.019+0000] {processor.py:914} INFO - Processing file /opt/airflow/dags/website_events.py for tasks to queue
[2024-10-10T11:16:28.020+0000] {logging_mixin.py:190} INFO - [2024-10-10T11:16:28.020+0000] {dagbag.py:587} INFO - Filling up the DagBag from /opt/airflow/dags/website_events.py
[2024-10-10T11:16:28.027+0000] {processor.py:925} INFO - DAG(s) '01_unscheduled' retrieved from /opt/airflow/dags/website_events.py
[2024-10-10T11:16:28.038+0000] {logging_mixin.py:190} INFO - [2024-10-10T11:16:28.038+0000] {dag.py:3229} INFO - Sync 1 DAGs
[2024-10-10T11:16:28.048+0000] {logging_mixin.py:190} INFO - [2024-10-10T11:16:28.048+0000] {dag.py:4156} INFO - Setting next_dagrun for 01_unscheduled to None, run_after=None
[2024-10-10T11:16:28.060+0000] {processor.py:208} INFO - Processing /opt/airflow/dags/website_events.py took 0.047 seconds
[2024-10-10T12:21:21.647+0000] {processor.py:186} INFO - Started process (PID=40311) to work on /opt/airflow/dags/website_events.py
[2024-10-10T12:21:21.647+0000] {processor.py:914} INFO - Processing file /opt/airflow/dags/website_events.py for tasks to queue
[2024-10-10T12:21:21.648+0000] {logging_mixin.py:190} INFO - [2024-10-10T12:21:21.648+0000] {dagbag.py:587} INFO - Filling up the DagBag from /opt/airflow/dags/website_events.py
[2024-10-10T12:21:21.654+0000] {processor.py:925} INFO - DAG(s) '01_unscheduled' retrieved from /opt/airflow/dags/website_events.py
[2024-10-10T12:21:21.663+0000] {logging_mixin.py:190} INFO - [2024-10-10T12:21:21.663+0000] {dag.py:3229} INFO - Sync 1 DAGs
[2024-10-10T12:21:21.670+0000] {logging_mixin.py:190} INFO - [2024-10-10T12:21:21.670+0000] {dag.py:4156} INFO - Setting next_dagrun for 01_unscheduled to None, run_after=None
[2024-10-10T12:21:21.680+0000] {processor.py:208} INFO - Processing /opt/airflow/dags/website_events.py took 0.037 seconds
[2024-10-10T12:50:51.725+0000] {processor.py:186} INFO - Started process (PID=40381) to work on /opt/airflow/dags/website_events.py
[2024-10-10T12:50:51.726+0000] {processor.py:914} INFO - Processing file /opt/airflow/dags/website_events.py for tasks to queue
[2024-10-10T12:50:51.726+0000] {logging_mixin.py:190} INFO - [2024-10-10T12:50:51.726+0000] {dagbag.py:587} INFO - Filling up the DagBag from /opt/airflow/dags/website_events.py
[2024-10-10T12:50:51.732+0000] {processor.py:925} INFO - DAG(s) '01_unscheduled' retrieved from /opt/airflow/dags/website_events.py
[2024-10-10T12:50:51.746+0000] {logging_mixin.py:190} INFO - [2024-10-10T12:50:51.746+0000] {dag.py:3229} INFO - Sync 1 DAGs
[2024-10-10T12:50:51.753+0000] {logging_mixin.py:190} INFO - [2024-10-10T12:50:51.753+0000] {dag.py:4156} INFO - Setting next_dagrun for 01_unscheduled to None, run_after=None
[2024-10-10T12:50:51.764+0000] {processor.py:208} INFO - Processing /opt/airflow/dags/website_events.py took 0.043 seconds
[2024-10-10T13:08:18.451+0000] {processor.py:186} INFO - Started process (PID=40452) to work on /opt/airflow/dags/website_events.py
[2024-10-10T13:08:18.452+0000] {processor.py:914} INFO - Processing file /opt/airflow/dags/website_events.py for tasks to queue
[2024-10-10T13:08:18.453+0000] {logging_mixin.py:190} INFO - [2024-10-10T13:08:18.453+0000] {dagbag.py:587} INFO - Filling up the DagBag from /opt/airflow/dags/website_events.py
[2024-10-10T13:08:18.457+0000] {processor.py:925} INFO - DAG(s) '01_unscheduled' retrieved from /opt/airflow/dags/website_events.py
[2024-10-10T13:08:18.468+0000] {logging_mixin.py:190} INFO - [2024-10-10T13:08:18.468+0000] {dag.py:3229} INFO - Sync 1 DAGs
[2024-10-10T13:08:18.479+0000] {logging_mixin.py:190} INFO - [2024-10-10T13:08:18.479+0000] {dag.py:4156} INFO - Setting next_dagrun for 01_unscheduled to None, run_after=None
[2024-10-10T13:08:18.489+0000] {processor.py:208} INFO - Processing /opt/airflow/dags/website_events.py took 0.041 seconds
[2024-10-10T13:51:02.592+0000] {processor.py:186} INFO - Started process (PID=40523) to work on /opt/airflow/dags/website_events.py
[2024-10-10T13:51:02.594+0000] {processor.py:914} INFO - Processing file /opt/airflow/dags/website_events.py for tasks to queue
[2024-10-10T13:51:02.595+0000] {logging_mixin.py:190} INFO - [2024-10-10T13:51:02.595+0000] {dagbag.py:587} INFO - Filling up the DagBag from /opt/airflow/dags/website_events.py
[2024-10-10T13:51:02.600+0000] {processor.py:925} INFO - DAG(s) '01_unscheduled' retrieved from /opt/airflow/dags/website_events.py
[2024-10-10T13:51:02.621+0000] {logging_mixin.py:190} INFO - [2024-10-10T13:51:02.621+0000] {dag.py:3229} INFO - Sync 1 DAGs
[2024-10-10T13:51:02.629+0000] {logging_mixin.py:190} INFO - [2024-10-10T13:51:02.629+0000] {dag.py:4156} INFO - Setting next_dagrun for 01_unscheduled to None, run_after=None
[2024-10-10T13:51:02.640+0000] {processor.py:208} INFO - Processing /opt/airflow/dags/website_events.py took 0.052 seconds
[2024-10-10T14:18:16.755+0000] {processor.py:186} INFO - Started process (PID=40594) to work on /opt/airflow/dags/website_events.py
[2024-10-10T14:18:16.757+0000] {processor.py:914} INFO - Processing file /opt/airflow/dags/website_events.py for tasks to queue
[2024-10-10T14:18:16.758+0000] {logging_mixin.py:190} INFO - [2024-10-10T14:18:16.758+0000] {dagbag.py:587} INFO - Filling up the DagBag from /opt/airflow/dags/website_events.py
[2024-10-10T14:18:16.764+0000] {processor.py:925} INFO - DAG(s) '01_unscheduled' retrieved from /opt/airflow/dags/website_events.py
[2024-10-10T14:18:16.774+0000] {logging_mixin.py:190} INFO - [2024-10-10T14:18:16.773+0000] {dag.py:3229} INFO - Sync 1 DAGs
[2024-10-10T14:18:16.781+0000] {logging_mixin.py:190} INFO - [2024-10-10T14:18:16.781+0000] {dag.py:4156} INFO - Setting next_dagrun for 01_unscheduled to None, run_after=None
[2024-10-10T14:18:16.789+0000] {processor.py:208} INFO - Processing /opt/airflow/dags/website_events.py took 0.037 seconds
[2024-10-10T14:50:16.087+0000] {processor.py:186} INFO - Started process (PID=40665) to work on /opt/airflow/dags/website_events.py
[2024-10-10T14:50:16.089+0000] {processor.py:914} INFO - Processing file /opt/airflow/dags/website_events.py for tasks to queue
[2024-10-10T14:50:16.093+0000] {logging_mixin.py:190} INFO - [2024-10-10T14:50:16.092+0000] {dagbag.py:587} INFO - Filling up the DagBag from /opt/airflow/dags/website_events.py
[2024-10-10T14:50:16.104+0000] {processor.py:925} INFO - DAG(s) '01_unscheduled' retrieved from /opt/airflow/dags/website_events.py
[2024-10-10T14:50:16.119+0000] {logging_mixin.py:190} INFO - [2024-10-10T14:50:16.119+0000] {dag.py:3229} INFO - Sync 1 DAGs
[2024-10-10T14:50:16.131+0000] {logging_mixin.py:190} INFO - [2024-10-10T14:50:16.131+0000] {dag.py:4156} INFO - Setting next_dagrun for 01_unscheduled to None, run_after=None
[2024-10-10T14:50:16.150+0000] {processor.py:208} INFO - Processing /opt/airflow/dags/website_events.py took 0.068 seconds
[2024-10-10T15:19:01.431+0000] {processor.py:186} INFO - Started process (PID=40736) to work on /opt/airflow/dags/website_events.py
[2024-10-10T15:19:01.432+0000] {processor.py:914} INFO - Processing file /opt/airflow/dags/website_events.py for tasks to queue
[2024-10-10T15:19:01.433+0000] {logging_mixin.py:190} INFO - [2024-10-10T15:19:01.432+0000] {dagbag.py:587} INFO - Filling up the DagBag from /opt/airflow/dags/website_events.py
[2024-10-10T15:19:01.438+0000] {processor.py:925} INFO - DAG(s) '01_unscheduled' retrieved from /opt/airflow/dags/website_events.py
[2024-10-10T15:19:01.447+0000] {logging_mixin.py:190} INFO - [2024-10-10T15:19:01.447+0000] {dag.py:3229} INFO - Sync 1 DAGs
[2024-10-10T15:19:01.457+0000] {logging_mixin.py:190} INFO - [2024-10-10T15:19:01.457+0000] {dag.py:4156} INFO - Setting next_dagrun for 01_unscheduled to None, run_after=None
[2024-10-10T15:19:01.466+0000] {processor.py:208} INFO - Processing /opt/airflow/dags/website_events.py took 0.038 seconds
[2024-10-10T15:50:08.450+0000] {processor.py:186} INFO - Started process (PID=40807) to work on /opt/airflow/dags/website_events.py
[2024-10-10T15:50:08.451+0000] {processor.py:914} INFO - Processing file /opt/airflow/dags/website_events.py for tasks to queue
[2024-10-10T15:50:08.452+0000] {logging_mixin.py:190} INFO - [2024-10-10T15:50:08.452+0000] {dagbag.py:587} INFO - Filling up the DagBag from /opt/airflow/dags/website_events.py
[2024-10-10T15:50:08.462+0000] {processor.py:925} INFO - DAG(s) '01_unscheduled' retrieved from /opt/airflow/dags/website_events.py
[2024-10-10T15:50:08.477+0000] {logging_mixin.py:190} INFO - [2024-10-10T15:50:08.477+0000] {dag.py:3229} INFO - Sync 1 DAGs
[2024-10-10T15:50:08.485+0000] {logging_mixin.py:190} INFO - [2024-10-10T15:50:08.485+0000] {dag.py:4156} INFO - Setting next_dagrun for 01_unscheduled to None, run_after=None
[2024-10-10T15:50:08.492+0000] {processor.py:208} INFO - Processing /opt/airflow/dags/website_events.py took 0.045 seconds
[2024-10-10T16:36:36.762+0000] {processor.py:186} INFO - Started process (PID=40878) to work on /opt/airflow/dags/website_events.py
[2024-10-10T16:36:36.765+0000] {processor.py:914} INFO - Processing file /opt/airflow/dags/website_events.py for tasks to queue
[2024-10-10T16:36:36.768+0000] {logging_mixin.py:190} INFO - [2024-10-10T16:36:36.768+0000] {dagbag.py:587} INFO - Filling up the DagBag from /opt/airflow/dags/website_events.py
[2024-10-10T16:36:36.775+0000] {processor.py:925} INFO - DAG(s) '01_unscheduled' retrieved from /opt/airflow/dags/website_events.py
[2024-10-10T16:36:36.793+0000] {logging_mixin.py:190} INFO - [2024-10-10T16:36:36.793+0000] {dag.py:3229} INFO - Sync 1 DAGs
[2024-10-10T16:36:36.802+0000] {logging_mixin.py:190} INFO - [2024-10-10T16:36:36.802+0000] {dag.py:4156} INFO - Setting next_dagrun for 01_unscheduled to None, run_after=None
[2024-10-10T16:36:36.823+0000] {processor.py:208} INFO - Processing /opt/airflow/dags/website_events.py took 0.067 seconds
[2024-10-10T16:45:45.134+0000] {processor.py:186} INFO - Started process (PID=40949) to work on /opt/airflow/dags/website_events.py
[2024-10-10T16:45:45.137+0000] {processor.py:914} INFO - Processing file /opt/airflow/dags/website_events.py for tasks to queue
[2024-10-10T16:45:45.138+0000] {logging_mixin.py:190} INFO - [2024-10-10T16:45:45.137+0000] {dagbag.py:587} INFO - Filling up the DagBag from /opt/airflow/dags/website_events.py
[2024-10-10T16:45:45.144+0000] {processor.py:925} INFO - DAG(s) '01_unscheduled' retrieved from /opt/airflow/dags/website_events.py
[2024-10-10T16:45:45.168+0000] {logging_mixin.py:190} INFO - [2024-10-10T16:45:45.168+0000] {dag.py:3229} INFO - Sync 1 DAGs
[2024-10-10T16:45:45.179+0000] {logging_mixin.py:190} INFO - [2024-10-10T16:45:45.179+0000] {dag.py:4156} INFO - Setting next_dagrun for 01_unscheduled to None, run_after=None
[2024-10-10T16:45:45.190+0000] {processor.py:208} INFO - Processing /opt/airflow/dags/website_events.py took 0.060 seconds
[2024-10-10T17:20:00.673+0000] {processor.py:186} INFO - Started process (PID=41019) to work on /opt/airflow/dags/website_events.py
[2024-10-10T17:20:00.676+0000] {processor.py:914} INFO - Processing file /opt/airflow/dags/website_events.py for tasks to queue
[2024-10-10T17:20:00.677+0000] {logging_mixin.py:190} INFO - [2024-10-10T17:20:00.677+0000] {dagbag.py:587} INFO - Filling up the DagBag from /opt/airflow/dags/website_events.py
[2024-10-10T17:20:00.685+0000] {processor.py:925} INFO - DAG(s) '01_unscheduled' retrieved from /opt/airflow/dags/website_events.py
[2024-10-10T17:20:00.698+0000] {logging_mixin.py:190} INFO - [2024-10-10T17:20:00.698+0000] {dag.py:3229} INFO - Sync 1 DAGs
[2024-10-10T17:20:00.706+0000] {logging_mixin.py:190} INFO - [2024-10-10T17:20:00.706+0000] {dag.py:4156} INFO - Setting next_dagrun for 01_unscheduled to None, run_after=None
[2024-10-10T17:20:00.725+0000] {processor.py:208} INFO - Processing /opt/airflow/dags/website_events.py took 0.055 seconds
[2024-10-10T18:21:00.773+0000] {processor.py:186} INFO - Started process (PID=41090) to work on /opt/airflow/dags/website_events.py
[2024-10-10T18:21:00.775+0000] {processor.py:914} INFO - Processing file /opt/airflow/dags/website_events.py for tasks to queue
[2024-10-10T18:21:00.776+0000] {logging_mixin.py:190} INFO - [2024-10-10T18:21:00.776+0000] {dagbag.py:587} INFO - Filling up the DagBag from /opt/airflow/dags/website_events.py
[2024-10-10T18:21:00.782+0000] {processor.py:925} INFO - DAG(s) '01_unscheduled' retrieved from /opt/airflow/dags/website_events.py
[2024-10-10T18:21:00.794+0000] {logging_mixin.py:190} INFO - [2024-10-10T18:21:00.794+0000] {dag.py:3229} INFO - Sync 1 DAGs
[2024-10-10T18:21:00.802+0000] {logging_mixin.py:190} INFO - [2024-10-10T18:21:00.802+0000] {dag.py:4156} INFO - Setting next_dagrun for 01_unscheduled to None, run_after=None
[2024-10-10T18:21:00.810+0000] {processor.py:208} INFO - Processing /opt/airflow/dags/website_events.py took 0.046 seconds
[2024-10-10T18:38:26.073+0000] {processor.py:186} INFO - Started process (PID=41161) to work on /opt/airflow/dags/website_events.py
[2024-10-10T18:38:26.074+0000] {processor.py:914} INFO - Processing file /opt/airflow/dags/website_events.py for tasks to queue
[2024-10-10T18:38:26.075+0000] {logging_mixin.py:190} INFO - [2024-10-10T18:38:26.075+0000] {dagbag.py:587} INFO - Filling up the DagBag from /opt/airflow/dags/website_events.py
[2024-10-10T18:38:26.080+0000] {processor.py:925} INFO - DAG(s) '01_unscheduled' retrieved from /opt/airflow/dags/website_events.py
[2024-10-10T18:38:26.091+0000] {logging_mixin.py:190} INFO - [2024-10-10T18:38:26.091+0000] {dag.py:3229} INFO - Sync 1 DAGs
[2024-10-10T18:38:26.097+0000] {logging_mixin.py:190} INFO - [2024-10-10T18:38:26.097+0000] {dag.py:4156} INFO - Setting next_dagrun for 01_unscheduled to None, run_after=None
[2024-10-10T18:38:26.109+0000] {processor.py:208} INFO - Processing /opt/airflow/dags/website_events.py took 0.039 seconds
[2024-10-10T19:39:10.931+0000] {processor.py:186} INFO - Started process (PID=41232) to work on /opt/airflow/dags/website_events.py
[2024-10-10T19:39:10.932+0000] {processor.py:914} INFO - Processing file /opt/airflow/dags/website_events.py for tasks to queue
[2024-10-10T19:39:10.932+0000] {logging_mixin.py:190} INFO - [2024-10-10T19:39:10.932+0000] {dagbag.py:587} INFO - Filling up the DagBag from /opt/airflow/dags/website_events.py
[2024-10-10T19:39:10.938+0000] {processor.py:925} INFO - DAG(s) '01_unscheduled' retrieved from /opt/airflow/dags/website_events.py
[2024-10-10T19:39:10.952+0000] {logging_mixin.py:190} INFO - [2024-10-10T19:39:10.951+0000] {dag.py:3229} INFO - Sync 1 DAGs
[2024-10-10T19:39:10.958+0000] {logging_mixin.py:190} INFO - [2024-10-10T19:39:10.958+0000] {dag.py:4156} INFO - Setting next_dagrun for 01_unscheduled to None, run_after=None
[2024-10-10T19:39:10.966+0000] {processor.py:208} INFO - Processing /opt/airflow/dags/website_events.py took 0.039 seconds
[2024-10-10T20:23:14.601+0000] {processor.py:186} INFO - Started process (PID=41303) to work on /opt/airflow/dags/website_events.py
[2024-10-10T20:23:14.602+0000] {processor.py:914} INFO - Processing file /opt/airflow/dags/website_events.py for tasks to queue
[2024-10-10T20:23:14.603+0000] {logging_mixin.py:190} INFO - [2024-10-10T20:23:14.603+0000] {dagbag.py:587} INFO - Filling up the DagBag from /opt/airflow/dags/website_events.py
[2024-10-10T20:23:14.610+0000] {processor.py:925} INFO - DAG(s) '01_unscheduled' retrieved from /opt/airflow/dags/website_events.py
[2024-10-10T20:23:14.629+0000] {logging_mixin.py:190} INFO - [2024-10-10T20:23:14.629+0000] {dag.py:3229} INFO - Sync 1 DAGs
[2024-10-10T20:23:14.636+0000] {logging_mixin.py:190} INFO - [2024-10-10T20:23:14.636+0000] {dag.py:4156} INFO - Setting next_dagrun for 01_unscheduled to None, run_after=None
[2024-10-10T20:23:14.645+0000] {processor.py:208} INFO - Processing /opt/airflow/dags/website_events.py took 0.047 seconds
[2024-10-10T20:54:19.853+0000] {processor.py:186} INFO - Started process (PID=41374) to work on /opt/airflow/dags/website_events.py
[2024-10-10T20:54:19.854+0000] {processor.py:914} INFO - Processing file /opt/airflow/dags/website_events.py for tasks to queue
[2024-10-10T20:54:19.854+0000] {logging_mixin.py:190} INFO - [2024-10-10T20:54:19.854+0000] {dagbag.py:587} INFO - Filling up the DagBag from /opt/airflow/dags/website_events.py
[2024-10-10T20:54:19.858+0000] {processor.py:925} INFO - DAG(s) '01_unscheduled' retrieved from /opt/airflow/dags/website_events.py
[2024-10-10T20:54:19.867+0000] {logging_mixin.py:190} INFO - [2024-10-10T20:54:19.867+0000] {dag.py:3229} INFO - Sync 1 DAGs
[2024-10-10T20:54:19.875+0000] {logging_mixin.py:190} INFO - [2024-10-10T20:54:19.875+0000] {dag.py:4156} INFO - Setting next_dagrun for 01_unscheduled to None, run_after=None
[2024-10-10T20:54:19.884+0000] {processor.py:208} INFO - Processing /opt/airflow/dags/website_events.py took 0.034 seconds
[2024-10-10T21:24:07.670+0000] {processor.py:186} INFO - Started process (PID=41445) to work on /opt/airflow/dags/website_events.py
[2024-10-10T21:24:07.671+0000] {processor.py:914} INFO - Processing file /opt/airflow/dags/website_events.py for tasks to queue
[2024-10-10T21:24:07.671+0000] {logging_mixin.py:190} INFO - [2024-10-10T21:24:07.671+0000] {dagbag.py:587} INFO - Filling up the DagBag from /opt/airflow/dags/website_events.py
[2024-10-10T21:24:07.676+0000] {processor.py:925} INFO - DAG(s) '01_unscheduled' retrieved from /opt/airflow/dags/website_events.py
[2024-10-10T21:24:07.690+0000] {logging_mixin.py:190} INFO - [2024-10-10T21:24:07.690+0000] {dag.py:3229} INFO - Sync 1 DAGs
[2024-10-10T21:24:07.697+0000] {logging_mixin.py:190} INFO - [2024-10-10T21:24:07.697+0000] {dag.py:4156} INFO - Setting next_dagrun for 01_unscheduled to None, run_after=None
[2024-10-10T21:24:07.706+0000] {processor.py:208} INFO - Processing /opt/airflow/dags/website_events.py took 0.040 seconds
[2024-10-10T21:24:38.503+0000] {processor.py:186} INFO - Started process (PID=41516) to work on /opt/airflow/dags/website_events.py
[2024-10-10T21:24:38.505+0000] {processor.py:914} INFO - Processing file /opt/airflow/dags/website_events.py for tasks to queue
[2024-10-10T21:24:38.506+0000] {logging_mixin.py:190} INFO - [2024-10-10T21:24:38.506+0000] {dagbag.py:587} INFO - Filling up the DagBag from /opt/airflow/dags/website_events.py
[2024-10-10T21:24:38.515+0000] {processor.py:925} INFO - DAG(s) '01_unscheduled' retrieved from /opt/airflow/dags/website_events.py
[2024-10-10T21:24:38.536+0000] {logging_mixin.py:190} INFO - [2024-10-10T21:24:38.536+0000] {dag.py:3229} INFO - Sync 1 DAGs
[2024-10-10T21:24:38.546+0000] {logging_mixin.py:190} INFO - [2024-10-10T21:24:38.546+0000] {dag.py:4156} INFO - Setting next_dagrun for 01_unscheduled to None, run_after=None
[2024-10-10T21:24:38.557+0000] {processor.py:208} INFO - Processing /opt/airflow/dags/website_events.py took 0.058 seconds
[2024-10-10T21:43:34.405+0000] {processor.py:186} INFO - Started process (PID=41587) to work on /opt/airflow/dags/website_events.py
[2024-10-10T21:43:34.409+0000] {processor.py:914} INFO - Processing file /opt/airflow/dags/website_events.py for tasks to queue
[2024-10-10T21:43:34.410+0000] {logging_mixin.py:190} INFO - [2024-10-10T21:43:34.410+0000] {dagbag.py:587} INFO - Filling up the DagBag from /opt/airflow/dags/website_events.py
[2024-10-10T21:43:34.419+0000] {processor.py:925} INFO - DAG(s) '01_unscheduled' retrieved from /opt/airflow/dags/website_events.py
[2024-10-10T21:43:34.441+0000] {logging_mixin.py:190} INFO - [2024-10-10T21:43:34.441+0000] {dag.py:3229} INFO - Sync 1 DAGs
[2024-10-10T21:43:34.448+0000] {logging_mixin.py:190} INFO - [2024-10-10T21:43:34.448+0000] {dag.py:4156} INFO - Setting next_dagrun for 01_unscheduled to None, run_after=None
[2024-10-10T21:43:34.459+0000] {processor.py:208} INFO - Processing /opt/airflow/dags/website_events.py took 0.061 seconds
[2024-10-10T22:17:47.355+0000] {processor.py:186} INFO - Started process (PID=41658) to work on /opt/airflow/dags/website_events.py
[2024-10-10T22:17:47.356+0000] {processor.py:914} INFO - Processing file /opt/airflow/dags/website_events.py for tasks to queue
[2024-10-10T22:17:47.357+0000] {logging_mixin.py:190} INFO - [2024-10-10T22:17:47.356+0000] {dagbag.py:587} INFO - Filling up the DagBag from /opt/airflow/dags/website_events.py
[2024-10-10T22:17:47.363+0000] {processor.py:925} INFO - DAG(s) '01_unscheduled' retrieved from /opt/airflow/dags/website_events.py
[2024-10-10T22:17:47.382+0000] {logging_mixin.py:190} INFO - [2024-10-10T22:17:47.382+0000] {dag.py:3229} INFO - Sync 1 DAGs
[2024-10-10T22:17:47.434+0000] {logging_mixin.py:190} INFO - [2024-10-10T22:17:47.434+0000] {dag.py:4156} INFO - Setting next_dagrun for 01_unscheduled to None, run_after=None
[2024-10-10T22:17:47.443+0000] {processor.py:208} INFO - Processing /opt/airflow/dags/website_events.py took 0.092 seconds
[2024-10-10T22:46:08.086+0000] {processor.py:186} INFO - Started process (PID=41729) to work on /opt/airflow/dags/website_events.py
[2024-10-10T22:46:08.087+0000] {processor.py:914} INFO - Processing file /opt/airflow/dags/website_events.py for tasks to queue
[2024-10-10T22:46:08.088+0000] {logging_mixin.py:190} INFO - [2024-10-10T22:46:08.088+0000] {dagbag.py:587} INFO - Filling up the DagBag from /opt/airflow/dags/website_events.py
[2024-10-10T22:46:08.099+0000] {processor.py:925} INFO - DAG(s) '01_unscheduled' retrieved from /opt/airflow/dags/website_events.py
[2024-10-10T22:46:08.112+0000] {logging_mixin.py:190} INFO - [2024-10-10T22:46:08.111+0000] {dag.py:3229} INFO - Sync 1 DAGs
[2024-10-10T22:46:08.122+0000] {logging_mixin.py:190} INFO - [2024-10-10T22:46:08.122+0000] {dag.py:4156} INFO - Setting next_dagrun for 01_unscheduled to None, run_after=None
[2024-10-10T22:46:08.129+0000] {processor.py:208} INFO - Processing /opt/airflow/dags/website_events.py took 0.046 seconds
[2024-10-10T23:26:18.569+0000] {processor.py:186} INFO - Started process (PID=41800) to work on /opt/airflow/dags/website_events.py
[2024-10-10T23:26:18.572+0000] {processor.py:914} INFO - Processing file /opt/airflow/dags/website_events.py for tasks to queue
[2024-10-10T23:26:18.573+0000] {logging_mixin.py:190} INFO - [2024-10-10T23:26:18.573+0000] {dagbag.py:587} INFO - Filling up the DagBag from /opt/airflow/dags/website_events.py
[2024-10-10T23:26:18.581+0000] {processor.py:925} INFO - DAG(s) '01_unscheduled' retrieved from /opt/airflow/dags/website_events.py
[2024-10-10T23:26:18.599+0000] {logging_mixin.py:190} INFO - [2024-10-10T23:26:18.598+0000] {dag.py:3229} INFO - Sync 1 DAGs
[2024-10-10T23:26:18.606+0000] {logging_mixin.py:190} INFO - [2024-10-10T23:26:18.606+0000] {dag.py:4156} INFO - Setting next_dagrun for 01_unscheduled to None, run_after=None
[2024-10-10T23:26:18.618+0000] {processor.py:208} INFO - Processing /opt/airflow/dags/website_events.py took 0.059 seconds
