[2024-10-10T00:11:40.289+0000] {processor.py:186} INFO - Started process (PID=38819) to work on /opt/airflow/dags/wiki_project.py
[2024-10-10T00:11:40.290+0000] {processor.py:914} INFO - Processing file /opt/airflow/dags/wiki_project.py for tasks to queue
[2024-10-10T00:11:40.292+0000] {logging_mixin.py:190} INFO - [2024-10-10T00:11:40.291+0000] {dagbag.py:587} INFO - Filling up the DagBag from /opt/airflow/dags/wiki_project.py
[2024-10-10T00:11:40.309+0000] {processor.py:925} INFO - DAG(s) 'wiki_project' retrieved from /opt/airflow/dags/wiki_project.py
[2024-10-10T00:11:40.376+0000] {logging_mixin.py:190} INFO - [2024-10-10T00:11:40.376+0000] {dag.py:3229} INFO - Sync 1 DAGs
[2024-10-10T00:11:40.398+0000] {logging_mixin.py:190} INFO - [2024-10-10T00:11:40.398+0000] {dag.py:4156} INFO - Setting next_dagrun for wiki_project to 2024-10-07 00:00:00+00:00, run_after=2024-10-07 01:00:00+00:00
[2024-10-10T00:11:40.407+0000] {processor.py:208} INFO - Processing /opt/airflow/dags/wiki_project.py took 0.129 seconds
[2024-10-10T01:18:07.100+0000] {processor.py:186} INFO - Started process (PID=38890) to work on /opt/airflow/dags/wiki_project.py
[2024-10-10T01:18:07.101+0000] {processor.py:914} INFO - Processing file /opt/airflow/dags/wiki_project.py for tasks to queue
[2024-10-10T01:18:07.102+0000] {logging_mixin.py:190} INFO - [2024-10-10T01:18:07.102+0000] {dagbag.py:587} INFO - Filling up the DagBag from /opt/airflow/dags/wiki_project.py
[2024-10-10T01:18:07.122+0000] {processor.py:925} INFO - DAG(s) 'wiki_project' retrieved from /opt/airflow/dags/wiki_project.py
[2024-10-10T01:18:07.142+0000] {logging_mixin.py:190} INFO - [2024-10-10T01:18:07.142+0000] {dag.py:3229} INFO - Sync 1 DAGs
[2024-10-10T01:18:07.157+0000] {logging_mixin.py:190} INFO - [2024-10-10T01:18:07.157+0000] {dag.py:4156} INFO - Setting next_dagrun for wiki_project to 2024-10-07 00:00:00+00:00, run_after=2024-10-07 01:00:00+00:00
[2024-10-10T01:18:07.173+0000] {processor.py:208} INFO - Processing /opt/airflow/dags/wiki_project.py took 0.076 seconds
[2024-10-10T01:52:16.984+0000] {processor.py:186} INFO - Started process (PID=38961) to work on /opt/airflow/dags/wiki_project.py
[2024-10-10T01:52:16.986+0000] {processor.py:914} INFO - Processing file /opt/airflow/dags/wiki_project.py for tasks to queue
[2024-10-10T01:52:16.987+0000] {logging_mixin.py:190} INFO - [2024-10-10T01:52:16.986+0000] {dagbag.py:587} INFO - Filling up the DagBag from /opt/airflow/dags/wiki_project.py
[2024-10-10T01:52:16.999+0000] {processor.py:925} INFO - DAG(s) 'wiki_project' retrieved from /opt/airflow/dags/wiki_project.py
[2024-10-10T01:52:17.014+0000] {logging_mixin.py:190} INFO - [2024-10-10T01:52:17.014+0000] {dag.py:3229} INFO - Sync 1 DAGs
[2024-10-10T01:52:17.031+0000] {logging_mixin.py:190} INFO - [2024-10-10T01:52:17.031+0000] {dag.py:4156} INFO - Setting next_dagrun for wiki_project to 2024-10-07 00:00:00+00:00, run_after=2024-10-07 01:00:00+00:00
[2024-10-10T01:52:17.045+0000] {processor.py:208} INFO - Processing /opt/airflow/dags/wiki_project.py took 0.067 seconds
[2024-10-10T02:19:09.294+0000] {processor.py:186} INFO - Started process (PID=39032) to work on /opt/airflow/dags/wiki_project.py
[2024-10-10T02:19:09.296+0000] {processor.py:914} INFO - Processing file /opt/airflow/dags/wiki_project.py for tasks to queue
[2024-10-10T02:19:09.296+0000] {logging_mixin.py:190} INFO - [2024-10-10T02:19:09.296+0000] {dagbag.py:587} INFO - Filling up the DagBag from /opt/airflow/dags/wiki_project.py
[2024-10-10T02:19:09.305+0000] {processor.py:925} INFO - DAG(s) 'wiki_project' retrieved from /opt/airflow/dags/wiki_project.py
[2024-10-10T02:19:09.319+0000] {logging_mixin.py:190} INFO - [2024-10-10T02:19:09.319+0000] {dag.py:3229} INFO - Sync 1 DAGs
[2024-10-10T02:19:09.342+0000] {logging_mixin.py:190} INFO - [2024-10-10T02:19:09.341+0000] {dag.py:4156} INFO - Setting next_dagrun for wiki_project to 2024-10-07 00:00:00+00:00, run_after=2024-10-07 01:00:00+00:00
[2024-10-10T02:19:09.351+0000] {processor.py:208} INFO - Processing /opt/airflow/dags/wiki_project.py took 0.061 seconds
[2024-10-10T03:09:34.429+0000] {processor.py:186} INFO - Started process (PID=39103) to work on /opt/airflow/dags/wiki_project.py
[2024-10-10T03:09:34.430+0000] {processor.py:914} INFO - Processing file /opt/airflow/dags/wiki_project.py for tasks to queue
[2024-10-10T03:09:34.431+0000] {logging_mixin.py:190} INFO - [2024-10-10T03:09:34.431+0000] {dagbag.py:587} INFO - Filling up the DagBag from /opt/airflow/dags/wiki_project.py
[2024-10-10T03:09:34.448+0000] {processor.py:925} INFO - DAG(s) 'wiki_project' retrieved from /opt/airflow/dags/wiki_project.py
[2024-10-10T03:09:34.459+0000] {logging_mixin.py:190} INFO - [2024-10-10T03:09:34.458+0000] {dag.py:3229} INFO - Sync 1 DAGs
[2024-10-10T03:09:34.471+0000] {logging_mixin.py:190} INFO - [2024-10-10T03:09:34.471+0000] {dag.py:4156} INFO - Setting next_dagrun for wiki_project to 2024-10-07 00:00:00+00:00, run_after=2024-10-07 01:00:00+00:00
[2024-10-10T03:09:34.481+0000] {processor.py:208} INFO - Processing /opt/airflow/dags/wiki_project.py took 0.056 seconds
[2024-10-10T03:56:57.036+0000] {processor.py:186} INFO - Started process (PID=39173) to work on /opt/airflow/dags/wiki_project.py
[2024-10-10T03:56:57.037+0000] {processor.py:914} INFO - Processing file /opt/airflow/dags/wiki_project.py for tasks to queue
[2024-10-10T03:56:57.038+0000] {logging_mixin.py:190} INFO - [2024-10-10T03:56:57.038+0000] {dagbag.py:587} INFO - Filling up the DagBag from /opt/airflow/dags/wiki_project.py
[2024-10-10T03:56:57.052+0000] {processor.py:925} INFO - DAG(s) 'wiki_project' retrieved from /opt/airflow/dags/wiki_project.py
[2024-10-10T03:56:57.072+0000] {logging_mixin.py:190} INFO - [2024-10-10T03:56:57.072+0000] {dag.py:3229} INFO - Sync 1 DAGs
[2024-10-10T03:56:57.093+0000] {logging_mixin.py:190} INFO - [2024-10-10T03:56:57.093+0000] {dag.py:4156} INFO - Setting next_dagrun for wiki_project to 2024-10-07 00:00:00+00:00, run_after=2024-10-07 01:00:00+00:00
[2024-10-10T03:56:57.107+0000] {processor.py:208} INFO - Processing /opt/airflow/dags/wiki_project.py took 0.074 seconds
[2024-10-10T04:21:11.484+0000] {processor.py:186} INFO - Started process (PID=39243) to work on /opt/airflow/dags/wiki_project.py
[2024-10-10T04:21:11.487+0000] {processor.py:914} INFO - Processing file /opt/airflow/dags/wiki_project.py for tasks to queue
[2024-10-10T04:21:11.488+0000] {logging_mixin.py:190} INFO - [2024-10-10T04:21:11.488+0000] {dagbag.py:587} INFO - Filling up the DagBag from /opt/airflow/dags/wiki_project.py
[2024-10-10T04:21:11.496+0000] {processor.py:925} INFO - DAG(s) 'wiki_project' retrieved from /opt/airflow/dags/wiki_project.py
[2024-10-10T04:21:11.513+0000] {logging_mixin.py:190} INFO - [2024-10-10T04:21:11.513+0000] {dag.py:3229} INFO - Sync 1 DAGs
[2024-10-10T04:21:11.530+0000] {logging_mixin.py:190} INFO - [2024-10-10T04:21:11.530+0000] {dag.py:4156} INFO - Setting next_dagrun for wiki_project to 2024-10-07 00:00:00+00:00, run_after=2024-10-07 01:00:00+00:00
[2024-10-10T04:21:11.539+0000] {processor.py:208} INFO - Processing /opt/airflow/dags/wiki_project.py took 0.058 seconds
[2024-10-10T05:14:22.777+0000] {processor.py:186} INFO - Started process (PID=39314) to work on /opt/airflow/dags/wiki_project.py
[2024-10-10T05:14:22.778+0000] {processor.py:914} INFO - Processing file /opt/airflow/dags/wiki_project.py for tasks to queue
[2024-10-10T05:14:22.779+0000] {logging_mixin.py:190} INFO - [2024-10-10T05:14:22.779+0000] {dagbag.py:587} INFO - Filling up the DagBag from /opt/airflow/dags/wiki_project.py
[2024-10-10T05:14:22.814+0000] {processor.py:925} INFO - DAG(s) 'wiki_project' retrieved from /opt/airflow/dags/wiki_project.py
[2024-10-10T05:14:22.861+0000] {logging_mixin.py:190} INFO - [2024-10-10T05:14:22.860+0000] {dag.py:3229} INFO - Sync 1 DAGs
[2024-10-10T05:14:22.940+0000] {logging_mixin.py:190} INFO - [2024-10-10T05:14:22.940+0000] {dag.py:4156} INFO - Setting next_dagrun for wiki_project to 2024-10-07 00:00:00+00:00, run_after=2024-10-07 01:00:00+00:00
[2024-10-10T05:14:22.961+0000] {processor.py:208} INFO - Processing /opt/airflow/dags/wiki_project.py took 0.191 seconds
[2024-10-10T05:47:20.519+0000] {processor.py:186} INFO - Started process (PID=39385) to work on /opt/airflow/dags/wiki_project.py
[2024-10-10T05:47:20.522+0000] {processor.py:914} INFO - Processing file /opt/airflow/dags/wiki_project.py for tasks to queue
[2024-10-10T05:47:20.523+0000] {logging_mixin.py:190} INFO - [2024-10-10T05:47:20.523+0000] {dagbag.py:587} INFO - Filling up the DagBag from /opt/airflow/dags/wiki_project.py
[2024-10-10T05:47:20.532+0000] {processor.py:925} INFO - DAG(s) 'wiki_project' retrieved from /opt/airflow/dags/wiki_project.py
[2024-10-10T05:47:20.548+0000] {logging_mixin.py:190} INFO - [2024-10-10T05:47:20.548+0000] {dag.py:3229} INFO - Sync 1 DAGs
[2024-10-10T05:47:20.619+0000] {logging_mixin.py:190} INFO - [2024-10-10T05:47:20.619+0000] {dag.py:4156} INFO - Setting next_dagrun for wiki_project to 2024-10-07 00:00:00+00:00, run_after=2024-10-07 01:00:00+00:00
[2024-10-10T05:47:20.632+0000] {processor.py:208} INFO - Processing /opt/airflow/dags/wiki_project.py took 0.119 seconds
[2024-10-10T06:39:41.480+0000] {processor.py:186} INFO - Started process (PID=39456) to work on /opt/airflow/dags/wiki_project.py
[2024-10-10T06:39:41.481+0000] {processor.py:914} INFO - Processing file /opt/airflow/dags/wiki_project.py for tasks to queue
[2024-10-10T06:39:41.481+0000] {logging_mixin.py:190} INFO - [2024-10-10T06:39:41.481+0000] {dagbag.py:587} INFO - Filling up the DagBag from /opt/airflow/dags/wiki_project.py
[2024-10-10T06:39:41.491+0000] {processor.py:925} INFO - DAG(s) 'wiki_project' retrieved from /opt/airflow/dags/wiki_project.py
[2024-10-10T06:39:41.504+0000] {logging_mixin.py:190} INFO - [2024-10-10T06:39:41.504+0000] {dag.py:3229} INFO - Sync 1 DAGs
[2024-10-10T06:39:41.522+0000] {logging_mixin.py:190} INFO - [2024-10-10T06:39:41.522+0000] {dag.py:4156} INFO - Setting next_dagrun for wiki_project to 2024-10-07 00:00:00+00:00, run_after=2024-10-07 01:00:00+00:00
[2024-10-10T06:39:41.535+0000] {processor.py:208} INFO - Processing /opt/airflow/dags/wiki_project.py took 0.058 seconds
[2024-10-10T07:11:23.954+0000] {processor.py:186} INFO - Started process (PID=39527) to work on /opt/airflow/dags/wiki_project.py
[2024-10-10T07:11:23.955+0000] {processor.py:914} INFO - Processing file /opt/airflow/dags/wiki_project.py for tasks to queue
[2024-10-10T07:11:23.956+0000] {logging_mixin.py:190} INFO - [2024-10-10T07:11:23.956+0000] {dagbag.py:587} INFO - Filling up the DagBag from /opt/airflow/dags/wiki_project.py
[2024-10-10T07:11:23.970+0000] {processor.py:925} INFO - DAG(s) 'wiki_project' retrieved from /opt/airflow/dags/wiki_project.py
[2024-10-10T07:11:23.982+0000] {logging_mixin.py:190} INFO - [2024-10-10T07:11:23.982+0000] {dag.py:3229} INFO - Sync 1 DAGs
[2024-10-10T07:11:24.000+0000] {logging_mixin.py:190} INFO - [2024-10-10T07:11:24.000+0000] {dag.py:4156} INFO - Setting next_dagrun for wiki_project to 2024-10-07 00:00:00+00:00, run_after=2024-10-07 01:00:00+00:00
[2024-10-10T07:11:24.013+0000] {processor.py:208} INFO - Processing /opt/airflow/dags/wiki_project.py took 0.062 seconds
[2024-10-10T07:39:18.226+0000] {processor.py:186} INFO - Started process (PID=39598) to work on /opt/airflow/dags/wiki_project.py
[2024-10-10T07:39:18.227+0000] {processor.py:914} INFO - Processing file /opt/airflow/dags/wiki_project.py for tasks to queue
[2024-10-10T07:39:18.228+0000] {logging_mixin.py:190} INFO - [2024-10-10T07:39:18.227+0000] {dagbag.py:587} INFO - Filling up the DagBag from /opt/airflow/dags/wiki_project.py
[2024-10-10T07:39:18.241+0000] {processor.py:925} INFO - DAG(s) 'wiki_project' retrieved from /opt/airflow/dags/wiki_project.py
[2024-10-10T07:39:18.255+0000] {logging_mixin.py:190} INFO - [2024-10-10T07:39:18.254+0000] {dag.py:3229} INFO - Sync 1 DAGs
[2024-10-10T07:39:18.269+0000] {logging_mixin.py:190} INFO - [2024-10-10T07:39:18.269+0000] {dag.py:4156} INFO - Setting next_dagrun for wiki_project to 2024-10-07 00:00:00+00:00, run_after=2024-10-07 01:00:00+00:00
[2024-10-10T07:39:18.286+0000] {processor.py:208} INFO - Processing /opt/airflow/dags/wiki_project.py took 0.063 seconds
[2024-10-10T08:02:58.720+0000] {processor.py:186} INFO - Started process (PID=39669) to work on /opt/airflow/dags/wiki_project.py
[2024-10-10T08:02:58.722+0000] {processor.py:914} INFO - Processing file /opt/airflow/dags/wiki_project.py for tasks to queue
[2024-10-10T08:02:58.723+0000] {logging_mixin.py:190} INFO - [2024-10-10T08:02:58.722+0000] {dagbag.py:587} INFO - Filling up the DagBag from /opt/airflow/dags/wiki_project.py
[2024-10-10T08:02:58.737+0000] {processor.py:925} INFO - DAG(s) 'wiki_project' retrieved from /opt/airflow/dags/wiki_project.py
[2024-10-10T08:02:58.761+0000] {logging_mixin.py:190} INFO - [2024-10-10T08:02:58.761+0000] {dag.py:3229} INFO - Sync 1 DAGs
[2024-10-10T08:02:58.777+0000] {logging_mixin.py:190} INFO - [2024-10-10T08:02:58.777+0000] {dag.py:4156} INFO - Setting next_dagrun for wiki_project to 2024-10-07 00:00:00+00:00, run_after=2024-10-07 01:00:00+00:00
[2024-10-10T08:02:58.785+0000] {processor.py:208} INFO - Processing /opt/airflow/dags/wiki_project.py took 0.070 seconds
[2024-10-10T08:12:04.826+0000] {processor.py:186} INFO - Started process (PID=39740) to work on /opt/airflow/dags/wiki_project.py
[2024-10-10T08:12:04.828+0000] {processor.py:914} INFO - Processing file /opt/airflow/dags/wiki_project.py for tasks to queue
[2024-10-10T08:12:04.829+0000] {logging_mixin.py:190} INFO - [2024-10-10T08:12:04.829+0000] {dagbag.py:587} INFO - Filling up the DagBag from /opt/airflow/dags/wiki_project.py
[2024-10-10T08:12:04.837+0000] {processor.py:925} INFO - DAG(s) 'wiki_project' retrieved from /opt/airflow/dags/wiki_project.py
[2024-10-10T08:12:04.861+0000] {logging_mixin.py:190} INFO - [2024-10-10T08:12:04.861+0000] {dag.py:3229} INFO - Sync 1 DAGs
[2024-10-10T08:12:04.876+0000] {logging_mixin.py:190} INFO - [2024-10-10T08:12:04.876+0000] {dag.py:4156} INFO - Setting next_dagrun for wiki_project to 2024-10-07 00:00:00+00:00, run_after=2024-10-07 01:00:00+00:00
[2024-10-10T08:12:04.890+0000] {processor.py:208} INFO - Processing /opt/airflow/dags/wiki_project.py took 0.067 seconds
[2024-10-10T08:24:33.010+0000] {processor.py:186} INFO - Started process (PID=39810) to work on /opt/airflow/dags/wiki_project.py
[2024-10-10T08:24:33.011+0000] {processor.py:914} INFO - Processing file /opt/airflow/dags/wiki_project.py for tasks to queue
[2024-10-10T08:24:33.012+0000] {logging_mixin.py:190} INFO - [2024-10-10T08:24:33.011+0000] {dagbag.py:587} INFO - Filling up the DagBag from /opt/airflow/dags/wiki_project.py
[2024-10-10T08:24:33.026+0000] {processor.py:925} INFO - DAG(s) 'wiki_project' retrieved from /opt/airflow/dags/wiki_project.py
[2024-10-10T08:24:33.036+0000] {logging_mixin.py:190} INFO - [2024-10-10T08:24:33.036+0000] {dag.py:3229} INFO - Sync 1 DAGs
[2024-10-10T08:24:33.053+0000] {logging_mixin.py:190} INFO - [2024-10-10T08:24:33.053+0000] {dag.py:4156} INFO - Setting next_dagrun for wiki_project to 2024-10-07 00:00:00+00:00, run_after=2024-10-07 01:00:00+00:00
[2024-10-10T08:24:33.070+0000] {processor.py:208} INFO - Processing /opt/airflow/dags/wiki_project.py took 0.064 seconds
[2024-10-10T08:25:03.779+0000] {processor.py:186} INFO - Started process (PID=39882) to work on /opt/airflow/dags/wiki_project.py
[2024-10-10T08:25:03.781+0000] {processor.py:914} INFO - Processing file /opt/airflow/dags/wiki_project.py for tasks to queue
[2024-10-10T08:25:03.782+0000] {logging_mixin.py:190} INFO - [2024-10-10T08:25:03.782+0000] {dagbag.py:587} INFO - Filling up the DagBag from /opt/airflow/dags/wiki_project.py
[2024-10-10T08:25:03.793+0000] {processor.py:925} INFO - DAG(s) 'wiki_project' retrieved from /opt/airflow/dags/wiki_project.py
[2024-10-10T08:25:03.803+0000] {logging_mixin.py:190} INFO - [2024-10-10T08:25:03.803+0000] {dag.py:3229} INFO - Sync 1 DAGs
[2024-10-10T08:25:03.817+0000] {logging_mixin.py:190} INFO - [2024-10-10T08:25:03.817+0000] {dag.py:4156} INFO - Setting next_dagrun for wiki_project to 2024-10-07 00:00:00+00:00, run_after=2024-10-07 01:00:00+00:00
[2024-10-10T08:25:03.829+0000] {processor.py:208} INFO - Processing /opt/airflow/dags/wiki_project.py took 0.054 seconds
[2024-10-10T09:14:57.405+0000] {processor.py:186} INFO - Started process (PID=39953) to work on /opt/airflow/dags/wiki_project.py
[2024-10-10T09:14:57.407+0000] {processor.py:914} INFO - Processing file /opt/airflow/dags/wiki_project.py for tasks to queue
[2024-10-10T09:14:57.408+0000] {logging_mixin.py:190} INFO - [2024-10-10T09:14:57.408+0000] {dagbag.py:587} INFO - Filling up the DagBag from /opt/airflow/dags/wiki_project.py
[2024-10-10T09:14:57.430+0000] {processor.py:925} INFO - DAG(s) 'wiki_project' retrieved from /opt/airflow/dags/wiki_project.py
[2024-10-10T09:14:57.440+0000] {logging_mixin.py:190} INFO - [2024-10-10T09:14:57.440+0000] {dag.py:3229} INFO - Sync 1 DAGs
[2024-10-10T09:14:57.457+0000] {logging_mixin.py:190} INFO - [2024-10-10T09:14:57.457+0000] {dag.py:4156} INFO - Setting next_dagrun for wiki_project to 2024-10-07 00:00:00+00:00, run_after=2024-10-07 01:00:00+00:00
[2024-10-10T09:14:57.470+0000] {processor.py:208} INFO - Processing /opt/airflow/dags/wiki_project.py took 0.069 seconds
[2024-10-10T10:21:17.765+0000] {processor.py:186} INFO - Started process (PID=40024) to work on /opt/airflow/dags/wiki_project.py
[2024-10-10T10:21:17.766+0000] {processor.py:914} INFO - Processing file /opt/airflow/dags/wiki_project.py for tasks to queue
[2024-10-10T10:21:17.767+0000] {logging_mixin.py:190} INFO - [2024-10-10T10:21:17.767+0000] {dagbag.py:587} INFO - Filling up the DagBag from /opt/airflow/dags/wiki_project.py
[2024-10-10T10:21:17.792+0000] {processor.py:925} INFO - DAG(s) 'wiki_project' retrieved from /opt/airflow/dags/wiki_project.py
[2024-10-10T10:21:17.810+0000] {logging_mixin.py:190} INFO - [2024-10-10T10:21:17.810+0000] {dag.py:3229} INFO - Sync 1 DAGs
[2024-10-10T10:21:17.823+0000] {logging_mixin.py:190} INFO - [2024-10-10T10:21:17.823+0000] {dag.py:4156} INFO - Setting next_dagrun for wiki_project to 2024-10-07 00:00:00+00:00, run_after=2024-10-07 01:00:00+00:00
[2024-10-10T10:21:17.851+0000] {processor.py:208} INFO - Processing /opt/airflow/dags/wiki_project.py took 0.091 seconds
[2024-10-10T10:44:14.732+0000] {processor.py:186} INFO - Started process (PID=40095) to work on /opt/airflow/dags/wiki_project.py
[2024-10-10T10:44:14.734+0000] {processor.py:914} INFO - Processing file /opt/airflow/dags/wiki_project.py for tasks to queue
[2024-10-10T10:44:14.734+0000] {logging_mixin.py:190} INFO - [2024-10-10T10:44:14.734+0000] {dagbag.py:587} INFO - Filling up the DagBag from /opt/airflow/dags/wiki_project.py
[2024-10-10T10:44:14.751+0000] {processor.py:925} INFO - DAG(s) 'wiki_project' retrieved from /opt/airflow/dags/wiki_project.py
[2024-10-10T10:44:14.761+0000] {logging_mixin.py:190} INFO - [2024-10-10T10:44:14.761+0000] {dag.py:3229} INFO - Sync 1 DAGs
[2024-10-10T10:44:14.785+0000] {logging_mixin.py:190} INFO - [2024-10-10T10:44:14.785+0000] {dag.py:4156} INFO - Setting next_dagrun for wiki_project to 2024-10-07 00:00:00+00:00, run_after=2024-10-07 01:00:00+00:00
[2024-10-10T10:44:14.798+0000] {processor.py:208} INFO - Processing /opt/airflow/dags/wiki_project.py took 0.070 seconds
[2024-10-10T11:15:57.136+0000] {processor.py:186} INFO - Started process (PID=40166) to work on /opt/airflow/dags/wiki_project.py
[2024-10-10T11:15:57.137+0000] {processor.py:914} INFO - Processing file /opt/airflow/dags/wiki_project.py for tasks to queue
[2024-10-10T11:15:57.138+0000] {logging_mixin.py:190} INFO - [2024-10-10T11:15:57.138+0000] {dagbag.py:587} INFO - Filling up the DagBag from /opt/airflow/dags/wiki_project.py
[2024-10-10T11:15:57.151+0000] {processor.py:925} INFO - DAG(s) 'wiki_project' retrieved from /opt/airflow/dags/wiki_project.py
[2024-10-10T11:15:57.174+0000] {logging_mixin.py:190} INFO - [2024-10-10T11:15:57.174+0000] {dag.py:3229} INFO - Sync 1 DAGs
[2024-10-10T11:15:57.186+0000] {logging_mixin.py:190} INFO - [2024-10-10T11:15:57.186+0000] {dag.py:4156} INFO - Setting next_dagrun for wiki_project to 2024-10-07 00:00:00+00:00, run_after=2024-10-07 01:00:00+00:00
[2024-10-10T11:15:57.195+0000] {processor.py:208} INFO - Processing /opt/airflow/dags/wiki_project.py took 0.062 seconds
[2024-10-10T11:16:27.932+0000] {processor.py:186} INFO - Started process (PID=40237) to work on /opt/airflow/dags/wiki_project.py
[2024-10-10T11:16:27.934+0000] {processor.py:914} INFO - Processing file /opt/airflow/dags/wiki_project.py for tasks to queue
[2024-10-10T11:16:27.935+0000] {logging_mixin.py:190} INFO - [2024-10-10T11:16:27.935+0000] {dagbag.py:587} INFO - Filling up the DagBag from /opt/airflow/dags/wiki_project.py
[2024-10-10T11:16:27.947+0000] {processor.py:925} INFO - DAG(s) 'wiki_project' retrieved from /opt/airflow/dags/wiki_project.py
[2024-10-10T11:16:27.958+0000] {logging_mixin.py:190} INFO - [2024-10-10T11:16:27.957+0000] {dag.py:3229} INFO - Sync 1 DAGs
[2024-10-10T11:16:27.968+0000] {logging_mixin.py:190} INFO - [2024-10-10T11:16:27.968+0000] {dag.py:4156} INFO - Setting next_dagrun for wiki_project to 2024-10-07 00:00:00+00:00, run_after=2024-10-07 01:00:00+00:00
[2024-10-10T11:16:27.979+0000] {processor.py:208} INFO - Processing /opt/airflow/dags/wiki_project.py took 0.050 seconds
[2024-10-10T12:21:21.561+0000] {processor.py:186} INFO - Started process (PID=40308) to work on /opt/airflow/dags/wiki_project.py
[2024-10-10T12:21:21.562+0000] {processor.py:914} INFO - Processing file /opt/airflow/dags/wiki_project.py for tasks to queue
[2024-10-10T12:21:21.563+0000] {logging_mixin.py:190} INFO - [2024-10-10T12:21:21.563+0000] {dagbag.py:587} INFO - Filling up the DagBag from /opt/airflow/dags/wiki_project.py
[2024-10-10T12:21:21.577+0000] {processor.py:925} INFO - DAG(s) 'wiki_project' retrieved from /opt/airflow/dags/wiki_project.py
[2024-10-10T12:21:21.598+0000] {logging_mixin.py:190} INFO - [2024-10-10T12:21:21.598+0000] {dag.py:3229} INFO - Sync 1 DAGs
[2024-10-10T12:21:21.611+0000] {logging_mixin.py:190} INFO - [2024-10-10T12:21:21.611+0000] {dag.py:4156} INFO - Setting next_dagrun for wiki_project to 2024-10-07 00:00:00+00:00, run_after=2024-10-07 01:00:00+00:00
[2024-10-10T12:21:21.620+0000] {processor.py:208} INFO - Processing /opt/airflow/dags/wiki_project.py took 0.062 seconds
[2024-10-10T12:50:51.608+0000] {processor.py:186} INFO - Started process (PID=40378) to work on /opt/airflow/dags/wiki_project.py
[2024-10-10T12:50:51.609+0000] {processor.py:914} INFO - Processing file /opt/airflow/dags/wiki_project.py for tasks to queue
[2024-10-10T12:50:51.611+0000] {logging_mixin.py:190} INFO - [2024-10-10T12:50:51.610+0000] {dagbag.py:587} INFO - Filling up the DagBag from /opt/airflow/dags/wiki_project.py
[2024-10-10T12:50:51.622+0000] {processor.py:925} INFO - DAG(s) 'wiki_project' retrieved from /opt/airflow/dags/wiki_project.py
[2024-10-10T12:50:51.634+0000] {logging_mixin.py:190} INFO - [2024-10-10T12:50:51.633+0000] {dag.py:3229} INFO - Sync 1 DAGs
[2024-10-10T12:50:51.647+0000] {logging_mixin.py:190} INFO - [2024-10-10T12:50:51.647+0000] {dag.py:4156} INFO - Setting next_dagrun for wiki_project to 2024-10-07 00:00:00+00:00, run_after=2024-10-07 01:00:00+00:00
[2024-10-10T12:50:51.669+0000] {processor.py:208} INFO - Processing /opt/airflow/dags/wiki_project.py took 0.065 seconds
[2024-10-10T13:08:18.328+0000] {processor.py:186} INFO - Started process (PID=40449) to work on /opt/airflow/dags/wiki_project.py
[2024-10-10T13:08:18.332+0000] {processor.py:914} INFO - Processing file /opt/airflow/dags/wiki_project.py for tasks to queue
[2024-10-10T13:08:18.333+0000] {logging_mixin.py:190} INFO - [2024-10-10T13:08:18.333+0000] {dagbag.py:587} INFO - Filling up the DagBag from /opt/airflow/dags/wiki_project.py
[2024-10-10T13:08:18.345+0000] {processor.py:925} INFO - DAG(s) 'wiki_project' retrieved from /opt/airflow/dags/wiki_project.py
[2024-10-10T13:08:18.358+0000] {logging_mixin.py:190} INFO - [2024-10-10T13:08:18.357+0000] {dag.py:3229} INFO - Sync 1 DAGs
[2024-10-10T13:08:18.369+0000] {logging_mixin.py:190} INFO - [2024-10-10T13:08:18.369+0000] {dag.py:4156} INFO - Setting next_dagrun for wiki_project to 2024-10-07 00:00:00+00:00, run_after=2024-10-07 01:00:00+00:00
[2024-10-10T13:08:18.380+0000] {processor.py:208} INFO - Processing /opt/airflow/dags/wiki_project.py took 0.058 seconds
[2024-10-10T13:51:02.467+0000] {processor.py:186} INFO - Started process (PID=40520) to work on /opt/airflow/dags/wiki_project.py
[2024-10-10T13:51:02.469+0000] {processor.py:914} INFO - Processing file /opt/airflow/dags/wiki_project.py for tasks to queue
[2024-10-10T13:51:02.471+0000] {logging_mixin.py:190} INFO - [2024-10-10T13:51:02.471+0000] {dagbag.py:587} INFO - Filling up the DagBag from /opt/airflow/dags/wiki_project.py
[2024-10-10T13:51:02.491+0000] {processor.py:925} INFO - DAG(s) 'wiki_project' retrieved from /opt/airflow/dags/wiki_project.py
[2024-10-10T13:51:02.519+0000] {logging_mixin.py:190} INFO - [2024-10-10T13:51:02.519+0000] {dag.py:3229} INFO - Sync 1 DAGs
[2024-10-10T13:51:02.542+0000] {logging_mixin.py:190} INFO - [2024-10-10T13:51:02.541+0000] {dag.py:4156} INFO - Setting next_dagrun for wiki_project to 2024-10-07 00:00:00+00:00, run_after=2024-10-07 01:00:00+00:00
[2024-10-10T13:51:02.554+0000] {processor.py:208} INFO - Processing /opt/airflow/dags/wiki_project.py took 0.094 seconds
[2024-10-10T14:18:16.635+0000] {processor.py:186} INFO - Started process (PID=40591) to work on /opt/airflow/dags/wiki_project.py
[2024-10-10T14:18:16.637+0000] {processor.py:914} INFO - Processing file /opt/airflow/dags/wiki_project.py for tasks to queue
[2024-10-10T14:18:16.637+0000] {logging_mixin.py:190} INFO - [2024-10-10T14:18:16.637+0000] {dagbag.py:587} INFO - Filling up the DagBag from /opt/airflow/dags/wiki_project.py
[2024-10-10T14:18:16.652+0000] {processor.py:925} INFO - DAG(s) 'wiki_project' retrieved from /opt/airflow/dags/wiki_project.py
[2024-10-10T14:18:16.664+0000] {logging_mixin.py:190} INFO - [2024-10-10T14:18:16.663+0000] {dag.py:3229} INFO - Sync 1 DAGs
[2024-10-10T14:18:16.679+0000] {logging_mixin.py:190} INFO - [2024-10-10T14:18:16.679+0000] {dag.py:4156} INFO - Setting next_dagrun for wiki_project to 2024-10-07 00:00:00+00:00, run_after=2024-10-07 01:00:00+00:00
[2024-10-10T14:18:16.690+0000] {processor.py:208} INFO - Processing /opt/airflow/dags/wiki_project.py took 0.061 seconds
[2024-10-10T14:50:15.979+0000] {processor.py:186} INFO - Started process (PID=40662) to work on /opt/airflow/dags/wiki_project.py
[2024-10-10T14:50:15.981+0000] {processor.py:914} INFO - Processing file /opt/airflow/dags/wiki_project.py for tasks to queue
[2024-10-10T14:50:15.982+0000] {logging_mixin.py:190} INFO - [2024-10-10T14:50:15.982+0000] {dagbag.py:587} INFO - Filling up the DagBag from /opt/airflow/dags/wiki_project.py
[2024-10-10T14:50:15.996+0000] {processor.py:925} INFO - DAG(s) 'wiki_project' retrieved from /opt/airflow/dags/wiki_project.py
[2024-10-10T14:50:16.015+0000] {logging_mixin.py:190} INFO - [2024-10-10T14:50:16.014+0000] {dag.py:3229} INFO - Sync 1 DAGs
[2024-10-10T14:50:16.027+0000] {logging_mixin.py:190} INFO - [2024-10-10T14:50:16.027+0000] {dag.py:4156} INFO - Setting next_dagrun for wiki_project to 2024-10-07 00:00:00+00:00, run_after=2024-10-07 01:00:00+00:00
[2024-10-10T14:50:16.037+0000] {processor.py:208} INFO - Processing /opt/airflow/dags/wiki_project.py took 0.064 seconds
[2024-10-10T15:19:01.336+0000] {processor.py:186} INFO - Started process (PID=40733) to work on /opt/airflow/dags/wiki_project.py
[2024-10-10T15:19:01.338+0000] {processor.py:914} INFO - Processing file /opt/airflow/dags/wiki_project.py for tasks to queue
[2024-10-10T15:19:01.339+0000] {logging_mixin.py:190} INFO - [2024-10-10T15:19:01.339+0000] {dagbag.py:587} INFO - Filling up the DagBag from /opt/airflow/dags/wiki_project.py
[2024-10-10T15:19:01.364+0000] {processor.py:925} INFO - DAG(s) 'wiki_project' retrieved from /opt/airflow/dags/wiki_project.py
[2024-10-10T15:19:01.378+0000] {logging_mixin.py:190} INFO - [2024-10-10T15:19:01.377+0000] {dag.py:3229} INFO - Sync 1 DAGs
[2024-10-10T15:19:01.392+0000] {logging_mixin.py:190} INFO - [2024-10-10T15:19:01.392+0000] {dag.py:4156} INFO - Setting next_dagrun for wiki_project to 2024-10-07 00:00:00+00:00, run_after=2024-10-07 01:00:00+00:00
[2024-10-10T15:19:01.400+0000] {processor.py:208} INFO - Processing /opt/airflow/dags/wiki_project.py took 0.068 seconds
[2024-10-10T15:50:08.315+0000] {processor.py:186} INFO - Started process (PID=40804) to work on /opt/airflow/dags/wiki_project.py
[2024-10-10T15:50:08.316+0000] {processor.py:914} INFO - Processing file /opt/airflow/dags/wiki_project.py for tasks to queue
[2024-10-10T15:50:08.317+0000] {logging_mixin.py:190} INFO - [2024-10-10T15:50:08.317+0000] {dagbag.py:587} INFO - Filling up the DagBag from /opt/airflow/dags/wiki_project.py
[2024-10-10T15:50:08.331+0000] {processor.py:925} INFO - DAG(s) 'wiki_project' retrieved from /opt/airflow/dags/wiki_project.py
[2024-10-10T15:50:08.343+0000] {logging_mixin.py:190} INFO - [2024-10-10T15:50:08.343+0000] {dag.py:3229} INFO - Sync 1 DAGs
[2024-10-10T15:50:08.355+0000] {logging_mixin.py:190} INFO - [2024-10-10T15:50:08.355+0000] {dag.py:4156} INFO - Setting next_dagrun for wiki_project to 2024-10-07 00:00:00+00:00, run_after=2024-10-07 01:00:00+00:00
[2024-10-10T15:50:08.362+0000] {processor.py:208} INFO - Processing /opt/airflow/dags/wiki_project.py took 0.050 seconds
[2024-10-10T16:36:36.608+0000] {processor.py:186} INFO - Started process (PID=40875) to work on /opt/airflow/dags/wiki_project.py
[2024-10-10T16:36:36.612+0000] {processor.py:914} INFO - Processing file /opt/airflow/dags/wiki_project.py for tasks to queue
[2024-10-10T16:36:36.612+0000] {logging_mixin.py:190} INFO - [2024-10-10T16:36:36.612+0000] {dagbag.py:587} INFO - Filling up the DagBag from /opt/airflow/dags/wiki_project.py
[2024-10-10T16:36:36.637+0000] {processor.py:925} INFO - DAG(s) 'wiki_project' retrieved from /opt/airflow/dags/wiki_project.py
[2024-10-10T16:36:36.651+0000] {logging_mixin.py:190} INFO - [2024-10-10T16:36:36.651+0000] {dag.py:3229} INFO - Sync 1 DAGs
[2024-10-10T16:36:36.664+0000] {logging_mixin.py:190} INFO - [2024-10-10T16:36:36.664+0000] {dag.py:4156} INFO - Setting next_dagrun for wiki_project to 2024-10-07 00:00:00+00:00, run_after=2024-10-07 01:00:00+00:00
[2024-10-10T16:36:36.687+0000] {processor.py:208} INFO - Processing /opt/airflow/dags/wiki_project.py took 0.082 seconds
[2024-10-10T16:45:45.006+0000] {processor.py:186} INFO - Started process (PID=40946) to work on /opt/airflow/dags/wiki_project.py
[2024-10-10T16:45:45.010+0000] {processor.py:914} INFO - Processing file /opt/airflow/dags/wiki_project.py for tasks to queue
[2024-10-10T16:45:45.013+0000] {logging_mixin.py:190} INFO - [2024-10-10T16:45:45.012+0000] {dagbag.py:587} INFO - Filling up the DagBag from /opt/airflow/dags/wiki_project.py
[2024-10-10T16:45:45.028+0000] {processor.py:925} INFO - DAG(s) 'wiki_project' retrieved from /opt/airflow/dags/wiki_project.py
[2024-10-10T16:45:45.043+0000] {logging_mixin.py:190} INFO - [2024-10-10T16:45:45.043+0000] {dag.py:3229} INFO - Sync 1 DAGs
[2024-10-10T16:45:45.056+0000] {logging_mixin.py:190} INFO - [2024-10-10T16:45:45.056+0000] {dag.py:4156} INFO - Setting next_dagrun for wiki_project to 2024-10-07 00:00:00+00:00, run_after=2024-10-07 01:00:00+00:00
[2024-10-10T16:45:45.067+0000] {processor.py:208} INFO - Processing /opt/airflow/dags/wiki_project.py took 0.067 seconds
[2024-10-10T17:20:00.551+0000] {processor.py:186} INFO - Started process (PID=41016) to work on /opt/airflow/dags/wiki_project.py
[2024-10-10T17:20:00.552+0000] {processor.py:914} INFO - Processing file /opt/airflow/dags/wiki_project.py for tasks to queue
[2024-10-10T17:20:00.553+0000] {logging_mixin.py:190} INFO - [2024-10-10T17:20:00.553+0000] {dagbag.py:587} INFO - Filling up the DagBag from /opt/airflow/dags/wiki_project.py
[2024-10-10T17:20:00.564+0000] {processor.py:925} INFO - DAG(s) 'wiki_project' retrieved from /opt/airflow/dags/wiki_project.py
[2024-10-10T17:20:00.577+0000] {logging_mixin.py:190} INFO - [2024-10-10T17:20:00.577+0000] {dag.py:3229} INFO - Sync 1 DAGs
[2024-10-10T17:20:00.594+0000] {logging_mixin.py:190} INFO - [2024-10-10T17:20:00.594+0000] {dag.py:4156} INFO - Setting next_dagrun for wiki_project to 2024-10-07 00:00:00+00:00, run_after=2024-10-07 01:00:00+00:00
[2024-10-10T17:20:00.602+0000] {processor.py:208} INFO - Processing /opt/airflow/dags/wiki_project.py took 0.055 seconds
[2024-10-10T18:21:00.623+0000] {processor.py:186} INFO - Started process (PID=41087) to work on /opt/airflow/dags/wiki_project.py
[2024-10-10T18:21:00.625+0000] {processor.py:914} INFO - Processing file /opt/airflow/dags/wiki_project.py for tasks to queue
[2024-10-10T18:21:00.626+0000] {logging_mixin.py:190} INFO - [2024-10-10T18:21:00.626+0000] {dagbag.py:587} INFO - Filling up the DagBag from /opt/airflow/dags/wiki_project.py
[2024-10-10T18:21:00.651+0000] {processor.py:925} INFO - DAG(s) 'wiki_project' retrieved from /opt/airflow/dags/wiki_project.py
[2024-10-10T18:21:00.669+0000] {logging_mixin.py:190} INFO - [2024-10-10T18:21:00.669+0000] {dag.py:3229} INFO - Sync 1 DAGs
[2024-10-10T18:21:00.688+0000] {logging_mixin.py:190} INFO - [2024-10-10T18:21:00.688+0000] {dag.py:4156} INFO - Setting next_dagrun for wiki_project to 2024-10-07 00:00:00+00:00, run_after=2024-10-07 01:00:00+00:00
[2024-10-10T18:21:00.711+0000] {processor.py:208} INFO - Processing /opt/airflow/dags/wiki_project.py took 0.091 seconds
[2024-10-10T18:38:25.998+0000] {processor.py:186} INFO - Started process (PID=41158) to work on /opt/airflow/dags/wiki_project.py
[2024-10-10T18:38:25.999+0000] {processor.py:914} INFO - Processing file /opt/airflow/dags/wiki_project.py for tasks to queue
[2024-10-10T18:38:26.000+0000] {logging_mixin.py:190} INFO - [2024-10-10T18:38:26.000+0000] {dagbag.py:587} INFO - Filling up the DagBag from /opt/airflow/dags/wiki_project.py
[2024-10-10T18:38:26.012+0000] {processor.py:925} INFO - DAG(s) 'wiki_project' retrieved from /opt/airflow/dags/wiki_project.py
[2024-10-10T18:38:26.025+0000] {logging_mixin.py:190} INFO - [2024-10-10T18:38:26.025+0000] {dag.py:3229} INFO - Sync 1 DAGs
[2024-10-10T18:38:26.037+0000] {logging_mixin.py:190} INFO - [2024-10-10T18:38:26.037+0000] {dag.py:4156} INFO - Setting next_dagrun for wiki_project to 2024-10-07 00:00:00+00:00, run_after=2024-10-07 01:00:00+00:00
[2024-10-10T18:38:26.049+0000] {processor.py:208} INFO - Processing /opt/airflow/dags/wiki_project.py took 0.055 seconds
[2024-10-10T19:39:10.818+0000] {processor.py:186} INFO - Started process (PID=41229) to work on /opt/airflow/dags/wiki_project.py
[2024-10-10T19:39:10.819+0000] {processor.py:914} INFO - Processing file /opt/airflow/dags/wiki_project.py for tasks to queue
[2024-10-10T19:39:10.819+0000] {logging_mixin.py:190} INFO - [2024-10-10T19:39:10.819+0000] {dagbag.py:587} INFO - Filling up the DagBag from /opt/airflow/dags/wiki_project.py
[2024-10-10T19:39:10.832+0000] {processor.py:925} INFO - DAG(s) 'wiki_project' retrieved from /opt/airflow/dags/wiki_project.py
[2024-10-10T19:39:10.847+0000] {logging_mixin.py:190} INFO - [2024-10-10T19:39:10.847+0000] {dag.py:3229} INFO - Sync 1 DAGs
[2024-10-10T19:39:10.859+0000] {logging_mixin.py:190} INFO - [2024-10-10T19:39:10.859+0000] {dag.py:4156} INFO - Setting next_dagrun for wiki_project to 2024-10-07 00:00:00+00:00, run_after=2024-10-07 01:00:00+00:00
[2024-10-10T19:39:10.868+0000] {processor.py:208} INFO - Processing /opt/airflow/dags/wiki_project.py took 0.057 seconds
[2024-10-10T20:23:14.478+0000] {processor.py:186} INFO - Started process (PID=41300) to work on /opt/airflow/dags/wiki_project.py
[2024-10-10T20:23:14.479+0000] {processor.py:914} INFO - Processing file /opt/airflow/dags/wiki_project.py for tasks to queue
[2024-10-10T20:23:14.480+0000] {logging_mixin.py:190} INFO - [2024-10-10T20:23:14.479+0000] {dagbag.py:587} INFO - Filling up the DagBag from /opt/airflow/dags/wiki_project.py
[2024-10-10T20:23:14.498+0000] {processor.py:925} INFO - DAG(s) 'wiki_project' retrieved from /opt/airflow/dags/wiki_project.py
[2024-10-10T20:23:14.515+0000] {logging_mixin.py:190} INFO - [2024-10-10T20:23:14.515+0000] {dag.py:3229} INFO - Sync 1 DAGs
[2024-10-10T20:23:14.531+0000] {logging_mixin.py:190} INFO - [2024-10-10T20:23:14.530+0000] {dag.py:4156} INFO - Setting next_dagrun for wiki_project to 2024-10-07 00:00:00+00:00, run_after=2024-10-07 01:00:00+00:00
[2024-10-10T20:23:14.561+0000] {processor.py:208} INFO - Processing /opt/airflow/dags/wiki_project.py took 0.088 seconds
[2024-10-10T20:54:19.742+0000] {processor.py:186} INFO - Started process (PID=41371) to work on /opt/airflow/dags/wiki_project.py
[2024-10-10T20:54:19.743+0000] {processor.py:914} INFO - Processing file /opt/airflow/dags/wiki_project.py for tasks to queue
[2024-10-10T20:54:19.745+0000] {logging_mixin.py:190} INFO - [2024-10-10T20:54:19.744+0000] {dagbag.py:587} INFO - Filling up the DagBag from /opt/airflow/dags/wiki_project.py
[2024-10-10T20:54:19.756+0000] {processor.py:925} INFO - DAG(s) 'wiki_project' retrieved from /opt/airflow/dags/wiki_project.py
[2024-10-10T20:54:19.767+0000] {logging_mixin.py:190} INFO - [2024-10-10T20:54:19.767+0000] {dag.py:3229} INFO - Sync 1 DAGs
[2024-10-10T20:54:19.777+0000] {logging_mixin.py:190} INFO - [2024-10-10T20:54:19.777+0000] {dag.py:4156} INFO - Setting next_dagrun for wiki_project to 2024-10-07 00:00:00+00:00, run_after=2024-10-07 01:00:00+00:00
[2024-10-10T20:54:19.784+0000] {processor.py:208} INFO - Processing /opt/airflow/dags/wiki_project.py took 0.046 seconds
[2024-10-10T21:24:07.566+0000] {processor.py:186} INFO - Started process (PID=41442) to work on /opt/airflow/dags/wiki_project.py
[2024-10-10T21:24:07.567+0000] {processor.py:914} INFO - Processing file /opt/airflow/dags/wiki_project.py for tasks to queue
[2024-10-10T21:24:07.569+0000] {logging_mixin.py:190} INFO - [2024-10-10T21:24:07.568+0000] {dagbag.py:587} INFO - Filling up the DagBag from /opt/airflow/dags/wiki_project.py
[2024-10-10T21:24:07.578+0000] {processor.py:925} INFO - DAG(s) 'wiki_project' retrieved from /opt/airflow/dags/wiki_project.py
[2024-10-10T21:24:07.592+0000] {logging_mixin.py:190} INFO - [2024-10-10T21:24:07.592+0000] {dag.py:3229} INFO - Sync 1 DAGs
[2024-10-10T21:24:07.602+0000] {logging_mixin.py:190} INFO - [2024-10-10T21:24:07.602+0000] {dag.py:4156} INFO - Setting next_dagrun for wiki_project to 2024-10-07 00:00:00+00:00, run_after=2024-10-07 01:00:00+00:00
[2024-10-10T21:24:07.612+0000] {processor.py:208} INFO - Processing /opt/airflow/dags/wiki_project.py took 0.050 seconds
[2024-10-10T21:24:38.372+0000] {processor.py:186} INFO - Started process (PID=41513) to work on /opt/airflow/dags/wiki_project.py
[2024-10-10T21:24:38.375+0000] {processor.py:914} INFO - Processing file /opt/airflow/dags/wiki_project.py for tasks to queue
[2024-10-10T21:24:38.376+0000] {logging_mixin.py:190} INFO - [2024-10-10T21:24:38.376+0000] {dagbag.py:587} INFO - Filling up the DagBag from /opt/airflow/dags/wiki_project.py
[2024-10-10T21:24:38.387+0000] {processor.py:925} INFO - DAG(s) 'wiki_project' retrieved from /opt/airflow/dags/wiki_project.py
[2024-10-10T21:24:38.399+0000] {logging_mixin.py:190} INFO - [2024-10-10T21:24:38.399+0000] {dag.py:3229} INFO - Sync 1 DAGs
[2024-10-10T21:24:38.411+0000] {logging_mixin.py:190} INFO - [2024-10-10T21:24:38.411+0000] {dag.py:4156} INFO - Setting next_dagrun for wiki_project to 2024-10-07 00:00:00+00:00, run_after=2024-10-07 01:00:00+00:00
[2024-10-10T21:24:38.420+0000] {processor.py:208} INFO - Processing /opt/airflow/dags/wiki_project.py took 0.051 seconds
[2024-10-10T21:43:34.290+0000] {processor.py:186} INFO - Started process (PID=41584) to work on /opt/airflow/dags/wiki_project.py
[2024-10-10T21:43:34.291+0000] {processor.py:914} INFO - Processing file /opt/airflow/dags/wiki_project.py for tasks to queue
[2024-10-10T21:43:34.292+0000] {logging_mixin.py:190} INFO - [2024-10-10T21:43:34.292+0000] {dagbag.py:587} INFO - Filling up the DagBag from /opt/airflow/dags/wiki_project.py
[2024-10-10T21:43:34.313+0000] {processor.py:925} INFO - DAG(s) 'wiki_project' retrieved from /opt/airflow/dags/wiki_project.py
[2024-10-10T21:43:34.332+0000] {logging_mixin.py:190} INFO - [2024-10-10T21:43:34.331+0000] {dag.py:3229} INFO - Sync 1 DAGs
[2024-10-10T21:43:34.349+0000] {logging_mixin.py:190} INFO - [2024-10-10T21:43:34.349+0000] {dag.py:4156} INFO - Setting next_dagrun for wiki_project to 2024-10-07 00:00:00+00:00, run_after=2024-10-07 01:00:00+00:00
[2024-10-10T21:43:34.364+0000] {processor.py:208} INFO - Processing /opt/airflow/dags/wiki_project.py took 0.076 seconds
[2024-10-10T22:17:47.218+0000] {processor.py:186} INFO - Started process (PID=41655) to work on /opt/airflow/dags/wiki_project.py
[2024-10-10T22:17:47.220+0000] {processor.py:914} INFO - Processing file /opt/airflow/dags/wiki_project.py for tasks to queue
[2024-10-10T22:17:47.220+0000] {logging_mixin.py:190} INFO - [2024-10-10T22:17:47.220+0000] {dagbag.py:587} INFO - Filling up the DagBag from /opt/airflow/dags/wiki_project.py
[2024-10-10T22:17:47.233+0000] {processor.py:925} INFO - DAG(s) 'wiki_project' retrieved from /opt/airflow/dags/wiki_project.py
[2024-10-10T22:17:47.256+0000] {logging_mixin.py:190} INFO - [2024-10-10T22:17:47.256+0000] {dag.py:3229} INFO - Sync 1 DAGs
[2024-10-10T22:17:47.278+0000] {logging_mixin.py:190} INFO - [2024-10-10T22:17:47.278+0000] {dag.py:4156} INFO - Setting next_dagrun for wiki_project to 2024-10-07 00:00:00+00:00, run_after=2024-10-07 01:00:00+00:00
[2024-10-10T22:17:47.299+0000] {processor.py:208} INFO - Processing /opt/airflow/dags/wiki_project.py took 0.084 seconds
[2024-10-10T22:46:08.001+0000] {processor.py:186} INFO - Started process (PID=41726) to work on /opt/airflow/dags/wiki_project.py
[2024-10-10T22:46:08.004+0000] {processor.py:914} INFO - Processing file /opt/airflow/dags/wiki_project.py for tasks to queue
[2024-10-10T22:46:08.005+0000] {logging_mixin.py:190} INFO - [2024-10-10T22:46:08.005+0000] {dagbag.py:587} INFO - Filling up the DagBag from /opt/airflow/dags/wiki_project.py
[2024-10-10T22:46:08.015+0000] {processor.py:925} INFO - DAG(s) 'wiki_project' retrieved from /opt/airflow/dags/wiki_project.py
[2024-10-10T22:46:08.026+0000] {logging_mixin.py:190} INFO - [2024-10-10T22:46:08.026+0000] {dag.py:3229} INFO - Sync 1 DAGs
[2024-10-10T22:46:08.040+0000] {logging_mixin.py:190} INFO - [2024-10-10T22:46:08.040+0000] {dag.py:4156} INFO - Setting next_dagrun for wiki_project to 2024-10-07 00:00:00+00:00, run_after=2024-10-07 01:00:00+00:00
[2024-10-10T22:46:08.050+0000] {processor.py:208} INFO - Processing /opt/airflow/dags/wiki_project.py took 0.054 seconds
[2024-10-10T23:26:18.403+0000] {processor.py:186} INFO - Started process (PID=41797) to work on /opt/airflow/dags/wiki_project.py
[2024-10-10T23:26:18.406+0000] {processor.py:914} INFO - Processing file /opt/airflow/dags/wiki_project.py for tasks to queue
[2024-10-10T23:26:18.407+0000] {logging_mixin.py:190} INFO - [2024-10-10T23:26:18.406+0000] {dagbag.py:587} INFO - Filling up the DagBag from /opt/airflow/dags/wiki_project.py
[2024-10-10T23:26:18.442+0000] {processor.py:925} INFO - DAG(s) 'wiki_project' retrieved from /opt/airflow/dags/wiki_project.py
[2024-10-10T23:26:18.460+0000] {logging_mixin.py:190} INFO - [2024-10-10T23:26:18.460+0000] {dag.py:3229} INFO - Sync 1 DAGs
[2024-10-10T23:26:18.473+0000] {logging_mixin.py:190} INFO - [2024-10-10T23:26:18.473+0000] {dag.py:4156} INFO - Setting next_dagrun for wiki_project to 2024-10-07 00:00:00+00:00, run_after=2024-10-07 01:00:00+00:00
[2024-10-10T23:26:18.485+0000] {processor.py:208} INFO - Processing /opt/airflow/dags/wiki_project.py took 0.089 seconds
