[2024-11-26T20:22:08.809+0000] {local_task_job_runner.py:123} INFO - ::group::Pre task execution logs
[2024-11-26T20:22:08.836+0000] {taskinstance.py:2612} INFO - Dependencies all met for dep_context=non-requeueable deps ti=<TaskInstance: spotify_etl_dag.store_songs_to_s3 scheduled__2024-11-25T00:00:00+00:00 [queued]>
[2024-11-26T20:22:08.855+0000] {taskinstance.py:2612} INFO - Dependencies all met for dep_context=requeueable deps ti=<TaskInstance: spotify_etl_dag.store_songs_to_s3 scheduled__2024-11-25T00:00:00+00:00 [queued]>
[2024-11-26T20:22:08.856+0000] {taskinstance.py:2865} INFO - Starting attempt 1 of 1
[2024-11-26T20:22:08.883+0000] {taskinstance.py:2888} INFO - Executing <Task(S3CreateObjectOperator): store_songs_to_s3> on 2024-11-25 00:00:00+00:00
[2024-11-26T20:22:08.907+0000] {warnings.py:112} WARNING - /home/***/.local/lib/python3.12/site-packages/***/task/task_runner/standard_task_runner.py:70: DeprecationWarning: This process (pid=124) is multi-threaded, use of fork() may lead to deadlocks in the child.
  pid = os.fork()

[2024-11-26T20:22:08.915+0000] {standard_task_runner.py:72} INFO - Started process 140 to run task
[2024-11-26T20:22:08.918+0000] {standard_task_runner.py:104} INFO - Running: ['***', 'tasks', 'run', 'spotify_etl_dag', 'store_songs_to_s3', 'scheduled__2024-11-25T00:00:00+00:00', '--job-id', '495', '--raw', '--subdir', 'DAGS_FOLDER/spotify_***_pipeline.py', '--cfg-path', '/tmp/tmpoocd_ojb']
[2024-11-26T20:22:08.919+0000] {standard_task_runner.py:105} INFO - Job 495: Subtask store_songs_to_s3
[2024-11-26T20:22:08.999+0000] {task_command.py:467} INFO - Running <TaskInstance: spotify_etl_dag.store_songs_to_s3 scheduled__2024-11-25T00:00:00+00:00 [running]> on host da4c4a711107
[2024-11-26T20:22:09.198+0000] {taskinstance.py:3131} INFO - Exporting env vars: AIRFLOW_CTX_DAG_OWNER='Artika' AIRFLOW_CTX_DAG_ID='spotify_etl_dag' AIRFLOW_CTX_TASK_ID='store_songs_to_s3' AIRFLOW_CTX_EXECUTION_DATE='2024-11-25T00:00:00+00:00' AIRFLOW_CTX_TRY_NUMBER='1' AIRFLOW_CTX_DAG_RUN_ID='scheduled__2024-11-25T00:00:00+00:00'
[2024-11-26T20:22:09.203+0000] {logging_mixin.py:190} INFO - Task instance is in running state
[2024-11-26T20:22:09.206+0000] {logging_mixin.py:190} INFO -  Previous state of the Task instance: queued
[2024-11-26T20:22:09.209+0000] {logging_mixin.py:190} INFO - Current task name:store_songs_to_s3 state:running start_date:2024-11-26 20:22:08.837100+00:00
[2024-11-26T20:22:09.210+0000] {logging_mixin.py:190} INFO - Dag name:spotify_etl_dag and current dag run status:running
[2024-11-26T20:22:09.210+0000] {taskinstance.py:731} INFO - ::endgroup::
[2024-11-26T20:22:09.223+0000] {base.py:84} INFO - Retrieving connection 'aws_s3_bucket'
[2024-11-26T20:22:09.225+0000] {connection_wrapper.py:388} INFO - AWS Connection (conn_id='aws_s3_bucket', conn_type='aws') credentials retrieved from login and password.
[2024-11-26T20:22:12.980+0000] {taskinstance.py:340} INFO - ::group::Post task execution logs
[2024-11-26T20:22:12.990+0000] {taskinstance.py:352} INFO - Marking task as SUCCESS. dag_id=spotify_etl_dag, task_id=store_songs_to_s3, run_id=scheduled__2024-11-25T00:00:00+00:00, execution_date=20241125T000000, start_date=20241126T202208, end_date=20241126T202212
[2024-11-26T20:22:13.009+0000] {logging_mixin.py:190} INFO - Task instance in success state
[2024-11-26T20:22:13.010+0000] {logging_mixin.py:190} INFO -  Previous state of the Task instance: running
[2024-11-26T20:22:13.011+0000] {logging_mixin.py:190} INFO - Dag name:spotify_etl_dag queued_at:2024-11-26 20:21:40.276199+00:00
[2024-11-26T20:22:13.012+0000] {logging_mixin.py:190} INFO - Task hostname:da4c4a711107 operator:S3CreateObjectOperator
[2024-11-26T20:22:13.066+0000] {local_task_job_runner.py:266} INFO - Task exited with return code 0
[2024-11-26T20:22:13.159+0000] {taskinstance.py:3900} INFO - 0 downstream tasks scheduled from follow-on schedule check
[2024-11-26T20:22:13.174+0000] {local_task_job_runner.py:245} INFO - ::endgroup::
