[2024-11-26T20:22:01.900+0000] {local_task_job_runner.py:123} INFO - ::group::Pre task execution logs
[2024-11-26T20:22:01.922+0000] {taskinstance.py:2612} INFO - Dependencies all met for dep_context=non-requeueable deps ti=<TaskInstance: spotify_etl_dag.process_songs scheduled__2024-11-25T00:00:00+00:00 [queued]>
[2024-11-26T20:22:01.937+0000] {taskinstance.py:2612} INFO - Dependencies all met for dep_context=requeueable deps ti=<TaskInstance: spotify_etl_dag.process_songs scheduled__2024-11-25T00:00:00+00:00 [queued]>
[2024-11-26T20:22:01.937+0000] {taskinstance.py:2865} INFO - Starting attempt 1 of 1
[2024-11-26T20:22:01.957+0000] {taskinstance.py:2888} INFO - Executing <Task(PythonOperator): process_songs> on 2024-11-25 00:00:00+00:00
[2024-11-26T20:22:01.968+0000] {warnings.py:112} WARNING - /home/***/.local/lib/python3.12/site-packages/***/task/task_runner/standard_task_runner.py:70: DeprecationWarning: This process (pid=109) is multi-threaded, use of fork() may lead to deadlocks in the child.
  pid = os.fork()

[2024-11-26T20:22:01.971+0000] {standard_task_runner.py:104} INFO - Running: ['***', 'tasks', 'run', 'spotify_etl_dag', 'process_songs', 'scheduled__2024-11-25T00:00:00+00:00', '--job-id', '490', '--raw', '--subdir', 'DAGS_FOLDER/spotify_***_pipeline.py', '--cfg-path', '/tmp/tmp1c5z7q6e']
[2024-11-26T20:22:01.972+0000] {standard_task_runner.py:105} INFO - Job 490: Subtask process_songs
[2024-11-26T20:22:01.972+0000] {standard_task_runner.py:72} INFO - Started process 118 to run task
[2024-11-26T20:22:02.035+0000] {task_command.py:467} INFO - Running <TaskInstance: spotify_etl_dag.process_songs scheduled__2024-11-25T00:00:00+00:00 [running]> on host da4c4a711107
[2024-11-26T20:22:02.182+0000] {taskinstance.py:3131} INFO - Exporting env vars: AIRFLOW_CTX_DAG_OWNER='Artika' AIRFLOW_CTX_DAG_ID='spotify_etl_dag' AIRFLOW_CTX_TASK_ID='process_songs' AIRFLOW_CTX_EXECUTION_DATE='2024-11-25T00:00:00+00:00' AIRFLOW_CTX_TRY_NUMBER='1' AIRFLOW_CTX_DAG_RUN_ID='scheduled__2024-11-25T00:00:00+00:00'
[2024-11-26T20:22:02.185+0000] {logging_mixin.py:190} INFO - Task instance is in running state
[2024-11-26T20:22:02.186+0000] {logging_mixin.py:190} INFO -  Previous state of the Task instance: queued
[2024-11-26T20:22:02.187+0000] {logging_mixin.py:190} INFO - Current task name:process_songs state:running start_date:2024-11-26 20:22:01.925573+00:00
[2024-11-26T20:22:02.187+0000] {logging_mixin.py:190} INFO - Dag name:spotify_etl_dag and current dag run status:running
[2024-11-26T20:22:02.188+0000] {taskinstance.py:731} INFO - ::endgroup::
[2024-11-26T20:22:02.537+0000] {python.py:240} INFO - Done. Returned value was: None
[2024-11-26T20:22:02.565+0000] {taskinstance.py:340} INFO - ::group::Post task execution logs
[2024-11-26T20:22:02.566+0000] {taskinstance.py:352} INFO - Marking task as SUCCESS. dag_id=spotify_etl_dag, task_id=process_songs, run_id=scheduled__2024-11-25T00:00:00+00:00, execution_date=20241125T000000, start_date=20241126T202201, end_date=20241126T202202
[2024-11-26T20:22:02.578+0000] {logging_mixin.py:190} INFO - Task instance in success state
[2024-11-26T20:22:02.579+0000] {logging_mixin.py:190} INFO -  Previous state of the Task instance: running
[2024-11-26T20:22:02.579+0000] {logging_mixin.py:190} INFO - Dag name:spotify_etl_dag queued_at:2024-11-26 20:21:40.276199+00:00
[2024-11-26T20:22:02.580+0000] {logging_mixin.py:190} INFO - Task hostname:da4c4a711107 operator:PythonOperator
[2024-11-26T20:22:02.618+0000] {local_task_job_runner.py:266} INFO - Task exited with return code 0
[2024-11-26T20:22:02.680+0000] {taskinstance.py:3900} INFO - 0 downstream tasks scheduled from follow-on schedule check
[2024-11-26T20:22:02.684+0000] {local_task_job_runner.py:245} INFO - ::endgroup::
