[2024-10-10T00:11:42.784+0000] {processor.py:186} INFO - Started process (PID=38871) to work on /home/airflow/.local/lib/python3.12/site-packages/airflow/example_dags/example_external_task_marker_dag.py
[2024-10-10T00:11:42.785+0000] {processor.py:914} INFO - Processing file /home/airflow/.local/lib/python3.12/site-packages/airflow/example_dags/example_external_task_marker_dag.py for tasks to queue
[2024-10-10T00:11:42.786+0000] {logging_mixin.py:190} INFO - [2024-10-10T00:11:42.786+0000] {dagbag.py:587} INFO - Filling up the DagBag from /home/airflow/.local/lib/python3.12/site-packages/airflow/example_dags/example_external_task_marker_dag.py
[2024-10-10T00:11:42.794+0000] {processor.py:925} INFO - DAG(s) 'example_external_task_marker_child', 'example_external_task_marker_parent' retrieved from /home/airflow/.local/lib/python3.12/site-packages/airflow/example_dags/example_external_task_marker_dag.py
[2024-10-10T00:11:42.821+0000] {logging_mixin.py:190} INFO - [2024-10-10T00:11:42.820+0000] {dag.py:3229} INFO - Sync 2 DAGs
[2024-10-10T00:11:42.831+0000] {logging_mixin.py:190} INFO - [2024-10-10T00:11:42.831+0000] {dag.py:4156} INFO - Setting next_dagrun for example_external_task_marker_child to None, run_after=None
[2024-10-10T00:11:42.835+0000] {logging_mixin.py:190} INFO - [2024-10-10T00:11:42.835+0000] {dag.py:4156} INFO - Setting next_dagrun for example_external_task_marker_parent to None, run_after=None
[2024-10-10T00:11:42.842+0000] {processor.py:208} INFO - Processing /home/airflow/.local/lib/python3.12/site-packages/airflow/example_dags/example_external_task_marker_dag.py took 0.062 seconds
[2024-10-10T01:18:09.486+0000] {processor.py:186} INFO - Started process (PID=38942) to work on /home/airflow/.local/lib/python3.12/site-packages/airflow/example_dags/example_external_task_marker_dag.py
[2024-10-10T01:18:09.487+0000] {processor.py:914} INFO - Processing file /home/airflow/.local/lib/python3.12/site-packages/airflow/example_dags/example_external_task_marker_dag.py for tasks to queue
[2024-10-10T01:18:09.488+0000] {logging_mixin.py:190} INFO - [2024-10-10T01:18:09.487+0000] {dagbag.py:587} INFO - Filling up the DagBag from /home/airflow/.local/lib/python3.12/site-packages/airflow/example_dags/example_external_task_marker_dag.py
[2024-10-10T01:18:09.497+0000] {processor.py:925} INFO - DAG(s) 'example_external_task_marker_child', 'example_external_task_marker_parent' retrieved from /home/airflow/.local/lib/python3.12/site-packages/airflow/example_dags/example_external_task_marker_dag.py
[2024-10-10T01:18:09.514+0000] {logging_mixin.py:190} INFO - [2024-10-10T01:18:09.513+0000] {dag.py:3229} INFO - Sync 2 DAGs
[2024-10-10T01:18:09.521+0000] {logging_mixin.py:190} INFO - [2024-10-10T01:18:09.521+0000] {dag.py:4156} INFO - Setting next_dagrun for example_external_task_marker_child to None, run_after=None
[2024-10-10T01:18:09.526+0000] {logging_mixin.py:190} INFO - [2024-10-10T01:18:09.526+0000] {dag.py:4156} INFO - Setting next_dagrun for example_external_task_marker_parent to None, run_after=None
[2024-10-10T01:18:09.539+0000] {processor.py:208} INFO - Processing /home/airflow/.local/lib/python3.12/site-packages/airflow/example_dags/example_external_task_marker_dag.py took 0.056 seconds
[2024-10-10T01:52:18.956+0000] {processor.py:186} INFO - Started process (PID=39013) to work on /home/airflow/.local/lib/python3.12/site-packages/airflow/example_dags/example_external_task_marker_dag.py
[2024-10-10T01:52:18.958+0000] {processor.py:914} INFO - Processing file /home/airflow/.local/lib/python3.12/site-packages/airflow/example_dags/example_external_task_marker_dag.py for tasks to queue
[2024-10-10T01:52:18.959+0000] {logging_mixin.py:190} INFO - [2024-10-10T01:52:18.959+0000] {dagbag.py:587} INFO - Filling up the DagBag from /home/airflow/.local/lib/python3.12/site-packages/airflow/example_dags/example_external_task_marker_dag.py
[2024-10-10T01:52:18.966+0000] {processor.py:925} INFO - DAG(s) 'example_external_task_marker_parent', 'example_external_task_marker_child' retrieved from /home/airflow/.local/lib/python3.12/site-packages/airflow/example_dags/example_external_task_marker_dag.py
[2024-10-10T01:52:18.980+0000] {logging_mixin.py:190} INFO - [2024-10-10T01:52:18.980+0000] {dag.py:3229} INFO - Sync 2 DAGs
[2024-10-10T01:52:18.987+0000] {logging_mixin.py:190} INFO - [2024-10-10T01:52:18.987+0000] {dag.py:4156} INFO - Setting next_dagrun for example_external_task_marker_child to None, run_after=None
[2024-10-10T01:52:18.989+0000] {logging_mixin.py:190} INFO - [2024-10-10T01:52:18.989+0000] {dag.py:4156} INFO - Setting next_dagrun for example_external_task_marker_parent to None, run_after=None
[2024-10-10T01:52:18.996+0000] {processor.py:208} INFO - Processing /home/airflow/.local/lib/python3.12/site-packages/airflow/example_dags/example_external_task_marker_dag.py took 0.043 seconds
[2024-10-10T02:19:11.188+0000] {processor.py:186} INFO - Started process (PID=39084) to work on /home/airflow/.local/lib/python3.12/site-packages/airflow/example_dags/example_external_task_marker_dag.py
[2024-10-10T02:19:11.189+0000] {processor.py:914} INFO - Processing file /home/airflow/.local/lib/python3.12/site-packages/airflow/example_dags/example_external_task_marker_dag.py for tasks to queue
[2024-10-10T02:19:11.190+0000] {logging_mixin.py:190} INFO - [2024-10-10T02:19:11.190+0000] {dagbag.py:587} INFO - Filling up the DagBag from /home/airflow/.local/lib/python3.12/site-packages/airflow/example_dags/example_external_task_marker_dag.py
[2024-10-10T02:19:11.194+0000] {processor.py:925} INFO - DAG(s) 'example_external_task_marker_parent', 'example_external_task_marker_child' retrieved from /home/airflow/.local/lib/python3.12/site-packages/airflow/example_dags/example_external_task_marker_dag.py
[2024-10-10T02:19:11.205+0000] {logging_mixin.py:190} INFO - [2024-10-10T02:19:11.205+0000] {dag.py:3229} INFO - Sync 2 DAGs
[2024-10-10T02:19:11.212+0000] {logging_mixin.py:190} INFO - [2024-10-10T02:19:11.212+0000] {dag.py:4156} INFO - Setting next_dagrun for example_external_task_marker_child to None, run_after=None
[2024-10-10T02:19:11.214+0000] {logging_mixin.py:190} INFO - [2024-10-10T02:19:11.214+0000] {dag.py:4156} INFO - Setting next_dagrun for example_external_task_marker_parent to None, run_after=None
[2024-10-10T02:19:11.221+0000] {processor.py:208} INFO - Processing /home/airflow/.local/lib/python3.12/site-packages/airflow/example_dags/example_external_task_marker_dag.py took 0.035 seconds
[2024-10-10T03:09:36.867+0000] {processor.py:186} INFO - Started process (PID=39155) to work on /home/airflow/.local/lib/python3.12/site-packages/airflow/example_dags/example_external_task_marker_dag.py
[2024-10-10T03:09:36.869+0000] {processor.py:914} INFO - Processing file /home/airflow/.local/lib/python3.12/site-packages/airflow/example_dags/example_external_task_marker_dag.py for tasks to queue
[2024-10-10T03:09:36.869+0000] {logging_mixin.py:190} INFO - [2024-10-10T03:09:36.869+0000] {dagbag.py:587} INFO - Filling up the DagBag from /home/airflow/.local/lib/python3.12/site-packages/airflow/example_dags/example_external_task_marker_dag.py
[2024-10-10T03:09:36.873+0000] {processor.py:925} INFO - DAG(s) 'example_external_task_marker_child', 'example_external_task_marker_parent' retrieved from /home/airflow/.local/lib/python3.12/site-packages/airflow/example_dags/example_external_task_marker_dag.py
[2024-10-10T03:09:36.889+0000] {logging_mixin.py:190} INFO - [2024-10-10T03:09:36.889+0000] {dag.py:3229} INFO - Sync 2 DAGs
[2024-10-10T03:09:36.900+0000] {logging_mixin.py:190} INFO - [2024-10-10T03:09:36.899+0000] {dag.py:4156} INFO - Setting next_dagrun for example_external_task_marker_child to None, run_after=None
[2024-10-10T03:09:36.902+0000] {logging_mixin.py:190} INFO - [2024-10-10T03:09:36.902+0000] {dag.py:4156} INFO - Setting next_dagrun for example_external_task_marker_parent to None, run_after=None
[2024-10-10T03:09:36.914+0000] {processor.py:208} INFO - Processing /home/airflow/.local/lib/python3.12/site-packages/airflow/example_dags/example_external_task_marker_dag.py took 0.050 seconds
[2024-10-10T03:56:58.808+0000] {processor.py:186} INFO - Started process (PID=39225) to work on /home/airflow/.local/lib/python3.12/site-packages/airflow/example_dags/example_external_task_marker_dag.py
[2024-10-10T03:56:58.822+0000] {processor.py:914} INFO - Processing file /home/airflow/.local/lib/python3.12/site-packages/airflow/example_dags/example_external_task_marker_dag.py for tasks to queue
[2024-10-10T03:56:58.824+0000] {logging_mixin.py:190} INFO - [2024-10-10T03:56:58.824+0000] {dagbag.py:587} INFO - Filling up the DagBag from /home/airflow/.local/lib/python3.12/site-packages/airflow/example_dags/example_external_task_marker_dag.py
[2024-10-10T03:56:58.833+0000] {processor.py:925} INFO - DAG(s) 'example_external_task_marker_child', 'example_external_task_marker_parent' retrieved from /home/airflow/.local/lib/python3.12/site-packages/airflow/example_dags/example_external_task_marker_dag.py
[2024-10-10T03:56:58.848+0000] {logging_mixin.py:190} INFO - [2024-10-10T03:56:58.847+0000] {dag.py:3229} INFO - Sync 2 DAGs
[2024-10-10T03:56:58.855+0000] {logging_mixin.py:190} INFO - [2024-10-10T03:56:58.855+0000] {dag.py:4156} INFO - Setting next_dagrun for example_external_task_marker_child to None, run_after=None
[2024-10-10T03:56:58.857+0000] {logging_mixin.py:190} INFO - [2024-10-10T03:56:58.857+0000] {dag.py:4156} INFO - Setting next_dagrun for example_external_task_marker_parent to None, run_after=None
[2024-10-10T03:56:58.869+0000] {processor.py:208} INFO - Processing /home/airflow/.local/lib/python3.12/site-packages/airflow/example_dags/example_external_task_marker_dag.py took 0.065 seconds
[2024-10-10T04:21:13.457+0000] {processor.py:186} INFO - Started process (PID=39295) to work on /home/airflow/.local/lib/python3.12/site-packages/airflow/example_dags/example_external_task_marker_dag.py
[2024-10-10T04:21:13.458+0000] {processor.py:914} INFO - Processing file /home/airflow/.local/lib/python3.12/site-packages/airflow/example_dags/example_external_task_marker_dag.py for tasks to queue
[2024-10-10T04:21:13.459+0000] {logging_mixin.py:190} INFO - [2024-10-10T04:21:13.459+0000] {dagbag.py:587} INFO - Filling up the DagBag from /home/airflow/.local/lib/python3.12/site-packages/airflow/example_dags/example_external_task_marker_dag.py
[2024-10-10T04:21:13.466+0000] {processor.py:925} INFO - DAG(s) 'example_external_task_marker_parent', 'example_external_task_marker_child' retrieved from /home/airflow/.local/lib/python3.12/site-packages/airflow/example_dags/example_external_task_marker_dag.py
[2024-10-10T04:21:13.482+0000] {logging_mixin.py:190} INFO - [2024-10-10T04:21:13.482+0000] {dag.py:3229} INFO - Sync 2 DAGs
[2024-10-10T04:21:13.494+0000] {logging_mixin.py:190} INFO - [2024-10-10T04:21:13.494+0000] {dag.py:4156} INFO - Setting next_dagrun for example_external_task_marker_child to None, run_after=None
[2024-10-10T04:21:13.495+0000] {logging_mixin.py:190} INFO - [2024-10-10T04:21:13.495+0000] {dag.py:4156} INFO - Setting next_dagrun for example_external_task_marker_parent to None, run_after=None
[2024-10-10T04:21:13.502+0000] {processor.py:208} INFO - Processing /home/airflow/.local/lib/python3.12/site-packages/airflow/example_dags/example_external_task_marker_dag.py took 0.051 seconds
[2024-10-10T05:14:26.397+0000] {processor.py:186} INFO - Started process (PID=39366) to work on /home/airflow/.local/lib/python3.12/site-packages/airflow/example_dags/example_external_task_marker_dag.py
[2024-10-10T05:14:26.398+0000] {processor.py:914} INFO - Processing file /home/airflow/.local/lib/python3.12/site-packages/airflow/example_dags/example_external_task_marker_dag.py for tasks to queue
[2024-10-10T05:14:26.398+0000] {logging_mixin.py:190} INFO - [2024-10-10T05:14:26.398+0000] {dagbag.py:587} INFO - Filling up the DagBag from /home/airflow/.local/lib/python3.12/site-packages/airflow/example_dags/example_external_task_marker_dag.py
[2024-10-10T05:14:26.404+0000] {processor.py:925} INFO - DAG(s) 'example_external_task_marker_child', 'example_external_task_marker_parent' retrieved from /home/airflow/.local/lib/python3.12/site-packages/airflow/example_dags/example_external_task_marker_dag.py
[2024-10-10T05:14:26.421+0000] {logging_mixin.py:190} INFO - [2024-10-10T05:14:26.421+0000] {dag.py:3229} INFO - Sync 2 DAGs
[2024-10-10T05:14:26.430+0000] {logging_mixin.py:190} INFO - [2024-10-10T05:14:26.430+0000] {dag.py:4156} INFO - Setting next_dagrun for example_external_task_marker_child to None, run_after=None
[2024-10-10T05:14:26.434+0000] {logging_mixin.py:190} INFO - [2024-10-10T05:14:26.434+0000] {dag.py:4156} INFO - Setting next_dagrun for example_external_task_marker_parent to None, run_after=None
[2024-10-10T05:14:26.440+0000] {processor.py:208} INFO - Processing /home/airflow/.local/lib/python3.12/site-packages/airflow/example_dags/example_external_task_marker_dag.py took 0.047 seconds
[2024-10-10T05:47:23.483+0000] {processor.py:186} INFO - Started process (PID=39437) to work on /home/airflow/.local/lib/python3.12/site-packages/airflow/example_dags/example_external_task_marker_dag.py
[2024-10-10T05:47:23.484+0000] {processor.py:914} INFO - Processing file /home/airflow/.local/lib/python3.12/site-packages/airflow/example_dags/example_external_task_marker_dag.py for tasks to queue
[2024-10-10T05:47:23.485+0000] {logging_mixin.py:190} INFO - [2024-10-10T05:47:23.485+0000] {dagbag.py:587} INFO - Filling up the DagBag from /home/airflow/.local/lib/python3.12/site-packages/airflow/example_dags/example_external_task_marker_dag.py
[2024-10-10T05:47:23.491+0000] {processor.py:925} INFO - DAG(s) 'example_external_task_marker_parent', 'example_external_task_marker_child' retrieved from /home/airflow/.local/lib/python3.12/site-packages/airflow/example_dags/example_external_task_marker_dag.py
[2024-10-10T05:47:23.505+0000] {logging_mixin.py:190} INFO - [2024-10-10T05:47:23.505+0000] {dag.py:3229} INFO - Sync 2 DAGs
[2024-10-10T05:47:23.520+0000] {logging_mixin.py:190} INFO - [2024-10-10T05:47:23.520+0000] {dag.py:4156} INFO - Setting next_dagrun for example_external_task_marker_child to None, run_after=None
[2024-10-10T05:47:23.523+0000] {logging_mixin.py:190} INFO - [2024-10-10T05:47:23.522+0000] {dag.py:4156} INFO - Setting next_dagrun for example_external_task_marker_parent to None, run_after=None
[2024-10-10T05:47:23.535+0000] {processor.py:208} INFO - Processing /home/airflow/.local/lib/python3.12/site-packages/airflow/example_dags/example_external_task_marker_dag.py took 0.056 seconds
[2024-10-10T06:39:43.779+0000] {processor.py:186} INFO - Started process (PID=39508) to work on /home/airflow/.local/lib/python3.12/site-packages/airflow/example_dags/example_external_task_marker_dag.py
[2024-10-10T06:39:43.779+0000] {processor.py:914} INFO - Processing file /home/airflow/.local/lib/python3.12/site-packages/airflow/example_dags/example_external_task_marker_dag.py for tasks to queue
[2024-10-10T06:39:43.780+0000] {logging_mixin.py:190} INFO - [2024-10-10T06:39:43.780+0000] {dagbag.py:587} INFO - Filling up the DagBag from /home/airflow/.local/lib/python3.12/site-packages/airflow/example_dags/example_external_task_marker_dag.py
[2024-10-10T06:39:43.786+0000] {processor.py:925} INFO - DAG(s) 'example_external_task_marker_child', 'example_external_task_marker_parent' retrieved from /home/airflow/.local/lib/python3.12/site-packages/airflow/example_dags/example_external_task_marker_dag.py
[2024-10-10T06:39:43.798+0000] {logging_mixin.py:190} INFO - [2024-10-10T06:39:43.798+0000] {dag.py:3229} INFO - Sync 2 DAGs
[2024-10-10T06:39:43.805+0000] {logging_mixin.py:190} INFO - [2024-10-10T06:39:43.805+0000] {dag.py:4156} INFO - Setting next_dagrun for example_external_task_marker_child to None, run_after=None
[2024-10-10T06:39:43.807+0000] {logging_mixin.py:190} INFO - [2024-10-10T06:39:43.807+0000] {dag.py:4156} INFO - Setting next_dagrun for example_external_task_marker_parent to None, run_after=None
[2024-10-10T06:39:43.813+0000] {processor.py:208} INFO - Processing /home/airflow/.local/lib/python3.12/site-packages/airflow/example_dags/example_external_task_marker_dag.py took 0.040 seconds
[2024-10-10T07:11:26.180+0000] {processor.py:186} INFO - Started process (PID=39579) to work on /home/airflow/.local/lib/python3.12/site-packages/airflow/example_dags/example_external_task_marker_dag.py
[2024-10-10T07:11:26.181+0000] {processor.py:914} INFO - Processing file /home/airflow/.local/lib/python3.12/site-packages/airflow/example_dags/example_external_task_marker_dag.py for tasks to queue
[2024-10-10T07:11:26.182+0000] {logging_mixin.py:190} INFO - [2024-10-10T07:11:26.181+0000] {dagbag.py:587} INFO - Filling up the DagBag from /home/airflow/.local/lib/python3.12/site-packages/airflow/example_dags/example_external_task_marker_dag.py
[2024-10-10T07:11:26.189+0000] {processor.py:925} INFO - DAG(s) 'example_external_task_marker_parent', 'example_external_task_marker_child' retrieved from /home/airflow/.local/lib/python3.12/site-packages/airflow/example_dags/example_external_task_marker_dag.py
[2024-10-10T07:11:26.211+0000] {logging_mixin.py:190} INFO - [2024-10-10T07:11:26.211+0000] {dag.py:3229} INFO - Sync 2 DAGs
[2024-10-10T07:11:26.220+0000] {logging_mixin.py:190} INFO - [2024-10-10T07:11:26.220+0000] {dag.py:4156} INFO - Setting next_dagrun for example_external_task_marker_child to None, run_after=None
[2024-10-10T07:11:26.222+0000] {logging_mixin.py:190} INFO - [2024-10-10T07:11:26.222+0000] {dag.py:4156} INFO - Setting next_dagrun for example_external_task_marker_parent to None, run_after=None
[2024-10-10T07:11:26.229+0000] {processor.py:208} INFO - Processing /home/airflow/.local/lib/python3.12/site-packages/airflow/example_dags/example_external_task_marker_dag.py took 0.053 seconds
[2024-10-10T07:39:20.177+0000] {processor.py:186} INFO - Started process (PID=39650) to work on /home/airflow/.local/lib/python3.12/site-packages/airflow/example_dags/example_external_task_marker_dag.py
[2024-10-10T07:39:20.178+0000] {processor.py:914} INFO - Processing file /home/airflow/.local/lib/python3.12/site-packages/airflow/example_dags/example_external_task_marker_dag.py for tasks to queue
[2024-10-10T07:39:20.179+0000] {logging_mixin.py:190} INFO - [2024-10-10T07:39:20.179+0000] {dagbag.py:587} INFO - Filling up the DagBag from /home/airflow/.local/lib/python3.12/site-packages/airflow/example_dags/example_external_task_marker_dag.py
[2024-10-10T07:39:20.185+0000] {processor.py:925} INFO - DAG(s) 'example_external_task_marker_child', 'example_external_task_marker_parent' retrieved from /home/airflow/.local/lib/python3.12/site-packages/airflow/example_dags/example_external_task_marker_dag.py
[2024-10-10T07:39:20.197+0000] {logging_mixin.py:190} INFO - [2024-10-10T07:39:20.197+0000] {dag.py:3229} INFO - Sync 2 DAGs
[2024-10-10T07:39:20.205+0000] {logging_mixin.py:190} INFO - [2024-10-10T07:39:20.205+0000] {dag.py:4156} INFO - Setting next_dagrun for example_external_task_marker_child to None, run_after=None
[2024-10-10T07:39:20.208+0000] {logging_mixin.py:190} INFO - [2024-10-10T07:39:20.208+0000] {dag.py:4156} INFO - Setting next_dagrun for example_external_task_marker_parent to None, run_after=None
[2024-10-10T07:39:20.216+0000] {processor.py:208} INFO - Processing /home/airflow/.local/lib/python3.12/site-packages/airflow/example_dags/example_external_task_marker_dag.py took 0.043 seconds
[2024-10-10T08:03:00.699+0000] {processor.py:186} INFO - Started process (PID=39721) to work on /home/airflow/.local/lib/python3.12/site-packages/airflow/example_dags/example_external_task_marker_dag.py
[2024-10-10T08:03:00.700+0000] {processor.py:914} INFO - Processing file /home/airflow/.local/lib/python3.12/site-packages/airflow/example_dags/example_external_task_marker_dag.py for tasks to queue
[2024-10-10T08:03:00.702+0000] {logging_mixin.py:190} INFO - [2024-10-10T08:03:00.702+0000] {dagbag.py:587} INFO - Filling up the DagBag from /home/airflow/.local/lib/python3.12/site-packages/airflow/example_dags/example_external_task_marker_dag.py
[2024-10-10T08:03:00.708+0000] {processor.py:925} INFO - DAG(s) 'example_external_task_marker_child', 'example_external_task_marker_parent' retrieved from /home/airflow/.local/lib/python3.12/site-packages/airflow/example_dags/example_external_task_marker_dag.py
[2024-10-10T08:03:00.722+0000] {logging_mixin.py:190} INFO - [2024-10-10T08:03:00.722+0000] {dag.py:3229} INFO - Sync 2 DAGs
[2024-10-10T08:03:00.730+0000] {logging_mixin.py:190} INFO - [2024-10-10T08:03:00.730+0000] {dag.py:4156} INFO - Setting next_dagrun for example_external_task_marker_child to None, run_after=None
[2024-10-10T08:03:00.733+0000] {logging_mixin.py:190} INFO - [2024-10-10T08:03:00.733+0000] {dag.py:4156} INFO - Setting next_dagrun for example_external_task_marker_parent to None, run_after=None
[2024-10-10T08:03:00.740+0000] {processor.py:208} INFO - Processing /home/airflow/.local/lib/python3.12/site-packages/airflow/example_dags/example_external_task_marker_dag.py took 0.044 seconds
[2024-10-10T08:12:06.932+0000] {processor.py:186} INFO - Started process (PID=39792) to work on /home/airflow/.local/lib/python3.12/site-packages/airflow/example_dags/example_external_task_marker_dag.py
[2024-10-10T08:12:06.934+0000] {processor.py:914} INFO - Processing file /home/airflow/.local/lib/python3.12/site-packages/airflow/example_dags/example_external_task_marker_dag.py for tasks to queue
[2024-10-10T08:12:06.935+0000] {logging_mixin.py:190} INFO - [2024-10-10T08:12:06.935+0000] {dagbag.py:587} INFO - Filling up the DagBag from /home/airflow/.local/lib/python3.12/site-packages/airflow/example_dags/example_external_task_marker_dag.py
[2024-10-10T08:12:06.943+0000] {processor.py:925} INFO - DAG(s) 'example_external_task_marker_parent', 'example_external_task_marker_child' retrieved from /home/airflow/.local/lib/python3.12/site-packages/airflow/example_dags/example_external_task_marker_dag.py
[2024-10-10T08:12:06.962+0000] {logging_mixin.py:190} INFO - [2024-10-10T08:12:06.961+0000] {dag.py:3229} INFO - Sync 2 DAGs
[2024-10-10T08:12:06.969+0000] {logging_mixin.py:190} INFO - [2024-10-10T08:12:06.969+0000] {dag.py:4156} INFO - Setting next_dagrun for example_external_task_marker_child to None, run_after=None
[2024-10-10T08:12:06.971+0000] {logging_mixin.py:190} INFO - [2024-10-10T08:12:06.971+0000] {dag.py:4156} INFO - Setting next_dagrun for example_external_task_marker_parent to None, run_after=None
[2024-10-10T08:12:06.980+0000] {processor.py:208} INFO - Processing /home/airflow/.local/lib/python3.12/site-packages/airflow/example_dags/example_external_task_marker_dag.py took 0.053 seconds
[2024-10-10T08:24:34.949+0000] {processor.py:186} INFO - Started process (PID=39862) to work on /home/airflow/.local/lib/python3.12/site-packages/airflow/example_dags/example_external_task_marker_dag.py
[2024-10-10T08:24:34.950+0000] {processor.py:914} INFO - Processing file /home/airflow/.local/lib/python3.12/site-packages/airflow/example_dags/example_external_task_marker_dag.py for tasks to queue
[2024-10-10T08:24:34.950+0000] {logging_mixin.py:190} INFO - [2024-10-10T08:24:34.950+0000] {dagbag.py:587} INFO - Filling up the DagBag from /home/airflow/.local/lib/python3.12/site-packages/airflow/example_dags/example_external_task_marker_dag.py
[2024-10-10T08:24:34.957+0000] {processor.py:925} INFO - DAG(s) 'example_external_task_marker_parent', 'example_external_task_marker_child' retrieved from /home/airflow/.local/lib/python3.12/site-packages/airflow/example_dags/example_external_task_marker_dag.py
[2024-10-10T08:24:34.975+0000] {logging_mixin.py:190} INFO - [2024-10-10T08:24:34.975+0000] {dag.py:3229} INFO - Sync 2 DAGs
[2024-10-10T08:24:34.984+0000] {logging_mixin.py:190} INFO - [2024-10-10T08:24:34.984+0000] {dag.py:4156} INFO - Setting next_dagrun for example_external_task_marker_child to None, run_after=None
[2024-10-10T08:24:34.986+0000] {logging_mixin.py:190} INFO - [2024-10-10T08:24:34.986+0000] {dag.py:4156} INFO - Setting next_dagrun for example_external_task_marker_parent to None, run_after=None
[2024-10-10T08:24:34.993+0000] {processor.py:208} INFO - Processing /home/airflow/.local/lib/python3.12/site-packages/airflow/example_dags/example_external_task_marker_dag.py took 0.047 seconds
[2024-10-10T08:25:05.693+0000] {processor.py:186} INFO - Started process (PID=39934) to work on /home/airflow/.local/lib/python3.12/site-packages/airflow/example_dags/example_external_task_marker_dag.py
[2024-10-10T08:25:05.694+0000] {processor.py:914} INFO - Processing file /home/airflow/.local/lib/python3.12/site-packages/airflow/example_dags/example_external_task_marker_dag.py for tasks to queue
[2024-10-10T08:25:05.695+0000] {logging_mixin.py:190} INFO - [2024-10-10T08:25:05.695+0000] {dagbag.py:587} INFO - Filling up the DagBag from /home/airflow/.local/lib/python3.12/site-packages/airflow/example_dags/example_external_task_marker_dag.py
[2024-10-10T08:25:05.701+0000] {processor.py:925} INFO - DAG(s) 'example_external_task_marker_child', 'example_external_task_marker_parent' retrieved from /home/airflow/.local/lib/python3.12/site-packages/airflow/example_dags/example_external_task_marker_dag.py
[2024-10-10T08:25:05.715+0000] {logging_mixin.py:190} INFO - [2024-10-10T08:25:05.714+0000] {dag.py:3229} INFO - Sync 2 DAGs
[2024-10-10T08:25:05.722+0000] {logging_mixin.py:190} INFO - [2024-10-10T08:25:05.722+0000] {dag.py:4156} INFO - Setting next_dagrun for example_external_task_marker_child to None, run_after=None
[2024-10-10T08:25:05.724+0000] {logging_mixin.py:190} INFO - [2024-10-10T08:25:05.724+0000] {dag.py:4156} INFO - Setting next_dagrun for example_external_task_marker_parent to None, run_after=None
[2024-10-10T08:25:05.730+0000] {processor.py:208} INFO - Processing /home/airflow/.local/lib/python3.12/site-packages/airflow/example_dags/example_external_task_marker_dag.py took 0.041 seconds
[2024-10-10T09:14:59.118+0000] {processor.py:186} INFO - Started process (PID=40005) to work on /home/airflow/.local/lib/python3.12/site-packages/airflow/example_dags/example_external_task_marker_dag.py
[2024-10-10T09:14:59.119+0000] {processor.py:914} INFO - Processing file /home/airflow/.local/lib/python3.12/site-packages/airflow/example_dags/example_external_task_marker_dag.py for tasks to queue
[2024-10-10T09:14:59.121+0000] {logging_mixin.py:190} INFO - [2024-10-10T09:14:59.121+0000] {dagbag.py:587} INFO - Filling up the DagBag from /home/airflow/.local/lib/python3.12/site-packages/airflow/example_dags/example_external_task_marker_dag.py
[2024-10-10T09:14:59.128+0000] {processor.py:925} INFO - DAG(s) 'example_external_task_marker_parent', 'example_external_task_marker_child' retrieved from /home/airflow/.local/lib/python3.12/site-packages/airflow/example_dags/example_external_task_marker_dag.py
[2024-10-10T09:14:59.146+0000] {logging_mixin.py:190} INFO - [2024-10-10T09:14:59.146+0000] {dag.py:3229} INFO - Sync 2 DAGs
[2024-10-10T09:14:59.155+0000] {logging_mixin.py:190} INFO - [2024-10-10T09:14:59.155+0000] {dag.py:4156} INFO - Setting next_dagrun for example_external_task_marker_child to None, run_after=None
[2024-10-10T09:14:59.156+0000] {logging_mixin.py:190} INFO - [2024-10-10T09:14:59.156+0000] {dag.py:4156} INFO - Setting next_dagrun for example_external_task_marker_parent to None, run_after=None
[2024-10-10T09:14:59.166+0000] {processor.py:208} INFO - Processing /home/airflow/.local/lib/python3.12/site-packages/airflow/example_dags/example_external_task_marker_dag.py took 0.052 seconds
[2024-10-10T10:21:19.662+0000] {processor.py:186} INFO - Started process (PID=40076) to work on /home/airflow/.local/lib/python3.12/site-packages/airflow/example_dags/example_external_task_marker_dag.py
[2024-10-10T10:21:19.663+0000] {processor.py:914} INFO - Processing file /home/airflow/.local/lib/python3.12/site-packages/airflow/example_dags/example_external_task_marker_dag.py for tasks to queue
[2024-10-10T10:21:19.664+0000] {logging_mixin.py:190} INFO - [2024-10-10T10:21:19.664+0000] {dagbag.py:587} INFO - Filling up the DagBag from /home/airflow/.local/lib/python3.12/site-packages/airflow/example_dags/example_external_task_marker_dag.py
[2024-10-10T10:21:19.668+0000] {processor.py:925} INFO - DAG(s) 'example_external_task_marker_child', 'example_external_task_marker_parent' retrieved from /home/airflow/.local/lib/python3.12/site-packages/airflow/example_dags/example_external_task_marker_dag.py
[2024-10-10T10:21:19.680+0000] {logging_mixin.py:190} INFO - [2024-10-10T10:21:19.680+0000] {dag.py:3229} INFO - Sync 2 DAGs
[2024-10-10T10:21:19.687+0000] {logging_mixin.py:190} INFO - [2024-10-10T10:21:19.687+0000] {dag.py:4156} INFO - Setting next_dagrun for example_external_task_marker_child to None, run_after=None
[2024-10-10T10:21:19.689+0000] {logging_mixin.py:190} INFO - [2024-10-10T10:21:19.688+0000] {dag.py:4156} INFO - Setting next_dagrun for example_external_task_marker_parent to None, run_after=None
[2024-10-10T10:21:19.699+0000] {processor.py:208} INFO - Processing /home/airflow/.local/lib/python3.12/site-packages/airflow/example_dags/example_external_task_marker_dag.py took 0.040 seconds
[2024-10-10T10:44:16.356+0000] {processor.py:186} INFO - Started process (PID=40147) to work on /home/airflow/.local/lib/python3.12/site-packages/airflow/example_dags/example_external_task_marker_dag.py
[2024-10-10T10:44:16.358+0000] {processor.py:914} INFO - Processing file /home/airflow/.local/lib/python3.12/site-packages/airflow/example_dags/example_external_task_marker_dag.py for tasks to queue
[2024-10-10T10:44:16.360+0000] {logging_mixin.py:190} INFO - [2024-10-10T10:44:16.360+0000] {dagbag.py:587} INFO - Filling up the DagBag from /home/airflow/.local/lib/python3.12/site-packages/airflow/example_dags/example_external_task_marker_dag.py
[2024-10-10T10:44:16.367+0000] {processor.py:925} INFO - DAG(s) 'example_external_task_marker_child', 'example_external_task_marker_parent' retrieved from /home/airflow/.local/lib/python3.12/site-packages/airflow/example_dags/example_external_task_marker_dag.py
[2024-10-10T10:44:16.382+0000] {logging_mixin.py:190} INFO - [2024-10-10T10:44:16.381+0000] {dag.py:3229} INFO - Sync 2 DAGs
[2024-10-10T10:44:16.390+0000] {logging_mixin.py:190} INFO - [2024-10-10T10:44:16.389+0000] {dag.py:4156} INFO - Setting next_dagrun for example_external_task_marker_child to None, run_after=None
[2024-10-10T10:44:16.391+0000] {logging_mixin.py:190} INFO - [2024-10-10T10:44:16.391+0000] {dag.py:4156} INFO - Setting next_dagrun for example_external_task_marker_parent to None, run_after=None
[2024-10-10T10:44:16.400+0000] {processor.py:208} INFO - Processing /home/airflow/.local/lib/python3.12/site-packages/airflow/example_dags/example_external_task_marker_dag.py took 0.048 seconds
[2024-10-10T11:15:59.032+0000] {processor.py:186} INFO - Started process (PID=40218) to work on /home/airflow/.local/lib/python3.12/site-packages/airflow/example_dags/example_external_task_marker_dag.py
[2024-10-10T11:15:59.034+0000] {processor.py:914} INFO - Processing file /home/airflow/.local/lib/python3.12/site-packages/airflow/example_dags/example_external_task_marker_dag.py for tasks to queue
[2024-10-10T11:15:59.035+0000] {logging_mixin.py:190} INFO - [2024-10-10T11:15:59.035+0000] {dagbag.py:587} INFO - Filling up the DagBag from /home/airflow/.local/lib/python3.12/site-packages/airflow/example_dags/example_external_task_marker_dag.py
[2024-10-10T11:15:59.040+0000] {processor.py:925} INFO - DAG(s) 'example_external_task_marker_parent', 'example_external_task_marker_child' retrieved from /home/airflow/.local/lib/python3.12/site-packages/airflow/example_dags/example_external_task_marker_dag.py
[2024-10-10T11:15:59.051+0000] {logging_mixin.py:190} INFO - [2024-10-10T11:15:59.051+0000] {dag.py:3229} INFO - Sync 2 DAGs
[2024-10-10T11:15:59.058+0000] {logging_mixin.py:190} INFO - [2024-10-10T11:15:59.058+0000] {dag.py:4156} INFO - Setting next_dagrun for example_external_task_marker_child to None, run_after=None
[2024-10-10T11:15:59.061+0000] {logging_mixin.py:190} INFO - [2024-10-10T11:15:59.060+0000] {dag.py:4156} INFO - Setting next_dagrun for example_external_task_marker_parent to None, run_after=None
[2024-10-10T11:15:59.069+0000] {processor.py:208} INFO - Processing /home/airflow/.local/lib/python3.12/site-packages/airflow/example_dags/example_external_task_marker_dag.py took 0.039 seconds
[2024-10-10T11:16:29.645+0000] {processor.py:186} INFO - Started process (PID=40289) to work on /home/airflow/.local/lib/python3.12/site-packages/airflow/example_dags/example_external_task_marker_dag.py
[2024-10-10T11:16:29.646+0000] {processor.py:914} INFO - Processing file /home/airflow/.local/lib/python3.12/site-packages/airflow/example_dags/example_external_task_marker_dag.py for tasks to queue
[2024-10-10T11:16:29.648+0000] {logging_mixin.py:190} INFO - [2024-10-10T11:16:29.647+0000] {dagbag.py:587} INFO - Filling up the DagBag from /home/airflow/.local/lib/python3.12/site-packages/airflow/example_dags/example_external_task_marker_dag.py
[2024-10-10T11:16:29.652+0000] {processor.py:925} INFO - DAG(s) 'example_external_task_marker_child', 'example_external_task_marker_parent' retrieved from /home/airflow/.local/lib/python3.12/site-packages/airflow/example_dags/example_external_task_marker_dag.py
[2024-10-10T11:16:29.666+0000] {logging_mixin.py:190} INFO - [2024-10-10T11:16:29.665+0000] {dag.py:3229} INFO - Sync 2 DAGs
[2024-10-10T11:16:29.674+0000] {logging_mixin.py:190} INFO - [2024-10-10T11:16:29.674+0000] {dag.py:4156} INFO - Setting next_dagrun for example_external_task_marker_child to None, run_after=None
[2024-10-10T11:16:29.676+0000] {logging_mixin.py:190} INFO - [2024-10-10T11:16:29.676+0000] {dag.py:4156} INFO - Setting next_dagrun for example_external_task_marker_parent to None, run_after=None
[2024-10-10T11:16:29.683+0000] {processor.py:208} INFO - Processing /home/airflow/.local/lib/python3.12/site-packages/airflow/example_dags/example_external_task_marker_dag.py took 0.042 seconds
[2024-10-10T12:21:23.545+0000] {processor.py:186} INFO - Started process (PID=40360) to work on /home/airflow/.local/lib/python3.12/site-packages/airflow/example_dags/example_external_task_marker_dag.py
[2024-10-10T12:21:23.546+0000] {processor.py:914} INFO - Processing file /home/airflow/.local/lib/python3.12/site-packages/airflow/example_dags/example_external_task_marker_dag.py for tasks to queue
[2024-10-10T12:21:23.547+0000] {logging_mixin.py:190} INFO - [2024-10-10T12:21:23.547+0000] {dagbag.py:587} INFO - Filling up the DagBag from /home/airflow/.local/lib/python3.12/site-packages/airflow/example_dags/example_external_task_marker_dag.py
[2024-10-10T12:21:23.553+0000] {processor.py:925} INFO - DAG(s) 'example_external_task_marker_child', 'example_external_task_marker_parent' retrieved from /home/airflow/.local/lib/python3.12/site-packages/airflow/example_dags/example_external_task_marker_dag.py
[2024-10-10T12:21:23.566+0000] {logging_mixin.py:190} INFO - [2024-10-10T12:21:23.565+0000] {dag.py:3229} INFO - Sync 2 DAGs
[2024-10-10T12:21:23.573+0000] {logging_mixin.py:190} INFO - [2024-10-10T12:21:23.573+0000] {dag.py:4156} INFO - Setting next_dagrun for example_external_task_marker_child to None, run_after=None
[2024-10-10T12:21:23.575+0000] {logging_mixin.py:190} INFO - [2024-10-10T12:21:23.575+0000] {dag.py:4156} INFO - Setting next_dagrun for example_external_task_marker_parent to None, run_after=None
[2024-10-10T12:21:23.586+0000] {processor.py:208} INFO - Processing /home/airflow/.local/lib/python3.12/site-packages/airflow/example_dags/example_external_task_marker_dag.py took 0.043 seconds
[2024-10-10T12:50:53.354+0000] {processor.py:186} INFO - Started process (PID=40430) to work on /home/airflow/.local/lib/python3.12/site-packages/airflow/example_dags/example_external_task_marker_dag.py
[2024-10-10T12:50:53.355+0000] {processor.py:914} INFO - Processing file /home/airflow/.local/lib/python3.12/site-packages/airflow/example_dags/example_external_task_marker_dag.py for tasks to queue
[2024-10-10T12:50:53.356+0000] {logging_mixin.py:190} INFO - [2024-10-10T12:50:53.356+0000] {dagbag.py:587} INFO - Filling up the DagBag from /home/airflow/.local/lib/python3.12/site-packages/airflow/example_dags/example_external_task_marker_dag.py
[2024-10-10T12:50:53.361+0000] {processor.py:925} INFO - DAG(s) 'example_external_task_marker_parent', 'example_external_task_marker_child' retrieved from /home/airflow/.local/lib/python3.12/site-packages/airflow/example_dags/example_external_task_marker_dag.py
[2024-10-10T12:50:53.374+0000] {logging_mixin.py:190} INFO - [2024-10-10T12:50:53.374+0000] {dag.py:3229} INFO - Sync 2 DAGs
[2024-10-10T12:50:53.382+0000] {logging_mixin.py:190} INFO - [2024-10-10T12:50:53.382+0000] {dag.py:4156} INFO - Setting next_dagrun for example_external_task_marker_child to None, run_after=None
[2024-10-10T12:50:53.385+0000] {logging_mixin.py:190} INFO - [2024-10-10T12:50:53.385+0000] {dag.py:4156} INFO - Setting next_dagrun for example_external_task_marker_parent to None, run_after=None
[2024-10-10T12:50:53.392+0000] {processor.py:208} INFO - Processing /home/airflow/.local/lib/python3.12/site-packages/airflow/example_dags/example_external_task_marker_dag.py took 0.042 seconds
[2024-10-10T13:08:20.587+0000] {processor.py:186} INFO - Started process (PID=40501) to work on /home/airflow/.local/lib/python3.12/site-packages/airflow/example_dags/example_external_task_marker_dag.py
[2024-10-10T13:08:20.591+0000] {processor.py:914} INFO - Processing file /home/airflow/.local/lib/python3.12/site-packages/airflow/example_dags/example_external_task_marker_dag.py for tasks to queue
[2024-10-10T13:08:20.592+0000] {logging_mixin.py:190} INFO - [2024-10-10T13:08:20.592+0000] {dagbag.py:587} INFO - Filling up the DagBag from /home/airflow/.local/lib/python3.12/site-packages/airflow/example_dags/example_external_task_marker_dag.py
[2024-10-10T13:08:20.599+0000] {processor.py:925} INFO - DAG(s) 'example_external_task_marker_parent', 'example_external_task_marker_child' retrieved from /home/airflow/.local/lib/python3.12/site-packages/airflow/example_dags/example_external_task_marker_dag.py
[2024-10-10T13:08:20.616+0000] {logging_mixin.py:190} INFO - [2024-10-10T13:08:20.616+0000] {dag.py:3229} INFO - Sync 2 DAGs
[2024-10-10T13:08:20.626+0000] {logging_mixin.py:190} INFO - [2024-10-10T13:08:20.625+0000] {dag.py:4156} INFO - Setting next_dagrun for example_external_task_marker_child to None, run_after=None
[2024-10-10T13:08:20.629+0000] {logging_mixin.py:190} INFO - [2024-10-10T13:08:20.629+0000] {dag.py:4156} INFO - Setting next_dagrun for example_external_task_marker_parent to None, run_after=None
[2024-10-10T13:08:20.637+0000] {processor.py:208} INFO - Processing /home/airflow/.local/lib/python3.12/site-packages/airflow/example_dags/example_external_task_marker_dag.py took 0.052 seconds
[2024-10-10T13:51:04.699+0000] {processor.py:186} INFO - Started process (PID=40572) to work on /home/airflow/.local/lib/python3.12/site-packages/airflow/example_dags/example_external_task_marker_dag.py
[2024-10-10T13:51:04.700+0000] {processor.py:914} INFO - Processing file /home/airflow/.local/lib/python3.12/site-packages/airflow/example_dags/example_external_task_marker_dag.py for tasks to queue
[2024-10-10T13:51:04.700+0000] {logging_mixin.py:190} INFO - [2024-10-10T13:51:04.700+0000] {dagbag.py:587} INFO - Filling up the DagBag from /home/airflow/.local/lib/python3.12/site-packages/airflow/example_dags/example_external_task_marker_dag.py
[2024-10-10T13:51:04.705+0000] {processor.py:925} INFO - DAG(s) 'example_external_task_marker_parent', 'example_external_task_marker_child' retrieved from /home/airflow/.local/lib/python3.12/site-packages/airflow/example_dags/example_external_task_marker_dag.py
[2024-10-10T13:51:04.717+0000] {logging_mixin.py:190} INFO - [2024-10-10T13:51:04.717+0000] {dag.py:3229} INFO - Sync 2 DAGs
[2024-10-10T13:51:04.724+0000] {logging_mixin.py:190} INFO - [2024-10-10T13:51:04.724+0000] {dag.py:4156} INFO - Setting next_dagrun for example_external_task_marker_child to None, run_after=None
[2024-10-10T13:51:04.726+0000] {logging_mixin.py:190} INFO - [2024-10-10T13:51:04.726+0000] {dag.py:4156} INFO - Setting next_dagrun for example_external_task_marker_parent to None, run_after=None
[2024-10-10T13:51:04.732+0000] {processor.py:208} INFO - Processing /home/airflow/.local/lib/python3.12/site-packages/airflow/example_dags/example_external_task_marker_dag.py took 0.036 seconds
[2024-10-10T14:18:18.609+0000] {processor.py:186} INFO - Started process (PID=40643) to work on /home/airflow/.local/lib/python3.12/site-packages/airflow/example_dags/example_external_task_marker_dag.py
[2024-10-10T14:18:18.611+0000] {processor.py:914} INFO - Processing file /home/airflow/.local/lib/python3.12/site-packages/airflow/example_dags/example_external_task_marker_dag.py for tasks to queue
[2024-10-10T14:18:18.613+0000] {logging_mixin.py:190} INFO - [2024-10-10T14:18:18.612+0000] {dagbag.py:587} INFO - Filling up the DagBag from /home/airflow/.local/lib/python3.12/site-packages/airflow/example_dags/example_external_task_marker_dag.py
[2024-10-10T14:18:18.617+0000] {processor.py:925} INFO - DAG(s) 'example_external_task_marker_child', 'example_external_task_marker_parent' retrieved from /home/airflow/.local/lib/python3.12/site-packages/airflow/example_dags/example_external_task_marker_dag.py
[2024-10-10T14:18:18.630+0000] {logging_mixin.py:190} INFO - [2024-10-10T14:18:18.630+0000] {dag.py:3229} INFO - Sync 2 DAGs
[2024-10-10T14:18:18.638+0000] {logging_mixin.py:190} INFO - [2024-10-10T14:18:18.637+0000] {dag.py:4156} INFO - Setting next_dagrun for example_external_task_marker_child to None, run_after=None
[2024-10-10T14:18:18.640+0000] {logging_mixin.py:190} INFO - [2024-10-10T14:18:18.640+0000] {dag.py:4156} INFO - Setting next_dagrun for example_external_task_marker_parent to None, run_after=None
[2024-10-10T14:18:18.654+0000] {processor.py:208} INFO - Processing /home/airflow/.local/lib/python3.12/site-packages/airflow/example_dags/example_external_task_marker_dag.py took 0.049 seconds
[2024-10-10T14:50:17.823+0000] {processor.py:186} INFO - Started process (PID=40714) to work on /home/airflow/.local/lib/python3.12/site-packages/airflow/example_dags/example_external_task_marker_dag.py
[2024-10-10T14:50:17.841+0000] {processor.py:914} INFO - Processing file /home/airflow/.local/lib/python3.12/site-packages/airflow/example_dags/example_external_task_marker_dag.py for tasks to queue
[2024-10-10T14:50:17.845+0000] {logging_mixin.py:190} INFO - [2024-10-10T14:50:17.845+0000] {dagbag.py:587} INFO - Filling up the DagBag from /home/airflow/.local/lib/python3.12/site-packages/airflow/example_dags/example_external_task_marker_dag.py
[2024-10-10T14:50:17.854+0000] {processor.py:925} INFO - DAG(s) 'example_external_task_marker_child', 'example_external_task_marker_parent' retrieved from /home/airflow/.local/lib/python3.12/site-packages/airflow/example_dags/example_external_task_marker_dag.py
[2024-10-10T14:50:17.870+0000] {logging_mixin.py:190} INFO - [2024-10-10T14:50:17.870+0000] {dag.py:3229} INFO - Sync 2 DAGs
[2024-10-10T14:50:17.878+0000] {logging_mixin.py:190} INFO - [2024-10-10T14:50:17.878+0000] {dag.py:4156} INFO - Setting next_dagrun for example_external_task_marker_child to None, run_after=None
[2024-10-10T14:50:17.880+0000] {logging_mixin.py:190} INFO - [2024-10-10T14:50:17.880+0000] {dag.py:4156} INFO - Setting next_dagrun for example_external_task_marker_parent to None, run_after=None
[2024-10-10T14:50:17.889+0000] {processor.py:208} INFO - Processing /home/airflow/.local/lib/python3.12/site-packages/airflow/example_dags/example_external_task_marker_dag.py took 0.069 seconds
[2024-10-10T15:19:03.185+0000] {processor.py:186} INFO - Started process (PID=40785) to work on /home/airflow/.local/lib/python3.12/site-packages/airflow/example_dags/example_external_task_marker_dag.py
[2024-10-10T15:19:03.186+0000] {processor.py:914} INFO - Processing file /home/airflow/.local/lib/python3.12/site-packages/airflow/example_dags/example_external_task_marker_dag.py for tasks to queue
[2024-10-10T15:19:03.187+0000] {logging_mixin.py:190} INFO - [2024-10-10T15:19:03.187+0000] {dagbag.py:587} INFO - Filling up the DagBag from /home/airflow/.local/lib/python3.12/site-packages/airflow/example_dags/example_external_task_marker_dag.py
[2024-10-10T15:19:03.193+0000] {processor.py:925} INFO - DAG(s) 'example_external_task_marker_child', 'example_external_task_marker_parent' retrieved from /home/airflow/.local/lib/python3.12/site-packages/airflow/example_dags/example_external_task_marker_dag.py
[2024-10-10T15:19:03.210+0000] {logging_mixin.py:190} INFO - [2024-10-10T15:19:03.210+0000] {dag.py:3229} INFO - Sync 2 DAGs
[2024-10-10T15:19:03.217+0000] {logging_mixin.py:190} INFO - [2024-10-10T15:19:03.217+0000] {dag.py:4156} INFO - Setting next_dagrun for example_external_task_marker_child to None, run_after=None
[2024-10-10T15:19:03.224+0000] {logging_mixin.py:190} INFO - [2024-10-10T15:19:03.220+0000] {dag.py:4156} INFO - Setting next_dagrun for example_external_task_marker_parent to None, run_after=None
[2024-10-10T15:19:03.231+0000] {processor.py:208} INFO - Processing /home/airflow/.local/lib/python3.12/site-packages/airflow/example_dags/example_external_task_marker_dag.py took 0.050 seconds
[2024-10-10T15:50:11.321+0000] {processor.py:186} INFO - Started process (PID=40856) to work on /home/airflow/.local/lib/python3.12/site-packages/airflow/example_dags/example_external_task_marker_dag.py
[2024-10-10T15:50:11.323+0000] {processor.py:914} INFO - Processing file /home/airflow/.local/lib/python3.12/site-packages/airflow/example_dags/example_external_task_marker_dag.py for tasks to queue
[2024-10-10T15:50:11.324+0000] {logging_mixin.py:190} INFO - [2024-10-10T15:50:11.324+0000] {dagbag.py:587} INFO - Filling up the DagBag from /home/airflow/.local/lib/python3.12/site-packages/airflow/example_dags/example_external_task_marker_dag.py
[2024-10-10T15:50:11.330+0000] {processor.py:925} INFO - DAG(s) 'example_external_task_marker_parent', 'example_external_task_marker_child' retrieved from /home/airflow/.local/lib/python3.12/site-packages/airflow/example_dags/example_external_task_marker_dag.py
[2024-10-10T15:50:11.344+0000] {logging_mixin.py:190} INFO - [2024-10-10T15:50:11.344+0000] {dag.py:3229} INFO - Sync 2 DAGs
[2024-10-10T15:50:11.355+0000] {logging_mixin.py:190} INFO - [2024-10-10T15:50:11.354+0000] {dag.py:4156} INFO - Setting next_dagrun for example_external_task_marker_child to None, run_after=None
[2024-10-10T15:50:11.357+0000] {logging_mixin.py:190} INFO - [2024-10-10T15:50:11.357+0000] {dag.py:4156} INFO - Setting next_dagrun for example_external_task_marker_parent to None, run_after=None
[2024-10-10T15:50:11.375+0000] {processor.py:208} INFO - Processing /home/airflow/.local/lib/python3.12/site-packages/airflow/example_dags/example_external_task_marker_dag.py took 0.058 seconds
[2024-10-10T16:36:39.495+0000] {processor.py:186} INFO - Started process (PID=40927) to work on /home/airflow/.local/lib/python3.12/site-packages/airflow/example_dags/example_external_task_marker_dag.py
[2024-10-10T16:36:39.497+0000] {processor.py:914} INFO - Processing file /home/airflow/.local/lib/python3.12/site-packages/airflow/example_dags/example_external_task_marker_dag.py for tasks to queue
[2024-10-10T16:36:39.499+0000] {logging_mixin.py:190} INFO - [2024-10-10T16:36:39.499+0000] {dagbag.py:587} INFO - Filling up the DagBag from /home/airflow/.local/lib/python3.12/site-packages/airflow/example_dags/example_external_task_marker_dag.py
[2024-10-10T16:36:39.509+0000] {processor.py:925} INFO - DAG(s) 'example_external_task_marker_child', 'example_external_task_marker_parent' retrieved from /home/airflow/.local/lib/python3.12/site-packages/airflow/example_dags/example_external_task_marker_dag.py
[2024-10-10T16:36:39.527+0000] {logging_mixin.py:190} INFO - [2024-10-10T16:36:39.527+0000] {dag.py:3229} INFO - Sync 2 DAGs
[2024-10-10T16:36:39.537+0000] {logging_mixin.py:190} INFO - [2024-10-10T16:36:39.537+0000] {dag.py:4156} INFO - Setting next_dagrun for example_external_task_marker_child to None, run_after=None
[2024-10-10T16:36:39.541+0000] {logging_mixin.py:190} INFO - [2024-10-10T16:36:39.541+0000] {dag.py:4156} INFO - Setting next_dagrun for example_external_task_marker_parent to None, run_after=None
[2024-10-10T16:36:39.549+0000] {processor.py:208} INFO - Processing /home/airflow/.local/lib/python3.12/site-packages/airflow/example_dags/example_external_task_marker_dag.py took 0.058 seconds
[2024-10-10T16:45:47.875+0000] {processor.py:186} INFO - Started process (PID=40998) to work on /home/airflow/.local/lib/python3.12/site-packages/airflow/example_dags/example_external_task_marker_dag.py
[2024-10-10T16:45:47.876+0000] {processor.py:914} INFO - Processing file /home/airflow/.local/lib/python3.12/site-packages/airflow/example_dags/example_external_task_marker_dag.py for tasks to queue
[2024-10-10T16:45:47.877+0000] {logging_mixin.py:190} INFO - [2024-10-10T16:45:47.877+0000] {dagbag.py:587} INFO - Filling up the DagBag from /home/airflow/.local/lib/python3.12/site-packages/airflow/example_dags/example_external_task_marker_dag.py
[2024-10-10T16:45:47.884+0000] {processor.py:925} INFO - DAG(s) 'example_external_task_marker_parent', 'example_external_task_marker_child' retrieved from /home/airflow/.local/lib/python3.12/site-packages/airflow/example_dags/example_external_task_marker_dag.py
[2024-10-10T16:45:47.896+0000] {logging_mixin.py:190} INFO - [2024-10-10T16:45:47.895+0000] {dag.py:3229} INFO - Sync 2 DAGs
[2024-10-10T16:45:47.903+0000] {logging_mixin.py:190} INFO - [2024-10-10T16:45:47.903+0000] {dag.py:4156} INFO - Setting next_dagrun for example_external_task_marker_child to None, run_after=None
[2024-10-10T16:45:47.907+0000] {logging_mixin.py:190} INFO - [2024-10-10T16:45:47.907+0000] {dag.py:4156} INFO - Setting next_dagrun for example_external_task_marker_parent to None, run_after=None
[2024-10-10T16:45:47.915+0000] {processor.py:208} INFO - Processing /home/airflow/.local/lib/python3.12/site-packages/airflow/example_dags/example_external_task_marker_dag.py took 0.044 seconds
[2024-10-10T17:20:02.608+0000] {processor.py:186} INFO - Started process (PID=41068) to work on /home/airflow/.local/lib/python3.12/site-packages/airflow/example_dags/example_external_task_marker_dag.py
[2024-10-10T17:20:02.609+0000] {processor.py:914} INFO - Processing file /home/airflow/.local/lib/python3.12/site-packages/airflow/example_dags/example_external_task_marker_dag.py for tasks to queue
[2024-10-10T17:20:02.610+0000] {logging_mixin.py:190} INFO - [2024-10-10T17:20:02.610+0000] {dagbag.py:587} INFO - Filling up the DagBag from /home/airflow/.local/lib/python3.12/site-packages/airflow/example_dags/example_external_task_marker_dag.py
[2024-10-10T17:20:02.616+0000] {processor.py:925} INFO - DAG(s) 'example_external_task_marker_parent', 'example_external_task_marker_child' retrieved from /home/airflow/.local/lib/python3.12/site-packages/airflow/example_dags/example_external_task_marker_dag.py
[2024-10-10T17:20:02.629+0000] {logging_mixin.py:190} INFO - [2024-10-10T17:20:02.628+0000] {dag.py:3229} INFO - Sync 2 DAGs
[2024-10-10T17:20:02.637+0000] {logging_mixin.py:190} INFO - [2024-10-10T17:20:02.637+0000] {dag.py:4156} INFO - Setting next_dagrun for example_external_task_marker_child to None, run_after=None
[2024-10-10T17:20:02.641+0000] {logging_mixin.py:190} INFO - [2024-10-10T17:20:02.641+0000] {dag.py:4156} INFO - Setting next_dagrun for example_external_task_marker_parent to None, run_after=None
[2024-10-10T17:20:02.648+0000] {processor.py:208} INFO - Processing /home/airflow/.local/lib/python3.12/site-packages/airflow/example_dags/example_external_task_marker_dag.py took 0.043 seconds
[2024-10-10T18:21:02.516+0000] {processor.py:186} INFO - Started process (PID=41139) to work on /home/airflow/.local/lib/python3.12/site-packages/airflow/example_dags/example_external_task_marker_dag.py
[2024-10-10T18:21:02.517+0000] {processor.py:914} INFO - Processing file /home/airflow/.local/lib/python3.12/site-packages/airflow/example_dags/example_external_task_marker_dag.py for tasks to queue
[2024-10-10T18:21:02.518+0000] {logging_mixin.py:190} INFO - [2024-10-10T18:21:02.518+0000] {dagbag.py:587} INFO - Filling up the DagBag from /home/airflow/.local/lib/python3.12/site-packages/airflow/example_dags/example_external_task_marker_dag.py
[2024-10-10T18:21:02.524+0000] {processor.py:925} INFO - DAG(s) 'example_external_task_marker_child', 'example_external_task_marker_parent' retrieved from /home/airflow/.local/lib/python3.12/site-packages/airflow/example_dags/example_external_task_marker_dag.py
[2024-10-10T18:21:02.542+0000] {logging_mixin.py:190} INFO - [2024-10-10T18:21:02.542+0000] {dag.py:3229} INFO - Sync 2 DAGs
[2024-10-10T18:21:02.550+0000] {logging_mixin.py:190} INFO - [2024-10-10T18:21:02.550+0000] {dag.py:4156} INFO - Setting next_dagrun for example_external_task_marker_child to None, run_after=None
[2024-10-10T18:21:02.551+0000] {logging_mixin.py:190} INFO - [2024-10-10T18:21:02.551+0000] {dag.py:4156} INFO - Setting next_dagrun for example_external_task_marker_parent to None, run_after=None
[2024-10-10T18:21:02.558+0000] {processor.py:208} INFO - Processing /home/airflow/.local/lib/python3.12/site-packages/airflow/example_dags/example_external_task_marker_dag.py took 0.047 seconds
[2024-10-10T18:38:28.592+0000] {processor.py:186} INFO - Started process (PID=41210) to work on /home/airflow/.local/lib/python3.12/site-packages/airflow/example_dags/example_external_task_marker_dag.py
[2024-10-10T18:38:28.594+0000] {processor.py:914} INFO - Processing file /home/airflow/.local/lib/python3.12/site-packages/airflow/example_dags/example_external_task_marker_dag.py for tasks to queue
[2024-10-10T18:38:28.597+0000] {logging_mixin.py:190} INFO - [2024-10-10T18:38:28.597+0000] {dagbag.py:587} INFO - Filling up the DagBag from /home/airflow/.local/lib/python3.12/site-packages/airflow/example_dags/example_external_task_marker_dag.py
[2024-10-10T18:38:28.606+0000] {processor.py:925} INFO - DAG(s) 'example_external_task_marker_parent', 'example_external_task_marker_child' retrieved from /home/airflow/.local/lib/python3.12/site-packages/airflow/example_dags/example_external_task_marker_dag.py
[2024-10-10T18:38:28.629+0000] {logging_mixin.py:190} INFO - [2024-10-10T18:38:28.629+0000] {dag.py:3229} INFO - Sync 2 DAGs
[2024-10-10T18:38:28.654+0000] {logging_mixin.py:190} INFO - [2024-10-10T18:38:28.654+0000] {dag.py:4156} INFO - Setting next_dagrun for example_external_task_marker_child to None, run_after=None
[2024-10-10T18:38:28.659+0000] {logging_mixin.py:190} INFO - [2024-10-10T18:38:28.658+0000] {dag.py:4156} INFO - Setting next_dagrun for example_external_task_marker_parent to None, run_after=None
[2024-10-10T18:38:28.668+0000] {processor.py:208} INFO - Processing /home/airflow/.local/lib/python3.12/site-packages/airflow/example_dags/example_external_task_marker_dag.py took 0.080 seconds
[2024-10-10T19:39:12.668+0000] {processor.py:186} INFO - Started process (PID=41281) to work on /home/airflow/.local/lib/python3.12/site-packages/airflow/example_dags/example_external_task_marker_dag.py
[2024-10-10T19:39:12.669+0000] {processor.py:914} INFO - Processing file /home/airflow/.local/lib/python3.12/site-packages/airflow/example_dags/example_external_task_marker_dag.py for tasks to queue
[2024-10-10T19:39:12.670+0000] {logging_mixin.py:190} INFO - [2024-10-10T19:39:12.669+0000] {dagbag.py:587} INFO - Filling up the DagBag from /home/airflow/.local/lib/python3.12/site-packages/airflow/example_dags/example_external_task_marker_dag.py
[2024-10-10T19:39:12.674+0000] {processor.py:925} INFO - DAG(s) 'example_external_task_marker_child', 'example_external_task_marker_parent' retrieved from /home/airflow/.local/lib/python3.12/site-packages/airflow/example_dags/example_external_task_marker_dag.py
[2024-10-10T19:39:12.690+0000] {logging_mixin.py:190} INFO - [2024-10-10T19:39:12.690+0000] {dag.py:3229} INFO - Sync 2 DAGs
[2024-10-10T19:39:12.699+0000] {logging_mixin.py:190} INFO - [2024-10-10T19:39:12.699+0000] {dag.py:4156} INFO - Setting next_dagrun for example_external_task_marker_child to None, run_after=None
[2024-10-10T19:39:12.701+0000] {logging_mixin.py:190} INFO - [2024-10-10T19:39:12.701+0000] {dag.py:4156} INFO - Setting next_dagrun for example_external_task_marker_parent to None, run_after=None
[2024-10-10T19:39:12.707+0000] {processor.py:208} INFO - Processing /home/airflow/.local/lib/python3.12/site-packages/airflow/example_dags/example_external_task_marker_dag.py took 0.042 seconds
[2024-10-10T20:23:16.954+0000] {processor.py:186} INFO - Started process (PID=41352) to work on /home/airflow/.local/lib/python3.12/site-packages/airflow/example_dags/example_external_task_marker_dag.py
[2024-10-10T20:23:16.957+0000] {processor.py:914} INFO - Processing file /home/airflow/.local/lib/python3.12/site-packages/airflow/example_dags/example_external_task_marker_dag.py for tasks to queue
[2024-10-10T20:23:16.958+0000] {logging_mixin.py:190} INFO - [2024-10-10T20:23:16.958+0000] {dagbag.py:587} INFO - Filling up the DagBag from /home/airflow/.local/lib/python3.12/site-packages/airflow/example_dags/example_external_task_marker_dag.py
[2024-10-10T20:23:16.968+0000] {processor.py:925} INFO - DAG(s) 'example_external_task_marker_parent', 'example_external_task_marker_child' retrieved from /home/airflow/.local/lib/python3.12/site-packages/airflow/example_dags/example_external_task_marker_dag.py
[2024-10-10T20:23:16.985+0000] {logging_mixin.py:190} INFO - [2024-10-10T20:23:16.985+0000] {dag.py:3229} INFO - Sync 2 DAGs
[2024-10-10T20:23:16.994+0000] {logging_mixin.py:190} INFO - [2024-10-10T20:23:16.994+0000] {dag.py:4156} INFO - Setting next_dagrun for example_external_task_marker_child to None, run_after=None
[2024-10-10T20:23:16.997+0000] {logging_mixin.py:190} INFO - [2024-10-10T20:23:16.997+0000] {dag.py:4156} INFO - Setting next_dagrun for example_external_task_marker_parent to None, run_after=None
[2024-10-10T20:23:17.004+0000] {processor.py:208} INFO - Processing /home/airflow/.local/lib/python3.12/site-packages/airflow/example_dags/example_external_task_marker_dag.py took 0.055 seconds
[2024-10-10T20:54:21.631+0000] {processor.py:186} INFO - Started process (PID=41423) to work on /home/airflow/.local/lib/python3.12/site-packages/airflow/example_dags/example_external_task_marker_dag.py
[2024-10-10T20:54:21.635+0000] {processor.py:914} INFO - Processing file /home/airflow/.local/lib/python3.12/site-packages/airflow/example_dags/example_external_task_marker_dag.py for tasks to queue
[2024-10-10T20:54:21.635+0000] {logging_mixin.py:190} INFO - [2024-10-10T20:54:21.635+0000] {dagbag.py:587} INFO - Filling up the DagBag from /home/airflow/.local/lib/python3.12/site-packages/airflow/example_dags/example_external_task_marker_dag.py
[2024-10-10T20:54:21.640+0000] {processor.py:925} INFO - DAG(s) 'example_external_task_marker_child', 'example_external_task_marker_parent' retrieved from /home/airflow/.local/lib/python3.12/site-packages/airflow/example_dags/example_external_task_marker_dag.py
[2024-10-10T20:54:21.653+0000] {logging_mixin.py:190} INFO - [2024-10-10T20:54:21.653+0000] {dag.py:3229} INFO - Sync 2 DAGs
[2024-10-10T20:54:21.660+0000] {logging_mixin.py:190} INFO - [2024-10-10T20:54:21.660+0000] {dag.py:4156} INFO - Setting next_dagrun for example_external_task_marker_child to None, run_after=None
[2024-10-10T20:54:21.662+0000] {logging_mixin.py:190} INFO - [2024-10-10T20:54:21.661+0000] {dag.py:4156} INFO - Setting next_dagrun for example_external_task_marker_parent to None, run_after=None
[2024-10-10T20:54:21.668+0000] {processor.py:208} INFO - Processing /home/airflow/.local/lib/python3.12/site-packages/airflow/example_dags/example_external_task_marker_dag.py took 0.040 seconds
[2024-10-10T21:24:09.529+0000] {processor.py:186} INFO - Started process (PID=41494) to work on /home/airflow/.local/lib/python3.12/site-packages/airflow/example_dags/example_external_task_marker_dag.py
[2024-10-10T21:24:09.531+0000] {processor.py:914} INFO - Processing file /home/airflow/.local/lib/python3.12/site-packages/airflow/example_dags/example_external_task_marker_dag.py for tasks to queue
[2024-10-10T21:24:09.532+0000] {logging_mixin.py:190} INFO - [2024-10-10T21:24:09.531+0000] {dagbag.py:587} INFO - Filling up the DagBag from /home/airflow/.local/lib/python3.12/site-packages/airflow/example_dags/example_external_task_marker_dag.py
[2024-10-10T21:24:09.544+0000] {processor.py:925} INFO - DAG(s) 'example_external_task_marker_child', 'example_external_task_marker_parent' retrieved from /home/airflow/.local/lib/python3.12/site-packages/airflow/example_dags/example_external_task_marker_dag.py
[2024-10-10T21:24:09.601+0000] {logging_mixin.py:190} INFO - [2024-10-10T21:24:09.601+0000] {dag.py:3229} INFO - Sync 2 DAGs
[2024-10-10T21:24:09.610+0000] {logging_mixin.py:190} INFO - [2024-10-10T21:24:09.610+0000] {dag.py:4156} INFO - Setting next_dagrun for example_external_task_marker_child to None, run_after=None
[2024-10-10T21:24:09.612+0000] {logging_mixin.py:190} INFO - [2024-10-10T21:24:09.612+0000] {dag.py:4156} INFO - Setting next_dagrun for example_external_task_marker_parent to None, run_after=None
[2024-10-10T21:24:09.619+0000] {processor.py:208} INFO - Processing /home/airflow/.local/lib/python3.12/site-packages/airflow/example_dags/example_external_task_marker_dag.py took 0.094 seconds
[2024-10-10T21:24:40.073+0000] {processor.py:186} INFO - Started process (PID=41565) to work on /home/airflow/.local/lib/python3.12/site-packages/airflow/example_dags/example_external_task_marker_dag.py
[2024-10-10T21:24:40.075+0000] {processor.py:914} INFO - Processing file /home/airflow/.local/lib/python3.12/site-packages/airflow/example_dags/example_external_task_marker_dag.py for tasks to queue
[2024-10-10T21:24:40.076+0000] {logging_mixin.py:190} INFO - [2024-10-10T21:24:40.076+0000] {dagbag.py:587} INFO - Filling up the DagBag from /home/airflow/.local/lib/python3.12/site-packages/airflow/example_dags/example_external_task_marker_dag.py
[2024-10-10T21:24:40.081+0000] {processor.py:925} INFO - DAG(s) 'example_external_task_marker_parent', 'example_external_task_marker_child' retrieved from /home/airflow/.local/lib/python3.12/site-packages/airflow/example_dags/example_external_task_marker_dag.py
[2024-10-10T21:24:40.092+0000] {logging_mixin.py:190} INFO - [2024-10-10T21:24:40.092+0000] {dag.py:3229} INFO - Sync 2 DAGs
[2024-10-10T21:24:40.101+0000] {logging_mixin.py:190} INFO - [2024-10-10T21:24:40.101+0000] {dag.py:4156} INFO - Setting next_dagrun for example_external_task_marker_child to None, run_after=None
[2024-10-10T21:24:40.103+0000] {logging_mixin.py:190} INFO - [2024-10-10T21:24:40.103+0000] {dag.py:4156} INFO - Setting next_dagrun for example_external_task_marker_parent to None, run_after=None
[2024-10-10T21:24:40.110+0000] {processor.py:208} INFO - Processing /home/airflow/.local/lib/python3.12/site-packages/airflow/example_dags/example_external_task_marker_dag.py took 0.040 seconds
[2024-10-10T21:43:36.840+0000] {processor.py:186} INFO - Started process (PID=41636) to work on /home/airflow/.local/lib/python3.12/site-packages/airflow/example_dags/example_external_task_marker_dag.py
[2024-10-10T21:43:36.841+0000] {processor.py:914} INFO - Processing file /home/airflow/.local/lib/python3.12/site-packages/airflow/example_dags/example_external_task_marker_dag.py for tasks to queue
[2024-10-10T21:43:36.841+0000] {logging_mixin.py:190} INFO - [2024-10-10T21:43:36.841+0000] {dagbag.py:587} INFO - Filling up the DagBag from /home/airflow/.local/lib/python3.12/site-packages/airflow/example_dags/example_external_task_marker_dag.py
[2024-10-10T21:43:36.846+0000] {processor.py:925} INFO - DAG(s) 'example_external_task_marker_parent', 'example_external_task_marker_child' retrieved from /home/airflow/.local/lib/python3.12/site-packages/airflow/example_dags/example_external_task_marker_dag.py
[2024-10-10T21:43:36.862+0000] {logging_mixin.py:190} INFO - [2024-10-10T21:43:36.862+0000] {dag.py:3229} INFO - Sync 2 DAGs
[2024-10-10T21:43:36.872+0000] {logging_mixin.py:190} INFO - [2024-10-10T21:43:36.872+0000] {dag.py:4156} INFO - Setting next_dagrun for example_external_task_marker_child to None, run_after=None
[2024-10-10T21:43:36.875+0000] {logging_mixin.py:190} INFO - [2024-10-10T21:43:36.875+0000] {dag.py:4156} INFO - Setting next_dagrun for example_external_task_marker_parent to None, run_after=None
[2024-10-10T21:43:36.886+0000] {processor.py:208} INFO - Processing /home/airflow/.local/lib/python3.12/site-packages/airflow/example_dags/example_external_task_marker_dag.py took 0.050 seconds
[2024-10-10T22:17:49.750+0000] {processor.py:186} INFO - Started process (PID=41707) to work on /home/airflow/.local/lib/python3.12/site-packages/airflow/example_dags/example_external_task_marker_dag.py
[2024-10-10T22:17:49.754+0000] {processor.py:914} INFO - Processing file /home/airflow/.local/lib/python3.12/site-packages/airflow/example_dags/example_external_task_marker_dag.py for tasks to queue
[2024-10-10T22:17:49.756+0000] {logging_mixin.py:190} INFO - [2024-10-10T22:17:49.755+0000] {dagbag.py:587} INFO - Filling up the DagBag from /home/airflow/.local/lib/python3.12/site-packages/airflow/example_dags/example_external_task_marker_dag.py
[2024-10-10T22:17:49.764+0000] {processor.py:925} INFO - DAG(s) 'example_external_task_marker_child', 'example_external_task_marker_parent' retrieved from /home/airflow/.local/lib/python3.12/site-packages/airflow/example_dags/example_external_task_marker_dag.py
[2024-10-10T22:17:49.818+0000] {logging_mixin.py:190} INFO - [2024-10-10T22:17:49.818+0000] {dag.py:3229} INFO - Sync 2 DAGs
[2024-10-10T22:17:49.842+0000] {logging_mixin.py:190} INFO - [2024-10-10T22:17:49.841+0000] {dag.py:4156} INFO - Setting next_dagrun for example_external_task_marker_child to None, run_after=None
[2024-10-10T22:17:49.847+0000] {logging_mixin.py:190} INFO - [2024-10-10T22:17:49.847+0000] {dag.py:4156} INFO - Setting next_dagrun for example_external_task_marker_parent to None, run_after=None
[2024-10-10T22:17:49.872+0000] {processor.py:208} INFO - Processing /home/airflow/.local/lib/python3.12/site-packages/airflow/example_dags/example_external_task_marker_dag.py took 0.128 seconds
[2024-10-10T22:46:10.522+0000] {processor.py:186} INFO - Started process (PID=41778) to work on /home/airflow/.local/lib/python3.12/site-packages/airflow/example_dags/example_external_task_marker_dag.py
[2024-10-10T22:46:10.527+0000] {processor.py:914} INFO - Processing file /home/airflow/.local/lib/python3.12/site-packages/airflow/example_dags/example_external_task_marker_dag.py for tasks to queue
[2024-10-10T22:46:10.527+0000] {logging_mixin.py:190} INFO - [2024-10-10T22:46:10.527+0000] {dagbag.py:587} INFO - Filling up the DagBag from /home/airflow/.local/lib/python3.12/site-packages/airflow/example_dags/example_external_task_marker_dag.py
[2024-10-10T22:46:10.533+0000] {processor.py:925} INFO - DAG(s) 'example_external_task_marker_child', 'example_external_task_marker_parent' retrieved from /home/airflow/.local/lib/python3.12/site-packages/airflow/example_dags/example_external_task_marker_dag.py
[2024-10-10T22:46:10.560+0000] {logging_mixin.py:190} INFO - [2024-10-10T22:46:10.560+0000] {dag.py:3229} INFO - Sync 2 DAGs
[2024-10-10T22:46:10.571+0000] {logging_mixin.py:190} INFO - [2024-10-10T22:46:10.571+0000] {dag.py:4156} INFO - Setting next_dagrun for example_external_task_marker_child to None, run_after=None
[2024-10-10T22:46:10.575+0000] {logging_mixin.py:190} INFO - [2024-10-10T22:46:10.575+0000] {dag.py:4156} INFO - Setting next_dagrun for example_external_task_marker_parent to None, run_after=None
[2024-10-10T22:46:10.590+0000] {processor.py:208} INFO - Processing /home/airflow/.local/lib/python3.12/site-packages/airflow/example_dags/example_external_task_marker_dag.py took 0.072 seconds
[2024-10-10T23:26:20.544+0000] {processor.py:186} INFO - Started process (PID=41849) to work on /home/airflow/.local/lib/python3.12/site-packages/airflow/example_dags/example_external_task_marker_dag.py
[2024-10-10T23:26:20.545+0000] {processor.py:914} INFO - Processing file /home/airflow/.local/lib/python3.12/site-packages/airflow/example_dags/example_external_task_marker_dag.py for tasks to queue
[2024-10-10T23:26:20.545+0000] {logging_mixin.py:190} INFO - [2024-10-10T23:26:20.545+0000] {dagbag.py:587} INFO - Filling up the DagBag from /home/airflow/.local/lib/python3.12/site-packages/airflow/example_dags/example_external_task_marker_dag.py
[2024-10-10T23:26:20.554+0000] {processor.py:925} INFO - DAG(s) 'example_external_task_marker_child', 'example_external_task_marker_parent' retrieved from /home/airflow/.local/lib/python3.12/site-packages/airflow/example_dags/example_external_task_marker_dag.py
[2024-10-10T23:26:20.566+0000] {logging_mixin.py:190} INFO - [2024-10-10T23:26:20.566+0000] {dag.py:3229} INFO - Sync 2 DAGs
[2024-10-10T23:26:20.575+0000] {logging_mixin.py:190} INFO - [2024-10-10T23:26:20.575+0000] {dag.py:4156} INFO - Setting next_dagrun for example_external_task_marker_child to None, run_after=None
[2024-10-10T23:26:20.578+0000] {logging_mixin.py:190} INFO - [2024-10-10T23:26:20.578+0000] {dag.py:4156} INFO - Setting next_dagrun for example_external_task_marker_parent to None, run_after=None
[2024-10-10T23:26:20.588+0000] {processor.py:208} INFO - Processing /home/airflow/.local/lib/python3.12/site-packages/airflow/example_dags/example_external_task_marker_dag.py took 0.047 seconds
