[2024-10-10T00:11:41.580+0000] {processor.py:186} INFO - Started process (PID=38844) to work on /home/airflow/.local/lib/python3.12/site-packages/airflow/example_dags/example_dataset_alias.py
[2024-10-10T00:11:41.582+0000] {processor.py:914} INFO - Processing file /home/airflow/.local/lib/python3.12/site-packages/airflow/example_dags/example_dataset_alias.py for tasks to queue
[2024-10-10T00:11:41.583+0000] {logging_mixin.py:190} INFO - [2024-10-10T00:11:41.583+0000] {dagbag.py:587} INFO - Filling up the DagBag from /home/airflow/.local/lib/python3.12/site-packages/airflow/example_dags/example_dataset_alias.py
[2024-10-10T00:11:41.603+0000] {processor.py:925} INFO - DAG(s) 'dataset_alias_example_alias_producer', 'dataset_s3_bucket_consumer', 'dataset_s3_bucket_producer', 'dataset_alias_example_alias_consumer' retrieved from /home/airflow/.local/lib/python3.12/site-packages/airflow/example_dags/example_dataset_alias.py
[2024-10-10T00:11:41.627+0000] {logging_mixin.py:190} INFO - [2024-10-10T00:11:41.626+0000] {dag.py:3229} INFO - Sync 4 DAGs
[2024-10-10T00:11:41.642+0000] {logging_mixin.py:190} INFO - [2024-10-10T00:11:41.642+0000] {dag.py:4156} INFO - Setting next_dagrun for dataset_alias_example_alias_consumer to None, run_after=None
[2024-10-10T00:11:41.644+0000] {logging_mixin.py:190} INFO - [2024-10-10T00:11:41.644+0000] {dag.py:4156} INFO - Setting next_dagrun for dataset_alias_example_alias_producer to None, run_after=None
[2024-10-10T00:11:41.645+0000] {logging_mixin.py:190} INFO - [2024-10-10T00:11:41.645+0000] {dag.py:4156} INFO - Setting next_dagrun for dataset_s3_bucket_consumer to None, run_after=None
[2024-10-10T00:11:41.645+0000] {logging_mixin.py:190} INFO - [2024-10-10T00:11:41.645+0000] {dag.py:4156} INFO - Setting next_dagrun for dataset_s3_bucket_producer to None, run_after=None
[2024-10-10T00:11:41.655+0000] {processor.py:208} INFO - Processing /home/airflow/.local/lib/python3.12/site-packages/airflow/example_dags/example_dataset_alias.py took 0.078 seconds
[2024-10-10T01:18:08.429+0000] {processor.py:186} INFO - Started process (PID=38915) to work on /home/airflow/.local/lib/python3.12/site-packages/airflow/example_dags/example_dataset_alias.py
[2024-10-10T01:18:08.430+0000] {processor.py:914} INFO - Processing file /home/airflow/.local/lib/python3.12/site-packages/airflow/example_dags/example_dataset_alias.py for tasks to queue
[2024-10-10T01:18:08.431+0000] {logging_mixin.py:190} INFO - [2024-10-10T01:18:08.430+0000] {dagbag.py:587} INFO - Filling up the DagBag from /home/airflow/.local/lib/python3.12/site-packages/airflow/example_dags/example_dataset_alias.py
[2024-10-10T01:18:08.450+0000] {processor.py:925} INFO - DAG(s) 'dataset_alias_example_alias_producer', 'dataset_s3_bucket_consumer', 'dataset_alias_example_alias_consumer', 'dataset_s3_bucket_producer' retrieved from /home/airflow/.local/lib/python3.12/site-packages/airflow/example_dags/example_dataset_alias.py
[2024-10-10T01:18:08.469+0000] {logging_mixin.py:190} INFO - [2024-10-10T01:18:08.469+0000] {dag.py:3229} INFO - Sync 4 DAGs
[2024-10-10T01:18:08.482+0000] {logging_mixin.py:190} INFO - [2024-10-10T01:18:08.482+0000] {dag.py:4156} INFO - Setting next_dagrun for dataset_alias_example_alias_consumer to None, run_after=None
[2024-10-10T01:18:08.484+0000] {logging_mixin.py:190} INFO - [2024-10-10T01:18:08.484+0000] {dag.py:4156} INFO - Setting next_dagrun for dataset_alias_example_alias_producer to None, run_after=None
[2024-10-10T01:18:08.486+0000] {logging_mixin.py:190} INFO - [2024-10-10T01:18:08.486+0000] {dag.py:4156} INFO - Setting next_dagrun for dataset_s3_bucket_consumer to None, run_after=None
[2024-10-10T01:18:08.487+0000] {logging_mixin.py:190} INFO - [2024-10-10T01:18:08.487+0000] {dag.py:4156} INFO - Setting next_dagrun for dataset_s3_bucket_producer to None, run_after=None
[2024-10-10T01:18:08.498+0000] {processor.py:208} INFO - Processing /home/airflow/.local/lib/python3.12/site-packages/airflow/example_dags/example_dataset_alias.py took 0.072 seconds
[2024-10-10T01:52:18.027+0000] {processor.py:186} INFO - Started process (PID=38986) to work on /home/airflow/.local/lib/python3.12/site-packages/airflow/example_dags/example_dataset_alias.py
[2024-10-10T01:52:18.031+0000] {processor.py:914} INFO - Processing file /home/airflow/.local/lib/python3.12/site-packages/airflow/example_dags/example_dataset_alias.py for tasks to queue
[2024-10-10T01:52:18.032+0000] {logging_mixin.py:190} INFO - [2024-10-10T01:52:18.031+0000] {dagbag.py:587} INFO - Filling up the DagBag from /home/airflow/.local/lib/python3.12/site-packages/airflow/example_dags/example_dataset_alias.py
[2024-10-10T01:52:18.054+0000] {processor.py:925} INFO - DAG(s) 'dataset_alias_example_alias_producer', 'dataset_s3_bucket_producer', 'dataset_alias_example_alias_consumer', 'dataset_s3_bucket_consumer' retrieved from /home/airflow/.local/lib/python3.12/site-packages/airflow/example_dags/example_dataset_alias.py
[2024-10-10T01:52:18.065+0000] {logging_mixin.py:190} INFO - [2024-10-10T01:52:18.065+0000] {dag.py:3229} INFO - Sync 4 DAGs
[2024-10-10T01:52:18.077+0000] {logging_mixin.py:190} INFO - [2024-10-10T01:52:18.077+0000] {dag.py:4156} INFO - Setting next_dagrun for dataset_alias_example_alias_consumer to None, run_after=None
[2024-10-10T01:52:18.079+0000] {logging_mixin.py:190} INFO - [2024-10-10T01:52:18.079+0000] {dag.py:4156} INFO - Setting next_dagrun for dataset_alias_example_alias_producer to None, run_after=None
[2024-10-10T01:52:18.080+0000] {logging_mixin.py:190} INFO - [2024-10-10T01:52:18.080+0000] {dag.py:4156} INFO - Setting next_dagrun for dataset_s3_bucket_consumer to None, run_after=None
[2024-10-10T01:52:18.081+0000] {logging_mixin.py:190} INFO - [2024-10-10T01:52:18.081+0000] {dag.py:4156} INFO - Setting next_dagrun for dataset_s3_bucket_producer to None, run_after=None
[2024-10-10T01:52:18.098+0000] {processor.py:208} INFO - Processing /home/airflow/.local/lib/python3.12/site-packages/airflow/example_dags/example_dataset_alias.py took 0.076 seconds
[2024-10-10T02:19:10.265+0000] {processor.py:186} INFO - Started process (PID=39057) to work on /home/airflow/.local/lib/python3.12/site-packages/airflow/example_dags/example_dataset_alias.py
[2024-10-10T02:19:10.268+0000] {processor.py:914} INFO - Processing file /home/airflow/.local/lib/python3.12/site-packages/airflow/example_dags/example_dataset_alias.py for tasks to queue
[2024-10-10T02:19:10.271+0000] {logging_mixin.py:190} INFO - [2024-10-10T02:19:10.271+0000] {dagbag.py:587} INFO - Filling up the DagBag from /home/airflow/.local/lib/python3.12/site-packages/airflow/example_dags/example_dataset_alias.py
[2024-10-10T02:19:10.292+0000] {processor.py:925} INFO - DAG(s) 'dataset_alias_example_alias_consumer', 'dataset_alias_example_alias_producer', 'dataset_s3_bucket_consumer', 'dataset_s3_bucket_producer' retrieved from /home/airflow/.local/lib/python3.12/site-packages/airflow/example_dags/example_dataset_alias.py
[2024-10-10T02:19:10.301+0000] {logging_mixin.py:190} INFO - [2024-10-10T02:19:10.301+0000] {dag.py:3229} INFO - Sync 4 DAGs
[2024-10-10T02:19:10.311+0000] {logging_mixin.py:190} INFO - [2024-10-10T02:19:10.311+0000] {dag.py:4156} INFO - Setting next_dagrun for dataset_alias_example_alias_consumer to None, run_after=None
[2024-10-10T02:19:10.313+0000] {logging_mixin.py:190} INFO - [2024-10-10T02:19:10.313+0000] {dag.py:4156} INFO - Setting next_dagrun for dataset_alias_example_alias_producer to None, run_after=None
[2024-10-10T02:19:10.314+0000] {logging_mixin.py:190} INFO - [2024-10-10T02:19:10.313+0000] {dag.py:4156} INFO - Setting next_dagrun for dataset_s3_bucket_consumer to None, run_after=None
[2024-10-10T02:19:10.314+0000] {logging_mixin.py:190} INFO - [2024-10-10T02:19:10.314+0000] {dag.py:4156} INFO - Setting next_dagrun for dataset_s3_bucket_producer to None, run_after=None
[2024-10-10T02:19:10.325+0000] {processor.py:208} INFO - Processing /home/airflow/.local/lib/python3.12/site-packages/airflow/example_dags/example_dataset_alias.py took 0.066 seconds
[2024-10-10T03:09:35.286+0000] {processor.py:186} INFO - Started process (PID=39128) to work on /home/airflow/.local/lib/python3.12/site-packages/airflow/example_dags/example_dataset_alias.py
[2024-10-10T03:09:35.287+0000] {processor.py:914} INFO - Processing file /home/airflow/.local/lib/python3.12/site-packages/airflow/example_dags/example_dataset_alias.py for tasks to queue
[2024-10-10T03:09:35.288+0000] {logging_mixin.py:190} INFO - [2024-10-10T03:09:35.288+0000] {dagbag.py:587} INFO - Filling up the DagBag from /home/airflow/.local/lib/python3.12/site-packages/airflow/example_dags/example_dataset_alias.py
[2024-10-10T03:09:35.303+0000] {processor.py:925} INFO - DAG(s) 'dataset_alias_example_alias_producer', 'dataset_s3_bucket_consumer', 'dataset_alias_example_alias_consumer', 'dataset_s3_bucket_producer' retrieved from /home/airflow/.local/lib/python3.12/site-packages/airflow/example_dags/example_dataset_alias.py
[2024-10-10T03:09:35.314+0000] {logging_mixin.py:190} INFO - [2024-10-10T03:09:35.314+0000] {dag.py:3229} INFO - Sync 4 DAGs
[2024-10-10T03:09:35.325+0000] {logging_mixin.py:190} INFO - [2024-10-10T03:09:35.325+0000] {dag.py:4156} INFO - Setting next_dagrun for dataset_alias_example_alias_consumer to None, run_after=None
[2024-10-10T03:09:35.327+0000] {logging_mixin.py:190} INFO - [2024-10-10T03:09:35.327+0000] {dag.py:4156} INFO - Setting next_dagrun for dataset_alias_example_alias_producer to None, run_after=None
[2024-10-10T03:09:35.328+0000] {logging_mixin.py:190} INFO - [2024-10-10T03:09:35.328+0000] {dag.py:4156} INFO - Setting next_dagrun for dataset_s3_bucket_consumer to None, run_after=None
[2024-10-10T03:09:35.329+0000] {logging_mixin.py:190} INFO - [2024-10-10T03:09:35.329+0000] {dag.py:4156} INFO - Setting next_dagrun for dataset_s3_bucket_producer to None, run_after=None
[2024-10-10T03:09:35.339+0000] {processor.py:208} INFO - Processing /home/airflow/.local/lib/python3.12/site-packages/airflow/example_dags/example_dataset_alias.py took 0.057 seconds
[2024-10-10T03:56:57.916+0000] {processor.py:186} INFO - Started process (PID=39198) to work on /home/airflow/.local/lib/python3.12/site-packages/airflow/example_dags/example_dataset_alias.py
[2024-10-10T03:56:57.917+0000] {processor.py:914} INFO - Processing file /home/airflow/.local/lib/python3.12/site-packages/airflow/example_dags/example_dataset_alias.py for tasks to queue
[2024-10-10T03:56:57.919+0000] {logging_mixin.py:190} INFO - [2024-10-10T03:56:57.919+0000] {dagbag.py:587} INFO - Filling up the DagBag from /home/airflow/.local/lib/python3.12/site-packages/airflow/example_dags/example_dataset_alias.py
[2024-10-10T03:56:57.937+0000] {processor.py:925} INFO - DAG(s) 'dataset_alias_example_alias_producer', 'dataset_alias_example_alias_consumer', 'dataset_s3_bucket_producer', 'dataset_s3_bucket_consumer' retrieved from /home/airflow/.local/lib/python3.12/site-packages/airflow/example_dags/example_dataset_alias.py
[2024-10-10T03:56:57.949+0000] {logging_mixin.py:190} INFO - [2024-10-10T03:56:57.949+0000] {dag.py:3229} INFO - Sync 4 DAGs
[2024-10-10T03:56:57.960+0000] {logging_mixin.py:190} INFO - [2024-10-10T03:56:57.960+0000] {dag.py:4156} INFO - Setting next_dagrun for dataset_alias_example_alias_consumer to None, run_after=None
[2024-10-10T03:56:57.966+0000] {logging_mixin.py:190} INFO - [2024-10-10T03:56:57.966+0000] {dag.py:4156} INFO - Setting next_dagrun for dataset_alias_example_alias_producer to None, run_after=None
[2024-10-10T03:56:57.967+0000] {logging_mixin.py:190} INFO - [2024-10-10T03:56:57.966+0000] {dag.py:4156} INFO - Setting next_dagrun for dataset_s3_bucket_consumer to None, run_after=None
[2024-10-10T03:56:57.967+0000] {logging_mixin.py:190} INFO - [2024-10-10T03:56:57.967+0000] {dag.py:4156} INFO - Setting next_dagrun for dataset_s3_bucket_producer to None, run_after=None
[2024-10-10T03:56:57.981+0000] {processor.py:208} INFO - Processing /home/airflow/.local/lib/python3.12/site-packages/airflow/example_dags/example_dataset_alias.py took 0.068 seconds
[2024-10-10T04:21:12.395+0000] {processor.py:186} INFO - Started process (PID=39268) to work on /home/airflow/.local/lib/python3.12/site-packages/airflow/example_dags/example_dataset_alias.py
[2024-10-10T04:21:12.396+0000] {processor.py:914} INFO - Processing file /home/airflow/.local/lib/python3.12/site-packages/airflow/example_dags/example_dataset_alias.py for tasks to queue
[2024-10-10T04:21:12.397+0000] {logging_mixin.py:190} INFO - [2024-10-10T04:21:12.397+0000] {dagbag.py:587} INFO - Filling up the DagBag from /home/airflow/.local/lib/python3.12/site-packages/airflow/example_dags/example_dataset_alias.py
[2024-10-10T04:21:12.421+0000] {processor.py:925} INFO - DAG(s) 'dataset_s3_bucket_consumer', 'dataset_alias_example_alias_consumer', 'dataset_s3_bucket_producer', 'dataset_alias_example_alias_producer' retrieved from /home/airflow/.local/lib/python3.12/site-packages/airflow/example_dags/example_dataset_alias.py
[2024-10-10T04:21:12.432+0000] {logging_mixin.py:190} INFO - [2024-10-10T04:21:12.432+0000] {dag.py:3229} INFO - Sync 4 DAGs
[2024-10-10T04:21:12.450+0000] {logging_mixin.py:190} INFO - [2024-10-10T04:21:12.449+0000] {dag.py:4156} INFO - Setting next_dagrun for dataset_alias_example_alias_consumer to None, run_after=None
[2024-10-10T04:21:12.453+0000] {logging_mixin.py:190} INFO - [2024-10-10T04:21:12.453+0000] {dag.py:4156} INFO - Setting next_dagrun for dataset_alias_example_alias_producer to None, run_after=None
[2024-10-10T04:21:12.455+0000] {logging_mixin.py:190} INFO - [2024-10-10T04:21:12.455+0000] {dag.py:4156} INFO - Setting next_dagrun for dataset_s3_bucket_consumer to None, run_after=None
[2024-10-10T04:21:12.457+0000] {logging_mixin.py:190} INFO - [2024-10-10T04:21:12.457+0000] {dag.py:4156} INFO - Setting next_dagrun for dataset_s3_bucket_producer to None, run_after=None
[2024-10-10T04:21:12.559+0000] {processor.py:208} INFO - Processing /home/airflow/.local/lib/python3.12/site-packages/airflow/example_dags/example_dataset_alias.py took 0.168 seconds
[2024-10-10T05:14:25.499+0000] {processor.py:186} INFO - Started process (PID=39339) to work on /home/airflow/.local/lib/python3.12/site-packages/airflow/example_dags/example_dataset_alias.py
[2024-10-10T05:14:25.499+0000] {processor.py:914} INFO - Processing file /home/airflow/.local/lib/python3.12/site-packages/airflow/example_dags/example_dataset_alias.py for tasks to queue
[2024-10-10T05:14:25.500+0000] {logging_mixin.py:190} INFO - [2024-10-10T05:14:25.500+0000] {dagbag.py:587} INFO - Filling up the DagBag from /home/airflow/.local/lib/python3.12/site-packages/airflow/example_dags/example_dataset_alias.py
[2024-10-10T05:14:25.527+0000] {processor.py:925} INFO - DAG(s) 'dataset_s3_bucket_producer', 'dataset_s3_bucket_consumer', 'dataset_alias_example_alias_consumer', 'dataset_alias_example_alias_producer' retrieved from /home/airflow/.local/lib/python3.12/site-packages/airflow/example_dags/example_dataset_alias.py
[2024-10-10T05:14:25.547+0000] {logging_mixin.py:190} INFO - [2024-10-10T05:14:25.547+0000] {dag.py:3229} INFO - Sync 4 DAGs
[2024-10-10T05:14:25.573+0000] {logging_mixin.py:190} INFO - [2024-10-10T05:14:25.572+0000] {dag.py:4156} INFO - Setting next_dagrun for dataset_alias_example_alias_consumer to None, run_after=None
[2024-10-10T05:14:25.580+0000] {logging_mixin.py:190} INFO - [2024-10-10T05:14:25.580+0000] {dag.py:4156} INFO - Setting next_dagrun for dataset_alias_example_alias_producer to None, run_after=None
[2024-10-10T05:14:25.581+0000] {logging_mixin.py:190} INFO - [2024-10-10T05:14:25.581+0000] {dag.py:4156} INFO - Setting next_dagrun for dataset_s3_bucket_consumer to None, run_after=None
[2024-10-10T05:14:25.582+0000] {logging_mixin.py:190} INFO - [2024-10-10T05:14:25.582+0000] {dag.py:4156} INFO - Setting next_dagrun for dataset_s3_bucket_producer to None, run_after=None
[2024-10-10T05:14:25.597+0000] {processor.py:208} INFO - Processing /home/airflow/.local/lib/python3.12/site-packages/airflow/example_dags/example_dataset_alias.py took 0.103 seconds
[2024-10-10T05:47:22.466+0000] {processor.py:186} INFO - Started process (PID=39410) to work on /home/airflow/.local/lib/python3.12/site-packages/airflow/example_dags/example_dataset_alias.py
[2024-10-10T05:47:22.467+0000] {processor.py:914} INFO - Processing file /home/airflow/.local/lib/python3.12/site-packages/airflow/example_dags/example_dataset_alias.py for tasks to queue
[2024-10-10T05:47:22.469+0000] {logging_mixin.py:190} INFO - [2024-10-10T05:47:22.469+0000] {dagbag.py:587} INFO - Filling up the DagBag from /home/airflow/.local/lib/python3.12/site-packages/airflow/example_dags/example_dataset_alias.py
[2024-10-10T05:47:22.491+0000] {processor.py:925} INFO - DAG(s) 'dataset_s3_bucket_producer', 'dataset_alias_example_alias_producer', 'dataset_s3_bucket_consumer', 'dataset_alias_example_alias_consumer' retrieved from /home/airflow/.local/lib/python3.12/site-packages/airflow/example_dags/example_dataset_alias.py
[2024-10-10T05:47:22.501+0000] {logging_mixin.py:190} INFO - [2024-10-10T05:47:22.500+0000] {dag.py:3229} INFO - Sync 4 DAGs
[2024-10-10T05:47:22.515+0000] {logging_mixin.py:190} INFO - [2024-10-10T05:47:22.515+0000] {dag.py:4156} INFO - Setting next_dagrun for dataset_alias_example_alias_consumer to None, run_after=None
[2024-10-10T05:47:22.518+0000] {logging_mixin.py:190} INFO - [2024-10-10T05:47:22.518+0000] {dag.py:4156} INFO - Setting next_dagrun for dataset_alias_example_alias_producer to None, run_after=None
[2024-10-10T05:47:22.521+0000] {logging_mixin.py:190} INFO - [2024-10-10T05:47:22.521+0000] {dag.py:4156} INFO - Setting next_dagrun for dataset_s3_bucket_consumer to None, run_after=None
[2024-10-10T05:47:22.523+0000] {logging_mixin.py:190} INFO - [2024-10-10T05:47:22.523+0000] {dag.py:4156} INFO - Setting next_dagrun for dataset_s3_bucket_producer to None, run_after=None
[2024-10-10T05:47:22.536+0000] {processor.py:208} INFO - Processing /home/airflow/.local/lib/python3.12/site-packages/airflow/example_dags/example_dataset_alias.py took 0.082 seconds
[2024-10-10T06:39:42.422+0000] {processor.py:186} INFO - Started process (PID=39481) to work on /home/airflow/.local/lib/python3.12/site-packages/airflow/example_dags/example_dataset_alias.py
[2024-10-10T06:39:42.426+0000] {processor.py:914} INFO - Processing file /home/airflow/.local/lib/python3.12/site-packages/airflow/example_dags/example_dataset_alias.py for tasks to queue
[2024-10-10T06:39:42.427+0000] {logging_mixin.py:190} INFO - [2024-10-10T06:39:42.427+0000] {dagbag.py:587} INFO - Filling up the DagBag from /home/airflow/.local/lib/python3.12/site-packages/airflow/example_dags/example_dataset_alias.py
[2024-10-10T06:39:42.450+0000] {processor.py:925} INFO - DAG(s) 'dataset_s3_bucket_producer', 'dataset_s3_bucket_consumer', 'dataset_alias_example_alias_consumer', 'dataset_alias_example_alias_producer' retrieved from /home/airflow/.local/lib/python3.12/site-packages/airflow/example_dags/example_dataset_alias.py
[2024-10-10T06:39:42.465+0000] {logging_mixin.py:190} INFO - [2024-10-10T06:39:42.465+0000] {dag.py:3229} INFO - Sync 4 DAGs
[2024-10-10T06:39:42.487+0000] {logging_mixin.py:190} INFO - [2024-10-10T06:39:42.487+0000] {dag.py:4156} INFO - Setting next_dagrun for dataset_alias_example_alias_consumer to None, run_after=None
[2024-10-10T06:39:42.489+0000] {logging_mixin.py:190} INFO - [2024-10-10T06:39:42.489+0000] {dag.py:4156} INFO - Setting next_dagrun for dataset_alias_example_alias_producer to None, run_after=None
[2024-10-10T06:39:42.490+0000] {logging_mixin.py:190} INFO - [2024-10-10T06:39:42.489+0000] {dag.py:4156} INFO - Setting next_dagrun for dataset_s3_bucket_consumer to None, run_after=None
[2024-10-10T06:39:42.491+0000] {logging_mixin.py:190} INFO - [2024-10-10T06:39:42.491+0000] {dag.py:4156} INFO - Setting next_dagrun for dataset_s3_bucket_producer to None, run_after=None
[2024-10-10T06:39:42.502+0000] {processor.py:208} INFO - Processing /home/airflow/.local/lib/python3.12/site-packages/airflow/example_dags/example_dataset_alias.py took 0.088 seconds
[2024-10-10T07:11:24.990+0000] {processor.py:186} INFO - Started process (PID=39552) to work on /home/airflow/.local/lib/python3.12/site-packages/airflow/example_dags/example_dataset_alias.py
[2024-10-10T07:11:24.991+0000] {processor.py:914} INFO - Processing file /home/airflow/.local/lib/python3.12/site-packages/airflow/example_dags/example_dataset_alias.py for tasks to queue
[2024-10-10T07:11:24.993+0000] {logging_mixin.py:190} INFO - [2024-10-10T07:11:24.993+0000] {dagbag.py:587} INFO - Filling up the DagBag from /home/airflow/.local/lib/python3.12/site-packages/airflow/example_dags/example_dataset_alias.py
[2024-10-10T07:11:25.018+0000] {processor.py:925} INFO - DAG(s) 'dataset_alias_example_alias_producer', 'dataset_s3_bucket_consumer', 'dataset_s3_bucket_producer', 'dataset_alias_example_alias_consumer' retrieved from /home/airflow/.local/lib/python3.12/site-packages/airflow/example_dags/example_dataset_alias.py
[2024-10-10T07:11:25.037+0000] {logging_mixin.py:190} INFO - [2024-10-10T07:11:25.036+0000] {dag.py:3229} INFO - Sync 4 DAGs
[2024-10-10T07:11:25.051+0000] {logging_mixin.py:190} INFO - [2024-10-10T07:11:25.051+0000] {dag.py:4156} INFO - Setting next_dagrun for dataset_alias_example_alias_consumer to None, run_after=None
[2024-10-10T07:11:25.054+0000] {logging_mixin.py:190} INFO - [2024-10-10T07:11:25.054+0000] {dag.py:4156} INFO - Setting next_dagrun for dataset_alias_example_alias_producer to None, run_after=None
[2024-10-10T07:11:25.055+0000] {logging_mixin.py:190} INFO - [2024-10-10T07:11:25.055+0000] {dag.py:4156} INFO - Setting next_dagrun for dataset_s3_bucket_consumer to None, run_after=None
[2024-10-10T07:11:25.056+0000] {logging_mixin.py:190} INFO - [2024-10-10T07:11:25.056+0000] {dag.py:4156} INFO - Setting next_dagrun for dataset_s3_bucket_producer to None, run_after=None
[2024-10-10T07:11:25.066+0000] {processor.py:208} INFO - Processing /home/airflow/.local/lib/python3.12/site-packages/airflow/example_dags/example_dataset_alias.py took 0.082 seconds
[2024-10-10T07:39:19.134+0000] {processor.py:186} INFO - Started process (PID=39623) to work on /home/airflow/.local/lib/python3.12/site-packages/airflow/example_dags/example_dataset_alias.py
[2024-10-10T07:39:19.135+0000] {processor.py:914} INFO - Processing file /home/airflow/.local/lib/python3.12/site-packages/airflow/example_dags/example_dataset_alias.py for tasks to queue
[2024-10-10T07:39:19.136+0000] {logging_mixin.py:190} INFO - [2024-10-10T07:39:19.136+0000] {dagbag.py:587} INFO - Filling up the DagBag from /home/airflow/.local/lib/python3.12/site-packages/airflow/example_dags/example_dataset_alias.py
[2024-10-10T07:39:19.158+0000] {processor.py:925} INFO - DAG(s) 'dataset_alias_example_alias_producer', 'dataset_s3_bucket_producer', 'dataset_s3_bucket_consumer', 'dataset_alias_example_alias_consumer' retrieved from /home/airflow/.local/lib/python3.12/site-packages/airflow/example_dags/example_dataset_alias.py
[2024-10-10T07:39:19.166+0000] {logging_mixin.py:190} INFO - [2024-10-10T07:39:19.166+0000] {dag.py:3229} INFO - Sync 4 DAGs
[2024-10-10T07:39:19.176+0000] {logging_mixin.py:190} INFO - [2024-10-10T07:39:19.176+0000] {dag.py:4156} INFO - Setting next_dagrun for dataset_alias_example_alias_consumer to None, run_after=None
[2024-10-10T07:39:19.177+0000] {logging_mixin.py:190} INFO - [2024-10-10T07:39:19.177+0000] {dag.py:4156} INFO - Setting next_dagrun for dataset_alias_example_alias_producer to None, run_after=None
[2024-10-10T07:39:19.178+0000] {logging_mixin.py:190} INFO - [2024-10-10T07:39:19.178+0000] {dag.py:4156} INFO - Setting next_dagrun for dataset_s3_bucket_consumer to None, run_after=None
[2024-10-10T07:39:19.178+0000] {logging_mixin.py:190} INFO - [2024-10-10T07:39:19.178+0000] {dag.py:4156} INFO - Setting next_dagrun for dataset_s3_bucket_producer to None, run_after=None
[2024-10-10T07:39:19.187+0000] {processor.py:208} INFO - Processing /home/airflow/.local/lib/python3.12/site-packages/airflow/example_dags/example_dataset_alias.py took 0.056 seconds
[2024-10-10T08:02:59.778+0000] {processor.py:186} INFO - Started process (PID=39694) to work on /home/airflow/.local/lib/python3.12/site-packages/airflow/example_dags/example_dataset_alias.py
[2024-10-10T08:02:59.779+0000] {processor.py:914} INFO - Processing file /home/airflow/.local/lib/python3.12/site-packages/airflow/example_dags/example_dataset_alias.py for tasks to queue
[2024-10-10T08:02:59.779+0000] {logging_mixin.py:190} INFO - [2024-10-10T08:02:59.779+0000] {dagbag.py:587} INFO - Filling up the DagBag from /home/airflow/.local/lib/python3.12/site-packages/airflow/example_dags/example_dataset_alias.py
[2024-10-10T08:02:59.794+0000] {processor.py:925} INFO - DAG(s) 'dataset_alias_example_alias_consumer', 'dataset_alias_example_alias_producer', 'dataset_s3_bucket_consumer', 'dataset_s3_bucket_producer' retrieved from /home/airflow/.local/lib/python3.12/site-packages/airflow/example_dags/example_dataset_alias.py
[2024-10-10T08:02:59.808+0000] {logging_mixin.py:190} INFO - [2024-10-10T08:02:59.808+0000] {dag.py:3229} INFO - Sync 4 DAGs
[2024-10-10T08:02:59.818+0000] {logging_mixin.py:190} INFO - [2024-10-10T08:02:59.818+0000] {dag.py:4156} INFO - Setting next_dagrun for dataset_alias_example_alias_consumer to None, run_after=None
[2024-10-10T08:02:59.819+0000] {logging_mixin.py:190} INFO - [2024-10-10T08:02:59.819+0000] {dag.py:4156} INFO - Setting next_dagrun for dataset_alias_example_alias_producer to None, run_after=None
[2024-10-10T08:02:59.819+0000] {logging_mixin.py:190} INFO - [2024-10-10T08:02:59.819+0000] {dag.py:4156} INFO - Setting next_dagrun for dataset_s3_bucket_consumer to None, run_after=None
[2024-10-10T08:02:59.822+0000] {logging_mixin.py:190} INFO - [2024-10-10T08:02:59.822+0000] {dag.py:4156} INFO - Setting next_dagrun for dataset_s3_bucket_producer to None, run_after=None
[2024-10-10T08:02:59.835+0000] {processor.py:208} INFO - Processing /home/airflow/.local/lib/python3.12/site-packages/airflow/example_dags/example_dataset_alias.py took 0.060 seconds
[2024-10-10T08:12:05.730+0000] {processor.py:186} INFO - Started process (PID=39765) to work on /home/airflow/.local/lib/python3.12/site-packages/airflow/example_dags/example_dataset_alias.py
[2024-10-10T08:12:05.731+0000] {processor.py:914} INFO - Processing file /home/airflow/.local/lib/python3.12/site-packages/airflow/example_dags/example_dataset_alias.py for tasks to queue
[2024-10-10T08:12:05.732+0000] {logging_mixin.py:190} INFO - [2024-10-10T08:12:05.731+0000] {dagbag.py:587} INFO - Filling up the DagBag from /home/airflow/.local/lib/python3.12/site-packages/airflow/example_dags/example_dataset_alias.py
[2024-10-10T08:12:05.759+0000] {processor.py:925} INFO - DAG(s) 'dataset_alias_example_alias_producer', 'dataset_s3_bucket_consumer', 'dataset_s3_bucket_producer', 'dataset_alias_example_alias_consumer' retrieved from /home/airflow/.local/lib/python3.12/site-packages/airflow/example_dags/example_dataset_alias.py
[2024-10-10T08:12:05.777+0000] {logging_mixin.py:190} INFO - [2024-10-10T08:12:05.777+0000] {dag.py:3229} INFO - Sync 4 DAGs
[2024-10-10T08:12:05.789+0000] {logging_mixin.py:190} INFO - [2024-10-10T08:12:05.789+0000] {dag.py:4156} INFO - Setting next_dagrun for dataset_alias_example_alias_consumer to None, run_after=None
[2024-10-10T08:12:05.791+0000] {logging_mixin.py:190} INFO - [2024-10-10T08:12:05.791+0000] {dag.py:4156} INFO - Setting next_dagrun for dataset_alias_example_alias_producer to None, run_after=None
[2024-10-10T08:12:05.793+0000] {logging_mixin.py:190} INFO - [2024-10-10T08:12:05.793+0000] {dag.py:4156} INFO - Setting next_dagrun for dataset_s3_bucket_consumer to None, run_after=None
[2024-10-10T08:12:05.794+0000] {logging_mixin.py:190} INFO - [2024-10-10T08:12:05.794+0000] {dag.py:4156} INFO - Setting next_dagrun for dataset_s3_bucket_producer to None, run_after=None
[2024-10-10T08:12:05.807+0000] {processor.py:208} INFO - Processing /home/airflow/.local/lib/python3.12/site-packages/airflow/example_dags/example_dataset_alias.py took 0.082 seconds
[2024-10-10T08:24:33.900+0000] {processor.py:186} INFO - Started process (PID=39835) to work on /home/airflow/.local/lib/python3.12/site-packages/airflow/example_dags/example_dataset_alias.py
[2024-10-10T08:24:33.901+0000] {processor.py:914} INFO - Processing file /home/airflow/.local/lib/python3.12/site-packages/airflow/example_dags/example_dataset_alias.py for tasks to queue
[2024-10-10T08:24:33.901+0000] {logging_mixin.py:190} INFO - [2024-10-10T08:24:33.901+0000] {dagbag.py:587} INFO - Filling up the DagBag from /home/airflow/.local/lib/python3.12/site-packages/airflow/example_dags/example_dataset_alias.py
[2024-10-10T08:24:33.933+0000] {processor.py:925} INFO - DAG(s) 'dataset_s3_bucket_producer', 'dataset_alias_example_alias_consumer', 'dataset_alias_example_alias_producer', 'dataset_s3_bucket_consumer' retrieved from /home/airflow/.local/lib/python3.12/site-packages/airflow/example_dags/example_dataset_alias.py
[2024-10-10T08:24:33.950+0000] {logging_mixin.py:190} INFO - [2024-10-10T08:24:33.950+0000] {dag.py:3229} INFO - Sync 4 DAGs
[2024-10-10T08:24:33.963+0000] {logging_mixin.py:190} INFO - [2024-10-10T08:24:33.962+0000] {dag.py:4156} INFO - Setting next_dagrun for dataset_alias_example_alias_consumer to None, run_after=None
[2024-10-10T08:24:33.964+0000] {logging_mixin.py:190} INFO - [2024-10-10T08:24:33.964+0000] {dag.py:4156} INFO - Setting next_dagrun for dataset_alias_example_alias_producer to None, run_after=None
[2024-10-10T08:24:33.965+0000] {logging_mixin.py:190} INFO - [2024-10-10T08:24:33.965+0000] {dag.py:4156} INFO - Setting next_dagrun for dataset_s3_bucket_consumer to None, run_after=None
[2024-10-10T08:24:33.966+0000] {logging_mixin.py:190} INFO - [2024-10-10T08:24:33.966+0000] {dag.py:4156} INFO - Setting next_dagrun for dataset_s3_bucket_producer to None, run_after=None
[2024-10-10T08:24:33.978+0000] {processor.py:208} INFO - Processing /home/airflow/.local/lib/python3.12/site-packages/airflow/example_dags/example_dataset_alias.py took 0.082 seconds
[2024-10-10T08:25:04.839+0000] {processor.py:186} INFO - Started process (PID=39907) to work on /home/airflow/.local/lib/python3.12/site-packages/airflow/example_dags/example_dataset_alias.py
[2024-10-10T08:25:04.841+0000] {processor.py:914} INFO - Processing file /home/airflow/.local/lib/python3.12/site-packages/airflow/example_dags/example_dataset_alias.py for tasks to queue
[2024-10-10T08:25:04.843+0000] {logging_mixin.py:190} INFO - [2024-10-10T08:25:04.843+0000] {dagbag.py:587} INFO - Filling up the DagBag from /home/airflow/.local/lib/python3.12/site-packages/airflow/example_dags/example_dataset_alias.py
[2024-10-10T08:25:04.861+0000] {processor.py:925} INFO - DAG(s) 'dataset_s3_bucket_producer', 'dataset_alias_example_alias_producer', 'dataset_s3_bucket_consumer', 'dataset_alias_example_alias_consumer' retrieved from /home/airflow/.local/lib/python3.12/site-packages/airflow/example_dags/example_dataset_alias.py
[2024-10-10T08:25:04.877+0000] {logging_mixin.py:190} INFO - [2024-10-10T08:25:04.877+0000] {dag.py:3229} INFO - Sync 4 DAGs
[2024-10-10T08:25:04.895+0000] {logging_mixin.py:190} INFO - [2024-10-10T08:25:04.895+0000] {dag.py:4156} INFO - Setting next_dagrun for dataset_alias_example_alias_consumer to None, run_after=None
[2024-10-10T08:25:04.898+0000] {logging_mixin.py:190} INFO - [2024-10-10T08:25:04.898+0000] {dag.py:4156} INFO - Setting next_dagrun for dataset_alias_example_alias_producer to None, run_after=None
[2024-10-10T08:25:04.898+0000] {logging_mixin.py:190} INFO - [2024-10-10T08:25:04.898+0000] {dag.py:4156} INFO - Setting next_dagrun for dataset_s3_bucket_consumer to None, run_after=None
[2024-10-10T08:25:04.899+0000] {logging_mixin.py:190} INFO - [2024-10-10T08:25:04.899+0000] {dag.py:4156} INFO - Setting next_dagrun for dataset_s3_bucket_producer to None, run_after=None
[2024-10-10T08:25:04.909+0000] {processor.py:208} INFO - Processing /home/airflow/.local/lib/python3.12/site-packages/airflow/example_dags/example_dataset_alias.py took 0.073 seconds
[2024-10-10T09:14:58.303+0000] {processor.py:186} INFO - Started process (PID=39978) to work on /home/airflow/.local/lib/python3.12/site-packages/airflow/example_dags/example_dataset_alias.py
[2024-10-10T09:14:58.304+0000] {processor.py:914} INFO - Processing file /home/airflow/.local/lib/python3.12/site-packages/airflow/example_dags/example_dataset_alias.py for tasks to queue
[2024-10-10T09:14:58.305+0000] {logging_mixin.py:190} INFO - [2024-10-10T09:14:58.304+0000] {dagbag.py:587} INFO - Filling up the DagBag from /home/airflow/.local/lib/python3.12/site-packages/airflow/example_dags/example_dataset_alias.py
[2024-10-10T09:14:58.319+0000] {processor.py:925} INFO - DAG(s) 'dataset_s3_bucket_consumer', 'dataset_s3_bucket_producer', 'dataset_alias_example_alias_producer', 'dataset_alias_example_alias_consumer' retrieved from /home/airflow/.local/lib/python3.12/site-packages/airflow/example_dags/example_dataset_alias.py
[2024-10-10T09:14:58.332+0000] {logging_mixin.py:190} INFO - [2024-10-10T09:14:58.332+0000] {dag.py:3229} INFO - Sync 4 DAGs
[2024-10-10T09:14:58.344+0000] {logging_mixin.py:190} INFO - [2024-10-10T09:14:58.344+0000] {dag.py:4156} INFO - Setting next_dagrun for dataset_alias_example_alias_consumer to None, run_after=None
[2024-10-10T09:14:58.346+0000] {logging_mixin.py:190} INFO - [2024-10-10T09:14:58.346+0000] {dag.py:4156} INFO - Setting next_dagrun for dataset_alias_example_alias_producer to None, run_after=None
[2024-10-10T09:14:58.346+0000] {logging_mixin.py:190} INFO - [2024-10-10T09:14:58.346+0000] {dag.py:4156} INFO - Setting next_dagrun for dataset_s3_bucket_consumer to None, run_after=None
[2024-10-10T09:14:58.347+0000] {logging_mixin.py:190} INFO - [2024-10-10T09:14:58.347+0000] {dag.py:4156} INFO - Setting next_dagrun for dataset_s3_bucket_producer to None, run_after=None
[2024-10-10T09:14:58.355+0000] {processor.py:208} INFO - Processing /home/airflow/.local/lib/python3.12/site-packages/airflow/example_dags/example_dataset_alias.py took 0.054 seconds
[2024-10-10T10:21:18.778+0000] {processor.py:186} INFO - Started process (PID=40049) to work on /home/airflow/.local/lib/python3.12/site-packages/airflow/example_dags/example_dataset_alias.py
[2024-10-10T10:21:18.779+0000] {processor.py:914} INFO - Processing file /home/airflow/.local/lib/python3.12/site-packages/airflow/example_dags/example_dataset_alias.py for tasks to queue
[2024-10-10T10:21:18.780+0000] {logging_mixin.py:190} INFO - [2024-10-10T10:21:18.780+0000] {dagbag.py:587} INFO - Filling up the DagBag from /home/airflow/.local/lib/python3.12/site-packages/airflow/example_dags/example_dataset_alias.py
[2024-10-10T10:21:18.797+0000] {processor.py:925} INFO - DAG(s) 'dataset_alias_example_alias_producer', 'dataset_s3_bucket_consumer', 'dataset_s3_bucket_producer', 'dataset_alias_example_alias_consumer' retrieved from /home/airflow/.local/lib/python3.12/site-packages/airflow/example_dags/example_dataset_alias.py
[2024-10-10T10:21:18.808+0000] {logging_mixin.py:190} INFO - [2024-10-10T10:21:18.808+0000] {dag.py:3229} INFO - Sync 4 DAGs
[2024-10-10T10:21:18.819+0000] {logging_mixin.py:190} INFO - [2024-10-10T10:21:18.819+0000] {dag.py:4156} INFO - Setting next_dagrun for dataset_alias_example_alias_consumer to None, run_after=None
[2024-10-10T10:21:18.822+0000] {logging_mixin.py:190} INFO - [2024-10-10T10:21:18.822+0000] {dag.py:4156} INFO - Setting next_dagrun for dataset_alias_example_alias_producer to None, run_after=None
[2024-10-10T10:21:18.824+0000] {logging_mixin.py:190} INFO - [2024-10-10T10:21:18.824+0000] {dag.py:4156} INFO - Setting next_dagrun for dataset_s3_bucket_consumer to None, run_after=None
[2024-10-10T10:21:18.824+0000] {logging_mixin.py:190} INFO - [2024-10-10T10:21:18.824+0000] {dag.py:4156} INFO - Setting next_dagrun for dataset_s3_bucket_producer to None, run_after=None
[2024-10-10T10:21:18.834+0000] {processor.py:208} INFO - Processing /home/airflow/.local/lib/python3.12/site-packages/airflow/example_dags/example_dataset_alias.py took 0.059 seconds
[2024-10-10T10:44:15.597+0000] {processor.py:186} INFO - Started process (PID=40120) to work on /home/airflow/.local/lib/python3.12/site-packages/airflow/example_dags/example_dataset_alias.py
[2024-10-10T10:44:15.598+0000] {processor.py:914} INFO - Processing file /home/airflow/.local/lib/python3.12/site-packages/airflow/example_dags/example_dataset_alias.py for tasks to queue
[2024-10-10T10:44:15.598+0000] {logging_mixin.py:190} INFO - [2024-10-10T10:44:15.598+0000] {dagbag.py:587} INFO - Filling up the DagBag from /home/airflow/.local/lib/python3.12/site-packages/airflow/example_dags/example_dataset_alias.py
[2024-10-10T10:44:15.617+0000] {processor.py:925} INFO - DAG(s) 'dataset_alias_example_alias_producer', 'dataset_s3_bucket_consumer', 'dataset_alias_example_alias_consumer', 'dataset_s3_bucket_producer' retrieved from /home/airflow/.local/lib/python3.12/site-packages/airflow/example_dags/example_dataset_alias.py
[2024-10-10T10:44:15.624+0000] {logging_mixin.py:190} INFO - [2024-10-10T10:44:15.624+0000] {dag.py:3229} INFO - Sync 4 DAGs
[2024-10-10T10:44:15.636+0000] {logging_mixin.py:190} INFO - [2024-10-10T10:44:15.636+0000] {dag.py:4156} INFO - Setting next_dagrun for dataset_alias_example_alias_consumer to None, run_after=None
[2024-10-10T10:44:15.637+0000] {logging_mixin.py:190} INFO - [2024-10-10T10:44:15.637+0000] {dag.py:4156} INFO - Setting next_dagrun for dataset_alias_example_alias_producer to None, run_after=None
[2024-10-10T10:44:15.637+0000] {logging_mixin.py:190} INFO - [2024-10-10T10:44:15.637+0000] {dag.py:4156} INFO - Setting next_dagrun for dataset_s3_bucket_consumer to None, run_after=None
[2024-10-10T10:44:15.638+0000] {logging_mixin.py:190} INFO - [2024-10-10T10:44:15.638+0000] {dag.py:4156} INFO - Setting next_dagrun for dataset_s3_bucket_producer to None, run_after=None
[2024-10-10T10:44:15.645+0000] {processor.py:208} INFO - Processing /home/airflow/.local/lib/python3.12/site-packages/airflow/example_dags/example_dataset_alias.py took 0.051 seconds
[2024-10-10T11:15:58.093+0000] {processor.py:186} INFO - Started process (PID=40191) to work on /home/airflow/.local/lib/python3.12/site-packages/airflow/example_dags/example_dataset_alias.py
[2024-10-10T11:15:58.095+0000] {processor.py:914} INFO - Processing file /home/airflow/.local/lib/python3.12/site-packages/airflow/example_dags/example_dataset_alias.py for tasks to queue
[2024-10-10T11:15:58.096+0000] {logging_mixin.py:190} INFO - [2024-10-10T11:15:58.096+0000] {dagbag.py:587} INFO - Filling up the DagBag from /home/airflow/.local/lib/python3.12/site-packages/airflow/example_dags/example_dataset_alias.py
[2024-10-10T11:15:58.113+0000] {processor.py:925} INFO - DAG(s) 'dataset_s3_bucket_producer', 'dataset_alias_example_alias_consumer', 'dataset_alias_example_alias_producer', 'dataset_s3_bucket_consumer' retrieved from /home/airflow/.local/lib/python3.12/site-packages/airflow/example_dags/example_dataset_alias.py
[2024-10-10T11:15:58.121+0000] {logging_mixin.py:190} INFO - [2024-10-10T11:15:58.121+0000] {dag.py:3229} INFO - Sync 4 DAGs
[2024-10-10T11:15:58.137+0000] {logging_mixin.py:190} INFO - [2024-10-10T11:15:58.137+0000] {dag.py:4156} INFO - Setting next_dagrun for dataset_alias_example_alias_consumer to None, run_after=None
[2024-10-10T11:15:58.141+0000] {logging_mixin.py:190} INFO - [2024-10-10T11:15:58.141+0000] {dag.py:4156} INFO - Setting next_dagrun for dataset_alias_example_alias_producer to None, run_after=None
[2024-10-10T11:15:58.142+0000] {logging_mixin.py:190} INFO - [2024-10-10T11:15:58.142+0000] {dag.py:4156} INFO - Setting next_dagrun for dataset_s3_bucket_consumer to None, run_after=None
[2024-10-10T11:15:58.144+0000] {logging_mixin.py:190} INFO - [2024-10-10T11:15:58.143+0000] {dag.py:4156} INFO - Setting next_dagrun for dataset_s3_bucket_producer to None, run_after=None
[2024-10-10T11:15:58.161+0000] {processor.py:208} INFO - Processing /home/airflow/.local/lib/python3.12/site-packages/airflow/example_dags/example_dataset_alias.py took 0.071 seconds
[2024-10-10T11:16:28.772+0000] {processor.py:186} INFO - Started process (PID=40262) to work on /home/airflow/.local/lib/python3.12/site-packages/airflow/example_dags/example_dataset_alias.py
[2024-10-10T11:16:28.772+0000] {processor.py:914} INFO - Processing file /home/airflow/.local/lib/python3.12/site-packages/airflow/example_dags/example_dataset_alias.py for tasks to queue
[2024-10-10T11:16:28.773+0000] {logging_mixin.py:190} INFO - [2024-10-10T11:16:28.773+0000] {dagbag.py:587} INFO - Filling up the DagBag from /home/airflow/.local/lib/python3.12/site-packages/airflow/example_dags/example_dataset_alias.py
[2024-10-10T11:16:28.790+0000] {processor.py:925} INFO - DAG(s) 'dataset_s3_bucket_consumer', 'dataset_s3_bucket_producer', 'dataset_alias_example_alias_consumer', 'dataset_alias_example_alias_producer' retrieved from /home/airflow/.local/lib/python3.12/site-packages/airflow/example_dags/example_dataset_alias.py
[2024-10-10T11:16:28.799+0000] {logging_mixin.py:190} INFO - [2024-10-10T11:16:28.799+0000] {dag.py:3229} INFO - Sync 4 DAGs
[2024-10-10T11:16:28.809+0000] {logging_mixin.py:190} INFO - [2024-10-10T11:16:28.808+0000] {dag.py:4156} INFO - Setting next_dagrun for dataset_alias_example_alias_consumer to None, run_after=None
[2024-10-10T11:16:28.811+0000] {logging_mixin.py:190} INFO - [2024-10-10T11:16:28.810+0000] {dag.py:4156} INFO - Setting next_dagrun for dataset_alias_example_alias_producer to None, run_after=None
[2024-10-10T11:16:28.811+0000] {logging_mixin.py:190} INFO - [2024-10-10T11:16:28.811+0000] {dag.py:4156} INFO - Setting next_dagrun for dataset_s3_bucket_consumer to None, run_after=None
[2024-10-10T11:16:28.812+0000] {logging_mixin.py:190} INFO - [2024-10-10T11:16:28.812+0000] {dag.py:4156} INFO - Setting next_dagrun for dataset_s3_bucket_producer to None, run_after=None
[2024-10-10T11:16:28.820+0000] {processor.py:208} INFO - Processing /home/airflow/.local/lib/python3.12/site-packages/airflow/example_dags/example_dataset_alias.py took 0.051 seconds
[2024-10-10T12:21:22.647+0000] {processor.py:186} INFO - Started process (PID=40333) to work on /home/airflow/.local/lib/python3.12/site-packages/airflow/example_dags/example_dataset_alias.py
[2024-10-10T12:21:22.647+0000] {processor.py:914} INFO - Processing file /home/airflow/.local/lib/python3.12/site-packages/airflow/example_dags/example_dataset_alias.py for tasks to queue
[2024-10-10T12:21:22.648+0000] {logging_mixin.py:190} INFO - [2024-10-10T12:21:22.648+0000] {dagbag.py:587} INFO - Filling up the DagBag from /home/airflow/.local/lib/python3.12/site-packages/airflow/example_dags/example_dataset_alias.py
[2024-10-10T12:21:22.667+0000] {processor.py:925} INFO - DAG(s) 'dataset_alias_example_alias_producer', 'dataset_s3_bucket_consumer', 'dataset_alias_example_alias_consumer', 'dataset_s3_bucket_producer' retrieved from /home/airflow/.local/lib/python3.12/site-packages/airflow/example_dags/example_dataset_alias.py
[2024-10-10T12:21:22.677+0000] {logging_mixin.py:190} INFO - [2024-10-10T12:21:22.677+0000] {dag.py:3229} INFO - Sync 4 DAGs
[2024-10-10T12:21:22.687+0000] {logging_mixin.py:190} INFO - [2024-10-10T12:21:22.687+0000] {dag.py:4156} INFO - Setting next_dagrun for dataset_alias_example_alias_consumer to None, run_after=None
[2024-10-10T12:21:22.689+0000] {logging_mixin.py:190} INFO - [2024-10-10T12:21:22.689+0000] {dag.py:4156} INFO - Setting next_dagrun for dataset_alias_example_alias_producer to None, run_after=None
[2024-10-10T12:21:22.690+0000] {logging_mixin.py:190} INFO - [2024-10-10T12:21:22.690+0000] {dag.py:4156} INFO - Setting next_dagrun for dataset_s3_bucket_consumer to None, run_after=None
[2024-10-10T12:21:22.691+0000] {logging_mixin.py:190} INFO - [2024-10-10T12:21:22.691+0000] {dag.py:4156} INFO - Setting next_dagrun for dataset_s3_bucket_producer to None, run_after=None
[2024-10-10T12:21:22.700+0000] {processor.py:208} INFO - Processing /home/airflow/.local/lib/python3.12/site-packages/airflow/example_dags/example_dataset_alias.py took 0.057 seconds
[2024-10-10T12:50:52.430+0000] {processor.py:186} INFO - Started process (PID=40403) to work on /home/airflow/.local/lib/python3.12/site-packages/airflow/example_dags/example_dataset_alias.py
[2024-10-10T12:50:52.433+0000] {processor.py:914} INFO - Processing file /home/airflow/.local/lib/python3.12/site-packages/airflow/example_dags/example_dataset_alias.py for tasks to queue
[2024-10-10T12:50:52.433+0000] {logging_mixin.py:190} INFO - [2024-10-10T12:50:52.433+0000] {dagbag.py:587} INFO - Filling up the DagBag from /home/airflow/.local/lib/python3.12/site-packages/airflow/example_dags/example_dataset_alias.py
[2024-10-10T12:50:52.446+0000] {processor.py:925} INFO - DAG(s) 'dataset_alias_example_alias_producer', 'dataset_s3_bucket_consumer', 'dataset_s3_bucket_producer', 'dataset_alias_example_alias_consumer' retrieved from /home/airflow/.local/lib/python3.12/site-packages/airflow/example_dags/example_dataset_alias.py
[2024-10-10T12:50:52.459+0000] {logging_mixin.py:190} INFO - [2024-10-10T12:50:52.458+0000] {dag.py:3229} INFO - Sync 4 DAGs
[2024-10-10T12:50:52.469+0000] {logging_mixin.py:190} INFO - [2024-10-10T12:50:52.469+0000] {dag.py:4156} INFO - Setting next_dagrun for dataset_alias_example_alias_consumer to None, run_after=None
[2024-10-10T12:50:52.470+0000] {logging_mixin.py:190} INFO - [2024-10-10T12:50:52.470+0000] {dag.py:4156} INFO - Setting next_dagrun for dataset_alias_example_alias_producer to None, run_after=None
[2024-10-10T12:50:52.470+0000] {logging_mixin.py:190} INFO - [2024-10-10T12:50:52.470+0000] {dag.py:4156} INFO - Setting next_dagrun for dataset_s3_bucket_consumer to None, run_after=None
[2024-10-10T12:50:52.471+0000] {logging_mixin.py:190} INFO - [2024-10-10T12:50:52.471+0000] {dag.py:4156} INFO - Setting next_dagrun for dataset_s3_bucket_producer to None, run_after=None
[2024-10-10T12:50:52.478+0000] {processor.py:208} INFO - Processing /home/airflow/.local/lib/python3.12/site-packages/airflow/example_dags/example_dataset_alias.py took 0.051 seconds
[2024-10-10T13:08:19.386+0000] {processor.py:186} INFO - Started process (PID=40474) to work on /home/airflow/.local/lib/python3.12/site-packages/airflow/example_dags/example_dataset_alias.py
[2024-10-10T13:08:19.394+0000] {processor.py:914} INFO - Processing file /home/airflow/.local/lib/python3.12/site-packages/airflow/example_dags/example_dataset_alias.py for tasks to queue
[2024-10-10T13:08:19.398+0000] {logging_mixin.py:190} INFO - [2024-10-10T13:08:19.397+0000] {dagbag.py:587} INFO - Filling up the DagBag from /home/airflow/.local/lib/python3.12/site-packages/airflow/example_dags/example_dataset_alias.py
[2024-10-10T13:08:19.429+0000] {processor.py:925} INFO - DAG(s) 'dataset_s3_bucket_consumer', 'dataset_alias_example_alias_consumer', 'dataset_s3_bucket_producer', 'dataset_alias_example_alias_producer' retrieved from /home/airflow/.local/lib/python3.12/site-packages/airflow/example_dags/example_dataset_alias.py
[2024-10-10T13:08:19.449+0000] {logging_mixin.py:190} INFO - [2024-10-10T13:08:19.449+0000] {dag.py:3229} INFO - Sync 4 DAGs
[2024-10-10T13:08:19.465+0000] {logging_mixin.py:190} INFO - [2024-10-10T13:08:19.465+0000] {dag.py:4156} INFO - Setting next_dagrun for dataset_alias_example_alias_consumer to None, run_after=None
[2024-10-10T13:08:19.468+0000] {logging_mixin.py:190} INFO - [2024-10-10T13:08:19.468+0000] {dag.py:4156} INFO - Setting next_dagrun for dataset_alias_example_alias_producer to None, run_after=None
[2024-10-10T13:08:19.469+0000] {logging_mixin.py:190} INFO - [2024-10-10T13:08:19.469+0000] {dag.py:4156} INFO - Setting next_dagrun for dataset_s3_bucket_consumer to None, run_after=None
[2024-10-10T13:08:19.469+0000] {logging_mixin.py:190} INFO - [2024-10-10T13:08:19.469+0000] {dag.py:4156} INFO - Setting next_dagrun for dataset_s3_bucket_producer to None, run_after=None
[2024-10-10T13:08:19.481+0000] {processor.py:208} INFO - Processing /home/airflow/.local/lib/python3.12/site-packages/airflow/example_dags/example_dataset_alias.py took 0.103 seconds
[2024-10-10T13:51:03.584+0000] {processor.py:186} INFO - Started process (PID=40545) to work on /home/airflow/.local/lib/python3.12/site-packages/airflow/example_dags/example_dataset_alias.py
[2024-10-10T13:51:03.589+0000] {processor.py:914} INFO - Processing file /home/airflow/.local/lib/python3.12/site-packages/airflow/example_dags/example_dataset_alias.py for tasks to queue
[2024-10-10T13:51:03.590+0000] {logging_mixin.py:190} INFO - [2024-10-10T13:51:03.590+0000] {dagbag.py:587} INFO - Filling up the DagBag from /home/airflow/.local/lib/python3.12/site-packages/airflow/example_dags/example_dataset_alias.py
[2024-10-10T13:51:03.611+0000] {processor.py:925} INFO - DAG(s) 'dataset_s3_bucket_producer', 'dataset_alias_example_alias_consumer', 'dataset_alias_example_alias_producer', 'dataset_s3_bucket_consumer' retrieved from /home/airflow/.local/lib/python3.12/site-packages/airflow/example_dags/example_dataset_alias.py
[2024-10-10T13:51:03.625+0000] {logging_mixin.py:190} INFO - [2024-10-10T13:51:03.624+0000] {dag.py:3229} INFO - Sync 4 DAGs
[2024-10-10T13:51:03.640+0000] {logging_mixin.py:190} INFO - [2024-10-10T13:51:03.640+0000] {dag.py:4156} INFO - Setting next_dagrun for dataset_alias_example_alias_consumer to None, run_after=None
[2024-10-10T13:51:03.641+0000] {logging_mixin.py:190} INFO - [2024-10-10T13:51:03.641+0000] {dag.py:4156} INFO - Setting next_dagrun for dataset_alias_example_alias_producer to None, run_after=None
[2024-10-10T13:51:03.642+0000] {logging_mixin.py:190} INFO - [2024-10-10T13:51:03.642+0000] {dag.py:4156} INFO - Setting next_dagrun for dataset_s3_bucket_consumer to None, run_after=None
[2024-10-10T13:51:03.643+0000] {logging_mixin.py:190} INFO - [2024-10-10T13:51:03.643+0000] {dag.py:4156} INFO - Setting next_dagrun for dataset_s3_bucket_producer to None, run_after=None
[2024-10-10T13:51:03.654+0000] {processor.py:208} INFO - Processing /home/airflow/.local/lib/python3.12/site-packages/airflow/example_dags/example_dataset_alias.py took 0.076 seconds
[2024-10-10T14:18:17.463+0000] {processor.py:186} INFO - Started process (PID=40616) to work on /home/airflow/.local/lib/python3.12/site-packages/airflow/example_dags/example_dataset_alias.py
[2024-10-10T14:18:17.466+0000] {processor.py:914} INFO - Processing file /home/airflow/.local/lib/python3.12/site-packages/airflow/example_dags/example_dataset_alias.py for tasks to queue
[2024-10-10T14:18:17.467+0000] {logging_mixin.py:190} INFO - [2024-10-10T14:18:17.467+0000] {dagbag.py:587} INFO - Filling up the DagBag from /home/airflow/.local/lib/python3.12/site-packages/airflow/example_dags/example_dataset_alias.py
[2024-10-10T14:18:17.489+0000] {processor.py:925} INFO - DAG(s) 'dataset_s3_bucket_producer', 'dataset_alias_example_alias_consumer', 'dataset_alias_example_alias_producer', 'dataset_s3_bucket_consumer' retrieved from /home/airflow/.local/lib/python3.12/site-packages/airflow/example_dags/example_dataset_alias.py
[2024-10-10T14:18:17.503+0000] {logging_mixin.py:190} INFO - [2024-10-10T14:18:17.503+0000] {dag.py:3229} INFO - Sync 4 DAGs
[2024-10-10T14:18:17.518+0000] {logging_mixin.py:190} INFO - [2024-10-10T14:18:17.518+0000] {dag.py:4156} INFO - Setting next_dagrun for dataset_alias_example_alias_consumer to None, run_after=None
[2024-10-10T14:18:17.519+0000] {logging_mixin.py:190} INFO - [2024-10-10T14:18:17.519+0000] {dag.py:4156} INFO - Setting next_dagrun for dataset_alias_example_alias_producer to None, run_after=None
[2024-10-10T14:18:17.520+0000] {logging_mixin.py:190} INFO - [2024-10-10T14:18:17.520+0000] {dag.py:4156} INFO - Setting next_dagrun for dataset_s3_bucket_consumer to None, run_after=None
[2024-10-10T14:18:17.520+0000] {logging_mixin.py:190} INFO - [2024-10-10T14:18:17.520+0000] {dag.py:4156} INFO - Setting next_dagrun for dataset_s3_bucket_producer to None, run_after=None
[2024-10-10T14:18:17.530+0000] {processor.py:208} INFO - Processing /home/airflow/.local/lib/python3.12/site-packages/airflow/example_dags/example_dataset_alias.py took 0.071 seconds
[2024-10-10T14:50:16.856+0000] {processor.py:186} INFO - Started process (PID=40687) to work on /home/airflow/.local/lib/python3.12/site-packages/airflow/example_dags/example_dataset_alias.py
[2024-10-10T14:50:16.857+0000] {processor.py:914} INFO - Processing file /home/airflow/.local/lib/python3.12/site-packages/airflow/example_dags/example_dataset_alias.py for tasks to queue
[2024-10-10T14:50:16.858+0000] {logging_mixin.py:190} INFO - [2024-10-10T14:50:16.858+0000] {dagbag.py:587} INFO - Filling up the DagBag from /home/airflow/.local/lib/python3.12/site-packages/airflow/example_dags/example_dataset_alias.py
[2024-10-10T14:50:16.881+0000] {processor.py:925} INFO - DAG(s) 'dataset_s3_bucket_consumer', 'dataset_alias_example_alias_producer', 'dataset_alias_example_alias_consumer', 'dataset_s3_bucket_producer' retrieved from /home/airflow/.local/lib/python3.12/site-packages/airflow/example_dags/example_dataset_alias.py
[2024-10-10T14:50:16.892+0000] {logging_mixin.py:190} INFO - [2024-10-10T14:50:16.892+0000] {dag.py:3229} INFO - Sync 4 DAGs
[2024-10-10T14:50:16.903+0000] {logging_mixin.py:190} INFO - [2024-10-10T14:50:16.903+0000] {dag.py:4156} INFO - Setting next_dagrun for dataset_alias_example_alias_consumer to None, run_after=None
[2024-10-10T14:50:16.905+0000] {logging_mixin.py:190} INFO - [2024-10-10T14:50:16.904+0000] {dag.py:4156} INFO - Setting next_dagrun for dataset_alias_example_alias_producer to None, run_after=None
[2024-10-10T14:50:16.905+0000] {logging_mixin.py:190} INFO - [2024-10-10T14:50:16.905+0000] {dag.py:4156} INFO - Setting next_dagrun for dataset_s3_bucket_consumer to None, run_after=None
[2024-10-10T14:50:16.906+0000] {logging_mixin.py:190} INFO - [2024-10-10T14:50:16.906+0000] {dag.py:4156} INFO - Setting next_dagrun for dataset_s3_bucket_producer to None, run_after=None
[2024-10-10T14:50:16.915+0000] {processor.py:208} INFO - Processing /home/airflow/.local/lib/python3.12/site-packages/airflow/example_dags/example_dataset_alias.py took 0.062 seconds
[2024-10-10T15:19:02.267+0000] {processor.py:186} INFO - Started process (PID=40758) to work on /home/airflow/.local/lib/python3.12/site-packages/airflow/example_dags/example_dataset_alias.py
[2024-10-10T15:19:02.269+0000] {processor.py:914} INFO - Processing file /home/airflow/.local/lib/python3.12/site-packages/airflow/example_dags/example_dataset_alias.py for tasks to queue
[2024-10-10T15:19:02.270+0000] {logging_mixin.py:190} INFO - [2024-10-10T15:19:02.270+0000] {dagbag.py:587} INFO - Filling up the DagBag from /home/airflow/.local/lib/python3.12/site-packages/airflow/example_dags/example_dataset_alias.py
[2024-10-10T15:19:02.288+0000] {processor.py:925} INFO - DAG(s) 'dataset_alias_example_alias_consumer', 'dataset_s3_bucket_producer', 'dataset_alias_example_alias_producer', 'dataset_s3_bucket_consumer' retrieved from /home/airflow/.local/lib/python3.12/site-packages/airflow/example_dags/example_dataset_alias.py
[2024-10-10T15:19:02.299+0000] {logging_mixin.py:190} INFO - [2024-10-10T15:19:02.298+0000] {dag.py:3229} INFO - Sync 4 DAGs
[2024-10-10T15:19:02.309+0000] {logging_mixin.py:190} INFO - [2024-10-10T15:19:02.309+0000] {dag.py:4156} INFO - Setting next_dagrun for dataset_alias_example_alias_consumer to None, run_after=None
[2024-10-10T15:19:02.310+0000] {logging_mixin.py:190} INFO - [2024-10-10T15:19:02.310+0000] {dag.py:4156} INFO - Setting next_dagrun for dataset_alias_example_alias_producer to None, run_after=None
[2024-10-10T15:19:02.311+0000] {logging_mixin.py:190} INFO - [2024-10-10T15:19:02.311+0000] {dag.py:4156} INFO - Setting next_dagrun for dataset_s3_bucket_consumer to None, run_after=None
[2024-10-10T15:19:02.311+0000] {logging_mixin.py:190} INFO - [2024-10-10T15:19:02.311+0000] {dag.py:4156} INFO - Setting next_dagrun for dataset_s3_bucket_producer to None, run_after=None
[2024-10-10T15:19:02.320+0000] {processor.py:208} INFO - Processing /home/airflow/.local/lib/python3.12/site-packages/airflow/example_dags/example_dataset_alias.py took 0.056 seconds
[2024-10-10T15:50:09.384+0000] {processor.py:186} INFO - Started process (PID=40829) to work on /home/airflow/.local/lib/python3.12/site-packages/airflow/example_dags/example_dataset_alias.py
[2024-10-10T15:50:09.385+0000] {processor.py:914} INFO - Processing file /home/airflow/.local/lib/python3.12/site-packages/airflow/example_dags/example_dataset_alias.py for tasks to queue
[2024-10-10T15:50:09.386+0000] {logging_mixin.py:190} INFO - [2024-10-10T15:50:09.386+0000] {dagbag.py:587} INFO - Filling up the DagBag from /home/airflow/.local/lib/python3.12/site-packages/airflow/example_dags/example_dataset_alias.py
[2024-10-10T15:50:09.406+0000] {processor.py:925} INFO - DAG(s) 'dataset_s3_bucket_consumer', 'dataset_alias_example_alias_producer', 'dataset_s3_bucket_producer', 'dataset_alias_example_alias_consumer' retrieved from /home/airflow/.local/lib/python3.12/site-packages/airflow/example_dags/example_dataset_alias.py
[2024-10-10T15:50:09.417+0000] {logging_mixin.py:190} INFO - [2024-10-10T15:50:09.417+0000] {dag.py:3229} INFO - Sync 4 DAGs
[2024-10-10T15:50:09.427+0000] {logging_mixin.py:190} INFO - [2024-10-10T15:50:09.427+0000] {dag.py:4156} INFO - Setting next_dagrun for dataset_alias_example_alias_consumer to None, run_after=None
[2024-10-10T15:50:09.428+0000] {logging_mixin.py:190} INFO - [2024-10-10T15:50:09.428+0000] {dag.py:4156} INFO - Setting next_dagrun for dataset_alias_example_alias_producer to None, run_after=None
[2024-10-10T15:50:09.429+0000] {logging_mixin.py:190} INFO - [2024-10-10T15:50:09.429+0000] {dag.py:4156} INFO - Setting next_dagrun for dataset_s3_bucket_consumer to None, run_after=None
[2024-10-10T15:50:09.429+0000] {logging_mixin.py:190} INFO - [2024-10-10T15:50:09.429+0000] {dag.py:4156} INFO - Setting next_dagrun for dataset_s3_bucket_producer to None, run_after=None
[2024-10-10T15:50:09.437+0000] {processor.py:208} INFO - Processing /home/airflow/.local/lib/python3.12/site-packages/airflow/example_dags/example_dataset_alias.py took 0.056 seconds
[2024-10-10T16:36:38.282+0000] {processor.py:186} INFO - Started process (PID=40900) to work on /home/airflow/.local/lib/python3.12/site-packages/airflow/example_dags/example_dataset_alias.py
[2024-10-10T16:36:38.284+0000] {processor.py:914} INFO - Processing file /home/airflow/.local/lib/python3.12/site-packages/airflow/example_dags/example_dataset_alias.py for tasks to queue
[2024-10-10T16:36:38.286+0000] {logging_mixin.py:190} INFO - [2024-10-10T16:36:38.285+0000] {dagbag.py:587} INFO - Filling up the DagBag from /home/airflow/.local/lib/python3.12/site-packages/airflow/example_dags/example_dataset_alias.py
[2024-10-10T16:36:38.356+0000] {processor.py:925} INFO - DAG(s) 'dataset_s3_bucket_producer', 'dataset_alias_example_alias_consumer', 'dataset_s3_bucket_consumer', 'dataset_alias_example_alias_producer' retrieved from /home/airflow/.local/lib/python3.12/site-packages/airflow/example_dags/example_dataset_alias.py
[2024-10-10T16:36:38.388+0000] {logging_mixin.py:190} INFO - [2024-10-10T16:36:38.388+0000] {dag.py:3229} INFO - Sync 4 DAGs
[2024-10-10T16:36:38.403+0000] {logging_mixin.py:190} INFO - [2024-10-10T16:36:38.403+0000] {dag.py:4156} INFO - Setting next_dagrun for dataset_alias_example_alias_consumer to None, run_after=None
[2024-10-10T16:36:38.406+0000] {logging_mixin.py:190} INFO - [2024-10-10T16:36:38.406+0000] {dag.py:4156} INFO - Setting next_dagrun for dataset_alias_example_alias_producer to None, run_after=None
[2024-10-10T16:36:38.407+0000] {logging_mixin.py:190} INFO - [2024-10-10T16:36:38.407+0000] {dag.py:4156} INFO - Setting next_dagrun for dataset_s3_bucket_consumer to None, run_after=None
[2024-10-10T16:36:38.408+0000] {logging_mixin.py:190} INFO - [2024-10-10T16:36:38.408+0000] {dag.py:4156} INFO - Setting next_dagrun for dataset_s3_bucket_producer to None, run_after=None
[2024-10-10T16:36:38.428+0000] {processor.py:208} INFO - Processing /home/airflow/.local/lib/python3.12/site-packages/airflow/example_dags/example_dataset_alias.py took 0.153 seconds
[2024-10-10T16:45:46.876+0000] {processor.py:186} INFO - Started process (PID=40971) to work on /home/airflow/.local/lib/python3.12/site-packages/airflow/example_dags/example_dataset_alias.py
[2024-10-10T16:45:46.878+0000] {processor.py:914} INFO - Processing file /home/airflow/.local/lib/python3.12/site-packages/airflow/example_dags/example_dataset_alias.py for tasks to queue
[2024-10-10T16:45:46.879+0000] {logging_mixin.py:190} INFO - [2024-10-10T16:45:46.878+0000] {dagbag.py:587} INFO - Filling up the DagBag from /home/airflow/.local/lib/python3.12/site-packages/airflow/example_dags/example_dataset_alias.py
[2024-10-10T16:45:46.899+0000] {processor.py:925} INFO - DAG(s) 'dataset_alias_example_alias_consumer', 'dataset_alias_example_alias_producer', 'dataset_s3_bucket_consumer', 'dataset_s3_bucket_producer' retrieved from /home/airflow/.local/lib/python3.12/site-packages/airflow/example_dags/example_dataset_alias.py
[2024-10-10T16:45:46.909+0000] {logging_mixin.py:190} INFO - [2024-10-10T16:45:46.909+0000] {dag.py:3229} INFO - Sync 4 DAGs
[2024-10-10T16:45:46.922+0000] {logging_mixin.py:190} INFO - [2024-10-10T16:45:46.921+0000] {dag.py:4156} INFO - Setting next_dagrun for dataset_alias_example_alias_consumer to None, run_after=None
[2024-10-10T16:45:46.923+0000] {logging_mixin.py:190} INFO - [2024-10-10T16:45:46.923+0000] {dag.py:4156} INFO - Setting next_dagrun for dataset_alias_example_alias_producer to None, run_after=None
[2024-10-10T16:45:46.923+0000] {logging_mixin.py:190} INFO - [2024-10-10T16:45:46.923+0000] {dag.py:4156} INFO - Setting next_dagrun for dataset_s3_bucket_consumer to None, run_after=None
[2024-10-10T16:45:46.924+0000] {logging_mixin.py:190} INFO - [2024-10-10T16:45:46.924+0000] {dag.py:4156} INFO - Setting next_dagrun for dataset_s3_bucket_producer to None, run_after=None
[2024-10-10T16:45:46.936+0000] {processor.py:208} INFO - Processing /home/airflow/.local/lib/python3.12/site-packages/airflow/example_dags/example_dataset_alias.py took 0.066 seconds
[2024-10-10T17:20:01.623+0000] {processor.py:186} INFO - Started process (PID=41041) to work on /home/airflow/.local/lib/python3.12/site-packages/airflow/example_dags/example_dataset_alias.py
[2024-10-10T17:20:01.626+0000] {processor.py:914} INFO - Processing file /home/airflow/.local/lib/python3.12/site-packages/airflow/example_dags/example_dataset_alias.py for tasks to queue
[2024-10-10T17:20:01.627+0000] {logging_mixin.py:190} INFO - [2024-10-10T17:20:01.627+0000] {dagbag.py:587} INFO - Filling up the DagBag from /home/airflow/.local/lib/python3.12/site-packages/airflow/example_dags/example_dataset_alias.py
[2024-10-10T17:20:01.643+0000] {processor.py:925} INFO - DAG(s) 'dataset_alias_example_alias_producer', 'dataset_alias_example_alias_consumer', 'dataset_s3_bucket_consumer', 'dataset_s3_bucket_producer' retrieved from /home/airflow/.local/lib/python3.12/site-packages/airflow/example_dags/example_dataset_alias.py
[2024-10-10T17:20:01.653+0000] {logging_mixin.py:190} INFO - [2024-10-10T17:20:01.653+0000] {dag.py:3229} INFO - Sync 4 DAGs
[2024-10-10T17:20:01.665+0000] {logging_mixin.py:190} INFO - [2024-10-10T17:20:01.665+0000] {dag.py:4156} INFO - Setting next_dagrun for dataset_alias_example_alias_consumer to None, run_after=None
[2024-10-10T17:20:01.666+0000] {logging_mixin.py:190} INFO - [2024-10-10T17:20:01.666+0000] {dag.py:4156} INFO - Setting next_dagrun for dataset_alias_example_alias_producer to None, run_after=None
[2024-10-10T17:20:01.667+0000] {logging_mixin.py:190} INFO - [2024-10-10T17:20:01.667+0000] {dag.py:4156} INFO - Setting next_dagrun for dataset_s3_bucket_consumer to None, run_after=None
[2024-10-10T17:20:01.667+0000] {logging_mixin.py:190} INFO - [2024-10-10T17:20:01.667+0000] {dag.py:4156} INFO - Setting next_dagrun for dataset_s3_bucket_producer to None, run_after=None
[2024-10-10T17:20:01.675+0000] {processor.py:208} INFO - Processing /home/airflow/.local/lib/python3.12/site-packages/airflow/example_dags/example_dataset_alias.py took 0.055 seconds
[2024-10-10T18:21:01.468+0000] {processor.py:186} INFO - Started process (PID=41112) to work on /home/airflow/.local/lib/python3.12/site-packages/airflow/example_dags/example_dataset_alias.py
[2024-10-10T18:21:01.469+0000] {processor.py:914} INFO - Processing file /home/airflow/.local/lib/python3.12/site-packages/airflow/example_dags/example_dataset_alias.py for tasks to queue
[2024-10-10T18:21:01.470+0000] {logging_mixin.py:190} INFO - [2024-10-10T18:21:01.470+0000] {dagbag.py:587} INFO - Filling up the DagBag from /home/airflow/.local/lib/python3.12/site-packages/airflow/example_dags/example_dataset_alias.py
[2024-10-10T18:21:01.484+0000] {processor.py:925} INFO - DAG(s) 'dataset_s3_bucket_consumer', 'dataset_alias_example_alias_producer', 'dataset_alias_example_alias_consumer', 'dataset_s3_bucket_producer' retrieved from /home/airflow/.local/lib/python3.12/site-packages/airflow/example_dags/example_dataset_alias.py
[2024-10-10T18:21:01.494+0000] {logging_mixin.py:190} INFO - [2024-10-10T18:21:01.494+0000] {dag.py:3229} INFO - Sync 4 DAGs
[2024-10-10T18:21:01.504+0000] {logging_mixin.py:190} INFO - [2024-10-10T18:21:01.504+0000] {dag.py:4156} INFO - Setting next_dagrun for dataset_alias_example_alias_consumer to None, run_after=None
[2024-10-10T18:21:01.506+0000] {logging_mixin.py:190} INFO - [2024-10-10T18:21:01.506+0000] {dag.py:4156} INFO - Setting next_dagrun for dataset_alias_example_alias_producer to None, run_after=None
[2024-10-10T18:21:01.507+0000] {logging_mixin.py:190} INFO - [2024-10-10T18:21:01.507+0000] {dag.py:4156} INFO - Setting next_dagrun for dataset_s3_bucket_consumer to None, run_after=None
[2024-10-10T18:21:01.507+0000] {logging_mixin.py:190} INFO - [2024-10-10T18:21:01.507+0000] {dag.py:4156} INFO - Setting next_dagrun for dataset_s3_bucket_producer to None, run_after=None
[2024-10-10T18:21:01.515+0000] {processor.py:208} INFO - Processing /home/airflow/.local/lib/python3.12/site-packages/airflow/example_dags/example_dataset_alias.py took 0.051 seconds
[2024-10-10T18:38:27.408+0000] {processor.py:186} INFO - Started process (PID=41183) to work on /home/airflow/.local/lib/python3.12/site-packages/airflow/example_dags/example_dataset_alias.py
[2024-10-10T18:38:27.409+0000] {processor.py:914} INFO - Processing file /home/airflow/.local/lib/python3.12/site-packages/airflow/example_dags/example_dataset_alias.py for tasks to queue
[2024-10-10T18:38:27.409+0000] {logging_mixin.py:190} INFO - [2024-10-10T18:38:27.409+0000] {dagbag.py:587} INFO - Filling up the DagBag from /home/airflow/.local/lib/python3.12/site-packages/airflow/example_dags/example_dataset_alias.py
[2024-10-10T18:38:27.433+0000] {processor.py:925} INFO - DAG(s) 'dataset_s3_bucket_consumer', 'dataset_alias_example_alias_consumer', 'dataset_s3_bucket_producer', 'dataset_alias_example_alias_producer' retrieved from /home/airflow/.local/lib/python3.12/site-packages/airflow/example_dags/example_dataset_alias.py
[2024-10-10T18:38:27.450+0000] {logging_mixin.py:190} INFO - [2024-10-10T18:38:27.450+0000] {dag.py:3229} INFO - Sync 4 DAGs
[2024-10-10T18:38:27.466+0000] {logging_mixin.py:190} INFO - [2024-10-10T18:38:27.466+0000] {dag.py:4156} INFO - Setting next_dagrun for dataset_alias_example_alias_consumer to None, run_after=None
[2024-10-10T18:38:27.468+0000] {logging_mixin.py:190} INFO - [2024-10-10T18:38:27.468+0000] {dag.py:4156} INFO - Setting next_dagrun for dataset_alias_example_alias_producer to None, run_after=None
[2024-10-10T18:38:27.469+0000] {logging_mixin.py:190} INFO - [2024-10-10T18:38:27.469+0000] {dag.py:4156} INFO - Setting next_dagrun for dataset_s3_bucket_consumer to None, run_after=None
[2024-10-10T18:38:27.470+0000] {logging_mixin.py:190} INFO - [2024-10-10T18:38:27.470+0000] {dag.py:4156} INFO - Setting next_dagrun for dataset_s3_bucket_producer to None, run_after=None
[2024-10-10T18:38:27.482+0000] {processor.py:208} INFO - Processing /home/airflow/.local/lib/python3.12/site-packages/airflow/example_dags/example_dataset_alias.py took 0.078 seconds
[2024-10-10T19:39:11.816+0000] {processor.py:186} INFO - Started process (PID=41254) to work on /home/airflow/.local/lib/python3.12/site-packages/airflow/example_dags/example_dataset_alias.py
[2024-10-10T19:39:11.818+0000] {processor.py:914} INFO - Processing file /home/airflow/.local/lib/python3.12/site-packages/airflow/example_dags/example_dataset_alias.py for tasks to queue
[2024-10-10T19:39:11.818+0000] {logging_mixin.py:190} INFO - [2024-10-10T19:39:11.818+0000] {dagbag.py:587} INFO - Filling up the DagBag from /home/airflow/.local/lib/python3.12/site-packages/airflow/example_dags/example_dataset_alias.py
[2024-10-10T19:39:11.841+0000] {processor.py:925} INFO - DAG(s) 'dataset_alias_example_alias_producer', 'dataset_s3_bucket_producer', 'dataset_alias_example_alias_consumer', 'dataset_s3_bucket_consumer' retrieved from /home/airflow/.local/lib/python3.12/site-packages/airflow/example_dags/example_dataset_alias.py
[2024-10-10T19:39:11.851+0000] {logging_mixin.py:190} INFO - [2024-10-10T19:39:11.851+0000] {dag.py:3229} INFO - Sync 4 DAGs
[2024-10-10T19:39:11.864+0000] {logging_mixin.py:190} INFO - [2024-10-10T19:39:11.864+0000] {dag.py:4156} INFO - Setting next_dagrun for dataset_alias_example_alias_consumer to None, run_after=None
[2024-10-10T19:39:11.865+0000] {logging_mixin.py:190} INFO - [2024-10-10T19:39:11.865+0000] {dag.py:4156} INFO - Setting next_dagrun for dataset_alias_example_alias_producer to None, run_after=None
[2024-10-10T19:39:11.865+0000] {logging_mixin.py:190} INFO - [2024-10-10T19:39:11.865+0000] {dag.py:4156} INFO - Setting next_dagrun for dataset_s3_bucket_consumer to None, run_after=None
[2024-10-10T19:39:11.866+0000] {logging_mixin.py:190} INFO - [2024-10-10T19:39:11.866+0000] {dag.py:4156} INFO - Setting next_dagrun for dataset_s3_bucket_producer to None, run_after=None
[2024-10-10T19:39:11.874+0000] {processor.py:208} INFO - Processing /home/airflow/.local/lib/python3.12/site-packages/airflow/example_dags/example_dataset_alias.py took 0.064 seconds
[2024-10-10T20:23:15.436+0000] {processor.py:186} INFO - Started process (PID=41325) to work on /home/airflow/.local/lib/python3.12/site-packages/airflow/example_dags/example_dataset_alias.py
[2024-10-10T20:23:15.438+0000] {processor.py:914} INFO - Processing file /home/airflow/.local/lib/python3.12/site-packages/airflow/example_dags/example_dataset_alias.py for tasks to queue
[2024-10-10T20:23:15.439+0000] {logging_mixin.py:190} INFO - [2024-10-10T20:23:15.439+0000] {dagbag.py:587} INFO - Filling up the DagBag from /home/airflow/.local/lib/python3.12/site-packages/airflow/example_dags/example_dataset_alias.py
[2024-10-10T20:23:15.488+0000] {processor.py:925} INFO - DAG(s) 'dataset_alias_example_alias_producer', 'dataset_s3_bucket_producer', 'dataset_alias_example_alias_consumer', 'dataset_s3_bucket_consumer' retrieved from /home/airflow/.local/lib/python3.12/site-packages/airflow/example_dags/example_dataset_alias.py
[2024-10-10T20:23:15.648+0000] {logging_mixin.py:190} INFO - [2024-10-10T20:23:15.647+0000] {dag.py:3229} INFO - Sync 4 DAGs
[2024-10-10T20:23:15.693+0000] {logging_mixin.py:190} INFO - [2024-10-10T20:23:15.692+0000] {dag.py:4156} INFO - Setting next_dagrun for dataset_alias_example_alias_consumer to None, run_after=None
[2024-10-10T20:23:15.694+0000] {logging_mixin.py:190} INFO - [2024-10-10T20:23:15.694+0000] {dag.py:4156} INFO - Setting next_dagrun for dataset_alias_example_alias_producer to None, run_after=None
[2024-10-10T20:23:15.695+0000] {logging_mixin.py:190} INFO - [2024-10-10T20:23:15.695+0000] {dag.py:4156} INFO - Setting next_dagrun for dataset_s3_bucket_consumer to None, run_after=None
[2024-10-10T20:23:15.696+0000] {logging_mixin.py:190} INFO - [2024-10-10T20:23:15.696+0000] {dag.py:4156} INFO - Setting next_dagrun for dataset_s3_bucket_producer to None, run_after=None
[2024-10-10T20:23:15.713+0000] {processor.py:208} INFO - Processing /home/airflow/.local/lib/python3.12/site-packages/airflow/example_dags/example_dataset_alias.py took 0.284 seconds
[2024-10-10T20:54:20.622+0000] {processor.py:186} INFO - Started process (PID=41396) to work on /home/airflow/.local/lib/python3.12/site-packages/airflow/example_dags/example_dataset_alias.py
[2024-10-10T20:54:20.625+0000] {processor.py:914} INFO - Processing file /home/airflow/.local/lib/python3.12/site-packages/airflow/example_dags/example_dataset_alias.py for tasks to queue
[2024-10-10T20:54:20.626+0000] {logging_mixin.py:190} INFO - [2024-10-10T20:54:20.625+0000] {dagbag.py:587} INFO - Filling up the DagBag from /home/airflow/.local/lib/python3.12/site-packages/airflow/example_dags/example_dataset_alias.py
[2024-10-10T20:54:20.645+0000] {processor.py:925} INFO - DAG(s) 'dataset_s3_bucket_producer', 'dataset_alias_example_alias_producer', 'dataset_s3_bucket_consumer', 'dataset_alias_example_alias_consumer' retrieved from /home/airflow/.local/lib/python3.12/site-packages/airflow/example_dags/example_dataset_alias.py
[2024-10-10T20:54:20.658+0000] {logging_mixin.py:190} INFO - [2024-10-10T20:54:20.658+0000] {dag.py:3229} INFO - Sync 4 DAGs
[2024-10-10T20:54:20.671+0000] {logging_mixin.py:190} INFO - [2024-10-10T20:54:20.671+0000] {dag.py:4156} INFO - Setting next_dagrun for dataset_alias_example_alias_consumer to None, run_after=None
[2024-10-10T20:54:20.672+0000] {logging_mixin.py:190} INFO - [2024-10-10T20:54:20.672+0000] {dag.py:4156} INFO - Setting next_dagrun for dataset_alias_example_alias_producer to None, run_after=None
[2024-10-10T20:54:20.673+0000] {logging_mixin.py:190} INFO - [2024-10-10T20:54:20.673+0000] {dag.py:4156} INFO - Setting next_dagrun for dataset_s3_bucket_consumer to None, run_after=None
[2024-10-10T20:54:20.673+0000] {logging_mixin.py:190} INFO - [2024-10-10T20:54:20.673+0000] {dag.py:4156} INFO - Setting next_dagrun for dataset_s3_bucket_producer to None, run_after=None
[2024-10-10T20:54:20.685+0000] {processor.py:208} INFO - Processing /home/airflow/.local/lib/python3.12/site-packages/airflow/example_dags/example_dataset_alias.py took 0.068 seconds
[2024-10-10T21:24:08.583+0000] {processor.py:186} INFO - Started process (PID=41467) to work on /home/airflow/.local/lib/python3.12/site-packages/airflow/example_dags/example_dataset_alias.py
[2024-10-10T21:24:08.584+0000] {processor.py:914} INFO - Processing file /home/airflow/.local/lib/python3.12/site-packages/airflow/example_dags/example_dataset_alias.py for tasks to queue
[2024-10-10T21:24:08.585+0000] {logging_mixin.py:190} INFO - [2024-10-10T21:24:08.585+0000] {dagbag.py:587} INFO - Filling up the DagBag from /home/airflow/.local/lib/python3.12/site-packages/airflow/example_dags/example_dataset_alias.py
[2024-10-10T21:24:08.601+0000] {processor.py:925} INFO - DAG(s) 'dataset_s3_bucket_producer', 'dataset_alias_example_alias_consumer', 'dataset_s3_bucket_consumer', 'dataset_alias_example_alias_producer' retrieved from /home/airflow/.local/lib/python3.12/site-packages/airflow/example_dags/example_dataset_alias.py
[2024-10-10T21:24:08.613+0000] {logging_mixin.py:190} INFO - [2024-10-10T21:24:08.612+0000] {dag.py:3229} INFO - Sync 4 DAGs
[2024-10-10T21:24:08.624+0000] {logging_mixin.py:190} INFO - [2024-10-10T21:24:08.624+0000] {dag.py:4156} INFO - Setting next_dagrun for dataset_alias_example_alias_consumer to None, run_after=None
[2024-10-10T21:24:08.626+0000] {logging_mixin.py:190} INFO - [2024-10-10T21:24:08.626+0000] {dag.py:4156} INFO - Setting next_dagrun for dataset_alias_example_alias_producer to None, run_after=None
[2024-10-10T21:24:08.627+0000] {logging_mixin.py:190} INFO - [2024-10-10T21:24:08.627+0000] {dag.py:4156} INFO - Setting next_dagrun for dataset_s3_bucket_consumer to None, run_after=None
[2024-10-10T21:24:08.628+0000] {logging_mixin.py:190} INFO - [2024-10-10T21:24:08.628+0000] {dag.py:4156} INFO - Setting next_dagrun for dataset_s3_bucket_producer to None, run_after=None
[2024-10-10T21:24:08.637+0000] {processor.py:208} INFO - Processing /home/airflow/.local/lib/python3.12/site-packages/airflow/example_dags/example_dataset_alias.py took 0.057 seconds
[2024-10-10T21:24:39.187+0000] {processor.py:186} INFO - Started process (PID=41538) to work on /home/airflow/.local/lib/python3.12/site-packages/airflow/example_dags/example_dataset_alias.py
[2024-10-10T21:24:39.187+0000] {processor.py:914} INFO - Processing file /home/airflow/.local/lib/python3.12/site-packages/airflow/example_dags/example_dataset_alias.py for tasks to queue
[2024-10-10T21:24:39.188+0000] {logging_mixin.py:190} INFO - [2024-10-10T21:24:39.188+0000] {dagbag.py:587} INFO - Filling up the DagBag from /home/airflow/.local/lib/python3.12/site-packages/airflow/example_dags/example_dataset_alias.py
[2024-10-10T21:24:39.210+0000] {processor.py:925} INFO - DAG(s) 'dataset_s3_bucket_consumer', 'dataset_s3_bucket_producer', 'dataset_alias_example_alias_producer', 'dataset_alias_example_alias_consumer' retrieved from /home/airflow/.local/lib/python3.12/site-packages/airflow/example_dags/example_dataset_alias.py
[2024-10-10T21:24:39.218+0000] {logging_mixin.py:190} INFO - [2024-10-10T21:24:39.218+0000] {dag.py:3229} INFO - Sync 4 DAGs
[2024-10-10T21:24:39.234+0000] {logging_mixin.py:190} INFO - [2024-10-10T21:24:39.234+0000] {dag.py:4156} INFO - Setting next_dagrun for dataset_alias_example_alias_consumer to None, run_after=None
[2024-10-10T21:24:39.236+0000] {logging_mixin.py:190} INFO - [2024-10-10T21:24:39.236+0000] {dag.py:4156} INFO - Setting next_dagrun for dataset_alias_example_alias_producer to None, run_after=None
[2024-10-10T21:24:39.236+0000] {logging_mixin.py:190} INFO - [2024-10-10T21:24:39.236+0000] {dag.py:4156} INFO - Setting next_dagrun for dataset_s3_bucket_consumer to None, run_after=None
[2024-10-10T21:24:39.237+0000] {logging_mixin.py:190} INFO - [2024-10-10T21:24:39.237+0000] {dag.py:4156} INFO - Setting next_dagrun for dataset_s3_bucket_producer to None, run_after=None
[2024-10-10T21:24:39.245+0000] {processor.py:208} INFO - Processing /home/airflow/.local/lib/python3.12/site-packages/airflow/example_dags/example_dataset_alias.py took 0.062 seconds
[2024-10-10T21:43:35.688+0000] {processor.py:186} INFO - Started process (PID=41609) to work on /home/airflow/.local/lib/python3.12/site-packages/airflow/example_dags/example_dataset_alias.py
[2024-10-10T21:43:35.689+0000] {processor.py:914} INFO - Processing file /home/airflow/.local/lib/python3.12/site-packages/airflow/example_dags/example_dataset_alias.py for tasks to queue
[2024-10-10T21:43:35.690+0000] {logging_mixin.py:190} INFO - [2024-10-10T21:43:35.690+0000] {dagbag.py:587} INFO - Filling up the DagBag from /home/airflow/.local/lib/python3.12/site-packages/airflow/example_dags/example_dataset_alias.py
[2024-10-10T21:43:35.706+0000] {processor.py:925} INFO - DAG(s) 'dataset_alias_example_alias_consumer', 'dataset_s3_bucket_producer', 'dataset_s3_bucket_consumer', 'dataset_alias_example_alias_producer' retrieved from /home/airflow/.local/lib/python3.12/site-packages/airflow/example_dags/example_dataset_alias.py
[2024-10-10T21:43:35.715+0000] {logging_mixin.py:190} INFO - [2024-10-10T21:43:35.714+0000] {dag.py:3229} INFO - Sync 4 DAGs
[2024-10-10T21:43:35.727+0000] {logging_mixin.py:190} INFO - [2024-10-10T21:43:35.727+0000] {dag.py:4156} INFO - Setting next_dagrun for dataset_alias_example_alias_consumer to None, run_after=None
[2024-10-10T21:43:35.728+0000] {logging_mixin.py:190} INFO - [2024-10-10T21:43:35.728+0000] {dag.py:4156} INFO - Setting next_dagrun for dataset_alias_example_alias_producer to None, run_after=None
[2024-10-10T21:43:35.729+0000] {logging_mixin.py:190} INFO - [2024-10-10T21:43:35.729+0000] {dag.py:4156} INFO - Setting next_dagrun for dataset_s3_bucket_consumer to None, run_after=None
[2024-10-10T21:43:35.730+0000] {logging_mixin.py:190} INFO - [2024-10-10T21:43:35.730+0000] {dag.py:4156} INFO - Setting next_dagrun for dataset_s3_bucket_producer to None, run_after=None
[2024-10-10T21:43:35.745+0000] {processor.py:208} INFO - Processing /home/airflow/.local/lib/python3.12/site-packages/airflow/example_dags/example_dataset_alias.py took 0.059 seconds
[2024-10-10T22:17:48.416+0000] {processor.py:186} INFO - Started process (PID=41680) to work on /home/airflow/.local/lib/python3.12/site-packages/airflow/example_dags/example_dataset_alias.py
[2024-10-10T22:17:48.417+0000] {processor.py:914} INFO - Processing file /home/airflow/.local/lib/python3.12/site-packages/airflow/example_dags/example_dataset_alias.py for tasks to queue
[2024-10-10T22:17:48.417+0000] {logging_mixin.py:190} INFO - [2024-10-10T22:17:48.417+0000] {dagbag.py:587} INFO - Filling up the DagBag from /home/airflow/.local/lib/python3.12/site-packages/airflow/example_dags/example_dataset_alias.py
[2024-10-10T22:17:48.444+0000] {processor.py:925} INFO - DAG(s) 'dataset_alias_example_alias_producer', 'dataset_s3_bucket_producer', 'dataset_alias_example_alias_consumer', 'dataset_s3_bucket_consumer' retrieved from /home/airflow/.local/lib/python3.12/site-packages/airflow/example_dags/example_dataset_alias.py
[2024-10-10T22:17:48.457+0000] {logging_mixin.py:190} INFO - [2024-10-10T22:17:48.457+0000] {dag.py:3229} INFO - Sync 4 DAGs
[2024-10-10T22:17:48.476+0000] {logging_mixin.py:190} INFO - [2024-10-10T22:17:48.475+0000] {dag.py:4156} INFO - Setting next_dagrun for dataset_alias_example_alias_consumer to None, run_after=None
[2024-10-10T22:17:48.477+0000] {logging_mixin.py:190} INFO - [2024-10-10T22:17:48.477+0000] {dag.py:4156} INFO - Setting next_dagrun for dataset_alias_example_alias_producer to None, run_after=None
[2024-10-10T22:17:48.478+0000] {logging_mixin.py:190} INFO - [2024-10-10T22:17:48.478+0000] {dag.py:4156} INFO - Setting next_dagrun for dataset_s3_bucket_consumer to None, run_after=None
[2024-10-10T22:17:48.480+0000] {logging_mixin.py:190} INFO - [2024-10-10T22:17:48.480+0000] {dag.py:4156} INFO - Setting next_dagrun for dataset_s3_bucket_producer to None, run_after=None
[2024-10-10T22:17:48.496+0000] {processor.py:208} INFO - Processing /home/airflow/.local/lib/python3.12/site-packages/airflow/example_dags/example_dataset_alias.py took 0.084 seconds
[2024-10-10T22:46:08.875+0000] {processor.py:186} INFO - Started process (PID=41751) to work on /home/airflow/.local/lib/python3.12/site-packages/airflow/example_dags/example_dataset_alias.py
[2024-10-10T22:46:08.876+0000] {processor.py:914} INFO - Processing file /home/airflow/.local/lib/python3.12/site-packages/airflow/example_dags/example_dataset_alias.py for tasks to queue
[2024-10-10T22:46:08.876+0000] {logging_mixin.py:190} INFO - [2024-10-10T22:46:08.876+0000] {dagbag.py:587} INFO - Filling up the DagBag from /home/airflow/.local/lib/python3.12/site-packages/airflow/example_dags/example_dataset_alias.py
[2024-10-10T22:46:08.890+0000] {processor.py:925} INFO - DAG(s) 'dataset_s3_bucket_consumer', 'dataset_alias_example_alias_producer', 'dataset_s3_bucket_producer', 'dataset_alias_example_alias_consumer' retrieved from /home/airflow/.local/lib/python3.12/site-packages/airflow/example_dags/example_dataset_alias.py
[2024-10-10T22:46:08.906+0000] {logging_mixin.py:190} INFO - [2024-10-10T22:46:08.906+0000] {dag.py:3229} INFO - Sync 4 DAGs
[2024-10-10T22:46:08.927+0000] {logging_mixin.py:190} INFO - [2024-10-10T22:46:08.927+0000] {dag.py:4156} INFO - Setting next_dagrun for dataset_alias_example_alias_consumer to None, run_after=None
[2024-10-10T22:46:08.929+0000] {logging_mixin.py:190} INFO - [2024-10-10T22:46:08.929+0000] {dag.py:4156} INFO - Setting next_dagrun for dataset_alias_example_alias_producer to None, run_after=None
[2024-10-10T22:46:08.930+0000] {logging_mixin.py:190} INFO - [2024-10-10T22:46:08.930+0000] {dag.py:4156} INFO - Setting next_dagrun for dataset_s3_bucket_consumer to None, run_after=None
[2024-10-10T22:46:08.931+0000] {logging_mixin.py:190} INFO - [2024-10-10T22:46:08.931+0000] {dag.py:4156} INFO - Setting next_dagrun for dataset_s3_bucket_producer to None, run_after=None
[2024-10-10T22:46:08.949+0000] {processor.py:208} INFO - Processing /home/airflow/.local/lib/python3.12/site-packages/airflow/example_dags/example_dataset_alias.py took 0.077 seconds
[2024-10-10T23:26:19.552+0000] {processor.py:186} INFO - Started process (PID=41822) to work on /home/airflow/.local/lib/python3.12/site-packages/airflow/example_dags/example_dataset_alias.py
[2024-10-10T23:26:19.552+0000] {processor.py:914} INFO - Processing file /home/airflow/.local/lib/python3.12/site-packages/airflow/example_dags/example_dataset_alias.py for tasks to queue
[2024-10-10T23:26:19.553+0000] {logging_mixin.py:190} INFO - [2024-10-10T23:26:19.553+0000] {dagbag.py:587} INFO - Filling up the DagBag from /home/airflow/.local/lib/python3.12/site-packages/airflow/example_dags/example_dataset_alias.py
[2024-10-10T23:26:19.567+0000] {processor.py:925} INFO - DAG(s) 'dataset_alias_example_alias_consumer', 'dataset_s3_bucket_producer', 'dataset_s3_bucket_consumer', 'dataset_alias_example_alias_producer' retrieved from /home/airflow/.local/lib/python3.12/site-packages/airflow/example_dags/example_dataset_alias.py
[2024-10-10T23:26:19.579+0000] {logging_mixin.py:190} INFO - [2024-10-10T23:26:19.579+0000] {dag.py:3229} INFO - Sync 4 DAGs
[2024-10-10T23:26:19.594+0000] {logging_mixin.py:190} INFO - [2024-10-10T23:26:19.594+0000] {dag.py:4156} INFO - Setting next_dagrun for dataset_alias_example_alias_consumer to None, run_after=None
[2024-10-10T23:26:19.595+0000] {logging_mixin.py:190} INFO - [2024-10-10T23:26:19.595+0000] {dag.py:4156} INFO - Setting next_dagrun for dataset_alias_example_alias_producer to None, run_after=None
[2024-10-10T23:26:19.596+0000] {logging_mixin.py:190} INFO - [2024-10-10T23:26:19.596+0000] {dag.py:4156} INFO - Setting next_dagrun for dataset_s3_bucket_consumer to None, run_after=None
[2024-10-10T23:26:19.597+0000] {logging_mixin.py:190} INFO - [2024-10-10T23:26:19.597+0000] {dag.py:4156} INFO - Setting next_dagrun for dataset_s3_bucket_producer to None, run_after=None
[2024-10-10T23:26:19.609+0000] {processor.py:208} INFO - Processing /home/airflow/.local/lib/python3.12/site-packages/airflow/example_dags/example_dataset_alias.py took 0.060 seconds
