[2024-10-10T00:11:41.769+0000] {processor.py:186} INFO - Started process (PID=38848) to work on /home/airflow/.local/lib/python3.12/site-packages/airflow/example_dags/example_short_circuit_operator.py
[2024-10-10T00:11:41.770+0000] {processor.py:914} INFO - Processing file /home/airflow/.local/lib/python3.12/site-packages/airflow/example_dags/example_short_circuit_operator.py for tasks to queue
[2024-10-10T00:11:41.770+0000] {logging_mixin.py:190} INFO - [2024-10-10T00:11:41.770+0000] {dagbag.py:587} INFO - Filling up the DagBag from /home/airflow/.local/lib/python3.12/site-packages/airflow/example_dags/example_short_circuit_operator.py
[2024-10-10T00:11:41.782+0000] {processor.py:925} INFO - DAG(s) 'example_short_circuit_operator' retrieved from /home/airflow/.local/lib/python3.12/site-packages/airflow/example_dags/example_short_circuit_operator.py
[2024-10-10T00:11:41.800+0000] {logging_mixin.py:190} INFO - [2024-10-10T00:11:41.800+0000] {dag.py:3229} INFO - Sync 1 DAGs
[2024-10-10T00:11:41.809+0000] {logging_mixin.py:190} INFO - [2024-10-10T00:11:41.809+0000] {dag.py:4156} INFO - Setting next_dagrun for example_short_circuit_operator to None, run_after=None
[2024-10-10T00:11:41.822+0000] {processor.py:208} INFO - Processing /home/airflow/.local/lib/python3.12/site-packages/airflow/example_dags/example_short_circuit_operator.py took 0.057 seconds
[2024-10-10T01:18:08.643+0000] {processor.py:186} INFO - Started process (PID=38919) to work on /home/airflow/.local/lib/python3.12/site-packages/airflow/example_dags/example_short_circuit_operator.py
[2024-10-10T01:18:08.643+0000] {processor.py:914} INFO - Processing file /home/airflow/.local/lib/python3.12/site-packages/airflow/example_dags/example_short_circuit_operator.py for tasks to queue
[2024-10-10T01:18:08.644+0000] {logging_mixin.py:190} INFO - [2024-10-10T01:18:08.644+0000] {dagbag.py:587} INFO - Filling up the DagBag from /home/airflow/.local/lib/python3.12/site-packages/airflow/example_dags/example_short_circuit_operator.py
[2024-10-10T01:18:08.649+0000] {processor.py:925} INFO - DAG(s) 'example_short_circuit_operator' retrieved from /home/airflow/.local/lib/python3.12/site-packages/airflow/example_dags/example_short_circuit_operator.py
[2024-10-10T01:18:08.663+0000] {logging_mixin.py:190} INFO - [2024-10-10T01:18:08.663+0000] {dag.py:3229} INFO - Sync 1 DAGs
[2024-10-10T01:18:08.670+0000] {logging_mixin.py:190} INFO - [2024-10-10T01:18:08.670+0000] {dag.py:4156} INFO - Setting next_dagrun for example_short_circuit_operator to None, run_after=None
[2024-10-10T01:18:08.688+0000] {processor.py:208} INFO - Processing /home/airflow/.local/lib/python3.12/site-packages/airflow/example_dags/example_short_circuit_operator.py took 0.048 seconds
[2024-10-10T01:52:18.177+0000] {processor.py:186} INFO - Started process (PID=38990) to work on /home/airflow/.local/lib/python3.12/site-packages/airflow/example_dags/example_short_circuit_operator.py
[2024-10-10T01:52:18.177+0000] {processor.py:914} INFO - Processing file /home/airflow/.local/lib/python3.12/site-packages/airflow/example_dags/example_short_circuit_operator.py for tasks to queue
[2024-10-10T01:52:18.178+0000] {logging_mixin.py:190} INFO - [2024-10-10T01:52:18.178+0000] {dagbag.py:587} INFO - Filling up the DagBag from /home/airflow/.local/lib/python3.12/site-packages/airflow/example_dags/example_short_circuit_operator.py
[2024-10-10T01:52:18.182+0000] {processor.py:925} INFO - DAG(s) 'example_short_circuit_operator' retrieved from /home/airflow/.local/lib/python3.12/site-packages/airflow/example_dags/example_short_circuit_operator.py
[2024-10-10T01:52:18.192+0000] {logging_mixin.py:190} INFO - [2024-10-10T01:52:18.192+0000] {dag.py:3229} INFO - Sync 1 DAGs
[2024-10-10T01:52:18.201+0000] {logging_mixin.py:190} INFO - [2024-10-10T01:52:18.201+0000] {dag.py:4156} INFO - Setting next_dagrun for example_short_circuit_operator to None, run_after=None
[2024-10-10T01:52:18.210+0000] {processor.py:208} INFO - Processing /home/airflow/.local/lib/python3.12/site-packages/airflow/example_dags/example_short_circuit_operator.py took 0.036 seconds
[2024-10-10T02:19:10.408+0000] {processor.py:186} INFO - Started process (PID=39061) to work on /home/airflow/.local/lib/python3.12/site-packages/airflow/example_dags/example_short_circuit_operator.py
[2024-10-10T02:19:10.412+0000] {processor.py:914} INFO - Processing file /home/airflow/.local/lib/python3.12/site-packages/airflow/example_dags/example_short_circuit_operator.py for tasks to queue
[2024-10-10T02:19:10.413+0000] {logging_mixin.py:190} INFO - [2024-10-10T02:19:10.413+0000] {dagbag.py:587} INFO - Filling up the DagBag from /home/airflow/.local/lib/python3.12/site-packages/airflow/example_dags/example_short_circuit_operator.py
[2024-10-10T02:19:10.419+0000] {processor.py:925} INFO - DAG(s) 'example_short_circuit_operator' retrieved from /home/airflow/.local/lib/python3.12/site-packages/airflow/example_dags/example_short_circuit_operator.py
[2024-10-10T02:19:10.437+0000] {logging_mixin.py:190} INFO - [2024-10-10T02:19:10.437+0000] {dag.py:3229} INFO - Sync 1 DAGs
[2024-10-10T02:19:10.444+0000] {logging_mixin.py:190} INFO - [2024-10-10T02:19:10.444+0000] {dag.py:4156} INFO - Setting next_dagrun for example_short_circuit_operator to None, run_after=None
[2024-10-10T02:19:10.453+0000] {processor.py:208} INFO - Processing /home/airflow/.local/lib/python3.12/site-packages/airflow/example_dags/example_short_circuit_operator.py took 0.048 seconds
[2024-10-10T03:09:35.704+0000] {processor.py:186} INFO - Started process (PID=39132) to work on /home/airflow/.local/lib/python3.12/site-packages/airflow/example_dags/example_short_circuit_operator.py
[2024-10-10T03:09:35.705+0000] {processor.py:914} INFO - Processing file /home/airflow/.local/lib/python3.12/site-packages/airflow/example_dags/example_short_circuit_operator.py for tasks to queue
[2024-10-10T03:09:35.706+0000] {logging_mixin.py:190} INFO - [2024-10-10T03:09:35.706+0000] {dagbag.py:587} INFO - Filling up the DagBag from /home/airflow/.local/lib/python3.12/site-packages/airflow/example_dags/example_short_circuit_operator.py
[2024-10-10T03:09:35.742+0000] {processor.py:925} INFO - DAG(s) 'example_short_circuit_operator' retrieved from /home/airflow/.local/lib/python3.12/site-packages/airflow/example_dags/example_short_circuit_operator.py
[2024-10-10T03:09:35.768+0000] {logging_mixin.py:190} INFO - [2024-10-10T03:09:35.768+0000] {dag.py:3229} INFO - Sync 1 DAGs
[2024-10-10T03:09:35.793+0000] {logging_mixin.py:190} INFO - [2024-10-10T03:09:35.793+0000] {dag.py:4156} INFO - Setting next_dagrun for example_short_circuit_operator to None, run_after=None
[2024-10-10T03:09:35.823+0000] {processor.py:208} INFO - Processing /home/airflow/.local/lib/python3.12/site-packages/airflow/example_dags/example_short_circuit_operator.py took 0.123 seconds
[2024-10-10T03:56:58.064+0000] {processor.py:186} INFO - Started process (PID=39202) to work on /home/airflow/.local/lib/python3.12/site-packages/airflow/example_dags/example_short_circuit_operator.py
[2024-10-10T03:56:58.065+0000] {processor.py:914} INFO - Processing file /home/airflow/.local/lib/python3.12/site-packages/airflow/example_dags/example_short_circuit_operator.py for tasks to queue
[2024-10-10T03:56:58.065+0000] {logging_mixin.py:190} INFO - [2024-10-10T03:56:58.065+0000] {dagbag.py:587} INFO - Filling up the DagBag from /home/airflow/.local/lib/python3.12/site-packages/airflow/example_dags/example_short_circuit_operator.py
[2024-10-10T03:56:58.070+0000] {processor.py:925} INFO - DAG(s) 'example_short_circuit_operator' retrieved from /home/airflow/.local/lib/python3.12/site-packages/airflow/example_dags/example_short_circuit_operator.py
[2024-10-10T03:56:58.080+0000] {logging_mixin.py:190} INFO - [2024-10-10T03:56:58.080+0000] {dag.py:3229} INFO - Sync 1 DAGs
[2024-10-10T03:56:58.086+0000] {logging_mixin.py:190} INFO - [2024-10-10T03:56:58.086+0000] {dag.py:4156} INFO - Setting next_dagrun for example_short_circuit_operator to None, run_after=None
[2024-10-10T03:56:58.092+0000] {processor.py:208} INFO - Processing /home/airflow/.local/lib/python3.12/site-packages/airflow/example_dags/example_short_circuit_operator.py took 0.031 seconds
[2024-10-10T04:21:12.694+0000] {processor.py:186} INFO - Started process (PID=39272) to work on /home/airflow/.local/lib/python3.12/site-packages/airflow/example_dags/example_short_circuit_operator.py
[2024-10-10T04:21:12.696+0000] {processor.py:914} INFO - Processing file /home/airflow/.local/lib/python3.12/site-packages/airflow/example_dags/example_short_circuit_operator.py for tasks to queue
[2024-10-10T04:21:12.697+0000] {logging_mixin.py:190} INFO - [2024-10-10T04:21:12.697+0000] {dagbag.py:587} INFO - Filling up the DagBag from /home/airflow/.local/lib/python3.12/site-packages/airflow/example_dags/example_short_circuit_operator.py
[2024-10-10T04:21:12.702+0000] {processor.py:925} INFO - DAG(s) 'example_short_circuit_operator' retrieved from /home/airflow/.local/lib/python3.12/site-packages/airflow/example_dags/example_short_circuit_operator.py
[2024-10-10T04:21:12.716+0000] {logging_mixin.py:190} INFO - [2024-10-10T04:21:12.716+0000] {dag.py:3229} INFO - Sync 1 DAGs
[2024-10-10T04:21:12.724+0000] {logging_mixin.py:190} INFO - [2024-10-10T04:21:12.724+0000] {dag.py:4156} INFO - Setting next_dagrun for example_short_circuit_operator to None, run_after=None
[2024-10-10T04:21:12.737+0000] {processor.py:208} INFO - Processing /home/airflow/.local/lib/python3.12/site-packages/airflow/example_dags/example_short_circuit_operator.py took 0.046 seconds
[2024-10-10T05:14:25.711+0000] {processor.py:186} INFO - Started process (PID=39343) to work on /home/airflow/.local/lib/python3.12/site-packages/airflow/example_dags/example_short_circuit_operator.py
[2024-10-10T05:14:25.712+0000] {processor.py:914} INFO - Processing file /home/airflow/.local/lib/python3.12/site-packages/airflow/example_dags/example_short_circuit_operator.py for tasks to queue
[2024-10-10T05:14:25.712+0000] {logging_mixin.py:190} INFO - [2024-10-10T05:14:25.712+0000] {dagbag.py:587} INFO - Filling up the DagBag from /home/airflow/.local/lib/python3.12/site-packages/airflow/example_dags/example_short_circuit_operator.py
[2024-10-10T05:14:25.717+0000] {processor.py:925} INFO - DAG(s) 'example_short_circuit_operator' retrieved from /home/airflow/.local/lib/python3.12/site-packages/airflow/example_dags/example_short_circuit_operator.py
[2024-10-10T05:14:25.734+0000] {logging_mixin.py:190} INFO - [2024-10-10T05:14:25.733+0000] {dag.py:3229} INFO - Sync 1 DAGs
[2024-10-10T05:14:25.744+0000] {logging_mixin.py:190} INFO - [2024-10-10T05:14:25.744+0000] {dag.py:4156} INFO - Setting next_dagrun for example_short_circuit_operator to None, run_after=None
[2024-10-10T05:14:25.761+0000] {processor.py:208} INFO - Processing /home/airflow/.local/lib/python3.12/site-packages/airflow/example_dags/example_short_circuit_operator.py took 0.053 seconds
[2024-10-10T05:47:22.640+0000] {processor.py:186} INFO - Started process (PID=39414) to work on /home/airflow/.local/lib/python3.12/site-packages/airflow/example_dags/example_short_circuit_operator.py
[2024-10-10T05:47:22.641+0000] {processor.py:914} INFO - Processing file /home/airflow/.local/lib/python3.12/site-packages/airflow/example_dags/example_short_circuit_operator.py for tasks to queue
[2024-10-10T05:47:22.642+0000] {logging_mixin.py:190} INFO - [2024-10-10T05:47:22.642+0000] {dagbag.py:587} INFO - Filling up the DagBag from /home/airflow/.local/lib/python3.12/site-packages/airflow/example_dags/example_short_circuit_operator.py
[2024-10-10T05:47:22.648+0000] {processor.py:925} INFO - DAG(s) 'example_short_circuit_operator' retrieved from /home/airflow/.local/lib/python3.12/site-packages/airflow/example_dags/example_short_circuit_operator.py
[2024-10-10T05:47:22.660+0000] {logging_mixin.py:190} INFO - [2024-10-10T05:47:22.660+0000] {dag.py:3229} INFO - Sync 1 DAGs
[2024-10-10T05:47:22.667+0000] {logging_mixin.py:190} INFO - [2024-10-10T05:47:22.667+0000] {dag.py:4156} INFO - Setting next_dagrun for example_short_circuit_operator to None, run_after=None
[2024-10-10T05:47:22.675+0000] {processor.py:208} INFO - Processing /home/airflow/.local/lib/python3.12/site-packages/airflow/example_dags/example_short_circuit_operator.py took 0.038 seconds
[2024-10-10T06:39:42.674+0000] {processor.py:186} INFO - Started process (PID=39485) to work on /home/airflow/.local/lib/python3.12/site-packages/airflow/example_dags/example_short_circuit_operator.py
[2024-10-10T06:39:42.674+0000] {processor.py:914} INFO - Processing file /home/airflow/.local/lib/python3.12/site-packages/airflow/example_dags/example_short_circuit_operator.py for tasks to queue
[2024-10-10T06:39:42.675+0000] {logging_mixin.py:190} INFO - [2024-10-10T06:39:42.675+0000] {dagbag.py:587} INFO - Filling up the DagBag from /home/airflow/.local/lib/python3.12/site-packages/airflow/example_dags/example_short_circuit_operator.py
[2024-10-10T06:39:42.681+0000] {processor.py:925} INFO - DAG(s) 'example_short_circuit_operator' retrieved from /home/airflow/.local/lib/python3.12/site-packages/airflow/example_dags/example_short_circuit_operator.py
[2024-10-10T06:39:42.695+0000] {logging_mixin.py:190} INFO - [2024-10-10T06:39:42.695+0000] {dag.py:3229} INFO - Sync 1 DAGs
[2024-10-10T06:39:42.703+0000] {logging_mixin.py:190} INFO - [2024-10-10T06:39:42.703+0000] {dag.py:4156} INFO - Setting next_dagrun for example_short_circuit_operator to None, run_after=None
[2024-10-10T06:39:42.711+0000] {processor.py:208} INFO - Processing /home/airflow/.local/lib/python3.12/site-packages/airflow/example_dags/example_short_circuit_operator.py took 0.042 seconds
[2024-10-10T07:11:25.159+0000] {processor.py:186} INFO - Started process (PID=39556) to work on /home/airflow/.local/lib/python3.12/site-packages/airflow/example_dags/example_short_circuit_operator.py
[2024-10-10T07:11:25.160+0000] {processor.py:914} INFO - Processing file /home/airflow/.local/lib/python3.12/site-packages/airflow/example_dags/example_short_circuit_operator.py for tasks to queue
[2024-10-10T07:11:25.162+0000] {logging_mixin.py:190} INFO - [2024-10-10T07:11:25.162+0000] {dagbag.py:587} INFO - Filling up the DagBag from /home/airflow/.local/lib/python3.12/site-packages/airflow/example_dags/example_short_circuit_operator.py
[2024-10-10T07:11:25.175+0000] {processor.py:925} INFO - DAG(s) 'example_short_circuit_operator' retrieved from /home/airflow/.local/lib/python3.12/site-packages/airflow/example_dags/example_short_circuit_operator.py
[2024-10-10T07:11:25.193+0000] {logging_mixin.py:190} INFO - [2024-10-10T07:11:25.193+0000] {dag.py:3229} INFO - Sync 1 DAGs
[2024-10-10T07:11:25.201+0000] {logging_mixin.py:190} INFO - [2024-10-10T07:11:25.201+0000] {dag.py:4156} INFO - Setting next_dagrun for example_short_circuit_operator to None, run_after=None
[2024-10-10T07:11:25.217+0000] {processor.py:208} INFO - Processing /home/airflow/.local/lib/python3.12/site-packages/airflow/example_dags/example_short_circuit_operator.py took 0.061 seconds
[2024-10-10T07:39:19.271+0000] {processor.py:186} INFO - Started process (PID=39627) to work on /home/airflow/.local/lib/python3.12/site-packages/airflow/example_dags/example_short_circuit_operator.py
[2024-10-10T07:39:19.271+0000] {processor.py:914} INFO - Processing file /home/airflow/.local/lib/python3.12/site-packages/airflow/example_dags/example_short_circuit_operator.py for tasks to queue
[2024-10-10T07:39:19.272+0000] {logging_mixin.py:190} INFO - [2024-10-10T07:39:19.272+0000] {dagbag.py:587} INFO - Filling up the DagBag from /home/airflow/.local/lib/python3.12/site-packages/airflow/example_dags/example_short_circuit_operator.py
[2024-10-10T07:39:19.276+0000] {processor.py:925} INFO - DAG(s) 'example_short_circuit_operator' retrieved from /home/airflow/.local/lib/python3.12/site-packages/airflow/example_dags/example_short_circuit_operator.py
[2024-10-10T07:39:19.286+0000] {logging_mixin.py:190} INFO - [2024-10-10T07:39:19.286+0000] {dag.py:3229} INFO - Sync 1 DAGs
[2024-10-10T07:39:19.292+0000] {logging_mixin.py:190} INFO - [2024-10-10T07:39:19.292+0000] {dag.py:4156} INFO - Setting next_dagrun for example_short_circuit_operator to None, run_after=None
[2024-10-10T07:39:19.299+0000] {processor.py:208} INFO - Processing /home/airflow/.local/lib/python3.12/site-packages/airflow/example_dags/example_short_circuit_operator.py took 0.030 seconds
[2024-10-10T08:02:59.928+0000] {processor.py:186} INFO - Started process (PID=39698) to work on /home/airflow/.local/lib/python3.12/site-packages/airflow/example_dags/example_short_circuit_operator.py
[2024-10-10T08:02:59.931+0000] {processor.py:914} INFO - Processing file /home/airflow/.local/lib/python3.12/site-packages/airflow/example_dags/example_short_circuit_operator.py for tasks to queue
[2024-10-10T08:02:59.933+0000] {logging_mixin.py:190} INFO - [2024-10-10T08:02:59.932+0000] {dagbag.py:587} INFO - Filling up the DagBag from /home/airflow/.local/lib/python3.12/site-packages/airflow/example_dags/example_short_circuit_operator.py
[2024-10-10T08:02:59.939+0000] {processor.py:925} INFO - DAG(s) 'example_short_circuit_operator' retrieved from /home/airflow/.local/lib/python3.12/site-packages/airflow/example_dags/example_short_circuit_operator.py
[2024-10-10T08:02:59.957+0000] {logging_mixin.py:190} INFO - [2024-10-10T08:02:59.957+0000] {dag.py:3229} INFO - Sync 1 DAGs
[2024-10-10T08:02:59.971+0000] {logging_mixin.py:190} INFO - [2024-10-10T08:02:59.971+0000] {dag.py:4156} INFO - Setting next_dagrun for example_short_circuit_operator to None, run_after=None
[2024-10-10T08:02:59.985+0000] {processor.py:208} INFO - Processing /home/airflow/.local/lib/python3.12/site-packages/airflow/example_dags/example_short_circuit_operator.py took 0.060 seconds
[2024-10-10T08:12:05.908+0000] {processor.py:186} INFO - Started process (PID=39769) to work on /home/airflow/.local/lib/python3.12/site-packages/airflow/example_dags/example_short_circuit_operator.py
[2024-10-10T08:12:05.909+0000] {processor.py:914} INFO - Processing file /home/airflow/.local/lib/python3.12/site-packages/airflow/example_dags/example_short_circuit_operator.py for tasks to queue
[2024-10-10T08:12:05.910+0000] {logging_mixin.py:190} INFO - [2024-10-10T08:12:05.910+0000] {dagbag.py:587} INFO - Filling up the DagBag from /home/airflow/.local/lib/python3.12/site-packages/airflow/example_dags/example_short_circuit_operator.py
[2024-10-10T08:12:05.915+0000] {processor.py:925} INFO - DAG(s) 'example_short_circuit_operator' retrieved from /home/airflow/.local/lib/python3.12/site-packages/airflow/example_dags/example_short_circuit_operator.py
[2024-10-10T08:12:05.933+0000] {logging_mixin.py:190} INFO - [2024-10-10T08:12:05.933+0000] {dag.py:3229} INFO - Sync 1 DAGs
[2024-10-10T08:12:05.942+0000] {logging_mixin.py:190} INFO - [2024-10-10T08:12:05.942+0000] {dag.py:4156} INFO - Setting next_dagrun for example_short_circuit_operator to None, run_after=None
[2024-10-10T08:12:05.956+0000] {processor.py:208} INFO - Processing /home/airflow/.local/lib/python3.12/site-packages/airflow/example_dags/example_short_circuit_operator.py took 0.051 seconds
[2024-10-10T08:24:34.092+0000] {processor.py:186} INFO - Started process (PID=39839) to work on /home/airflow/.local/lib/python3.12/site-packages/airflow/example_dags/example_short_circuit_operator.py
[2024-10-10T08:24:34.093+0000] {processor.py:914} INFO - Processing file /home/airflow/.local/lib/python3.12/site-packages/airflow/example_dags/example_short_circuit_operator.py for tasks to queue
[2024-10-10T08:24:34.094+0000] {logging_mixin.py:190} INFO - [2024-10-10T08:24:34.093+0000] {dagbag.py:587} INFO - Filling up the DagBag from /home/airflow/.local/lib/python3.12/site-packages/airflow/example_dags/example_short_circuit_operator.py
[2024-10-10T08:24:34.104+0000] {processor.py:925} INFO - DAG(s) 'example_short_circuit_operator' retrieved from /home/airflow/.local/lib/python3.12/site-packages/airflow/example_dags/example_short_circuit_operator.py
[2024-10-10T08:24:34.117+0000] {logging_mixin.py:190} INFO - [2024-10-10T08:24:34.117+0000] {dag.py:3229} INFO - Sync 1 DAGs
[2024-10-10T08:24:34.126+0000] {logging_mixin.py:190} INFO - [2024-10-10T08:24:34.125+0000] {dag.py:4156} INFO - Setting next_dagrun for example_short_circuit_operator to None, run_after=None
[2024-10-10T08:24:34.134+0000] {processor.py:208} INFO - Processing /home/airflow/.local/lib/python3.12/site-packages/airflow/example_dags/example_short_circuit_operator.py took 0.046 seconds
[2024-10-10T08:25:04.988+0000] {processor.py:186} INFO - Started process (PID=39911) to work on /home/airflow/.local/lib/python3.12/site-packages/airflow/example_dags/example_short_circuit_operator.py
[2024-10-10T08:25:04.989+0000] {processor.py:914} INFO - Processing file /home/airflow/.local/lib/python3.12/site-packages/airflow/example_dags/example_short_circuit_operator.py for tasks to queue
[2024-10-10T08:25:04.990+0000] {logging_mixin.py:190} INFO - [2024-10-10T08:25:04.990+0000] {dagbag.py:587} INFO - Filling up the DagBag from /home/airflow/.local/lib/python3.12/site-packages/airflow/example_dags/example_short_circuit_operator.py
[2024-10-10T08:25:04.995+0000] {processor.py:925} INFO - DAG(s) 'example_short_circuit_operator' retrieved from /home/airflow/.local/lib/python3.12/site-packages/airflow/example_dags/example_short_circuit_operator.py
[2024-10-10T08:25:05.007+0000] {logging_mixin.py:190} INFO - [2024-10-10T08:25:05.007+0000] {dag.py:3229} INFO - Sync 1 DAGs
[2024-10-10T08:25:05.014+0000] {logging_mixin.py:190} INFO - [2024-10-10T08:25:05.014+0000] {dag.py:4156} INFO - Setting next_dagrun for example_short_circuit_operator to None, run_after=None
[2024-10-10T08:25:05.028+0000] {processor.py:208} INFO - Processing /home/airflow/.local/lib/python3.12/site-packages/airflow/example_dags/example_short_circuit_operator.py took 0.043 seconds
[2024-10-10T09:14:58.436+0000] {processor.py:186} INFO - Started process (PID=39982) to work on /home/airflow/.local/lib/python3.12/site-packages/airflow/example_dags/example_short_circuit_operator.py
[2024-10-10T09:14:58.438+0000] {processor.py:914} INFO - Processing file /home/airflow/.local/lib/python3.12/site-packages/airflow/example_dags/example_short_circuit_operator.py for tasks to queue
[2024-10-10T09:14:58.439+0000] {logging_mixin.py:190} INFO - [2024-10-10T09:14:58.438+0000] {dagbag.py:587} INFO - Filling up the DagBag from /home/airflow/.local/lib/python3.12/site-packages/airflow/example_dags/example_short_circuit_operator.py
[2024-10-10T09:14:58.444+0000] {processor.py:925} INFO - DAG(s) 'example_short_circuit_operator' retrieved from /home/airflow/.local/lib/python3.12/site-packages/airflow/example_dags/example_short_circuit_operator.py
[2024-10-10T09:14:58.458+0000] {logging_mixin.py:190} INFO - [2024-10-10T09:14:58.458+0000] {dag.py:3229} INFO - Sync 1 DAGs
[2024-10-10T09:14:58.465+0000] {logging_mixin.py:190} INFO - [2024-10-10T09:14:58.465+0000] {dag.py:4156} INFO - Setting next_dagrun for example_short_circuit_operator to None, run_after=None
[2024-10-10T09:14:58.474+0000] {processor.py:208} INFO - Processing /home/airflow/.local/lib/python3.12/site-packages/airflow/example_dags/example_short_circuit_operator.py took 0.042 seconds
[2024-10-10T10:21:18.932+0000] {processor.py:186} INFO - Started process (PID=40053) to work on /home/airflow/.local/lib/python3.12/site-packages/airflow/example_dags/example_short_circuit_operator.py
[2024-10-10T10:21:18.934+0000] {processor.py:914} INFO - Processing file /home/airflow/.local/lib/python3.12/site-packages/airflow/example_dags/example_short_circuit_operator.py for tasks to queue
[2024-10-10T10:21:18.935+0000] {logging_mixin.py:190} INFO - [2024-10-10T10:21:18.935+0000] {dagbag.py:587} INFO - Filling up the DagBag from /home/airflow/.local/lib/python3.12/site-packages/airflow/example_dags/example_short_circuit_operator.py
[2024-10-10T10:21:18.939+0000] {processor.py:925} INFO - DAG(s) 'example_short_circuit_operator' retrieved from /home/airflow/.local/lib/python3.12/site-packages/airflow/example_dags/example_short_circuit_operator.py
[2024-10-10T10:21:18.955+0000] {logging_mixin.py:190} INFO - [2024-10-10T10:21:18.955+0000] {dag.py:3229} INFO - Sync 1 DAGs
[2024-10-10T10:21:18.961+0000] {logging_mixin.py:190} INFO - [2024-10-10T10:21:18.961+0000] {dag.py:4156} INFO - Setting next_dagrun for example_short_circuit_operator to None, run_after=None
[2024-10-10T10:21:18.969+0000] {processor.py:208} INFO - Processing /home/airflow/.local/lib/python3.12/site-packages/airflow/example_dags/example_short_circuit_operator.py took 0.040 seconds
[2024-10-10T10:44:15.730+0000] {processor.py:186} INFO - Started process (PID=40124) to work on /home/airflow/.local/lib/python3.12/site-packages/airflow/example_dags/example_short_circuit_operator.py
[2024-10-10T10:44:15.732+0000] {processor.py:914} INFO - Processing file /home/airflow/.local/lib/python3.12/site-packages/airflow/example_dags/example_short_circuit_operator.py for tasks to queue
[2024-10-10T10:44:15.733+0000] {logging_mixin.py:190} INFO - [2024-10-10T10:44:15.733+0000] {dagbag.py:587} INFO - Filling up the DagBag from /home/airflow/.local/lib/python3.12/site-packages/airflow/example_dags/example_short_circuit_operator.py
[2024-10-10T10:44:15.738+0000] {processor.py:925} INFO - DAG(s) 'example_short_circuit_operator' retrieved from /home/airflow/.local/lib/python3.12/site-packages/airflow/example_dags/example_short_circuit_operator.py
[2024-10-10T10:44:15.753+0000] {logging_mixin.py:190} INFO - [2024-10-10T10:44:15.753+0000] {dag.py:3229} INFO - Sync 1 DAGs
[2024-10-10T10:44:15.761+0000] {logging_mixin.py:190} INFO - [2024-10-10T10:44:15.761+0000] {dag.py:4156} INFO - Setting next_dagrun for example_short_circuit_operator to None, run_after=None
[2024-10-10T10:44:15.769+0000] {processor.py:208} INFO - Processing /home/airflow/.local/lib/python3.12/site-packages/airflow/example_dags/example_short_circuit_operator.py took 0.043 seconds
[2024-10-10T11:15:58.251+0000] {processor.py:186} INFO - Started process (PID=40195) to work on /home/airflow/.local/lib/python3.12/site-packages/airflow/example_dags/example_short_circuit_operator.py
[2024-10-10T11:15:58.253+0000] {processor.py:914} INFO - Processing file /home/airflow/.local/lib/python3.12/site-packages/airflow/example_dags/example_short_circuit_operator.py for tasks to queue
[2024-10-10T11:15:58.253+0000] {logging_mixin.py:190} INFO - [2024-10-10T11:15:58.253+0000] {dagbag.py:587} INFO - Filling up the DagBag from /home/airflow/.local/lib/python3.12/site-packages/airflow/example_dags/example_short_circuit_operator.py
[2024-10-10T11:15:58.260+0000] {processor.py:925} INFO - DAG(s) 'example_short_circuit_operator' retrieved from /home/airflow/.local/lib/python3.12/site-packages/airflow/example_dags/example_short_circuit_operator.py
[2024-10-10T11:15:58.282+0000] {logging_mixin.py:190} INFO - [2024-10-10T11:15:58.282+0000] {dag.py:3229} INFO - Sync 1 DAGs
[2024-10-10T11:15:58.292+0000] {logging_mixin.py:190} INFO - [2024-10-10T11:15:58.292+0000] {dag.py:4156} INFO - Setting next_dagrun for example_short_circuit_operator to None, run_after=None
[2024-10-10T11:15:58.304+0000] {processor.py:208} INFO - Processing /home/airflow/.local/lib/python3.12/site-packages/airflow/example_dags/example_short_circuit_operator.py took 0.056 seconds
[2024-10-10T11:16:28.888+0000] {processor.py:186} INFO - Started process (PID=40266) to work on /home/airflow/.local/lib/python3.12/site-packages/airflow/example_dags/example_short_circuit_operator.py
[2024-10-10T11:16:28.889+0000] {processor.py:914} INFO - Processing file /home/airflow/.local/lib/python3.12/site-packages/airflow/example_dags/example_short_circuit_operator.py for tasks to queue
[2024-10-10T11:16:28.890+0000] {logging_mixin.py:190} INFO - [2024-10-10T11:16:28.890+0000] {dagbag.py:587} INFO - Filling up the DagBag from /home/airflow/.local/lib/python3.12/site-packages/airflow/example_dags/example_short_circuit_operator.py
[2024-10-10T11:16:28.894+0000] {processor.py:925} INFO - DAG(s) 'example_short_circuit_operator' retrieved from /home/airflow/.local/lib/python3.12/site-packages/airflow/example_dags/example_short_circuit_operator.py
[2024-10-10T11:16:28.906+0000] {logging_mixin.py:190} INFO - [2024-10-10T11:16:28.906+0000] {dag.py:3229} INFO - Sync 1 DAGs
[2024-10-10T11:16:28.913+0000] {logging_mixin.py:190} INFO - [2024-10-10T11:16:28.913+0000] {dag.py:4156} INFO - Setting next_dagrun for example_short_circuit_operator to None, run_after=None
[2024-10-10T11:16:28.920+0000] {processor.py:208} INFO - Processing /home/airflow/.local/lib/python3.12/site-packages/airflow/example_dags/example_short_circuit_operator.py took 0.035 seconds
[2024-10-10T12:21:22.776+0000] {processor.py:186} INFO - Started process (PID=40337) to work on /home/airflow/.local/lib/python3.12/site-packages/airflow/example_dags/example_short_circuit_operator.py
[2024-10-10T12:21:22.778+0000] {processor.py:914} INFO - Processing file /home/airflow/.local/lib/python3.12/site-packages/airflow/example_dags/example_short_circuit_operator.py for tasks to queue
[2024-10-10T12:21:22.778+0000] {logging_mixin.py:190} INFO - [2024-10-10T12:21:22.778+0000] {dagbag.py:587} INFO - Filling up the DagBag from /home/airflow/.local/lib/python3.12/site-packages/airflow/example_dags/example_short_circuit_operator.py
[2024-10-10T12:21:22.784+0000] {processor.py:925} INFO - DAG(s) 'example_short_circuit_operator' retrieved from /home/airflow/.local/lib/python3.12/site-packages/airflow/example_dags/example_short_circuit_operator.py
[2024-10-10T12:21:22.796+0000] {logging_mixin.py:190} INFO - [2024-10-10T12:21:22.796+0000] {dag.py:3229} INFO - Sync 1 DAGs
[2024-10-10T12:21:22.803+0000] {logging_mixin.py:190} INFO - [2024-10-10T12:21:22.803+0000] {dag.py:4156} INFO - Setting next_dagrun for example_short_circuit_operator to None, run_after=None
[2024-10-10T12:21:22.812+0000] {processor.py:208} INFO - Processing /home/airflow/.local/lib/python3.12/site-packages/airflow/example_dags/example_short_circuit_operator.py took 0.039 seconds
[2024-10-10T12:50:52.557+0000] {processor.py:186} INFO - Started process (PID=40407) to work on /home/airflow/.local/lib/python3.12/site-packages/airflow/example_dags/example_short_circuit_operator.py
[2024-10-10T12:50:52.558+0000] {processor.py:914} INFO - Processing file /home/airflow/.local/lib/python3.12/site-packages/airflow/example_dags/example_short_circuit_operator.py for tasks to queue
[2024-10-10T12:50:52.559+0000] {logging_mixin.py:190} INFO - [2024-10-10T12:50:52.559+0000] {dagbag.py:587} INFO - Filling up the DagBag from /home/airflow/.local/lib/python3.12/site-packages/airflow/example_dags/example_short_circuit_operator.py
[2024-10-10T12:50:52.563+0000] {processor.py:925} INFO - DAG(s) 'example_short_circuit_operator' retrieved from /home/airflow/.local/lib/python3.12/site-packages/airflow/example_dags/example_short_circuit_operator.py
[2024-10-10T12:50:52.576+0000] {logging_mixin.py:190} INFO - [2024-10-10T12:50:52.576+0000] {dag.py:3229} INFO - Sync 1 DAGs
[2024-10-10T12:50:52.582+0000] {logging_mixin.py:190} INFO - [2024-10-10T12:50:52.582+0000] {dag.py:4156} INFO - Setting next_dagrun for example_short_circuit_operator to None, run_after=None
[2024-10-10T12:50:52.592+0000] {processor.py:208} INFO - Processing /home/airflow/.local/lib/python3.12/site-packages/airflow/example_dags/example_short_circuit_operator.py took 0.037 seconds
[2024-10-10T13:08:19.622+0000] {processor.py:186} INFO - Started process (PID=40478) to work on /home/airflow/.local/lib/python3.12/site-packages/airflow/example_dags/example_short_circuit_operator.py
[2024-10-10T13:08:19.622+0000] {processor.py:914} INFO - Processing file /home/airflow/.local/lib/python3.12/site-packages/airflow/example_dags/example_short_circuit_operator.py for tasks to queue
[2024-10-10T13:08:19.623+0000] {logging_mixin.py:190} INFO - [2024-10-10T13:08:19.623+0000] {dagbag.py:587} INFO - Filling up the DagBag from /home/airflow/.local/lib/python3.12/site-packages/airflow/example_dags/example_short_circuit_operator.py
[2024-10-10T13:08:19.629+0000] {processor.py:925} INFO - DAG(s) 'example_short_circuit_operator' retrieved from /home/airflow/.local/lib/python3.12/site-packages/airflow/example_dags/example_short_circuit_operator.py
[2024-10-10T13:08:19.649+0000] {logging_mixin.py:190} INFO - [2024-10-10T13:08:19.648+0000] {dag.py:3229} INFO - Sync 1 DAGs
[2024-10-10T13:08:19.660+0000] {logging_mixin.py:190} INFO - [2024-10-10T13:08:19.660+0000] {dag.py:4156} INFO - Setting next_dagrun for example_short_circuit_operator to None, run_after=None
[2024-10-10T13:08:19.668+0000] {processor.py:208} INFO - Processing /home/airflow/.local/lib/python3.12/site-packages/airflow/example_dags/example_short_circuit_operator.py took 0.051 seconds
[2024-10-10T13:51:03.724+0000] {processor.py:186} INFO - Started process (PID=40549) to work on /home/airflow/.local/lib/python3.12/site-packages/airflow/example_dags/example_short_circuit_operator.py
[2024-10-10T13:51:03.725+0000] {processor.py:914} INFO - Processing file /home/airflow/.local/lib/python3.12/site-packages/airflow/example_dags/example_short_circuit_operator.py for tasks to queue
[2024-10-10T13:51:03.725+0000] {logging_mixin.py:190} INFO - [2024-10-10T13:51:03.725+0000] {dagbag.py:587} INFO - Filling up the DagBag from /home/airflow/.local/lib/python3.12/site-packages/airflow/example_dags/example_short_circuit_operator.py
[2024-10-10T13:51:03.730+0000] {processor.py:925} INFO - DAG(s) 'example_short_circuit_operator' retrieved from /home/airflow/.local/lib/python3.12/site-packages/airflow/example_dags/example_short_circuit_operator.py
[2024-10-10T13:51:03.740+0000] {logging_mixin.py:190} INFO - [2024-10-10T13:51:03.740+0000] {dag.py:3229} INFO - Sync 1 DAGs
[2024-10-10T13:51:03.746+0000] {logging_mixin.py:190} INFO - [2024-10-10T13:51:03.746+0000] {dag.py:4156} INFO - Setting next_dagrun for example_short_circuit_operator to None, run_after=None
[2024-10-10T13:51:03.753+0000] {processor.py:208} INFO - Processing /home/airflow/.local/lib/python3.12/site-packages/airflow/example_dags/example_short_circuit_operator.py took 0.032 seconds
[2024-10-10T14:18:17.642+0000] {processor.py:186} INFO - Started process (PID=40620) to work on /home/airflow/.local/lib/python3.12/site-packages/airflow/example_dags/example_short_circuit_operator.py
[2024-10-10T14:18:17.643+0000] {processor.py:914} INFO - Processing file /home/airflow/.local/lib/python3.12/site-packages/airflow/example_dags/example_short_circuit_operator.py for tasks to queue
[2024-10-10T14:18:17.644+0000] {logging_mixin.py:190} INFO - [2024-10-10T14:18:17.643+0000] {dagbag.py:587} INFO - Filling up the DagBag from /home/airflow/.local/lib/python3.12/site-packages/airflow/example_dags/example_short_circuit_operator.py
[2024-10-10T14:18:17.650+0000] {processor.py:925} INFO - DAG(s) 'example_short_circuit_operator' retrieved from /home/airflow/.local/lib/python3.12/site-packages/airflow/example_dags/example_short_circuit_operator.py
[2024-10-10T14:18:17.662+0000] {logging_mixin.py:190} INFO - [2024-10-10T14:18:17.662+0000] {dag.py:3229} INFO - Sync 1 DAGs
[2024-10-10T14:18:17.669+0000] {logging_mixin.py:190} INFO - [2024-10-10T14:18:17.669+0000] {dag.py:4156} INFO - Setting next_dagrun for example_short_circuit_operator to None, run_after=None
[2024-10-10T14:18:17.677+0000] {processor.py:208} INFO - Processing /home/airflow/.local/lib/python3.12/site-packages/airflow/example_dags/example_short_circuit_operator.py took 0.038 seconds
[2024-10-10T14:50:17.000+0000] {processor.py:186} INFO - Started process (PID=40691) to work on /home/airflow/.local/lib/python3.12/site-packages/airflow/example_dags/example_short_circuit_operator.py
[2024-10-10T14:50:17.003+0000] {processor.py:914} INFO - Processing file /home/airflow/.local/lib/python3.12/site-packages/airflow/example_dags/example_short_circuit_operator.py for tasks to queue
[2024-10-10T14:50:17.003+0000] {logging_mixin.py:190} INFO - [2024-10-10T14:50:17.003+0000] {dagbag.py:587} INFO - Filling up the DagBag from /home/airflow/.local/lib/python3.12/site-packages/airflow/example_dags/example_short_circuit_operator.py
[2024-10-10T14:50:17.009+0000] {processor.py:925} INFO - DAG(s) 'example_short_circuit_operator' retrieved from /home/airflow/.local/lib/python3.12/site-packages/airflow/example_dags/example_short_circuit_operator.py
[2024-10-10T14:50:17.023+0000] {logging_mixin.py:190} INFO - [2024-10-10T14:50:17.023+0000] {dag.py:3229} INFO - Sync 1 DAGs
[2024-10-10T14:50:17.029+0000] {logging_mixin.py:190} INFO - [2024-10-10T14:50:17.029+0000] {dag.py:4156} INFO - Setting next_dagrun for example_short_circuit_operator to None, run_after=None
[2024-10-10T14:50:17.039+0000] {processor.py:208} INFO - Processing /home/airflow/.local/lib/python3.12/site-packages/airflow/example_dags/example_short_circuit_operator.py took 0.042 seconds
[2024-10-10T15:19:02.437+0000] {processor.py:186} INFO - Started process (PID=40762) to work on /home/airflow/.local/lib/python3.12/site-packages/airflow/example_dags/example_short_circuit_operator.py
[2024-10-10T15:19:02.439+0000] {processor.py:914} INFO - Processing file /home/airflow/.local/lib/python3.12/site-packages/airflow/example_dags/example_short_circuit_operator.py for tasks to queue
[2024-10-10T15:19:02.440+0000] {logging_mixin.py:190} INFO - [2024-10-10T15:19:02.440+0000] {dagbag.py:587} INFO - Filling up the DagBag from /home/airflow/.local/lib/python3.12/site-packages/airflow/example_dags/example_short_circuit_operator.py
[2024-10-10T15:19:02.448+0000] {processor.py:925} INFO - DAG(s) 'example_short_circuit_operator' retrieved from /home/airflow/.local/lib/python3.12/site-packages/airflow/example_dags/example_short_circuit_operator.py
[2024-10-10T15:19:02.461+0000] {logging_mixin.py:190} INFO - [2024-10-10T15:19:02.461+0000] {dag.py:3229} INFO - Sync 1 DAGs
[2024-10-10T15:19:02.469+0000] {logging_mixin.py:190} INFO - [2024-10-10T15:19:02.469+0000] {dag.py:4156} INFO - Setting next_dagrun for example_short_circuit_operator to None, run_after=None
[2024-10-10T15:19:02.484+0000] {processor.py:208} INFO - Processing /home/airflow/.local/lib/python3.12/site-packages/airflow/example_dags/example_short_circuit_operator.py took 0.051 seconds
[2024-10-10T15:50:09.517+0000] {processor.py:186} INFO - Started process (PID=40833) to work on /home/airflow/.local/lib/python3.12/site-packages/airflow/example_dags/example_short_circuit_operator.py
[2024-10-10T15:50:09.519+0000] {processor.py:914} INFO - Processing file /home/airflow/.local/lib/python3.12/site-packages/airflow/example_dags/example_short_circuit_operator.py for tasks to queue
[2024-10-10T15:50:09.520+0000] {logging_mixin.py:190} INFO - [2024-10-10T15:50:09.520+0000] {dagbag.py:587} INFO - Filling up the DagBag from /home/airflow/.local/lib/python3.12/site-packages/airflow/example_dags/example_short_circuit_operator.py
[2024-10-10T15:50:09.533+0000] {processor.py:925} INFO - DAG(s) 'example_short_circuit_operator' retrieved from /home/airflow/.local/lib/python3.12/site-packages/airflow/example_dags/example_short_circuit_operator.py
[2024-10-10T15:50:09.554+0000] {logging_mixin.py:190} INFO - [2024-10-10T15:50:09.554+0000] {dag.py:3229} INFO - Sync 1 DAGs
[2024-10-10T15:50:09.561+0000] {logging_mixin.py:190} INFO - [2024-10-10T15:50:09.561+0000] {dag.py:4156} INFO - Setting next_dagrun for example_short_circuit_operator to None, run_after=None
[2024-10-10T15:50:09.580+0000] {processor.py:208} INFO - Processing /home/airflow/.local/lib/python3.12/site-packages/airflow/example_dags/example_short_circuit_operator.py took 0.067 seconds
[2024-10-10T16:36:38.595+0000] {processor.py:186} INFO - Started process (PID=40904) to work on /home/airflow/.local/lib/python3.12/site-packages/airflow/example_dags/example_short_circuit_operator.py
[2024-10-10T16:36:38.595+0000] {processor.py:914} INFO - Processing file /home/airflow/.local/lib/python3.12/site-packages/airflow/example_dags/example_short_circuit_operator.py for tasks to queue
[2024-10-10T16:36:38.596+0000] {logging_mixin.py:190} INFO - [2024-10-10T16:36:38.596+0000] {dagbag.py:587} INFO - Filling up the DagBag from /home/airflow/.local/lib/python3.12/site-packages/airflow/example_dags/example_short_circuit_operator.py
[2024-10-10T16:36:38.604+0000] {processor.py:925} INFO - DAG(s) 'example_short_circuit_operator' retrieved from /home/airflow/.local/lib/python3.12/site-packages/airflow/example_dags/example_short_circuit_operator.py
[2024-10-10T16:36:38.621+0000] {logging_mixin.py:190} INFO - [2024-10-10T16:36:38.621+0000] {dag.py:3229} INFO - Sync 1 DAGs
[2024-10-10T16:36:38.631+0000] {logging_mixin.py:190} INFO - [2024-10-10T16:36:38.631+0000] {dag.py:4156} INFO - Setting next_dagrun for example_short_circuit_operator to None, run_after=None
[2024-10-10T16:36:38.639+0000] {processor.py:208} INFO - Processing /home/airflow/.local/lib/python3.12/site-packages/airflow/example_dags/example_short_circuit_operator.py took 0.049 seconds
[2024-10-10T16:45:47.022+0000] {processor.py:186} INFO - Started process (PID=40975) to work on /home/airflow/.local/lib/python3.12/site-packages/airflow/example_dags/example_short_circuit_operator.py
[2024-10-10T16:45:47.023+0000] {processor.py:914} INFO - Processing file /home/airflow/.local/lib/python3.12/site-packages/airflow/example_dags/example_short_circuit_operator.py for tasks to queue
[2024-10-10T16:45:47.023+0000] {logging_mixin.py:190} INFO - [2024-10-10T16:45:47.023+0000] {dagbag.py:587} INFO - Filling up the DagBag from /home/airflow/.local/lib/python3.12/site-packages/airflow/example_dags/example_short_circuit_operator.py
[2024-10-10T16:45:47.029+0000] {processor.py:925} INFO - DAG(s) 'example_short_circuit_operator' retrieved from /home/airflow/.local/lib/python3.12/site-packages/airflow/example_dags/example_short_circuit_operator.py
[2024-10-10T16:45:47.039+0000] {logging_mixin.py:190} INFO - [2024-10-10T16:45:47.039+0000] {dag.py:3229} INFO - Sync 1 DAGs
[2024-10-10T16:45:47.045+0000] {logging_mixin.py:190} INFO - [2024-10-10T16:45:47.045+0000] {dag.py:4156} INFO - Setting next_dagrun for example_short_circuit_operator to None, run_after=None
[2024-10-10T16:45:47.053+0000] {processor.py:208} INFO - Processing /home/airflow/.local/lib/python3.12/site-packages/airflow/example_dags/example_short_circuit_operator.py took 0.034 seconds
[2024-10-10T17:20:01.760+0000] {processor.py:186} INFO - Started process (PID=41045) to work on /home/airflow/.local/lib/python3.12/site-packages/airflow/example_dags/example_short_circuit_operator.py
[2024-10-10T17:20:01.761+0000] {processor.py:914} INFO - Processing file /home/airflow/.local/lib/python3.12/site-packages/airflow/example_dags/example_short_circuit_operator.py for tasks to queue
[2024-10-10T17:20:01.763+0000] {logging_mixin.py:190} INFO - [2024-10-10T17:20:01.762+0000] {dagbag.py:587} INFO - Filling up the DagBag from /home/airflow/.local/lib/python3.12/site-packages/airflow/example_dags/example_short_circuit_operator.py
[2024-10-10T17:20:01.774+0000] {processor.py:925} INFO - DAG(s) 'example_short_circuit_operator' retrieved from /home/airflow/.local/lib/python3.12/site-packages/airflow/example_dags/example_short_circuit_operator.py
[2024-10-10T17:20:01.796+0000] {logging_mixin.py:190} INFO - [2024-10-10T17:20:01.795+0000] {dag.py:3229} INFO - Sync 1 DAGs
[2024-10-10T17:20:01.803+0000] {logging_mixin.py:190} INFO - [2024-10-10T17:20:01.803+0000] {dag.py:4156} INFO - Setting next_dagrun for example_short_circuit_operator to None, run_after=None
[2024-10-10T17:20:01.815+0000] {processor.py:208} INFO - Processing /home/airflow/.local/lib/python3.12/site-packages/airflow/example_dags/example_short_circuit_operator.py took 0.058 seconds
[2024-10-10T18:21:01.605+0000] {processor.py:186} INFO - Started process (PID=41116) to work on /home/airflow/.local/lib/python3.12/site-packages/airflow/example_dags/example_short_circuit_operator.py
[2024-10-10T18:21:01.606+0000] {processor.py:914} INFO - Processing file /home/airflow/.local/lib/python3.12/site-packages/airflow/example_dags/example_short_circuit_operator.py for tasks to queue
[2024-10-10T18:21:01.606+0000] {logging_mixin.py:190} INFO - [2024-10-10T18:21:01.606+0000] {dagbag.py:587} INFO - Filling up the DagBag from /home/airflow/.local/lib/python3.12/site-packages/airflow/example_dags/example_short_circuit_operator.py
[2024-10-10T18:21:01.611+0000] {processor.py:925} INFO - DAG(s) 'example_short_circuit_operator' retrieved from /home/airflow/.local/lib/python3.12/site-packages/airflow/example_dags/example_short_circuit_operator.py
[2024-10-10T18:21:01.622+0000] {logging_mixin.py:190} INFO - [2024-10-10T18:21:01.622+0000] {dag.py:3229} INFO - Sync 1 DAGs
[2024-10-10T18:21:01.635+0000] {logging_mixin.py:190} INFO - [2024-10-10T18:21:01.635+0000] {dag.py:4156} INFO - Setting next_dagrun for example_short_circuit_operator to None, run_after=None
[2024-10-10T18:21:01.647+0000] {processor.py:208} INFO - Processing /home/airflow/.local/lib/python3.12/site-packages/airflow/example_dags/example_short_circuit_operator.py took 0.046 seconds
[2024-10-10T18:38:27.578+0000] {processor.py:186} INFO - Started process (PID=41187) to work on /home/airflow/.local/lib/python3.12/site-packages/airflow/example_dags/example_short_circuit_operator.py
[2024-10-10T18:38:27.579+0000] {processor.py:914} INFO - Processing file /home/airflow/.local/lib/python3.12/site-packages/airflow/example_dags/example_short_circuit_operator.py for tasks to queue
[2024-10-10T18:38:27.580+0000] {logging_mixin.py:190} INFO - [2024-10-10T18:38:27.580+0000] {dagbag.py:587} INFO - Filling up the DagBag from /home/airflow/.local/lib/python3.12/site-packages/airflow/example_dags/example_short_circuit_operator.py
[2024-10-10T18:38:27.585+0000] {processor.py:925} INFO - DAG(s) 'example_short_circuit_operator' retrieved from /home/airflow/.local/lib/python3.12/site-packages/airflow/example_dags/example_short_circuit_operator.py
[2024-10-10T18:38:27.602+0000] {logging_mixin.py:190} INFO - [2024-10-10T18:38:27.602+0000] {dag.py:3229} INFO - Sync 1 DAGs
[2024-10-10T18:38:27.609+0000] {logging_mixin.py:190} INFO - [2024-10-10T18:38:27.609+0000] {dag.py:4156} INFO - Setting next_dagrun for example_short_circuit_operator to None, run_after=None
[2024-10-10T18:38:27.616+0000] {processor.py:208} INFO - Processing /home/airflow/.local/lib/python3.12/site-packages/airflow/example_dags/example_short_circuit_operator.py took 0.042 seconds
[2024-10-10T19:39:11.956+0000] {processor.py:186} INFO - Started process (PID=41258) to work on /home/airflow/.local/lib/python3.12/site-packages/airflow/example_dags/example_short_circuit_operator.py
[2024-10-10T19:39:11.957+0000] {processor.py:914} INFO - Processing file /home/airflow/.local/lib/python3.12/site-packages/airflow/example_dags/example_short_circuit_operator.py for tasks to queue
[2024-10-10T19:39:11.958+0000] {logging_mixin.py:190} INFO - [2024-10-10T19:39:11.958+0000] {dagbag.py:587} INFO - Filling up the DagBag from /home/airflow/.local/lib/python3.12/site-packages/airflow/example_dags/example_short_circuit_operator.py
[2024-10-10T19:39:11.963+0000] {processor.py:925} INFO - DAG(s) 'example_short_circuit_operator' retrieved from /home/airflow/.local/lib/python3.12/site-packages/airflow/example_dags/example_short_circuit_operator.py
[2024-10-10T19:39:11.980+0000] {logging_mixin.py:190} INFO - [2024-10-10T19:39:11.979+0000] {dag.py:3229} INFO - Sync 1 DAGs
[2024-10-10T19:39:11.987+0000] {logging_mixin.py:190} INFO - [2024-10-10T19:39:11.987+0000] {dag.py:4156} INFO - Setting next_dagrun for example_short_circuit_operator to None, run_after=None
[2024-10-10T19:39:11.999+0000] {processor.py:208} INFO - Processing /home/airflow/.local/lib/python3.12/site-packages/airflow/example_dags/example_short_circuit_operator.py took 0.047 seconds
[2024-10-10T20:23:15.867+0000] {processor.py:186} INFO - Started process (PID=41329) to work on /home/airflow/.local/lib/python3.12/site-packages/airflow/example_dags/example_short_circuit_operator.py
[2024-10-10T20:23:15.868+0000] {processor.py:914} INFO - Processing file /home/airflow/.local/lib/python3.12/site-packages/airflow/example_dags/example_short_circuit_operator.py for tasks to queue
[2024-10-10T20:23:15.872+0000] {logging_mixin.py:190} INFO - [2024-10-10T20:23:15.872+0000] {dagbag.py:587} INFO - Filling up the DagBag from /home/airflow/.local/lib/python3.12/site-packages/airflow/example_dags/example_short_circuit_operator.py
[2024-10-10T20:23:15.878+0000] {processor.py:925} INFO - DAG(s) 'example_short_circuit_operator' retrieved from /home/airflow/.local/lib/python3.12/site-packages/airflow/example_dags/example_short_circuit_operator.py
[2024-10-10T20:23:15.901+0000] {logging_mixin.py:190} INFO - [2024-10-10T20:23:15.901+0000] {dag.py:3229} INFO - Sync 1 DAGs
[2024-10-10T20:23:15.952+0000] {logging_mixin.py:190} INFO - [2024-10-10T20:23:15.951+0000] {dag.py:4156} INFO - Setting next_dagrun for example_short_circuit_operator to None, run_after=None
[2024-10-10T20:23:15.974+0000] {processor.py:208} INFO - Processing /home/airflow/.local/lib/python3.12/site-packages/airflow/example_dags/example_short_circuit_operator.py took 0.110 seconds
[2024-10-10T20:54:20.788+0000] {processor.py:186} INFO - Started process (PID=41400) to work on /home/airflow/.local/lib/python3.12/site-packages/airflow/example_dags/example_short_circuit_operator.py
[2024-10-10T20:54:20.789+0000] {processor.py:914} INFO - Processing file /home/airflow/.local/lib/python3.12/site-packages/airflow/example_dags/example_short_circuit_operator.py for tasks to queue
[2024-10-10T20:54:20.790+0000] {logging_mixin.py:190} INFO - [2024-10-10T20:54:20.789+0000] {dagbag.py:587} INFO - Filling up the DagBag from /home/airflow/.local/lib/python3.12/site-packages/airflow/example_dags/example_short_circuit_operator.py
[2024-10-10T20:54:20.795+0000] {processor.py:925} INFO - DAG(s) 'example_short_circuit_operator' retrieved from /home/airflow/.local/lib/python3.12/site-packages/airflow/example_dags/example_short_circuit_operator.py
[2024-10-10T20:54:20.806+0000] {logging_mixin.py:190} INFO - [2024-10-10T20:54:20.806+0000] {dag.py:3229} INFO - Sync 1 DAGs
[2024-10-10T20:54:20.814+0000] {logging_mixin.py:190} INFO - [2024-10-10T20:54:20.814+0000] {dag.py:4156} INFO - Setting next_dagrun for example_short_circuit_operator to None, run_after=None
[2024-10-10T20:54:20.828+0000] {processor.py:208} INFO - Processing /home/airflow/.local/lib/python3.12/site-packages/airflow/example_dags/example_short_circuit_operator.py took 0.045 seconds
[2024-10-10T21:24:08.702+0000] {processor.py:186} INFO - Started process (PID=41471) to work on /home/airflow/.local/lib/python3.12/site-packages/airflow/example_dags/example_short_circuit_operator.py
[2024-10-10T21:24:08.703+0000] {processor.py:914} INFO - Processing file /home/airflow/.local/lib/python3.12/site-packages/airflow/example_dags/example_short_circuit_operator.py for tasks to queue
[2024-10-10T21:24:08.704+0000] {logging_mixin.py:190} INFO - [2024-10-10T21:24:08.704+0000] {dagbag.py:587} INFO - Filling up the DagBag from /home/airflow/.local/lib/python3.12/site-packages/airflow/example_dags/example_short_circuit_operator.py
[2024-10-10T21:24:08.709+0000] {processor.py:925} INFO - DAG(s) 'example_short_circuit_operator' retrieved from /home/airflow/.local/lib/python3.12/site-packages/airflow/example_dags/example_short_circuit_operator.py
[2024-10-10T21:24:08.724+0000] {logging_mixin.py:190} INFO - [2024-10-10T21:24:08.724+0000] {dag.py:3229} INFO - Sync 1 DAGs
[2024-10-10T21:24:08.734+0000] {logging_mixin.py:190} INFO - [2024-10-10T21:24:08.734+0000] {dag.py:4156} INFO - Setting next_dagrun for example_short_circuit_operator to None, run_after=None
[2024-10-10T21:24:08.746+0000] {processor.py:208} INFO - Processing /home/airflow/.local/lib/python3.12/site-packages/airflow/example_dags/example_short_circuit_operator.py took 0.047 seconds
[2024-10-10T21:24:39.349+0000] {processor.py:186} INFO - Started process (PID=41542) to work on /home/airflow/.local/lib/python3.12/site-packages/airflow/example_dags/example_short_circuit_operator.py
[2024-10-10T21:24:39.349+0000] {processor.py:914} INFO - Processing file /home/airflow/.local/lib/python3.12/site-packages/airflow/example_dags/example_short_circuit_operator.py for tasks to queue
[2024-10-10T21:24:39.350+0000] {logging_mixin.py:190} INFO - [2024-10-10T21:24:39.350+0000] {dagbag.py:587} INFO - Filling up the DagBag from /home/airflow/.local/lib/python3.12/site-packages/airflow/example_dags/example_short_circuit_operator.py
[2024-10-10T21:24:39.355+0000] {processor.py:925} INFO - DAG(s) 'example_short_circuit_operator' retrieved from /home/airflow/.local/lib/python3.12/site-packages/airflow/example_dags/example_short_circuit_operator.py
[2024-10-10T21:24:39.367+0000] {logging_mixin.py:190} INFO - [2024-10-10T21:24:39.367+0000] {dag.py:3229} INFO - Sync 1 DAGs
[2024-10-10T21:24:39.374+0000] {logging_mixin.py:190} INFO - [2024-10-10T21:24:39.374+0000] {dag.py:4156} INFO - Setting next_dagrun for example_short_circuit_operator to None, run_after=None
[2024-10-10T21:24:39.382+0000] {processor.py:208} INFO - Processing /home/airflow/.local/lib/python3.12/site-packages/airflow/example_dags/example_short_circuit_operator.py took 0.037 seconds
[2024-10-10T21:43:35.877+0000] {processor.py:186} INFO - Started process (PID=41613) to work on /home/airflow/.local/lib/python3.12/site-packages/airflow/example_dags/example_short_circuit_operator.py
[2024-10-10T21:43:35.878+0000] {processor.py:914} INFO - Processing file /home/airflow/.local/lib/python3.12/site-packages/airflow/example_dags/example_short_circuit_operator.py for tasks to queue
[2024-10-10T21:43:35.879+0000] {logging_mixin.py:190} INFO - [2024-10-10T21:43:35.879+0000] {dagbag.py:587} INFO - Filling up the DagBag from /home/airflow/.local/lib/python3.12/site-packages/airflow/example_dags/example_short_circuit_operator.py
[2024-10-10T21:43:35.884+0000] {processor.py:925} INFO - DAG(s) 'example_short_circuit_operator' retrieved from /home/airflow/.local/lib/python3.12/site-packages/airflow/example_dags/example_short_circuit_operator.py
[2024-10-10T21:43:35.894+0000] {logging_mixin.py:190} INFO - [2024-10-10T21:43:35.894+0000] {dag.py:3229} INFO - Sync 1 DAGs
[2024-10-10T21:43:35.901+0000] {logging_mixin.py:190} INFO - [2024-10-10T21:43:35.901+0000] {dag.py:4156} INFO - Setting next_dagrun for example_short_circuit_operator to None, run_after=None
[2024-10-10T21:43:35.909+0000] {processor.py:208} INFO - Processing /home/airflow/.local/lib/python3.12/site-packages/airflow/example_dags/example_short_circuit_operator.py took 0.035 seconds
[2024-10-10T22:17:48.602+0000] {processor.py:186} INFO - Started process (PID=41684) to work on /home/airflow/.local/lib/python3.12/site-packages/airflow/example_dags/example_short_circuit_operator.py
[2024-10-10T22:17:48.603+0000] {processor.py:914} INFO - Processing file /home/airflow/.local/lib/python3.12/site-packages/airflow/example_dags/example_short_circuit_operator.py for tasks to queue
[2024-10-10T22:17:48.604+0000] {logging_mixin.py:190} INFO - [2024-10-10T22:17:48.603+0000] {dagbag.py:587} INFO - Filling up the DagBag from /home/airflow/.local/lib/python3.12/site-packages/airflow/example_dags/example_short_circuit_operator.py
[2024-10-10T22:17:48.608+0000] {processor.py:925} INFO - DAG(s) 'example_short_circuit_operator' retrieved from /home/airflow/.local/lib/python3.12/site-packages/airflow/example_dags/example_short_circuit_operator.py
[2024-10-10T22:17:48.624+0000] {logging_mixin.py:190} INFO - [2024-10-10T22:17:48.624+0000] {dag.py:3229} INFO - Sync 1 DAGs
[2024-10-10T22:17:48.641+0000] {logging_mixin.py:190} INFO - [2024-10-10T22:17:48.640+0000] {dag.py:4156} INFO - Setting next_dagrun for example_short_circuit_operator to None, run_after=None
[2024-10-10T22:17:48.660+0000] {processor.py:208} INFO - Processing /home/airflow/.local/lib/python3.12/site-packages/airflow/example_dags/example_short_circuit_operator.py took 0.062 seconds
[2024-10-10T22:46:09.022+0000] {processor.py:186} INFO - Started process (PID=41755) to work on /home/airflow/.local/lib/python3.12/site-packages/airflow/example_dags/example_short_circuit_operator.py
[2024-10-10T22:46:09.022+0000] {processor.py:914} INFO - Processing file /home/airflow/.local/lib/python3.12/site-packages/airflow/example_dags/example_short_circuit_operator.py for tasks to queue
[2024-10-10T22:46:09.023+0000] {logging_mixin.py:190} INFO - [2024-10-10T22:46:09.023+0000] {dagbag.py:587} INFO - Filling up the DagBag from /home/airflow/.local/lib/python3.12/site-packages/airflow/example_dags/example_short_circuit_operator.py
[2024-10-10T22:46:09.030+0000] {processor.py:925} INFO - DAG(s) 'example_short_circuit_operator' retrieved from /home/airflow/.local/lib/python3.12/site-packages/airflow/example_dags/example_short_circuit_operator.py
[2024-10-10T22:46:09.043+0000] {logging_mixin.py:190} INFO - [2024-10-10T22:46:09.043+0000] {dag.py:3229} INFO - Sync 1 DAGs
[2024-10-10T22:46:09.052+0000] {logging_mixin.py:190} INFO - [2024-10-10T22:46:09.052+0000] {dag.py:4156} INFO - Setting next_dagrun for example_short_circuit_operator to None, run_after=None
[2024-10-10T22:46:09.062+0000] {processor.py:208} INFO - Processing /home/airflow/.local/lib/python3.12/site-packages/airflow/example_dags/example_short_circuit_operator.py took 0.043 seconds
[2024-10-10T23:26:19.683+0000] {processor.py:186} INFO - Started process (PID=41826) to work on /home/airflow/.local/lib/python3.12/site-packages/airflow/example_dags/example_short_circuit_operator.py
[2024-10-10T23:26:19.684+0000] {processor.py:914} INFO - Processing file /home/airflow/.local/lib/python3.12/site-packages/airflow/example_dags/example_short_circuit_operator.py for tasks to queue
[2024-10-10T23:26:19.685+0000] {logging_mixin.py:190} INFO - [2024-10-10T23:26:19.685+0000] {dagbag.py:587} INFO - Filling up the DagBag from /home/airflow/.local/lib/python3.12/site-packages/airflow/example_dags/example_short_circuit_operator.py
[2024-10-10T23:26:19.694+0000] {processor.py:925} INFO - DAG(s) 'example_short_circuit_operator' retrieved from /home/airflow/.local/lib/python3.12/site-packages/airflow/example_dags/example_short_circuit_operator.py
[2024-10-10T23:26:19.706+0000] {logging_mixin.py:190} INFO - [2024-10-10T23:26:19.705+0000] {dag.py:3229} INFO - Sync 1 DAGs
[2024-10-10T23:26:19.712+0000] {logging_mixin.py:190} INFO - [2024-10-10T23:26:19.712+0000] {dag.py:4156} INFO - Setting next_dagrun for example_short_circuit_operator to None, run_after=None
[2024-10-10T23:26:19.719+0000] {processor.py:208} INFO - Processing /home/airflow/.local/lib/python3.12/site-packages/airflow/example_dags/example_short_circuit_operator.py took 0.039 seconds
