[2024-10-10T00:11:40.800+0000] {processor.py:186} INFO - Started process (PID=38827) to work on /home/airflow/.local/lib/python3.12/site-packages/airflow/example_dags/example_short_circuit_decorator.py
[2024-10-10T00:11:40.801+0000] {processor.py:914} INFO - Processing file /home/airflow/.local/lib/python3.12/site-packages/airflow/example_dags/example_short_circuit_decorator.py for tasks to queue
[2024-10-10T00:11:40.802+0000] {logging_mixin.py:190} INFO - [2024-10-10T00:11:40.802+0000] {dagbag.py:587} INFO - Filling up the DagBag from /home/airflow/.local/lib/python3.12/site-packages/airflow/example_dags/example_short_circuit_decorator.py
[2024-10-10T00:11:40.808+0000] {processor.py:925} INFO - DAG(s) 'example_short_circuit_decorator' retrieved from /home/airflow/.local/lib/python3.12/site-packages/airflow/example_dags/example_short_circuit_decorator.py
[2024-10-10T00:11:40.822+0000] {logging_mixin.py:190} INFO - [2024-10-10T00:11:40.822+0000] {dag.py:3229} INFO - Sync 1 DAGs
[2024-10-10T00:11:40.830+0000] {logging_mixin.py:190} INFO - [2024-10-10T00:11:40.830+0000] {dag.py:4156} INFO - Setting next_dagrun for example_short_circuit_decorator to None, run_after=None
[2024-10-10T00:11:40.845+0000] {processor.py:208} INFO - Processing /home/airflow/.local/lib/python3.12/site-packages/airflow/example_dags/example_short_circuit_decorator.py took 0.052 seconds
[2024-10-10T01:18:07.621+0000] {processor.py:186} INFO - Started process (PID=38898) to work on /home/airflow/.local/lib/python3.12/site-packages/airflow/example_dags/example_short_circuit_decorator.py
[2024-10-10T01:18:07.625+0000] {processor.py:914} INFO - Processing file /home/airflow/.local/lib/python3.12/site-packages/airflow/example_dags/example_short_circuit_decorator.py for tasks to queue
[2024-10-10T01:18:07.626+0000] {logging_mixin.py:190} INFO - [2024-10-10T01:18:07.626+0000] {dagbag.py:587} INFO - Filling up the DagBag from /home/airflow/.local/lib/python3.12/site-packages/airflow/example_dags/example_short_circuit_decorator.py
[2024-10-10T01:18:07.632+0000] {processor.py:925} INFO - DAG(s) 'example_short_circuit_decorator' retrieved from /home/airflow/.local/lib/python3.12/site-packages/airflow/example_dags/example_short_circuit_decorator.py
[2024-10-10T01:18:07.645+0000] {logging_mixin.py:190} INFO - [2024-10-10T01:18:07.644+0000] {dag.py:3229} INFO - Sync 1 DAGs
[2024-10-10T01:18:07.654+0000] {logging_mixin.py:190} INFO - [2024-10-10T01:18:07.654+0000] {dag.py:4156} INFO - Setting next_dagrun for example_short_circuit_decorator to None, run_after=None
[2024-10-10T01:18:07.663+0000] {processor.py:208} INFO - Processing /home/airflow/.local/lib/python3.12/site-packages/airflow/example_dags/example_short_circuit_decorator.py took 0.045 seconds
[2024-10-10T01:52:17.311+0000] {processor.py:186} INFO - Started process (PID=38969) to work on /home/airflow/.local/lib/python3.12/site-packages/airflow/example_dags/example_short_circuit_decorator.py
[2024-10-10T01:52:17.314+0000] {processor.py:914} INFO - Processing file /home/airflow/.local/lib/python3.12/site-packages/airflow/example_dags/example_short_circuit_decorator.py for tasks to queue
[2024-10-10T01:52:17.315+0000] {logging_mixin.py:190} INFO - [2024-10-10T01:52:17.315+0000] {dagbag.py:587} INFO - Filling up the DagBag from /home/airflow/.local/lib/python3.12/site-packages/airflow/example_dags/example_short_circuit_decorator.py
[2024-10-10T01:52:17.328+0000] {processor.py:925} INFO - DAG(s) 'example_short_circuit_decorator' retrieved from /home/airflow/.local/lib/python3.12/site-packages/airflow/example_dags/example_short_circuit_decorator.py
[2024-10-10T01:52:17.356+0000] {logging_mixin.py:190} INFO - [2024-10-10T01:52:17.356+0000] {dag.py:3229} INFO - Sync 1 DAGs
[2024-10-10T01:52:17.364+0000] {logging_mixin.py:190} INFO - [2024-10-10T01:52:17.364+0000] {dag.py:4156} INFO - Setting next_dagrun for example_short_circuit_decorator to None, run_after=None
[2024-10-10T01:52:17.374+0000] {processor.py:208} INFO - Processing /home/airflow/.local/lib/python3.12/site-packages/airflow/example_dags/example_short_circuit_decorator.py took 0.067 seconds
[2024-10-10T02:19:09.582+0000] {processor.py:186} INFO - Started process (PID=39040) to work on /home/airflow/.local/lib/python3.12/site-packages/airflow/example_dags/example_short_circuit_decorator.py
[2024-10-10T02:19:09.583+0000] {processor.py:914} INFO - Processing file /home/airflow/.local/lib/python3.12/site-packages/airflow/example_dags/example_short_circuit_decorator.py for tasks to queue
[2024-10-10T02:19:09.584+0000] {logging_mixin.py:190} INFO - [2024-10-10T02:19:09.584+0000] {dagbag.py:587} INFO - Filling up the DagBag from /home/airflow/.local/lib/python3.12/site-packages/airflow/example_dags/example_short_circuit_decorator.py
[2024-10-10T02:19:09.589+0000] {processor.py:925} INFO - DAG(s) 'example_short_circuit_decorator' retrieved from /home/airflow/.local/lib/python3.12/site-packages/airflow/example_dags/example_short_circuit_decorator.py
[2024-10-10T02:19:09.599+0000] {logging_mixin.py:190} INFO - [2024-10-10T02:19:09.599+0000] {dag.py:3229} INFO - Sync 1 DAGs
[2024-10-10T02:19:09.605+0000] {logging_mixin.py:190} INFO - [2024-10-10T02:19:09.605+0000] {dag.py:4156} INFO - Setting next_dagrun for example_short_circuit_decorator to None, run_after=None
[2024-10-10T02:19:09.612+0000] {processor.py:208} INFO - Processing /home/airflow/.local/lib/python3.12/site-packages/airflow/example_dags/example_short_circuit_decorator.py took 0.033 seconds
[2024-10-10T03:09:34.689+0000] {processor.py:186} INFO - Started process (PID=39111) to work on /home/airflow/.local/lib/python3.12/site-packages/airflow/example_dags/example_short_circuit_decorator.py
[2024-10-10T03:09:34.690+0000] {processor.py:914} INFO - Processing file /home/airflow/.local/lib/python3.12/site-packages/airflow/example_dags/example_short_circuit_decorator.py for tasks to queue
[2024-10-10T03:09:34.691+0000] {logging_mixin.py:190} INFO - [2024-10-10T03:09:34.691+0000] {dagbag.py:587} INFO - Filling up the DagBag from /home/airflow/.local/lib/python3.12/site-packages/airflow/example_dags/example_short_circuit_decorator.py
[2024-10-10T03:09:34.696+0000] {processor.py:925} INFO - DAG(s) 'example_short_circuit_decorator' retrieved from /home/airflow/.local/lib/python3.12/site-packages/airflow/example_dags/example_short_circuit_decorator.py
[2024-10-10T03:09:34.709+0000] {logging_mixin.py:190} INFO - [2024-10-10T03:09:34.709+0000] {dag.py:3229} INFO - Sync 1 DAGs
[2024-10-10T03:09:34.716+0000] {logging_mixin.py:190} INFO - [2024-10-10T03:09:34.716+0000] {dag.py:4156} INFO - Setting next_dagrun for example_short_circuit_decorator to None, run_after=None
[2024-10-10T03:09:34.729+0000] {processor.py:208} INFO - Processing /home/airflow/.local/lib/python3.12/site-packages/airflow/example_dags/example_short_circuit_decorator.py took 0.043 seconds
[2024-10-10T03:56:57.312+0000] {processor.py:186} INFO - Started process (PID=39181) to work on /home/airflow/.local/lib/python3.12/site-packages/airflow/example_dags/example_short_circuit_decorator.py
[2024-10-10T03:56:57.315+0000] {processor.py:914} INFO - Processing file /home/airflow/.local/lib/python3.12/site-packages/airflow/example_dags/example_short_circuit_decorator.py for tasks to queue
[2024-10-10T03:56:57.316+0000] {logging_mixin.py:190} INFO - [2024-10-10T03:56:57.316+0000] {dagbag.py:587} INFO - Filling up the DagBag from /home/airflow/.local/lib/python3.12/site-packages/airflow/example_dags/example_short_circuit_decorator.py
[2024-10-10T03:56:57.322+0000] {processor.py:925} INFO - DAG(s) 'example_short_circuit_decorator' retrieved from /home/airflow/.local/lib/python3.12/site-packages/airflow/example_dags/example_short_circuit_decorator.py
[2024-10-10T03:56:57.337+0000] {logging_mixin.py:190} INFO - [2024-10-10T03:56:57.337+0000] {dag.py:3229} INFO - Sync 1 DAGs
[2024-10-10T03:56:57.343+0000] {logging_mixin.py:190} INFO - [2024-10-10T03:56:57.343+0000] {dag.py:4156} INFO - Setting next_dagrun for example_short_circuit_decorator to None, run_after=None
[2024-10-10T03:56:57.357+0000] {processor.py:208} INFO - Processing /home/airflow/.local/lib/python3.12/site-packages/airflow/example_dags/example_short_circuit_decorator.py took 0.049 seconds
[2024-10-10T04:21:11.734+0000] {processor.py:186} INFO - Started process (PID=39251) to work on /home/airflow/.local/lib/python3.12/site-packages/airflow/example_dags/example_short_circuit_decorator.py
[2024-10-10T04:21:11.735+0000] {processor.py:914} INFO - Processing file /home/airflow/.local/lib/python3.12/site-packages/airflow/example_dags/example_short_circuit_decorator.py for tasks to queue
[2024-10-10T04:21:11.737+0000] {logging_mixin.py:190} INFO - [2024-10-10T04:21:11.737+0000] {dagbag.py:587} INFO - Filling up the DagBag from /home/airflow/.local/lib/python3.12/site-packages/airflow/example_dags/example_short_circuit_decorator.py
[2024-10-10T04:21:11.759+0000] {processor.py:925} INFO - DAG(s) 'example_short_circuit_decorator' retrieved from /home/airflow/.local/lib/python3.12/site-packages/airflow/example_dags/example_short_circuit_decorator.py
[2024-10-10T04:21:11.774+0000] {logging_mixin.py:190} INFO - [2024-10-10T04:21:11.774+0000] {dag.py:3229} INFO - Sync 1 DAGs
[2024-10-10T04:21:11.789+0000] {logging_mixin.py:190} INFO - [2024-10-10T04:21:11.789+0000] {dag.py:4156} INFO - Setting next_dagrun for example_short_circuit_decorator to None, run_after=None
[2024-10-10T04:21:11.800+0000] {processor.py:208} INFO - Processing /home/airflow/.local/lib/python3.12/site-packages/airflow/example_dags/example_short_circuit_decorator.py took 0.070 seconds
[2024-10-10T05:14:24.670+0000] {processor.py:186} INFO - Started process (PID=39322) to work on /home/airflow/.local/lib/python3.12/site-packages/airflow/example_dags/example_short_circuit_decorator.py
[2024-10-10T05:14:24.671+0000] {processor.py:914} INFO - Processing file /home/airflow/.local/lib/python3.12/site-packages/airflow/example_dags/example_short_circuit_decorator.py for tasks to queue
[2024-10-10T05:14:24.672+0000] {logging_mixin.py:190} INFO - [2024-10-10T05:14:24.672+0000] {dagbag.py:587} INFO - Filling up the DagBag from /home/airflow/.local/lib/python3.12/site-packages/airflow/example_dags/example_short_circuit_decorator.py
[2024-10-10T05:14:24.678+0000] {processor.py:925} INFO - DAG(s) 'example_short_circuit_decorator' retrieved from /home/airflow/.local/lib/python3.12/site-packages/airflow/example_dags/example_short_circuit_decorator.py
[2024-10-10T05:14:24.690+0000] {logging_mixin.py:190} INFO - [2024-10-10T05:14:24.690+0000] {dag.py:3229} INFO - Sync 1 DAGs
[2024-10-10T05:14:24.697+0000] {logging_mixin.py:190} INFO - [2024-10-10T05:14:24.697+0000] {dag.py:4156} INFO - Setting next_dagrun for example_short_circuit_decorator to None, run_after=None
[2024-10-10T05:14:24.714+0000] {processor.py:208} INFO - Processing /home/airflow/.local/lib/python3.12/site-packages/airflow/example_dags/example_short_circuit_decorator.py took 0.048 seconds
[2024-10-10T05:47:21.291+0000] {processor.py:186} INFO - Started process (PID=39393) to work on /home/airflow/.local/lib/python3.12/site-packages/airflow/example_dags/example_short_circuit_decorator.py
[2024-10-10T05:47:21.294+0000] {processor.py:914} INFO - Processing file /home/airflow/.local/lib/python3.12/site-packages/airflow/example_dags/example_short_circuit_decorator.py for tasks to queue
[2024-10-10T05:47:21.295+0000] {logging_mixin.py:190} INFO - [2024-10-10T05:47:21.294+0000] {dagbag.py:587} INFO - Filling up the DagBag from /home/airflow/.local/lib/python3.12/site-packages/airflow/example_dags/example_short_circuit_decorator.py
[2024-10-10T05:47:21.302+0000] {processor.py:925} INFO - DAG(s) 'example_short_circuit_decorator' retrieved from /home/airflow/.local/lib/python3.12/site-packages/airflow/example_dags/example_short_circuit_decorator.py
[2024-10-10T05:47:21.316+0000] {logging_mixin.py:190} INFO - [2024-10-10T05:47:21.316+0000] {dag.py:3229} INFO - Sync 1 DAGs
[2024-10-10T05:47:21.332+0000] {logging_mixin.py:190} INFO - [2024-10-10T05:47:21.332+0000] {dag.py:4156} INFO - Setting next_dagrun for example_short_circuit_decorator to None, run_after=None
[2024-10-10T05:47:21.350+0000] {processor.py:208} INFO - Processing /home/airflow/.local/lib/python3.12/site-packages/airflow/example_dags/example_short_circuit_decorator.py took 0.066 seconds
[2024-10-10T06:39:41.780+0000] {processor.py:186} INFO - Started process (PID=39464) to work on /home/airflow/.local/lib/python3.12/site-packages/airflow/example_dags/example_short_circuit_decorator.py
[2024-10-10T06:39:41.780+0000] {processor.py:914} INFO - Processing file /home/airflow/.local/lib/python3.12/site-packages/airflow/example_dags/example_short_circuit_decorator.py for tasks to queue
[2024-10-10T06:39:41.781+0000] {logging_mixin.py:190} INFO - [2024-10-10T06:39:41.781+0000] {dagbag.py:587} INFO - Filling up the DagBag from /home/airflow/.local/lib/python3.12/site-packages/airflow/example_dags/example_short_circuit_decorator.py
[2024-10-10T06:39:41.787+0000] {processor.py:925} INFO - DAG(s) 'example_short_circuit_decorator' retrieved from /home/airflow/.local/lib/python3.12/site-packages/airflow/example_dags/example_short_circuit_decorator.py
[2024-10-10T06:39:41.802+0000] {logging_mixin.py:190} INFO - [2024-10-10T06:39:41.802+0000] {dag.py:3229} INFO - Sync 1 DAGs
[2024-10-10T06:39:41.810+0000] {logging_mixin.py:190} INFO - [2024-10-10T06:39:41.810+0000] {dag.py:4156} INFO - Setting next_dagrun for example_short_circuit_decorator to None, run_after=None
[2024-10-10T06:39:41.823+0000] {processor.py:208} INFO - Processing /home/airflow/.local/lib/python3.12/site-packages/airflow/example_dags/example_short_circuit_decorator.py took 0.047 seconds
[2024-10-10T07:11:24.307+0000] {processor.py:186} INFO - Started process (PID=39535) to work on /home/airflow/.local/lib/python3.12/site-packages/airflow/example_dags/example_short_circuit_decorator.py
[2024-10-10T07:11:24.307+0000] {processor.py:914} INFO - Processing file /home/airflow/.local/lib/python3.12/site-packages/airflow/example_dags/example_short_circuit_decorator.py for tasks to queue
[2024-10-10T07:11:24.308+0000] {logging_mixin.py:190} INFO - [2024-10-10T07:11:24.308+0000] {dagbag.py:587} INFO - Filling up the DagBag from /home/airflow/.local/lib/python3.12/site-packages/airflow/example_dags/example_short_circuit_decorator.py
[2024-10-10T07:11:24.314+0000] {processor.py:925} INFO - DAG(s) 'example_short_circuit_decorator' retrieved from /home/airflow/.local/lib/python3.12/site-packages/airflow/example_dags/example_short_circuit_decorator.py
[2024-10-10T07:11:24.328+0000] {logging_mixin.py:190} INFO - [2024-10-10T07:11:24.328+0000] {dag.py:3229} INFO - Sync 1 DAGs
[2024-10-10T07:11:24.335+0000] {logging_mixin.py:190} INFO - [2024-10-10T07:11:24.335+0000] {dag.py:4156} INFO - Setting next_dagrun for example_short_circuit_decorator to None, run_after=None
[2024-10-10T07:11:24.342+0000] {processor.py:208} INFO - Processing /home/airflow/.local/lib/python3.12/site-packages/airflow/example_dags/example_short_circuit_decorator.py took 0.039 seconds
[2024-10-10T07:39:18.502+0000] {processor.py:186} INFO - Started process (PID=39606) to work on /home/airflow/.local/lib/python3.12/site-packages/airflow/example_dags/example_short_circuit_decorator.py
[2024-10-10T07:39:18.504+0000] {processor.py:914} INFO - Processing file /home/airflow/.local/lib/python3.12/site-packages/airflow/example_dags/example_short_circuit_decorator.py for tasks to queue
[2024-10-10T07:39:18.505+0000] {logging_mixin.py:190} INFO - [2024-10-10T07:39:18.505+0000] {dagbag.py:587} INFO - Filling up the DagBag from /home/airflow/.local/lib/python3.12/site-packages/airflow/example_dags/example_short_circuit_decorator.py
[2024-10-10T07:39:18.511+0000] {processor.py:925} INFO - DAG(s) 'example_short_circuit_decorator' retrieved from /home/airflow/.local/lib/python3.12/site-packages/airflow/example_dags/example_short_circuit_decorator.py
[2024-10-10T07:39:18.533+0000] {logging_mixin.py:190} INFO - [2024-10-10T07:39:18.532+0000] {dag.py:3229} INFO - Sync 1 DAGs
[2024-10-10T07:39:18.541+0000] {logging_mixin.py:190} INFO - [2024-10-10T07:39:18.541+0000] {dag.py:4156} INFO - Setting next_dagrun for example_short_circuit_decorator to None, run_after=None
[2024-10-10T07:39:18.548+0000] {processor.py:208} INFO - Processing /home/airflow/.local/lib/python3.12/site-packages/airflow/example_dags/example_short_circuit_decorator.py took 0.049 seconds
[2024-10-10T08:02:59.068+0000] {processor.py:186} INFO - Started process (PID=39677) to work on /home/airflow/.local/lib/python3.12/site-packages/airflow/example_dags/example_short_circuit_decorator.py
[2024-10-10T08:02:59.071+0000] {processor.py:914} INFO - Processing file /home/airflow/.local/lib/python3.12/site-packages/airflow/example_dags/example_short_circuit_decorator.py for tasks to queue
[2024-10-10T08:02:59.074+0000] {logging_mixin.py:190} INFO - [2024-10-10T08:02:59.074+0000] {dagbag.py:587} INFO - Filling up the DagBag from /home/airflow/.local/lib/python3.12/site-packages/airflow/example_dags/example_short_circuit_decorator.py
[2024-10-10T08:02:59.096+0000] {processor.py:925} INFO - DAG(s) 'example_short_circuit_decorator' retrieved from /home/airflow/.local/lib/python3.12/site-packages/airflow/example_dags/example_short_circuit_decorator.py
[2024-10-10T08:02:59.116+0000] {logging_mixin.py:190} INFO - [2024-10-10T08:02:59.115+0000] {dag.py:3229} INFO - Sync 1 DAGs
[2024-10-10T08:02:59.126+0000] {logging_mixin.py:190} INFO - [2024-10-10T08:02:59.126+0000] {dag.py:4156} INFO - Setting next_dagrun for example_short_circuit_decorator to None, run_after=None
[2024-10-10T08:02:59.147+0000] {processor.py:208} INFO - Processing /home/airflow/.local/lib/python3.12/site-packages/airflow/example_dags/example_short_circuit_decorator.py took 0.096 seconds
[2024-10-10T08:12:05.106+0000] {processor.py:186} INFO - Started process (PID=39748) to work on /home/airflow/.local/lib/python3.12/site-packages/airflow/example_dags/example_short_circuit_decorator.py
[2024-10-10T08:12:05.109+0000] {processor.py:914} INFO - Processing file /home/airflow/.local/lib/python3.12/site-packages/airflow/example_dags/example_short_circuit_decorator.py for tasks to queue
[2024-10-10T08:12:05.110+0000] {logging_mixin.py:190} INFO - [2024-10-10T08:12:05.110+0000] {dagbag.py:587} INFO - Filling up the DagBag from /home/airflow/.local/lib/python3.12/site-packages/airflow/example_dags/example_short_circuit_decorator.py
[2024-10-10T08:12:05.115+0000] {processor.py:925} INFO - DAG(s) 'example_short_circuit_decorator' retrieved from /home/airflow/.local/lib/python3.12/site-packages/airflow/example_dags/example_short_circuit_decorator.py
[2024-10-10T08:12:05.125+0000] {logging_mixin.py:190} INFO - [2024-10-10T08:12:05.125+0000] {dag.py:3229} INFO - Sync 1 DAGs
[2024-10-10T08:12:05.135+0000] {logging_mixin.py:190} INFO - [2024-10-10T08:12:05.135+0000] {dag.py:4156} INFO - Setting next_dagrun for example_short_circuit_decorator to None, run_after=None
[2024-10-10T08:12:05.142+0000] {processor.py:208} INFO - Processing /home/airflow/.local/lib/python3.12/site-packages/airflow/example_dags/example_short_circuit_decorator.py took 0.040 seconds
[2024-10-10T08:24:33.284+0000] {processor.py:186} INFO - Started process (PID=39818) to work on /home/airflow/.local/lib/python3.12/site-packages/airflow/example_dags/example_short_circuit_decorator.py
[2024-10-10T08:24:33.288+0000] {processor.py:914} INFO - Processing file /home/airflow/.local/lib/python3.12/site-packages/airflow/example_dags/example_short_circuit_decorator.py for tasks to queue
[2024-10-10T08:24:33.288+0000] {logging_mixin.py:190} INFO - [2024-10-10T08:24:33.288+0000] {dagbag.py:587} INFO - Filling up the DagBag from /home/airflow/.local/lib/python3.12/site-packages/airflow/example_dags/example_short_circuit_decorator.py
[2024-10-10T08:24:33.294+0000] {processor.py:925} INFO - DAG(s) 'example_short_circuit_decorator' retrieved from /home/airflow/.local/lib/python3.12/site-packages/airflow/example_dags/example_short_circuit_decorator.py
[2024-10-10T08:24:33.306+0000] {logging_mixin.py:190} INFO - [2024-10-10T08:24:33.306+0000] {dag.py:3229} INFO - Sync 1 DAGs
[2024-10-10T08:24:33.313+0000] {logging_mixin.py:190} INFO - [2024-10-10T08:24:33.313+0000] {dag.py:4156} INFO - Setting next_dagrun for example_short_circuit_decorator to None, run_after=None
[2024-10-10T08:24:33.320+0000] {processor.py:208} INFO - Processing /home/airflow/.local/lib/python3.12/site-packages/airflow/example_dags/example_short_circuit_decorator.py took 0.038 seconds
[2024-10-10T08:25:04.052+0000] {processor.py:186} INFO - Started process (PID=39890) to work on /home/airflow/.local/lib/python3.12/site-packages/airflow/example_dags/example_short_circuit_decorator.py
[2024-10-10T08:25:04.056+0000] {processor.py:914} INFO - Processing file /home/airflow/.local/lib/python3.12/site-packages/airflow/example_dags/example_short_circuit_decorator.py for tasks to queue
[2024-10-10T08:25:04.057+0000] {logging_mixin.py:190} INFO - [2024-10-10T08:25:04.057+0000] {dagbag.py:587} INFO - Filling up the DagBag from /home/airflow/.local/lib/python3.12/site-packages/airflow/example_dags/example_short_circuit_decorator.py
[2024-10-10T08:25:04.062+0000] {processor.py:925} INFO - DAG(s) 'example_short_circuit_decorator' retrieved from /home/airflow/.local/lib/python3.12/site-packages/airflow/example_dags/example_short_circuit_decorator.py
[2024-10-10T08:25:04.076+0000] {logging_mixin.py:190} INFO - [2024-10-10T08:25:04.076+0000] {dag.py:3229} INFO - Sync 1 DAGs
[2024-10-10T08:25:04.083+0000] {logging_mixin.py:190} INFO - [2024-10-10T08:25:04.083+0000] {dag.py:4156} INFO - Setting next_dagrun for example_short_circuit_decorator to None, run_after=None
[2024-10-10T08:25:04.092+0000] {processor.py:208} INFO - Processing /home/airflow/.local/lib/python3.12/site-packages/airflow/example_dags/example_short_circuit_decorator.py took 0.042 seconds
[2024-10-10T09:14:57.675+0000] {processor.py:186} INFO - Started process (PID=39961) to work on /home/airflow/.local/lib/python3.12/site-packages/airflow/example_dags/example_short_circuit_decorator.py
[2024-10-10T09:14:57.676+0000] {processor.py:914} INFO - Processing file /home/airflow/.local/lib/python3.12/site-packages/airflow/example_dags/example_short_circuit_decorator.py for tasks to queue
[2024-10-10T09:14:57.678+0000] {logging_mixin.py:190} INFO - [2024-10-10T09:14:57.677+0000] {dagbag.py:587} INFO - Filling up the DagBag from /home/airflow/.local/lib/python3.12/site-packages/airflow/example_dags/example_short_circuit_decorator.py
[2024-10-10T09:14:57.683+0000] {processor.py:925} INFO - DAG(s) 'example_short_circuit_decorator' retrieved from /home/airflow/.local/lib/python3.12/site-packages/airflow/example_dags/example_short_circuit_decorator.py
[2024-10-10T09:14:57.697+0000] {logging_mixin.py:190} INFO - [2024-10-10T09:14:57.697+0000] {dag.py:3229} INFO - Sync 1 DAGs
[2024-10-10T09:14:57.705+0000] {logging_mixin.py:190} INFO - [2024-10-10T09:14:57.705+0000] {dag.py:4156} INFO - Setting next_dagrun for example_short_circuit_decorator to None, run_after=None
[2024-10-10T09:14:57.712+0000] {processor.py:208} INFO - Processing /home/airflow/.local/lib/python3.12/site-packages/airflow/example_dags/example_short_circuit_decorator.py took 0.041 seconds
[2024-10-10T10:21:18.136+0000] {processor.py:186} INFO - Started process (PID=40032) to work on /home/airflow/.local/lib/python3.12/site-packages/airflow/example_dags/example_short_circuit_decorator.py
[2024-10-10T10:21:18.136+0000] {processor.py:914} INFO - Processing file /home/airflow/.local/lib/python3.12/site-packages/airflow/example_dags/example_short_circuit_decorator.py for tasks to queue
[2024-10-10T10:21:18.137+0000] {logging_mixin.py:190} INFO - [2024-10-10T10:21:18.137+0000] {dagbag.py:587} INFO - Filling up the DagBag from /home/airflow/.local/lib/python3.12/site-packages/airflow/example_dags/example_short_circuit_decorator.py
[2024-10-10T10:21:18.144+0000] {processor.py:925} INFO - DAG(s) 'example_short_circuit_decorator' retrieved from /home/airflow/.local/lib/python3.12/site-packages/airflow/example_dags/example_short_circuit_decorator.py
[2024-10-10T10:21:18.169+0000] {logging_mixin.py:190} INFO - [2024-10-10T10:21:18.169+0000] {dag.py:3229} INFO - Sync 1 DAGs
[2024-10-10T10:21:18.182+0000] {logging_mixin.py:190} INFO - [2024-10-10T10:21:18.181+0000] {dag.py:4156} INFO - Setting next_dagrun for example_short_circuit_decorator to None, run_after=None
[2024-10-10T10:21:18.194+0000] {processor.py:208} INFO - Processing /home/airflow/.local/lib/python3.12/site-packages/airflow/example_dags/example_short_circuit_decorator.py took 0.062 seconds
[2024-10-10T10:44:15.020+0000] {processor.py:186} INFO - Started process (PID=40103) to work on /home/airflow/.local/lib/python3.12/site-packages/airflow/example_dags/example_short_circuit_decorator.py
[2024-10-10T10:44:15.021+0000] {processor.py:914} INFO - Processing file /home/airflow/.local/lib/python3.12/site-packages/airflow/example_dags/example_short_circuit_decorator.py for tasks to queue
[2024-10-10T10:44:15.021+0000] {logging_mixin.py:190} INFO - [2024-10-10T10:44:15.021+0000] {dagbag.py:587} INFO - Filling up the DagBag from /home/airflow/.local/lib/python3.12/site-packages/airflow/example_dags/example_short_circuit_decorator.py
[2024-10-10T10:44:15.026+0000] {processor.py:925} INFO - DAG(s) 'example_short_circuit_decorator' retrieved from /home/airflow/.local/lib/python3.12/site-packages/airflow/example_dags/example_short_circuit_decorator.py
[2024-10-10T10:44:15.037+0000] {logging_mixin.py:190} INFO - [2024-10-10T10:44:15.037+0000] {dag.py:3229} INFO - Sync 1 DAGs
[2024-10-10T10:44:15.047+0000] {logging_mixin.py:190} INFO - [2024-10-10T10:44:15.047+0000] {dag.py:4156} INFO - Setting next_dagrun for example_short_circuit_decorator to None, run_after=None
[2024-10-10T10:44:15.054+0000] {processor.py:208} INFO - Processing /home/airflow/.local/lib/python3.12/site-packages/airflow/example_dags/example_short_circuit_decorator.py took 0.037 seconds
[2024-10-10T11:15:57.476+0000] {processor.py:186} INFO - Started process (PID=40174) to work on /home/airflow/.local/lib/python3.12/site-packages/airflow/example_dags/example_short_circuit_decorator.py
[2024-10-10T11:15:57.479+0000] {processor.py:914} INFO - Processing file /home/airflow/.local/lib/python3.12/site-packages/airflow/example_dags/example_short_circuit_decorator.py for tasks to queue
[2024-10-10T11:15:57.480+0000] {logging_mixin.py:190} INFO - [2024-10-10T11:15:57.480+0000] {dagbag.py:587} INFO - Filling up the DagBag from /home/airflow/.local/lib/python3.12/site-packages/airflow/example_dags/example_short_circuit_decorator.py
[2024-10-10T11:15:57.487+0000] {processor.py:925} INFO - DAG(s) 'example_short_circuit_decorator' retrieved from /home/airflow/.local/lib/python3.12/site-packages/airflow/example_dags/example_short_circuit_decorator.py
[2024-10-10T11:15:57.500+0000] {logging_mixin.py:190} INFO - [2024-10-10T11:15:57.500+0000] {dag.py:3229} INFO - Sync 1 DAGs
[2024-10-10T11:15:57.526+0000] {logging_mixin.py:190} INFO - [2024-10-10T11:15:57.525+0000] {dag.py:4156} INFO - Setting next_dagrun for example_short_circuit_decorator to None, run_after=None
[2024-10-10T11:15:57.536+0000] {processor.py:208} INFO - Processing /home/airflow/.local/lib/python3.12/site-packages/airflow/example_dags/example_short_circuit_decorator.py took 0.064 seconds
[2024-10-10T11:16:28.169+0000] {processor.py:186} INFO - Started process (PID=40245) to work on /home/airflow/.local/lib/python3.12/site-packages/airflow/example_dags/example_short_circuit_decorator.py
[2024-10-10T11:16:28.172+0000] {processor.py:914} INFO - Processing file /home/airflow/.local/lib/python3.12/site-packages/airflow/example_dags/example_short_circuit_decorator.py for tasks to queue
[2024-10-10T11:16:28.173+0000] {logging_mixin.py:190} INFO - [2024-10-10T11:16:28.173+0000] {dagbag.py:587} INFO - Filling up the DagBag from /home/airflow/.local/lib/python3.12/site-packages/airflow/example_dags/example_short_circuit_decorator.py
[2024-10-10T11:16:28.178+0000] {processor.py:925} INFO - DAG(s) 'example_short_circuit_decorator' retrieved from /home/airflow/.local/lib/python3.12/site-packages/airflow/example_dags/example_short_circuit_decorator.py
[2024-10-10T11:16:28.192+0000] {logging_mixin.py:190} INFO - [2024-10-10T11:16:28.192+0000] {dag.py:3229} INFO - Sync 1 DAGs
[2024-10-10T11:16:28.199+0000] {logging_mixin.py:190} INFO - [2024-10-10T11:16:28.199+0000] {dag.py:4156} INFO - Setting next_dagrun for example_short_circuit_decorator to None, run_after=None
[2024-10-10T11:16:28.206+0000] {processor.py:208} INFO - Processing /home/airflow/.local/lib/python3.12/site-packages/airflow/example_dags/example_short_circuit_decorator.py took 0.041 seconds
[2024-10-10T12:21:21.861+0000] {processor.py:186} INFO - Started process (PID=40316) to work on /home/airflow/.local/lib/python3.12/site-packages/airflow/example_dags/example_short_circuit_decorator.py
[2024-10-10T12:21:21.864+0000] {processor.py:914} INFO - Processing file /home/airflow/.local/lib/python3.12/site-packages/airflow/example_dags/example_short_circuit_decorator.py for tasks to queue
[2024-10-10T12:21:21.866+0000] {logging_mixin.py:190} INFO - [2024-10-10T12:21:21.865+0000] {dagbag.py:587} INFO - Filling up the DagBag from /home/airflow/.local/lib/python3.12/site-packages/airflow/example_dags/example_short_circuit_decorator.py
[2024-10-10T12:21:21.872+0000] {processor.py:925} INFO - DAG(s) 'example_short_circuit_decorator' retrieved from /home/airflow/.local/lib/python3.12/site-packages/airflow/example_dags/example_short_circuit_decorator.py
[2024-10-10T12:21:21.885+0000] {logging_mixin.py:190} INFO - [2024-10-10T12:21:21.885+0000] {dag.py:3229} INFO - Sync 1 DAGs
[2024-10-10T12:21:21.892+0000] {logging_mixin.py:190} INFO - [2024-10-10T12:21:21.892+0000] {dag.py:4156} INFO - Setting next_dagrun for example_short_circuit_decorator to None, run_after=None
[2024-10-10T12:21:21.900+0000] {processor.py:208} INFO - Processing /home/airflow/.local/lib/python3.12/site-packages/airflow/example_dags/example_short_circuit_decorator.py took 0.044 seconds
[2024-10-10T12:50:51.871+0000] {processor.py:186} INFO - Started process (PID=40386) to work on /home/airflow/.local/lib/python3.12/site-packages/airflow/example_dags/example_short_circuit_decorator.py
[2024-10-10T12:50:51.876+0000] {processor.py:914} INFO - Processing file /home/airflow/.local/lib/python3.12/site-packages/airflow/example_dags/example_short_circuit_decorator.py for tasks to queue
[2024-10-10T12:50:51.877+0000] {logging_mixin.py:190} INFO - [2024-10-10T12:50:51.877+0000] {dagbag.py:587} INFO - Filling up the DagBag from /home/airflow/.local/lib/python3.12/site-packages/airflow/example_dags/example_short_circuit_decorator.py
[2024-10-10T12:50:51.884+0000] {processor.py:925} INFO - DAG(s) 'example_short_circuit_decorator' retrieved from /home/airflow/.local/lib/python3.12/site-packages/airflow/example_dags/example_short_circuit_decorator.py
[2024-10-10T12:50:51.899+0000] {logging_mixin.py:190} INFO - [2024-10-10T12:50:51.899+0000] {dag.py:3229} INFO - Sync 1 DAGs
[2024-10-10T12:50:51.910+0000] {logging_mixin.py:190} INFO - [2024-10-10T12:50:51.909+0000] {dag.py:4156} INFO - Setting next_dagrun for example_short_circuit_decorator to None, run_after=None
[2024-10-10T12:50:51.919+0000] {processor.py:208} INFO - Processing /home/airflow/.local/lib/python3.12/site-packages/airflow/example_dags/example_short_circuit_decorator.py took 0.051 seconds
[2024-10-10T13:08:18.631+0000] {processor.py:186} INFO - Started process (PID=40457) to work on /home/airflow/.local/lib/python3.12/site-packages/airflow/example_dags/example_short_circuit_decorator.py
[2024-10-10T13:08:18.631+0000] {processor.py:914} INFO - Processing file /home/airflow/.local/lib/python3.12/site-packages/airflow/example_dags/example_short_circuit_decorator.py for tasks to queue
[2024-10-10T13:08:18.632+0000] {logging_mixin.py:190} INFO - [2024-10-10T13:08:18.632+0000] {dagbag.py:587} INFO - Filling up the DagBag from /home/airflow/.local/lib/python3.12/site-packages/airflow/example_dags/example_short_circuit_decorator.py
[2024-10-10T13:08:18.637+0000] {processor.py:925} INFO - DAG(s) 'example_short_circuit_decorator' retrieved from /home/airflow/.local/lib/python3.12/site-packages/airflow/example_dags/example_short_circuit_decorator.py
[2024-10-10T13:08:18.649+0000] {logging_mixin.py:190} INFO - [2024-10-10T13:08:18.649+0000] {dag.py:3229} INFO - Sync 1 DAGs
[2024-10-10T13:08:18.657+0000] {logging_mixin.py:190} INFO - [2024-10-10T13:08:18.657+0000] {dag.py:4156} INFO - Setting next_dagrun for example_short_circuit_decorator to None, run_after=None
[2024-10-10T13:08:18.667+0000] {processor.py:208} INFO - Processing /home/airflow/.local/lib/python3.12/site-packages/airflow/example_dags/example_short_circuit_decorator.py took 0.041 seconds
[2024-10-10T13:51:02.843+0000] {processor.py:186} INFO - Started process (PID=40528) to work on /home/airflow/.local/lib/python3.12/site-packages/airflow/example_dags/example_short_circuit_decorator.py
[2024-10-10T13:51:02.845+0000] {processor.py:914} INFO - Processing file /home/airflow/.local/lib/python3.12/site-packages/airflow/example_dags/example_short_circuit_decorator.py for tasks to queue
[2024-10-10T13:51:02.845+0000] {logging_mixin.py:190} INFO - [2024-10-10T13:51:02.845+0000] {dagbag.py:587} INFO - Filling up the DagBag from /home/airflow/.local/lib/python3.12/site-packages/airflow/example_dags/example_short_circuit_decorator.py
[2024-10-10T13:51:02.851+0000] {processor.py:925} INFO - DAG(s) 'example_short_circuit_decorator' retrieved from /home/airflow/.local/lib/python3.12/site-packages/airflow/example_dags/example_short_circuit_decorator.py
[2024-10-10T13:51:02.866+0000] {logging_mixin.py:190} INFO - [2024-10-10T13:51:02.866+0000] {dag.py:3229} INFO - Sync 1 DAGs
[2024-10-10T13:51:02.879+0000] {logging_mixin.py:190} INFO - [2024-10-10T13:51:02.879+0000] {dag.py:4156} INFO - Setting next_dagrun for example_short_circuit_decorator to None, run_after=None
[2024-10-10T13:51:02.894+0000] {processor.py:208} INFO - Processing /home/airflow/.local/lib/python3.12/site-packages/airflow/example_dags/example_short_circuit_decorator.py took 0.055 seconds
[2024-10-10T14:18:16.911+0000] {processor.py:186} INFO - Started process (PID=40599) to work on /home/airflow/.local/lib/python3.12/site-packages/airflow/example_dags/example_short_circuit_decorator.py
[2024-10-10T14:18:16.912+0000] {processor.py:914} INFO - Processing file /home/airflow/.local/lib/python3.12/site-packages/airflow/example_dags/example_short_circuit_decorator.py for tasks to queue
[2024-10-10T14:18:16.913+0000] {logging_mixin.py:190} INFO - [2024-10-10T14:18:16.912+0000] {dagbag.py:587} INFO - Filling up the DagBag from /home/airflow/.local/lib/python3.12/site-packages/airflow/example_dags/example_short_circuit_decorator.py
[2024-10-10T14:18:16.917+0000] {processor.py:925} INFO - DAG(s) 'example_short_circuit_decorator' retrieved from /home/airflow/.local/lib/python3.12/site-packages/airflow/example_dags/example_short_circuit_decorator.py
[2024-10-10T14:18:16.934+0000] {logging_mixin.py:190} INFO - [2024-10-10T14:18:16.934+0000] {dag.py:3229} INFO - Sync 1 DAGs
[2024-10-10T14:18:16.945+0000] {logging_mixin.py:190} INFO - [2024-10-10T14:18:16.945+0000] {dag.py:4156} INFO - Setting next_dagrun for example_short_circuit_decorator to None, run_after=None
[2024-10-10T14:18:16.955+0000] {processor.py:208} INFO - Processing /home/airflow/.local/lib/python3.12/site-packages/airflow/example_dags/example_short_circuit_decorator.py took 0.047 seconds
[2024-10-10T14:50:16.250+0000] {processor.py:186} INFO - Started process (PID=40670) to work on /home/airflow/.local/lib/python3.12/site-packages/airflow/example_dags/example_short_circuit_decorator.py
[2024-10-10T14:50:16.251+0000] {processor.py:914} INFO - Processing file /home/airflow/.local/lib/python3.12/site-packages/airflow/example_dags/example_short_circuit_decorator.py for tasks to queue
[2024-10-10T14:50:16.251+0000] {logging_mixin.py:190} INFO - [2024-10-10T14:50:16.251+0000] {dagbag.py:587} INFO - Filling up the DagBag from /home/airflow/.local/lib/python3.12/site-packages/airflow/example_dags/example_short_circuit_decorator.py
[2024-10-10T14:50:16.257+0000] {processor.py:925} INFO - DAG(s) 'example_short_circuit_decorator' retrieved from /home/airflow/.local/lib/python3.12/site-packages/airflow/example_dags/example_short_circuit_decorator.py
[2024-10-10T14:50:16.269+0000] {logging_mixin.py:190} INFO - [2024-10-10T14:50:16.269+0000] {dag.py:3229} INFO - Sync 1 DAGs
[2024-10-10T14:50:16.278+0000] {logging_mixin.py:190} INFO - [2024-10-10T14:50:16.278+0000] {dag.py:4156} INFO - Setting next_dagrun for example_short_circuit_decorator to None, run_after=None
[2024-10-10T14:50:16.294+0000] {processor.py:208} INFO - Processing /home/airflow/.local/lib/python3.12/site-packages/airflow/example_dags/example_short_circuit_decorator.py took 0.048 seconds
[2024-10-10T15:19:01.674+0000] {processor.py:186} INFO - Started process (PID=40741) to work on /home/airflow/.local/lib/python3.12/site-packages/airflow/example_dags/example_short_circuit_decorator.py
[2024-10-10T15:19:01.675+0000] {processor.py:914} INFO - Processing file /home/airflow/.local/lib/python3.12/site-packages/airflow/example_dags/example_short_circuit_decorator.py for tasks to queue
[2024-10-10T15:19:01.676+0000] {logging_mixin.py:190} INFO - [2024-10-10T15:19:01.676+0000] {dagbag.py:587} INFO - Filling up the DagBag from /home/airflow/.local/lib/python3.12/site-packages/airflow/example_dags/example_short_circuit_decorator.py
[2024-10-10T15:19:01.685+0000] {processor.py:925} INFO - DAG(s) 'example_short_circuit_decorator' retrieved from /home/airflow/.local/lib/python3.12/site-packages/airflow/example_dags/example_short_circuit_decorator.py
[2024-10-10T15:19:01.697+0000] {logging_mixin.py:190} INFO - [2024-10-10T15:19:01.697+0000] {dag.py:3229} INFO - Sync 1 DAGs
[2024-10-10T15:19:01.704+0000] {logging_mixin.py:190} INFO - [2024-10-10T15:19:01.704+0000] {dag.py:4156} INFO - Setting next_dagrun for example_short_circuit_decorator to None, run_after=None
[2024-10-10T15:19:01.713+0000] {processor.py:208} INFO - Processing /home/airflow/.local/lib/python3.12/site-packages/airflow/example_dags/example_short_circuit_decorator.py took 0.041 seconds
[2024-10-10T15:50:08.624+0000] {processor.py:186} INFO - Started process (PID=40812) to work on /home/airflow/.local/lib/python3.12/site-packages/airflow/example_dags/example_short_circuit_decorator.py
[2024-10-10T15:50:08.631+0000] {processor.py:914} INFO - Processing file /home/airflow/.local/lib/python3.12/site-packages/airflow/example_dags/example_short_circuit_decorator.py for tasks to queue
[2024-10-10T15:50:08.633+0000] {logging_mixin.py:190} INFO - [2024-10-10T15:50:08.633+0000] {dagbag.py:587} INFO - Filling up the DagBag from /home/airflow/.local/lib/python3.12/site-packages/airflow/example_dags/example_short_circuit_decorator.py
[2024-10-10T15:50:08.643+0000] {processor.py:925} INFO - DAG(s) 'example_short_circuit_decorator' retrieved from /home/airflow/.local/lib/python3.12/site-packages/airflow/example_dags/example_short_circuit_decorator.py
[2024-10-10T15:50:08.670+0000] {logging_mixin.py:190} INFO - [2024-10-10T15:50:08.670+0000] {dag.py:3229} INFO - Sync 1 DAGs
[2024-10-10T15:50:08.685+0000] {logging_mixin.py:190} INFO - [2024-10-10T15:50:08.685+0000] {dag.py:4156} INFO - Setting next_dagrun for example_short_circuit_decorator to None, run_after=None
[2024-10-10T15:50:08.699+0000] {processor.py:208} INFO - Processing /home/airflow/.local/lib/python3.12/site-packages/airflow/example_dags/example_short_circuit_decorator.py took 0.078 seconds
[2024-10-10T16:36:37.074+0000] {processor.py:186} INFO - Started process (PID=40883) to work on /home/airflow/.local/lib/python3.12/site-packages/airflow/example_dags/example_short_circuit_decorator.py
[2024-10-10T16:36:37.078+0000] {processor.py:914} INFO - Processing file /home/airflow/.local/lib/python3.12/site-packages/airflow/example_dags/example_short_circuit_decorator.py for tasks to queue
[2024-10-10T16:36:37.082+0000] {logging_mixin.py:190} INFO - [2024-10-10T16:36:37.081+0000] {dagbag.py:587} INFO - Filling up the DagBag from /home/airflow/.local/lib/python3.12/site-packages/airflow/example_dags/example_short_circuit_decorator.py
[2024-10-10T16:36:37.116+0000] {processor.py:925} INFO - DAG(s) 'example_short_circuit_decorator' retrieved from /home/airflow/.local/lib/python3.12/site-packages/airflow/example_dags/example_short_circuit_decorator.py
[2024-10-10T16:36:37.136+0000] {logging_mixin.py:190} INFO - [2024-10-10T16:36:37.136+0000] {dag.py:3229} INFO - Sync 1 DAGs
[2024-10-10T16:36:37.147+0000] {logging_mixin.py:190} INFO - [2024-10-10T16:36:37.147+0000] {dag.py:4156} INFO - Setting next_dagrun for example_short_circuit_decorator to None, run_after=None
[2024-10-10T16:36:37.249+0000] {processor.py:208} INFO - Processing /home/airflow/.local/lib/python3.12/site-packages/airflow/example_dags/example_short_circuit_decorator.py took 0.182 seconds
[2024-10-10T16:45:45.391+0000] {processor.py:186} INFO - Started process (PID=40954) to work on /home/airflow/.local/lib/python3.12/site-packages/airflow/example_dags/example_short_circuit_decorator.py
[2024-10-10T16:45:45.397+0000] {processor.py:914} INFO - Processing file /home/airflow/.local/lib/python3.12/site-packages/airflow/example_dags/example_short_circuit_decorator.py for tasks to queue
[2024-10-10T16:45:45.398+0000] {logging_mixin.py:190} INFO - [2024-10-10T16:45:45.398+0000] {dagbag.py:587} INFO - Filling up the DagBag from /home/airflow/.local/lib/python3.12/site-packages/airflow/example_dags/example_short_circuit_decorator.py
[2024-10-10T16:45:45.406+0000] {processor.py:925} INFO - DAG(s) 'example_short_circuit_decorator' retrieved from /home/airflow/.local/lib/python3.12/site-packages/airflow/example_dags/example_short_circuit_decorator.py
[2024-10-10T16:45:45.430+0000] {logging_mixin.py:190} INFO - [2024-10-10T16:45:45.430+0000] {dag.py:3229} INFO - Sync 1 DAGs
[2024-10-10T16:45:45.442+0000] {logging_mixin.py:190} INFO - [2024-10-10T16:45:45.442+0000] {dag.py:4156} INFO - Setting next_dagrun for example_short_circuit_decorator to None, run_after=None
[2024-10-10T16:45:45.451+0000] {processor.py:208} INFO - Processing /home/airflow/.local/lib/python3.12/site-packages/airflow/example_dags/example_short_circuit_decorator.py took 0.064 seconds
[2024-10-10T17:20:00.875+0000] {processor.py:186} INFO - Started process (PID=41024) to work on /home/airflow/.local/lib/python3.12/site-packages/airflow/example_dags/example_short_circuit_decorator.py
[2024-10-10T17:20:00.879+0000] {processor.py:914} INFO - Processing file /home/airflow/.local/lib/python3.12/site-packages/airflow/example_dags/example_short_circuit_decorator.py for tasks to queue
[2024-10-10T17:20:00.880+0000] {logging_mixin.py:190} INFO - [2024-10-10T17:20:00.880+0000] {dagbag.py:587} INFO - Filling up the DagBag from /home/airflow/.local/lib/python3.12/site-packages/airflow/example_dags/example_short_circuit_decorator.py
[2024-10-10T17:20:00.897+0000] {processor.py:925} INFO - DAG(s) 'example_short_circuit_decorator' retrieved from /home/airflow/.local/lib/python3.12/site-packages/airflow/example_dags/example_short_circuit_decorator.py
[2024-10-10T17:20:00.924+0000] {logging_mixin.py:190} INFO - [2024-10-10T17:20:00.924+0000] {dag.py:3229} INFO - Sync 1 DAGs
[2024-10-10T17:20:00.950+0000] {logging_mixin.py:190} INFO - [2024-10-10T17:20:00.949+0000] {dag.py:4156} INFO - Setting next_dagrun for example_short_circuit_decorator to None, run_after=None
[2024-10-10T17:20:00.988+0000] {processor.py:208} INFO - Processing /home/airflow/.local/lib/python3.12/site-packages/airflow/example_dags/example_short_circuit_decorator.py took 0.116 seconds
[2024-10-10T18:21:00.929+0000] {processor.py:186} INFO - Started process (PID=41095) to work on /home/airflow/.local/lib/python3.12/site-packages/airflow/example_dags/example_short_circuit_decorator.py
[2024-10-10T18:21:00.932+0000] {processor.py:914} INFO - Processing file /home/airflow/.local/lib/python3.12/site-packages/airflow/example_dags/example_short_circuit_decorator.py for tasks to queue
[2024-10-10T18:21:00.933+0000] {logging_mixin.py:190} INFO - [2024-10-10T18:21:00.933+0000] {dagbag.py:587} INFO - Filling up the DagBag from /home/airflow/.local/lib/python3.12/site-packages/airflow/example_dags/example_short_circuit_decorator.py
[2024-10-10T18:21:00.944+0000] {processor.py:925} INFO - DAG(s) 'example_short_circuit_decorator' retrieved from /home/airflow/.local/lib/python3.12/site-packages/airflow/example_dags/example_short_circuit_decorator.py
[2024-10-10T18:21:00.963+0000] {logging_mixin.py:190} INFO - [2024-10-10T18:21:00.963+0000] {dag.py:3229} INFO - Sync 1 DAGs
[2024-10-10T18:21:00.970+0000] {logging_mixin.py:190} INFO - [2024-10-10T18:21:00.970+0000] {dag.py:4156} INFO - Setting next_dagrun for example_short_circuit_decorator to None, run_after=None
[2024-10-10T18:21:00.986+0000] {processor.py:208} INFO - Processing /home/airflow/.local/lib/python3.12/site-packages/airflow/example_dags/example_short_circuit_decorator.py took 0.061 seconds
[2024-10-10T18:38:26.276+0000] {processor.py:186} INFO - Started process (PID=41166) to work on /home/airflow/.local/lib/python3.12/site-packages/airflow/example_dags/example_short_circuit_decorator.py
[2024-10-10T18:38:26.277+0000] {processor.py:914} INFO - Processing file /home/airflow/.local/lib/python3.12/site-packages/airflow/example_dags/example_short_circuit_decorator.py for tasks to queue
[2024-10-10T18:38:26.278+0000] {logging_mixin.py:190} INFO - [2024-10-10T18:38:26.277+0000] {dagbag.py:587} INFO - Filling up the DagBag from /home/airflow/.local/lib/python3.12/site-packages/airflow/example_dags/example_short_circuit_decorator.py
[2024-10-10T18:38:26.283+0000] {processor.py:925} INFO - DAG(s) 'example_short_circuit_decorator' retrieved from /home/airflow/.local/lib/python3.12/site-packages/airflow/example_dags/example_short_circuit_decorator.py
[2024-10-10T18:38:26.296+0000] {logging_mixin.py:190} INFO - [2024-10-10T18:38:26.296+0000] {dag.py:3229} INFO - Sync 1 DAGs
[2024-10-10T18:38:26.304+0000] {logging_mixin.py:190} INFO - [2024-10-10T18:38:26.304+0000] {dag.py:4156} INFO - Setting next_dagrun for example_short_circuit_decorator to None, run_after=None
[2024-10-10T18:38:26.316+0000] {processor.py:208} INFO - Processing /home/airflow/.local/lib/python3.12/site-packages/airflow/example_dags/example_short_circuit_decorator.py took 0.043 seconds
[2024-10-10T19:39:11.108+0000] {processor.py:186} INFO - Started process (PID=41237) to work on /home/airflow/.local/lib/python3.12/site-packages/airflow/example_dags/example_short_circuit_decorator.py
[2024-10-10T19:39:11.110+0000] {processor.py:914} INFO - Processing file /home/airflow/.local/lib/python3.12/site-packages/airflow/example_dags/example_short_circuit_decorator.py for tasks to queue
[2024-10-10T19:39:11.111+0000] {logging_mixin.py:190} INFO - [2024-10-10T19:39:11.111+0000] {dagbag.py:587} INFO - Filling up the DagBag from /home/airflow/.local/lib/python3.12/site-packages/airflow/example_dags/example_short_circuit_decorator.py
[2024-10-10T19:39:11.116+0000] {processor.py:925} INFO - DAG(s) 'example_short_circuit_decorator' retrieved from /home/airflow/.local/lib/python3.12/site-packages/airflow/example_dags/example_short_circuit_decorator.py
[2024-10-10T19:39:11.131+0000] {logging_mixin.py:190} INFO - [2024-10-10T19:39:11.131+0000] {dag.py:3229} INFO - Sync 1 DAGs
[2024-10-10T19:39:11.138+0000] {logging_mixin.py:190} INFO - [2024-10-10T19:39:11.138+0000] {dag.py:4156} INFO - Setting next_dagrun for example_short_circuit_decorator to None, run_after=None
[2024-10-10T19:39:11.145+0000] {processor.py:208} INFO - Processing /home/airflow/.local/lib/python3.12/site-packages/airflow/example_dags/example_short_circuit_decorator.py took 0.040 seconds
[2024-10-10T20:23:14.796+0000] {processor.py:186} INFO - Started process (PID=41308) to work on /home/airflow/.local/lib/python3.12/site-packages/airflow/example_dags/example_short_circuit_decorator.py
[2024-10-10T20:23:14.798+0000] {processor.py:914} INFO - Processing file /home/airflow/.local/lib/python3.12/site-packages/airflow/example_dags/example_short_circuit_decorator.py for tasks to queue
[2024-10-10T20:23:14.799+0000] {logging_mixin.py:190} INFO - [2024-10-10T20:23:14.798+0000] {dagbag.py:587} INFO - Filling up the DagBag from /home/airflow/.local/lib/python3.12/site-packages/airflow/example_dags/example_short_circuit_decorator.py
[2024-10-10T20:23:14.805+0000] {processor.py:925} INFO - DAG(s) 'example_short_circuit_decorator' retrieved from /home/airflow/.local/lib/python3.12/site-packages/airflow/example_dags/example_short_circuit_decorator.py
[2024-10-10T20:23:14.816+0000] {logging_mixin.py:190} INFO - [2024-10-10T20:23:14.816+0000] {dag.py:3229} INFO - Sync 1 DAGs
[2024-10-10T20:23:14.823+0000] {logging_mixin.py:190} INFO - [2024-10-10T20:23:14.823+0000] {dag.py:4156} INFO - Setting next_dagrun for example_short_circuit_decorator to None, run_after=None
[2024-10-10T20:23:14.832+0000] {processor.py:208} INFO - Processing /home/airflow/.local/lib/python3.12/site-packages/airflow/example_dags/example_short_circuit_decorator.py took 0.041 seconds
[2024-10-10T20:54:20.037+0000] {processor.py:186} INFO - Started process (PID=41379) to work on /home/airflow/.local/lib/python3.12/site-packages/airflow/example_dags/example_short_circuit_decorator.py
[2024-10-10T20:54:20.038+0000] {processor.py:914} INFO - Processing file /home/airflow/.local/lib/python3.12/site-packages/airflow/example_dags/example_short_circuit_decorator.py for tasks to queue
[2024-10-10T20:54:20.039+0000] {logging_mixin.py:190} INFO - [2024-10-10T20:54:20.038+0000] {dagbag.py:587} INFO - Filling up the DagBag from /home/airflow/.local/lib/python3.12/site-packages/airflow/example_dags/example_short_circuit_decorator.py
[2024-10-10T20:54:20.046+0000] {processor.py:925} INFO - DAG(s) 'example_short_circuit_decorator' retrieved from /home/airflow/.local/lib/python3.12/site-packages/airflow/example_dags/example_short_circuit_decorator.py
[2024-10-10T20:54:20.073+0000] {logging_mixin.py:190} INFO - [2024-10-10T20:54:20.073+0000] {dag.py:3229} INFO - Sync 1 DAGs
[2024-10-10T20:54:20.083+0000] {logging_mixin.py:190} INFO - [2024-10-10T20:54:20.083+0000] {dag.py:4156} INFO - Setting next_dagrun for example_short_circuit_decorator to None, run_after=None
[2024-10-10T20:54:20.098+0000] {processor.py:208} INFO - Processing /home/airflow/.local/lib/python3.12/site-packages/airflow/example_dags/example_short_circuit_decorator.py took 0.065 seconds
[2024-10-10T21:24:07.820+0000] {processor.py:186} INFO - Started process (PID=41450) to work on /home/airflow/.local/lib/python3.12/site-packages/airflow/example_dags/example_short_circuit_decorator.py
[2024-10-10T21:24:07.821+0000] {processor.py:914} INFO - Processing file /home/airflow/.local/lib/python3.12/site-packages/airflow/example_dags/example_short_circuit_decorator.py for tasks to queue
[2024-10-10T21:24:07.821+0000] {logging_mixin.py:190} INFO - [2024-10-10T21:24:07.821+0000] {dagbag.py:587} INFO - Filling up the DagBag from /home/airflow/.local/lib/python3.12/site-packages/airflow/example_dags/example_short_circuit_decorator.py
[2024-10-10T21:24:07.827+0000] {processor.py:925} INFO - DAG(s) 'example_short_circuit_decorator' retrieved from /home/airflow/.local/lib/python3.12/site-packages/airflow/example_dags/example_short_circuit_decorator.py
[2024-10-10T21:24:07.836+0000] {logging_mixin.py:190} INFO - [2024-10-10T21:24:07.836+0000] {dag.py:3229} INFO - Sync 1 DAGs
[2024-10-10T21:24:07.843+0000] {logging_mixin.py:190} INFO - [2024-10-10T21:24:07.843+0000] {dag.py:4156} INFO - Setting next_dagrun for example_short_circuit_decorator to None, run_after=None
[2024-10-10T21:24:07.850+0000] {processor.py:208} INFO - Processing /home/airflow/.local/lib/python3.12/site-packages/airflow/example_dags/example_short_circuit_decorator.py took 0.033 seconds
[2024-10-10T21:24:38.671+0000] {processor.py:186} INFO - Started process (PID=41521) to work on /home/airflow/.local/lib/python3.12/site-packages/airflow/example_dags/example_short_circuit_decorator.py
[2024-10-10T21:24:38.672+0000] {processor.py:914} INFO - Processing file /home/airflow/.local/lib/python3.12/site-packages/airflow/example_dags/example_short_circuit_decorator.py for tasks to queue
[2024-10-10T21:24:38.672+0000] {logging_mixin.py:190} INFO - [2024-10-10T21:24:38.672+0000] {dagbag.py:587} INFO - Filling up the DagBag from /home/airflow/.local/lib/python3.12/site-packages/airflow/example_dags/example_short_circuit_decorator.py
[2024-10-10T21:24:38.677+0000] {processor.py:925} INFO - DAG(s) 'example_short_circuit_decorator' retrieved from /home/airflow/.local/lib/python3.12/site-packages/airflow/example_dags/example_short_circuit_decorator.py
[2024-10-10T21:24:38.688+0000] {logging_mixin.py:190} INFO - [2024-10-10T21:24:38.688+0000] {dag.py:3229} INFO - Sync 1 DAGs
[2024-10-10T21:24:38.696+0000] {logging_mixin.py:190} INFO - [2024-10-10T21:24:38.695+0000] {dag.py:4156} INFO - Setting next_dagrun for example_short_circuit_decorator to None, run_after=None
[2024-10-10T21:24:38.705+0000] {processor.py:208} INFO - Processing /home/airflow/.local/lib/python3.12/site-packages/airflow/example_dags/example_short_circuit_decorator.py took 0.037 seconds
[2024-10-10T21:43:34.615+0000] {processor.py:186} INFO - Started process (PID=41592) to work on /home/airflow/.local/lib/python3.12/site-packages/airflow/example_dags/example_short_circuit_decorator.py
[2024-10-10T21:43:34.618+0000] {processor.py:914} INFO - Processing file /home/airflow/.local/lib/python3.12/site-packages/airflow/example_dags/example_short_circuit_decorator.py for tasks to queue
[2024-10-10T21:43:34.619+0000] {logging_mixin.py:190} INFO - [2024-10-10T21:43:34.618+0000] {dagbag.py:587} INFO - Filling up the DagBag from /home/airflow/.local/lib/python3.12/site-packages/airflow/example_dags/example_short_circuit_decorator.py
[2024-10-10T21:43:34.628+0000] {processor.py:925} INFO - DAG(s) 'example_short_circuit_decorator' retrieved from /home/airflow/.local/lib/python3.12/site-packages/airflow/example_dags/example_short_circuit_decorator.py
[2024-10-10T21:43:34.650+0000] {logging_mixin.py:190} INFO - [2024-10-10T21:43:34.650+0000] {dag.py:3229} INFO - Sync 1 DAGs
[2024-10-10T21:43:34.662+0000] {logging_mixin.py:190} INFO - [2024-10-10T21:43:34.662+0000] {dag.py:4156} INFO - Setting next_dagrun for example_short_circuit_decorator to None, run_after=None
[2024-10-10T21:43:34.678+0000] {processor.py:208} INFO - Processing /home/airflow/.local/lib/python3.12/site-packages/airflow/example_dags/example_short_circuit_decorator.py took 0.068 seconds
[2024-10-10T22:17:47.595+0000] {processor.py:186} INFO - Started process (PID=41663) to work on /home/airflow/.local/lib/python3.12/site-packages/airflow/example_dags/example_short_circuit_decorator.py
[2024-10-10T22:17:47.598+0000] {processor.py:914} INFO - Processing file /home/airflow/.local/lib/python3.12/site-packages/airflow/example_dags/example_short_circuit_decorator.py for tasks to queue
[2024-10-10T22:17:47.599+0000] {logging_mixin.py:190} INFO - [2024-10-10T22:17:47.599+0000] {dagbag.py:587} INFO - Filling up the DagBag from /home/airflow/.local/lib/python3.12/site-packages/airflow/example_dags/example_short_circuit_decorator.py
[2024-10-10T22:17:47.604+0000] {processor.py:925} INFO - DAG(s) 'example_short_circuit_decorator' retrieved from /home/airflow/.local/lib/python3.12/site-packages/airflow/example_dags/example_short_circuit_decorator.py
[2024-10-10T22:17:47.628+0000] {logging_mixin.py:190} INFO - [2024-10-10T22:17:47.628+0000] {dag.py:3229} INFO - Sync 1 DAGs
[2024-10-10T22:17:47.637+0000] {logging_mixin.py:190} INFO - [2024-10-10T22:17:47.637+0000] {dag.py:4156} INFO - Setting next_dagrun for example_short_circuit_decorator to None, run_after=None
[2024-10-10T22:17:47.645+0000] {processor.py:208} INFO - Processing /home/airflow/.local/lib/python3.12/site-packages/airflow/example_dags/example_short_circuit_decorator.py took 0.053 seconds
[2024-10-10T22:46:08.268+0000] {processor.py:186} INFO - Started process (PID=41734) to work on /home/airflow/.local/lib/python3.12/site-packages/airflow/example_dags/example_short_circuit_decorator.py
[2024-10-10T22:46:08.269+0000] {processor.py:914} INFO - Processing file /home/airflow/.local/lib/python3.12/site-packages/airflow/example_dags/example_short_circuit_decorator.py for tasks to queue
[2024-10-10T22:46:08.270+0000] {logging_mixin.py:190} INFO - [2024-10-10T22:46:08.270+0000] {dagbag.py:587} INFO - Filling up the DagBag from /home/airflow/.local/lib/python3.12/site-packages/airflow/example_dags/example_short_circuit_decorator.py
[2024-10-10T22:46:08.279+0000] {processor.py:925} INFO - DAG(s) 'example_short_circuit_decorator' retrieved from /home/airflow/.local/lib/python3.12/site-packages/airflow/example_dags/example_short_circuit_decorator.py
[2024-10-10T22:46:08.293+0000] {logging_mixin.py:190} INFO - [2024-10-10T22:46:08.293+0000] {dag.py:3229} INFO - Sync 1 DAGs
[2024-10-10T22:46:08.300+0000] {logging_mixin.py:190} INFO - [2024-10-10T22:46:08.300+0000] {dag.py:4156} INFO - Setting next_dagrun for example_short_circuit_decorator to None, run_after=None
[2024-10-10T22:46:08.322+0000] {processor.py:208} INFO - Processing /home/airflow/.local/lib/python3.12/site-packages/airflow/example_dags/example_short_circuit_decorator.py took 0.060 seconds
[2024-10-10T23:26:18.748+0000] {processor.py:186} INFO - Started process (PID=41805) to work on /home/airflow/.local/lib/python3.12/site-packages/airflow/example_dags/example_short_circuit_decorator.py
[2024-10-10T23:26:18.749+0000] {processor.py:914} INFO - Processing file /home/airflow/.local/lib/python3.12/site-packages/airflow/example_dags/example_short_circuit_decorator.py for tasks to queue
[2024-10-10T23:26:18.750+0000] {logging_mixin.py:190} INFO - [2024-10-10T23:26:18.750+0000] {dagbag.py:587} INFO - Filling up the DagBag from /home/airflow/.local/lib/python3.12/site-packages/airflow/example_dags/example_short_circuit_decorator.py
[2024-10-10T23:26:18.758+0000] {processor.py:925} INFO - DAG(s) 'example_short_circuit_decorator' retrieved from /home/airflow/.local/lib/python3.12/site-packages/airflow/example_dags/example_short_circuit_decorator.py
[2024-10-10T23:26:18.772+0000] {logging_mixin.py:190} INFO - [2024-10-10T23:26:18.772+0000] {dag.py:3229} INFO - Sync 1 DAGs
[2024-10-10T23:26:18.785+0000] {logging_mixin.py:190} INFO - [2024-10-10T23:26:18.785+0000] {dag.py:4156} INFO - Setting next_dagrun for example_short_circuit_decorator to None, run_after=None
[2024-10-10T23:26:18.795+0000] {processor.py:208} INFO - Processing /home/airflow/.local/lib/python3.12/site-packages/airflow/example_dags/example_short_circuit_decorator.py took 0.050 seconds
