[2024-10-10T00:11:41.844+0000] {processor.py:186} INFO - Started process (PID=38850) to work on /home/airflow/.local/lib/python3.12/site-packages/airflow/example_dags/example_python_operator.py
[2024-10-10T00:11:41.849+0000] {processor.py:914} INFO - Processing file /home/airflow/.local/lib/python3.12/site-packages/airflow/example_dags/example_python_operator.py for tasks to queue
[2024-10-10T00:11:41.850+0000] {logging_mixin.py:190} INFO - [2024-10-10T00:11:41.850+0000] {dagbag.py:587} INFO - Filling up the DagBag from /home/airflow/.local/lib/python3.12/site-packages/airflow/example_dags/example_python_operator.py
[2024-10-10T00:11:41.859+0000] {processor.py:925} INFO - DAG(s) 'example_python_operator' retrieved from /home/airflow/.local/lib/python3.12/site-packages/airflow/example_dags/example_python_operator.py
[2024-10-10T00:11:41.875+0000] {logging_mixin.py:190} INFO - [2024-10-10T00:11:41.875+0000] {dag.py:3229} INFO - Sync 1 DAGs
[2024-10-10T00:11:41.883+0000] {logging_mixin.py:190} INFO - [2024-10-10T00:11:41.883+0000] {dag.py:4156} INFO - Setting next_dagrun for example_python_operator to None, run_after=None
[2024-10-10T00:11:41.895+0000] {processor.py:208} INFO - Processing /home/airflow/.local/lib/python3.12/site-packages/airflow/example_dags/example_python_operator.py took 0.058 seconds
[2024-10-10T01:18:08.709+0000] {processor.py:186} INFO - Started process (PID=38921) to work on /home/airflow/.local/lib/python3.12/site-packages/airflow/example_dags/example_python_operator.py
[2024-10-10T01:18:08.709+0000] {processor.py:914} INFO - Processing file /home/airflow/.local/lib/python3.12/site-packages/airflow/example_dags/example_python_operator.py for tasks to queue
[2024-10-10T01:18:08.711+0000] {logging_mixin.py:190} INFO - [2024-10-10T01:18:08.711+0000] {dagbag.py:587} INFO - Filling up the DagBag from /home/airflow/.local/lib/python3.12/site-packages/airflow/example_dags/example_python_operator.py
[2024-10-10T01:18:08.720+0000] {processor.py:925} INFO - DAG(s) 'example_python_operator' retrieved from /home/airflow/.local/lib/python3.12/site-packages/airflow/example_dags/example_python_operator.py
[2024-10-10T01:18:08.739+0000] {logging_mixin.py:190} INFO - [2024-10-10T01:18:08.739+0000] {dag.py:3229} INFO - Sync 1 DAGs
[2024-10-10T01:18:08.754+0000] {logging_mixin.py:190} INFO - [2024-10-10T01:18:08.753+0000] {dag.py:4156} INFO - Setting next_dagrun for example_python_operator to None, run_after=None
[2024-10-10T01:18:08.770+0000] {processor.py:208} INFO - Processing /home/airflow/.local/lib/python3.12/site-packages/airflow/example_dags/example_python_operator.py took 0.065 seconds
[2024-10-10T01:52:18.231+0000] {processor.py:186} INFO - Started process (PID=38992) to work on /home/airflow/.local/lib/python3.12/site-packages/airflow/example_dags/example_python_operator.py
[2024-10-10T01:52:18.231+0000] {processor.py:914} INFO - Processing file /home/airflow/.local/lib/python3.12/site-packages/airflow/example_dags/example_python_operator.py for tasks to queue
[2024-10-10T01:52:18.232+0000] {logging_mixin.py:190} INFO - [2024-10-10T01:52:18.232+0000] {dagbag.py:587} INFO - Filling up the DagBag from /home/airflow/.local/lib/python3.12/site-packages/airflow/example_dags/example_python_operator.py
[2024-10-10T01:52:18.241+0000] {processor.py:925} INFO - DAG(s) 'example_python_operator' retrieved from /home/airflow/.local/lib/python3.12/site-packages/airflow/example_dags/example_python_operator.py
[2024-10-10T01:52:18.255+0000] {logging_mixin.py:190} INFO - [2024-10-10T01:52:18.255+0000] {dag.py:3229} INFO - Sync 1 DAGs
[2024-10-10T01:52:18.261+0000] {logging_mixin.py:190} INFO - [2024-10-10T01:52:18.261+0000] {dag.py:4156} INFO - Setting next_dagrun for example_python_operator to None, run_after=None
[2024-10-10T01:52:18.273+0000] {processor.py:208} INFO - Processing /home/airflow/.local/lib/python3.12/site-packages/airflow/example_dags/example_python_operator.py took 0.046 seconds
[2024-10-10T02:19:10.468+0000] {processor.py:186} INFO - Started process (PID=39063) to work on /home/airflow/.local/lib/python3.12/site-packages/airflow/example_dags/example_python_operator.py
[2024-10-10T02:19:10.468+0000] {processor.py:914} INFO - Processing file /home/airflow/.local/lib/python3.12/site-packages/airflow/example_dags/example_python_operator.py for tasks to queue
[2024-10-10T02:19:10.469+0000] {logging_mixin.py:190} INFO - [2024-10-10T02:19:10.469+0000] {dagbag.py:587} INFO - Filling up the DagBag from /home/airflow/.local/lib/python3.12/site-packages/airflow/example_dags/example_python_operator.py
[2024-10-10T02:19:10.476+0000] {processor.py:925} INFO - DAG(s) 'example_python_operator' retrieved from /home/airflow/.local/lib/python3.12/site-packages/airflow/example_dags/example_python_operator.py
[2024-10-10T02:19:10.489+0000] {logging_mixin.py:190} INFO - [2024-10-10T02:19:10.489+0000] {dag.py:3229} INFO - Sync 1 DAGs
[2024-10-10T02:19:10.497+0000] {logging_mixin.py:190} INFO - [2024-10-10T02:19:10.497+0000] {dag.py:4156} INFO - Setting next_dagrun for example_python_operator to None, run_after=None
[2024-10-10T02:19:10.505+0000] {processor.py:208} INFO - Processing /home/airflow/.local/lib/python3.12/site-packages/airflow/example_dags/example_python_operator.py took 0.040 seconds
[2024-10-10T03:09:35.917+0000] {processor.py:186} INFO - Started process (PID=39134) to work on /home/airflow/.local/lib/python3.12/site-packages/airflow/example_dags/example_python_operator.py
[2024-10-10T03:09:35.919+0000] {processor.py:914} INFO - Processing file /home/airflow/.local/lib/python3.12/site-packages/airflow/example_dags/example_python_operator.py for tasks to queue
[2024-10-10T03:09:35.920+0000] {logging_mixin.py:190} INFO - [2024-10-10T03:09:35.919+0000] {dagbag.py:587} INFO - Filling up the DagBag from /home/airflow/.local/lib/python3.12/site-packages/airflow/example_dags/example_python_operator.py
[2024-10-10T03:09:35.936+0000] {processor.py:925} INFO - DAG(s) 'example_python_operator' retrieved from /home/airflow/.local/lib/python3.12/site-packages/airflow/example_dags/example_python_operator.py
[2024-10-10T03:09:35.957+0000] {logging_mixin.py:190} INFO - [2024-10-10T03:09:35.956+0000] {dag.py:3229} INFO - Sync 1 DAGs
[2024-10-10T03:09:35.966+0000] {logging_mixin.py:190} INFO - [2024-10-10T03:09:35.966+0000] {dag.py:4156} INFO - Setting next_dagrun for example_python_operator to None, run_after=None
[2024-10-10T03:09:35.986+0000] {processor.py:208} INFO - Processing /home/airflow/.local/lib/python3.12/site-packages/airflow/example_dags/example_python_operator.py took 0.074 seconds
[2024-10-10T03:56:58.108+0000] {processor.py:186} INFO - Started process (PID=39204) to work on /home/airflow/.local/lib/python3.12/site-packages/airflow/example_dags/example_python_operator.py
[2024-10-10T03:56:58.109+0000] {processor.py:914} INFO - Processing file /home/airflow/.local/lib/python3.12/site-packages/airflow/example_dags/example_python_operator.py for tasks to queue
[2024-10-10T03:56:58.110+0000] {logging_mixin.py:190} INFO - [2024-10-10T03:56:58.110+0000] {dagbag.py:587} INFO - Filling up the DagBag from /home/airflow/.local/lib/python3.12/site-packages/airflow/example_dags/example_python_operator.py
[2024-10-10T03:56:58.117+0000] {processor.py:925} INFO - DAG(s) 'example_python_operator' retrieved from /home/airflow/.local/lib/python3.12/site-packages/airflow/example_dags/example_python_operator.py
[2024-10-10T03:56:58.132+0000] {logging_mixin.py:190} INFO - [2024-10-10T03:56:58.132+0000] {dag.py:3229} INFO - Sync 1 DAGs
[2024-10-10T03:56:58.140+0000] {logging_mixin.py:190} INFO - [2024-10-10T03:56:58.140+0000] {dag.py:4156} INFO - Setting next_dagrun for example_python_operator to None, run_after=None
[2024-10-10T03:56:58.159+0000] {processor.py:208} INFO - Processing /home/airflow/.local/lib/python3.12/site-packages/airflow/example_dags/example_python_operator.py took 0.054 seconds
[2024-10-10T04:21:12.753+0000] {processor.py:186} INFO - Started process (PID=39274) to work on /home/airflow/.local/lib/python3.12/site-packages/airflow/example_dags/example_python_operator.py
[2024-10-10T04:21:12.754+0000] {processor.py:914} INFO - Processing file /home/airflow/.local/lib/python3.12/site-packages/airflow/example_dags/example_python_operator.py for tasks to queue
[2024-10-10T04:21:12.756+0000] {logging_mixin.py:190} INFO - [2024-10-10T04:21:12.756+0000] {dagbag.py:587} INFO - Filling up the DagBag from /home/airflow/.local/lib/python3.12/site-packages/airflow/example_dags/example_python_operator.py
[2024-10-10T04:21:12.765+0000] {processor.py:925} INFO - DAG(s) 'example_python_operator' retrieved from /home/airflow/.local/lib/python3.12/site-packages/airflow/example_dags/example_python_operator.py
[2024-10-10T04:21:12.775+0000] {logging_mixin.py:190} INFO - [2024-10-10T04:21:12.775+0000] {dag.py:3229} INFO - Sync 1 DAGs
[2024-10-10T04:21:12.782+0000] {logging_mixin.py:190} INFO - [2024-10-10T04:21:12.782+0000] {dag.py:4156} INFO - Setting next_dagrun for example_python_operator to None, run_after=None
[2024-10-10T04:21:12.794+0000] {processor.py:208} INFO - Processing /home/airflow/.local/lib/python3.12/site-packages/airflow/example_dags/example_python_operator.py took 0.044 seconds
[2024-10-10T05:14:25.777+0000] {processor.py:186} INFO - Started process (PID=39345) to work on /home/airflow/.local/lib/python3.12/site-packages/airflow/example_dags/example_python_operator.py
[2024-10-10T05:14:25.777+0000] {processor.py:914} INFO - Processing file /home/airflow/.local/lib/python3.12/site-packages/airflow/example_dags/example_python_operator.py for tasks to queue
[2024-10-10T05:14:25.778+0000] {logging_mixin.py:190} INFO - [2024-10-10T05:14:25.778+0000] {dagbag.py:587} INFO - Filling up the DagBag from /home/airflow/.local/lib/python3.12/site-packages/airflow/example_dags/example_python_operator.py
[2024-10-10T05:14:25.785+0000] {processor.py:925} INFO - DAG(s) 'example_python_operator' retrieved from /home/airflow/.local/lib/python3.12/site-packages/airflow/example_dags/example_python_operator.py
[2024-10-10T05:14:25.796+0000] {logging_mixin.py:190} INFO - [2024-10-10T05:14:25.796+0000] {dag.py:3229} INFO - Sync 1 DAGs
[2024-10-10T05:14:25.805+0000] {logging_mixin.py:190} INFO - [2024-10-10T05:14:25.805+0000] {dag.py:4156} INFO - Setting next_dagrun for example_python_operator to None, run_after=None
[2024-10-10T05:14:25.812+0000] {processor.py:208} INFO - Processing /home/airflow/.local/lib/python3.12/site-packages/airflow/example_dags/example_python_operator.py took 0.039 seconds
[2024-10-10T05:47:22.704+0000] {processor.py:186} INFO - Started process (PID=39416) to work on /home/airflow/.local/lib/python3.12/site-packages/airflow/example_dags/example_python_operator.py
[2024-10-10T05:47:22.705+0000] {processor.py:914} INFO - Processing file /home/airflow/.local/lib/python3.12/site-packages/airflow/example_dags/example_python_operator.py for tasks to queue
[2024-10-10T05:47:22.706+0000] {logging_mixin.py:190} INFO - [2024-10-10T05:47:22.706+0000] {dagbag.py:587} INFO - Filling up the DagBag from /home/airflow/.local/lib/python3.12/site-packages/airflow/example_dags/example_python_operator.py
[2024-10-10T05:47:22.713+0000] {processor.py:925} INFO - DAG(s) 'example_python_operator' retrieved from /home/airflow/.local/lib/python3.12/site-packages/airflow/example_dags/example_python_operator.py
[2024-10-10T05:47:22.729+0000] {logging_mixin.py:190} INFO - [2024-10-10T05:47:22.728+0000] {dag.py:3229} INFO - Sync 1 DAGs
[2024-10-10T05:47:22.737+0000] {logging_mixin.py:190} INFO - [2024-10-10T05:47:22.737+0000] {dag.py:4156} INFO - Setting next_dagrun for example_python_operator to None, run_after=None
[2024-10-10T05:47:22.751+0000] {processor.py:208} INFO - Processing /home/airflow/.local/lib/python3.12/site-packages/airflow/example_dags/example_python_operator.py took 0.051 seconds
[2024-10-10T06:39:42.743+0000] {processor.py:186} INFO - Started process (PID=39487) to work on /home/airflow/.local/lib/python3.12/site-packages/airflow/example_dags/example_python_operator.py
[2024-10-10T06:39:42.745+0000] {processor.py:914} INFO - Processing file /home/airflow/.local/lib/python3.12/site-packages/airflow/example_dags/example_python_operator.py for tasks to queue
[2024-10-10T06:39:42.747+0000] {logging_mixin.py:190} INFO - [2024-10-10T06:39:42.747+0000] {dagbag.py:587} INFO - Filling up the DagBag from /home/airflow/.local/lib/python3.12/site-packages/airflow/example_dags/example_python_operator.py
[2024-10-10T06:39:42.757+0000] {processor.py:925} INFO - DAG(s) 'example_python_operator' retrieved from /home/airflow/.local/lib/python3.12/site-packages/airflow/example_dags/example_python_operator.py
[2024-10-10T06:39:42.776+0000] {logging_mixin.py:190} INFO - [2024-10-10T06:39:42.776+0000] {dag.py:3229} INFO - Sync 1 DAGs
[2024-10-10T06:39:42.793+0000] {logging_mixin.py:190} INFO - [2024-10-10T06:39:42.793+0000] {dag.py:4156} INFO - Setting next_dagrun for example_python_operator to None, run_after=None
[2024-10-10T06:39:42.809+0000] {processor.py:208} INFO - Processing /home/airflow/.local/lib/python3.12/site-packages/airflow/example_dags/example_python_operator.py took 0.070 seconds
[2024-10-10T07:11:25.248+0000] {processor.py:186} INFO - Started process (PID=39558) to work on /home/airflow/.local/lib/python3.12/site-packages/airflow/example_dags/example_python_operator.py
[2024-10-10T07:11:25.250+0000] {processor.py:914} INFO - Processing file /home/airflow/.local/lib/python3.12/site-packages/airflow/example_dags/example_python_operator.py for tasks to queue
[2024-10-10T07:11:25.250+0000] {logging_mixin.py:190} INFO - [2024-10-10T07:11:25.250+0000] {dagbag.py:587} INFO - Filling up the DagBag from /home/airflow/.local/lib/python3.12/site-packages/airflow/example_dags/example_python_operator.py
[2024-10-10T07:11:25.263+0000] {processor.py:925} INFO - DAG(s) 'example_python_operator' retrieved from /home/airflow/.local/lib/python3.12/site-packages/airflow/example_dags/example_python_operator.py
[2024-10-10T07:11:25.296+0000] {logging_mixin.py:190} INFO - [2024-10-10T07:11:25.296+0000] {dag.py:3229} INFO - Sync 1 DAGs
[2024-10-10T07:11:25.304+0000] {logging_mixin.py:190} INFO - [2024-10-10T07:11:25.304+0000] {dag.py:4156} INFO - Setting next_dagrun for example_python_operator to None, run_after=None
[2024-10-10T07:11:25.317+0000] {processor.py:208} INFO - Processing /home/airflow/.local/lib/python3.12/site-packages/airflow/example_dags/example_python_operator.py took 0.073 seconds
[2024-10-10T07:39:19.315+0000] {processor.py:186} INFO - Started process (PID=39629) to work on /home/airflow/.local/lib/python3.12/site-packages/airflow/example_dags/example_python_operator.py
[2024-10-10T07:39:19.317+0000] {processor.py:914} INFO - Processing file /home/airflow/.local/lib/python3.12/site-packages/airflow/example_dags/example_python_operator.py for tasks to queue
[2024-10-10T07:39:19.319+0000] {logging_mixin.py:190} INFO - [2024-10-10T07:39:19.319+0000] {dagbag.py:587} INFO - Filling up the DagBag from /home/airflow/.local/lib/python3.12/site-packages/airflow/example_dags/example_python_operator.py
[2024-10-10T07:39:19.331+0000] {processor.py:925} INFO - DAG(s) 'example_python_operator' retrieved from /home/airflow/.local/lib/python3.12/site-packages/airflow/example_dags/example_python_operator.py
[2024-10-10T07:39:19.354+0000] {logging_mixin.py:190} INFO - [2024-10-10T07:39:19.354+0000] {dag.py:3229} INFO - Sync 1 DAGs
[2024-10-10T07:39:19.362+0000] {logging_mixin.py:190} INFO - [2024-10-10T07:39:19.361+0000] {dag.py:4156} INFO - Setting next_dagrun for example_python_operator to None, run_after=None
[2024-10-10T07:39:19.374+0000] {processor.py:208} INFO - Processing /home/airflow/.local/lib/python3.12/site-packages/airflow/example_dags/example_python_operator.py took 0.062 seconds
[2024-10-10T08:03:00.045+0000] {processor.py:186} INFO - Started process (PID=39700) to work on /home/airflow/.local/lib/python3.12/site-packages/airflow/example_dags/example_python_operator.py
[2024-10-10T08:03:00.047+0000] {processor.py:914} INFO - Processing file /home/airflow/.local/lib/python3.12/site-packages/airflow/example_dags/example_python_operator.py for tasks to queue
[2024-10-10T08:03:00.049+0000] {logging_mixin.py:190} INFO - [2024-10-10T08:03:00.048+0000] {dagbag.py:587} INFO - Filling up the DagBag from /home/airflow/.local/lib/python3.12/site-packages/airflow/example_dags/example_python_operator.py
[2024-10-10T08:03:00.060+0000] {processor.py:925} INFO - DAG(s) 'example_python_operator' retrieved from /home/airflow/.local/lib/python3.12/site-packages/airflow/example_dags/example_python_operator.py
[2024-10-10T08:03:00.080+0000] {logging_mixin.py:190} INFO - [2024-10-10T08:03:00.080+0000] {dag.py:3229} INFO - Sync 1 DAGs
[2024-10-10T08:03:00.089+0000] {logging_mixin.py:190} INFO - [2024-10-10T08:03:00.089+0000] {dag.py:4156} INFO - Setting next_dagrun for example_python_operator to None, run_after=None
[2024-10-10T08:03:00.100+0000] {processor.py:208} INFO - Processing /home/airflow/.local/lib/python3.12/site-packages/airflow/example_dags/example_python_operator.py took 0.059 seconds
[2024-10-10T08:12:05.972+0000] {processor.py:186} INFO - Started process (PID=39771) to work on /home/airflow/.local/lib/python3.12/site-packages/airflow/example_dags/example_python_operator.py
[2024-10-10T08:12:05.973+0000] {processor.py:914} INFO - Processing file /home/airflow/.local/lib/python3.12/site-packages/airflow/example_dags/example_python_operator.py for tasks to queue
[2024-10-10T08:12:05.974+0000] {logging_mixin.py:190} INFO - [2024-10-10T08:12:05.974+0000] {dagbag.py:587} INFO - Filling up the DagBag from /home/airflow/.local/lib/python3.12/site-packages/airflow/example_dags/example_python_operator.py
[2024-10-10T08:12:05.986+0000] {processor.py:925} INFO - DAG(s) 'example_python_operator' retrieved from /home/airflow/.local/lib/python3.12/site-packages/airflow/example_dags/example_python_operator.py
[2024-10-10T08:12:06.012+0000] {logging_mixin.py:190} INFO - [2024-10-10T08:12:06.012+0000] {dag.py:3229} INFO - Sync 1 DAGs
[2024-10-10T08:12:06.021+0000] {logging_mixin.py:190} INFO - [2024-10-10T08:12:06.021+0000] {dag.py:4156} INFO - Setting next_dagrun for example_python_operator to None, run_after=None
[2024-10-10T08:12:06.032+0000] {processor.py:208} INFO - Processing /home/airflow/.local/lib/python3.12/site-packages/airflow/example_dags/example_python_operator.py took 0.064 seconds
[2024-10-10T08:24:34.150+0000] {processor.py:186} INFO - Started process (PID=39841) to work on /home/airflow/.local/lib/python3.12/site-packages/airflow/example_dags/example_python_operator.py
[2024-10-10T08:24:34.151+0000] {processor.py:914} INFO - Processing file /home/airflow/.local/lib/python3.12/site-packages/airflow/example_dags/example_python_operator.py for tasks to queue
[2024-10-10T08:24:34.152+0000] {logging_mixin.py:190} INFO - [2024-10-10T08:24:34.152+0000] {dagbag.py:587} INFO - Filling up the DagBag from /home/airflow/.local/lib/python3.12/site-packages/airflow/example_dags/example_python_operator.py
[2024-10-10T08:24:34.159+0000] {processor.py:925} INFO - DAG(s) 'example_python_operator' retrieved from /home/airflow/.local/lib/python3.12/site-packages/airflow/example_dags/example_python_operator.py
[2024-10-10T08:24:34.177+0000] {logging_mixin.py:190} INFO - [2024-10-10T08:24:34.177+0000] {dag.py:3229} INFO - Sync 1 DAGs
[2024-10-10T08:24:34.184+0000] {logging_mixin.py:190} INFO - [2024-10-10T08:24:34.184+0000] {dag.py:4156} INFO - Setting next_dagrun for example_python_operator to None, run_after=None
[2024-10-10T08:24:34.192+0000] {processor.py:208} INFO - Processing /home/airflow/.local/lib/python3.12/site-packages/airflow/example_dags/example_python_operator.py took 0.045 seconds
[2024-10-10T08:25:05.046+0000] {processor.py:186} INFO - Started process (PID=39913) to work on /home/airflow/.local/lib/python3.12/site-packages/airflow/example_dags/example_python_operator.py
[2024-10-10T08:25:05.047+0000] {processor.py:914} INFO - Processing file /home/airflow/.local/lib/python3.12/site-packages/airflow/example_dags/example_python_operator.py for tasks to queue
[2024-10-10T08:25:05.048+0000] {logging_mixin.py:190} INFO - [2024-10-10T08:25:05.048+0000] {dagbag.py:587} INFO - Filling up the DagBag from /home/airflow/.local/lib/python3.12/site-packages/airflow/example_dags/example_python_operator.py
[2024-10-10T08:25:05.056+0000] {processor.py:925} INFO - DAG(s) 'example_python_operator' retrieved from /home/airflow/.local/lib/python3.12/site-packages/airflow/example_dags/example_python_operator.py
[2024-10-10T08:25:05.066+0000] {logging_mixin.py:190} INFO - [2024-10-10T08:25:05.066+0000] {dag.py:3229} INFO - Sync 1 DAGs
[2024-10-10T08:25:05.074+0000] {logging_mixin.py:190} INFO - [2024-10-10T08:25:05.074+0000] {dag.py:4156} INFO - Setting next_dagrun for example_python_operator to None, run_after=None
[2024-10-10T08:25:05.084+0000] {processor.py:208} INFO - Processing /home/airflow/.local/lib/python3.12/site-packages/airflow/example_dags/example_python_operator.py took 0.041 seconds
[2024-10-10T09:14:58.487+0000] {processor.py:186} INFO - Started process (PID=39984) to work on /home/airflow/.local/lib/python3.12/site-packages/airflow/example_dags/example_python_operator.py
[2024-10-10T09:14:58.488+0000] {processor.py:914} INFO - Processing file /home/airflow/.local/lib/python3.12/site-packages/airflow/example_dags/example_python_operator.py for tasks to queue
[2024-10-10T09:14:58.489+0000] {logging_mixin.py:190} INFO - [2024-10-10T09:14:58.489+0000] {dagbag.py:587} INFO - Filling up the DagBag from /home/airflow/.local/lib/python3.12/site-packages/airflow/example_dags/example_python_operator.py
[2024-10-10T09:14:58.495+0000] {processor.py:925} INFO - DAG(s) 'example_python_operator' retrieved from /home/airflow/.local/lib/python3.12/site-packages/airflow/example_dags/example_python_operator.py
[2024-10-10T09:14:58.505+0000] {logging_mixin.py:190} INFO - [2024-10-10T09:14:58.505+0000] {dag.py:3229} INFO - Sync 1 DAGs
[2024-10-10T09:14:58.511+0000] {logging_mixin.py:190} INFO - [2024-10-10T09:14:58.511+0000] {dag.py:4156} INFO - Setting next_dagrun for example_python_operator to None, run_after=None
[2024-10-10T09:14:58.518+0000] {processor.py:208} INFO - Processing /home/airflow/.local/lib/python3.12/site-packages/airflow/example_dags/example_python_operator.py took 0.034 seconds
[2024-10-10T10:21:18.984+0000] {processor.py:186} INFO - Started process (PID=40055) to work on /home/airflow/.local/lib/python3.12/site-packages/airflow/example_dags/example_python_operator.py
[2024-10-10T10:21:18.985+0000] {processor.py:914} INFO - Processing file /home/airflow/.local/lib/python3.12/site-packages/airflow/example_dags/example_python_operator.py for tasks to queue
[2024-10-10T10:21:18.986+0000] {logging_mixin.py:190} INFO - [2024-10-10T10:21:18.985+0000] {dagbag.py:587} INFO - Filling up the DagBag from /home/airflow/.local/lib/python3.12/site-packages/airflow/example_dags/example_python_operator.py
[2024-10-10T10:21:18.993+0000] {processor.py:925} INFO - DAG(s) 'example_python_operator' retrieved from /home/airflow/.local/lib/python3.12/site-packages/airflow/example_dags/example_python_operator.py
[2024-10-10T10:21:19.003+0000] {logging_mixin.py:190} INFO - [2024-10-10T10:21:19.003+0000] {dag.py:3229} INFO - Sync 1 DAGs
[2024-10-10T10:21:19.010+0000] {logging_mixin.py:190} INFO - [2024-10-10T10:21:19.010+0000] {dag.py:4156} INFO - Setting next_dagrun for example_python_operator to None, run_after=None
[2024-10-10T10:21:19.021+0000] {processor.py:208} INFO - Processing /home/airflow/.local/lib/python3.12/site-packages/airflow/example_dags/example_python_operator.py took 0.041 seconds
[2024-10-10T10:44:15.786+0000] {processor.py:186} INFO - Started process (PID=40126) to work on /home/airflow/.local/lib/python3.12/site-packages/airflow/example_dags/example_python_operator.py
[2024-10-10T10:44:15.788+0000] {processor.py:914} INFO - Processing file /home/airflow/.local/lib/python3.12/site-packages/airflow/example_dags/example_python_operator.py for tasks to queue
[2024-10-10T10:44:15.788+0000] {logging_mixin.py:190} INFO - [2024-10-10T10:44:15.788+0000] {dagbag.py:587} INFO - Filling up the DagBag from /home/airflow/.local/lib/python3.12/site-packages/airflow/example_dags/example_python_operator.py
[2024-10-10T10:44:15.795+0000] {processor.py:925} INFO - DAG(s) 'example_python_operator' retrieved from /home/airflow/.local/lib/python3.12/site-packages/airflow/example_dags/example_python_operator.py
[2024-10-10T10:44:15.806+0000] {logging_mixin.py:190} INFO - [2024-10-10T10:44:15.806+0000] {dag.py:3229} INFO - Sync 1 DAGs
[2024-10-10T10:44:15.813+0000] {logging_mixin.py:190} INFO - [2024-10-10T10:44:15.813+0000] {dag.py:4156} INFO - Setting next_dagrun for example_python_operator to None, run_after=None
[2024-10-10T10:44:15.820+0000] {processor.py:208} INFO - Processing /home/airflow/.local/lib/python3.12/site-packages/airflow/example_dags/example_python_operator.py took 0.037 seconds
[2024-10-10T11:15:58.325+0000] {processor.py:186} INFO - Started process (PID=40197) to work on /home/airflow/.local/lib/python3.12/site-packages/airflow/example_dags/example_python_operator.py
[2024-10-10T11:15:58.326+0000] {processor.py:914} INFO - Processing file /home/airflow/.local/lib/python3.12/site-packages/airflow/example_dags/example_python_operator.py for tasks to queue
[2024-10-10T11:15:58.326+0000] {logging_mixin.py:190} INFO - [2024-10-10T11:15:58.326+0000] {dagbag.py:587} INFO - Filling up the DagBag from /home/airflow/.local/lib/python3.12/site-packages/airflow/example_dags/example_python_operator.py
[2024-10-10T11:15:58.333+0000] {processor.py:925} INFO - DAG(s) 'example_python_operator' retrieved from /home/airflow/.local/lib/python3.12/site-packages/airflow/example_dags/example_python_operator.py
[2024-10-10T11:15:58.355+0000] {logging_mixin.py:190} INFO - [2024-10-10T11:15:58.355+0000] {dag.py:3229} INFO - Sync 1 DAGs
[2024-10-10T11:15:58.364+0000] {logging_mixin.py:190} INFO - [2024-10-10T11:15:58.364+0000] {dag.py:4156} INFO - Setting next_dagrun for example_python_operator to None, run_after=None
[2024-10-10T11:15:58.378+0000] {processor.py:208} INFO - Processing /home/airflow/.local/lib/python3.12/site-packages/airflow/example_dags/example_python_operator.py took 0.057 seconds
[2024-10-10T11:16:28.937+0000] {processor.py:186} INFO - Started process (PID=40268) to work on /home/airflow/.local/lib/python3.12/site-packages/airflow/example_dags/example_python_operator.py
[2024-10-10T11:16:28.937+0000] {processor.py:914} INFO - Processing file /home/airflow/.local/lib/python3.12/site-packages/airflow/example_dags/example_python_operator.py for tasks to queue
[2024-10-10T11:16:28.938+0000] {logging_mixin.py:190} INFO - [2024-10-10T11:16:28.938+0000] {dagbag.py:587} INFO - Filling up the DagBag from /home/airflow/.local/lib/python3.12/site-packages/airflow/example_dags/example_python_operator.py
[2024-10-10T11:16:28.947+0000] {processor.py:925} INFO - DAG(s) 'example_python_operator' retrieved from /home/airflow/.local/lib/python3.12/site-packages/airflow/example_dags/example_python_operator.py
[2024-10-10T11:16:28.965+0000] {logging_mixin.py:190} INFO - [2024-10-10T11:16:28.965+0000] {dag.py:3229} INFO - Sync 1 DAGs
[2024-10-10T11:16:28.971+0000] {logging_mixin.py:190} INFO - [2024-10-10T11:16:28.971+0000] {dag.py:4156} INFO - Setting next_dagrun for example_python_operator to None, run_after=None
[2024-10-10T11:16:28.979+0000] {processor.py:208} INFO - Processing /home/airflow/.local/lib/python3.12/site-packages/airflow/example_dags/example_python_operator.py took 0.045 seconds
[2024-10-10T12:21:22.839+0000] {processor.py:186} INFO - Started process (PID=40339) to work on /home/airflow/.local/lib/python3.12/site-packages/airflow/example_dags/example_python_operator.py
[2024-10-10T12:21:22.841+0000] {processor.py:914} INFO - Processing file /home/airflow/.local/lib/python3.12/site-packages/airflow/example_dags/example_python_operator.py for tasks to queue
[2024-10-10T12:21:22.845+0000] {logging_mixin.py:190} INFO - [2024-10-10T12:21:22.845+0000] {dagbag.py:587} INFO - Filling up the DagBag from /home/airflow/.local/lib/python3.12/site-packages/airflow/example_dags/example_python_operator.py
[2024-10-10T12:21:22.853+0000] {processor.py:925} INFO - DAG(s) 'example_python_operator' retrieved from /home/airflow/.local/lib/python3.12/site-packages/airflow/example_dags/example_python_operator.py
[2024-10-10T12:21:22.875+0000] {logging_mixin.py:190} INFO - [2024-10-10T12:21:22.875+0000] {dag.py:3229} INFO - Sync 1 DAGs
[2024-10-10T12:21:22.887+0000] {logging_mixin.py:190} INFO - [2024-10-10T12:21:22.886+0000] {dag.py:4156} INFO - Setting next_dagrun for example_python_operator to None, run_after=None
[2024-10-10T12:21:22.895+0000] {processor.py:208} INFO - Processing /home/airflow/.local/lib/python3.12/site-packages/airflow/example_dags/example_python_operator.py took 0.059 seconds
[2024-10-10T12:50:52.616+0000] {processor.py:186} INFO - Started process (PID=40409) to work on /home/airflow/.local/lib/python3.12/site-packages/airflow/example_dags/example_python_operator.py
[2024-10-10T12:50:52.620+0000] {processor.py:914} INFO - Processing file /home/airflow/.local/lib/python3.12/site-packages/airflow/example_dags/example_python_operator.py for tasks to queue
[2024-10-10T12:50:52.622+0000] {logging_mixin.py:190} INFO - [2024-10-10T12:50:52.622+0000] {dagbag.py:587} INFO - Filling up the DagBag from /home/airflow/.local/lib/python3.12/site-packages/airflow/example_dags/example_python_operator.py
[2024-10-10T12:50:52.631+0000] {processor.py:925} INFO - DAG(s) 'example_python_operator' retrieved from /home/airflow/.local/lib/python3.12/site-packages/airflow/example_dags/example_python_operator.py
[2024-10-10T12:50:52.645+0000] {logging_mixin.py:190} INFO - [2024-10-10T12:50:52.645+0000] {dag.py:3229} INFO - Sync 1 DAGs
[2024-10-10T12:50:52.651+0000] {logging_mixin.py:190} INFO - [2024-10-10T12:50:52.651+0000] {dag.py:4156} INFO - Setting next_dagrun for example_python_operator to None, run_after=None
[2024-10-10T12:50:52.659+0000] {processor.py:208} INFO - Processing /home/airflow/.local/lib/python3.12/site-packages/airflow/example_dags/example_python_operator.py took 0.047 seconds
[2024-10-10T13:08:19.704+0000] {processor.py:186} INFO - Started process (PID=40480) to work on /home/airflow/.local/lib/python3.12/site-packages/airflow/example_dags/example_python_operator.py
[2024-10-10T13:08:19.706+0000] {processor.py:914} INFO - Processing file /home/airflow/.local/lib/python3.12/site-packages/airflow/example_dags/example_python_operator.py for tasks to queue
[2024-10-10T13:08:19.706+0000] {logging_mixin.py:190} INFO - [2024-10-10T13:08:19.706+0000] {dagbag.py:587} INFO - Filling up the DagBag from /home/airflow/.local/lib/python3.12/site-packages/airflow/example_dags/example_python_operator.py
[2024-10-10T13:08:19.715+0000] {processor.py:925} INFO - DAG(s) 'example_python_operator' retrieved from /home/airflow/.local/lib/python3.12/site-packages/airflow/example_dags/example_python_operator.py
[2024-10-10T13:08:19.733+0000] {logging_mixin.py:190} INFO - [2024-10-10T13:08:19.733+0000] {dag.py:3229} INFO - Sync 1 DAGs
[2024-10-10T13:08:19.741+0000] {logging_mixin.py:190} INFO - [2024-10-10T13:08:19.741+0000] {dag.py:4156} INFO - Setting next_dagrun for example_python_operator to None, run_after=None
[2024-10-10T13:08:19.750+0000] {processor.py:208} INFO - Processing /home/airflow/.local/lib/python3.12/site-packages/airflow/example_dags/example_python_operator.py took 0.051 seconds
[2024-10-10T13:51:03.768+0000] {processor.py:186} INFO - Started process (PID=40551) to work on /home/airflow/.local/lib/python3.12/site-packages/airflow/example_dags/example_python_operator.py
[2024-10-10T13:51:03.771+0000] {processor.py:914} INFO - Processing file /home/airflow/.local/lib/python3.12/site-packages/airflow/example_dags/example_python_operator.py for tasks to queue
[2024-10-10T13:51:03.774+0000] {logging_mixin.py:190} INFO - [2024-10-10T13:51:03.773+0000] {dagbag.py:587} INFO - Filling up the DagBag from /home/airflow/.local/lib/python3.12/site-packages/airflow/example_dags/example_python_operator.py
[2024-10-10T13:51:03.799+0000] {processor.py:925} INFO - DAG(s) 'example_python_operator' retrieved from /home/airflow/.local/lib/python3.12/site-packages/airflow/example_dags/example_python_operator.py
[2024-10-10T13:51:03.823+0000] {logging_mixin.py:190} INFO - [2024-10-10T13:51:03.823+0000] {dag.py:3229} INFO - Sync 1 DAGs
[2024-10-10T13:51:03.834+0000] {logging_mixin.py:190} INFO - [2024-10-10T13:51:03.833+0000] {dag.py:4156} INFO - Setting next_dagrun for example_python_operator to None, run_after=None
[2024-10-10T13:51:03.849+0000] {processor.py:208} INFO - Processing /home/airflow/.local/lib/python3.12/site-packages/airflow/example_dags/example_python_operator.py took 0.083 seconds
[2024-10-10T14:18:17.691+0000] {processor.py:186} INFO - Started process (PID=40622) to work on /home/airflow/.local/lib/python3.12/site-packages/airflow/example_dags/example_python_operator.py
[2024-10-10T14:18:17.692+0000] {processor.py:914} INFO - Processing file /home/airflow/.local/lib/python3.12/site-packages/airflow/example_dags/example_python_operator.py for tasks to queue
[2024-10-10T14:18:17.694+0000] {logging_mixin.py:190} INFO - [2024-10-10T14:18:17.693+0000] {dagbag.py:587} INFO - Filling up the DagBag from /home/airflow/.local/lib/python3.12/site-packages/airflow/example_dags/example_python_operator.py
[2024-10-10T14:18:17.701+0000] {processor.py:925} INFO - DAG(s) 'example_python_operator' retrieved from /home/airflow/.local/lib/python3.12/site-packages/airflow/example_dags/example_python_operator.py
[2024-10-10T14:18:17.713+0000] {logging_mixin.py:190} INFO - [2024-10-10T14:18:17.713+0000] {dag.py:3229} INFO - Sync 1 DAGs
[2024-10-10T14:18:17.720+0000] {logging_mixin.py:190} INFO - [2024-10-10T14:18:17.720+0000] {dag.py:4156} INFO - Setting next_dagrun for example_python_operator to None, run_after=None
[2024-10-10T14:18:17.730+0000] {processor.py:208} INFO - Processing /home/airflow/.local/lib/python3.12/site-packages/airflow/example_dags/example_python_operator.py took 0.042 seconds
[2024-10-10T14:50:17.058+0000] {processor.py:186} INFO - Started process (PID=40693) to work on /home/airflow/.local/lib/python3.12/site-packages/airflow/example_dags/example_python_operator.py
[2024-10-10T14:50:17.058+0000] {processor.py:914} INFO - Processing file /home/airflow/.local/lib/python3.12/site-packages/airflow/example_dags/example_python_operator.py for tasks to queue
[2024-10-10T14:50:17.059+0000] {logging_mixin.py:190} INFO - [2024-10-10T14:50:17.059+0000] {dagbag.py:587} INFO - Filling up the DagBag from /home/airflow/.local/lib/python3.12/site-packages/airflow/example_dags/example_python_operator.py
[2024-10-10T14:50:17.068+0000] {processor.py:925} INFO - DAG(s) 'example_python_operator' retrieved from /home/airflow/.local/lib/python3.12/site-packages/airflow/example_dags/example_python_operator.py
[2024-10-10T14:50:17.080+0000] {logging_mixin.py:190} INFO - [2024-10-10T14:50:17.080+0000] {dag.py:3229} INFO - Sync 1 DAGs
[2024-10-10T14:50:17.087+0000] {logging_mixin.py:190} INFO - [2024-10-10T14:50:17.087+0000] {dag.py:4156} INFO - Setting next_dagrun for example_python_operator to None, run_after=None
[2024-10-10T14:50:17.099+0000] {processor.py:208} INFO - Processing /home/airflow/.local/lib/python3.12/site-packages/airflow/example_dags/example_python_operator.py took 0.044 seconds
[2024-10-10T15:19:02.510+0000] {processor.py:186} INFO - Started process (PID=40764) to work on /home/airflow/.local/lib/python3.12/site-packages/airflow/example_dags/example_python_operator.py
[2024-10-10T15:19:02.511+0000] {processor.py:914} INFO - Processing file /home/airflow/.local/lib/python3.12/site-packages/airflow/example_dags/example_python_operator.py for tasks to queue
[2024-10-10T15:19:02.512+0000] {logging_mixin.py:190} INFO - [2024-10-10T15:19:02.512+0000] {dagbag.py:587} INFO - Filling up the DagBag from /home/airflow/.local/lib/python3.12/site-packages/airflow/example_dags/example_python_operator.py
[2024-10-10T15:19:02.520+0000] {processor.py:925} INFO - DAG(s) 'example_python_operator' retrieved from /home/airflow/.local/lib/python3.12/site-packages/airflow/example_dags/example_python_operator.py
[2024-10-10T15:19:02.531+0000] {logging_mixin.py:190} INFO - [2024-10-10T15:19:02.531+0000] {dag.py:3229} INFO - Sync 1 DAGs
[2024-10-10T15:19:02.539+0000] {logging_mixin.py:190} INFO - [2024-10-10T15:19:02.538+0000] {dag.py:4156} INFO - Setting next_dagrun for example_python_operator to None, run_after=None
[2024-10-10T15:19:02.551+0000] {processor.py:208} INFO - Processing /home/airflow/.local/lib/python3.12/site-packages/airflow/example_dags/example_python_operator.py took 0.045 seconds
[2024-10-10T15:50:09.636+0000] {processor.py:186} INFO - Started process (PID=40835) to work on /home/airflow/.local/lib/python3.12/site-packages/airflow/example_dags/example_python_operator.py
[2024-10-10T15:50:09.637+0000] {processor.py:914} INFO - Processing file /home/airflow/.local/lib/python3.12/site-packages/airflow/example_dags/example_python_operator.py for tasks to queue
[2024-10-10T15:50:09.637+0000] {logging_mixin.py:190} INFO - [2024-10-10T15:50:09.637+0000] {dagbag.py:587} INFO - Filling up the DagBag from /home/airflow/.local/lib/python3.12/site-packages/airflow/example_dags/example_python_operator.py
[2024-10-10T15:50:09.644+0000] {processor.py:925} INFO - DAG(s) 'example_python_operator' retrieved from /home/airflow/.local/lib/python3.12/site-packages/airflow/example_dags/example_python_operator.py
[2024-10-10T15:50:09.657+0000] {logging_mixin.py:190} INFO - [2024-10-10T15:50:09.657+0000] {dag.py:3229} INFO - Sync 1 DAGs
[2024-10-10T15:50:09.664+0000] {logging_mixin.py:190} INFO - [2024-10-10T15:50:09.664+0000] {dag.py:4156} INFO - Setting next_dagrun for example_python_operator to None, run_after=None
[2024-10-10T15:50:09.677+0000] {processor.py:208} INFO - Processing /home/airflow/.local/lib/python3.12/site-packages/airflow/example_dags/example_python_operator.py took 0.043 seconds
[2024-10-10T16:36:38.664+0000] {processor.py:186} INFO - Started process (PID=40906) to work on /home/airflow/.local/lib/python3.12/site-packages/airflow/example_dags/example_python_operator.py
[2024-10-10T16:36:38.667+0000] {processor.py:914} INFO - Processing file /home/airflow/.local/lib/python3.12/site-packages/airflow/example_dags/example_python_operator.py for tasks to queue
[2024-10-10T16:36:38.668+0000] {logging_mixin.py:190} INFO - [2024-10-10T16:36:38.668+0000] {dagbag.py:587} INFO - Filling up the DagBag from /home/airflow/.local/lib/python3.12/site-packages/airflow/example_dags/example_python_operator.py
[2024-10-10T16:36:38.680+0000] {processor.py:925} INFO - DAG(s) 'example_python_operator' retrieved from /home/airflow/.local/lib/python3.12/site-packages/airflow/example_dags/example_python_operator.py
[2024-10-10T16:36:38.703+0000] {logging_mixin.py:190} INFO - [2024-10-10T16:36:38.703+0000] {dag.py:3229} INFO - Sync 1 DAGs
[2024-10-10T16:36:38.711+0000] {logging_mixin.py:190} INFO - [2024-10-10T16:36:38.711+0000] {dag.py:4156} INFO - Setting next_dagrun for example_python_operator to None, run_after=None
[2024-10-10T16:36:38.723+0000] {processor.py:208} INFO - Processing /home/airflow/.local/lib/python3.12/site-packages/airflow/example_dags/example_python_operator.py took 0.064 seconds
[2024-10-10T16:45:47.075+0000] {processor.py:186} INFO - Started process (PID=40977) to work on /home/airflow/.local/lib/python3.12/site-packages/airflow/example_dags/example_python_operator.py
[2024-10-10T16:45:47.075+0000] {processor.py:914} INFO - Processing file /home/airflow/.local/lib/python3.12/site-packages/airflow/example_dags/example_python_operator.py for tasks to queue
[2024-10-10T16:45:47.076+0000] {logging_mixin.py:190} INFO - [2024-10-10T16:45:47.076+0000] {dagbag.py:587} INFO - Filling up the DagBag from /home/airflow/.local/lib/python3.12/site-packages/airflow/example_dags/example_python_operator.py
[2024-10-10T16:45:47.083+0000] {processor.py:925} INFO - DAG(s) 'example_python_operator' retrieved from /home/airflow/.local/lib/python3.12/site-packages/airflow/example_dags/example_python_operator.py
[2024-10-10T16:45:47.097+0000] {logging_mixin.py:190} INFO - [2024-10-10T16:45:47.097+0000] {dag.py:3229} INFO - Sync 1 DAGs
[2024-10-10T16:45:47.104+0000] {logging_mixin.py:190} INFO - [2024-10-10T16:45:47.104+0000] {dag.py:4156} INFO - Setting next_dagrun for example_python_operator to None, run_after=None
[2024-10-10T16:45:47.113+0000] {processor.py:208} INFO - Processing /home/airflow/.local/lib/python3.12/site-packages/airflow/example_dags/example_python_operator.py took 0.041 seconds
[2024-10-10T17:20:01.834+0000] {processor.py:186} INFO - Started process (PID=41047) to work on /home/airflow/.local/lib/python3.12/site-packages/airflow/example_dags/example_python_operator.py
[2024-10-10T17:20:01.836+0000] {processor.py:914} INFO - Processing file /home/airflow/.local/lib/python3.12/site-packages/airflow/example_dags/example_python_operator.py for tasks to queue
[2024-10-10T17:20:01.837+0000] {logging_mixin.py:190} INFO - [2024-10-10T17:20:01.837+0000] {dagbag.py:587} INFO - Filling up the DagBag from /home/airflow/.local/lib/python3.12/site-packages/airflow/example_dags/example_python_operator.py
[2024-10-10T17:20:01.844+0000] {processor.py:925} INFO - DAG(s) 'example_python_operator' retrieved from /home/airflow/.local/lib/python3.12/site-packages/airflow/example_dags/example_python_operator.py
[2024-10-10T17:20:01.855+0000] {logging_mixin.py:190} INFO - [2024-10-10T17:20:01.854+0000] {dag.py:3229} INFO - Sync 1 DAGs
[2024-10-10T17:20:01.861+0000] {logging_mixin.py:190} INFO - [2024-10-10T17:20:01.861+0000] {dag.py:4156} INFO - Setting next_dagrun for example_python_operator to None, run_after=None
[2024-10-10T17:20:01.873+0000] {processor.py:208} INFO - Processing /home/airflow/.local/lib/python3.12/site-packages/airflow/example_dags/example_python_operator.py took 0.042 seconds
[2024-10-10T18:21:01.668+0000] {processor.py:186} INFO - Started process (PID=41118) to work on /home/airflow/.local/lib/python3.12/site-packages/airflow/example_dags/example_python_operator.py
[2024-10-10T18:21:01.668+0000] {processor.py:914} INFO - Processing file /home/airflow/.local/lib/python3.12/site-packages/airflow/example_dags/example_python_operator.py for tasks to queue
[2024-10-10T18:21:01.669+0000] {logging_mixin.py:190} INFO - [2024-10-10T18:21:01.669+0000] {dagbag.py:587} INFO - Filling up the DagBag from /home/airflow/.local/lib/python3.12/site-packages/airflow/example_dags/example_python_operator.py
[2024-10-10T18:21:01.678+0000] {processor.py:925} INFO - DAG(s) 'example_python_operator' retrieved from /home/airflow/.local/lib/python3.12/site-packages/airflow/example_dags/example_python_operator.py
[2024-10-10T18:21:01.693+0000] {logging_mixin.py:190} INFO - [2024-10-10T18:21:01.693+0000] {dag.py:3229} INFO - Sync 1 DAGs
[2024-10-10T18:21:01.701+0000] {logging_mixin.py:190} INFO - [2024-10-10T18:21:01.701+0000] {dag.py:4156} INFO - Setting next_dagrun for example_python_operator to None, run_after=None
[2024-10-10T18:21:01.713+0000] {processor.py:208} INFO - Processing /home/airflow/.local/lib/python3.12/site-packages/airflow/example_dags/example_python_operator.py took 0.049 seconds
[2024-10-10T18:38:27.636+0000] {processor.py:186} INFO - Started process (PID=41189) to work on /home/airflow/.local/lib/python3.12/site-packages/airflow/example_dags/example_python_operator.py
[2024-10-10T18:38:27.637+0000] {processor.py:914} INFO - Processing file /home/airflow/.local/lib/python3.12/site-packages/airflow/example_dags/example_python_operator.py for tasks to queue
[2024-10-10T18:38:27.638+0000] {logging_mixin.py:190} INFO - [2024-10-10T18:38:27.638+0000] {dagbag.py:587} INFO - Filling up the DagBag from /home/airflow/.local/lib/python3.12/site-packages/airflow/example_dags/example_python_operator.py
[2024-10-10T18:38:27.652+0000] {processor.py:925} INFO - DAG(s) 'example_python_operator' retrieved from /home/airflow/.local/lib/python3.12/site-packages/airflow/example_dags/example_python_operator.py
[2024-10-10T18:38:27.666+0000] {logging_mixin.py:190} INFO - [2024-10-10T18:38:27.666+0000] {dag.py:3229} INFO - Sync 1 DAGs
[2024-10-10T18:38:27.691+0000] {logging_mixin.py:190} INFO - [2024-10-10T18:38:27.691+0000] {dag.py:4156} INFO - Setting next_dagrun for example_python_operator to None, run_after=None
[2024-10-10T18:38:27.716+0000] {processor.py:208} INFO - Processing /home/airflow/.local/lib/python3.12/site-packages/airflow/example_dags/example_python_operator.py took 0.082 seconds
[2024-10-10T19:39:12.016+0000] {processor.py:186} INFO - Started process (PID=41260) to work on /home/airflow/.local/lib/python3.12/site-packages/airflow/example_dags/example_python_operator.py
[2024-10-10T19:39:12.018+0000] {processor.py:914} INFO - Processing file /home/airflow/.local/lib/python3.12/site-packages/airflow/example_dags/example_python_operator.py for tasks to queue
[2024-10-10T19:39:12.019+0000] {logging_mixin.py:190} INFO - [2024-10-10T19:39:12.019+0000] {dagbag.py:587} INFO - Filling up the DagBag from /home/airflow/.local/lib/python3.12/site-packages/airflow/example_dags/example_python_operator.py
[2024-10-10T19:39:12.026+0000] {processor.py:925} INFO - DAG(s) 'example_python_operator' retrieved from /home/airflow/.local/lib/python3.12/site-packages/airflow/example_dags/example_python_operator.py
[2024-10-10T19:39:12.038+0000] {logging_mixin.py:190} INFO - [2024-10-10T19:39:12.038+0000] {dag.py:3229} INFO - Sync 1 DAGs
[2024-10-10T19:39:12.045+0000] {logging_mixin.py:190} INFO - [2024-10-10T19:39:12.045+0000] {dag.py:4156} INFO - Setting next_dagrun for example_python_operator to None, run_after=None
[2024-10-10T19:39:12.056+0000] {processor.py:208} INFO - Processing /home/airflow/.local/lib/python3.12/site-packages/airflow/example_dags/example_python_operator.py took 0.043 seconds
[2024-10-10T20:23:16.004+0000] {processor.py:186} INFO - Started process (PID=41331) to work on /home/airflow/.local/lib/python3.12/site-packages/airflow/example_dags/example_python_operator.py
[2024-10-10T20:23:16.006+0000] {processor.py:914} INFO - Processing file /home/airflow/.local/lib/python3.12/site-packages/airflow/example_dags/example_python_operator.py for tasks to queue
[2024-10-10T20:23:16.008+0000] {logging_mixin.py:190} INFO - [2024-10-10T20:23:16.007+0000] {dagbag.py:587} INFO - Filling up the DagBag from /home/airflow/.local/lib/python3.12/site-packages/airflow/example_dags/example_python_operator.py
[2024-10-10T20:23:16.017+0000] {processor.py:925} INFO - DAG(s) 'example_python_operator' retrieved from /home/airflow/.local/lib/python3.12/site-packages/airflow/example_dags/example_python_operator.py
[2024-10-10T20:23:16.033+0000] {logging_mixin.py:190} INFO - [2024-10-10T20:23:16.033+0000] {dag.py:3229} INFO - Sync 1 DAGs
[2024-10-10T20:23:16.042+0000] {logging_mixin.py:190} INFO - [2024-10-10T20:23:16.042+0000] {dag.py:4156} INFO - Setting next_dagrun for example_python_operator to None, run_after=None
[2024-10-10T20:23:16.093+0000] {processor.py:208} INFO - Processing /home/airflow/.local/lib/python3.12/site-packages/airflow/example_dags/example_python_operator.py took 0.095 seconds
[2024-10-10T20:54:20.904+0000] {processor.py:186} INFO - Started process (PID=41402) to work on /home/airflow/.local/lib/python3.12/site-packages/airflow/example_dags/example_python_operator.py
[2024-10-10T20:54:20.906+0000] {processor.py:914} INFO - Processing file /home/airflow/.local/lib/python3.12/site-packages/airflow/example_dags/example_python_operator.py for tasks to queue
[2024-10-10T20:54:20.907+0000] {logging_mixin.py:190} INFO - [2024-10-10T20:54:20.907+0000] {dagbag.py:587} INFO - Filling up the DagBag from /home/airflow/.local/lib/python3.12/site-packages/airflow/example_dags/example_python_operator.py
[2024-10-10T20:54:20.915+0000] {processor.py:925} INFO - DAG(s) 'example_python_operator' retrieved from /home/airflow/.local/lib/python3.12/site-packages/airflow/example_dags/example_python_operator.py
[2024-10-10T20:54:20.929+0000] {logging_mixin.py:190} INFO - [2024-10-10T20:54:20.929+0000] {dag.py:3229} INFO - Sync 1 DAGs
[2024-10-10T20:54:20.938+0000] {logging_mixin.py:190} INFO - [2024-10-10T20:54:20.938+0000] {dag.py:4156} INFO - Setting next_dagrun for example_python_operator to None, run_after=None
[2024-10-10T20:54:20.950+0000] {processor.py:208} INFO - Processing /home/airflow/.local/lib/python3.12/site-packages/airflow/example_dags/example_python_operator.py took 0.050 seconds
[2024-10-10T21:24:08.803+0000] {processor.py:186} INFO - Started process (PID=41473) to work on /home/airflow/.local/lib/python3.12/site-packages/airflow/example_dags/example_python_operator.py
[2024-10-10T21:24:08.804+0000] {processor.py:914} INFO - Processing file /home/airflow/.local/lib/python3.12/site-packages/airflow/example_dags/example_python_operator.py for tasks to queue
[2024-10-10T21:24:08.805+0000] {logging_mixin.py:190} INFO - [2024-10-10T21:24:08.804+0000] {dagbag.py:587} INFO - Filling up the DagBag from /home/airflow/.local/lib/python3.12/site-packages/airflow/example_dags/example_python_operator.py
[2024-10-10T21:24:08.811+0000] {processor.py:925} INFO - DAG(s) 'example_python_operator' retrieved from /home/airflow/.local/lib/python3.12/site-packages/airflow/example_dags/example_python_operator.py
[2024-10-10T21:24:08.827+0000] {logging_mixin.py:190} INFO - [2024-10-10T21:24:08.827+0000] {dag.py:3229} INFO - Sync 1 DAGs
[2024-10-10T21:24:08.836+0000] {logging_mixin.py:190} INFO - [2024-10-10T21:24:08.835+0000] {dag.py:4156} INFO - Setting next_dagrun for example_python_operator to None, run_after=None
[2024-10-10T21:24:08.851+0000] {processor.py:208} INFO - Processing /home/airflow/.local/lib/python3.12/site-packages/airflow/example_dags/example_python_operator.py took 0.051 seconds
[2024-10-10T21:24:39.399+0000] {processor.py:186} INFO - Started process (PID=41544) to work on /home/airflow/.local/lib/python3.12/site-packages/airflow/example_dags/example_python_operator.py
[2024-10-10T21:24:39.401+0000] {processor.py:914} INFO - Processing file /home/airflow/.local/lib/python3.12/site-packages/airflow/example_dags/example_python_operator.py for tasks to queue
[2024-10-10T21:24:39.402+0000] {logging_mixin.py:190} INFO - [2024-10-10T21:24:39.402+0000] {dagbag.py:587} INFO - Filling up the DagBag from /home/airflow/.local/lib/python3.12/site-packages/airflow/example_dags/example_python_operator.py
[2024-10-10T21:24:39.409+0000] {processor.py:925} INFO - DAG(s) 'example_python_operator' retrieved from /home/airflow/.local/lib/python3.12/site-packages/airflow/example_dags/example_python_operator.py
[2024-10-10T21:24:39.421+0000] {logging_mixin.py:190} INFO - [2024-10-10T21:24:39.421+0000] {dag.py:3229} INFO - Sync 1 DAGs
[2024-10-10T21:24:39.429+0000] {logging_mixin.py:190} INFO - [2024-10-10T21:24:39.429+0000] {dag.py:4156} INFO - Setting next_dagrun for example_python_operator to None, run_after=None
[2024-10-10T21:24:39.437+0000] {processor.py:208} INFO - Processing /home/airflow/.local/lib/python3.12/site-packages/airflow/example_dags/example_python_operator.py took 0.042 seconds
[2024-10-10T21:43:35.933+0000] {processor.py:186} INFO - Started process (PID=41615) to work on /home/airflow/.local/lib/python3.12/site-packages/airflow/example_dags/example_python_operator.py
[2024-10-10T21:43:35.934+0000] {processor.py:914} INFO - Processing file /home/airflow/.local/lib/python3.12/site-packages/airflow/example_dags/example_python_operator.py for tasks to queue
[2024-10-10T21:43:35.935+0000] {logging_mixin.py:190} INFO - [2024-10-10T21:43:35.935+0000] {dagbag.py:587} INFO - Filling up the DagBag from /home/airflow/.local/lib/python3.12/site-packages/airflow/example_dags/example_python_operator.py
[2024-10-10T21:43:35.946+0000] {processor.py:925} INFO - DAG(s) 'example_python_operator' retrieved from /home/airflow/.local/lib/python3.12/site-packages/airflow/example_dags/example_python_operator.py
[2024-10-10T21:43:35.970+0000] {logging_mixin.py:190} INFO - [2024-10-10T21:43:35.970+0000] {dag.py:3229} INFO - Sync 1 DAGs
[2024-10-10T21:43:35.984+0000] {logging_mixin.py:190} INFO - [2024-10-10T21:43:35.984+0000] {dag.py:4156} INFO - Setting next_dagrun for example_python_operator to None, run_after=None
[2024-10-10T21:43:35.997+0000] {processor.py:208} INFO - Processing /home/airflow/.local/lib/python3.12/site-packages/airflow/example_dags/example_python_operator.py took 0.068 seconds
[2024-10-10T22:17:48.679+0000] {processor.py:186} INFO - Started process (PID=41686) to work on /home/airflow/.local/lib/python3.12/site-packages/airflow/example_dags/example_python_operator.py
[2024-10-10T22:17:48.680+0000] {processor.py:914} INFO - Processing file /home/airflow/.local/lib/python3.12/site-packages/airflow/example_dags/example_python_operator.py for tasks to queue
[2024-10-10T22:17:48.685+0000] {logging_mixin.py:190} INFO - [2024-10-10T22:17:48.683+0000] {dagbag.py:587} INFO - Filling up the DagBag from /home/airflow/.local/lib/python3.12/site-packages/airflow/example_dags/example_python_operator.py
[2024-10-10T22:17:48.698+0000] {processor.py:925} INFO - DAG(s) 'example_python_operator' retrieved from /home/airflow/.local/lib/python3.12/site-packages/airflow/example_dags/example_python_operator.py
[2024-10-10T22:17:48.718+0000] {logging_mixin.py:190} INFO - [2024-10-10T22:17:48.718+0000] {dag.py:3229} INFO - Sync 1 DAGs
[2024-10-10T22:17:48.747+0000] {logging_mixin.py:190} INFO - [2024-10-10T22:17:48.747+0000] {dag.py:4156} INFO - Setting next_dagrun for example_python_operator to None, run_after=None
[2024-10-10T22:17:48.767+0000] {processor.py:208} INFO - Processing /home/airflow/.local/lib/python3.12/site-packages/airflow/example_dags/example_python_operator.py took 0.091 seconds
[2024-10-10T22:46:09.127+0000] {processor.py:186} INFO - Started process (PID=41757) to work on /home/airflow/.local/lib/python3.12/site-packages/airflow/example_dags/example_python_operator.py
[2024-10-10T22:46:09.129+0000] {processor.py:914} INFO - Processing file /home/airflow/.local/lib/python3.12/site-packages/airflow/example_dags/example_python_operator.py for tasks to queue
[2024-10-10T22:46:09.130+0000] {logging_mixin.py:190} INFO - [2024-10-10T22:46:09.130+0000] {dagbag.py:587} INFO - Filling up the DagBag from /home/airflow/.local/lib/python3.12/site-packages/airflow/example_dags/example_python_operator.py
[2024-10-10T22:46:09.140+0000] {processor.py:925} INFO - DAG(s) 'example_python_operator' retrieved from /home/airflow/.local/lib/python3.12/site-packages/airflow/example_dags/example_python_operator.py
[2024-10-10T22:46:09.156+0000] {logging_mixin.py:190} INFO - [2024-10-10T22:46:09.156+0000] {dag.py:3229} INFO - Sync 1 DAGs
[2024-10-10T22:46:09.165+0000] {logging_mixin.py:190} INFO - [2024-10-10T22:46:09.165+0000] {dag.py:4156} INFO - Setting next_dagrun for example_python_operator to None, run_after=None
[2024-10-10T22:46:09.178+0000] {processor.py:208} INFO - Processing /home/airflow/.local/lib/python3.12/site-packages/airflow/example_dags/example_python_operator.py took 0.055 seconds
[2024-10-10T23:26:19.742+0000] {processor.py:186} INFO - Started process (PID=41828) to work on /home/airflow/.local/lib/python3.12/site-packages/airflow/example_dags/example_python_operator.py
[2024-10-10T23:26:19.743+0000] {processor.py:914} INFO - Processing file /home/airflow/.local/lib/python3.12/site-packages/airflow/example_dags/example_python_operator.py for tasks to queue
[2024-10-10T23:26:19.744+0000] {logging_mixin.py:190} INFO - [2024-10-10T23:26:19.744+0000] {dagbag.py:587} INFO - Filling up the DagBag from /home/airflow/.local/lib/python3.12/site-packages/airflow/example_dags/example_python_operator.py
[2024-10-10T23:26:19.754+0000] {processor.py:925} INFO - DAG(s) 'example_python_operator' retrieved from /home/airflow/.local/lib/python3.12/site-packages/airflow/example_dags/example_python_operator.py
[2024-10-10T23:26:19.769+0000] {logging_mixin.py:190} INFO - [2024-10-10T23:26:19.769+0000] {dag.py:3229} INFO - Sync 1 DAGs
[2024-10-10T23:26:19.779+0000] {logging_mixin.py:190} INFO - [2024-10-10T23:26:19.779+0000] {dag.py:4156} INFO - Setting next_dagrun for example_python_operator to None, run_after=None
[2024-10-10T23:26:19.792+0000] {processor.py:208} INFO - Processing /home/airflow/.local/lib/python3.12/site-packages/airflow/example_dags/example_python_operator.py took 0.053 seconds
