[2024-10-10T00:11:41.004+0000] {processor.py:186} INFO - Started process (PID=38831) to work on /home/airflow/.local/lib/python3.12/site-packages/airflow/example_dags/example_python_decorator.py
[2024-10-10T00:11:41.007+0000] {processor.py:914} INFO - Processing file /home/airflow/.local/lib/python3.12/site-packages/airflow/example_dags/example_python_decorator.py for tasks to queue
[2024-10-10T00:11:41.009+0000] {logging_mixin.py:190} INFO - [2024-10-10T00:11:41.009+0000] {dagbag.py:587} INFO - Filling up the DagBag from /home/airflow/.local/lib/python3.12/site-packages/airflow/example_dags/example_python_decorator.py
[2024-10-10T00:11:41.022+0000] {processor.py:925} INFO - DAG(s) 'example_python_decorator' retrieved from /home/airflow/.local/lib/python3.12/site-packages/airflow/example_dags/example_python_decorator.py
[2024-10-10T00:11:41.036+0000] {logging_mixin.py:190} INFO - [2024-10-10T00:11:41.036+0000] {dag.py:3229} INFO - Sync 1 DAGs
[2024-10-10T00:11:41.044+0000] {logging_mixin.py:190} INFO - [2024-10-10T00:11:41.044+0000] {dag.py:4156} INFO - Setting next_dagrun for example_python_decorator to None, run_after=None
[2024-10-10T00:11:41.054+0000] {processor.py:208} INFO - Processing /home/airflow/.local/lib/python3.12/site-packages/airflow/example_dags/example_python_decorator.py took 0.058 seconds
[2024-10-10T01:18:07.780+0000] {processor.py:186} INFO - Started process (PID=38902) to work on /home/airflow/.local/lib/python3.12/site-packages/airflow/example_dags/example_python_decorator.py
[2024-10-10T01:18:07.781+0000] {processor.py:914} INFO - Processing file /home/airflow/.local/lib/python3.12/site-packages/airflow/example_dags/example_python_decorator.py for tasks to queue
[2024-10-10T01:18:07.781+0000] {logging_mixin.py:190} INFO - [2024-10-10T01:18:07.781+0000] {dagbag.py:587} INFO - Filling up the DagBag from /home/airflow/.local/lib/python3.12/site-packages/airflow/example_dags/example_python_decorator.py
[2024-10-10T01:18:07.788+0000] {processor.py:925} INFO - DAG(s) 'example_python_decorator' retrieved from /home/airflow/.local/lib/python3.12/site-packages/airflow/example_dags/example_python_decorator.py
[2024-10-10T01:18:07.805+0000] {logging_mixin.py:190} INFO - [2024-10-10T01:18:07.804+0000] {dag.py:3229} INFO - Sync 1 DAGs
[2024-10-10T01:18:07.813+0000] {logging_mixin.py:190} INFO - [2024-10-10T01:18:07.813+0000] {dag.py:4156} INFO - Setting next_dagrun for example_python_decorator to None, run_after=None
[2024-10-10T01:18:07.821+0000] {processor.py:208} INFO - Processing /home/airflow/.local/lib/python3.12/site-packages/airflow/example_dags/example_python_decorator.py took 0.045 seconds
[2024-10-10T01:52:17.492+0000] {processor.py:186} INFO - Started process (PID=38973) to work on /home/airflow/.local/lib/python3.12/site-packages/airflow/example_dags/example_python_decorator.py
[2024-10-10T01:52:17.496+0000] {processor.py:914} INFO - Processing file /home/airflow/.local/lib/python3.12/site-packages/airflow/example_dags/example_python_decorator.py for tasks to queue
[2024-10-10T01:52:17.497+0000] {logging_mixin.py:190} INFO - [2024-10-10T01:52:17.497+0000] {dagbag.py:587} INFO - Filling up the DagBag from /home/airflow/.local/lib/python3.12/site-packages/airflow/example_dags/example_python_decorator.py
[2024-10-10T01:52:17.505+0000] {processor.py:925} INFO - DAG(s) 'example_python_decorator' retrieved from /home/airflow/.local/lib/python3.12/site-packages/airflow/example_dags/example_python_decorator.py
[2024-10-10T01:52:17.526+0000] {logging_mixin.py:190} INFO - [2024-10-10T01:52:17.525+0000] {dag.py:3229} INFO - Sync 1 DAGs
[2024-10-10T01:52:17.538+0000] {logging_mixin.py:190} INFO - [2024-10-10T01:52:17.537+0000] {dag.py:4156} INFO - Setting next_dagrun for example_python_decorator to None, run_after=None
[2024-10-10T01:52:17.547+0000] {processor.py:208} INFO - Processing /home/airflow/.local/lib/python3.12/site-packages/airflow/example_dags/example_python_decorator.py took 0.058 seconds
[2024-10-10T02:19:09.714+0000] {processor.py:186} INFO - Started process (PID=39044) to work on /home/airflow/.local/lib/python3.12/site-packages/airflow/example_dags/example_python_decorator.py
[2024-10-10T02:19:09.717+0000] {processor.py:914} INFO - Processing file /home/airflow/.local/lib/python3.12/site-packages/airflow/example_dags/example_python_decorator.py for tasks to queue
[2024-10-10T02:19:09.717+0000] {logging_mixin.py:190} INFO - [2024-10-10T02:19:09.717+0000] {dagbag.py:587} INFO - Filling up the DagBag from /home/airflow/.local/lib/python3.12/site-packages/airflow/example_dags/example_python_decorator.py
[2024-10-10T02:19:09.727+0000] {processor.py:925} INFO - DAG(s) 'example_python_decorator' retrieved from /home/airflow/.local/lib/python3.12/site-packages/airflow/example_dags/example_python_decorator.py
[2024-10-10T02:19:09.742+0000] {logging_mixin.py:190} INFO - [2024-10-10T02:19:09.742+0000] {dag.py:3229} INFO - Sync 1 DAGs
[2024-10-10T02:19:09.749+0000] {logging_mixin.py:190} INFO - [2024-10-10T02:19:09.749+0000] {dag.py:4156} INFO - Setting next_dagrun for example_python_decorator to None, run_after=None
[2024-10-10T02:19:09.761+0000] {processor.py:208} INFO - Processing /home/airflow/.local/lib/python3.12/site-packages/airflow/example_dags/example_python_decorator.py took 0.050 seconds
[2024-10-10T03:09:34.826+0000] {processor.py:186} INFO - Started process (PID=39115) to work on /home/airflow/.local/lib/python3.12/site-packages/airflow/example_dags/example_python_decorator.py
[2024-10-10T03:09:34.827+0000] {processor.py:914} INFO - Processing file /home/airflow/.local/lib/python3.12/site-packages/airflow/example_dags/example_python_decorator.py for tasks to queue
[2024-10-10T03:09:34.828+0000] {logging_mixin.py:190} INFO - [2024-10-10T03:09:34.828+0000] {dagbag.py:587} INFO - Filling up the DagBag from /home/airflow/.local/lib/python3.12/site-packages/airflow/example_dags/example_python_decorator.py
[2024-10-10T03:09:34.837+0000] {processor.py:925} INFO - DAG(s) 'example_python_decorator' retrieved from /home/airflow/.local/lib/python3.12/site-packages/airflow/example_dags/example_python_decorator.py
[2024-10-10T03:09:34.850+0000] {logging_mixin.py:190} INFO - [2024-10-10T03:09:34.850+0000] {dag.py:3229} INFO - Sync 1 DAGs
[2024-10-10T03:09:34.858+0000] {logging_mixin.py:190} INFO - [2024-10-10T03:09:34.858+0000] {dag.py:4156} INFO - Setting next_dagrun for example_python_decorator to None, run_after=None
[2024-10-10T03:09:34.868+0000] {processor.py:208} INFO - Processing /home/airflow/.local/lib/python3.12/site-packages/airflow/example_dags/example_python_decorator.py took 0.046 seconds
[2024-10-10T03:56:57.484+0000] {processor.py:186} INFO - Started process (PID=39185) to work on /home/airflow/.local/lib/python3.12/site-packages/airflow/example_dags/example_python_decorator.py
[2024-10-10T03:56:57.486+0000] {processor.py:914} INFO - Processing file /home/airflow/.local/lib/python3.12/site-packages/airflow/example_dags/example_python_decorator.py for tasks to queue
[2024-10-10T03:56:57.487+0000] {logging_mixin.py:190} INFO - [2024-10-10T03:56:57.486+0000] {dagbag.py:587} INFO - Filling up the DagBag from /home/airflow/.local/lib/python3.12/site-packages/airflow/example_dags/example_python_decorator.py
[2024-10-10T03:56:57.496+0000] {processor.py:925} INFO - DAG(s) 'example_python_decorator' retrieved from /home/airflow/.local/lib/python3.12/site-packages/airflow/example_dags/example_python_decorator.py
[2024-10-10T03:56:57.510+0000] {logging_mixin.py:190} INFO - [2024-10-10T03:56:57.510+0000] {dag.py:3229} INFO - Sync 1 DAGs
[2024-10-10T03:56:57.519+0000] {logging_mixin.py:190} INFO - [2024-10-10T03:56:57.519+0000] {dag.py:4156} INFO - Setting next_dagrun for example_python_decorator to None, run_after=None
[2024-10-10T03:56:57.532+0000] {processor.py:208} INFO - Processing /home/airflow/.local/lib/python3.12/site-packages/airflow/example_dags/example_python_decorator.py took 0.051 seconds
[2024-10-10T04:21:11.918+0000] {processor.py:186} INFO - Started process (PID=39255) to work on /home/airflow/.local/lib/python3.12/site-packages/airflow/example_dags/example_python_decorator.py
[2024-10-10T04:21:11.919+0000] {processor.py:914} INFO - Processing file /home/airflow/.local/lib/python3.12/site-packages/airflow/example_dags/example_python_decorator.py for tasks to queue
[2024-10-10T04:21:11.919+0000] {logging_mixin.py:190} INFO - [2024-10-10T04:21:11.919+0000] {dagbag.py:587} INFO - Filling up the DagBag from /home/airflow/.local/lib/python3.12/site-packages/airflow/example_dags/example_python_decorator.py
[2024-10-10T04:21:11.929+0000] {processor.py:925} INFO - DAG(s) 'example_python_decorator' retrieved from /home/airflow/.local/lib/python3.12/site-packages/airflow/example_dags/example_python_decorator.py
[2024-10-10T04:21:11.945+0000] {logging_mixin.py:190} INFO - [2024-10-10T04:21:11.945+0000] {dag.py:3229} INFO - Sync 1 DAGs
[2024-10-10T04:21:11.954+0000] {logging_mixin.py:190} INFO - [2024-10-10T04:21:11.954+0000] {dag.py:4156} INFO - Setting next_dagrun for example_python_decorator to None, run_after=None
[2024-10-10T04:21:11.967+0000] {processor.py:208} INFO - Processing /home/airflow/.local/lib/python3.12/site-packages/airflow/example_dags/example_python_decorator.py took 0.053 seconds
[2024-10-10T05:14:24.893+0000] {processor.py:186} INFO - Started process (PID=39326) to work on /home/airflow/.local/lib/python3.12/site-packages/airflow/example_dags/example_python_decorator.py
[2024-10-10T05:14:24.895+0000] {processor.py:914} INFO - Processing file /home/airflow/.local/lib/python3.12/site-packages/airflow/example_dags/example_python_decorator.py for tasks to queue
[2024-10-10T05:14:24.896+0000] {logging_mixin.py:190} INFO - [2024-10-10T05:14:24.896+0000] {dagbag.py:587} INFO - Filling up the DagBag from /home/airflow/.local/lib/python3.12/site-packages/airflow/example_dags/example_python_decorator.py
[2024-10-10T05:14:24.912+0000] {processor.py:925} INFO - DAG(s) 'example_python_decorator' retrieved from /home/airflow/.local/lib/python3.12/site-packages/airflow/example_dags/example_python_decorator.py
[2024-10-10T05:14:24.927+0000] {logging_mixin.py:190} INFO - [2024-10-10T05:14:24.927+0000] {dag.py:3229} INFO - Sync 1 DAGs
[2024-10-10T05:14:24.934+0000] {logging_mixin.py:190} INFO - [2024-10-10T05:14:24.934+0000] {dag.py:4156} INFO - Setting next_dagrun for example_python_decorator to None, run_after=None
[2024-10-10T05:14:24.945+0000] {processor.py:208} INFO - Processing /home/airflow/.local/lib/python3.12/site-packages/airflow/example_dags/example_python_decorator.py took 0.056 seconds
[2024-10-10T05:47:21.503+0000] {processor.py:186} INFO - Started process (PID=39397) to work on /home/airflow/.local/lib/python3.12/site-packages/airflow/example_dags/example_python_decorator.py
[2024-10-10T05:47:21.504+0000] {processor.py:914} INFO - Processing file /home/airflow/.local/lib/python3.12/site-packages/airflow/example_dags/example_python_decorator.py for tasks to queue
[2024-10-10T05:47:21.506+0000] {logging_mixin.py:190} INFO - [2024-10-10T05:47:21.506+0000] {dagbag.py:587} INFO - Filling up the DagBag from /home/airflow/.local/lib/python3.12/site-packages/airflow/example_dags/example_python_decorator.py
[2024-10-10T05:47:21.514+0000] {processor.py:925} INFO - DAG(s) 'example_python_decorator' retrieved from /home/airflow/.local/lib/python3.12/site-packages/airflow/example_dags/example_python_decorator.py
[2024-10-10T05:47:21.551+0000] {logging_mixin.py:190} INFO - [2024-10-10T05:47:21.550+0000] {dag.py:3229} INFO - Sync 1 DAGs
[2024-10-10T05:47:21.613+0000] {logging_mixin.py:190} INFO - [2024-10-10T05:47:21.611+0000] {dag.py:4156} INFO - Setting next_dagrun for example_python_decorator to None, run_after=None
[2024-10-10T05:47:21.666+0000] {processor.py:208} INFO - Processing /home/airflow/.local/lib/python3.12/site-packages/airflow/example_dags/example_python_decorator.py took 0.168 seconds
[2024-10-10T06:39:41.937+0000] {processor.py:186} INFO - Started process (PID=39468) to work on /home/airflow/.local/lib/python3.12/site-packages/airflow/example_dags/example_python_decorator.py
[2024-10-10T06:39:41.938+0000] {processor.py:914} INFO - Processing file /home/airflow/.local/lib/python3.12/site-packages/airflow/example_dags/example_python_decorator.py for tasks to queue
[2024-10-10T06:39:41.938+0000] {logging_mixin.py:190} INFO - [2024-10-10T06:39:41.938+0000] {dagbag.py:587} INFO - Filling up the DagBag from /home/airflow/.local/lib/python3.12/site-packages/airflow/example_dags/example_python_decorator.py
[2024-10-10T06:39:41.948+0000] {processor.py:925} INFO - DAG(s) 'example_python_decorator' retrieved from /home/airflow/.local/lib/python3.12/site-packages/airflow/example_dags/example_python_decorator.py
[2024-10-10T06:39:41.962+0000] {logging_mixin.py:190} INFO - [2024-10-10T06:39:41.962+0000] {dag.py:3229} INFO - Sync 1 DAGs
[2024-10-10T06:39:41.969+0000] {logging_mixin.py:190} INFO - [2024-10-10T06:39:41.969+0000] {dag.py:4156} INFO - Setting next_dagrun for example_python_decorator to None, run_after=None
[2024-10-10T06:39:41.978+0000] {processor.py:208} INFO - Processing /home/airflow/.local/lib/python3.12/site-packages/airflow/example_dags/example_python_decorator.py took 0.044 seconds
[2024-10-10T07:11:24.450+0000] {processor.py:186} INFO - Started process (PID=39539) to work on /home/airflow/.local/lib/python3.12/site-packages/airflow/example_dags/example_python_decorator.py
[2024-10-10T07:11:24.454+0000] {processor.py:914} INFO - Processing file /home/airflow/.local/lib/python3.12/site-packages/airflow/example_dags/example_python_decorator.py for tasks to queue
[2024-10-10T07:11:24.455+0000] {logging_mixin.py:190} INFO - [2024-10-10T07:11:24.455+0000] {dagbag.py:587} INFO - Filling up the DagBag from /home/airflow/.local/lib/python3.12/site-packages/airflow/example_dags/example_python_decorator.py
[2024-10-10T07:11:24.463+0000] {processor.py:925} INFO - DAG(s) 'example_python_decorator' retrieved from /home/airflow/.local/lib/python3.12/site-packages/airflow/example_dags/example_python_decorator.py
[2024-10-10T07:11:24.474+0000] {logging_mixin.py:190} INFO - [2024-10-10T07:11:24.474+0000] {dag.py:3229} INFO - Sync 1 DAGs
[2024-10-10T07:11:24.480+0000] {logging_mixin.py:190} INFO - [2024-10-10T07:11:24.480+0000] {dag.py:4156} INFO - Setting next_dagrun for example_python_decorator to None, run_after=None
[2024-10-10T07:11:24.488+0000] {processor.py:208} INFO - Processing /home/airflow/.local/lib/python3.12/site-packages/airflow/example_dags/example_python_decorator.py took 0.042 seconds
[2024-10-10T07:39:18.653+0000] {processor.py:186} INFO - Started process (PID=39610) to work on /home/airflow/.local/lib/python3.12/site-packages/airflow/example_dags/example_python_decorator.py
[2024-10-10T07:39:18.653+0000] {processor.py:914} INFO - Processing file /home/airflow/.local/lib/python3.12/site-packages/airflow/example_dags/example_python_decorator.py for tasks to queue
[2024-10-10T07:39:18.654+0000] {logging_mixin.py:190} INFO - [2024-10-10T07:39:18.654+0000] {dagbag.py:587} INFO - Filling up the DagBag from /home/airflow/.local/lib/python3.12/site-packages/airflow/example_dags/example_python_decorator.py
[2024-10-10T07:39:18.661+0000] {processor.py:925} INFO - DAG(s) 'example_python_decorator' retrieved from /home/airflow/.local/lib/python3.12/site-packages/airflow/example_dags/example_python_decorator.py
[2024-10-10T07:39:18.678+0000] {logging_mixin.py:190} INFO - [2024-10-10T07:39:18.678+0000] {dag.py:3229} INFO - Sync 1 DAGs
[2024-10-10T07:39:18.684+0000] {logging_mixin.py:190} INFO - [2024-10-10T07:39:18.684+0000] {dag.py:4156} INFO - Setting next_dagrun for example_python_decorator to None, run_after=None
[2024-10-10T07:39:18.694+0000] {processor.py:208} INFO - Processing /home/airflow/.local/lib/python3.12/site-packages/airflow/example_dags/example_python_decorator.py took 0.044 seconds
[2024-10-10T08:02:59.279+0000] {processor.py:186} INFO - Started process (PID=39681) to work on /home/airflow/.local/lib/python3.12/site-packages/airflow/example_dags/example_python_decorator.py
[2024-10-10T08:02:59.280+0000] {processor.py:914} INFO - Processing file /home/airflow/.local/lib/python3.12/site-packages/airflow/example_dags/example_python_decorator.py for tasks to queue
[2024-10-10T08:02:59.281+0000] {logging_mixin.py:190} INFO - [2024-10-10T08:02:59.281+0000] {dagbag.py:587} INFO - Filling up the DagBag from /home/airflow/.local/lib/python3.12/site-packages/airflow/example_dags/example_python_decorator.py
[2024-10-10T08:02:59.291+0000] {processor.py:925} INFO - DAG(s) 'example_python_decorator' retrieved from /home/airflow/.local/lib/python3.12/site-packages/airflow/example_dags/example_python_decorator.py
[2024-10-10T08:02:59.305+0000] {logging_mixin.py:190} INFO - [2024-10-10T08:02:59.304+0000] {dag.py:3229} INFO - Sync 1 DAGs
[2024-10-10T08:02:59.313+0000] {logging_mixin.py:190} INFO - [2024-10-10T08:02:59.313+0000] {dag.py:4156} INFO - Setting next_dagrun for example_python_decorator to None, run_after=None
[2024-10-10T08:02:59.328+0000] {processor.py:208} INFO - Processing /home/airflow/.local/lib/python3.12/site-packages/airflow/example_dags/example_python_decorator.py took 0.053 seconds
[2024-10-10T08:12:05.225+0000] {processor.py:186} INFO - Started process (PID=39752) to work on /home/airflow/.local/lib/python3.12/site-packages/airflow/example_dags/example_python_decorator.py
[2024-10-10T08:12:05.226+0000] {processor.py:914} INFO - Processing file /home/airflow/.local/lib/python3.12/site-packages/airflow/example_dags/example_python_decorator.py for tasks to queue
[2024-10-10T08:12:05.227+0000] {logging_mixin.py:190} INFO - [2024-10-10T08:12:05.227+0000] {dagbag.py:587} INFO - Filling up the DagBag from /home/airflow/.local/lib/python3.12/site-packages/airflow/example_dags/example_python_decorator.py
[2024-10-10T08:12:05.234+0000] {processor.py:925} INFO - DAG(s) 'example_python_decorator' retrieved from /home/airflow/.local/lib/python3.12/site-packages/airflow/example_dags/example_python_decorator.py
[2024-10-10T08:12:05.252+0000] {logging_mixin.py:190} INFO - [2024-10-10T08:12:05.252+0000] {dag.py:3229} INFO - Sync 1 DAGs
[2024-10-10T08:12:05.260+0000] {logging_mixin.py:190} INFO - [2024-10-10T08:12:05.260+0000] {dag.py:4156} INFO - Setting next_dagrun for example_python_decorator to None, run_after=None
[2024-10-10T08:12:05.271+0000] {processor.py:208} INFO - Processing /home/airflow/.local/lib/python3.12/site-packages/airflow/example_dags/example_python_decorator.py took 0.049 seconds
[2024-10-10T08:24:33.411+0000] {processor.py:186} INFO - Started process (PID=39822) to work on /home/airflow/.local/lib/python3.12/site-packages/airflow/example_dags/example_python_decorator.py
[2024-10-10T08:24:33.412+0000] {processor.py:914} INFO - Processing file /home/airflow/.local/lib/python3.12/site-packages/airflow/example_dags/example_python_decorator.py for tasks to queue
[2024-10-10T08:24:33.413+0000] {logging_mixin.py:190} INFO - [2024-10-10T08:24:33.413+0000] {dagbag.py:587} INFO - Filling up the DagBag from /home/airflow/.local/lib/python3.12/site-packages/airflow/example_dags/example_python_decorator.py
[2024-10-10T08:24:33.422+0000] {processor.py:925} INFO - DAG(s) 'example_python_decorator' retrieved from /home/airflow/.local/lib/python3.12/site-packages/airflow/example_dags/example_python_decorator.py
[2024-10-10T08:24:33.441+0000] {logging_mixin.py:190} INFO - [2024-10-10T08:24:33.441+0000] {dag.py:3229} INFO - Sync 1 DAGs
[2024-10-10T08:24:33.453+0000] {logging_mixin.py:190} INFO - [2024-10-10T08:24:33.453+0000] {dag.py:4156} INFO - Setting next_dagrun for example_python_decorator to None, run_after=None
[2024-10-10T08:24:33.469+0000] {processor.py:208} INFO - Processing /home/airflow/.local/lib/python3.12/site-packages/airflow/example_dags/example_python_decorator.py took 0.064 seconds
[2024-10-10T08:25:04.225+0000] {processor.py:186} INFO - Started process (PID=39894) to work on /home/airflow/.local/lib/python3.12/site-packages/airflow/example_dags/example_python_decorator.py
[2024-10-10T08:25:04.225+0000] {processor.py:914} INFO - Processing file /home/airflow/.local/lib/python3.12/site-packages/airflow/example_dags/example_python_decorator.py for tasks to queue
[2024-10-10T08:25:04.226+0000] {logging_mixin.py:190} INFO - [2024-10-10T08:25:04.226+0000] {dagbag.py:587} INFO - Filling up the DagBag from /home/airflow/.local/lib/python3.12/site-packages/airflow/example_dags/example_python_decorator.py
[2024-10-10T08:25:04.233+0000] {processor.py:925} INFO - DAG(s) 'example_python_decorator' retrieved from /home/airflow/.local/lib/python3.12/site-packages/airflow/example_dags/example_python_decorator.py
[2024-10-10T08:25:04.243+0000] {logging_mixin.py:190} INFO - [2024-10-10T08:25:04.243+0000] {dag.py:3229} INFO - Sync 1 DAGs
[2024-10-10T08:25:04.291+0000] {logging_mixin.py:190} INFO - [2024-10-10T08:25:04.291+0000] {dag.py:4156} INFO - Setting next_dagrun for example_python_decorator to None, run_after=None
[2024-10-10T08:25:04.299+0000] {processor.py:208} INFO - Processing /home/airflow/.local/lib/python3.12/site-packages/airflow/example_dags/example_python_decorator.py took 0.077 seconds
[2024-10-10T09:14:57.848+0000] {processor.py:186} INFO - Started process (PID=39965) to work on /home/airflow/.local/lib/python3.12/site-packages/airflow/example_dags/example_python_decorator.py
[2024-10-10T09:14:57.849+0000] {processor.py:914} INFO - Processing file /home/airflow/.local/lib/python3.12/site-packages/airflow/example_dags/example_python_decorator.py for tasks to queue
[2024-10-10T09:14:57.849+0000] {logging_mixin.py:190} INFO - [2024-10-10T09:14:57.849+0000] {dagbag.py:587} INFO - Filling up the DagBag from /home/airflow/.local/lib/python3.12/site-packages/airflow/example_dags/example_python_decorator.py
[2024-10-10T09:14:57.857+0000] {processor.py:925} INFO - DAG(s) 'example_python_decorator' retrieved from /home/airflow/.local/lib/python3.12/site-packages/airflow/example_dags/example_python_decorator.py
[2024-10-10T09:14:57.869+0000] {logging_mixin.py:190} INFO - [2024-10-10T09:14:57.869+0000] {dag.py:3229} INFO - Sync 1 DAGs
[2024-10-10T09:14:57.876+0000] {logging_mixin.py:190} INFO - [2024-10-10T09:14:57.876+0000] {dag.py:4156} INFO - Setting next_dagrun for example_python_decorator to None, run_after=None
[2024-10-10T09:14:57.886+0000] {processor.py:208} INFO - Processing /home/airflow/.local/lib/python3.12/site-packages/airflow/example_dags/example_python_decorator.py took 0.040 seconds
[2024-10-10T10:21:18.301+0000] {processor.py:186} INFO - Started process (PID=40036) to work on /home/airflow/.local/lib/python3.12/site-packages/airflow/example_dags/example_python_decorator.py
[2024-10-10T10:21:18.302+0000] {processor.py:914} INFO - Processing file /home/airflow/.local/lib/python3.12/site-packages/airflow/example_dags/example_python_decorator.py for tasks to queue
[2024-10-10T10:21:18.302+0000] {logging_mixin.py:190} INFO - [2024-10-10T10:21:18.302+0000] {dagbag.py:587} INFO - Filling up the DagBag from /home/airflow/.local/lib/python3.12/site-packages/airflow/example_dags/example_python_decorator.py
[2024-10-10T10:21:18.309+0000] {processor.py:925} INFO - DAG(s) 'example_python_decorator' retrieved from /home/airflow/.local/lib/python3.12/site-packages/airflow/example_dags/example_python_decorator.py
[2024-10-10T10:21:18.322+0000] {logging_mixin.py:190} INFO - [2024-10-10T10:21:18.322+0000] {dag.py:3229} INFO - Sync 1 DAGs
[2024-10-10T10:21:18.332+0000] {logging_mixin.py:190} INFO - [2024-10-10T10:21:18.332+0000] {dag.py:4156} INFO - Setting next_dagrun for example_python_decorator to None, run_after=None
[2024-10-10T10:21:18.344+0000] {processor.py:208} INFO - Processing /home/airflow/.local/lib/python3.12/site-packages/airflow/example_dags/example_python_decorator.py took 0.047 seconds
[2024-10-10T10:44:15.192+0000] {processor.py:186} INFO - Started process (PID=40107) to work on /home/airflow/.local/lib/python3.12/site-packages/airflow/example_dags/example_python_decorator.py
[2024-10-10T10:44:15.193+0000] {processor.py:914} INFO - Processing file /home/airflow/.local/lib/python3.12/site-packages/airflow/example_dags/example_python_decorator.py for tasks to queue
[2024-10-10T10:44:15.194+0000] {logging_mixin.py:190} INFO - [2024-10-10T10:44:15.194+0000] {dagbag.py:587} INFO - Filling up the DagBag from /home/airflow/.local/lib/python3.12/site-packages/airflow/example_dags/example_python_decorator.py
[2024-10-10T10:44:15.201+0000] {processor.py:925} INFO - DAG(s) 'example_python_decorator' retrieved from /home/airflow/.local/lib/python3.12/site-packages/airflow/example_dags/example_python_decorator.py
[2024-10-10T10:44:15.213+0000] {logging_mixin.py:190} INFO - [2024-10-10T10:44:15.213+0000] {dag.py:3229} INFO - Sync 1 DAGs
[2024-10-10T10:44:15.220+0000] {logging_mixin.py:190} INFO - [2024-10-10T10:44:15.220+0000] {dag.py:4156} INFO - Setting next_dagrun for example_python_decorator to None, run_after=None
[2024-10-10T10:44:15.232+0000] {processor.py:208} INFO - Processing /home/airflow/.local/lib/python3.12/site-packages/airflow/example_dags/example_python_decorator.py took 0.043 seconds
[2024-10-10T11:15:57.634+0000] {processor.py:186} INFO - Started process (PID=40178) to work on /home/airflow/.local/lib/python3.12/site-packages/airflow/example_dags/example_python_decorator.py
[2024-10-10T11:15:57.637+0000] {processor.py:914} INFO - Processing file /home/airflow/.local/lib/python3.12/site-packages/airflow/example_dags/example_python_decorator.py for tasks to queue
[2024-10-10T11:15:57.638+0000] {logging_mixin.py:190} INFO - [2024-10-10T11:15:57.638+0000] {dagbag.py:587} INFO - Filling up the DagBag from /home/airflow/.local/lib/python3.12/site-packages/airflow/example_dags/example_python_decorator.py
[2024-10-10T11:15:57.647+0000] {processor.py:925} INFO - DAG(s) 'example_python_decorator' retrieved from /home/airflow/.local/lib/python3.12/site-packages/airflow/example_dags/example_python_decorator.py
[2024-10-10T11:15:57.658+0000] {logging_mixin.py:190} INFO - [2024-10-10T11:15:57.658+0000] {dag.py:3229} INFO - Sync 1 DAGs
[2024-10-10T11:15:57.666+0000] {logging_mixin.py:190} INFO - [2024-10-10T11:15:57.665+0000] {dag.py:4156} INFO - Setting next_dagrun for example_python_decorator to None, run_after=None
[2024-10-10T11:15:57.674+0000] {processor.py:208} INFO - Processing /home/airflow/.local/lib/python3.12/site-packages/airflow/example_dags/example_python_decorator.py took 0.044 seconds
[2024-10-10T11:16:28.345+0000] {processor.py:186} INFO - Started process (PID=40249) to work on /home/airflow/.local/lib/python3.12/site-packages/airflow/example_dags/example_python_decorator.py
[2024-10-10T11:16:28.346+0000] {processor.py:914} INFO - Processing file /home/airflow/.local/lib/python3.12/site-packages/airflow/example_dags/example_python_decorator.py for tasks to queue
[2024-10-10T11:16:28.347+0000] {logging_mixin.py:190} INFO - [2024-10-10T11:16:28.346+0000] {dagbag.py:587} INFO - Filling up the DagBag from /home/airflow/.local/lib/python3.12/site-packages/airflow/example_dags/example_python_decorator.py
[2024-10-10T11:16:28.354+0000] {processor.py:925} INFO - DAG(s) 'example_python_decorator' retrieved from /home/airflow/.local/lib/python3.12/site-packages/airflow/example_dags/example_python_decorator.py
[2024-10-10T11:16:28.367+0000] {logging_mixin.py:190} INFO - [2024-10-10T11:16:28.367+0000] {dag.py:3229} INFO - Sync 1 DAGs
[2024-10-10T11:16:28.376+0000] {logging_mixin.py:190} INFO - [2024-10-10T11:16:28.376+0000] {dag.py:4156} INFO - Setting next_dagrun for example_python_decorator to None, run_after=None
[2024-10-10T11:16:28.384+0000] {processor.py:208} INFO - Processing /home/airflow/.local/lib/python3.12/site-packages/airflow/example_dags/example_python_decorator.py took 0.042 seconds
[2024-10-10T12:21:22.001+0000] {processor.py:186} INFO - Started process (PID=40320) to work on /home/airflow/.local/lib/python3.12/site-packages/airflow/example_dags/example_python_decorator.py
[2024-10-10T12:21:22.004+0000] {processor.py:914} INFO - Processing file /home/airflow/.local/lib/python3.12/site-packages/airflow/example_dags/example_python_decorator.py for tasks to queue
[2024-10-10T12:21:22.004+0000] {logging_mixin.py:190} INFO - [2024-10-10T12:21:22.004+0000] {dagbag.py:587} INFO - Filling up the DagBag from /home/airflow/.local/lib/python3.12/site-packages/airflow/example_dags/example_python_decorator.py
[2024-10-10T12:21:22.015+0000] {processor.py:925} INFO - DAG(s) 'example_python_decorator' retrieved from /home/airflow/.local/lib/python3.12/site-packages/airflow/example_dags/example_python_decorator.py
[2024-10-10T12:21:22.032+0000] {logging_mixin.py:190} INFO - [2024-10-10T12:21:22.031+0000] {dag.py:3229} INFO - Sync 1 DAGs
[2024-10-10T12:21:22.042+0000] {logging_mixin.py:190} INFO - [2024-10-10T12:21:22.042+0000] {dag.py:4156} INFO - Setting next_dagrun for example_python_decorator to None, run_after=None
[2024-10-10T12:21:22.056+0000] {processor.py:208} INFO - Processing /home/airflow/.local/lib/python3.12/site-packages/airflow/example_dags/example_python_decorator.py took 0.059 seconds
[2024-10-10T12:50:52.050+0000] {processor.py:186} INFO - Started process (PID=40390) to work on /home/airflow/.local/lib/python3.12/site-packages/airflow/example_dags/example_python_decorator.py
[2024-10-10T12:50:52.051+0000] {processor.py:914} INFO - Processing file /home/airflow/.local/lib/python3.12/site-packages/airflow/example_dags/example_python_decorator.py for tasks to queue
[2024-10-10T12:50:52.052+0000] {logging_mixin.py:190} INFO - [2024-10-10T12:50:52.052+0000] {dagbag.py:587} INFO - Filling up the DagBag from /home/airflow/.local/lib/python3.12/site-packages/airflow/example_dags/example_python_decorator.py
[2024-10-10T12:50:52.073+0000] {processor.py:925} INFO - DAG(s) 'example_python_decorator' retrieved from /home/airflow/.local/lib/python3.12/site-packages/airflow/example_dags/example_python_decorator.py
[2024-10-10T12:50:52.093+0000] {logging_mixin.py:190} INFO - [2024-10-10T12:50:52.093+0000] {dag.py:3229} INFO - Sync 1 DAGs
[2024-10-10T12:50:52.101+0000] {logging_mixin.py:190} INFO - [2024-10-10T12:50:52.101+0000] {dag.py:4156} INFO - Setting next_dagrun for example_python_decorator to None, run_after=None
[2024-10-10T12:50:52.110+0000] {processor.py:208} INFO - Processing /home/airflow/.local/lib/python3.12/site-packages/airflow/example_dags/example_python_decorator.py took 0.064 seconds
[2024-10-10T13:08:18.748+0000] {processor.py:186} INFO - Started process (PID=40461) to work on /home/airflow/.local/lib/python3.12/site-packages/airflow/example_dags/example_python_decorator.py
[2024-10-10T13:08:18.750+0000] {processor.py:914} INFO - Processing file /home/airflow/.local/lib/python3.12/site-packages/airflow/example_dags/example_python_decorator.py for tasks to queue
[2024-10-10T13:08:18.751+0000] {logging_mixin.py:190} INFO - [2024-10-10T13:08:18.751+0000] {dagbag.py:587} INFO - Filling up the DagBag from /home/airflow/.local/lib/python3.12/site-packages/airflow/example_dags/example_python_decorator.py
[2024-10-10T13:08:18.758+0000] {processor.py:925} INFO - DAG(s) 'example_python_decorator' retrieved from /home/airflow/.local/lib/python3.12/site-packages/airflow/example_dags/example_python_decorator.py
[2024-10-10T13:08:18.770+0000] {logging_mixin.py:190} INFO - [2024-10-10T13:08:18.770+0000] {dag.py:3229} INFO - Sync 1 DAGs
[2024-10-10T13:08:18.777+0000] {logging_mixin.py:190} INFO - [2024-10-10T13:08:18.776+0000] {dag.py:4156} INFO - Setting next_dagrun for example_python_decorator to None, run_after=None
[2024-10-10T13:08:18.784+0000] {processor.py:208} INFO - Processing /home/airflow/.local/lib/python3.12/site-packages/airflow/example_dags/example_python_decorator.py took 0.039 seconds
[2024-10-10T13:51:03.007+0000] {processor.py:186} INFO - Started process (PID=40532) to work on /home/airflow/.local/lib/python3.12/site-packages/airflow/example_dags/example_python_decorator.py
[2024-10-10T13:51:03.009+0000] {processor.py:914} INFO - Processing file /home/airflow/.local/lib/python3.12/site-packages/airflow/example_dags/example_python_decorator.py for tasks to queue
[2024-10-10T13:51:03.010+0000] {logging_mixin.py:190} INFO - [2024-10-10T13:51:03.010+0000] {dagbag.py:587} INFO - Filling up the DagBag from /home/airflow/.local/lib/python3.12/site-packages/airflow/example_dags/example_python_decorator.py
[2024-10-10T13:51:03.022+0000] {processor.py:925} INFO - DAG(s) 'example_python_decorator' retrieved from /home/airflow/.local/lib/python3.12/site-packages/airflow/example_dags/example_python_decorator.py
[2024-10-10T13:51:03.036+0000] {logging_mixin.py:190} INFO - [2024-10-10T13:51:03.036+0000] {dag.py:3229} INFO - Sync 1 DAGs
[2024-10-10T13:51:03.044+0000] {logging_mixin.py:190} INFO - [2024-10-10T13:51:03.044+0000] {dag.py:4156} INFO - Setting next_dagrun for example_python_decorator to None, run_after=None
[2024-10-10T13:51:03.051+0000] {processor.py:208} INFO - Processing /home/airflow/.local/lib/python3.12/site-packages/airflow/example_dags/example_python_decorator.py took 0.048 seconds
[2024-10-10T14:18:17.041+0000] {processor.py:186} INFO - Started process (PID=40603) to work on /home/airflow/.local/lib/python3.12/site-packages/airflow/example_dags/example_python_decorator.py
[2024-10-10T14:18:17.042+0000] {processor.py:914} INFO - Processing file /home/airflow/.local/lib/python3.12/site-packages/airflow/example_dags/example_python_decorator.py for tasks to queue
[2024-10-10T14:18:17.043+0000] {logging_mixin.py:190} INFO - [2024-10-10T14:18:17.043+0000] {dagbag.py:587} INFO - Filling up the DagBag from /home/airflow/.local/lib/python3.12/site-packages/airflow/example_dags/example_python_decorator.py
[2024-10-10T14:18:17.052+0000] {processor.py:925} INFO - DAG(s) 'example_python_decorator' retrieved from /home/airflow/.local/lib/python3.12/site-packages/airflow/example_dags/example_python_decorator.py
[2024-10-10T14:18:17.066+0000] {logging_mixin.py:190} INFO - [2024-10-10T14:18:17.066+0000] {dag.py:3229} INFO - Sync 1 DAGs
[2024-10-10T14:18:17.073+0000] {logging_mixin.py:190} INFO - [2024-10-10T14:18:17.073+0000] {dag.py:4156} INFO - Setting next_dagrun for example_python_decorator to None, run_after=None
[2024-10-10T14:18:17.081+0000] {processor.py:208} INFO - Processing /home/airflow/.local/lib/python3.12/site-packages/airflow/example_dags/example_python_decorator.py took 0.042 seconds
[2024-10-10T14:50:16.420+0000] {processor.py:186} INFO - Started process (PID=40674) to work on /home/airflow/.local/lib/python3.12/site-packages/airflow/example_dags/example_python_decorator.py
[2024-10-10T14:50:16.420+0000] {processor.py:914} INFO - Processing file /home/airflow/.local/lib/python3.12/site-packages/airflow/example_dags/example_python_decorator.py for tasks to queue
[2024-10-10T14:50:16.421+0000] {logging_mixin.py:190} INFO - [2024-10-10T14:50:16.421+0000] {dagbag.py:587} INFO - Filling up the DagBag from /home/airflow/.local/lib/python3.12/site-packages/airflow/example_dags/example_python_decorator.py
[2024-10-10T14:50:16.428+0000] {processor.py:925} INFO - DAG(s) 'example_python_decorator' retrieved from /home/airflow/.local/lib/python3.12/site-packages/airflow/example_dags/example_python_decorator.py
[2024-10-10T14:50:16.446+0000] {logging_mixin.py:190} INFO - [2024-10-10T14:50:16.445+0000] {dag.py:3229} INFO - Sync 1 DAGs
[2024-10-10T14:50:16.457+0000] {logging_mixin.py:190} INFO - [2024-10-10T14:50:16.457+0000] {dag.py:4156} INFO - Setting next_dagrun for example_python_decorator to None, run_after=None
[2024-10-10T14:50:16.464+0000] {processor.py:208} INFO - Processing /home/airflow/.local/lib/python3.12/site-packages/airflow/example_dags/example_python_decorator.py took 0.047 seconds
[2024-10-10T15:19:01.803+0000] {processor.py:186} INFO - Started process (PID=40745) to work on /home/airflow/.local/lib/python3.12/site-packages/airflow/example_dags/example_python_decorator.py
[2024-10-10T15:19:01.804+0000] {processor.py:914} INFO - Processing file /home/airflow/.local/lib/python3.12/site-packages/airflow/example_dags/example_python_decorator.py for tasks to queue
[2024-10-10T15:19:01.805+0000] {logging_mixin.py:190} INFO - [2024-10-10T15:19:01.805+0000] {dagbag.py:587} INFO - Filling up the DagBag from /home/airflow/.local/lib/python3.12/site-packages/airflow/example_dags/example_python_decorator.py
[2024-10-10T15:19:01.814+0000] {processor.py:925} INFO - DAG(s) 'example_python_decorator' retrieved from /home/airflow/.local/lib/python3.12/site-packages/airflow/example_dags/example_python_decorator.py
[2024-10-10T15:19:01.824+0000] {logging_mixin.py:190} INFO - [2024-10-10T15:19:01.824+0000] {dag.py:3229} INFO - Sync 1 DAGs
[2024-10-10T15:19:01.831+0000] {logging_mixin.py:190} INFO - [2024-10-10T15:19:01.831+0000] {dag.py:4156} INFO - Setting next_dagrun for example_python_decorator to None, run_after=None
[2024-10-10T15:19:01.839+0000] {processor.py:208} INFO - Processing /home/airflow/.local/lib/python3.12/site-packages/airflow/example_dags/example_python_decorator.py took 0.039 seconds
[2024-10-10T15:50:08.860+0000] {processor.py:186} INFO - Started process (PID=40816) to work on /home/airflow/.local/lib/python3.12/site-packages/airflow/example_dags/example_python_decorator.py
[2024-10-10T15:50:08.861+0000] {processor.py:914} INFO - Processing file /home/airflow/.local/lib/python3.12/site-packages/airflow/example_dags/example_python_decorator.py for tasks to queue
[2024-10-10T15:50:08.861+0000] {logging_mixin.py:190} INFO - [2024-10-10T15:50:08.861+0000] {dagbag.py:587} INFO - Filling up the DagBag from /home/airflow/.local/lib/python3.12/site-packages/airflow/example_dags/example_python_decorator.py
[2024-10-10T15:50:08.869+0000] {processor.py:925} INFO - DAG(s) 'example_python_decorator' retrieved from /home/airflow/.local/lib/python3.12/site-packages/airflow/example_dags/example_python_decorator.py
[2024-10-10T15:50:08.878+0000] {logging_mixin.py:190} INFO - [2024-10-10T15:50:08.878+0000] {dag.py:3229} INFO - Sync 1 DAGs
[2024-10-10T15:50:08.884+0000] {logging_mixin.py:190} INFO - [2024-10-10T15:50:08.884+0000] {dag.py:4156} INFO - Setting next_dagrun for example_python_decorator to None, run_after=None
[2024-10-10T15:50:08.891+0000] {processor.py:208} INFO - Processing /home/airflow/.local/lib/python3.12/site-packages/airflow/example_dags/example_python_decorator.py took 0.034 seconds
[2024-10-10T16:36:37.519+0000] {processor.py:186} INFO - Started process (PID=40887) to work on /home/airflow/.local/lib/python3.12/site-packages/airflow/example_dags/example_python_decorator.py
[2024-10-10T16:36:37.521+0000] {processor.py:914} INFO - Processing file /home/airflow/.local/lib/python3.12/site-packages/airflow/example_dags/example_python_decorator.py for tasks to queue
[2024-10-10T16:36:37.523+0000] {logging_mixin.py:190} INFO - [2024-10-10T16:36:37.522+0000] {dagbag.py:587} INFO - Filling up the DagBag from /home/airflow/.local/lib/python3.12/site-packages/airflow/example_dags/example_python_decorator.py
[2024-10-10T16:36:37.540+0000] {processor.py:925} INFO - DAG(s) 'example_python_decorator' retrieved from /home/airflow/.local/lib/python3.12/site-packages/airflow/example_dags/example_python_decorator.py
[2024-10-10T16:36:37.579+0000] {logging_mixin.py:190} INFO - [2024-10-10T16:36:37.579+0000] {dag.py:3229} INFO - Sync 1 DAGs
[2024-10-10T16:36:37.591+0000] {logging_mixin.py:190} INFO - [2024-10-10T16:36:37.591+0000] {dag.py:4156} INFO - Setting next_dagrun for example_python_decorator to None, run_after=None
[2024-10-10T16:36:37.605+0000] {processor.py:208} INFO - Processing /home/airflow/.local/lib/python3.12/site-packages/airflow/example_dags/example_python_decorator.py took 0.100 seconds
[2024-10-10T16:45:45.686+0000] {processor.py:186} INFO - Started process (PID=40958) to work on /home/airflow/.local/lib/python3.12/site-packages/airflow/example_dags/example_python_decorator.py
[2024-10-10T16:45:45.690+0000] {processor.py:914} INFO - Processing file /home/airflow/.local/lib/python3.12/site-packages/airflow/example_dags/example_python_decorator.py for tasks to queue
[2024-10-10T16:45:45.701+0000] {logging_mixin.py:190} INFO - [2024-10-10T16:45:45.700+0000] {dagbag.py:587} INFO - Filling up the DagBag from /home/airflow/.local/lib/python3.12/site-packages/airflow/example_dags/example_python_decorator.py
[2024-10-10T16:45:45.739+0000] {processor.py:925} INFO - DAG(s) 'example_python_decorator' retrieved from /home/airflow/.local/lib/python3.12/site-packages/airflow/example_dags/example_python_decorator.py
[2024-10-10T16:45:45.783+0000] {logging_mixin.py:190} INFO - [2024-10-10T16:45:45.783+0000] {dag.py:3229} INFO - Sync 1 DAGs
[2024-10-10T16:45:45.807+0000] {logging_mixin.py:190} INFO - [2024-10-10T16:45:45.807+0000] {dag.py:4156} INFO - Setting next_dagrun for example_python_decorator to None, run_after=None
[2024-10-10T16:45:45.824+0000] {processor.py:208} INFO - Processing /home/airflow/.local/lib/python3.12/site-packages/airflow/example_dags/example_python_decorator.py took 0.147 seconds
[2024-10-10T17:20:01.216+0000] {processor.py:186} INFO - Started process (PID=41028) to work on /home/airflow/.local/lib/python3.12/site-packages/airflow/example_dags/example_python_decorator.py
[2024-10-10T17:20:01.218+0000] {processor.py:914} INFO - Processing file /home/airflow/.local/lib/python3.12/site-packages/airflow/example_dags/example_python_decorator.py for tasks to queue
[2024-10-10T17:20:01.218+0000] {logging_mixin.py:190} INFO - [2024-10-10T17:20:01.218+0000] {dagbag.py:587} INFO - Filling up the DagBag from /home/airflow/.local/lib/python3.12/site-packages/airflow/example_dags/example_python_decorator.py
[2024-10-10T17:20:01.228+0000] {processor.py:925} INFO - DAG(s) 'example_python_decorator' retrieved from /home/airflow/.local/lib/python3.12/site-packages/airflow/example_dags/example_python_decorator.py
[2024-10-10T17:20:01.242+0000] {logging_mixin.py:190} INFO - [2024-10-10T17:20:01.242+0000] {dag.py:3229} INFO - Sync 1 DAGs
[2024-10-10T17:20:01.249+0000] {logging_mixin.py:190} INFO - [2024-10-10T17:20:01.249+0000] {dag.py:4156} INFO - Setting next_dagrun for example_python_decorator to None, run_after=None
[2024-10-10T17:20:01.257+0000] {processor.py:208} INFO - Processing /home/airflow/.local/lib/python3.12/site-packages/airflow/example_dags/example_python_decorator.py took 0.045 seconds
[2024-10-10T18:21:01.075+0000] {processor.py:186} INFO - Started process (PID=41099) to work on /home/airflow/.local/lib/python3.12/site-packages/airflow/example_dags/example_python_decorator.py
[2024-10-10T18:21:01.077+0000] {processor.py:914} INFO - Processing file /home/airflow/.local/lib/python3.12/site-packages/airflow/example_dags/example_python_decorator.py for tasks to queue
[2024-10-10T18:21:01.077+0000] {logging_mixin.py:190} INFO - [2024-10-10T18:21:01.077+0000] {dagbag.py:587} INFO - Filling up the DagBag from /home/airflow/.local/lib/python3.12/site-packages/airflow/example_dags/example_python_decorator.py
[2024-10-10T18:21:01.085+0000] {processor.py:925} INFO - DAG(s) 'example_python_decorator' retrieved from /home/airflow/.local/lib/python3.12/site-packages/airflow/example_dags/example_python_decorator.py
[2024-10-10T18:21:01.097+0000] {logging_mixin.py:190} INFO - [2024-10-10T18:21:01.097+0000] {dag.py:3229} INFO - Sync 1 DAGs
[2024-10-10T18:21:01.106+0000] {logging_mixin.py:190} INFO - [2024-10-10T18:21:01.105+0000] {dag.py:4156} INFO - Setting next_dagrun for example_python_decorator to None, run_after=None
[2024-10-10T18:21:01.114+0000] {processor.py:208} INFO - Processing /home/airflow/.local/lib/python3.12/site-packages/airflow/example_dags/example_python_decorator.py took 0.042 seconds
[2024-10-10T18:38:26.426+0000] {processor.py:186} INFO - Started process (PID=41170) to work on /home/airflow/.local/lib/python3.12/site-packages/airflow/example_dags/example_python_decorator.py
[2024-10-10T18:38:26.428+0000] {processor.py:914} INFO - Processing file /home/airflow/.local/lib/python3.12/site-packages/airflow/example_dags/example_python_decorator.py for tasks to queue
[2024-10-10T18:38:26.429+0000] {logging_mixin.py:190} INFO - [2024-10-10T18:38:26.428+0000] {dagbag.py:587} INFO - Filling up the DagBag from /home/airflow/.local/lib/python3.12/site-packages/airflow/example_dags/example_python_decorator.py
[2024-10-10T18:38:26.445+0000] {processor.py:925} INFO - DAG(s) 'example_python_decorator' retrieved from /home/airflow/.local/lib/python3.12/site-packages/airflow/example_dags/example_python_decorator.py
[2024-10-10T18:38:26.463+0000] {logging_mixin.py:190} INFO - [2024-10-10T18:38:26.463+0000] {dag.py:3229} INFO - Sync 1 DAGs
[2024-10-10T18:38:26.478+0000] {logging_mixin.py:190} INFO - [2024-10-10T18:38:26.477+0000] {dag.py:4156} INFO - Setting next_dagrun for example_python_decorator to None, run_after=None
[2024-10-10T18:38:26.489+0000] {processor.py:208} INFO - Processing /home/airflow/.local/lib/python3.12/site-packages/airflow/example_dags/example_python_decorator.py took 0.066 seconds
[2024-10-10T19:39:11.242+0000] {processor.py:186} INFO - Started process (PID=41241) to work on /home/airflow/.local/lib/python3.12/site-packages/airflow/example_dags/example_python_decorator.py
[2024-10-10T19:39:11.244+0000] {processor.py:914} INFO - Processing file /home/airflow/.local/lib/python3.12/site-packages/airflow/example_dags/example_python_decorator.py for tasks to queue
[2024-10-10T19:39:11.248+0000] {logging_mixin.py:190} INFO - [2024-10-10T19:39:11.247+0000] {dagbag.py:587} INFO - Filling up the DagBag from /home/airflow/.local/lib/python3.12/site-packages/airflow/example_dags/example_python_decorator.py
[2024-10-10T19:39:11.271+0000] {processor.py:925} INFO - DAG(s) 'example_python_decorator' retrieved from /home/airflow/.local/lib/python3.12/site-packages/airflow/example_dags/example_python_decorator.py
[2024-10-10T19:39:11.304+0000] {logging_mixin.py:190} INFO - [2024-10-10T19:39:11.304+0000] {dag.py:3229} INFO - Sync 1 DAGs
[2024-10-10T19:39:11.314+0000] {logging_mixin.py:190} INFO - [2024-10-10T19:39:11.314+0000] {dag.py:4156} INFO - Setting next_dagrun for example_python_decorator to None, run_after=None
[2024-10-10T19:39:11.331+0000] {processor.py:208} INFO - Processing /home/airflow/.local/lib/python3.12/site-packages/airflow/example_dags/example_python_decorator.py took 0.093 seconds
[2024-10-10T20:23:14.924+0000] {processor.py:186} INFO - Started process (PID=41312) to work on /home/airflow/.local/lib/python3.12/site-packages/airflow/example_dags/example_python_decorator.py
[2024-10-10T20:23:14.926+0000] {processor.py:914} INFO - Processing file /home/airflow/.local/lib/python3.12/site-packages/airflow/example_dags/example_python_decorator.py for tasks to queue
[2024-10-10T20:23:14.929+0000] {logging_mixin.py:190} INFO - [2024-10-10T20:23:14.929+0000] {dagbag.py:587} INFO - Filling up the DagBag from /home/airflow/.local/lib/python3.12/site-packages/airflow/example_dags/example_python_decorator.py
[2024-10-10T20:23:14.939+0000] {processor.py:925} INFO - DAG(s) 'example_python_decorator' retrieved from /home/airflow/.local/lib/python3.12/site-packages/airflow/example_dags/example_python_decorator.py
[2024-10-10T20:23:14.955+0000] {logging_mixin.py:190} INFO - [2024-10-10T20:23:14.955+0000] {dag.py:3229} INFO - Sync 1 DAGs
[2024-10-10T20:23:14.964+0000] {logging_mixin.py:190} INFO - [2024-10-10T20:23:14.964+0000] {dag.py:4156} INFO - Setting next_dagrun for example_python_decorator to None, run_after=None
[2024-10-10T20:23:14.971+0000] {processor.py:208} INFO - Processing /home/airflow/.local/lib/python3.12/site-packages/airflow/example_dags/example_python_decorator.py took 0.056 seconds
[2024-10-10T20:54:20.201+0000] {processor.py:186} INFO - Started process (PID=41383) to work on /home/airflow/.local/lib/python3.12/site-packages/airflow/example_dags/example_python_decorator.py
[2024-10-10T20:54:20.201+0000] {processor.py:914} INFO - Processing file /home/airflow/.local/lib/python3.12/site-packages/airflow/example_dags/example_python_decorator.py for tasks to queue
[2024-10-10T20:54:20.202+0000] {logging_mixin.py:190} INFO - [2024-10-10T20:54:20.202+0000] {dagbag.py:587} INFO - Filling up the DagBag from /home/airflow/.local/lib/python3.12/site-packages/airflow/example_dags/example_python_decorator.py
[2024-10-10T20:54:20.210+0000] {processor.py:925} INFO - DAG(s) 'example_python_decorator' retrieved from /home/airflow/.local/lib/python3.12/site-packages/airflow/example_dags/example_python_decorator.py
[2024-10-10T20:54:20.222+0000] {logging_mixin.py:190} INFO - [2024-10-10T20:54:20.222+0000] {dag.py:3229} INFO - Sync 1 DAGs
[2024-10-10T20:54:20.228+0000] {logging_mixin.py:190} INFO - [2024-10-10T20:54:20.228+0000] {dag.py:4156} INFO - Setting next_dagrun for example_python_decorator to None, run_after=None
[2024-10-10T20:54:20.238+0000] {processor.py:208} INFO - Processing /home/airflow/.local/lib/python3.12/site-packages/airflow/example_dags/example_python_decorator.py took 0.040 seconds
[2024-10-10T21:24:07.994+0000] {processor.py:186} INFO - Started process (PID=41454) to work on /home/airflow/.local/lib/python3.12/site-packages/airflow/example_dags/example_python_decorator.py
[2024-10-10T21:24:07.995+0000] {processor.py:914} INFO - Processing file /home/airflow/.local/lib/python3.12/site-packages/airflow/example_dags/example_python_decorator.py for tasks to queue
[2024-10-10T21:24:07.996+0000] {logging_mixin.py:190} INFO - [2024-10-10T21:24:07.995+0000] {dagbag.py:587} INFO - Filling up the DagBag from /home/airflow/.local/lib/python3.12/site-packages/airflow/example_dags/example_python_decorator.py
[2024-10-10T21:24:08.005+0000] {processor.py:925} INFO - DAG(s) 'example_python_decorator' retrieved from /home/airflow/.local/lib/python3.12/site-packages/airflow/example_dags/example_python_decorator.py
[2024-10-10T21:24:08.016+0000] {logging_mixin.py:190} INFO - [2024-10-10T21:24:08.015+0000] {dag.py:3229} INFO - Sync 1 DAGs
[2024-10-10T21:24:08.023+0000] {logging_mixin.py:190} INFO - [2024-10-10T21:24:08.023+0000] {dag.py:4156} INFO - Setting next_dagrun for example_python_decorator to None, run_after=None
[2024-10-10T21:24:08.034+0000] {processor.py:208} INFO - Processing /home/airflow/.local/lib/python3.12/site-packages/airflow/example_dags/example_python_decorator.py took 0.044 seconds
[2024-10-10T21:24:38.810+0000] {processor.py:186} INFO - Started process (PID=41525) to work on /home/airflow/.local/lib/python3.12/site-packages/airflow/example_dags/example_python_decorator.py
[2024-10-10T21:24:38.811+0000] {processor.py:914} INFO - Processing file /home/airflow/.local/lib/python3.12/site-packages/airflow/example_dags/example_python_decorator.py for tasks to queue
[2024-10-10T21:24:38.812+0000] {logging_mixin.py:190} INFO - [2024-10-10T21:24:38.812+0000] {dagbag.py:587} INFO - Filling up the DagBag from /home/airflow/.local/lib/python3.12/site-packages/airflow/example_dags/example_python_decorator.py
[2024-10-10T21:24:38.820+0000] {processor.py:925} INFO - DAG(s) 'example_python_decorator' retrieved from /home/airflow/.local/lib/python3.12/site-packages/airflow/example_dags/example_python_decorator.py
[2024-10-10T21:24:38.831+0000] {logging_mixin.py:190} INFO - [2024-10-10T21:24:38.831+0000] {dag.py:3229} INFO - Sync 1 DAGs
[2024-10-10T21:24:38.838+0000] {logging_mixin.py:190} INFO - [2024-10-10T21:24:38.838+0000] {dag.py:4156} INFO - Setting next_dagrun for example_python_decorator to None, run_after=None
[2024-10-10T21:24:38.846+0000] {processor.py:208} INFO - Processing /home/airflow/.local/lib/python3.12/site-packages/airflow/example_dags/example_python_decorator.py took 0.040 seconds
[2024-10-10T21:43:34.878+0000] {processor.py:186} INFO - Started process (PID=41596) to work on /home/airflow/.local/lib/python3.12/site-packages/airflow/example_dags/example_python_decorator.py
[2024-10-10T21:43:34.882+0000] {processor.py:914} INFO - Processing file /home/airflow/.local/lib/python3.12/site-packages/airflow/example_dags/example_python_decorator.py for tasks to queue
[2024-10-10T21:43:34.883+0000] {logging_mixin.py:190} INFO - [2024-10-10T21:43:34.883+0000] {dagbag.py:587} INFO - Filling up the DagBag from /home/airflow/.local/lib/python3.12/site-packages/airflow/example_dags/example_python_decorator.py
[2024-10-10T21:43:34.895+0000] {processor.py:925} INFO - DAG(s) 'example_python_decorator' retrieved from /home/airflow/.local/lib/python3.12/site-packages/airflow/example_dags/example_python_decorator.py
[2024-10-10T21:43:34.917+0000] {logging_mixin.py:190} INFO - [2024-10-10T21:43:34.917+0000] {dag.py:3229} INFO - Sync 1 DAGs
[2024-10-10T21:43:34.949+0000] {logging_mixin.py:190} INFO - [2024-10-10T21:43:34.948+0000] {dag.py:4156} INFO - Setting next_dagrun for example_python_decorator to None, run_after=None
[2024-10-10T21:43:35.004+0000] {processor.py:208} INFO - Processing /home/airflow/.local/lib/python3.12/site-packages/airflow/example_dags/example_python_decorator.py took 0.134 seconds
[2024-10-10T22:17:47.831+0000] {processor.py:186} INFO - Started process (PID=41667) to work on /home/airflow/.local/lib/python3.12/site-packages/airflow/example_dags/example_python_decorator.py
[2024-10-10T22:17:47.833+0000] {processor.py:914} INFO - Processing file /home/airflow/.local/lib/python3.12/site-packages/airflow/example_dags/example_python_decorator.py for tasks to queue
[2024-10-10T22:17:47.836+0000] {logging_mixin.py:190} INFO - [2024-10-10T22:17:47.835+0000] {dagbag.py:587} INFO - Filling up the DagBag from /home/airflow/.local/lib/python3.12/site-packages/airflow/example_dags/example_python_decorator.py
[2024-10-10T22:17:47.856+0000] {processor.py:925} INFO - DAG(s) 'example_python_decorator' retrieved from /home/airflow/.local/lib/python3.12/site-packages/airflow/example_dags/example_python_decorator.py
[2024-10-10T22:17:47.882+0000] {logging_mixin.py:190} INFO - [2024-10-10T22:17:47.882+0000] {dag.py:3229} INFO - Sync 1 DAGs
[2024-10-10T22:17:47.893+0000] {logging_mixin.py:190} INFO - [2024-10-10T22:17:47.893+0000] {dag.py:4156} INFO - Setting next_dagrun for example_python_decorator to None, run_after=None
[2024-10-10T22:17:47.914+0000] {processor.py:208} INFO - Processing /home/airflow/.local/lib/python3.12/site-packages/airflow/example_dags/example_python_decorator.py took 0.092 seconds
[2024-10-10T22:46:08.417+0000] {processor.py:186} INFO - Started process (PID=41738) to work on /home/airflow/.local/lib/python3.12/site-packages/airflow/example_dags/example_python_decorator.py
[2024-10-10T22:46:08.418+0000] {processor.py:914} INFO - Processing file /home/airflow/.local/lib/python3.12/site-packages/airflow/example_dags/example_python_decorator.py for tasks to queue
[2024-10-10T22:46:08.419+0000] {logging_mixin.py:190} INFO - [2024-10-10T22:46:08.419+0000] {dagbag.py:587} INFO - Filling up the DagBag from /home/airflow/.local/lib/python3.12/site-packages/airflow/example_dags/example_python_decorator.py
[2024-10-10T22:46:08.427+0000] {processor.py:925} INFO - DAG(s) 'example_python_decorator' retrieved from /home/airflow/.local/lib/python3.12/site-packages/airflow/example_dags/example_python_decorator.py
[2024-10-10T22:46:08.441+0000] {logging_mixin.py:190} INFO - [2024-10-10T22:46:08.441+0000] {dag.py:3229} INFO - Sync 1 DAGs
[2024-10-10T22:46:08.448+0000] {logging_mixin.py:190} INFO - [2024-10-10T22:46:08.448+0000] {dag.py:4156} INFO - Setting next_dagrun for example_python_decorator to None, run_after=None
[2024-10-10T22:46:08.459+0000] {processor.py:208} INFO - Processing /home/airflow/.local/lib/python3.12/site-packages/airflow/example_dags/example_python_decorator.py took 0.047 seconds
[2024-10-10T23:26:18.965+0000] {processor.py:186} INFO - Started process (PID=41809) to work on /home/airflow/.local/lib/python3.12/site-packages/airflow/example_dags/example_python_decorator.py
[2024-10-10T23:26:18.966+0000] {processor.py:914} INFO - Processing file /home/airflow/.local/lib/python3.12/site-packages/airflow/example_dags/example_python_decorator.py for tasks to queue
[2024-10-10T23:26:18.968+0000] {logging_mixin.py:190} INFO - [2024-10-10T23:26:18.967+0000] {dagbag.py:587} INFO - Filling up the DagBag from /home/airflow/.local/lib/python3.12/site-packages/airflow/example_dags/example_python_decorator.py
[2024-10-10T23:26:18.992+0000] {processor.py:925} INFO - DAG(s) 'example_python_decorator' retrieved from /home/airflow/.local/lib/python3.12/site-packages/airflow/example_dags/example_python_decorator.py
[2024-10-10T23:26:19.013+0000] {logging_mixin.py:190} INFO - [2024-10-10T23:26:19.013+0000] {dag.py:3229} INFO - Sync 1 DAGs
[2024-10-10T23:26:19.025+0000] {logging_mixin.py:190} INFO - [2024-10-10T23:26:19.025+0000] {dag.py:4156} INFO - Setting next_dagrun for example_python_decorator to None, run_after=None
[2024-10-10T23:26:19.038+0000] {processor.py:208} INFO - Processing /home/airflow/.local/lib/python3.12/site-packages/airflow/example_dags/example_python_decorator.py took 0.078 seconds
