[2024-10-10T00:11:41.632+0000] {processor.py:186} INFO - Started process (PID=38845) to work on /home/airflow/.local/lib/python3.12/site-packages/airflow/example_dags/example_latest_only_with_trigger.py
[2024-10-10T00:11:41.634+0000] {processor.py:914} INFO - Processing file /home/airflow/.local/lib/python3.12/site-packages/airflow/example_dags/example_latest_only_with_trigger.py for tasks to queue
[2024-10-10T00:11:41.634+0000] {logging_mixin.py:190} INFO - [2024-10-10T00:11:41.634+0000] {dagbag.py:587} INFO - Filling up the DagBag from /home/airflow/.local/lib/python3.12/site-packages/airflow/example_dags/example_latest_only_with_trigger.py
[2024-10-10T00:11:41.641+0000] {processor.py:925} INFO - DAG(s) 'latest_only_with_trigger' retrieved from /home/airflow/.local/lib/python3.12/site-packages/airflow/example_dags/example_latest_only_with_trigger.py
[2024-10-10T00:11:41.654+0000] {logging_mixin.py:190} INFO - [2024-10-10T00:11:41.654+0000] {dag.py:3229} INFO - Sync 1 DAGs
[2024-10-10T00:11:41.666+0000] {logging_mixin.py:190} INFO - [2024-10-10T00:11:41.665+0000] {dag.py:4156} INFO - Setting next_dagrun for latest_only_with_trigger to 2024-10-09 20:00:00+00:00, run_after=2024-10-10 00:00:00+00:00
[2024-10-10T00:11:41.675+0000] {processor.py:208} INFO - Processing /home/airflow/.local/lib/python3.12/site-packages/airflow/example_dags/example_latest_only_with_trigger.py took 0.047 seconds
[2024-10-10T01:18:08.482+0000] {processor.py:186} INFO - Started process (PID=38916) to work on /home/airflow/.local/lib/python3.12/site-packages/airflow/example_dags/example_latest_only_with_trigger.py
[2024-10-10T01:18:08.484+0000] {processor.py:914} INFO - Processing file /home/airflow/.local/lib/python3.12/site-packages/airflow/example_dags/example_latest_only_with_trigger.py for tasks to queue
[2024-10-10T01:18:08.484+0000] {logging_mixin.py:190} INFO - [2024-10-10T01:18:08.484+0000] {dagbag.py:587} INFO - Filling up the DagBag from /home/airflow/.local/lib/python3.12/site-packages/airflow/example_dags/example_latest_only_with_trigger.py
[2024-10-10T01:18:08.490+0000] {processor.py:925} INFO - DAG(s) 'latest_only_with_trigger' retrieved from /home/airflow/.local/lib/python3.12/site-packages/airflow/example_dags/example_latest_only_with_trigger.py
[2024-10-10T01:18:08.502+0000] {logging_mixin.py:190} INFO - [2024-10-10T01:18:08.502+0000] {dag.py:3229} INFO - Sync 1 DAGs
[2024-10-10T01:18:08.513+0000] {logging_mixin.py:190} INFO - [2024-10-10T01:18:08.513+0000] {dag.py:4156} INFO - Setting next_dagrun for latest_only_with_trigger to 2024-10-09 20:00:00+00:00, run_after=2024-10-10 00:00:00+00:00
[2024-10-10T01:18:08.520+0000] {processor.py:208} INFO - Processing /home/airflow/.local/lib/python3.12/site-packages/airflow/example_dags/example_latest_only_with_trigger.py took 0.041 seconds
[2024-10-10T01:52:18.072+0000] {processor.py:186} INFO - Started process (PID=38987) to work on /home/airflow/.local/lib/python3.12/site-packages/airflow/example_dags/example_latest_only_with_trigger.py
[2024-10-10T01:52:18.074+0000] {processor.py:914} INFO - Processing file /home/airflow/.local/lib/python3.12/site-packages/airflow/example_dags/example_latest_only_with_trigger.py for tasks to queue
[2024-10-10T01:52:18.075+0000] {logging_mixin.py:190} INFO - [2024-10-10T01:52:18.075+0000] {dagbag.py:587} INFO - Filling up the DagBag from /home/airflow/.local/lib/python3.12/site-packages/airflow/example_dags/example_latest_only_with_trigger.py
[2024-10-10T01:52:18.080+0000] {processor.py:925} INFO - DAG(s) 'latest_only_with_trigger' retrieved from /home/airflow/.local/lib/python3.12/site-packages/airflow/example_dags/example_latest_only_with_trigger.py
[2024-10-10T01:52:18.093+0000] {logging_mixin.py:190} INFO - [2024-10-10T01:52:18.092+0000] {dag.py:3229} INFO - Sync 1 DAGs
[2024-10-10T01:52:18.104+0000] {logging_mixin.py:190} INFO - [2024-10-10T01:52:18.104+0000] {dag.py:4156} INFO - Setting next_dagrun for latest_only_with_trigger to 2024-10-09 20:00:00+00:00, run_after=2024-10-10 00:00:00+00:00
[2024-10-10T01:52:18.111+0000] {processor.py:208} INFO - Processing /home/airflow/.local/lib/python3.12/site-packages/airflow/example_dags/example_latest_only_with_trigger.py took 0.042 seconds
[2024-10-10T02:19:10.334+0000] {processor.py:186} INFO - Started process (PID=39058) to work on /home/airflow/.local/lib/python3.12/site-packages/airflow/example_dags/example_latest_only_with_trigger.py
[2024-10-10T02:19:10.335+0000] {processor.py:914} INFO - Processing file /home/airflow/.local/lib/python3.12/site-packages/airflow/example_dags/example_latest_only_with_trigger.py for tasks to queue
[2024-10-10T02:19:10.336+0000] {logging_mixin.py:190} INFO - [2024-10-10T02:19:10.336+0000] {dagbag.py:587} INFO - Filling up the DagBag from /home/airflow/.local/lib/python3.12/site-packages/airflow/example_dags/example_latest_only_with_trigger.py
[2024-10-10T02:19:10.341+0000] {processor.py:925} INFO - DAG(s) 'latest_only_with_trigger' retrieved from /home/airflow/.local/lib/python3.12/site-packages/airflow/example_dags/example_latest_only_with_trigger.py
[2024-10-10T02:19:10.358+0000] {logging_mixin.py:190} INFO - [2024-10-10T02:19:10.358+0000] {dag.py:3229} INFO - Sync 1 DAGs
[2024-10-10T02:19:10.369+0000] {logging_mixin.py:190} INFO - [2024-10-10T02:19:10.369+0000] {dag.py:4156} INFO - Setting next_dagrun for latest_only_with_trigger to 2024-10-09 20:00:00+00:00, run_after=2024-10-10 00:00:00+00:00
[2024-10-10T02:19:10.377+0000] {processor.py:208} INFO - Processing /home/airflow/.local/lib/python3.12/site-packages/airflow/example_dags/example_latest_only_with_trigger.py took 0.047 seconds
[2024-10-10T03:09:35.297+0000] {processor.py:186} INFO - Started process (PID=39129) to work on /home/airflow/.local/lib/python3.12/site-packages/airflow/example_dags/example_latest_only_with_trigger.py
[2024-10-10T03:09:35.298+0000] {processor.py:914} INFO - Processing file /home/airflow/.local/lib/python3.12/site-packages/airflow/example_dags/example_latest_only_with_trigger.py for tasks to queue
[2024-10-10T03:09:35.299+0000] {logging_mixin.py:190} INFO - [2024-10-10T03:09:35.299+0000] {dagbag.py:587} INFO - Filling up the DagBag from /home/airflow/.local/lib/python3.12/site-packages/airflow/example_dags/example_latest_only_with_trigger.py
[2024-10-10T03:09:35.303+0000] {processor.py:925} INFO - DAG(s) 'latest_only_with_trigger' retrieved from /home/airflow/.local/lib/python3.12/site-packages/airflow/example_dags/example_latest_only_with_trigger.py
[2024-10-10T03:09:35.318+0000] {logging_mixin.py:190} INFO - [2024-10-10T03:09:35.318+0000] {dag.py:3229} INFO - Sync 1 DAGs
[2024-10-10T03:09:35.327+0000] {logging_mixin.py:190} INFO - [2024-10-10T03:09:35.327+0000] {dag.py:4156} INFO - Setting next_dagrun for latest_only_with_trigger to 2024-10-09 20:00:00+00:00, run_after=2024-10-10 00:00:00+00:00
[2024-10-10T03:09:35.339+0000] {processor.py:208} INFO - Processing /home/airflow/.local/lib/python3.12/site-packages/airflow/example_dags/example_latest_only_with_trigger.py took 0.045 seconds
[2024-10-10T03:56:57.957+0000] {processor.py:186} INFO - Started process (PID=39199) to work on /home/airflow/.local/lib/python3.12/site-packages/airflow/example_dags/example_latest_only_with_trigger.py
[2024-10-10T03:56:57.959+0000] {processor.py:914} INFO - Processing file /home/airflow/.local/lib/python3.12/site-packages/airflow/example_dags/example_latest_only_with_trigger.py for tasks to queue
[2024-10-10T03:56:57.959+0000] {logging_mixin.py:190} INFO - [2024-10-10T03:56:57.959+0000] {dagbag.py:587} INFO - Filling up the DagBag from /home/airflow/.local/lib/python3.12/site-packages/airflow/example_dags/example_latest_only_with_trigger.py
[2024-10-10T03:56:57.964+0000] {processor.py:925} INFO - DAG(s) 'latest_only_with_trigger' retrieved from /home/airflow/.local/lib/python3.12/site-packages/airflow/example_dags/example_latest_only_with_trigger.py
[2024-10-10T03:56:57.978+0000] {logging_mixin.py:190} INFO - [2024-10-10T03:56:57.977+0000] {dag.py:3229} INFO - Sync 1 DAGs
[2024-10-10T03:56:57.989+0000] {logging_mixin.py:190} INFO - [2024-10-10T03:56:57.989+0000] {dag.py:4156} INFO - Setting next_dagrun for latest_only_with_trigger to 2024-10-09 20:00:00+00:00, run_after=2024-10-10 00:00:00+00:00
[2024-10-10T03:56:57.995+0000] {processor.py:208} INFO - Processing /home/airflow/.local/lib/python3.12/site-packages/airflow/example_dags/example_latest_only_with_trigger.py took 0.041 seconds
[2024-10-10T04:21:12.455+0000] {processor.py:186} INFO - Started process (PID=39269) to work on /home/airflow/.local/lib/python3.12/site-packages/airflow/example_dags/example_latest_only_with_trigger.py
[2024-10-10T04:21:12.456+0000] {processor.py:914} INFO - Processing file /home/airflow/.local/lib/python3.12/site-packages/airflow/example_dags/example_latest_only_with_trigger.py for tasks to queue
[2024-10-10T04:21:12.458+0000] {logging_mixin.py:190} INFO - [2024-10-10T04:21:12.458+0000] {dagbag.py:587} INFO - Filling up the DagBag from /home/airflow/.local/lib/python3.12/site-packages/airflow/example_dags/example_latest_only_with_trigger.py
[2024-10-10T04:21:12.553+0000] {processor.py:925} INFO - DAG(s) 'latest_only_with_trigger' retrieved from /home/airflow/.local/lib/python3.12/site-packages/airflow/example_dags/example_latest_only_with_trigger.py
[2024-10-10T04:21:12.599+0000] {logging_mixin.py:190} INFO - [2024-10-10T04:21:12.598+0000] {dag.py:3229} INFO - Sync 1 DAGs
[2024-10-10T04:21:12.617+0000] {logging_mixin.py:190} INFO - [2024-10-10T04:21:12.617+0000] {dag.py:4156} INFO - Setting next_dagrun for latest_only_with_trigger to 2024-10-10 00:00:00+00:00, run_after=2024-10-10 04:00:00+00:00
[2024-10-10T04:21:12.629+0000] {processor.py:208} INFO - Processing /home/airflow/.local/lib/python3.12/site-packages/airflow/example_dags/example_latest_only_with_trigger.py took 0.178 seconds
[2024-10-10T05:14:25.588+0000] {processor.py:186} INFO - Started process (PID=39340) to work on /home/airflow/.local/lib/python3.12/site-packages/airflow/example_dags/example_latest_only_with_trigger.py
[2024-10-10T05:14:25.591+0000] {processor.py:914} INFO - Processing file /home/airflow/.local/lib/python3.12/site-packages/airflow/example_dags/example_latest_only_with_trigger.py for tasks to queue
[2024-10-10T05:14:25.593+0000] {logging_mixin.py:190} INFO - [2024-10-10T05:14:25.593+0000] {dagbag.py:587} INFO - Filling up the DagBag from /home/airflow/.local/lib/python3.12/site-packages/airflow/example_dags/example_latest_only_with_trigger.py
[2024-10-10T05:14:25.601+0000] {processor.py:925} INFO - DAG(s) 'latest_only_with_trigger' retrieved from /home/airflow/.local/lib/python3.12/site-packages/airflow/example_dags/example_latest_only_with_trigger.py
[2024-10-10T05:14:25.615+0000] {logging_mixin.py:190} INFO - [2024-10-10T05:14:25.615+0000] {dag.py:3229} INFO - Sync 1 DAGs
[2024-10-10T05:14:25.626+0000] {logging_mixin.py:190} INFO - [2024-10-10T05:14:25.626+0000] {dag.py:4156} INFO - Setting next_dagrun for latest_only_with_trigger to 2024-10-10 00:00:00+00:00, run_after=2024-10-10 04:00:00+00:00
[2024-10-10T05:14:25.634+0000] {processor.py:208} INFO - Processing /home/airflow/.local/lib/python3.12/site-packages/airflow/example_dags/example_latest_only_with_trigger.py took 0.051 seconds
[2024-10-10T05:47:22.496+0000] {processor.py:186} INFO - Started process (PID=39411) to work on /home/airflow/.local/lib/python3.12/site-packages/airflow/example_dags/example_latest_only_with_trigger.py
[2024-10-10T05:47:22.496+0000] {processor.py:914} INFO - Processing file /home/airflow/.local/lib/python3.12/site-packages/airflow/example_dags/example_latest_only_with_trigger.py for tasks to queue
[2024-10-10T05:47:22.497+0000] {logging_mixin.py:190} INFO - [2024-10-10T05:47:22.497+0000] {dagbag.py:587} INFO - Filling up the DagBag from /home/airflow/.local/lib/python3.12/site-packages/airflow/example_dags/example_latest_only_with_trigger.py
[2024-10-10T05:47:22.501+0000] {processor.py:925} INFO - DAG(s) 'latest_only_with_trigger' retrieved from /home/airflow/.local/lib/python3.12/site-packages/airflow/example_dags/example_latest_only_with_trigger.py
[2024-10-10T05:47:22.515+0000] {logging_mixin.py:190} INFO - [2024-10-10T05:47:22.515+0000] {dag.py:3229} INFO - Sync 1 DAGs
[2024-10-10T05:47:22.533+0000] {logging_mixin.py:190} INFO - [2024-10-10T05:47:22.532+0000] {dag.py:4156} INFO - Setting next_dagrun for latest_only_with_trigger to 2024-10-10 00:00:00+00:00, run_after=2024-10-10 04:00:00+00:00
[2024-10-10T05:47:22.544+0000] {processor.py:208} INFO - Processing /home/airflow/.local/lib/python3.12/site-packages/airflow/example_dags/example_latest_only_with_trigger.py took 0.052 seconds
[2024-10-10T06:39:42.466+0000] {processor.py:186} INFO - Started process (PID=39482) to work on /home/airflow/.local/lib/python3.12/site-packages/airflow/example_dags/example_latest_only_with_trigger.py
[2024-10-10T06:39:42.469+0000] {processor.py:914} INFO - Processing file /home/airflow/.local/lib/python3.12/site-packages/airflow/example_dags/example_latest_only_with_trigger.py for tasks to queue
[2024-10-10T06:39:42.471+0000] {logging_mixin.py:190} INFO - [2024-10-10T06:39:42.471+0000] {dagbag.py:587} INFO - Filling up the DagBag from /home/airflow/.local/lib/python3.12/site-packages/airflow/example_dags/example_latest_only_with_trigger.py
[2024-10-10T06:39:42.482+0000] {processor.py:925} INFO - DAG(s) 'latest_only_with_trigger' retrieved from /home/airflow/.local/lib/python3.12/site-packages/airflow/example_dags/example_latest_only_with_trigger.py
[2024-10-10T06:39:42.499+0000] {logging_mixin.py:190} INFO - [2024-10-10T06:39:42.499+0000] {dag.py:3229} INFO - Sync 1 DAGs
[2024-10-10T06:39:42.511+0000] {logging_mixin.py:190} INFO - [2024-10-10T06:39:42.511+0000] {dag.py:4156} INFO - Setting next_dagrun for latest_only_with_trigger to 2024-10-10 00:00:00+00:00, run_after=2024-10-10 04:00:00+00:00
[2024-10-10T06:39:42.519+0000] {processor.py:208} INFO - Processing /home/airflow/.local/lib/python3.12/site-packages/airflow/example_dags/example_latest_only_with_trigger.py took 0.056 seconds
[2024-10-10T07:11:25.038+0000] {processor.py:186} INFO - Started process (PID=39553) to work on /home/airflow/.local/lib/python3.12/site-packages/airflow/example_dags/example_latest_only_with_trigger.py
[2024-10-10T07:11:25.043+0000] {processor.py:914} INFO - Processing file /home/airflow/.local/lib/python3.12/site-packages/airflow/example_dags/example_latest_only_with_trigger.py for tasks to queue
[2024-10-10T07:11:25.044+0000] {logging_mixin.py:190} INFO - [2024-10-10T07:11:25.044+0000] {dagbag.py:587} INFO - Filling up the DagBag from /home/airflow/.local/lib/python3.12/site-packages/airflow/example_dags/example_latest_only_with_trigger.py
[2024-10-10T07:11:25.051+0000] {processor.py:925} INFO - DAG(s) 'latest_only_with_trigger' retrieved from /home/airflow/.local/lib/python3.12/site-packages/airflow/example_dags/example_latest_only_with_trigger.py
[2024-10-10T07:11:25.067+0000] {logging_mixin.py:190} INFO - [2024-10-10T07:11:25.067+0000] {dag.py:3229} INFO - Sync 1 DAGs
[2024-10-10T07:11:25.089+0000] {logging_mixin.py:190} INFO - [2024-10-10T07:11:25.089+0000] {dag.py:4156} INFO - Setting next_dagrun for latest_only_with_trigger to 2024-10-10 00:00:00+00:00, run_after=2024-10-10 04:00:00+00:00
[2024-10-10T07:11:25.099+0000] {processor.py:208} INFO - Processing /home/airflow/.local/lib/python3.12/site-packages/airflow/example_dags/example_latest_only_with_trigger.py took 0.068 seconds
[2024-10-10T07:39:19.166+0000] {processor.py:186} INFO - Started process (PID=39624) to work on /home/airflow/.local/lib/python3.12/site-packages/airflow/example_dags/example_latest_only_with_trigger.py
[2024-10-10T07:39:19.169+0000] {processor.py:914} INFO - Processing file /home/airflow/.local/lib/python3.12/site-packages/airflow/example_dags/example_latest_only_with_trigger.py for tasks to queue
[2024-10-10T07:39:19.170+0000] {logging_mixin.py:190} INFO - [2024-10-10T07:39:19.170+0000] {dagbag.py:587} INFO - Filling up the DagBag from /home/airflow/.local/lib/python3.12/site-packages/airflow/example_dags/example_latest_only_with_trigger.py
[2024-10-10T07:39:19.175+0000] {processor.py:925} INFO - DAG(s) 'latest_only_with_trigger' retrieved from /home/airflow/.local/lib/python3.12/site-packages/airflow/example_dags/example_latest_only_with_trigger.py
[2024-10-10T07:39:19.185+0000] {logging_mixin.py:190} INFO - [2024-10-10T07:39:19.185+0000] {dag.py:3229} INFO - Sync 1 DAGs
[2024-10-10T07:39:19.195+0000] {logging_mixin.py:190} INFO - [2024-10-10T07:39:19.194+0000] {dag.py:4156} INFO - Setting next_dagrun for latest_only_with_trigger to 2024-10-10 00:00:00+00:00, run_after=2024-10-10 04:00:00+00:00
[2024-10-10T07:39:19.202+0000] {processor.py:208} INFO - Processing /home/airflow/.local/lib/python3.12/site-packages/airflow/example_dags/example_latest_only_with_trigger.py took 0.039 seconds
[2024-10-10T08:02:59.798+0000] {processor.py:186} INFO - Started process (PID=39695) to work on /home/airflow/.local/lib/python3.12/site-packages/airflow/example_dags/example_latest_only_with_trigger.py
[2024-10-10T08:02:59.798+0000] {processor.py:914} INFO - Processing file /home/airflow/.local/lib/python3.12/site-packages/airflow/example_dags/example_latest_only_with_trigger.py for tasks to queue
[2024-10-10T08:02:59.800+0000] {logging_mixin.py:190} INFO - [2024-10-10T08:02:59.799+0000] {dagbag.py:587} INFO - Filling up the DagBag from /home/airflow/.local/lib/python3.12/site-packages/airflow/example_dags/example_latest_only_with_trigger.py
[2024-10-10T08:02:59.804+0000] {processor.py:925} INFO - DAG(s) 'latest_only_with_trigger' retrieved from /home/airflow/.local/lib/python3.12/site-packages/airflow/example_dags/example_latest_only_with_trigger.py
[2024-10-10T08:02:59.820+0000] {logging_mixin.py:190} INFO - [2024-10-10T08:02:59.820+0000] {dag.py:3229} INFO - Sync 1 DAGs
[2024-10-10T08:02:59.830+0000] {logging_mixin.py:190} INFO - [2024-10-10T08:02:59.830+0000] {dag.py:4156} INFO - Setting next_dagrun for latest_only_with_trigger to 2024-10-10 04:00:00+00:00, run_after=2024-10-10 08:00:00+00:00
[2024-10-10T08:02:59.840+0000] {processor.py:208} INFO - Processing /home/airflow/.local/lib/python3.12/site-packages/airflow/example_dags/example_latest_only_with_trigger.py took 0.045 seconds
[2024-10-10T08:12:05.769+0000] {processor.py:186} INFO - Started process (PID=39766) to work on /home/airflow/.local/lib/python3.12/site-packages/airflow/example_dags/example_latest_only_with_trigger.py
[2024-10-10T08:12:05.770+0000] {processor.py:914} INFO - Processing file /home/airflow/.local/lib/python3.12/site-packages/airflow/example_dags/example_latest_only_with_trigger.py for tasks to queue
[2024-10-10T08:12:05.771+0000] {logging_mixin.py:190} INFO - [2024-10-10T08:12:05.770+0000] {dagbag.py:587} INFO - Filling up the DagBag from /home/airflow/.local/lib/python3.12/site-packages/airflow/example_dags/example_latest_only_with_trigger.py
[2024-10-10T08:12:05.775+0000] {processor.py:925} INFO - DAG(s) 'latest_only_with_trigger' retrieved from /home/airflow/.local/lib/python3.12/site-packages/airflow/example_dags/example_latest_only_with_trigger.py
[2024-10-10T08:12:05.792+0000] {logging_mixin.py:190} INFO - [2024-10-10T08:12:05.792+0000] {dag.py:3229} INFO - Sync 1 DAGs
[2024-10-10T08:12:05.808+0000] {logging_mixin.py:190} INFO - [2024-10-10T08:12:05.808+0000] {dag.py:4156} INFO - Setting next_dagrun for latest_only_with_trigger to 2024-10-10 04:00:00+00:00, run_after=2024-10-10 08:00:00+00:00
[2024-10-10T08:12:05.820+0000] {processor.py:208} INFO - Processing /home/airflow/.local/lib/python3.12/site-packages/airflow/example_dags/example_latest_only_with_trigger.py took 0.058 seconds
[2024-10-10T08:24:33.961+0000] {processor.py:186} INFO - Started process (PID=39836) to work on /home/airflow/.local/lib/python3.12/site-packages/airflow/example_dags/example_latest_only_with_trigger.py
[2024-10-10T08:24:33.962+0000] {processor.py:914} INFO - Processing file /home/airflow/.local/lib/python3.12/site-packages/airflow/example_dags/example_latest_only_with_trigger.py for tasks to queue
[2024-10-10T08:24:33.963+0000] {logging_mixin.py:190} INFO - [2024-10-10T08:24:33.962+0000] {dagbag.py:587} INFO - Filling up the DagBag from /home/airflow/.local/lib/python3.12/site-packages/airflow/example_dags/example_latest_only_with_trigger.py
[2024-10-10T08:24:33.969+0000] {processor.py:925} INFO - DAG(s) 'latest_only_with_trigger' retrieved from /home/airflow/.local/lib/python3.12/site-packages/airflow/example_dags/example_latest_only_with_trigger.py
[2024-10-10T08:24:33.983+0000] {logging_mixin.py:190} INFO - [2024-10-10T08:24:33.982+0000] {dag.py:3229} INFO - Sync 1 DAGs
[2024-10-10T08:24:33.993+0000] {logging_mixin.py:190} INFO - [2024-10-10T08:24:33.993+0000] {dag.py:4156} INFO - Setting next_dagrun for latest_only_with_trigger to 2024-10-10 04:00:00+00:00, run_after=2024-10-10 08:00:00+00:00
[2024-10-10T08:24:34.000+0000] {processor.py:208} INFO - Processing /home/airflow/.local/lib/python3.12/site-packages/airflow/example_dags/example_latest_only_with_trigger.py took 0.042 seconds
[2024-10-10T08:25:04.841+0000] {processor.py:186} INFO - Started process (PID=39908) to work on /home/airflow/.local/lib/python3.12/site-packages/airflow/example_dags/example_latest_only_with_trigger.py
[2024-10-10T08:25:04.842+0000] {processor.py:914} INFO - Processing file /home/airflow/.local/lib/python3.12/site-packages/airflow/example_dags/example_latest_only_with_trigger.py for tasks to queue
[2024-10-10T08:25:04.843+0000] {logging_mixin.py:190} INFO - [2024-10-10T08:25:04.843+0000] {dagbag.py:587} INFO - Filling up the DagBag from /home/airflow/.local/lib/python3.12/site-packages/airflow/example_dags/example_latest_only_with_trigger.py
[2024-10-10T08:25:04.849+0000] {processor.py:925} INFO - DAG(s) 'latest_only_with_trigger' retrieved from /home/airflow/.local/lib/python3.12/site-packages/airflow/example_dags/example_latest_only_with_trigger.py
[2024-10-10T08:25:04.863+0000] {logging_mixin.py:190} INFO - [2024-10-10T08:25:04.863+0000] {dag.py:3229} INFO - Sync 1 DAGs
[2024-10-10T08:25:04.876+0000] {logging_mixin.py:190} INFO - [2024-10-10T08:25:04.876+0000] {dag.py:4156} INFO - Setting next_dagrun for latest_only_with_trigger to 2024-10-10 04:00:00+00:00, run_after=2024-10-10 08:00:00+00:00
[2024-10-10T08:25:04.889+0000] {processor.py:208} INFO - Processing /home/airflow/.local/lib/python3.12/site-packages/airflow/example_dags/example_latest_only_with_trigger.py took 0.050 seconds
[2024-10-10T09:14:58.308+0000] {processor.py:186} INFO - Started process (PID=39979) to work on /home/airflow/.local/lib/python3.12/site-packages/airflow/example_dags/example_latest_only_with_trigger.py
[2024-10-10T09:14:58.308+0000] {processor.py:914} INFO - Processing file /home/airflow/.local/lib/python3.12/site-packages/airflow/example_dags/example_latest_only_with_trigger.py for tasks to queue
[2024-10-10T09:14:58.310+0000] {logging_mixin.py:190} INFO - [2024-10-10T09:14:58.310+0000] {dagbag.py:587} INFO - Filling up the DagBag from /home/airflow/.local/lib/python3.12/site-packages/airflow/example_dags/example_latest_only_with_trigger.py
[2024-10-10T09:14:58.314+0000] {processor.py:925} INFO - DAG(s) 'latest_only_with_trigger' retrieved from /home/airflow/.local/lib/python3.12/site-packages/airflow/example_dags/example_latest_only_with_trigger.py
[2024-10-10T09:14:58.323+0000] {logging_mixin.py:190} INFO - [2024-10-10T09:14:58.323+0000] {dag.py:3229} INFO - Sync 1 DAGs
[2024-10-10T09:14:58.334+0000] {logging_mixin.py:190} INFO - [2024-10-10T09:14:58.333+0000] {dag.py:4156} INFO - Setting next_dagrun for latest_only_with_trigger to 2024-10-10 04:00:00+00:00, run_after=2024-10-10 08:00:00+00:00
[2024-10-10T09:14:58.342+0000] {processor.py:208} INFO - Processing /home/airflow/.local/lib/python3.12/site-packages/airflow/example_dags/example_latest_only_with_trigger.py took 0.037 seconds
[2024-10-10T10:21:18.815+0000] {processor.py:186} INFO - Started process (PID=40050) to work on /home/airflow/.local/lib/python3.12/site-packages/airflow/example_dags/example_latest_only_with_trigger.py
[2024-10-10T10:21:18.816+0000] {processor.py:914} INFO - Processing file /home/airflow/.local/lib/python3.12/site-packages/airflow/example_dags/example_latest_only_with_trigger.py for tasks to queue
[2024-10-10T10:21:18.818+0000] {logging_mixin.py:190} INFO - [2024-10-10T10:21:18.817+0000] {dagbag.py:587} INFO - Filling up the DagBag from /home/airflow/.local/lib/python3.12/site-packages/airflow/example_dags/example_latest_only_with_trigger.py
[2024-10-10T10:21:18.822+0000] {processor.py:925} INFO - DAG(s) 'latest_only_with_trigger' retrieved from /home/airflow/.local/lib/python3.12/site-packages/airflow/example_dags/example_latest_only_with_trigger.py
[2024-10-10T10:21:18.839+0000] {logging_mixin.py:190} INFO - [2024-10-10T10:21:18.839+0000] {dag.py:3229} INFO - Sync 1 DAGs
[2024-10-10T10:21:18.862+0000] {logging_mixin.py:190} INFO - [2024-10-10T10:21:18.862+0000] {dag.py:4156} INFO - Setting next_dagrun for latest_only_with_trigger to 2024-10-10 04:00:00+00:00, run_after=2024-10-10 08:00:00+00:00
[2024-10-10T10:21:18.876+0000] {processor.py:208} INFO - Processing /home/airflow/.local/lib/python3.12/site-packages/airflow/example_dags/example_latest_only_with_trigger.py took 0.064 seconds
[2024-10-10T10:44:15.646+0000] {processor.py:186} INFO - Started process (PID=40121) to work on /home/airflow/.local/lib/python3.12/site-packages/airflow/example_dags/example_latest_only_with_trigger.py
[2024-10-10T10:44:15.649+0000] {processor.py:914} INFO - Processing file /home/airflow/.local/lib/python3.12/site-packages/airflow/example_dags/example_latest_only_with_trigger.py for tasks to queue
[2024-10-10T10:44:15.650+0000] {logging_mixin.py:190} INFO - [2024-10-10T10:44:15.650+0000] {dagbag.py:587} INFO - Filling up the DagBag from /home/airflow/.local/lib/python3.12/site-packages/airflow/example_dags/example_latest_only_with_trigger.py
[2024-10-10T10:44:15.654+0000] {processor.py:925} INFO - DAG(s) 'latest_only_with_trigger' retrieved from /home/airflow/.local/lib/python3.12/site-packages/airflow/example_dags/example_latest_only_with_trigger.py
[2024-10-10T10:44:15.664+0000] {logging_mixin.py:190} INFO - [2024-10-10T10:44:15.664+0000] {dag.py:3229} INFO - Sync 1 DAGs
[2024-10-10T10:44:15.676+0000] {logging_mixin.py:190} INFO - [2024-10-10T10:44:15.676+0000] {dag.py:4156} INFO - Setting next_dagrun for latest_only_with_trigger to 2024-10-10 04:00:00+00:00, run_after=2024-10-10 08:00:00+00:00
[2024-10-10T10:44:15.685+0000] {processor.py:208} INFO - Processing /home/airflow/.local/lib/python3.12/site-packages/airflow/example_dags/example_latest_only_with_trigger.py took 0.042 seconds
[2024-10-10T11:15:58.130+0000] {processor.py:186} INFO - Started process (PID=40192) to work on /home/airflow/.local/lib/python3.12/site-packages/airflow/example_dags/example_latest_only_with_trigger.py
[2024-10-10T11:15:58.131+0000] {processor.py:914} INFO - Processing file /home/airflow/.local/lib/python3.12/site-packages/airflow/example_dags/example_latest_only_with_trigger.py for tasks to queue
[2024-10-10T11:15:58.133+0000] {logging_mixin.py:190} INFO - [2024-10-10T11:15:58.132+0000] {dagbag.py:587} INFO - Filling up the DagBag from /home/airflow/.local/lib/python3.12/site-packages/airflow/example_dags/example_latest_only_with_trigger.py
[2024-10-10T11:15:58.145+0000] {processor.py:925} INFO - DAG(s) 'latest_only_with_trigger' retrieved from /home/airflow/.local/lib/python3.12/site-packages/airflow/example_dags/example_latest_only_with_trigger.py
[2024-10-10T11:15:58.164+0000] {logging_mixin.py:190} INFO - [2024-10-10T11:15:58.164+0000] {dag.py:3229} INFO - Sync 1 DAGs
[2024-10-10T11:15:58.177+0000] {logging_mixin.py:190} INFO - [2024-10-10T11:15:58.177+0000] {dag.py:4156} INFO - Setting next_dagrun for latest_only_with_trigger to 2024-10-10 04:00:00+00:00, run_after=2024-10-10 08:00:00+00:00
[2024-10-10T11:15:58.187+0000] {processor.py:208} INFO - Processing /home/airflow/.local/lib/python3.12/site-packages/airflow/example_dags/example_latest_only_with_trigger.py took 0.061 seconds
[2024-10-10T11:16:28.775+0000] {processor.py:186} INFO - Started process (PID=40263) to work on /home/airflow/.local/lib/python3.12/site-packages/airflow/example_dags/example_latest_only_with_trigger.py
[2024-10-10T11:16:28.777+0000] {processor.py:914} INFO - Processing file /home/airflow/.local/lib/python3.12/site-packages/airflow/example_dags/example_latest_only_with_trigger.py for tasks to queue
[2024-10-10T11:16:28.778+0000] {logging_mixin.py:190} INFO - [2024-10-10T11:16:28.778+0000] {dagbag.py:587} INFO - Filling up the DagBag from /home/airflow/.local/lib/python3.12/site-packages/airflow/example_dags/example_latest_only_with_trigger.py
[2024-10-10T11:16:28.783+0000] {processor.py:925} INFO - DAG(s) 'latest_only_with_trigger' retrieved from /home/airflow/.local/lib/python3.12/site-packages/airflow/example_dags/example_latest_only_with_trigger.py
[2024-10-10T11:16:28.793+0000] {logging_mixin.py:190} INFO - [2024-10-10T11:16:28.793+0000] {dag.py:3229} INFO - Sync 1 DAGs
[2024-10-10T11:16:28.803+0000] {logging_mixin.py:190} INFO - [2024-10-10T11:16:28.803+0000] {dag.py:4156} INFO - Setting next_dagrun for latest_only_with_trigger to 2024-10-10 04:00:00+00:00, run_after=2024-10-10 08:00:00+00:00
[2024-10-10T11:16:28.811+0000] {processor.py:208} INFO - Processing /home/airflow/.local/lib/python3.12/site-packages/airflow/example_dags/example_latest_only_with_trigger.py took 0.038 seconds
[2024-10-10T12:21:22.656+0000] {processor.py:186} INFO - Started process (PID=40334) to work on /home/airflow/.local/lib/python3.12/site-packages/airflow/example_dags/example_latest_only_with_trigger.py
[2024-10-10T12:21:22.657+0000] {processor.py:914} INFO - Processing file /home/airflow/.local/lib/python3.12/site-packages/airflow/example_dags/example_latest_only_with_trigger.py for tasks to queue
[2024-10-10T12:21:22.657+0000] {logging_mixin.py:190} INFO - [2024-10-10T12:21:22.657+0000] {dagbag.py:587} INFO - Filling up the DagBag from /home/airflow/.local/lib/python3.12/site-packages/airflow/example_dags/example_latest_only_with_trigger.py
[2024-10-10T12:21:22.663+0000] {processor.py:925} INFO - DAG(s) 'latest_only_with_trigger' retrieved from /home/airflow/.local/lib/python3.12/site-packages/airflow/example_dags/example_latest_only_with_trigger.py
[2024-10-10T12:21:22.674+0000] {logging_mixin.py:190} INFO - [2024-10-10T12:21:22.674+0000] {dag.py:3229} INFO - Sync 1 DAGs
[2024-10-10T12:21:22.684+0000] {logging_mixin.py:190} INFO - [2024-10-10T12:21:22.684+0000] {dag.py:4156} INFO - Setting next_dagrun for latest_only_with_trigger to 2024-10-10 08:00:00+00:00, run_after=2024-10-10 12:00:00+00:00
[2024-10-10T12:21:22.693+0000] {processor.py:208} INFO - Processing /home/airflow/.local/lib/python3.12/site-packages/airflow/example_dags/example_latest_only_with_trigger.py took 0.041 seconds
[2024-10-10T12:50:52.478+0000] {processor.py:186} INFO - Started process (PID=40404) to work on /home/airflow/.local/lib/python3.12/site-packages/airflow/example_dags/example_latest_only_with_trigger.py
[2024-10-10T12:50:52.481+0000] {processor.py:914} INFO - Processing file /home/airflow/.local/lib/python3.12/site-packages/airflow/example_dags/example_latest_only_with_trigger.py for tasks to queue
[2024-10-10T12:50:52.482+0000] {logging_mixin.py:190} INFO - [2024-10-10T12:50:52.482+0000] {dagbag.py:587} INFO - Filling up the DagBag from /home/airflow/.local/lib/python3.12/site-packages/airflow/example_dags/example_latest_only_with_trigger.py
[2024-10-10T12:50:52.487+0000] {processor.py:925} INFO - DAG(s) 'latest_only_with_trigger' retrieved from /home/airflow/.local/lib/python3.12/site-packages/airflow/example_dags/example_latest_only_with_trigger.py
[2024-10-10T12:50:52.495+0000] {logging_mixin.py:190} INFO - [2024-10-10T12:50:52.495+0000] {dag.py:3229} INFO - Sync 1 DAGs
[2024-10-10T12:50:52.507+0000] {logging_mixin.py:190} INFO - [2024-10-10T12:50:52.507+0000] {dag.py:4156} INFO - Setting next_dagrun for latest_only_with_trigger to 2024-10-10 08:00:00+00:00, run_after=2024-10-10 12:00:00+00:00
[2024-10-10T12:50:52.517+0000] {processor.py:208} INFO - Processing /home/airflow/.local/lib/python3.12/site-packages/airflow/example_dags/example_latest_only_with_trigger.py took 0.042 seconds
[2024-10-10T13:08:19.456+0000] {processor.py:186} INFO - Started process (PID=40475) to work on /home/airflow/.local/lib/python3.12/site-packages/airflow/example_dags/example_latest_only_with_trigger.py
[2024-10-10T13:08:19.458+0000] {processor.py:914} INFO - Processing file /home/airflow/.local/lib/python3.12/site-packages/airflow/example_dags/example_latest_only_with_trigger.py for tasks to queue
[2024-10-10T13:08:19.459+0000] {logging_mixin.py:190} INFO - [2024-10-10T13:08:19.459+0000] {dagbag.py:587} INFO - Filling up the DagBag from /home/airflow/.local/lib/python3.12/site-packages/airflow/example_dags/example_latest_only_with_trigger.py
[2024-10-10T13:08:19.465+0000] {processor.py:925} INFO - DAG(s) 'latest_only_with_trigger' retrieved from /home/airflow/.local/lib/python3.12/site-packages/airflow/example_dags/example_latest_only_with_trigger.py
[2024-10-10T13:08:19.479+0000] {logging_mixin.py:190} INFO - [2024-10-10T13:08:19.479+0000] {dag.py:3229} INFO - Sync 1 DAGs
[2024-10-10T13:08:19.494+0000] {logging_mixin.py:190} INFO - [2024-10-10T13:08:19.494+0000] {dag.py:4156} INFO - Setting next_dagrun for latest_only_with_trigger to 2024-10-10 08:00:00+00:00, run_after=2024-10-10 12:00:00+00:00
[2024-10-10T13:08:19.507+0000] {processor.py:208} INFO - Processing /home/airflow/.local/lib/python3.12/site-packages/airflow/example_dags/example_latest_only_with_trigger.py took 0.058 seconds
[2024-10-10T13:51:03.588+0000] {processor.py:186} INFO - Started process (PID=40546) to work on /home/airflow/.local/lib/python3.12/site-packages/airflow/example_dags/example_latest_only_with_trigger.py
[2024-10-10T13:51:03.589+0000] {processor.py:914} INFO - Processing file /home/airflow/.local/lib/python3.12/site-packages/airflow/example_dags/example_latest_only_with_trigger.py for tasks to queue
[2024-10-10T13:51:03.589+0000] {logging_mixin.py:190} INFO - [2024-10-10T13:51:03.589+0000] {dagbag.py:587} INFO - Filling up the DagBag from /home/airflow/.local/lib/python3.12/site-packages/airflow/example_dags/example_latest_only_with_trigger.py
[2024-10-10T13:51:03.598+0000] {processor.py:925} INFO - DAG(s) 'latest_only_with_trigger' retrieved from /home/airflow/.local/lib/python3.12/site-packages/airflow/example_dags/example_latest_only_with_trigger.py
[2024-10-10T13:51:03.612+0000] {logging_mixin.py:190} INFO - [2024-10-10T13:51:03.612+0000] {dag.py:3229} INFO - Sync 1 DAGs
[2024-10-10T13:51:03.633+0000] {logging_mixin.py:190} INFO - [2024-10-10T13:51:03.633+0000] {dag.py:4156} INFO - Setting next_dagrun for latest_only_with_trigger to 2024-10-10 08:00:00+00:00, run_after=2024-10-10 12:00:00+00:00
[2024-10-10T13:51:03.644+0000] {processor.py:208} INFO - Processing /home/airflow/.local/lib/python3.12/site-packages/airflow/example_dags/example_latest_only_with_trigger.py took 0.059 seconds
[2024-10-10T14:18:17.520+0000] {processor.py:186} INFO - Started process (PID=40617) to work on /home/airflow/.local/lib/python3.12/site-packages/airflow/example_dags/example_latest_only_with_trigger.py
[2024-10-10T14:18:17.521+0000] {processor.py:914} INFO - Processing file /home/airflow/.local/lib/python3.12/site-packages/airflow/example_dags/example_latest_only_with_trigger.py for tasks to queue
[2024-10-10T14:18:17.523+0000] {logging_mixin.py:190} INFO - [2024-10-10T14:18:17.522+0000] {dagbag.py:587} INFO - Filling up the DagBag from /home/airflow/.local/lib/python3.12/site-packages/airflow/example_dags/example_latest_only_with_trigger.py
[2024-10-10T14:18:17.529+0000] {processor.py:925} INFO - DAG(s) 'latest_only_with_trigger' retrieved from /home/airflow/.local/lib/python3.12/site-packages/airflow/example_dags/example_latest_only_with_trigger.py
[2024-10-10T14:18:17.543+0000] {logging_mixin.py:190} INFO - [2024-10-10T14:18:17.542+0000] {dag.py:3229} INFO - Sync 1 DAGs
[2024-10-10T14:18:17.555+0000] {logging_mixin.py:190} INFO - [2024-10-10T14:18:17.555+0000] {dag.py:4156} INFO - Setting next_dagrun for latest_only_with_trigger to 2024-10-10 08:00:00+00:00, run_after=2024-10-10 12:00:00+00:00
[2024-10-10T14:18:17.566+0000] {processor.py:208} INFO - Processing /home/airflow/.local/lib/python3.12/site-packages/airflow/example_dags/example_latest_only_with_trigger.py took 0.050 seconds
[2024-10-10T14:50:16.914+0000] {processor.py:186} INFO - Started process (PID=40688) to work on /home/airflow/.local/lib/python3.12/site-packages/airflow/example_dags/example_latest_only_with_trigger.py
[2024-10-10T14:50:16.917+0000] {processor.py:914} INFO - Processing file /home/airflow/.local/lib/python3.12/site-packages/airflow/example_dags/example_latest_only_with_trigger.py for tasks to queue
[2024-10-10T14:50:16.919+0000] {logging_mixin.py:190} INFO - [2024-10-10T14:50:16.919+0000] {dagbag.py:587} INFO - Filling up the DagBag from /home/airflow/.local/lib/python3.12/site-packages/airflow/example_dags/example_latest_only_with_trigger.py
[2024-10-10T14:50:16.924+0000] {processor.py:925} INFO - DAG(s) 'latest_only_with_trigger' retrieved from /home/airflow/.local/lib/python3.12/site-packages/airflow/example_dags/example_latest_only_with_trigger.py
[2024-10-10T14:50:16.934+0000] {logging_mixin.py:190} INFO - [2024-10-10T14:50:16.934+0000] {dag.py:3229} INFO - Sync 1 DAGs
[2024-10-10T14:50:16.945+0000] {logging_mixin.py:190} INFO - [2024-10-10T14:50:16.944+0000] {dag.py:4156} INFO - Setting next_dagrun for latest_only_with_trigger to 2024-10-10 08:00:00+00:00, run_after=2024-10-10 12:00:00+00:00
[2024-10-10T14:50:16.957+0000] {processor.py:208} INFO - Processing /home/airflow/.local/lib/python3.12/site-packages/airflow/example_dags/example_latest_only_with_trigger.py took 0.046 seconds
[2024-10-10T15:19:02.319+0000] {processor.py:186} INFO - Started process (PID=40759) to work on /home/airflow/.local/lib/python3.12/site-packages/airflow/example_dags/example_latest_only_with_trigger.py
[2024-10-10T15:19:02.320+0000] {processor.py:914} INFO - Processing file /home/airflow/.local/lib/python3.12/site-packages/airflow/example_dags/example_latest_only_with_trigger.py for tasks to queue
[2024-10-10T15:19:02.320+0000] {logging_mixin.py:190} INFO - [2024-10-10T15:19:02.320+0000] {dagbag.py:587} INFO - Filling up the DagBag from /home/airflow/.local/lib/python3.12/site-packages/airflow/example_dags/example_latest_only_with_trigger.py
[2024-10-10T15:19:02.326+0000] {processor.py:925} INFO - DAG(s) 'latest_only_with_trigger' retrieved from /home/airflow/.local/lib/python3.12/site-packages/airflow/example_dags/example_latest_only_with_trigger.py
[2024-10-10T15:19:02.335+0000] {logging_mixin.py:190} INFO - [2024-10-10T15:19:02.335+0000] {dag.py:3229} INFO - Sync 1 DAGs
[2024-10-10T15:19:02.346+0000] {logging_mixin.py:190} INFO - [2024-10-10T15:19:02.346+0000] {dag.py:4156} INFO - Setting next_dagrun for latest_only_with_trigger to 2024-10-10 08:00:00+00:00, run_after=2024-10-10 12:00:00+00:00
[2024-10-10T15:19:02.353+0000] {processor.py:208} INFO - Processing /home/airflow/.local/lib/python3.12/site-packages/airflow/example_dags/example_latest_only_with_trigger.py took 0.037 seconds
[2024-10-10T15:50:09.437+0000] {processor.py:186} INFO - Started process (PID=40830) to work on /home/airflow/.local/lib/python3.12/site-packages/airflow/example_dags/example_latest_only_with_trigger.py
[2024-10-10T15:50:09.441+0000] {processor.py:914} INFO - Processing file /home/airflow/.local/lib/python3.12/site-packages/airflow/example_dags/example_latest_only_with_trigger.py for tasks to queue
[2024-10-10T15:50:09.441+0000] {logging_mixin.py:190} INFO - [2024-10-10T15:50:09.441+0000] {dagbag.py:587} INFO - Filling up the DagBag from /home/airflow/.local/lib/python3.12/site-packages/airflow/example_dags/example_latest_only_with_trigger.py
[2024-10-10T15:50:09.446+0000] {processor.py:925} INFO - DAG(s) 'latest_only_with_trigger' retrieved from /home/airflow/.local/lib/python3.12/site-packages/airflow/example_dags/example_latest_only_with_trigger.py
[2024-10-10T15:50:09.456+0000] {logging_mixin.py:190} INFO - [2024-10-10T15:50:09.456+0000] {dag.py:3229} INFO - Sync 1 DAGs
[2024-10-10T15:50:09.467+0000] {logging_mixin.py:190} INFO - [2024-10-10T15:50:09.467+0000] {dag.py:4156} INFO - Setting next_dagrun for latest_only_with_trigger to 2024-10-10 08:00:00+00:00, run_after=2024-10-10 12:00:00+00:00
[2024-10-10T15:50:09.480+0000] {processor.py:208} INFO - Processing /home/airflow/.local/lib/python3.12/site-packages/airflow/example_dags/example_latest_only_with_trigger.py took 0.046 seconds
[2024-10-10T16:36:38.333+0000] {processor.py:186} INFO - Started process (PID=40901) to work on /home/airflow/.local/lib/python3.12/site-packages/airflow/example_dags/example_latest_only_with_trigger.py
[2024-10-10T16:36:38.336+0000] {processor.py:914} INFO - Processing file /home/airflow/.local/lib/python3.12/site-packages/airflow/example_dags/example_latest_only_with_trigger.py for tasks to queue
[2024-10-10T16:36:38.338+0000] {logging_mixin.py:190} INFO - [2024-10-10T16:36:38.337+0000] {dagbag.py:587} INFO - Filling up the DagBag from /home/airflow/.local/lib/python3.12/site-packages/airflow/example_dags/example_latest_only_with_trigger.py
[2024-10-10T16:36:38.348+0000] {processor.py:925} INFO - DAG(s) 'latest_only_with_trigger' retrieved from /home/airflow/.local/lib/python3.12/site-packages/airflow/example_dags/example_latest_only_with_trigger.py
[2024-10-10T16:36:38.376+0000] {logging_mixin.py:190} INFO - [2024-10-10T16:36:38.376+0000] {dag.py:3229} INFO - Sync 1 DAGs
[2024-10-10T16:36:38.399+0000] {logging_mixin.py:190} INFO - [2024-10-10T16:36:38.399+0000] {dag.py:4156} INFO - Setting next_dagrun for latest_only_with_trigger to 2024-10-10 12:00:00+00:00, run_after=2024-10-10 16:00:00+00:00
[2024-10-10T16:36:38.416+0000] {processor.py:208} INFO - Processing /home/airflow/.local/lib/python3.12/site-packages/airflow/example_dags/example_latest_only_with_trigger.py took 0.123 seconds
[2024-10-10T16:45:46.910+0000] {processor.py:186} INFO - Started process (PID=40972) to work on /home/airflow/.local/lib/python3.12/site-packages/airflow/example_dags/example_latest_only_with_trigger.py
[2024-10-10T16:45:46.914+0000] {processor.py:914} INFO - Processing file /home/airflow/.local/lib/python3.12/site-packages/airflow/example_dags/example_latest_only_with_trigger.py for tasks to queue
[2024-10-10T16:45:46.915+0000] {logging_mixin.py:190} INFO - [2024-10-10T16:45:46.914+0000] {dagbag.py:587} INFO - Filling up the DagBag from /home/airflow/.local/lib/python3.12/site-packages/airflow/example_dags/example_latest_only_with_trigger.py
[2024-10-10T16:45:46.919+0000] {processor.py:925} INFO - DAG(s) 'latest_only_with_trigger' retrieved from /home/airflow/.local/lib/python3.12/site-packages/airflow/example_dags/example_latest_only_with_trigger.py
[2024-10-10T16:45:46.931+0000] {logging_mixin.py:190} INFO - [2024-10-10T16:45:46.931+0000] {dag.py:3229} INFO - Sync 1 DAGs
[2024-10-10T16:45:46.942+0000] {logging_mixin.py:190} INFO - [2024-10-10T16:45:46.942+0000] {dag.py:4156} INFO - Setting next_dagrun for latest_only_with_trigger to 2024-10-10 12:00:00+00:00, run_after=2024-10-10 16:00:00+00:00
[2024-10-10T16:45:46.949+0000] {processor.py:208} INFO - Processing /home/airflow/.local/lib/python3.12/site-packages/airflow/example_dags/example_latest_only_with_trigger.py took 0.042 seconds
[2024-10-10T17:20:01.674+0000] {processor.py:186} INFO - Started process (PID=41042) to work on /home/airflow/.local/lib/python3.12/site-packages/airflow/example_dags/example_latest_only_with_trigger.py
[2024-10-10T17:20:01.675+0000] {processor.py:914} INFO - Processing file /home/airflow/.local/lib/python3.12/site-packages/airflow/example_dags/example_latest_only_with_trigger.py for tasks to queue
[2024-10-10T17:20:01.676+0000] {logging_mixin.py:190} INFO - [2024-10-10T17:20:01.676+0000] {dagbag.py:587} INFO - Filling up the DagBag from /home/airflow/.local/lib/python3.12/site-packages/airflow/example_dags/example_latest_only_with_trigger.py
[2024-10-10T17:20:01.681+0000] {processor.py:925} INFO - DAG(s) 'latest_only_with_trigger' retrieved from /home/airflow/.local/lib/python3.12/site-packages/airflow/example_dags/example_latest_only_with_trigger.py
[2024-10-10T17:20:01.694+0000] {logging_mixin.py:190} INFO - [2024-10-10T17:20:01.694+0000] {dag.py:3229} INFO - Sync 1 DAGs
[2024-10-10T17:20:01.704+0000] {logging_mixin.py:190} INFO - [2024-10-10T17:20:01.704+0000] {dag.py:4156} INFO - Setting next_dagrun for latest_only_with_trigger to 2024-10-10 12:00:00+00:00, run_after=2024-10-10 16:00:00+00:00
[2024-10-10T17:20:01.713+0000] {processor.py:208} INFO - Processing /home/airflow/.local/lib/python3.12/site-packages/airflow/example_dags/example_latest_only_with_trigger.py took 0.042 seconds
[2024-10-10T18:21:01.498+0000] {processor.py:186} INFO - Started process (PID=41113) to work on /home/airflow/.local/lib/python3.12/site-packages/airflow/example_dags/example_latest_only_with_trigger.py
[2024-10-10T18:21:01.499+0000] {processor.py:914} INFO - Processing file /home/airflow/.local/lib/python3.12/site-packages/airflow/example_dags/example_latest_only_with_trigger.py for tasks to queue
[2024-10-10T18:21:01.499+0000] {logging_mixin.py:190} INFO - [2024-10-10T18:21:01.499+0000] {dagbag.py:587} INFO - Filling up the DagBag from /home/airflow/.local/lib/python3.12/site-packages/airflow/example_dags/example_latest_only_with_trigger.py
[2024-10-10T18:21:01.504+0000] {processor.py:925} INFO - DAG(s) 'latest_only_with_trigger' retrieved from /home/airflow/.local/lib/python3.12/site-packages/airflow/example_dags/example_latest_only_with_trigger.py
[2024-10-10T18:21:01.514+0000] {logging_mixin.py:190} INFO - [2024-10-10T18:21:01.514+0000] {dag.py:3229} INFO - Sync 1 DAGs
[2024-10-10T18:21:01.525+0000] {logging_mixin.py:190} INFO - [2024-10-10T18:21:01.525+0000] {dag.py:4156} INFO - Setting next_dagrun for latest_only_with_trigger to 2024-10-10 12:00:00+00:00, run_after=2024-10-10 16:00:00+00:00
[2024-10-10T18:21:01.533+0000] {processor.py:208} INFO - Processing /home/airflow/.local/lib/python3.12/site-packages/airflow/example_dags/example_latest_only_with_trigger.py took 0.038 seconds
[2024-10-10T18:38:27.411+0000] {processor.py:186} INFO - Started process (PID=41184) to work on /home/airflow/.local/lib/python3.12/site-packages/airflow/example_dags/example_latest_only_with_trigger.py
[2024-10-10T18:38:27.413+0000] {processor.py:914} INFO - Processing file /home/airflow/.local/lib/python3.12/site-packages/airflow/example_dags/example_latest_only_with_trigger.py for tasks to queue
[2024-10-10T18:38:27.416+0000] {logging_mixin.py:190} INFO - [2024-10-10T18:38:27.416+0000] {dagbag.py:587} INFO - Filling up the DagBag from /home/airflow/.local/lib/python3.12/site-packages/airflow/example_dags/example_latest_only_with_trigger.py
[2024-10-10T18:38:27.421+0000] {processor.py:925} INFO - DAG(s) 'latest_only_with_trigger' retrieved from /home/airflow/.local/lib/python3.12/site-packages/airflow/example_dags/example_latest_only_with_trigger.py
[2024-10-10T18:38:27.435+0000] {logging_mixin.py:190} INFO - [2024-10-10T18:38:27.435+0000] {dag.py:3229} INFO - Sync 1 DAGs
[2024-10-10T18:38:27.447+0000] {logging_mixin.py:190} INFO - [2024-10-10T18:38:27.447+0000] {dag.py:4156} INFO - Setting next_dagrun for latest_only_with_trigger to 2024-10-10 12:00:00+00:00, run_after=2024-10-10 16:00:00+00:00
[2024-10-10T18:38:27.461+0000] {processor.py:208} INFO - Processing /home/airflow/.local/lib/python3.12/site-packages/airflow/example_dags/example_latest_only_with_trigger.py took 0.053 seconds
[2024-10-10T19:39:11.874+0000] {processor.py:186} INFO - Started process (PID=41255) to work on /home/airflow/.local/lib/python3.12/site-packages/airflow/example_dags/example_latest_only_with_trigger.py
[2024-10-10T19:39:11.877+0000] {processor.py:914} INFO - Processing file /home/airflow/.local/lib/python3.12/site-packages/airflow/example_dags/example_latest_only_with_trigger.py for tasks to queue
[2024-10-10T19:39:11.878+0000] {logging_mixin.py:190} INFO - [2024-10-10T19:39:11.878+0000] {dagbag.py:587} INFO - Filling up the DagBag from /home/airflow/.local/lib/python3.12/site-packages/airflow/example_dags/example_latest_only_with_trigger.py
[2024-10-10T19:39:11.882+0000] {processor.py:925} INFO - DAG(s) 'latest_only_with_trigger' retrieved from /home/airflow/.local/lib/python3.12/site-packages/airflow/example_dags/example_latest_only_with_trigger.py
[2024-10-10T19:39:11.892+0000] {logging_mixin.py:190} INFO - [2024-10-10T19:39:11.892+0000] {dag.py:3229} INFO - Sync 1 DAGs
[2024-10-10T19:39:11.902+0000] {logging_mixin.py:190} INFO - [2024-10-10T19:39:11.902+0000] {dag.py:4156} INFO - Setting next_dagrun for latest_only_with_trigger to 2024-10-10 12:00:00+00:00, run_after=2024-10-10 16:00:00+00:00
[2024-10-10T19:39:11.911+0000] {processor.py:208} INFO - Processing /home/airflow/.local/lib/python3.12/site-packages/airflow/example_dags/example_latest_only_with_trigger.py took 0.040 seconds
[2024-10-10T20:23:15.641+0000] {processor.py:186} INFO - Started process (PID=41326) to work on /home/airflow/.local/lib/python3.12/site-packages/airflow/example_dags/example_latest_only_with_trigger.py
[2024-10-10T20:23:15.666+0000] {processor.py:914} INFO - Processing file /home/airflow/.local/lib/python3.12/site-packages/airflow/example_dags/example_latest_only_with_trigger.py for tasks to queue
[2024-10-10T20:23:15.677+0000] {logging_mixin.py:190} INFO - [2024-10-10T20:23:15.676+0000] {dagbag.py:587} INFO - Filling up the DagBag from /home/airflow/.local/lib/python3.12/site-packages/airflow/example_dags/example_latest_only_with_trigger.py
[2024-10-10T20:23:15.690+0000] {processor.py:925} INFO - DAG(s) 'latest_only_with_trigger' retrieved from /home/airflow/.local/lib/python3.12/site-packages/airflow/example_dags/example_latest_only_with_trigger.py
[2024-10-10T20:23:15.714+0000] {logging_mixin.py:190} INFO - [2024-10-10T20:23:15.713+0000] {dag.py:3229} INFO - Sync 1 DAGs
[2024-10-10T20:23:15.728+0000] {logging_mixin.py:190} INFO - [2024-10-10T20:23:15.728+0000] {dag.py:4156} INFO - Setting next_dagrun for latest_only_with_trigger to 2024-10-10 16:00:00+00:00, run_after=2024-10-10 20:00:00+00:00
[2024-10-10T20:23:15.761+0000] {processor.py:208} INFO - Processing /home/airflow/.local/lib/python3.12/site-packages/airflow/example_dags/example_latest_only_with_trigger.py took 0.136 seconds
[2024-10-10T20:54:20.639+0000] {processor.py:186} INFO - Started process (PID=41397) to work on /home/airflow/.local/lib/python3.12/site-packages/airflow/example_dags/example_latest_only_with_trigger.py
[2024-10-10T20:54:20.641+0000] {processor.py:914} INFO - Processing file /home/airflow/.local/lib/python3.12/site-packages/airflow/example_dags/example_latest_only_with_trigger.py for tasks to queue
[2024-10-10T20:54:20.642+0000] {logging_mixin.py:190} INFO - [2024-10-10T20:54:20.642+0000] {dagbag.py:587} INFO - Filling up the DagBag from /home/airflow/.local/lib/python3.12/site-packages/airflow/example_dags/example_latest_only_with_trigger.py
[2024-10-10T20:54:20.650+0000] {processor.py:925} INFO - DAG(s) 'latest_only_with_trigger' retrieved from /home/airflow/.local/lib/python3.12/site-packages/airflow/example_dags/example_latest_only_with_trigger.py
[2024-10-10T20:54:20.664+0000] {logging_mixin.py:190} INFO - [2024-10-10T20:54:20.664+0000] {dag.py:3229} INFO - Sync 1 DAGs
[2024-10-10T20:54:20.675+0000] {logging_mixin.py:190} INFO - [2024-10-10T20:54:20.674+0000] {dag.py:4156} INFO - Setting next_dagrun for latest_only_with_trigger to 2024-10-10 16:00:00+00:00, run_after=2024-10-10 20:00:00+00:00
[2024-10-10T20:54:20.685+0000] {processor.py:208} INFO - Processing /home/airflow/.local/lib/python3.12/site-packages/airflow/example_dags/example_latest_only_with_trigger.py took 0.050 seconds
[2024-10-10T21:24:08.585+0000] {processor.py:186} INFO - Started process (PID=41468) to work on /home/airflow/.local/lib/python3.12/site-packages/airflow/example_dags/example_latest_only_with_trigger.py
[2024-10-10T21:24:08.589+0000] {processor.py:914} INFO - Processing file /home/airflow/.local/lib/python3.12/site-packages/airflow/example_dags/example_latest_only_with_trigger.py for tasks to queue
[2024-10-10T21:24:08.590+0000] {logging_mixin.py:190} INFO - [2024-10-10T21:24:08.590+0000] {dagbag.py:587} INFO - Filling up the DagBag from /home/airflow/.local/lib/python3.12/site-packages/airflow/example_dags/example_latest_only_with_trigger.py
[2024-10-10T21:24:08.595+0000] {processor.py:925} INFO - DAG(s) 'latest_only_with_trigger' retrieved from /home/airflow/.local/lib/python3.12/site-packages/airflow/example_dags/example_latest_only_with_trigger.py
[2024-10-10T21:24:08.611+0000] {logging_mixin.py:190} INFO - [2024-10-10T21:24:08.611+0000] {dag.py:3229} INFO - Sync 1 DAGs
[2024-10-10T21:24:08.622+0000] {logging_mixin.py:190} INFO - [2024-10-10T21:24:08.621+0000] {dag.py:4156} INFO - Setting next_dagrun for latest_only_with_trigger to 2024-10-10 16:00:00+00:00, run_after=2024-10-10 20:00:00+00:00
[2024-10-10T21:24:08.632+0000] {processor.py:208} INFO - Processing /home/airflow/.local/lib/python3.12/site-packages/airflow/example_dags/example_latest_only_with_trigger.py took 0.050 seconds
[2024-10-10T21:24:39.241+0000] {processor.py:186} INFO - Started process (PID=41539) to work on /home/airflow/.local/lib/python3.12/site-packages/airflow/example_dags/example_latest_only_with_trigger.py
[2024-10-10T21:24:39.242+0000] {processor.py:914} INFO - Processing file /home/airflow/.local/lib/python3.12/site-packages/airflow/example_dags/example_latest_only_with_trigger.py for tasks to queue
[2024-10-10T21:24:39.243+0000] {logging_mixin.py:190} INFO - [2024-10-10T21:24:39.243+0000] {dagbag.py:587} INFO - Filling up the DagBag from /home/airflow/.local/lib/python3.12/site-packages/airflow/example_dags/example_latest_only_with_trigger.py
[2024-10-10T21:24:39.248+0000] {processor.py:925} INFO - DAG(s) 'latest_only_with_trigger' retrieved from /home/airflow/.local/lib/python3.12/site-packages/airflow/example_dags/example_latest_only_with_trigger.py
[2024-10-10T21:24:39.258+0000] {logging_mixin.py:190} INFO - [2024-10-10T21:24:39.258+0000] {dag.py:3229} INFO - Sync 1 DAGs
[2024-10-10T21:24:39.273+0000] {logging_mixin.py:190} INFO - [2024-10-10T21:24:39.273+0000] {dag.py:4156} INFO - Setting next_dagrun for latest_only_with_trigger to 2024-10-10 16:00:00+00:00, run_after=2024-10-10 20:00:00+00:00
[2024-10-10T21:24:39.282+0000] {processor.py:208} INFO - Processing /home/airflow/.local/lib/python3.12/site-packages/airflow/example_dags/example_latest_only_with_trigger.py took 0.044 seconds
[2024-10-10T21:43:35.717+0000] {processor.py:186} INFO - Started process (PID=41610) to work on /home/airflow/.local/lib/python3.12/site-packages/airflow/example_dags/example_latest_only_with_trigger.py
[2024-10-10T21:43:35.719+0000] {processor.py:914} INFO - Processing file /home/airflow/.local/lib/python3.12/site-packages/airflow/example_dags/example_latest_only_with_trigger.py for tasks to queue
[2024-10-10T21:43:35.720+0000] {logging_mixin.py:190} INFO - [2024-10-10T21:43:35.720+0000] {dagbag.py:587} INFO - Filling up the DagBag from /home/airflow/.local/lib/python3.12/site-packages/airflow/example_dags/example_latest_only_with_trigger.py
[2024-10-10T21:43:35.725+0000] {processor.py:925} INFO - DAG(s) 'latest_only_with_trigger' retrieved from /home/airflow/.local/lib/python3.12/site-packages/airflow/example_dags/example_latest_only_with_trigger.py
[2024-10-10T21:43:35.735+0000] {logging_mixin.py:190} INFO - [2024-10-10T21:43:35.735+0000] {dag.py:3229} INFO - Sync 1 DAGs
[2024-10-10T21:43:35.749+0000] {logging_mixin.py:190} INFO - [2024-10-10T21:43:35.749+0000] {dag.py:4156} INFO - Setting next_dagrun for latest_only_with_trigger to 2024-10-10 16:00:00+00:00, run_after=2024-10-10 20:00:00+00:00
[2024-10-10T21:43:35.757+0000] {processor.py:208} INFO - Processing /home/airflow/.local/lib/python3.12/site-packages/airflow/example_dags/example_latest_only_with_trigger.py took 0.043 seconds
[2024-10-10T22:17:48.455+0000] {processor.py:186} INFO - Started process (PID=41681) to work on /home/airflow/.local/lib/python3.12/site-packages/airflow/example_dags/example_latest_only_with_trigger.py
[2024-10-10T22:17:48.456+0000] {processor.py:914} INFO - Processing file /home/airflow/.local/lib/python3.12/site-packages/airflow/example_dags/example_latest_only_with_trigger.py for tasks to queue
[2024-10-10T22:17:48.457+0000] {logging_mixin.py:190} INFO - [2024-10-10T22:17:48.457+0000] {dagbag.py:587} INFO - Filling up the DagBag from /home/airflow/.local/lib/python3.12/site-packages/airflow/example_dags/example_latest_only_with_trigger.py
[2024-10-10T22:17:48.466+0000] {processor.py:925} INFO - DAG(s) 'latest_only_with_trigger' retrieved from /home/airflow/.local/lib/python3.12/site-packages/airflow/example_dags/example_latest_only_with_trigger.py
[2024-10-10T22:17:48.486+0000] {logging_mixin.py:190} INFO - [2024-10-10T22:17:48.486+0000] {dag.py:3229} INFO - Sync 1 DAGs
[2024-10-10T22:17:48.501+0000] {logging_mixin.py:190} INFO - [2024-10-10T22:17:48.501+0000] {dag.py:4156} INFO - Setting next_dagrun for latest_only_with_trigger to 2024-10-10 16:00:00+00:00, run_after=2024-10-10 20:00:00+00:00
[2024-10-10T22:17:48.510+0000] {processor.py:208} INFO - Processing /home/airflow/.local/lib/python3.12/site-packages/airflow/example_dags/example_latest_only_with_trigger.py took 0.058 seconds
[2024-10-10T22:46:08.886+0000] {processor.py:186} INFO - Started process (PID=41752) to work on /home/airflow/.local/lib/python3.12/site-packages/airflow/example_dags/example_latest_only_with_trigger.py
[2024-10-10T22:46:08.888+0000] {processor.py:914} INFO - Processing file /home/airflow/.local/lib/python3.12/site-packages/airflow/example_dags/example_latest_only_with_trigger.py for tasks to queue
[2024-10-10T22:46:08.889+0000] {logging_mixin.py:190} INFO - [2024-10-10T22:46:08.889+0000] {dagbag.py:587} INFO - Filling up the DagBag from /home/airflow/.local/lib/python3.12/site-packages/airflow/example_dags/example_latest_only_with_trigger.py
[2024-10-10T22:46:08.896+0000] {processor.py:925} INFO - DAG(s) 'latest_only_with_trigger' retrieved from /home/airflow/.local/lib/python3.12/site-packages/airflow/example_dags/example_latest_only_with_trigger.py
[2024-10-10T22:46:08.910+0000] {logging_mixin.py:190} INFO - [2024-10-10T22:46:08.910+0000] {dag.py:3229} INFO - Sync 1 DAGs
[2024-10-10T22:46:08.927+0000] {logging_mixin.py:190} INFO - [2024-10-10T22:46:08.926+0000] {dag.py:4156} INFO - Setting next_dagrun for latest_only_with_trigger to 2024-10-10 16:00:00+00:00, run_after=2024-10-10 20:00:00+00:00
[2024-10-10T22:46:08.942+0000] {processor.py:208} INFO - Processing /home/airflow/.local/lib/python3.12/site-packages/airflow/example_dags/example_latest_only_with_trigger.py took 0.059 seconds
[2024-10-10T23:26:19.556+0000] {processor.py:186} INFO - Started process (PID=41823) to work on /home/airflow/.local/lib/python3.12/site-packages/airflow/example_dags/example_latest_only_with_trigger.py
[2024-10-10T23:26:19.559+0000] {processor.py:914} INFO - Processing file /home/airflow/.local/lib/python3.12/site-packages/airflow/example_dags/example_latest_only_with_trigger.py for tasks to queue
[2024-10-10T23:26:19.559+0000] {logging_mixin.py:190} INFO - [2024-10-10T23:26:19.559+0000] {dagbag.py:587} INFO - Filling up the DagBag from /home/airflow/.local/lib/python3.12/site-packages/airflow/example_dags/example_latest_only_with_trigger.py
[2024-10-10T23:26:19.564+0000] {processor.py:925} INFO - DAG(s) 'latest_only_with_trigger' retrieved from /home/airflow/.local/lib/python3.12/site-packages/airflow/example_dags/example_latest_only_with_trigger.py
[2024-10-10T23:26:19.572+0000] {logging_mixin.py:190} INFO - [2024-10-10T23:26:19.572+0000] {dag.py:3229} INFO - Sync 1 DAGs
[2024-10-10T23:26:19.587+0000] {logging_mixin.py:190} INFO - [2024-10-10T23:26:19.587+0000] {dag.py:4156} INFO - Setting next_dagrun for latest_only_with_trigger to 2024-10-10 16:00:00+00:00, run_after=2024-10-10 20:00:00+00:00
[2024-10-10T23:26:19.598+0000] {processor.py:208} INFO - Processing /home/airflow/.local/lib/python3.12/site-packages/airflow/example_dags/example_latest_only_with_trigger.py took 0.045 seconds
