[2024-10-10T00:11:40.908+0000] {processor.py:186} INFO - Started process (PID=38830) to work on /home/airflow/.local/lib/python3.12/site-packages/airflow/example_dags/example_branch_datetime_operator.py
[2024-10-10T00:11:40.909+0000] {processor.py:914} INFO - Processing file /home/airflow/.local/lib/python3.12/site-packages/airflow/example_dags/example_branch_datetime_operator.py for tasks to queue
[2024-10-10T00:11:40.910+0000] {logging_mixin.py:190} INFO - [2024-10-10T00:11:40.910+0000] {dagbag.py:587} INFO - Filling up the DagBag from /home/airflow/.local/lib/python3.12/site-packages/airflow/example_dags/example_branch_datetime_operator.py
[2024-10-10T00:11:40.920+0000] {processor.py:925} INFO - DAG(s) 'example_branch_datetime_operator', 'example_branch_datetime_operator_3', 'example_branch_datetime_operator_2' retrieved from /home/airflow/.local/lib/python3.12/site-packages/airflow/example_dags/example_branch_datetime_operator.py
[2024-10-10T00:11:40.969+0000] {logging_mixin.py:190} INFO - [2024-10-10T00:11:40.968+0000] {dag.py:3229} INFO - Sync 3 DAGs
[2024-10-10T00:11:40.994+0000] {logging_mixin.py:190} INFO - [2024-10-10T00:11:40.994+0000] {dag.py:4156} INFO - Setting next_dagrun for example_branch_datetime_operator to 2024-10-09 00:00:00+00:00, run_after=2024-10-10 00:00:00+00:00
[2024-10-10T00:11:40.997+0000] {logging_mixin.py:190} INFO - [2024-10-10T00:11:40.997+0000] {dag.py:4156} INFO - Setting next_dagrun for example_branch_datetime_operator_2 to 2024-10-09 00:00:00+00:00, run_after=2024-10-10 00:00:00+00:00
[2024-10-10T00:11:40.999+0000] {logging_mixin.py:190} INFO - [2024-10-10T00:11:40.999+0000] {dag.py:4156} INFO - Setting next_dagrun for example_branch_datetime_operator_3 to 2024-10-09 00:00:00+00:00, run_after=2024-10-10 00:00:00+00:00
[2024-10-10T00:11:41.018+0000] {processor.py:208} INFO - Processing /home/airflow/.local/lib/python3.12/site-packages/airflow/example_dags/example_branch_datetime_operator.py took 0.114 seconds
[2024-10-10T01:18:07.744+0000] {processor.py:186} INFO - Started process (PID=38901) to work on /home/airflow/.local/lib/python3.12/site-packages/airflow/example_dags/example_branch_datetime_operator.py
[2024-10-10T01:18:07.745+0000] {processor.py:914} INFO - Processing file /home/airflow/.local/lib/python3.12/site-packages/airflow/example_dags/example_branch_datetime_operator.py for tasks to queue
[2024-10-10T01:18:07.746+0000] {logging_mixin.py:190} INFO - [2024-10-10T01:18:07.746+0000] {dagbag.py:587} INFO - Filling up the DagBag from /home/airflow/.local/lib/python3.12/site-packages/airflow/example_dags/example_branch_datetime_operator.py
[2024-10-10T01:18:07.756+0000] {processor.py:925} INFO - DAG(s) 'example_branch_datetime_operator_3', 'example_branch_datetime_operator', 'example_branch_datetime_operator_2' retrieved from /home/airflow/.local/lib/python3.12/site-packages/airflow/example_dags/example_branch_datetime_operator.py
[2024-10-10T01:18:07.775+0000] {logging_mixin.py:190} INFO - [2024-10-10T01:18:07.775+0000] {dag.py:3229} INFO - Sync 3 DAGs
[2024-10-10T01:18:07.789+0000] {logging_mixin.py:190} INFO - [2024-10-10T01:18:07.789+0000] {dag.py:4156} INFO - Setting next_dagrun for example_branch_datetime_operator to 2024-10-09 00:00:00+00:00, run_after=2024-10-10 00:00:00+00:00
[2024-10-10T01:18:07.792+0000] {logging_mixin.py:190} INFO - [2024-10-10T01:18:07.792+0000] {dag.py:4156} INFO - Setting next_dagrun for example_branch_datetime_operator_2 to 2024-10-09 00:00:00+00:00, run_after=2024-10-10 00:00:00+00:00
[2024-10-10T01:18:07.793+0000] {logging_mixin.py:190} INFO - [2024-10-10T01:18:07.793+0000] {dag.py:4156} INFO - Setting next_dagrun for example_branch_datetime_operator_3 to 2024-10-09 00:00:00+00:00, run_after=2024-10-10 00:00:00+00:00
[2024-10-10T01:18:07.804+0000] {processor.py:208} INFO - Processing /home/airflow/.local/lib/python3.12/site-packages/airflow/example_dags/example_branch_datetime_operator.py took 0.065 seconds
[2024-10-10T01:52:17.467+0000] {processor.py:186} INFO - Started process (PID=38972) to work on /home/airflow/.local/lib/python3.12/site-packages/airflow/example_dags/example_branch_datetime_operator.py
[2024-10-10T01:52:17.468+0000] {processor.py:914} INFO - Processing file /home/airflow/.local/lib/python3.12/site-packages/airflow/example_dags/example_branch_datetime_operator.py for tasks to queue
[2024-10-10T01:52:17.469+0000] {logging_mixin.py:190} INFO - [2024-10-10T01:52:17.469+0000] {dagbag.py:587} INFO - Filling up the DagBag from /home/airflow/.local/lib/python3.12/site-packages/airflow/example_dags/example_branch_datetime_operator.py
[2024-10-10T01:52:17.475+0000] {processor.py:925} INFO - DAG(s) 'example_branch_datetime_operator_3', 'example_branch_datetime_operator_2', 'example_branch_datetime_operator' retrieved from /home/airflow/.local/lib/python3.12/site-packages/airflow/example_dags/example_branch_datetime_operator.py
[2024-10-10T01:52:17.492+0000] {logging_mixin.py:190} INFO - [2024-10-10T01:52:17.492+0000] {dag.py:3229} INFO - Sync 3 DAGs
[2024-10-10T01:52:17.505+0000] {logging_mixin.py:190} INFO - [2024-10-10T01:52:17.505+0000] {dag.py:4156} INFO - Setting next_dagrun for example_branch_datetime_operator to 2024-10-09 00:00:00+00:00, run_after=2024-10-10 00:00:00+00:00
[2024-10-10T01:52:17.509+0000] {logging_mixin.py:190} INFO - [2024-10-10T01:52:17.508+0000] {dag.py:4156} INFO - Setting next_dagrun for example_branch_datetime_operator_2 to 2024-10-09 00:00:00+00:00, run_after=2024-10-10 00:00:00+00:00
[2024-10-10T01:52:17.510+0000] {logging_mixin.py:190} INFO - [2024-10-10T01:52:17.510+0000] {dag.py:4156} INFO - Setting next_dagrun for example_branch_datetime_operator_3 to 2024-10-09 00:00:00+00:00, run_after=2024-10-10 00:00:00+00:00
[2024-10-10T01:52:17.526+0000] {processor.py:208} INFO - Processing /home/airflow/.local/lib/python3.12/site-packages/airflow/example_dags/example_branch_datetime_operator.py took 0.062 seconds
[2024-10-10T02:19:09.708+0000] {processor.py:186} INFO - Started process (PID=39043) to work on /home/airflow/.local/lib/python3.12/site-packages/airflow/example_dags/example_branch_datetime_operator.py
[2024-10-10T02:19:09.708+0000] {processor.py:914} INFO - Processing file /home/airflow/.local/lib/python3.12/site-packages/airflow/example_dags/example_branch_datetime_operator.py for tasks to queue
[2024-10-10T02:19:09.709+0000] {logging_mixin.py:190} INFO - [2024-10-10T02:19:09.709+0000] {dagbag.py:587} INFO - Filling up the DagBag from /home/airflow/.local/lib/python3.12/site-packages/airflow/example_dags/example_branch_datetime_operator.py
[2024-10-10T02:19:09.715+0000] {processor.py:925} INFO - DAG(s) 'example_branch_datetime_operator', 'example_branch_datetime_operator_3', 'example_branch_datetime_operator_2' retrieved from /home/airflow/.local/lib/python3.12/site-packages/airflow/example_dags/example_branch_datetime_operator.py
[2024-10-10T02:19:09.732+0000] {logging_mixin.py:190} INFO - [2024-10-10T02:19:09.732+0000] {dag.py:3229} INFO - Sync 3 DAGs
[2024-10-10T02:19:09.745+0000] {logging_mixin.py:190} INFO - [2024-10-10T02:19:09.744+0000] {dag.py:4156} INFO - Setting next_dagrun for example_branch_datetime_operator to 2024-10-09 00:00:00+00:00, run_after=2024-10-10 00:00:00+00:00
[2024-10-10T02:19:09.747+0000] {logging_mixin.py:190} INFO - [2024-10-10T02:19:09.747+0000] {dag.py:4156} INFO - Setting next_dagrun for example_branch_datetime_operator_2 to 2024-10-09 00:00:00+00:00, run_after=2024-10-10 00:00:00+00:00
[2024-10-10T02:19:09.748+0000] {logging_mixin.py:190} INFO - [2024-10-10T02:19:09.748+0000] {dag.py:4156} INFO - Setting next_dagrun for example_branch_datetime_operator_3 to 2024-10-09 00:00:00+00:00, run_after=2024-10-10 00:00:00+00:00
[2024-10-10T02:19:09.759+0000] {processor.py:208} INFO - Processing /home/airflow/.local/lib/python3.12/site-packages/airflow/example_dags/example_branch_datetime_operator.py took 0.054 seconds
[2024-10-10T03:09:34.778+0000] {processor.py:186} INFO - Started process (PID=39114) to work on /home/airflow/.local/lib/python3.12/site-packages/airflow/example_dags/example_branch_datetime_operator.py
[2024-10-10T03:09:34.779+0000] {processor.py:914} INFO - Processing file /home/airflow/.local/lib/python3.12/site-packages/airflow/example_dags/example_branch_datetime_operator.py for tasks to queue
[2024-10-10T03:09:34.783+0000] {logging_mixin.py:190} INFO - [2024-10-10T03:09:34.782+0000] {dagbag.py:587} INFO - Filling up the DagBag from /home/airflow/.local/lib/python3.12/site-packages/airflow/example_dags/example_branch_datetime_operator.py
[2024-10-10T03:09:34.790+0000] {processor.py:925} INFO - DAG(s) 'example_branch_datetime_operator_2', 'example_branch_datetime_operator_3', 'example_branch_datetime_operator' retrieved from /home/airflow/.local/lib/python3.12/site-packages/airflow/example_dags/example_branch_datetime_operator.py
[2024-10-10T03:09:34.812+0000] {logging_mixin.py:190} INFO - [2024-10-10T03:09:34.812+0000] {dag.py:3229} INFO - Sync 3 DAGs
[2024-10-10T03:09:34.824+0000] {logging_mixin.py:190} INFO - [2024-10-10T03:09:34.823+0000] {dag.py:4156} INFO - Setting next_dagrun for example_branch_datetime_operator to 2024-10-09 00:00:00+00:00, run_after=2024-10-10 00:00:00+00:00
[2024-10-10T03:09:34.825+0000] {logging_mixin.py:190} INFO - [2024-10-10T03:09:34.825+0000] {dag.py:4156} INFO - Setting next_dagrun for example_branch_datetime_operator_2 to 2024-10-09 00:00:00+00:00, run_after=2024-10-10 00:00:00+00:00
[2024-10-10T03:09:34.826+0000] {logging_mixin.py:190} INFO - [2024-10-10T03:09:34.826+0000] {dag.py:4156} INFO - Setting next_dagrun for example_branch_datetime_operator_3 to 2024-10-09 00:00:00+00:00, run_after=2024-10-10 00:00:00+00:00
[2024-10-10T03:09:34.839+0000] {processor.py:208} INFO - Processing /home/airflow/.local/lib/python3.12/site-packages/airflow/example_dags/example_branch_datetime_operator.py took 0.064 seconds
[2024-10-10T03:56:57.432+0000] {processor.py:186} INFO - Started process (PID=39184) to work on /home/airflow/.local/lib/python3.12/site-packages/airflow/example_dags/example_branch_datetime_operator.py
[2024-10-10T03:56:57.433+0000] {processor.py:914} INFO - Processing file /home/airflow/.local/lib/python3.12/site-packages/airflow/example_dags/example_branch_datetime_operator.py for tasks to queue
[2024-10-10T03:56:57.434+0000] {logging_mixin.py:190} INFO - [2024-10-10T03:56:57.434+0000] {dagbag.py:587} INFO - Filling up the DagBag from /home/airflow/.local/lib/python3.12/site-packages/airflow/example_dags/example_branch_datetime_operator.py
[2024-10-10T03:56:57.441+0000] {processor.py:925} INFO - DAG(s) 'example_branch_datetime_operator', 'example_branch_datetime_operator_2', 'example_branch_datetime_operator_3' retrieved from /home/airflow/.local/lib/python3.12/site-packages/airflow/example_dags/example_branch_datetime_operator.py
[2024-10-10T03:56:57.453+0000] {logging_mixin.py:190} INFO - [2024-10-10T03:56:57.453+0000] {dag.py:3229} INFO - Sync 3 DAGs
[2024-10-10T03:56:57.463+0000] {logging_mixin.py:190} INFO - [2024-10-10T03:56:57.463+0000] {dag.py:4156} INFO - Setting next_dagrun for example_branch_datetime_operator to 2024-10-09 00:00:00+00:00, run_after=2024-10-10 00:00:00+00:00
[2024-10-10T03:56:57.465+0000] {logging_mixin.py:190} INFO - [2024-10-10T03:56:57.465+0000] {dag.py:4156} INFO - Setting next_dagrun for example_branch_datetime_operator_2 to 2024-10-09 00:00:00+00:00, run_after=2024-10-10 00:00:00+00:00
[2024-10-10T03:56:57.466+0000] {logging_mixin.py:190} INFO - [2024-10-10T03:56:57.466+0000] {dag.py:4156} INFO - Setting next_dagrun for example_branch_datetime_operator_3 to 2024-10-09 00:00:00+00:00, run_after=2024-10-10 00:00:00+00:00
[2024-10-10T03:56:57.472+0000] {processor.py:208} INFO - Processing /home/airflow/.local/lib/python3.12/site-packages/airflow/example_dags/example_branch_datetime_operator.py took 0.043 seconds
[2024-10-10T04:21:11.900+0000] {processor.py:186} INFO - Started process (PID=39254) to work on /home/airflow/.local/lib/python3.12/site-packages/airflow/example_dags/example_branch_datetime_operator.py
[2024-10-10T04:21:11.901+0000] {processor.py:914} INFO - Processing file /home/airflow/.local/lib/python3.12/site-packages/airflow/example_dags/example_branch_datetime_operator.py for tasks to queue
[2024-10-10T04:21:11.903+0000] {logging_mixin.py:190} INFO - [2024-10-10T04:21:11.902+0000] {dagbag.py:587} INFO - Filling up the DagBag from /home/airflow/.local/lib/python3.12/site-packages/airflow/example_dags/example_branch_datetime_operator.py
[2024-10-10T04:21:11.912+0000] {processor.py:925} INFO - DAG(s) 'example_branch_datetime_operator_3', 'example_branch_datetime_operator_2', 'example_branch_datetime_operator' retrieved from /home/airflow/.local/lib/python3.12/site-packages/airflow/example_dags/example_branch_datetime_operator.py
[2024-10-10T04:21:11.934+0000] {logging_mixin.py:190} INFO - [2024-10-10T04:21:11.934+0000] {dag.py:3229} INFO - Sync 3 DAGs
[2024-10-10T04:21:11.949+0000] {logging_mixin.py:190} INFO - [2024-10-10T04:21:11.949+0000] {dag.py:4156} INFO - Setting next_dagrun for example_branch_datetime_operator to 2024-10-09 00:00:00+00:00, run_after=2024-10-10 00:00:00+00:00
[2024-10-10T04:21:11.954+0000] {logging_mixin.py:190} INFO - [2024-10-10T04:21:11.954+0000] {dag.py:4156} INFO - Setting next_dagrun for example_branch_datetime_operator_2 to 2024-10-09 00:00:00+00:00, run_after=2024-10-10 00:00:00+00:00
[2024-10-10T04:21:11.956+0000] {logging_mixin.py:190} INFO - [2024-10-10T04:21:11.956+0000] {dag.py:4156} INFO - Setting next_dagrun for example_branch_datetime_operator_3 to 2024-10-09 00:00:00+00:00, run_after=2024-10-10 00:00:00+00:00
[2024-10-10T04:21:11.966+0000] {processor.py:208} INFO - Processing /home/airflow/.local/lib/python3.12/site-packages/airflow/example_dags/example_branch_datetime_operator.py took 0.073 seconds
[2024-10-10T05:14:24.808+0000] {processor.py:186} INFO - Started process (PID=39325) to work on /home/airflow/.local/lib/python3.12/site-packages/airflow/example_dags/example_branch_datetime_operator.py
[2024-10-10T05:14:24.810+0000] {processor.py:914} INFO - Processing file /home/airflow/.local/lib/python3.12/site-packages/airflow/example_dags/example_branch_datetime_operator.py for tasks to queue
[2024-10-10T05:14:24.812+0000] {logging_mixin.py:190} INFO - [2024-10-10T05:14:24.811+0000] {dagbag.py:587} INFO - Filling up the DagBag from /home/airflow/.local/lib/python3.12/site-packages/airflow/example_dags/example_branch_datetime_operator.py
[2024-10-10T05:14:24.826+0000] {processor.py:925} INFO - DAG(s) 'example_branch_datetime_operator_2', 'example_branch_datetime_operator', 'example_branch_datetime_operator_3' retrieved from /home/airflow/.local/lib/python3.12/site-packages/airflow/example_dags/example_branch_datetime_operator.py
[2024-10-10T05:14:24.847+0000] {logging_mixin.py:190} INFO - [2024-10-10T05:14:24.847+0000] {dag.py:3229} INFO - Sync 3 DAGs
[2024-10-10T05:14:24.862+0000] {logging_mixin.py:190} INFO - [2024-10-10T05:14:24.862+0000] {dag.py:4156} INFO - Setting next_dagrun for example_branch_datetime_operator to 2024-10-09 00:00:00+00:00, run_after=2024-10-10 00:00:00+00:00
[2024-10-10T05:14:24.864+0000] {logging_mixin.py:190} INFO - [2024-10-10T05:14:24.864+0000] {dag.py:4156} INFO - Setting next_dagrun for example_branch_datetime_operator_2 to 2024-10-09 00:00:00+00:00, run_after=2024-10-10 00:00:00+00:00
[2024-10-10T05:14:24.864+0000] {logging_mixin.py:190} INFO - [2024-10-10T05:14:24.864+0000] {dag.py:4156} INFO - Setting next_dagrun for example_branch_datetime_operator_3 to 2024-10-09 00:00:00+00:00, run_after=2024-10-10 00:00:00+00:00
[2024-10-10T05:14:24.872+0000] {processor.py:208} INFO - Processing /home/airflow/.local/lib/python3.12/site-packages/airflow/example_dags/example_branch_datetime_operator.py took 0.068 seconds
[2024-10-10T05:47:21.443+0000] {processor.py:186} INFO - Started process (PID=39396) to work on /home/airflow/.local/lib/python3.12/site-packages/airflow/example_dags/example_branch_datetime_operator.py
[2024-10-10T05:47:21.444+0000] {processor.py:914} INFO - Processing file /home/airflow/.local/lib/python3.12/site-packages/airflow/example_dags/example_branch_datetime_operator.py for tasks to queue
[2024-10-10T05:47:21.445+0000] {logging_mixin.py:190} INFO - [2024-10-10T05:47:21.445+0000] {dagbag.py:587} INFO - Filling up the DagBag from /home/airflow/.local/lib/python3.12/site-packages/airflow/example_dags/example_branch_datetime_operator.py
[2024-10-10T05:47:21.452+0000] {processor.py:925} INFO - DAG(s) 'example_branch_datetime_operator', 'example_branch_datetime_operator_3', 'example_branch_datetime_operator_2' retrieved from /home/airflow/.local/lib/python3.12/site-packages/airflow/example_dags/example_branch_datetime_operator.py
[2024-10-10T05:47:21.487+0000] {logging_mixin.py:190} INFO - [2024-10-10T05:47:21.486+0000] {dag.py:3229} INFO - Sync 3 DAGs
[2024-10-10T05:47:21.505+0000] {logging_mixin.py:190} INFO - [2024-10-10T05:47:21.505+0000] {dag.py:4156} INFO - Setting next_dagrun for example_branch_datetime_operator to 2024-10-09 00:00:00+00:00, run_after=2024-10-10 00:00:00+00:00
[2024-10-10T05:47:21.508+0000] {logging_mixin.py:190} INFO - [2024-10-10T05:47:21.508+0000] {dag.py:4156} INFO - Setting next_dagrun for example_branch_datetime_operator_2 to 2024-10-09 00:00:00+00:00, run_after=2024-10-10 00:00:00+00:00
[2024-10-10T05:47:21.512+0000] {logging_mixin.py:190} INFO - [2024-10-10T05:47:21.512+0000] {dag.py:4156} INFO - Setting next_dagrun for example_branch_datetime_operator_3 to 2024-10-09 00:00:00+00:00, run_after=2024-10-10 00:00:00+00:00
[2024-10-10T05:47:21.529+0000] {processor.py:208} INFO - Processing /home/airflow/.local/lib/python3.12/site-packages/airflow/example_dags/example_branch_datetime_operator.py took 0.090 seconds
[2024-10-10T06:39:41.895+0000] {processor.py:186} INFO - Started process (PID=39467) to work on /home/airflow/.local/lib/python3.12/site-packages/airflow/example_dags/example_branch_datetime_operator.py
[2024-10-10T06:39:41.896+0000] {processor.py:914} INFO - Processing file /home/airflow/.local/lib/python3.12/site-packages/airflow/example_dags/example_branch_datetime_operator.py for tasks to queue
[2024-10-10T06:39:41.899+0000] {logging_mixin.py:190} INFO - [2024-10-10T06:39:41.898+0000] {dagbag.py:587} INFO - Filling up the DagBag from /home/airflow/.local/lib/python3.12/site-packages/airflow/example_dags/example_branch_datetime_operator.py
[2024-10-10T06:39:41.907+0000] {processor.py:925} INFO - DAG(s) 'example_branch_datetime_operator_3', 'example_branch_datetime_operator_2', 'example_branch_datetime_operator' retrieved from /home/airflow/.local/lib/python3.12/site-packages/airflow/example_dags/example_branch_datetime_operator.py
[2024-10-10T06:39:41.925+0000] {logging_mixin.py:190} INFO - [2024-10-10T06:39:41.925+0000] {dag.py:3229} INFO - Sync 3 DAGs
[2024-10-10T06:39:41.937+0000] {logging_mixin.py:190} INFO - [2024-10-10T06:39:41.937+0000] {dag.py:4156} INFO - Setting next_dagrun for example_branch_datetime_operator to 2024-10-09 00:00:00+00:00, run_after=2024-10-10 00:00:00+00:00
[2024-10-10T06:39:41.939+0000] {logging_mixin.py:190} INFO - [2024-10-10T06:39:41.939+0000] {dag.py:4156} INFO - Setting next_dagrun for example_branch_datetime_operator_2 to 2024-10-09 00:00:00+00:00, run_after=2024-10-10 00:00:00+00:00
[2024-10-10T06:39:41.940+0000] {logging_mixin.py:190} INFO - [2024-10-10T06:39:41.940+0000] {dag.py:4156} INFO - Setting next_dagrun for example_branch_datetime_operator_3 to 2024-10-09 00:00:00+00:00, run_after=2024-10-10 00:00:00+00:00
[2024-10-10T06:39:41.947+0000] {processor.py:208} INFO - Processing /home/airflow/.local/lib/python3.12/site-packages/airflow/example_dags/example_branch_datetime_operator.py took 0.058 seconds
[2024-10-10T07:11:24.427+0000] {processor.py:186} INFO - Started process (PID=39538) to work on /home/airflow/.local/lib/python3.12/site-packages/airflow/example_dags/example_branch_datetime_operator.py
[2024-10-10T07:11:24.431+0000] {processor.py:914} INFO - Processing file /home/airflow/.local/lib/python3.12/site-packages/airflow/example_dags/example_branch_datetime_operator.py for tasks to queue
[2024-10-10T07:11:24.433+0000] {logging_mixin.py:190} INFO - [2024-10-10T07:11:24.432+0000] {dagbag.py:587} INFO - Filling up the DagBag from /home/airflow/.local/lib/python3.12/site-packages/airflow/example_dags/example_branch_datetime_operator.py
[2024-10-10T07:11:24.442+0000] {processor.py:925} INFO - DAG(s) 'example_branch_datetime_operator', 'example_branch_datetime_operator_2', 'example_branch_datetime_operator_3' retrieved from /home/airflow/.local/lib/python3.12/site-packages/airflow/example_dags/example_branch_datetime_operator.py
[2024-10-10T07:11:24.457+0000] {logging_mixin.py:190} INFO - [2024-10-10T07:11:24.457+0000] {dag.py:3229} INFO - Sync 3 DAGs
[2024-10-10T07:11:24.472+0000] {logging_mixin.py:190} INFO - [2024-10-10T07:11:24.472+0000] {dag.py:4156} INFO - Setting next_dagrun for example_branch_datetime_operator to 2024-10-09 00:00:00+00:00, run_after=2024-10-10 00:00:00+00:00
[2024-10-10T07:11:24.474+0000] {logging_mixin.py:190} INFO - [2024-10-10T07:11:24.473+0000] {dag.py:4156} INFO - Setting next_dagrun for example_branch_datetime_operator_2 to 2024-10-09 00:00:00+00:00, run_after=2024-10-10 00:00:00+00:00
[2024-10-10T07:11:24.475+0000] {logging_mixin.py:190} INFO - [2024-10-10T07:11:24.475+0000] {dag.py:4156} INFO - Setting next_dagrun for example_branch_datetime_operator_3 to 2024-10-09 00:00:00+00:00, run_after=2024-10-10 00:00:00+00:00
[2024-10-10T07:11:24.485+0000] {processor.py:208} INFO - Processing /home/airflow/.local/lib/python3.12/site-packages/airflow/example_dags/example_branch_datetime_operator.py took 0.062 seconds
[2024-10-10T07:39:18.643+0000] {processor.py:186} INFO - Started process (PID=39609) to work on /home/airflow/.local/lib/python3.12/site-packages/airflow/example_dags/example_branch_datetime_operator.py
[2024-10-10T07:39:18.644+0000] {processor.py:914} INFO - Processing file /home/airflow/.local/lib/python3.12/site-packages/airflow/example_dags/example_branch_datetime_operator.py for tasks to queue
[2024-10-10T07:39:18.644+0000] {logging_mixin.py:190} INFO - [2024-10-10T07:39:18.644+0000] {dagbag.py:587} INFO - Filling up the DagBag from /home/airflow/.local/lib/python3.12/site-packages/airflow/example_dags/example_branch_datetime_operator.py
[2024-10-10T07:39:18.655+0000] {processor.py:925} INFO - DAG(s) 'example_branch_datetime_operator_2', 'example_branch_datetime_operator_3', 'example_branch_datetime_operator' retrieved from /home/airflow/.local/lib/python3.12/site-packages/airflow/example_dags/example_branch_datetime_operator.py
[2024-10-10T07:39:18.675+0000] {logging_mixin.py:190} INFO - [2024-10-10T07:39:18.675+0000] {dag.py:3229} INFO - Sync 3 DAGs
[2024-10-10T07:39:18.687+0000] {logging_mixin.py:190} INFO - [2024-10-10T07:39:18.687+0000] {dag.py:4156} INFO - Setting next_dagrun for example_branch_datetime_operator to 2024-10-09 00:00:00+00:00, run_after=2024-10-10 00:00:00+00:00
[2024-10-10T07:39:18.690+0000] {logging_mixin.py:190} INFO - [2024-10-10T07:39:18.690+0000] {dag.py:4156} INFO - Setting next_dagrun for example_branch_datetime_operator_2 to 2024-10-09 00:00:00+00:00, run_after=2024-10-10 00:00:00+00:00
[2024-10-10T07:39:18.691+0000] {logging_mixin.py:190} INFO - [2024-10-10T07:39:18.690+0000] {dag.py:4156} INFO - Setting next_dagrun for example_branch_datetime_operator_3 to 2024-10-09 00:00:00+00:00, run_after=2024-10-10 00:00:00+00:00
[2024-10-10T07:39:18.703+0000] {processor.py:208} INFO - Processing /home/airflow/.local/lib/python3.12/site-packages/airflow/example_dags/example_branch_datetime_operator.py took 0.063 seconds
[2024-10-10T08:02:59.268+0000] {processor.py:186} INFO - Started process (PID=39680) to work on /home/airflow/.local/lib/python3.12/site-packages/airflow/example_dags/example_branch_datetime_operator.py
[2024-10-10T08:02:59.269+0000] {processor.py:914} INFO - Processing file /home/airflow/.local/lib/python3.12/site-packages/airflow/example_dags/example_branch_datetime_operator.py for tasks to queue
[2024-10-10T08:02:59.271+0000] {logging_mixin.py:190} INFO - [2024-10-10T08:02:59.270+0000] {dagbag.py:587} INFO - Filling up the DagBag from /home/airflow/.local/lib/python3.12/site-packages/airflow/example_dags/example_branch_datetime_operator.py
[2024-10-10T08:02:59.278+0000] {processor.py:925} INFO - DAG(s) 'example_branch_datetime_operator_2', 'example_branch_datetime_operator', 'example_branch_datetime_operator_3' retrieved from /home/airflow/.local/lib/python3.12/site-packages/airflow/example_dags/example_branch_datetime_operator.py
[2024-10-10T08:02:59.298+0000] {logging_mixin.py:190} INFO - [2024-10-10T08:02:59.298+0000] {dag.py:3229} INFO - Sync 3 DAGs
[2024-10-10T08:02:59.312+0000] {logging_mixin.py:190} INFO - [2024-10-10T08:02:59.311+0000] {dag.py:4156} INFO - Setting next_dagrun for example_branch_datetime_operator to 2024-10-09 00:00:00+00:00, run_after=2024-10-10 00:00:00+00:00
[2024-10-10T08:02:59.316+0000] {logging_mixin.py:190} INFO - [2024-10-10T08:02:59.316+0000] {dag.py:4156} INFO - Setting next_dagrun for example_branch_datetime_operator_2 to 2024-10-09 00:00:00+00:00, run_after=2024-10-10 00:00:00+00:00
[2024-10-10T08:02:59.317+0000] {logging_mixin.py:190} INFO - [2024-10-10T08:02:59.317+0000] {dag.py:4156} INFO - Setting next_dagrun for example_branch_datetime_operator_3 to 2024-10-09 00:00:00+00:00, run_after=2024-10-10 00:00:00+00:00
[2024-10-10T08:02:59.331+0000] {processor.py:208} INFO - Processing /home/airflow/.local/lib/python3.12/site-packages/airflow/example_dags/example_branch_datetime_operator.py took 0.068 seconds
[2024-10-10T08:12:05.197+0000] {processor.py:186} INFO - Started process (PID=39751) to work on /home/airflow/.local/lib/python3.12/site-packages/airflow/example_dags/example_branch_datetime_operator.py
[2024-10-10T08:12:05.198+0000] {processor.py:914} INFO - Processing file /home/airflow/.local/lib/python3.12/site-packages/airflow/example_dags/example_branch_datetime_operator.py for tasks to queue
[2024-10-10T08:12:05.199+0000] {logging_mixin.py:190} INFO - [2024-10-10T08:12:05.198+0000] {dagbag.py:587} INFO - Filling up the DagBag from /home/airflow/.local/lib/python3.12/site-packages/airflow/example_dags/example_branch_datetime_operator.py
[2024-10-10T08:12:05.205+0000] {processor.py:925} INFO - DAG(s) 'example_branch_datetime_operator_2', 'example_branch_datetime_operator', 'example_branch_datetime_operator_3' retrieved from /home/airflow/.local/lib/python3.12/site-packages/airflow/example_dags/example_branch_datetime_operator.py
[2024-10-10T08:12:05.221+0000] {logging_mixin.py:190} INFO - [2024-10-10T08:12:05.221+0000] {dag.py:3229} INFO - Sync 3 DAGs
[2024-10-10T08:12:05.233+0000] {logging_mixin.py:190} INFO - [2024-10-10T08:12:05.233+0000] {dag.py:4156} INFO - Setting next_dagrun for example_branch_datetime_operator to 2024-10-09 00:00:00+00:00, run_after=2024-10-10 00:00:00+00:00
[2024-10-10T08:12:05.236+0000] {logging_mixin.py:190} INFO - [2024-10-10T08:12:05.236+0000] {dag.py:4156} INFO - Setting next_dagrun for example_branch_datetime_operator_2 to 2024-10-09 00:00:00+00:00, run_after=2024-10-10 00:00:00+00:00
[2024-10-10T08:12:05.237+0000] {logging_mixin.py:190} INFO - [2024-10-10T08:12:05.237+0000] {dag.py:4156} INFO - Setting next_dagrun for example_branch_datetime_operator_3 to 2024-10-09 00:00:00+00:00, run_after=2024-10-10 00:00:00+00:00
[2024-10-10T08:12:05.245+0000] {processor.py:208} INFO - Processing /home/airflow/.local/lib/python3.12/site-packages/airflow/example_dags/example_branch_datetime_operator.py took 0.052 seconds
[2024-10-10T08:24:33.387+0000] {processor.py:186} INFO - Started process (PID=39821) to work on /home/airflow/.local/lib/python3.12/site-packages/airflow/example_dags/example_branch_datetime_operator.py
[2024-10-10T08:24:33.388+0000] {processor.py:914} INFO - Processing file /home/airflow/.local/lib/python3.12/site-packages/airflow/example_dags/example_branch_datetime_operator.py for tasks to queue
[2024-10-10T08:24:33.391+0000] {logging_mixin.py:190} INFO - [2024-10-10T08:24:33.391+0000] {dagbag.py:587} INFO - Filling up the DagBag from /home/airflow/.local/lib/python3.12/site-packages/airflow/example_dags/example_branch_datetime_operator.py
[2024-10-10T08:24:33.400+0000] {processor.py:925} INFO - DAG(s) 'example_branch_datetime_operator', 'example_branch_datetime_operator_3', 'example_branch_datetime_operator_2' retrieved from /home/airflow/.local/lib/python3.12/site-packages/airflow/example_dags/example_branch_datetime_operator.py
[2024-10-10T08:24:33.423+0000] {logging_mixin.py:190} INFO - [2024-10-10T08:24:33.423+0000] {dag.py:3229} INFO - Sync 3 DAGs
[2024-10-10T08:24:33.440+0000] {logging_mixin.py:190} INFO - [2024-10-10T08:24:33.440+0000] {dag.py:4156} INFO - Setting next_dagrun for example_branch_datetime_operator to 2024-10-09 00:00:00+00:00, run_after=2024-10-10 00:00:00+00:00
[2024-10-10T08:24:33.444+0000] {logging_mixin.py:190} INFO - [2024-10-10T08:24:33.443+0000] {dag.py:4156} INFO - Setting next_dagrun for example_branch_datetime_operator_2 to 2024-10-09 00:00:00+00:00, run_after=2024-10-10 00:00:00+00:00
[2024-10-10T08:24:33.446+0000] {logging_mixin.py:190} INFO - [2024-10-10T08:24:33.446+0000] {dag.py:4156} INFO - Setting next_dagrun for example_branch_datetime_operator_3 to 2024-10-09 00:00:00+00:00, run_after=2024-10-10 00:00:00+00:00
[2024-10-10T08:24:33.461+0000] {processor.py:208} INFO - Processing /home/airflow/.local/lib/python3.12/site-packages/airflow/example_dags/example_branch_datetime_operator.py took 0.077 seconds
[2024-10-10T08:25:04.174+0000] {processor.py:186} INFO - Started process (PID=39893) to work on /home/airflow/.local/lib/python3.12/site-packages/airflow/example_dags/example_branch_datetime_operator.py
[2024-10-10T08:25:04.175+0000] {processor.py:914} INFO - Processing file /home/airflow/.local/lib/python3.12/site-packages/airflow/example_dags/example_branch_datetime_operator.py for tasks to queue
[2024-10-10T08:25:04.175+0000] {logging_mixin.py:190} INFO - [2024-10-10T08:25:04.175+0000] {dagbag.py:587} INFO - Filling up the DagBag from /home/airflow/.local/lib/python3.12/site-packages/airflow/example_dags/example_branch_datetime_operator.py
[2024-10-10T08:25:04.181+0000] {processor.py:925} INFO - DAG(s) 'example_branch_datetime_operator_3', 'example_branch_datetime_operator_2', 'example_branch_datetime_operator' retrieved from /home/airflow/.local/lib/python3.12/site-packages/airflow/example_dags/example_branch_datetime_operator.py
[2024-10-10T08:25:04.194+0000] {logging_mixin.py:190} INFO - [2024-10-10T08:25:04.194+0000] {dag.py:3229} INFO - Sync 3 DAGs
[2024-10-10T08:25:04.204+0000] {logging_mixin.py:190} INFO - [2024-10-10T08:25:04.204+0000] {dag.py:4156} INFO - Setting next_dagrun for example_branch_datetime_operator to 2024-10-09 00:00:00+00:00, run_after=2024-10-10 00:00:00+00:00
[2024-10-10T08:25:04.206+0000] {logging_mixin.py:190} INFO - [2024-10-10T08:25:04.206+0000] {dag.py:4156} INFO - Setting next_dagrun for example_branch_datetime_operator_2 to 2024-10-09 00:00:00+00:00, run_after=2024-10-10 00:00:00+00:00
[2024-10-10T08:25:04.207+0000] {logging_mixin.py:190} INFO - [2024-10-10T08:25:04.207+0000] {dag.py:4156} INFO - Setting next_dagrun for example_branch_datetime_operator_3 to 2024-10-09 00:00:00+00:00, run_after=2024-10-10 00:00:00+00:00
[2024-10-10T08:25:04.213+0000] {processor.py:208} INFO - Processing /home/airflow/.local/lib/python3.12/site-packages/airflow/example_dags/example_branch_datetime_operator.py took 0.042 seconds
[2024-10-10T09:14:57.798+0000] {processor.py:186} INFO - Started process (PID=39964) to work on /home/airflow/.local/lib/python3.12/site-packages/airflow/example_dags/example_branch_datetime_operator.py
[2024-10-10T09:14:57.799+0000] {processor.py:914} INFO - Processing file /home/airflow/.local/lib/python3.12/site-packages/airflow/example_dags/example_branch_datetime_operator.py for tasks to queue
[2024-10-10T09:14:57.799+0000] {logging_mixin.py:190} INFO - [2024-10-10T09:14:57.799+0000] {dagbag.py:587} INFO - Filling up the DagBag from /home/airflow/.local/lib/python3.12/site-packages/airflow/example_dags/example_branch_datetime_operator.py
[2024-10-10T09:14:57.804+0000] {processor.py:925} INFO - DAG(s) 'example_branch_datetime_operator_3', 'example_branch_datetime_operator_2', 'example_branch_datetime_operator' retrieved from /home/airflow/.local/lib/python3.12/site-packages/airflow/example_dags/example_branch_datetime_operator.py
[2024-10-10T09:14:57.816+0000] {logging_mixin.py:190} INFO - [2024-10-10T09:14:57.816+0000] {dag.py:3229} INFO - Sync 3 DAGs
[2024-10-10T09:14:57.827+0000] {logging_mixin.py:190} INFO - [2024-10-10T09:14:57.827+0000] {dag.py:4156} INFO - Setting next_dagrun for example_branch_datetime_operator to 2024-10-09 00:00:00+00:00, run_after=2024-10-10 00:00:00+00:00
[2024-10-10T09:14:57.829+0000] {logging_mixin.py:190} INFO - [2024-10-10T09:14:57.829+0000] {dag.py:4156} INFO - Setting next_dagrun for example_branch_datetime_operator_2 to 2024-10-09 00:00:00+00:00, run_after=2024-10-10 00:00:00+00:00
[2024-10-10T09:14:57.830+0000] {logging_mixin.py:190} INFO - [2024-10-10T09:14:57.830+0000] {dag.py:4156} INFO - Setting next_dagrun for example_branch_datetime_operator_3 to 2024-10-09 00:00:00+00:00, run_after=2024-10-10 00:00:00+00:00
[2024-10-10T09:14:57.836+0000] {processor.py:208} INFO - Processing /home/airflow/.local/lib/python3.12/site-packages/airflow/example_dags/example_branch_datetime_operator.py took 0.040 seconds
[2024-10-10T10:21:18.250+0000] {processor.py:186} INFO - Started process (PID=40035) to work on /home/airflow/.local/lib/python3.12/site-packages/airflow/example_dags/example_branch_datetime_operator.py
[2024-10-10T10:21:18.251+0000] {processor.py:914} INFO - Processing file /home/airflow/.local/lib/python3.12/site-packages/airflow/example_dags/example_branch_datetime_operator.py for tasks to queue
[2024-10-10T10:21:18.253+0000] {logging_mixin.py:190} INFO - [2024-10-10T10:21:18.253+0000] {dagbag.py:587} INFO - Filling up the DagBag from /home/airflow/.local/lib/python3.12/site-packages/airflow/example_dags/example_branch_datetime_operator.py
[2024-10-10T10:21:18.262+0000] {processor.py:925} INFO - DAG(s) 'example_branch_datetime_operator', 'example_branch_datetime_operator_2', 'example_branch_datetime_operator_3' retrieved from /home/airflow/.local/lib/python3.12/site-packages/airflow/example_dags/example_branch_datetime_operator.py
[2024-10-10T10:21:18.289+0000] {logging_mixin.py:190} INFO - [2024-10-10T10:21:18.288+0000] {dag.py:3229} INFO - Sync 3 DAGs
[2024-10-10T10:21:18.304+0000] {logging_mixin.py:190} INFO - [2024-10-10T10:21:18.304+0000] {dag.py:4156} INFO - Setting next_dagrun for example_branch_datetime_operator to 2024-10-09 00:00:00+00:00, run_after=2024-10-10 00:00:00+00:00
[2024-10-10T10:21:18.308+0000] {logging_mixin.py:190} INFO - [2024-10-10T10:21:18.308+0000] {dag.py:4156} INFO - Setting next_dagrun for example_branch_datetime_operator_2 to 2024-10-09 00:00:00+00:00, run_after=2024-10-10 00:00:00+00:00
[2024-10-10T10:21:18.309+0000] {logging_mixin.py:190} INFO - [2024-10-10T10:21:18.309+0000] {dag.py:4156} INFO - Setting next_dagrun for example_branch_datetime_operator_3 to 2024-10-09 00:00:00+00:00, run_after=2024-10-10 00:00:00+00:00
[2024-10-10T10:21:18.320+0000] {processor.py:208} INFO - Processing /home/airflow/.local/lib/python3.12/site-packages/airflow/example_dags/example_branch_datetime_operator.py took 0.073 seconds
[2024-10-10T10:44:15.137+0000] {processor.py:186} INFO - Started process (PID=40106) to work on /home/airflow/.local/lib/python3.12/site-packages/airflow/example_dags/example_branch_datetime_operator.py
[2024-10-10T10:44:15.137+0000] {processor.py:914} INFO - Processing file /home/airflow/.local/lib/python3.12/site-packages/airflow/example_dags/example_branch_datetime_operator.py for tasks to queue
[2024-10-10T10:44:15.138+0000] {logging_mixin.py:190} INFO - [2024-10-10T10:44:15.138+0000] {dagbag.py:587} INFO - Filling up the DagBag from /home/airflow/.local/lib/python3.12/site-packages/airflow/example_dags/example_branch_datetime_operator.py
[2024-10-10T10:44:15.144+0000] {processor.py:925} INFO - DAG(s) 'example_branch_datetime_operator_3', 'example_branch_datetime_operator', 'example_branch_datetime_operator_2' retrieved from /home/airflow/.local/lib/python3.12/site-packages/airflow/example_dags/example_branch_datetime_operator.py
[2024-10-10T10:44:15.158+0000] {logging_mixin.py:190} INFO - [2024-10-10T10:44:15.158+0000] {dag.py:3229} INFO - Sync 3 DAGs
[2024-10-10T10:44:15.169+0000] {logging_mixin.py:190} INFO - [2024-10-10T10:44:15.169+0000] {dag.py:4156} INFO - Setting next_dagrun for example_branch_datetime_operator to 2024-10-09 00:00:00+00:00, run_after=2024-10-10 00:00:00+00:00
[2024-10-10T10:44:15.171+0000] {logging_mixin.py:190} INFO - [2024-10-10T10:44:15.171+0000] {dag.py:4156} INFO - Setting next_dagrun for example_branch_datetime_operator_2 to 2024-10-09 00:00:00+00:00, run_after=2024-10-10 00:00:00+00:00
[2024-10-10T10:44:15.172+0000] {logging_mixin.py:190} INFO - [2024-10-10T10:44:15.172+0000] {dag.py:4156} INFO - Setting next_dagrun for example_branch_datetime_operator_3 to 2024-10-09 00:00:00+00:00, run_after=2024-10-10 00:00:00+00:00
[2024-10-10T10:44:15.179+0000] {processor.py:208} INFO - Processing /home/airflow/.local/lib/python3.12/site-packages/airflow/example_dags/example_branch_datetime_operator.py took 0.045 seconds
[2024-10-10T11:15:57.606+0000] {processor.py:186} INFO - Started process (PID=40177) to work on /home/airflow/.local/lib/python3.12/site-packages/airflow/example_dags/example_branch_datetime_operator.py
[2024-10-10T11:15:57.608+0000] {processor.py:914} INFO - Processing file /home/airflow/.local/lib/python3.12/site-packages/airflow/example_dags/example_branch_datetime_operator.py for tasks to queue
[2024-10-10T11:15:57.610+0000] {logging_mixin.py:190} INFO - [2024-10-10T11:15:57.609+0000] {dagbag.py:587} INFO - Filling up the DagBag from /home/airflow/.local/lib/python3.12/site-packages/airflow/example_dags/example_branch_datetime_operator.py
[2024-10-10T11:15:57.617+0000] {processor.py:925} INFO - DAG(s) 'example_branch_datetime_operator_2', 'example_branch_datetime_operator', 'example_branch_datetime_operator_3' retrieved from /home/airflow/.local/lib/python3.12/site-packages/airflow/example_dags/example_branch_datetime_operator.py
[2024-10-10T11:15:57.633+0000] {logging_mixin.py:190} INFO - [2024-10-10T11:15:57.633+0000] {dag.py:3229} INFO - Sync 3 DAGs
[2024-10-10T11:15:57.645+0000] {logging_mixin.py:190} INFO - [2024-10-10T11:15:57.645+0000] {dag.py:4156} INFO - Setting next_dagrun for example_branch_datetime_operator to 2024-10-09 00:00:00+00:00, run_after=2024-10-10 00:00:00+00:00
[2024-10-10T11:15:57.648+0000] {logging_mixin.py:190} INFO - [2024-10-10T11:15:57.648+0000] {dag.py:4156} INFO - Setting next_dagrun for example_branch_datetime_operator_2 to 2024-10-09 00:00:00+00:00, run_after=2024-10-10 00:00:00+00:00
[2024-10-10T11:15:57.650+0000] {logging_mixin.py:190} INFO - [2024-10-10T11:15:57.650+0000] {dag.py:4156} INFO - Setting next_dagrun for example_branch_datetime_operator_3 to 2024-10-09 00:00:00+00:00, run_after=2024-10-10 00:00:00+00:00
[2024-10-10T11:15:57.660+0000] {processor.py:208} INFO - Processing /home/airflow/.local/lib/python3.12/site-packages/airflow/example_dags/example_branch_datetime_operator.py took 0.058 seconds
[2024-10-10T11:16:28.286+0000] {processor.py:186} INFO - Started process (PID=40248) to work on /home/airflow/.local/lib/python3.12/site-packages/airflow/example_dags/example_branch_datetime_operator.py
[2024-10-10T11:16:28.287+0000] {processor.py:914} INFO - Processing file /home/airflow/.local/lib/python3.12/site-packages/airflow/example_dags/example_branch_datetime_operator.py for tasks to queue
[2024-10-10T11:16:28.287+0000] {logging_mixin.py:190} INFO - [2024-10-10T11:16:28.287+0000] {dagbag.py:587} INFO - Filling up the DagBag from /home/airflow/.local/lib/python3.12/site-packages/airflow/example_dags/example_branch_datetime_operator.py
[2024-10-10T11:16:28.293+0000] {processor.py:925} INFO - DAG(s) 'example_branch_datetime_operator_3', 'example_branch_datetime_operator', 'example_branch_datetime_operator_2' retrieved from /home/airflow/.local/lib/python3.12/site-packages/airflow/example_dags/example_branch_datetime_operator.py
[2024-10-10T11:16:28.308+0000] {logging_mixin.py:190} INFO - [2024-10-10T11:16:28.308+0000] {dag.py:3229} INFO - Sync 3 DAGs
[2024-10-10T11:16:28.322+0000] {logging_mixin.py:190} INFO - [2024-10-10T11:16:28.321+0000] {dag.py:4156} INFO - Setting next_dagrun for example_branch_datetime_operator to 2024-10-09 00:00:00+00:00, run_after=2024-10-10 00:00:00+00:00
[2024-10-10T11:16:28.324+0000] {logging_mixin.py:190} INFO - [2024-10-10T11:16:28.323+0000] {dag.py:4156} INFO - Setting next_dagrun for example_branch_datetime_operator_2 to 2024-10-09 00:00:00+00:00, run_after=2024-10-10 00:00:00+00:00
[2024-10-10T11:16:28.324+0000] {logging_mixin.py:190} INFO - [2024-10-10T11:16:28.324+0000] {dag.py:4156} INFO - Setting next_dagrun for example_branch_datetime_operator_3 to 2024-10-09 00:00:00+00:00, run_after=2024-10-10 00:00:00+00:00
[2024-10-10T11:16:28.332+0000] {processor.py:208} INFO - Processing /home/airflow/.local/lib/python3.12/site-packages/airflow/example_dags/example_branch_datetime_operator.py took 0.049 seconds
[2024-10-10T12:21:21.935+0000] {processor.py:186} INFO - Started process (PID=40319) to work on /home/airflow/.local/lib/python3.12/site-packages/airflow/example_dags/example_branch_datetime_operator.py
[2024-10-10T12:21:21.936+0000] {processor.py:914} INFO - Processing file /home/airflow/.local/lib/python3.12/site-packages/airflow/example_dags/example_branch_datetime_operator.py for tasks to queue
[2024-10-10T12:21:21.937+0000] {logging_mixin.py:190} INFO - [2024-10-10T12:21:21.937+0000] {dagbag.py:587} INFO - Filling up the DagBag from /home/airflow/.local/lib/python3.12/site-packages/airflow/example_dags/example_branch_datetime_operator.py
[2024-10-10T12:21:21.943+0000] {processor.py:925} INFO - DAG(s) 'example_branch_datetime_operator_2', 'example_branch_datetime_operator_3', 'example_branch_datetime_operator' retrieved from /home/airflow/.local/lib/python3.12/site-packages/airflow/example_dags/example_branch_datetime_operator.py
[2024-10-10T12:21:21.963+0000] {logging_mixin.py:190} INFO - [2024-10-10T12:21:21.963+0000] {dag.py:3229} INFO - Sync 3 DAGs
[2024-10-10T12:21:21.985+0000] {logging_mixin.py:190} INFO - [2024-10-10T12:21:21.985+0000] {dag.py:4156} INFO - Setting next_dagrun for example_branch_datetime_operator to 2024-10-09 00:00:00+00:00, run_after=2024-10-10 00:00:00+00:00
[2024-10-10T12:21:21.988+0000] {logging_mixin.py:190} INFO - [2024-10-10T12:21:21.988+0000] {dag.py:4156} INFO - Setting next_dagrun for example_branch_datetime_operator_2 to 2024-10-09 00:00:00+00:00, run_after=2024-10-10 00:00:00+00:00
[2024-10-10T12:21:21.989+0000] {logging_mixin.py:190} INFO - [2024-10-10T12:21:21.989+0000] {dag.py:4156} INFO - Setting next_dagrun for example_branch_datetime_operator_3 to 2024-10-09 00:00:00+00:00, run_after=2024-10-10 00:00:00+00:00
[2024-10-10T12:21:22.000+0000] {processor.py:208} INFO - Processing /home/airflow/.local/lib/python3.12/site-packages/airflow/example_dags/example_branch_datetime_operator.py took 0.068 seconds
[2024-10-10T12:50:51.996+0000] {processor.py:186} INFO - Started process (PID=40389) to work on /home/airflow/.local/lib/python3.12/site-packages/airflow/example_dags/example_branch_datetime_operator.py
[2024-10-10T12:50:51.996+0000] {processor.py:914} INFO - Processing file /home/airflow/.local/lib/python3.12/site-packages/airflow/example_dags/example_branch_datetime_operator.py for tasks to queue
[2024-10-10T12:50:51.997+0000] {logging_mixin.py:190} INFO - [2024-10-10T12:50:51.997+0000] {dagbag.py:587} INFO - Filling up the DagBag from /home/airflow/.local/lib/python3.12/site-packages/airflow/example_dags/example_branch_datetime_operator.py
[2024-10-10T12:50:52.003+0000] {processor.py:925} INFO - DAG(s) 'example_branch_datetime_operator_2', 'example_branch_datetime_operator', 'example_branch_datetime_operator_3' retrieved from /home/airflow/.local/lib/python3.12/site-packages/airflow/example_dags/example_branch_datetime_operator.py
[2024-10-10T12:50:52.014+0000] {logging_mixin.py:190} INFO - [2024-10-10T12:50:52.014+0000] {dag.py:3229} INFO - Sync 3 DAGs
[2024-10-10T12:50:52.025+0000] {logging_mixin.py:190} INFO - [2024-10-10T12:50:52.025+0000] {dag.py:4156} INFO - Setting next_dagrun for example_branch_datetime_operator to 2024-10-09 00:00:00+00:00, run_after=2024-10-10 00:00:00+00:00
[2024-10-10T12:50:52.026+0000] {logging_mixin.py:190} INFO - [2024-10-10T12:50:52.026+0000] {dag.py:4156} INFO - Setting next_dagrun for example_branch_datetime_operator_2 to 2024-10-09 00:00:00+00:00, run_after=2024-10-10 00:00:00+00:00
[2024-10-10T12:50:52.027+0000] {logging_mixin.py:190} INFO - [2024-10-10T12:50:52.027+0000] {dag.py:4156} INFO - Setting next_dagrun for example_branch_datetime_operator_3 to 2024-10-09 00:00:00+00:00, run_after=2024-10-10 00:00:00+00:00
[2024-10-10T12:50:52.033+0000] {processor.py:208} INFO - Processing /home/airflow/.local/lib/python3.12/site-packages/airflow/example_dags/example_branch_datetime_operator.py took 0.040 seconds
[2024-10-10T13:08:18.710+0000] {processor.py:186} INFO - Started process (PID=40460) to work on /home/airflow/.local/lib/python3.12/site-packages/airflow/example_dags/example_branch_datetime_operator.py
[2024-10-10T13:08:18.714+0000] {processor.py:914} INFO - Processing file /home/airflow/.local/lib/python3.12/site-packages/airflow/example_dags/example_branch_datetime_operator.py for tasks to queue
[2024-10-10T13:08:18.715+0000] {logging_mixin.py:190} INFO - [2024-10-10T13:08:18.715+0000] {dagbag.py:587} INFO - Filling up the DagBag from /home/airflow/.local/lib/python3.12/site-packages/airflow/example_dags/example_branch_datetime_operator.py
[2024-10-10T13:08:18.725+0000] {processor.py:925} INFO - DAG(s) 'example_branch_datetime_operator_2', 'example_branch_datetime_operator', 'example_branch_datetime_operator_3' retrieved from /home/airflow/.local/lib/python3.12/site-packages/airflow/example_dags/example_branch_datetime_operator.py
[2024-10-10T13:08:18.739+0000] {logging_mixin.py:190} INFO - [2024-10-10T13:08:18.739+0000] {dag.py:3229} INFO - Sync 3 DAGs
[2024-10-10T13:08:18.750+0000] {logging_mixin.py:190} INFO - [2024-10-10T13:08:18.750+0000] {dag.py:4156} INFO - Setting next_dagrun for example_branch_datetime_operator to 2024-10-09 00:00:00+00:00, run_after=2024-10-10 00:00:00+00:00
[2024-10-10T13:08:18.752+0000] {logging_mixin.py:190} INFO - [2024-10-10T13:08:18.752+0000] {dag.py:4156} INFO - Setting next_dagrun for example_branch_datetime_operator_2 to 2024-10-09 00:00:00+00:00, run_after=2024-10-10 00:00:00+00:00
[2024-10-10T13:08:18.753+0000] {logging_mixin.py:190} INFO - [2024-10-10T13:08:18.753+0000] {dag.py:4156} INFO - Setting next_dagrun for example_branch_datetime_operator_3 to 2024-10-09 00:00:00+00:00, run_after=2024-10-10 00:00:00+00:00
[2024-10-10T13:08:18.760+0000] {processor.py:208} INFO - Processing /home/airflow/.local/lib/python3.12/site-packages/airflow/example_dags/example_branch_datetime_operator.py took 0.052 seconds
[2024-10-10T13:51:02.937+0000] {processor.py:186} INFO - Started process (PID=40531) to work on /home/airflow/.local/lib/python3.12/site-packages/airflow/example_dags/example_branch_datetime_operator.py
[2024-10-10T13:51:02.938+0000] {processor.py:914} INFO - Processing file /home/airflow/.local/lib/python3.12/site-packages/airflow/example_dags/example_branch_datetime_operator.py for tasks to queue
[2024-10-10T13:51:02.938+0000] {logging_mixin.py:190} INFO - [2024-10-10T13:51:02.938+0000] {dagbag.py:587} INFO - Filling up the DagBag from /home/airflow/.local/lib/python3.12/site-packages/airflow/example_dags/example_branch_datetime_operator.py
[2024-10-10T13:51:02.949+0000] {processor.py:925} INFO - DAG(s) 'example_branch_datetime_operator', 'example_branch_datetime_operator_2', 'example_branch_datetime_operator_3' retrieved from /home/airflow/.local/lib/python3.12/site-packages/airflow/example_dags/example_branch_datetime_operator.py
[2024-10-10T13:51:02.966+0000] {logging_mixin.py:190} INFO - [2024-10-10T13:51:02.966+0000] {dag.py:3229} INFO - Sync 3 DAGs
[2024-10-10T13:51:02.984+0000] {logging_mixin.py:190} INFO - [2024-10-10T13:51:02.983+0000] {dag.py:4156} INFO - Setting next_dagrun for example_branch_datetime_operator to 2024-10-09 00:00:00+00:00, run_after=2024-10-10 00:00:00+00:00
[2024-10-10T13:51:02.986+0000] {logging_mixin.py:190} INFO - [2024-10-10T13:51:02.986+0000] {dag.py:4156} INFO - Setting next_dagrun for example_branch_datetime_operator_2 to 2024-10-09 00:00:00+00:00, run_after=2024-10-10 00:00:00+00:00
[2024-10-10T13:51:02.987+0000] {logging_mixin.py:190} INFO - [2024-10-10T13:51:02.987+0000] {dag.py:4156} INFO - Setting next_dagrun for example_branch_datetime_operator_3 to 2024-10-09 00:00:00+00:00, run_after=2024-10-10 00:00:00+00:00
[2024-10-10T13:51:02.997+0000] {processor.py:208} INFO - Processing /home/airflow/.local/lib/python3.12/site-packages/airflow/example_dags/example_branch_datetime_operator.py took 0.064 seconds
[2024-10-10T14:18:17.002+0000] {processor.py:186} INFO - Started process (PID=40602) to work on /home/airflow/.local/lib/python3.12/site-packages/airflow/example_dags/example_branch_datetime_operator.py
[2024-10-10T14:18:17.003+0000] {processor.py:914} INFO - Processing file /home/airflow/.local/lib/python3.12/site-packages/airflow/example_dags/example_branch_datetime_operator.py for tasks to queue
[2024-10-10T14:18:17.004+0000] {logging_mixin.py:190} INFO - [2024-10-10T14:18:17.004+0000] {dagbag.py:587} INFO - Filling up the DagBag from /home/airflow/.local/lib/python3.12/site-packages/airflow/example_dags/example_branch_datetime_operator.py
[2024-10-10T14:18:17.010+0000] {processor.py:925} INFO - DAG(s) 'example_branch_datetime_operator', 'example_branch_datetime_operator_2', 'example_branch_datetime_operator_3' retrieved from /home/airflow/.local/lib/python3.12/site-packages/airflow/example_dags/example_branch_datetime_operator.py
[2024-10-10T14:18:17.029+0000] {logging_mixin.py:190} INFO - [2024-10-10T14:18:17.029+0000] {dag.py:3229} INFO - Sync 3 DAGs
[2024-10-10T14:18:17.043+0000] {logging_mixin.py:190} INFO - [2024-10-10T14:18:17.042+0000] {dag.py:4156} INFO - Setting next_dagrun for example_branch_datetime_operator to 2024-10-09 00:00:00+00:00, run_after=2024-10-10 00:00:00+00:00
[2024-10-10T14:18:17.047+0000] {logging_mixin.py:190} INFO - [2024-10-10T14:18:17.047+0000] {dag.py:4156} INFO - Setting next_dagrun for example_branch_datetime_operator_2 to 2024-10-09 00:00:00+00:00, run_after=2024-10-10 00:00:00+00:00
[2024-10-10T14:18:17.049+0000] {logging_mixin.py:190} INFO - [2024-10-10T14:18:17.049+0000] {dag.py:4156} INFO - Setting next_dagrun for example_branch_datetime_operator_3 to 2024-10-09 00:00:00+00:00, run_after=2024-10-10 00:00:00+00:00
[2024-10-10T14:18:17.058+0000] {processor.py:208} INFO - Processing /home/airflow/.local/lib/python3.12/site-packages/airflow/example_dags/example_branch_datetime_operator.py took 0.058 seconds
[2024-10-10T14:50:16.366+0000] {processor.py:186} INFO - Started process (PID=40673) to work on /home/airflow/.local/lib/python3.12/site-packages/airflow/example_dags/example_branch_datetime_operator.py
[2024-10-10T14:50:16.369+0000] {processor.py:914} INFO - Processing file /home/airflow/.local/lib/python3.12/site-packages/airflow/example_dags/example_branch_datetime_operator.py for tasks to queue
[2024-10-10T14:50:16.370+0000] {logging_mixin.py:190} INFO - [2024-10-10T14:50:16.370+0000] {dagbag.py:587} INFO - Filling up the DagBag from /home/airflow/.local/lib/python3.12/site-packages/airflow/example_dags/example_branch_datetime_operator.py
[2024-10-10T14:50:16.377+0000] {processor.py:925} INFO - DAG(s) 'example_branch_datetime_operator_3', 'example_branch_datetime_operator_2', 'example_branch_datetime_operator' retrieved from /home/airflow/.local/lib/python3.12/site-packages/airflow/example_dags/example_branch_datetime_operator.py
[2024-10-10T14:50:16.389+0000] {logging_mixin.py:190} INFO - [2024-10-10T14:50:16.389+0000] {dag.py:3229} INFO - Sync 3 DAGs
[2024-10-10T14:50:16.401+0000] {logging_mixin.py:190} INFO - [2024-10-10T14:50:16.401+0000] {dag.py:4156} INFO - Setting next_dagrun for example_branch_datetime_operator to 2024-10-09 00:00:00+00:00, run_after=2024-10-10 00:00:00+00:00
[2024-10-10T14:50:16.403+0000] {logging_mixin.py:190} INFO - [2024-10-10T14:50:16.403+0000] {dag.py:4156} INFO - Setting next_dagrun for example_branch_datetime_operator_2 to 2024-10-09 00:00:00+00:00, run_after=2024-10-10 00:00:00+00:00
[2024-10-10T14:50:16.404+0000] {logging_mixin.py:190} INFO - [2024-10-10T14:50:16.404+0000] {dag.py:4156} INFO - Setting next_dagrun for example_branch_datetime_operator_3 to 2024-10-09 00:00:00+00:00, run_after=2024-10-10 00:00:00+00:00
[2024-10-10T14:50:16.411+0000] {processor.py:208} INFO - Processing /home/airflow/.local/lib/python3.12/site-packages/airflow/example_dags/example_branch_datetime_operator.py took 0.048 seconds
[2024-10-10T15:19:01.744+0000] {processor.py:186} INFO - Started process (PID=40744) to work on /home/airflow/.local/lib/python3.12/site-packages/airflow/example_dags/example_branch_datetime_operator.py
[2024-10-10T15:19:01.745+0000] {processor.py:914} INFO - Processing file /home/airflow/.local/lib/python3.12/site-packages/airflow/example_dags/example_branch_datetime_operator.py for tasks to queue
[2024-10-10T15:19:01.746+0000] {logging_mixin.py:190} INFO - [2024-10-10T15:19:01.746+0000] {dagbag.py:587} INFO - Filling up the DagBag from /home/airflow/.local/lib/python3.12/site-packages/airflow/example_dags/example_branch_datetime_operator.py
[2024-10-10T15:19:01.753+0000] {processor.py:925} INFO - DAG(s) 'example_branch_datetime_operator_2', 'example_branch_datetime_operator', 'example_branch_datetime_operator_3' retrieved from /home/airflow/.local/lib/python3.12/site-packages/airflow/example_dags/example_branch_datetime_operator.py
[2024-10-10T15:19:01.777+0000] {logging_mixin.py:190} INFO - [2024-10-10T15:19:01.777+0000] {dag.py:3229} INFO - Sync 3 DAGs
[2024-10-10T15:19:01.793+0000] {logging_mixin.py:190} INFO - [2024-10-10T15:19:01.793+0000] {dag.py:4156} INFO - Setting next_dagrun for example_branch_datetime_operator to 2024-10-09 00:00:00+00:00, run_after=2024-10-10 00:00:00+00:00
[2024-10-10T15:19:01.795+0000] {logging_mixin.py:190} INFO - [2024-10-10T15:19:01.795+0000] {dag.py:4156} INFO - Setting next_dagrun for example_branch_datetime_operator_2 to 2024-10-09 00:00:00+00:00, run_after=2024-10-10 00:00:00+00:00
[2024-10-10T15:19:01.797+0000] {logging_mixin.py:190} INFO - [2024-10-10T15:19:01.797+0000] {dag.py:4156} INFO - Setting next_dagrun for example_branch_datetime_operator_3 to 2024-10-09 00:00:00+00:00, run_after=2024-10-10 00:00:00+00:00
[2024-10-10T15:19:01.803+0000] {processor.py:208} INFO - Processing /home/airflow/.local/lib/python3.12/site-packages/airflow/example_dags/example_branch_datetime_operator.py took 0.062 seconds
[2024-10-10T15:50:08.794+0000] {processor.py:186} INFO - Started process (PID=40815) to work on /home/airflow/.local/lib/python3.12/site-packages/airflow/example_dags/example_branch_datetime_operator.py
[2024-10-10T15:50:08.798+0000] {processor.py:914} INFO - Processing file /home/airflow/.local/lib/python3.12/site-packages/airflow/example_dags/example_branch_datetime_operator.py for tasks to queue
[2024-10-10T15:50:08.801+0000] {logging_mixin.py:190} INFO - [2024-10-10T15:50:08.801+0000] {dagbag.py:587} INFO - Filling up the DagBag from /home/airflow/.local/lib/python3.12/site-packages/airflow/example_dags/example_branch_datetime_operator.py
[2024-10-10T15:50:08.807+0000] {processor.py:925} INFO - DAG(s) 'example_branch_datetime_operator_3', 'example_branch_datetime_operator', 'example_branch_datetime_operator_2' retrieved from /home/airflow/.local/lib/python3.12/site-packages/airflow/example_dags/example_branch_datetime_operator.py
[2024-10-10T15:50:08.826+0000] {logging_mixin.py:190} INFO - [2024-10-10T15:50:08.826+0000] {dag.py:3229} INFO - Sync 3 DAGs
[2024-10-10T15:50:08.842+0000] {logging_mixin.py:190} INFO - [2024-10-10T15:50:08.841+0000] {dag.py:4156} INFO - Setting next_dagrun for example_branch_datetime_operator to 2024-10-09 00:00:00+00:00, run_after=2024-10-10 00:00:00+00:00
[2024-10-10T15:50:08.844+0000] {logging_mixin.py:190} INFO - [2024-10-10T15:50:08.844+0000] {dag.py:4156} INFO - Setting next_dagrun for example_branch_datetime_operator_2 to 2024-10-09 00:00:00+00:00, run_after=2024-10-10 00:00:00+00:00
[2024-10-10T15:50:08.845+0000] {logging_mixin.py:190} INFO - [2024-10-10T15:50:08.845+0000] {dag.py:4156} INFO - Setting next_dagrun for example_branch_datetime_operator_3 to 2024-10-09 00:00:00+00:00, run_after=2024-10-10 00:00:00+00:00
[2024-10-10T15:50:08.852+0000] {processor.py:208} INFO - Processing /home/airflow/.local/lib/python3.12/site-packages/airflow/example_dags/example_branch_datetime_operator.py took 0.061 seconds
[2024-10-10T16:36:37.346+0000] {processor.py:186} INFO - Started process (PID=40886) to work on /home/airflow/.local/lib/python3.12/site-packages/airflow/example_dags/example_branch_datetime_operator.py
[2024-10-10T16:36:37.368+0000] {processor.py:914} INFO - Processing file /home/airflow/.local/lib/python3.12/site-packages/airflow/example_dags/example_branch_datetime_operator.py for tasks to queue
[2024-10-10T16:36:37.377+0000] {logging_mixin.py:190} INFO - [2024-10-10T16:36:37.376+0000] {dagbag.py:587} INFO - Filling up the DagBag from /home/airflow/.local/lib/python3.12/site-packages/airflow/example_dags/example_branch_datetime_operator.py
[2024-10-10T16:36:37.413+0000] {processor.py:925} INFO - DAG(s) 'example_branch_datetime_operator_3', 'example_branch_datetime_operator', 'example_branch_datetime_operator_2' retrieved from /home/airflow/.local/lib/python3.12/site-packages/airflow/example_dags/example_branch_datetime_operator.py
[2024-10-10T16:36:37.484+0000] {logging_mixin.py:190} INFO - [2024-10-10T16:36:37.484+0000] {dag.py:3229} INFO - Sync 3 DAGs
[2024-10-10T16:36:37.509+0000] {logging_mixin.py:190} INFO - [2024-10-10T16:36:37.508+0000] {dag.py:4156} INFO - Setting next_dagrun for example_branch_datetime_operator to 2024-10-09 00:00:00+00:00, run_after=2024-10-10 00:00:00+00:00
[2024-10-10T16:36:37.514+0000] {logging_mixin.py:190} INFO - [2024-10-10T16:36:37.513+0000] {dag.py:4156} INFO - Setting next_dagrun for example_branch_datetime_operator_2 to 2024-10-09 00:00:00+00:00, run_after=2024-10-10 00:00:00+00:00
[2024-10-10T16:36:37.516+0000] {logging_mixin.py:190} INFO - [2024-10-10T16:36:37.516+0000] {dag.py:4156} INFO - Setting next_dagrun for example_branch_datetime_operator_3 to 2024-10-09 00:00:00+00:00, run_after=2024-10-10 00:00:00+00:00
[2024-10-10T16:36:37.535+0000] {processor.py:208} INFO - Processing /home/airflow/.local/lib/python3.12/site-packages/airflow/example_dags/example_branch_datetime_operator.py took 0.203 seconds
[2024-10-10T16:45:45.598+0000] {processor.py:186} INFO - Started process (PID=40957) to work on /home/airflow/.local/lib/python3.12/site-packages/airflow/example_dags/example_branch_datetime_operator.py
[2024-10-10T16:45:45.601+0000] {processor.py:914} INFO - Processing file /home/airflow/.local/lib/python3.12/site-packages/airflow/example_dags/example_branch_datetime_operator.py for tasks to queue
[2024-10-10T16:45:45.603+0000] {logging_mixin.py:190} INFO - [2024-10-10T16:45:45.602+0000] {dagbag.py:587} INFO - Filling up the DagBag from /home/airflow/.local/lib/python3.12/site-packages/airflow/example_dags/example_branch_datetime_operator.py
[2024-10-10T16:45:45.626+0000] {processor.py:925} INFO - DAG(s) 'example_branch_datetime_operator_3', 'example_branch_datetime_operator', 'example_branch_datetime_operator_2' retrieved from /home/airflow/.local/lib/python3.12/site-packages/airflow/example_dags/example_branch_datetime_operator.py
[2024-10-10T16:45:45.682+0000] {logging_mixin.py:190} INFO - [2024-10-10T16:45:45.682+0000] {dag.py:3229} INFO - Sync 3 DAGs
[2024-10-10T16:45:45.721+0000] {logging_mixin.py:190} INFO - [2024-10-10T16:45:45.720+0000] {dag.py:4156} INFO - Setting next_dagrun for example_branch_datetime_operator to 2024-10-09 00:00:00+00:00, run_after=2024-10-10 00:00:00+00:00
[2024-10-10T16:45:45.737+0000] {logging_mixin.py:190} INFO - [2024-10-10T16:45:45.736+0000] {dag.py:4156} INFO - Setting next_dagrun for example_branch_datetime_operator_2 to 2024-10-09 00:00:00+00:00, run_after=2024-10-10 00:00:00+00:00
[2024-10-10T16:45:45.741+0000] {logging_mixin.py:190} INFO - [2024-10-10T16:45:45.741+0000] {dag.py:4156} INFO - Setting next_dagrun for example_branch_datetime_operator_3 to 2024-10-09 00:00:00+00:00, run_after=2024-10-10 00:00:00+00:00
[2024-10-10T16:45:45.773+0000] {processor.py:208} INFO - Processing /home/airflow/.local/lib/python3.12/site-packages/airflow/example_dags/example_branch_datetime_operator.py took 0.181 seconds
[2024-10-10T17:20:01.148+0000] {processor.py:186} INFO - Started process (PID=41027) to work on /home/airflow/.local/lib/python3.12/site-packages/airflow/example_dags/example_branch_datetime_operator.py
[2024-10-10T17:20:01.149+0000] {processor.py:914} INFO - Processing file /home/airflow/.local/lib/python3.12/site-packages/airflow/example_dags/example_branch_datetime_operator.py for tasks to queue
[2024-10-10T17:20:01.149+0000] {logging_mixin.py:190} INFO - [2024-10-10T17:20:01.149+0000] {dagbag.py:587} INFO - Filling up the DagBag from /home/airflow/.local/lib/python3.12/site-packages/airflow/example_dags/example_branch_datetime_operator.py
[2024-10-10T17:20:01.155+0000] {processor.py:925} INFO - DAG(s) 'example_branch_datetime_operator', 'example_branch_datetime_operator_2', 'example_branch_datetime_operator_3' retrieved from /home/airflow/.local/lib/python3.12/site-packages/airflow/example_dags/example_branch_datetime_operator.py
[2024-10-10T17:20:01.168+0000] {logging_mixin.py:190} INFO - [2024-10-10T17:20:01.167+0000] {dag.py:3229} INFO - Sync 3 DAGs
[2024-10-10T17:20:01.181+0000] {logging_mixin.py:190} INFO - [2024-10-10T17:20:01.181+0000] {dag.py:4156} INFO - Setting next_dagrun for example_branch_datetime_operator to 2024-10-09 00:00:00+00:00, run_after=2024-10-10 00:00:00+00:00
[2024-10-10T17:20:01.184+0000] {logging_mixin.py:190} INFO - [2024-10-10T17:20:01.184+0000] {dag.py:4156} INFO - Setting next_dagrun for example_branch_datetime_operator_2 to 2024-10-09 00:00:00+00:00, run_after=2024-10-10 00:00:00+00:00
[2024-10-10T17:20:01.185+0000] {logging_mixin.py:190} INFO - [2024-10-10T17:20:01.184+0000] {dag.py:4156} INFO - Setting next_dagrun for example_branch_datetime_operator_3 to 2024-10-09 00:00:00+00:00, run_after=2024-10-10 00:00:00+00:00
[2024-10-10T17:20:01.192+0000] {processor.py:208} INFO - Processing /home/airflow/.local/lib/python3.12/site-packages/airflow/example_dags/example_branch_datetime_operator.py took 0.048 seconds
[2024-10-10T18:21:01.047+0000] {processor.py:186} INFO - Started process (PID=41098) to work on /home/airflow/.local/lib/python3.12/site-packages/airflow/example_dags/example_branch_datetime_operator.py
[2024-10-10T18:21:01.049+0000] {processor.py:914} INFO - Processing file /home/airflow/.local/lib/python3.12/site-packages/airflow/example_dags/example_branch_datetime_operator.py for tasks to queue
[2024-10-10T18:21:01.050+0000] {logging_mixin.py:190} INFO - [2024-10-10T18:21:01.050+0000] {dagbag.py:587} INFO - Filling up the DagBag from /home/airflow/.local/lib/python3.12/site-packages/airflow/example_dags/example_branch_datetime_operator.py
[2024-10-10T18:21:01.056+0000] {processor.py:925} INFO - DAG(s) 'example_branch_datetime_operator_3', 'example_branch_datetime_operator', 'example_branch_datetime_operator_2' retrieved from /home/airflow/.local/lib/python3.12/site-packages/airflow/example_dags/example_branch_datetime_operator.py
[2024-10-10T18:21:01.071+0000] {logging_mixin.py:190} INFO - [2024-10-10T18:21:01.071+0000] {dag.py:3229} INFO - Sync 3 DAGs
[2024-10-10T18:21:01.083+0000] {logging_mixin.py:190} INFO - [2024-10-10T18:21:01.083+0000] {dag.py:4156} INFO - Setting next_dagrun for example_branch_datetime_operator to 2024-10-09 00:00:00+00:00, run_after=2024-10-10 00:00:00+00:00
[2024-10-10T18:21:01.088+0000] {logging_mixin.py:190} INFO - [2024-10-10T18:21:01.088+0000] {dag.py:4156} INFO - Setting next_dagrun for example_branch_datetime_operator_2 to 2024-10-09 00:00:00+00:00, run_after=2024-10-10 00:00:00+00:00
[2024-10-10T18:21:01.089+0000] {logging_mixin.py:190} INFO - [2024-10-10T18:21:01.089+0000] {dag.py:4156} INFO - Setting next_dagrun for example_branch_datetime_operator_3 to 2024-10-09 00:00:00+00:00, run_after=2024-10-10 00:00:00+00:00
[2024-10-10T18:21:01.096+0000] {processor.py:208} INFO - Processing /home/airflow/.local/lib/python3.12/site-packages/airflow/example_dags/example_branch_datetime_operator.py took 0.051 seconds
[2024-10-10T18:38:26.387+0000] {processor.py:186} INFO - Started process (PID=41169) to work on /home/airflow/.local/lib/python3.12/site-packages/airflow/example_dags/example_branch_datetime_operator.py
[2024-10-10T18:38:26.390+0000] {processor.py:914} INFO - Processing file /home/airflow/.local/lib/python3.12/site-packages/airflow/example_dags/example_branch_datetime_operator.py for tasks to queue
[2024-10-10T18:38:26.391+0000] {logging_mixin.py:190} INFO - [2024-10-10T18:38:26.391+0000] {dagbag.py:587} INFO - Filling up the DagBag from /home/airflow/.local/lib/python3.12/site-packages/airflow/example_dags/example_branch_datetime_operator.py
[2024-10-10T18:38:26.402+0000] {processor.py:925} INFO - DAG(s) 'example_branch_datetime_operator', 'example_branch_datetime_operator_3', 'example_branch_datetime_operator_2' retrieved from /home/airflow/.local/lib/python3.12/site-packages/airflow/example_dags/example_branch_datetime_operator.py
[2024-10-10T18:38:26.423+0000] {logging_mixin.py:190} INFO - [2024-10-10T18:38:26.423+0000] {dag.py:3229} INFO - Sync 3 DAGs
[2024-10-10T18:38:26.443+0000] {logging_mixin.py:190} INFO - [2024-10-10T18:38:26.443+0000] {dag.py:4156} INFO - Setting next_dagrun for example_branch_datetime_operator to 2024-10-09 00:00:00+00:00, run_after=2024-10-10 00:00:00+00:00
[2024-10-10T18:38:26.446+0000] {logging_mixin.py:190} INFO - [2024-10-10T18:38:26.446+0000] {dag.py:4156} INFO - Setting next_dagrun for example_branch_datetime_operator_2 to 2024-10-09 00:00:00+00:00, run_after=2024-10-10 00:00:00+00:00
[2024-10-10T18:38:26.448+0000] {logging_mixin.py:190} INFO - [2024-10-10T18:38:26.447+0000] {dag.py:4156} INFO - Setting next_dagrun for example_branch_datetime_operator_3 to 2024-10-09 00:00:00+00:00, run_after=2024-10-10 00:00:00+00:00
[2024-10-10T18:38:26.461+0000] {processor.py:208} INFO - Processing /home/airflow/.local/lib/python3.12/site-packages/airflow/example_dags/example_branch_datetime_operator.py took 0.079 seconds
[2024-10-10T19:39:11.220+0000] {processor.py:186} INFO - Started process (PID=41240) to work on /home/airflow/.local/lib/python3.12/site-packages/airflow/example_dags/example_branch_datetime_operator.py
[2024-10-10T19:39:11.221+0000] {processor.py:914} INFO - Processing file /home/airflow/.local/lib/python3.12/site-packages/airflow/example_dags/example_branch_datetime_operator.py for tasks to queue
[2024-10-10T19:39:11.222+0000] {logging_mixin.py:190} INFO - [2024-10-10T19:39:11.221+0000] {dagbag.py:587} INFO - Filling up the DagBag from /home/airflow/.local/lib/python3.12/site-packages/airflow/example_dags/example_branch_datetime_operator.py
[2024-10-10T19:39:11.227+0000] {processor.py:925} INFO - DAG(s) 'example_branch_datetime_operator', 'example_branch_datetime_operator_2', 'example_branch_datetime_operator_3' retrieved from /home/airflow/.local/lib/python3.12/site-packages/airflow/example_dags/example_branch_datetime_operator.py
[2024-10-10T19:39:11.240+0000] {logging_mixin.py:190} INFO - [2024-10-10T19:39:11.240+0000] {dag.py:3229} INFO - Sync 3 DAGs
[2024-10-10T19:39:11.269+0000] {logging_mixin.py:190} INFO - [2024-10-10T19:39:11.269+0000] {dag.py:4156} INFO - Setting next_dagrun for example_branch_datetime_operator to 2024-10-09 00:00:00+00:00, run_after=2024-10-10 00:00:00+00:00
[2024-10-10T19:39:11.272+0000] {logging_mixin.py:190} INFO - [2024-10-10T19:39:11.271+0000] {dag.py:4156} INFO - Setting next_dagrun for example_branch_datetime_operator_2 to 2024-10-09 00:00:00+00:00, run_after=2024-10-10 00:00:00+00:00
[2024-10-10T19:39:11.274+0000] {logging_mixin.py:190} INFO - [2024-10-10T19:39:11.273+0000] {dag.py:4156} INFO - Setting next_dagrun for example_branch_datetime_operator_3 to 2024-10-09 00:00:00+00:00, run_after=2024-10-10 00:00:00+00:00
[2024-10-10T19:39:11.288+0000] {processor.py:208} INFO - Processing /home/airflow/.local/lib/python3.12/site-packages/airflow/example_dags/example_branch_datetime_operator.py took 0.072 seconds
[2024-10-10T20:23:14.890+0000] {processor.py:186} INFO - Started process (PID=41311) to work on /home/airflow/.local/lib/python3.12/site-packages/airflow/example_dags/example_branch_datetime_operator.py
[2024-10-10T20:23:14.891+0000] {processor.py:914} INFO - Processing file /home/airflow/.local/lib/python3.12/site-packages/airflow/example_dags/example_branch_datetime_operator.py for tasks to queue
[2024-10-10T20:23:14.892+0000] {logging_mixin.py:190} INFO - [2024-10-10T20:23:14.892+0000] {dagbag.py:587} INFO - Filling up the DagBag from /home/airflow/.local/lib/python3.12/site-packages/airflow/example_dags/example_branch_datetime_operator.py
[2024-10-10T20:23:14.899+0000] {processor.py:925} INFO - DAG(s) 'example_branch_datetime_operator_3', 'example_branch_datetime_operator', 'example_branch_datetime_operator_2' retrieved from /home/airflow/.local/lib/python3.12/site-packages/airflow/example_dags/example_branch_datetime_operator.py
[2024-10-10T20:23:14.917+0000] {logging_mixin.py:190} INFO - [2024-10-10T20:23:14.917+0000] {dag.py:3229} INFO - Sync 3 DAGs
[2024-10-10T20:23:14.938+0000] {logging_mixin.py:190} INFO - [2024-10-10T20:23:14.938+0000] {dag.py:4156} INFO - Setting next_dagrun for example_branch_datetime_operator to 2024-10-09 00:00:00+00:00, run_after=2024-10-10 00:00:00+00:00
[2024-10-10T20:23:14.942+0000] {logging_mixin.py:190} INFO - [2024-10-10T20:23:14.942+0000] {dag.py:4156} INFO - Setting next_dagrun for example_branch_datetime_operator_2 to 2024-10-09 00:00:00+00:00, run_after=2024-10-10 00:00:00+00:00
[2024-10-10T20:23:14.943+0000] {logging_mixin.py:190} INFO - [2024-10-10T20:23:14.943+0000] {dag.py:4156} INFO - Setting next_dagrun for example_branch_datetime_operator_3 to 2024-10-09 00:00:00+00:00, run_after=2024-10-10 00:00:00+00:00
[2024-10-10T20:23:14.958+0000] {processor.py:208} INFO - Processing /home/airflow/.local/lib/python3.12/site-packages/airflow/example_dags/example_branch_datetime_operator.py took 0.071 seconds
[2024-10-10T20:54:20.163+0000] {processor.py:186} INFO - Started process (PID=41382) to work on /home/airflow/.local/lib/python3.12/site-packages/airflow/example_dags/example_branch_datetime_operator.py
[2024-10-10T20:54:20.165+0000] {processor.py:914} INFO - Processing file /home/airflow/.local/lib/python3.12/site-packages/airflow/example_dags/example_branch_datetime_operator.py for tasks to queue
[2024-10-10T20:54:20.165+0000] {logging_mixin.py:190} INFO - [2024-10-10T20:54:20.165+0000] {dagbag.py:587} INFO - Filling up the DagBag from /home/airflow/.local/lib/python3.12/site-packages/airflow/example_dags/example_branch_datetime_operator.py
[2024-10-10T20:54:20.172+0000] {processor.py:925} INFO - DAG(s) 'example_branch_datetime_operator_2', 'example_branch_datetime_operator_3', 'example_branch_datetime_operator' retrieved from /home/airflow/.local/lib/python3.12/site-packages/airflow/example_dags/example_branch_datetime_operator.py
[2024-10-10T20:54:20.189+0000] {logging_mixin.py:190} INFO - [2024-10-10T20:54:20.188+0000] {dag.py:3229} INFO - Sync 3 DAGs
[2024-10-10T20:54:20.200+0000] {logging_mixin.py:190} INFO - [2024-10-10T20:54:20.200+0000] {dag.py:4156} INFO - Setting next_dagrun for example_branch_datetime_operator to 2024-10-09 00:00:00+00:00, run_after=2024-10-10 00:00:00+00:00
[2024-10-10T20:54:20.202+0000] {logging_mixin.py:190} INFO - [2024-10-10T20:54:20.202+0000] {dag.py:4156} INFO - Setting next_dagrun for example_branch_datetime_operator_2 to 2024-10-09 00:00:00+00:00, run_after=2024-10-10 00:00:00+00:00
[2024-10-10T20:54:20.204+0000] {logging_mixin.py:190} INFO - [2024-10-10T20:54:20.204+0000] {dag.py:4156} INFO - Setting next_dagrun for example_branch_datetime_operator_3 to 2024-10-09 00:00:00+00:00, run_after=2024-10-10 00:00:00+00:00
[2024-10-10T20:54:20.212+0000] {processor.py:208} INFO - Processing /home/airflow/.local/lib/python3.12/site-packages/airflow/example_dags/example_branch_datetime_operator.py took 0.053 seconds
[2024-10-10T21:24:07.934+0000] {processor.py:186} INFO - Started process (PID=41453) to work on /home/airflow/.local/lib/python3.12/site-packages/airflow/example_dags/example_branch_datetime_operator.py
[2024-10-10T21:24:07.935+0000] {processor.py:914} INFO - Processing file /home/airflow/.local/lib/python3.12/site-packages/airflow/example_dags/example_branch_datetime_operator.py for tasks to queue
[2024-10-10T21:24:07.936+0000] {logging_mixin.py:190} INFO - [2024-10-10T21:24:07.936+0000] {dagbag.py:587} INFO - Filling up the DagBag from /home/airflow/.local/lib/python3.12/site-packages/airflow/example_dags/example_branch_datetime_operator.py
[2024-10-10T21:24:07.941+0000] {processor.py:925} INFO - DAG(s) 'example_branch_datetime_operator_3', 'example_branch_datetime_operator_2', 'example_branch_datetime_operator' retrieved from /home/airflow/.local/lib/python3.12/site-packages/airflow/example_dags/example_branch_datetime_operator.py
[2024-10-10T21:24:07.956+0000] {logging_mixin.py:190} INFO - [2024-10-10T21:24:07.956+0000] {dag.py:3229} INFO - Sync 3 DAGs
[2024-10-10T21:24:07.969+0000] {logging_mixin.py:190} INFO - [2024-10-10T21:24:07.969+0000] {dag.py:4156} INFO - Setting next_dagrun for example_branch_datetime_operator to 2024-10-09 00:00:00+00:00, run_after=2024-10-10 00:00:00+00:00
[2024-10-10T21:24:07.972+0000] {logging_mixin.py:190} INFO - [2024-10-10T21:24:07.972+0000] {dag.py:4156} INFO - Setting next_dagrun for example_branch_datetime_operator_2 to 2024-10-09 00:00:00+00:00, run_after=2024-10-10 00:00:00+00:00
[2024-10-10T21:24:07.973+0000] {logging_mixin.py:190} INFO - [2024-10-10T21:24:07.973+0000] {dag.py:4156} INFO - Setting next_dagrun for example_branch_datetime_operator_3 to 2024-10-09 00:00:00+00:00, run_after=2024-10-10 00:00:00+00:00
[2024-10-10T21:24:07.981+0000] {processor.py:208} INFO - Processing /home/airflow/.local/lib/python3.12/site-packages/airflow/example_dags/example_branch_datetime_operator.py took 0.049 seconds
[2024-10-10T21:24:38.771+0000] {processor.py:186} INFO - Started process (PID=41524) to work on /home/airflow/.local/lib/python3.12/site-packages/airflow/example_dags/example_branch_datetime_operator.py
[2024-10-10T21:24:38.773+0000] {processor.py:914} INFO - Processing file /home/airflow/.local/lib/python3.12/site-packages/airflow/example_dags/example_branch_datetime_operator.py for tasks to queue
[2024-10-10T21:24:38.774+0000] {logging_mixin.py:190} INFO - [2024-10-10T21:24:38.774+0000] {dagbag.py:587} INFO - Filling up the DagBag from /home/airflow/.local/lib/python3.12/site-packages/airflow/example_dags/example_branch_datetime_operator.py
[2024-10-10T21:24:38.780+0000] {processor.py:925} INFO - DAG(s) 'example_branch_datetime_operator', 'example_branch_datetime_operator_3', 'example_branch_datetime_operator_2' retrieved from /home/airflow/.local/lib/python3.12/site-packages/airflow/example_dags/example_branch_datetime_operator.py
[2024-10-10T21:24:38.796+0000] {logging_mixin.py:190} INFO - [2024-10-10T21:24:38.796+0000] {dag.py:3229} INFO - Sync 3 DAGs
[2024-10-10T21:24:38.807+0000] {logging_mixin.py:190} INFO - [2024-10-10T21:24:38.807+0000] {dag.py:4156} INFO - Setting next_dagrun for example_branch_datetime_operator to 2024-10-09 00:00:00+00:00, run_after=2024-10-10 00:00:00+00:00
[2024-10-10T21:24:38.810+0000] {logging_mixin.py:190} INFO - [2024-10-10T21:24:38.810+0000] {dag.py:4156} INFO - Setting next_dagrun for example_branch_datetime_operator_2 to 2024-10-09 00:00:00+00:00, run_after=2024-10-10 00:00:00+00:00
[2024-10-10T21:24:38.811+0000] {logging_mixin.py:190} INFO - [2024-10-10T21:24:38.811+0000] {dag.py:4156} INFO - Setting next_dagrun for example_branch_datetime_operator_3 to 2024-10-09 00:00:00+00:00, run_after=2024-10-10 00:00:00+00:00
[2024-10-10T21:24:38.819+0000] {processor.py:208} INFO - Processing /home/airflow/.local/lib/python3.12/site-packages/airflow/example_dags/example_branch_datetime_operator.py took 0.051 seconds
[2024-10-10T21:43:34.797+0000] {processor.py:186} INFO - Started process (PID=41595) to work on /home/airflow/.local/lib/python3.12/site-packages/airflow/example_dags/example_branch_datetime_operator.py
[2024-10-10T21:43:34.799+0000] {processor.py:914} INFO - Processing file /home/airflow/.local/lib/python3.12/site-packages/airflow/example_dags/example_branch_datetime_operator.py for tasks to queue
[2024-10-10T21:43:34.800+0000] {logging_mixin.py:190} INFO - [2024-10-10T21:43:34.800+0000] {dagbag.py:587} INFO - Filling up the DagBag from /home/airflow/.local/lib/python3.12/site-packages/airflow/example_dags/example_branch_datetime_operator.py
[2024-10-10T21:43:34.806+0000] {processor.py:925} INFO - DAG(s) 'example_branch_datetime_operator_3', 'example_branch_datetime_operator_2', 'example_branch_datetime_operator' retrieved from /home/airflow/.local/lib/python3.12/site-packages/airflow/example_dags/example_branch_datetime_operator.py
[2024-10-10T21:43:34.833+0000] {logging_mixin.py:190} INFO - [2024-10-10T21:43:34.833+0000] {dag.py:3229} INFO - Sync 3 DAGs
[2024-10-10T21:43:34.846+0000] {logging_mixin.py:190} INFO - [2024-10-10T21:43:34.846+0000] {dag.py:4156} INFO - Setting next_dagrun for example_branch_datetime_operator to 2024-10-09 00:00:00+00:00, run_after=2024-10-10 00:00:00+00:00
[2024-10-10T21:43:34.848+0000] {logging_mixin.py:190} INFO - [2024-10-10T21:43:34.848+0000] {dag.py:4156} INFO - Setting next_dagrun for example_branch_datetime_operator_2 to 2024-10-09 00:00:00+00:00, run_after=2024-10-10 00:00:00+00:00
[2024-10-10T21:43:34.849+0000] {logging_mixin.py:190} INFO - [2024-10-10T21:43:34.849+0000] {dag.py:4156} INFO - Setting next_dagrun for example_branch_datetime_operator_3 to 2024-10-09 00:00:00+00:00, run_after=2024-10-10 00:00:00+00:00
[2024-10-10T21:43:34.855+0000] {processor.py:208} INFO - Processing /home/airflow/.local/lib/python3.12/site-packages/airflow/example_dags/example_branch_datetime_operator.py took 0.061 seconds
[2024-10-10T22:17:47.759+0000] {processor.py:186} INFO - Started process (PID=41666) to work on /home/airflow/.local/lib/python3.12/site-packages/airflow/example_dags/example_branch_datetime_operator.py
[2024-10-10T22:17:47.761+0000] {processor.py:914} INFO - Processing file /home/airflow/.local/lib/python3.12/site-packages/airflow/example_dags/example_branch_datetime_operator.py for tasks to queue
[2024-10-10T22:17:47.762+0000] {logging_mixin.py:190} INFO - [2024-10-10T22:17:47.761+0000] {dagbag.py:587} INFO - Filling up the DagBag from /home/airflow/.local/lib/python3.12/site-packages/airflow/example_dags/example_branch_datetime_operator.py
[2024-10-10T22:17:47.768+0000] {processor.py:925} INFO - DAG(s) 'example_branch_datetime_operator_2', 'example_branch_datetime_operator_3', 'example_branch_datetime_operator' retrieved from /home/airflow/.local/lib/python3.12/site-packages/airflow/example_dags/example_branch_datetime_operator.py
[2024-10-10T22:17:47.780+0000] {logging_mixin.py:190} INFO - [2024-10-10T22:17:47.780+0000] {dag.py:3229} INFO - Sync 3 DAGs
[2024-10-10T22:17:47.794+0000] {logging_mixin.py:190} INFO - [2024-10-10T22:17:47.794+0000] {dag.py:4156} INFO - Setting next_dagrun for example_branch_datetime_operator to 2024-10-09 00:00:00+00:00, run_after=2024-10-10 00:00:00+00:00
[2024-10-10T22:17:47.797+0000] {logging_mixin.py:190} INFO - [2024-10-10T22:17:47.797+0000] {dag.py:4156} INFO - Setting next_dagrun for example_branch_datetime_operator_2 to 2024-10-09 00:00:00+00:00, run_after=2024-10-10 00:00:00+00:00
[2024-10-10T22:17:47.798+0000] {logging_mixin.py:190} INFO - [2024-10-10T22:17:47.798+0000] {dag.py:4156} INFO - Setting next_dagrun for example_branch_datetime_operator_3 to 2024-10-09 00:00:00+00:00, run_after=2024-10-10 00:00:00+00:00
[2024-10-10T22:17:47.807+0000] {processor.py:208} INFO - Processing /home/airflow/.local/lib/python3.12/site-packages/airflow/example_dags/example_branch_datetime_operator.py took 0.051 seconds
[2024-10-10T22:46:08.404+0000] {processor.py:186} INFO - Started process (PID=41737) to work on /home/airflow/.local/lib/python3.12/site-packages/airflow/example_dags/example_branch_datetime_operator.py
[2024-10-10T22:46:08.406+0000] {processor.py:914} INFO - Processing file /home/airflow/.local/lib/python3.12/site-packages/airflow/example_dags/example_branch_datetime_operator.py for tasks to queue
[2024-10-10T22:46:08.406+0000] {logging_mixin.py:190} INFO - [2024-10-10T22:46:08.406+0000] {dagbag.py:587} INFO - Filling up the DagBag from /home/airflow/.local/lib/python3.12/site-packages/airflow/example_dags/example_branch_datetime_operator.py
[2024-10-10T22:46:08.414+0000] {processor.py:925} INFO - DAG(s) 'example_branch_datetime_operator_3', 'example_branch_datetime_operator_2', 'example_branch_datetime_operator' retrieved from /home/airflow/.local/lib/python3.12/site-packages/airflow/example_dags/example_branch_datetime_operator.py
[2024-10-10T22:46:08.430+0000] {logging_mixin.py:190} INFO - [2024-10-10T22:46:08.430+0000] {dag.py:3229} INFO - Sync 3 DAGs
[2024-10-10T22:46:08.446+0000] {logging_mixin.py:190} INFO - [2024-10-10T22:46:08.446+0000] {dag.py:4156} INFO - Setting next_dagrun for example_branch_datetime_operator to 2024-10-09 00:00:00+00:00, run_after=2024-10-10 00:00:00+00:00
[2024-10-10T22:46:08.448+0000] {logging_mixin.py:190} INFO - [2024-10-10T22:46:08.448+0000] {dag.py:4156} INFO - Setting next_dagrun for example_branch_datetime_operator_2 to 2024-10-09 00:00:00+00:00, run_after=2024-10-10 00:00:00+00:00
[2024-10-10T22:46:08.450+0000] {logging_mixin.py:190} INFO - [2024-10-10T22:46:08.450+0000] {dag.py:4156} INFO - Setting next_dagrun for example_branch_datetime_operator_3 to 2024-10-09 00:00:00+00:00, run_after=2024-10-10 00:00:00+00:00
[2024-10-10T22:46:08.460+0000] {processor.py:208} INFO - Processing /home/airflow/.local/lib/python3.12/site-packages/airflow/example_dags/example_branch_datetime_operator.py took 0.059 seconds
[2024-10-10T23:26:18.951+0000] {processor.py:186} INFO - Started process (PID=41808) to work on /home/airflow/.local/lib/python3.12/site-packages/airflow/example_dags/example_branch_datetime_operator.py
[2024-10-10T23:26:18.952+0000] {processor.py:914} INFO - Processing file /home/airflow/.local/lib/python3.12/site-packages/airflow/example_dags/example_branch_datetime_operator.py for tasks to queue
[2024-10-10T23:26:18.953+0000] {logging_mixin.py:190} INFO - [2024-10-10T23:26:18.953+0000] {dagbag.py:587} INFO - Filling up the DagBag from /home/airflow/.local/lib/python3.12/site-packages/airflow/example_dags/example_branch_datetime_operator.py
[2024-10-10T23:26:18.962+0000] {processor.py:925} INFO - DAG(s) 'example_branch_datetime_operator_2', 'example_branch_datetime_operator', 'example_branch_datetime_operator_3' retrieved from /home/airflow/.local/lib/python3.12/site-packages/airflow/example_dags/example_branch_datetime_operator.py
[2024-10-10T23:26:18.998+0000] {logging_mixin.py:190} INFO - [2024-10-10T23:26:18.998+0000] {dag.py:3229} INFO - Sync 3 DAGs
[2024-10-10T23:26:19.019+0000] {logging_mixin.py:190} INFO - [2024-10-10T23:26:19.019+0000] {dag.py:4156} INFO - Setting next_dagrun for example_branch_datetime_operator to 2024-10-09 00:00:00+00:00, run_after=2024-10-10 00:00:00+00:00
[2024-10-10T23:26:19.021+0000] {logging_mixin.py:190} INFO - [2024-10-10T23:26:19.021+0000] {dag.py:4156} INFO - Setting next_dagrun for example_branch_datetime_operator_2 to 2024-10-09 00:00:00+00:00, run_after=2024-10-10 00:00:00+00:00
[2024-10-10T23:26:19.023+0000] {logging_mixin.py:190} INFO - [2024-10-10T23:26:19.023+0000] {dag.py:4156} INFO - Setting next_dagrun for example_branch_datetime_operator_3 to 2024-10-09 00:00:00+00:00, run_after=2024-10-10 00:00:00+00:00
[2024-10-10T23:26:19.032+0000] {processor.py:208} INFO - Processing /home/airflow/.local/lib/python3.12/site-packages/airflow/example_dags/example_branch_datetime_operator.py took 0.086 seconds
