[2024-10-10T00:11:41.131+0000] {processor.py:186} INFO - Started process (PID=38834) to work on /home/airflow/.local/lib/python3.12/site-packages/airflow/example_dags/example_inlet_event_extra.py
[2024-10-10T00:11:41.133+0000] {processor.py:914} INFO - Processing file /home/airflow/.local/lib/python3.12/site-packages/airflow/example_dags/example_inlet_event_extra.py for tasks to queue
[2024-10-10T00:11:41.135+0000] {logging_mixin.py:190} INFO - [2024-10-10T00:11:41.134+0000] {dagbag.py:587} INFO - Filling up the DagBag from /home/airflow/.local/lib/python3.12/site-packages/airflow/example_dags/example_inlet_event_extra.py
[2024-10-10T00:11:41.146+0000] {processor.py:925} INFO - DAG(s) 'read_dataset_event_from_classic', 'read_dataset_event' retrieved from /home/airflow/.local/lib/python3.12/site-packages/airflow/example_dags/example_inlet_event_extra.py
[2024-10-10T00:11:41.164+0000] {logging_mixin.py:190} INFO - [2024-10-10T00:11:41.164+0000] {dag.py:3229} INFO - Sync 2 DAGs
[2024-10-10T00:11:41.178+0000] {logging_mixin.py:190} INFO - [2024-10-10T00:11:41.178+0000] {dag.py:4156} INFO - Setting next_dagrun for read_dataset_event to 2024-10-09 00:00:00+00:00, run_after=2024-10-10 00:00:00+00:00
[2024-10-10T00:11:41.180+0000] {logging_mixin.py:190} INFO - [2024-10-10T00:11:41.180+0000] {dag.py:4156} INFO - Setting next_dagrun for read_dataset_event_from_classic to 2024-10-09 00:00:00+00:00, run_after=2024-10-10 00:00:00+00:00
[2024-10-10T00:11:41.188+0000] {processor.py:208} INFO - Processing /home/airflow/.local/lib/python3.12/site-packages/airflow/example_dags/example_inlet_event_extra.py took 0.066 seconds
[2024-10-10T01:18:07.909+0000] {processor.py:186} INFO - Started process (PID=38905) to work on /home/airflow/.local/lib/python3.12/site-packages/airflow/example_dags/example_inlet_event_extra.py
[2024-10-10T01:18:07.910+0000] {processor.py:914} INFO - Processing file /home/airflow/.local/lib/python3.12/site-packages/airflow/example_dags/example_inlet_event_extra.py for tasks to queue
[2024-10-10T01:18:07.911+0000] {logging_mixin.py:190} INFO - [2024-10-10T01:18:07.910+0000] {dagbag.py:587} INFO - Filling up the DagBag from /home/airflow/.local/lib/python3.12/site-packages/airflow/example_dags/example_inlet_event_extra.py
[2024-10-10T01:18:07.919+0000] {processor.py:925} INFO - DAG(s) 'read_dataset_event', 'read_dataset_event_from_classic' retrieved from /home/airflow/.local/lib/python3.12/site-packages/airflow/example_dags/example_inlet_event_extra.py
[2024-10-10T01:18:07.936+0000] {logging_mixin.py:190} INFO - [2024-10-10T01:18:07.936+0000] {dag.py:3229} INFO - Sync 2 DAGs
[2024-10-10T01:18:07.968+0000] {logging_mixin.py:190} INFO - [2024-10-10T01:18:07.968+0000] {dag.py:4156} INFO - Setting next_dagrun for read_dataset_event to 2024-10-09 00:00:00+00:00, run_after=2024-10-10 00:00:00+00:00
[2024-10-10T01:18:07.971+0000] {logging_mixin.py:190} INFO - [2024-10-10T01:18:07.971+0000] {dag.py:4156} INFO - Setting next_dagrun for read_dataset_event_from_classic to 2024-10-09 00:00:00+00:00, run_after=2024-10-10 00:00:00+00:00
[2024-10-10T01:18:07.984+0000] {processor.py:208} INFO - Processing /home/airflow/.local/lib/python3.12/site-packages/airflow/example_dags/example_inlet_event_extra.py took 0.078 seconds
[2024-10-10T01:52:17.646+0000] {processor.py:186} INFO - Started process (PID=38976) to work on /home/airflow/.local/lib/python3.12/site-packages/airflow/example_dags/example_inlet_event_extra.py
[2024-10-10T01:52:17.647+0000] {processor.py:914} INFO - Processing file /home/airflow/.local/lib/python3.12/site-packages/airflow/example_dags/example_inlet_event_extra.py for tasks to queue
[2024-10-10T01:52:17.648+0000] {logging_mixin.py:190} INFO - [2024-10-10T01:52:17.648+0000] {dagbag.py:587} INFO - Filling up the DagBag from /home/airflow/.local/lib/python3.12/site-packages/airflow/example_dags/example_inlet_event_extra.py
[2024-10-10T01:52:17.657+0000] {processor.py:925} INFO - DAG(s) 'read_dataset_event', 'read_dataset_event_from_classic' retrieved from /home/airflow/.local/lib/python3.12/site-packages/airflow/example_dags/example_inlet_event_extra.py
[2024-10-10T01:52:17.675+0000] {logging_mixin.py:190} INFO - [2024-10-10T01:52:17.675+0000] {dag.py:3229} INFO - Sync 2 DAGs
[2024-10-10T01:52:17.688+0000] {logging_mixin.py:190} INFO - [2024-10-10T01:52:17.688+0000] {dag.py:4156} INFO - Setting next_dagrun for read_dataset_event to 2024-10-09 00:00:00+00:00, run_after=2024-10-10 00:00:00+00:00
[2024-10-10T01:52:17.690+0000] {logging_mixin.py:190} INFO - [2024-10-10T01:52:17.690+0000] {dag.py:4156} INFO - Setting next_dagrun for read_dataset_event_from_classic to 2024-10-09 00:00:00+00:00, run_after=2024-10-10 00:00:00+00:00
[2024-10-10T01:52:17.696+0000] {processor.py:208} INFO - Processing /home/airflow/.local/lib/python3.12/site-packages/airflow/example_dags/example_inlet_event_extra.py took 0.055 seconds
[2024-10-10T02:19:09.819+0000] {processor.py:186} INFO - Started process (PID=39047) to work on /home/airflow/.local/lib/python3.12/site-packages/airflow/example_dags/example_inlet_event_extra.py
[2024-10-10T02:19:09.822+0000] {processor.py:914} INFO - Processing file /home/airflow/.local/lib/python3.12/site-packages/airflow/example_dags/example_inlet_event_extra.py for tasks to queue
[2024-10-10T02:19:09.823+0000] {logging_mixin.py:190} INFO - [2024-10-10T02:19:09.823+0000] {dagbag.py:587} INFO - Filling up the DagBag from /home/airflow/.local/lib/python3.12/site-packages/airflow/example_dags/example_inlet_event_extra.py
[2024-10-10T02:19:09.835+0000] {processor.py:925} INFO - DAG(s) 'read_dataset_event', 'read_dataset_event_from_classic' retrieved from /home/airflow/.local/lib/python3.12/site-packages/airflow/example_dags/example_inlet_event_extra.py
[2024-10-10T02:19:09.852+0000] {logging_mixin.py:190} INFO - [2024-10-10T02:19:09.852+0000] {dag.py:3229} INFO - Sync 2 DAGs
[2024-10-10T02:19:09.867+0000] {logging_mixin.py:190} INFO - [2024-10-10T02:19:09.867+0000] {dag.py:4156} INFO - Setting next_dagrun for read_dataset_event to 2024-10-09 00:00:00+00:00, run_after=2024-10-10 00:00:00+00:00
[2024-10-10T02:19:09.869+0000] {logging_mixin.py:190} INFO - [2024-10-10T02:19:09.869+0000] {dag.py:4156} INFO - Setting next_dagrun for read_dataset_event_from_classic to 2024-10-09 00:00:00+00:00, run_after=2024-10-10 00:00:00+00:00
[2024-10-10T02:19:09.875+0000] {processor.py:208} INFO - Processing /home/airflow/.local/lib/python3.12/site-packages/airflow/example_dags/example_inlet_event_extra.py took 0.060 seconds
[2024-10-10T03:09:34.921+0000] {processor.py:186} INFO - Started process (PID=39118) to work on /home/airflow/.local/lib/python3.12/site-packages/airflow/example_dags/example_inlet_event_extra.py
[2024-10-10T03:09:34.922+0000] {processor.py:914} INFO - Processing file /home/airflow/.local/lib/python3.12/site-packages/airflow/example_dags/example_inlet_event_extra.py for tasks to queue
[2024-10-10T03:09:34.923+0000] {logging_mixin.py:190} INFO - [2024-10-10T03:09:34.923+0000] {dagbag.py:587} INFO - Filling up the DagBag from /home/airflow/.local/lib/python3.12/site-packages/airflow/example_dags/example_inlet_event_extra.py
[2024-10-10T03:09:34.930+0000] {processor.py:925} INFO - DAG(s) 'read_dataset_event_from_classic', 'read_dataset_event' retrieved from /home/airflow/.local/lib/python3.12/site-packages/airflow/example_dags/example_inlet_event_extra.py
[2024-10-10T03:09:34.939+0000] {logging_mixin.py:190} INFO - [2024-10-10T03:09:34.939+0000] {dag.py:3229} INFO - Sync 2 DAGs
[2024-10-10T03:09:34.953+0000] {logging_mixin.py:190} INFO - [2024-10-10T03:09:34.952+0000] {dag.py:4156} INFO - Setting next_dagrun for read_dataset_event to 2024-10-09 00:00:00+00:00, run_after=2024-10-10 00:00:00+00:00
[2024-10-10T03:09:34.955+0000] {logging_mixin.py:190} INFO - [2024-10-10T03:09:34.955+0000] {dag.py:4156} INFO - Setting next_dagrun for read_dataset_event_from_classic to 2024-10-09 00:00:00+00:00, run_after=2024-10-10 00:00:00+00:00
[2024-10-10T03:09:34.968+0000] {processor.py:208} INFO - Processing /home/airflow/.local/lib/python3.12/site-packages/airflow/example_dags/example_inlet_event_extra.py took 0.049 seconds
[2024-10-10T03:56:57.586+0000] {processor.py:186} INFO - Started process (PID=39188) to work on /home/airflow/.local/lib/python3.12/site-packages/airflow/example_dags/example_inlet_event_extra.py
[2024-10-10T03:56:57.587+0000] {processor.py:914} INFO - Processing file /home/airflow/.local/lib/python3.12/site-packages/airflow/example_dags/example_inlet_event_extra.py for tasks to queue
[2024-10-10T03:56:57.588+0000] {logging_mixin.py:190} INFO - [2024-10-10T03:56:57.588+0000] {dagbag.py:587} INFO - Filling up the DagBag from /home/airflow/.local/lib/python3.12/site-packages/airflow/example_dags/example_inlet_event_extra.py
[2024-10-10T03:56:57.595+0000] {processor.py:925} INFO - DAG(s) 'read_dataset_event_from_classic', 'read_dataset_event' retrieved from /home/airflow/.local/lib/python3.12/site-packages/airflow/example_dags/example_inlet_event_extra.py
[2024-10-10T03:56:57.609+0000] {logging_mixin.py:190} INFO - [2024-10-10T03:56:57.609+0000] {dag.py:3229} INFO - Sync 2 DAGs
[2024-10-10T03:56:57.623+0000] {logging_mixin.py:190} INFO - [2024-10-10T03:56:57.623+0000] {dag.py:4156} INFO - Setting next_dagrun for read_dataset_event to 2024-10-09 00:00:00+00:00, run_after=2024-10-10 00:00:00+00:00
[2024-10-10T03:56:57.625+0000] {logging_mixin.py:190} INFO - [2024-10-10T03:56:57.625+0000] {dag.py:4156} INFO - Setting next_dagrun for read_dataset_event_from_classic to 2024-10-09 00:00:00+00:00, run_after=2024-10-10 00:00:00+00:00
[2024-10-10T03:56:57.644+0000] {processor.py:208} INFO - Processing /home/airflow/.local/lib/python3.12/site-packages/airflow/example_dags/example_inlet_event_extra.py took 0.060 seconds
[2024-10-10T04:21:12.042+0000] {processor.py:186} INFO - Started process (PID=39258) to work on /home/airflow/.local/lib/python3.12/site-packages/airflow/example_dags/example_inlet_event_extra.py
[2024-10-10T04:21:12.046+0000] {processor.py:914} INFO - Processing file /home/airflow/.local/lib/python3.12/site-packages/airflow/example_dags/example_inlet_event_extra.py for tasks to queue
[2024-10-10T04:21:12.046+0000] {logging_mixin.py:190} INFO - [2024-10-10T04:21:12.046+0000] {dagbag.py:587} INFO - Filling up the DagBag from /home/airflow/.local/lib/python3.12/site-packages/airflow/example_dags/example_inlet_event_extra.py
[2024-10-10T04:21:12.054+0000] {processor.py:925} INFO - DAG(s) 'read_dataset_event', 'read_dataset_event_from_classic' retrieved from /home/airflow/.local/lib/python3.12/site-packages/airflow/example_dags/example_inlet_event_extra.py
[2024-10-10T04:21:12.066+0000] {logging_mixin.py:190} INFO - [2024-10-10T04:21:12.066+0000] {dag.py:3229} INFO - Sync 2 DAGs
[2024-10-10T04:21:12.080+0000] {logging_mixin.py:190} INFO - [2024-10-10T04:21:12.080+0000] {dag.py:4156} INFO - Setting next_dagrun for read_dataset_event to 2024-10-09 00:00:00+00:00, run_after=2024-10-10 00:00:00+00:00
[2024-10-10T04:21:12.081+0000] {logging_mixin.py:190} INFO - [2024-10-10T04:21:12.081+0000] {dag.py:4156} INFO - Setting next_dagrun for read_dataset_event_from_classic to 2024-10-09 00:00:00+00:00, run_after=2024-10-10 00:00:00+00:00
[2024-10-10T04:21:12.094+0000] {processor.py:208} INFO - Processing /home/airflow/.local/lib/python3.12/site-packages/airflow/example_dags/example_inlet_event_extra.py took 0.055 seconds
[2024-10-10T05:14:24.973+0000] {processor.py:186} INFO - Started process (PID=39329) to work on /home/airflow/.local/lib/python3.12/site-packages/airflow/example_dags/example_inlet_event_extra.py
[2024-10-10T05:14:24.978+0000] {processor.py:914} INFO - Processing file /home/airflow/.local/lib/python3.12/site-packages/airflow/example_dags/example_inlet_event_extra.py for tasks to queue
[2024-10-10T05:14:24.979+0000] {logging_mixin.py:190} INFO - [2024-10-10T05:14:24.979+0000] {dagbag.py:587} INFO - Filling up the DagBag from /home/airflow/.local/lib/python3.12/site-packages/airflow/example_dags/example_inlet_event_extra.py
[2024-10-10T05:14:24.991+0000] {processor.py:925} INFO - DAG(s) 'read_dataset_event', 'read_dataset_event_from_classic' retrieved from /home/airflow/.local/lib/python3.12/site-packages/airflow/example_dags/example_inlet_event_extra.py
[2024-10-10T05:14:25.005+0000] {logging_mixin.py:190} INFO - [2024-10-10T05:14:25.005+0000] {dag.py:3229} INFO - Sync 2 DAGs
[2024-10-10T05:14:25.017+0000] {logging_mixin.py:190} INFO - [2024-10-10T05:14:25.017+0000] {dag.py:4156} INFO - Setting next_dagrun for read_dataset_event to 2024-10-09 00:00:00+00:00, run_after=2024-10-10 00:00:00+00:00
[2024-10-10T05:14:25.022+0000] {logging_mixin.py:190} INFO - [2024-10-10T05:14:25.022+0000] {dag.py:4156} INFO - Setting next_dagrun for read_dataset_event_from_classic to 2024-10-09 00:00:00+00:00, run_after=2024-10-10 00:00:00+00:00
[2024-10-10T05:14:25.028+0000] {processor.py:208} INFO - Processing /home/airflow/.local/lib/python3.12/site-packages/airflow/example_dags/example_inlet_event_extra.py took 0.058 seconds
[2024-10-10T05:47:21.872+0000] {processor.py:186} INFO - Started process (PID=39400) to work on /home/airflow/.local/lib/python3.12/site-packages/airflow/example_dags/example_inlet_event_extra.py
[2024-10-10T05:47:21.874+0000] {processor.py:914} INFO - Processing file /home/airflow/.local/lib/python3.12/site-packages/airflow/example_dags/example_inlet_event_extra.py for tasks to queue
[2024-10-10T05:47:21.875+0000] {logging_mixin.py:190} INFO - [2024-10-10T05:47:21.875+0000] {dagbag.py:587} INFO - Filling up the DagBag from /home/airflow/.local/lib/python3.12/site-packages/airflow/example_dags/example_inlet_event_extra.py
[2024-10-10T05:47:21.889+0000] {processor.py:925} INFO - DAG(s) 'read_dataset_event_from_classic', 'read_dataset_event' retrieved from /home/airflow/.local/lib/python3.12/site-packages/airflow/example_dags/example_inlet_event_extra.py
[2024-10-10T05:47:21.913+0000] {logging_mixin.py:190} INFO - [2024-10-10T05:47:21.913+0000] {dag.py:3229} INFO - Sync 2 DAGs
[2024-10-10T05:47:21.934+0000] {logging_mixin.py:190} INFO - [2024-10-10T05:47:21.933+0000] {dag.py:4156} INFO - Setting next_dagrun for read_dataset_event to 2024-10-09 00:00:00+00:00, run_after=2024-10-10 00:00:00+00:00
[2024-10-10T05:47:21.937+0000] {logging_mixin.py:190} INFO - [2024-10-10T05:47:21.937+0000] {dag.py:4156} INFO - Setting next_dagrun for read_dataset_event_from_classic to 2024-10-09 00:00:00+00:00, run_after=2024-10-10 00:00:00+00:00
[2024-10-10T05:47:21.954+0000] {processor.py:208} INFO - Processing /home/airflow/.local/lib/python3.12/site-packages/airflow/example_dags/example_inlet_event_extra.py took 0.096 seconds
[2024-10-10T06:39:42.028+0000] {processor.py:186} INFO - Started process (PID=39471) to work on /home/airflow/.local/lib/python3.12/site-packages/airflow/example_dags/example_inlet_event_extra.py
[2024-10-10T06:39:42.029+0000] {processor.py:914} INFO - Processing file /home/airflow/.local/lib/python3.12/site-packages/airflow/example_dags/example_inlet_event_extra.py for tasks to queue
[2024-10-10T06:39:42.030+0000] {logging_mixin.py:190} INFO - [2024-10-10T06:39:42.030+0000] {dagbag.py:587} INFO - Filling up the DagBag from /home/airflow/.local/lib/python3.12/site-packages/airflow/example_dags/example_inlet_event_extra.py
[2024-10-10T06:39:42.040+0000] {processor.py:925} INFO - DAG(s) 'read_dataset_event_from_classic', 'read_dataset_event' retrieved from /home/airflow/.local/lib/python3.12/site-packages/airflow/example_dags/example_inlet_event_extra.py
[2024-10-10T06:39:42.055+0000] {logging_mixin.py:190} INFO - [2024-10-10T06:39:42.055+0000] {dag.py:3229} INFO - Sync 2 DAGs
[2024-10-10T06:39:42.067+0000] {logging_mixin.py:190} INFO - [2024-10-10T06:39:42.067+0000] {dag.py:4156} INFO - Setting next_dagrun for read_dataset_event to 2024-10-09 00:00:00+00:00, run_after=2024-10-10 00:00:00+00:00
[2024-10-10T06:39:42.070+0000] {logging_mixin.py:190} INFO - [2024-10-10T06:39:42.070+0000] {dag.py:4156} INFO - Setting next_dagrun for read_dataset_event_from_classic to 2024-10-09 00:00:00+00:00, run_after=2024-10-10 00:00:00+00:00
[2024-10-10T06:39:42.076+0000] {processor.py:208} INFO - Processing /home/airflow/.local/lib/python3.12/site-packages/airflow/example_dags/example_inlet_event_extra.py took 0.052 seconds
[2024-10-10T07:11:24.545+0000] {processor.py:186} INFO - Started process (PID=39542) to work on /home/airflow/.local/lib/python3.12/site-packages/airflow/example_dags/example_inlet_event_extra.py
[2024-10-10T07:11:24.546+0000] {processor.py:914} INFO - Processing file /home/airflow/.local/lib/python3.12/site-packages/airflow/example_dags/example_inlet_event_extra.py for tasks to queue
[2024-10-10T07:11:24.546+0000] {logging_mixin.py:190} INFO - [2024-10-10T07:11:24.546+0000] {dagbag.py:587} INFO - Filling up the DagBag from /home/airflow/.local/lib/python3.12/site-packages/airflow/example_dags/example_inlet_event_extra.py
[2024-10-10T07:11:24.554+0000] {processor.py:925} INFO - DAG(s) 'read_dataset_event', 'read_dataset_event_from_classic' retrieved from /home/airflow/.local/lib/python3.12/site-packages/airflow/example_dags/example_inlet_event_extra.py
[2024-10-10T07:11:24.568+0000] {logging_mixin.py:190} INFO - [2024-10-10T07:11:24.568+0000] {dag.py:3229} INFO - Sync 2 DAGs
[2024-10-10T07:11:24.580+0000] {logging_mixin.py:190} INFO - [2024-10-10T07:11:24.580+0000] {dag.py:4156} INFO - Setting next_dagrun for read_dataset_event to 2024-10-09 00:00:00+00:00, run_after=2024-10-10 00:00:00+00:00
[2024-10-10T07:11:24.583+0000] {logging_mixin.py:190} INFO - [2024-10-10T07:11:24.583+0000] {dag.py:4156} INFO - Setting next_dagrun for read_dataset_event_from_classic to 2024-10-09 00:00:00+00:00, run_after=2024-10-10 00:00:00+00:00
[2024-10-10T07:11:24.589+0000] {processor.py:208} INFO - Processing /home/airflow/.local/lib/python3.12/site-packages/airflow/example_dags/example_inlet_event_extra.py took 0.047 seconds
[2024-10-10T07:39:18.765+0000] {processor.py:186} INFO - Started process (PID=39613) to work on /home/airflow/.local/lib/python3.12/site-packages/airflow/example_dags/example_inlet_event_extra.py
[2024-10-10T07:39:18.766+0000] {processor.py:914} INFO - Processing file /home/airflow/.local/lib/python3.12/site-packages/airflow/example_dags/example_inlet_event_extra.py for tasks to queue
[2024-10-10T07:39:18.767+0000] {logging_mixin.py:190} INFO - [2024-10-10T07:39:18.767+0000] {dagbag.py:587} INFO - Filling up the DagBag from /home/airflow/.local/lib/python3.12/site-packages/airflow/example_dags/example_inlet_event_extra.py
[2024-10-10T07:39:18.777+0000] {processor.py:925} INFO - DAG(s) 'read_dataset_event_from_classic', 'read_dataset_event' retrieved from /home/airflow/.local/lib/python3.12/site-packages/airflow/example_dags/example_inlet_event_extra.py
[2024-10-10T07:39:18.790+0000] {logging_mixin.py:190} INFO - [2024-10-10T07:39:18.790+0000] {dag.py:3229} INFO - Sync 2 DAGs
[2024-10-10T07:39:18.815+0000] {logging_mixin.py:190} INFO - [2024-10-10T07:39:18.814+0000] {dag.py:4156} INFO - Setting next_dagrun for read_dataset_event to 2024-10-09 00:00:00+00:00, run_after=2024-10-10 00:00:00+00:00
[2024-10-10T07:39:18.817+0000] {logging_mixin.py:190} INFO - [2024-10-10T07:39:18.817+0000] {dag.py:4156} INFO - Setting next_dagrun for read_dataset_event_from_classic to 2024-10-09 00:00:00+00:00, run_after=2024-10-10 00:00:00+00:00
[2024-10-10T07:39:18.827+0000] {processor.py:208} INFO - Processing /home/airflow/.local/lib/python3.12/site-packages/airflow/example_dags/example_inlet_event_extra.py took 0.066 seconds
[2024-10-10T08:02:59.405+0000] {processor.py:186} INFO - Started process (PID=39684) to work on /home/airflow/.local/lib/python3.12/site-packages/airflow/example_dags/example_inlet_event_extra.py
[2024-10-10T08:02:59.406+0000] {processor.py:914} INFO - Processing file /home/airflow/.local/lib/python3.12/site-packages/airflow/example_dags/example_inlet_event_extra.py for tasks to queue
[2024-10-10T08:02:59.408+0000] {logging_mixin.py:190} INFO - [2024-10-10T08:02:59.408+0000] {dagbag.py:587} INFO - Filling up the DagBag from /home/airflow/.local/lib/python3.12/site-packages/airflow/example_dags/example_inlet_event_extra.py
[2024-10-10T08:02:59.417+0000] {processor.py:925} INFO - DAG(s) 'read_dataset_event_from_classic', 'read_dataset_event' retrieved from /home/airflow/.local/lib/python3.12/site-packages/airflow/example_dags/example_inlet_event_extra.py
[2024-10-10T08:02:59.440+0000] {logging_mixin.py:190} INFO - [2024-10-10T08:02:59.439+0000] {dag.py:3229} INFO - Sync 2 DAGs
[2024-10-10T08:02:59.452+0000] {logging_mixin.py:190} INFO - [2024-10-10T08:02:59.452+0000] {dag.py:4156} INFO - Setting next_dagrun for read_dataset_event to 2024-10-09 00:00:00+00:00, run_after=2024-10-10 00:00:00+00:00
[2024-10-10T08:02:59.454+0000] {logging_mixin.py:190} INFO - [2024-10-10T08:02:59.454+0000] {dag.py:4156} INFO - Setting next_dagrun for read_dataset_event_from_classic to 2024-10-09 00:00:00+00:00, run_after=2024-10-10 00:00:00+00:00
[2024-10-10T08:02:59.460+0000] {processor.py:208} INFO - Processing /home/airflow/.local/lib/python3.12/site-packages/airflow/example_dags/example_inlet_event_extra.py took 0.059 seconds
[2024-10-10T08:12:05.324+0000] {processor.py:186} INFO - Started process (PID=39755) to work on /home/airflow/.local/lib/python3.12/site-packages/airflow/example_dags/example_inlet_event_extra.py
[2024-10-10T08:12:05.325+0000] {processor.py:914} INFO - Processing file /home/airflow/.local/lib/python3.12/site-packages/airflow/example_dags/example_inlet_event_extra.py for tasks to queue
[2024-10-10T08:12:05.326+0000] {logging_mixin.py:190} INFO - [2024-10-10T08:12:05.326+0000] {dagbag.py:587} INFO - Filling up the DagBag from /home/airflow/.local/lib/python3.12/site-packages/airflow/example_dags/example_inlet_event_extra.py
[2024-10-10T08:12:05.334+0000] {processor.py:925} INFO - DAG(s) 'read_dataset_event_from_classic', 'read_dataset_event' retrieved from /home/airflow/.local/lib/python3.12/site-packages/airflow/example_dags/example_inlet_event_extra.py
[2024-10-10T08:12:05.344+0000] {logging_mixin.py:190} INFO - [2024-10-10T08:12:05.344+0000] {dag.py:3229} INFO - Sync 2 DAGs
[2024-10-10T08:12:05.357+0000] {logging_mixin.py:190} INFO - [2024-10-10T08:12:05.357+0000] {dag.py:4156} INFO - Setting next_dagrun for read_dataset_event to 2024-10-09 00:00:00+00:00, run_after=2024-10-10 00:00:00+00:00
[2024-10-10T08:12:05.360+0000] {logging_mixin.py:190} INFO - [2024-10-10T08:12:05.360+0000] {dag.py:4156} INFO - Setting next_dagrun for read_dataset_event_from_classic to 2024-10-09 00:00:00+00:00, run_after=2024-10-10 00:00:00+00:00
[2024-10-10T08:12:05.372+0000] {processor.py:208} INFO - Processing /home/airflow/.local/lib/python3.12/site-packages/airflow/example_dags/example_inlet_event_extra.py took 0.051 seconds
[2024-10-10T08:24:33.544+0000] {processor.py:186} INFO - Started process (PID=39825) to work on /home/airflow/.local/lib/python3.12/site-packages/airflow/example_dags/example_inlet_event_extra.py
[2024-10-10T08:24:33.546+0000] {processor.py:914} INFO - Processing file /home/airflow/.local/lib/python3.12/site-packages/airflow/example_dags/example_inlet_event_extra.py for tasks to queue
[2024-10-10T08:24:33.551+0000] {logging_mixin.py:190} INFO - [2024-10-10T08:24:33.551+0000] {dagbag.py:587} INFO - Filling up the DagBag from /home/airflow/.local/lib/python3.12/site-packages/airflow/example_dags/example_inlet_event_extra.py
[2024-10-10T08:24:33.565+0000] {processor.py:925} INFO - DAG(s) 'read_dataset_event', 'read_dataset_event_from_classic' retrieved from /home/airflow/.local/lib/python3.12/site-packages/airflow/example_dags/example_inlet_event_extra.py
[2024-10-10T08:24:33.583+0000] {logging_mixin.py:190} INFO - [2024-10-10T08:24:33.583+0000] {dag.py:3229} INFO - Sync 2 DAGs
[2024-10-10T08:24:33.596+0000] {logging_mixin.py:190} INFO - [2024-10-10T08:24:33.596+0000] {dag.py:4156} INFO - Setting next_dagrun for read_dataset_event to 2024-10-09 00:00:00+00:00, run_after=2024-10-10 00:00:00+00:00
[2024-10-10T08:24:33.598+0000] {logging_mixin.py:190} INFO - [2024-10-10T08:24:33.598+0000] {dag.py:4156} INFO - Setting next_dagrun for read_dataset_event_from_classic to 2024-10-09 00:00:00+00:00, run_after=2024-10-10 00:00:00+00:00
[2024-10-10T08:24:33.609+0000] {processor.py:208} INFO - Processing /home/airflow/.local/lib/python3.12/site-packages/airflow/example_dags/example_inlet_event_extra.py took 0.069 seconds
[2024-10-10T08:25:04.398+0000] {processor.py:186} INFO - Started process (PID=39897) to work on /home/airflow/.local/lib/python3.12/site-packages/airflow/example_dags/example_inlet_event_extra.py
[2024-10-10T08:25:04.399+0000] {processor.py:914} INFO - Processing file /home/airflow/.local/lib/python3.12/site-packages/airflow/example_dags/example_inlet_event_extra.py for tasks to queue
[2024-10-10T08:25:04.400+0000] {logging_mixin.py:190} INFO - [2024-10-10T08:25:04.400+0000] {dagbag.py:587} INFO - Filling up the DagBag from /home/airflow/.local/lib/python3.12/site-packages/airflow/example_dags/example_inlet_event_extra.py
[2024-10-10T08:25:04.406+0000] {processor.py:925} INFO - DAG(s) 'read_dataset_event_from_classic', 'read_dataset_event' retrieved from /home/airflow/.local/lib/python3.12/site-packages/airflow/example_dags/example_inlet_event_extra.py
[2024-10-10T08:25:04.416+0000] {logging_mixin.py:190} INFO - [2024-10-10T08:25:04.416+0000] {dag.py:3229} INFO - Sync 2 DAGs
[2024-10-10T08:25:04.433+0000] {logging_mixin.py:190} INFO - [2024-10-10T08:25:04.433+0000] {dag.py:4156} INFO - Setting next_dagrun for read_dataset_event to 2024-10-09 00:00:00+00:00, run_after=2024-10-10 00:00:00+00:00
[2024-10-10T08:25:04.435+0000] {logging_mixin.py:190} INFO - [2024-10-10T08:25:04.435+0000] {dag.py:4156} INFO - Setting next_dagrun for read_dataset_event_from_classic to 2024-10-09 00:00:00+00:00, run_after=2024-10-10 00:00:00+00:00
[2024-10-10T08:25:04.443+0000] {processor.py:208} INFO - Processing /home/airflow/.local/lib/python3.12/site-packages/airflow/example_dags/example_inlet_event_extra.py took 0.047 seconds
[2024-10-10T09:14:57.942+0000] {processor.py:186} INFO - Started process (PID=39968) to work on /home/airflow/.local/lib/python3.12/site-packages/airflow/example_dags/example_inlet_event_extra.py
[2024-10-10T09:14:57.943+0000] {processor.py:914} INFO - Processing file /home/airflow/.local/lib/python3.12/site-packages/airflow/example_dags/example_inlet_event_extra.py for tasks to queue
[2024-10-10T09:14:57.943+0000] {logging_mixin.py:190} INFO - [2024-10-10T09:14:57.943+0000] {dagbag.py:587} INFO - Filling up the DagBag from /home/airflow/.local/lib/python3.12/site-packages/airflow/example_dags/example_inlet_event_extra.py
[2024-10-10T09:14:57.951+0000] {processor.py:925} INFO - DAG(s) 'read_dataset_event_from_classic', 'read_dataset_event' retrieved from /home/airflow/.local/lib/python3.12/site-packages/airflow/example_dags/example_inlet_event_extra.py
[2024-10-10T09:14:57.962+0000] {logging_mixin.py:190} INFO - [2024-10-10T09:14:57.962+0000] {dag.py:3229} INFO - Sync 2 DAGs
[2024-10-10T09:14:57.976+0000] {logging_mixin.py:190} INFO - [2024-10-10T09:14:57.975+0000] {dag.py:4156} INFO - Setting next_dagrun for read_dataset_event to 2024-10-09 00:00:00+00:00, run_after=2024-10-10 00:00:00+00:00
[2024-10-10T09:14:57.979+0000] {logging_mixin.py:190} INFO - [2024-10-10T09:14:57.979+0000] {dag.py:4156} INFO - Setting next_dagrun for read_dataset_event_from_classic to 2024-10-09 00:00:00+00:00, run_after=2024-10-10 00:00:00+00:00
[2024-10-10T09:14:57.989+0000] {processor.py:208} INFO - Processing /home/airflow/.local/lib/python3.12/site-packages/airflow/example_dags/example_inlet_event_extra.py took 0.050 seconds
[2024-10-10T10:21:18.413+0000] {processor.py:186} INFO - Started process (PID=40039) to work on /home/airflow/.local/lib/python3.12/site-packages/airflow/example_dags/example_inlet_event_extra.py
[2024-10-10T10:21:18.414+0000] {processor.py:914} INFO - Processing file /home/airflow/.local/lib/python3.12/site-packages/airflow/example_dags/example_inlet_event_extra.py for tasks to queue
[2024-10-10T10:21:18.415+0000] {logging_mixin.py:190} INFO - [2024-10-10T10:21:18.415+0000] {dagbag.py:587} INFO - Filling up the DagBag from /home/airflow/.local/lib/python3.12/site-packages/airflow/example_dags/example_inlet_event_extra.py
[2024-10-10T10:21:18.423+0000] {processor.py:925} INFO - DAG(s) 'read_dataset_event_from_classic', 'read_dataset_event' retrieved from /home/airflow/.local/lib/python3.12/site-packages/airflow/example_dags/example_inlet_event_extra.py
[2024-10-10T10:21:18.457+0000] {logging_mixin.py:190} INFO - [2024-10-10T10:21:18.457+0000] {dag.py:3229} INFO - Sync 2 DAGs
[2024-10-10T10:21:18.485+0000] {logging_mixin.py:190} INFO - [2024-10-10T10:21:18.485+0000] {dag.py:4156} INFO - Setting next_dagrun for read_dataset_event to 2024-10-09 00:00:00+00:00, run_after=2024-10-10 00:00:00+00:00
[2024-10-10T10:21:18.488+0000] {logging_mixin.py:190} INFO - [2024-10-10T10:21:18.488+0000] {dag.py:4156} INFO - Setting next_dagrun for read_dataset_event_from_classic to 2024-10-09 00:00:00+00:00, run_after=2024-10-10 00:00:00+00:00
[2024-10-10T10:21:18.498+0000] {processor.py:208} INFO - Processing /home/airflow/.local/lib/python3.12/site-packages/airflow/example_dags/example_inlet_event_extra.py took 0.088 seconds
[2024-10-10T10:44:15.259+0000] {processor.py:186} INFO - Started process (PID=40110) to work on /home/airflow/.local/lib/python3.12/site-packages/airflow/example_dags/example_inlet_event_extra.py
[2024-10-10T10:44:15.262+0000] {processor.py:914} INFO - Processing file /home/airflow/.local/lib/python3.12/site-packages/airflow/example_dags/example_inlet_event_extra.py for tasks to queue
[2024-10-10T10:44:15.263+0000] {logging_mixin.py:190} INFO - [2024-10-10T10:44:15.263+0000] {dagbag.py:587} INFO - Filling up the DagBag from /home/airflow/.local/lib/python3.12/site-packages/airflow/example_dags/example_inlet_event_extra.py
[2024-10-10T10:44:15.272+0000] {processor.py:925} INFO - DAG(s) 'read_dataset_event_from_classic', 'read_dataset_event' retrieved from /home/airflow/.local/lib/python3.12/site-packages/airflow/example_dags/example_inlet_event_extra.py
[2024-10-10T10:44:15.290+0000] {logging_mixin.py:190} INFO - [2024-10-10T10:44:15.289+0000] {dag.py:3229} INFO - Sync 2 DAGs
[2024-10-10T10:44:15.302+0000] {logging_mixin.py:190} INFO - [2024-10-10T10:44:15.302+0000] {dag.py:4156} INFO - Setting next_dagrun for read_dataset_event to 2024-10-09 00:00:00+00:00, run_after=2024-10-10 00:00:00+00:00
[2024-10-10T10:44:15.306+0000] {logging_mixin.py:190} INFO - [2024-10-10T10:44:15.306+0000] {dag.py:4156} INFO - Setting next_dagrun for read_dataset_event_from_classic to 2024-10-09 00:00:00+00:00, run_after=2024-10-10 00:00:00+00:00
[2024-10-10T10:44:15.318+0000] {processor.py:208} INFO - Processing /home/airflow/.local/lib/python3.12/site-packages/airflow/example_dags/example_inlet_event_extra.py took 0.062 seconds
[2024-10-10T11:15:57.749+0000] {processor.py:186} INFO - Started process (PID=40181) to work on /home/airflow/.local/lib/python3.12/site-packages/airflow/example_dags/example_inlet_event_extra.py
[2024-10-10T11:15:57.749+0000] {processor.py:914} INFO - Processing file /home/airflow/.local/lib/python3.12/site-packages/airflow/example_dags/example_inlet_event_extra.py for tasks to queue
[2024-10-10T11:15:57.750+0000] {logging_mixin.py:190} INFO - [2024-10-10T11:15:57.750+0000] {dagbag.py:587} INFO - Filling up the DagBag from /home/airflow/.local/lib/python3.12/site-packages/airflow/example_dags/example_inlet_event_extra.py
[2024-10-10T11:15:57.758+0000] {processor.py:925} INFO - DAG(s) 'read_dataset_event', 'read_dataset_event_from_classic' retrieved from /home/airflow/.local/lib/python3.12/site-packages/airflow/example_dags/example_inlet_event_extra.py
[2024-10-10T11:15:57.778+0000] {logging_mixin.py:190} INFO - [2024-10-10T11:15:57.778+0000] {dag.py:3229} INFO - Sync 2 DAGs
[2024-10-10T11:15:57.796+0000] {logging_mixin.py:190} INFO - [2024-10-10T11:15:57.796+0000] {dag.py:4156} INFO - Setting next_dagrun for read_dataset_event to 2024-10-09 00:00:00+00:00, run_after=2024-10-10 00:00:00+00:00
[2024-10-10T11:15:57.799+0000] {logging_mixin.py:190} INFO - [2024-10-10T11:15:57.799+0000] {dag.py:4156} INFO - Setting next_dagrun for read_dataset_event_from_classic to 2024-10-09 00:00:00+00:00, run_after=2024-10-10 00:00:00+00:00
[2024-10-10T11:15:57.807+0000] {processor.py:208} INFO - Processing /home/airflow/.local/lib/python3.12/site-packages/airflow/example_dags/example_inlet_event_extra.py took 0.061 seconds
[2024-10-10T11:16:28.414+0000] {processor.py:186} INFO - Started process (PID=40252) to work on /home/airflow/.local/lib/python3.12/site-packages/airflow/example_dags/example_inlet_event_extra.py
[2024-10-10T11:16:28.416+0000] {processor.py:914} INFO - Processing file /home/airflow/.local/lib/python3.12/site-packages/airflow/example_dags/example_inlet_event_extra.py for tasks to queue
[2024-10-10T11:16:28.417+0000] {logging_mixin.py:190} INFO - [2024-10-10T11:16:28.417+0000] {dagbag.py:587} INFO - Filling up the DagBag from /home/airflow/.local/lib/python3.12/site-packages/airflow/example_dags/example_inlet_event_extra.py
[2024-10-10T11:16:28.426+0000] {processor.py:925} INFO - DAG(s) 'read_dataset_event', 'read_dataset_event_from_classic' retrieved from /home/airflow/.local/lib/python3.12/site-packages/airflow/example_dags/example_inlet_event_extra.py
[2024-10-10T11:16:28.441+0000] {logging_mixin.py:190} INFO - [2024-10-10T11:16:28.440+0000] {dag.py:3229} INFO - Sync 2 DAGs
[2024-10-10T11:16:28.458+0000] {logging_mixin.py:190} INFO - [2024-10-10T11:16:28.458+0000] {dag.py:4156} INFO - Setting next_dagrun for read_dataset_event to 2024-10-09 00:00:00+00:00, run_after=2024-10-10 00:00:00+00:00
[2024-10-10T11:16:28.464+0000] {logging_mixin.py:190} INFO - [2024-10-10T11:16:28.464+0000] {dag.py:4156} INFO - Setting next_dagrun for read_dataset_event_from_classic to 2024-10-09 00:00:00+00:00, run_after=2024-10-10 00:00:00+00:00
[2024-10-10T11:16:28.472+0000] {processor.py:208} INFO - Processing /home/airflow/.local/lib/python3.12/site-packages/airflow/example_dags/example_inlet_event_extra.py took 0.063 seconds
[2024-10-10T12:21:22.085+0000] {processor.py:186} INFO - Started process (PID=40323) to work on /home/airflow/.local/lib/python3.12/site-packages/airflow/example_dags/example_inlet_event_extra.py
[2024-10-10T12:21:22.088+0000] {processor.py:914} INFO - Processing file /home/airflow/.local/lib/python3.12/site-packages/airflow/example_dags/example_inlet_event_extra.py for tasks to queue
[2024-10-10T12:21:22.092+0000] {logging_mixin.py:190} INFO - [2024-10-10T12:21:22.091+0000] {dagbag.py:587} INFO - Filling up the DagBag from /home/airflow/.local/lib/python3.12/site-packages/airflow/example_dags/example_inlet_event_extra.py
[2024-10-10T12:21:22.120+0000] {processor.py:925} INFO - DAG(s) 'read_dataset_event_from_classic', 'read_dataset_event' retrieved from /home/airflow/.local/lib/python3.12/site-packages/airflow/example_dags/example_inlet_event_extra.py
[2024-10-10T12:21:22.159+0000] {logging_mixin.py:190} INFO - [2024-10-10T12:21:22.159+0000] {dag.py:3229} INFO - Sync 2 DAGs
[2024-10-10T12:21:22.188+0000] {logging_mixin.py:190} INFO - [2024-10-10T12:21:22.187+0000] {dag.py:4156} INFO - Setting next_dagrun for read_dataset_event to 2024-10-09 00:00:00+00:00, run_after=2024-10-10 00:00:00+00:00
[2024-10-10T12:21:22.195+0000] {logging_mixin.py:190} INFO - [2024-10-10T12:21:22.195+0000] {dag.py:4156} INFO - Setting next_dagrun for read_dataset_event_from_classic to 2024-10-09 00:00:00+00:00, run_after=2024-10-10 00:00:00+00:00
[2024-10-10T12:21:22.207+0000] {processor.py:208} INFO - Processing /home/airflow/.local/lib/python3.12/site-packages/airflow/example_dags/example_inlet_event_extra.py took 0.128 seconds
[2024-10-10T12:50:52.126+0000] {processor.py:186} INFO - Started process (PID=40393) to work on /home/airflow/.local/lib/python3.12/site-packages/airflow/example_dags/example_inlet_event_extra.py
[2024-10-10T12:50:52.130+0000] {processor.py:914} INFO - Processing file /home/airflow/.local/lib/python3.12/site-packages/airflow/example_dags/example_inlet_event_extra.py for tasks to queue
[2024-10-10T12:50:52.131+0000] {logging_mixin.py:190} INFO - [2024-10-10T12:50:52.130+0000] {dagbag.py:587} INFO - Filling up the DagBag from /home/airflow/.local/lib/python3.12/site-packages/airflow/example_dags/example_inlet_event_extra.py
[2024-10-10T12:50:52.139+0000] {processor.py:925} INFO - DAG(s) 'read_dataset_event_from_classic', 'read_dataset_event' retrieved from /home/airflow/.local/lib/python3.12/site-packages/airflow/example_dags/example_inlet_event_extra.py
[2024-10-10T12:50:52.153+0000] {logging_mixin.py:190} INFO - [2024-10-10T12:50:52.153+0000] {dag.py:3229} INFO - Sync 2 DAGs
[2024-10-10T12:50:52.165+0000] {logging_mixin.py:190} INFO - [2024-10-10T12:50:52.164+0000] {dag.py:4156} INFO - Setting next_dagrun for read_dataset_event to 2024-10-09 00:00:00+00:00, run_after=2024-10-10 00:00:00+00:00
[2024-10-10T12:50:52.169+0000] {logging_mixin.py:190} INFO - [2024-10-10T12:50:52.169+0000] {dag.py:4156} INFO - Setting next_dagrun for read_dataset_event_from_classic to 2024-10-09 00:00:00+00:00, run_after=2024-10-10 00:00:00+00:00
[2024-10-10T12:50:52.179+0000] {processor.py:208} INFO - Processing /home/airflow/.local/lib/python3.12/site-packages/airflow/example_dags/example_inlet_event_extra.py took 0.056 seconds
[2024-10-10T13:08:18.833+0000] {processor.py:186} INFO - Started process (PID=40464) to work on /home/airflow/.local/lib/python3.12/site-packages/airflow/example_dags/example_inlet_event_extra.py
[2024-10-10T13:08:18.834+0000] {processor.py:914} INFO - Processing file /home/airflow/.local/lib/python3.12/site-packages/airflow/example_dags/example_inlet_event_extra.py for tasks to queue
[2024-10-10T13:08:18.835+0000] {logging_mixin.py:190} INFO - [2024-10-10T13:08:18.835+0000] {dagbag.py:587} INFO - Filling up the DagBag from /home/airflow/.local/lib/python3.12/site-packages/airflow/example_dags/example_inlet_event_extra.py
[2024-10-10T13:08:18.843+0000] {processor.py:925} INFO - DAG(s) 'read_dataset_event', 'read_dataset_event_from_classic' retrieved from /home/airflow/.local/lib/python3.12/site-packages/airflow/example_dags/example_inlet_event_extra.py
[2024-10-10T13:08:18.856+0000] {logging_mixin.py:190} INFO - [2024-10-10T13:08:18.856+0000] {dag.py:3229} INFO - Sync 2 DAGs
[2024-10-10T13:08:18.878+0000] {logging_mixin.py:190} INFO - [2024-10-10T13:08:18.877+0000] {dag.py:4156} INFO - Setting next_dagrun for read_dataset_event to 2024-10-09 00:00:00+00:00, run_after=2024-10-10 00:00:00+00:00
[2024-10-10T13:08:18.883+0000] {logging_mixin.py:190} INFO - [2024-10-10T13:08:18.883+0000] {dag.py:4156} INFO - Setting next_dagrun for read_dataset_event_from_classic to 2024-10-09 00:00:00+00:00, run_after=2024-10-10 00:00:00+00:00
[2024-10-10T13:08:18.891+0000] {processor.py:208} INFO - Processing /home/airflow/.local/lib/python3.12/site-packages/airflow/example_dags/example_inlet_event_extra.py took 0.062 seconds
[2024-10-10T13:51:03.129+0000] {processor.py:186} INFO - Started process (PID=40535) to work on /home/airflow/.local/lib/python3.12/site-packages/airflow/example_dags/example_inlet_event_extra.py
[2024-10-10T13:51:03.130+0000] {processor.py:914} INFO - Processing file /home/airflow/.local/lib/python3.12/site-packages/airflow/example_dags/example_inlet_event_extra.py for tasks to queue
[2024-10-10T13:51:03.130+0000] {logging_mixin.py:190} INFO - [2024-10-10T13:51:03.130+0000] {dagbag.py:587} INFO - Filling up the DagBag from /home/airflow/.local/lib/python3.12/site-packages/airflow/example_dags/example_inlet_event_extra.py
[2024-10-10T13:51:03.137+0000] {processor.py:925} INFO - DAG(s) 'read_dataset_event_from_classic', 'read_dataset_event' retrieved from /home/airflow/.local/lib/python3.12/site-packages/airflow/example_dags/example_inlet_event_extra.py
[2024-10-10T13:51:03.147+0000] {logging_mixin.py:190} INFO - [2024-10-10T13:51:03.147+0000] {dag.py:3229} INFO - Sync 2 DAGs
[2024-10-10T13:51:03.158+0000] {logging_mixin.py:190} INFO - [2024-10-10T13:51:03.158+0000] {dag.py:4156} INFO - Setting next_dagrun for read_dataset_event to 2024-10-09 00:00:00+00:00, run_after=2024-10-10 00:00:00+00:00
[2024-10-10T13:51:03.160+0000] {logging_mixin.py:190} INFO - [2024-10-10T13:51:03.160+0000] {dag.py:4156} INFO - Setting next_dagrun for read_dataset_event_from_classic to 2024-10-09 00:00:00+00:00, run_after=2024-10-10 00:00:00+00:00
[2024-10-10T13:51:03.166+0000] {processor.py:208} INFO - Processing /home/airflow/.local/lib/python3.12/site-packages/airflow/example_dags/example_inlet_event_extra.py took 0.041 seconds
[2024-10-10T14:18:17.126+0000] {processor.py:186} INFO - Started process (PID=40606) to work on /home/airflow/.local/lib/python3.12/site-packages/airflow/example_dags/example_inlet_event_extra.py
[2024-10-10T14:18:17.127+0000] {processor.py:914} INFO - Processing file /home/airflow/.local/lib/python3.12/site-packages/airflow/example_dags/example_inlet_event_extra.py for tasks to queue
[2024-10-10T14:18:17.128+0000] {logging_mixin.py:190} INFO - [2024-10-10T14:18:17.128+0000] {dagbag.py:587} INFO - Filling up the DagBag from /home/airflow/.local/lib/python3.12/site-packages/airflow/example_dags/example_inlet_event_extra.py
[2024-10-10T14:18:17.142+0000] {processor.py:925} INFO - DAG(s) 'read_dataset_event_from_classic', 'read_dataset_event' retrieved from /home/airflow/.local/lib/python3.12/site-packages/airflow/example_dags/example_inlet_event_extra.py
[2024-10-10T14:18:17.161+0000] {logging_mixin.py:190} INFO - [2024-10-10T14:18:17.161+0000] {dag.py:3229} INFO - Sync 2 DAGs
[2024-10-10T14:18:17.191+0000] {logging_mixin.py:190} INFO - [2024-10-10T14:18:17.191+0000] {dag.py:4156} INFO - Setting next_dagrun for read_dataset_event to 2024-10-09 00:00:00+00:00, run_after=2024-10-10 00:00:00+00:00
[2024-10-10T14:18:17.194+0000] {logging_mixin.py:190} INFO - [2024-10-10T14:18:17.194+0000] {dag.py:4156} INFO - Setting next_dagrun for read_dataset_event_from_classic to 2024-10-09 00:00:00+00:00, run_after=2024-10-10 00:00:00+00:00
[2024-10-10T14:18:17.204+0000] {processor.py:208} INFO - Processing /home/airflow/.local/lib/python3.12/site-packages/airflow/example_dags/example_inlet_event_extra.py took 0.084 seconds
[2024-10-10T14:50:16.541+0000] {processor.py:186} INFO - Started process (PID=40677) to work on /home/airflow/.local/lib/python3.12/site-packages/airflow/example_dags/example_inlet_event_extra.py
[2024-10-10T14:50:16.541+0000] {processor.py:914} INFO - Processing file /home/airflow/.local/lib/python3.12/site-packages/airflow/example_dags/example_inlet_event_extra.py for tasks to queue
[2024-10-10T14:50:16.542+0000] {logging_mixin.py:190} INFO - [2024-10-10T14:50:16.542+0000] {dagbag.py:587} INFO - Filling up the DagBag from /home/airflow/.local/lib/python3.12/site-packages/airflow/example_dags/example_inlet_event_extra.py
[2024-10-10T14:50:16.549+0000] {processor.py:925} INFO - DAG(s) 'read_dataset_event_from_classic', 'read_dataset_event' retrieved from /home/airflow/.local/lib/python3.12/site-packages/airflow/example_dags/example_inlet_event_extra.py
[2024-10-10T14:50:16.559+0000] {logging_mixin.py:190} INFO - [2024-10-10T14:50:16.559+0000] {dag.py:3229} INFO - Sync 2 DAGs
[2024-10-10T14:50:16.570+0000] {logging_mixin.py:190} INFO - [2024-10-10T14:50:16.570+0000] {dag.py:4156} INFO - Setting next_dagrun for read_dataset_event to 2024-10-09 00:00:00+00:00, run_after=2024-10-10 00:00:00+00:00
[2024-10-10T14:50:16.572+0000] {logging_mixin.py:190} INFO - [2024-10-10T14:50:16.572+0000] {dag.py:4156} INFO - Setting next_dagrun for read_dataset_event_from_classic to 2024-10-09 00:00:00+00:00, run_after=2024-10-10 00:00:00+00:00
[2024-10-10T14:50:16.578+0000] {processor.py:208} INFO - Processing /home/airflow/.local/lib/python3.12/site-packages/airflow/example_dags/example_inlet_event_extra.py took 0.041 seconds
[2024-10-10T15:19:01.863+0000] {processor.py:186} INFO - Started process (PID=40748) to work on /home/airflow/.local/lib/python3.12/site-packages/airflow/example_dags/example_inlet_event_extra.py
[2024-10-10T15:19:01.864+0000] {processor.py:914} INFO - Processing file /home/airflow/.local/lib/python3.12/site-packages/airflow/example_dags/example_inlet_event_extra.py for tasks to queue
[2024-10-10T15:19:01.868+0000] {logging_mixin.py:190} INFO - [2024-10-10T15:19:01.868+0000] {dagbag.py:587} INFO - Filling up the DagBag from /home/airflow/.local/lib/python3.12/site-packages/airflow/example_dags/example_inlet_event_extra.py
[2024-10-10T15:19:01.876+0000] {processor.py:925} INFO - DAG(s) 'read_dataset_event_from_classic', 'read_dataset_event' retrieved from /home/airflow/.local/lib/python3.12/site-packages/airflow/example_dags/example_inlet_event_extra.py
[2024-10-10T15:19:01.886+0000] {logging_mixin.py:190} INFO - [2024-10-10T15:19:01.886+0000] {dag.py:3229} INFO - Sync 2 DAGs
[2024-10-10T15:19:01.900+0000] {logging_mixin.py:190} INFO - [2024-10-10T15:19:01.900+0000] {dag.py:4156} INFO - Setting next_dagrun for read_dataset_event to 2024-10-09 00:00:00+00:00, run_after=2024-10-10 00:00:00+00:00
[2024-10-10T15:19:01.902+0000] {logging_mixin.py:190} INFO - [2024-10-10T15:19:01.902+0000] {dag.py:4156} INFO - Setting next_dagrun for read_dataset_event_from_classic to 2024-10-09 00:00:00+00:00, run_after=2024-10-10 00:00:00+00:00
[2024-10-10T15:19:01.910+0000] {processor.py:208} INFO - Processing /home/airflow/.local/lib/python3.12/site-packages/airflow/example_dags/example_inlet_event_extra.py took 0.050 seconds
[2024-10-10T15:50:08.979+0000] {processor.py:186} INFO - Started process (PID=40819) to work on /home/airflow/.local/lib/python3.12/site-packages/airflow/example_dags/example_inlet_event_extra.py
[2024-10-10T15:50:08.980+0000] {processor.py:914} INFO - Processing file /home/airflow/.local/lib/python3.12/site-packages/airflow/example_dags/example_inlet_event_extra.py for tasks to queue
[2024-10-10T15:50:08.981+0000] {logging_mixin.py:190} INFO - [2024-10-10T15:50:08.981+0000] {dagbag.py:587} INFO - Filling up the DagBag from /home/airflow/.local/lib/python3.12/site-packages/airflow/example_dags/example_inlet_event_extra.py
[2024-10-10T15:50:08.988+0000] {processor.py:925} INFO - DAG(s) 'read_dataset_event', 'read_dataset_event_from_classic' retrieved from /home/airflow/.local/lib/python3.12/site-packages/airflow/example_dags/example_inlet_event_extra.py
[2024-10-10T15:50:09.002+0000] {logging_mixin.py:190} INFO - [2024-10-10T15:50:09.002+0000] {dag.py:3229} INFO - Sync 2 DAGs
[2024-10-10T15:50:09.013+0000] {logging_mixin.py:190} INFO - [2024-10-10T15:50:09.013+0000] {dag.py:4156} INFO - Setting next_dagrun for read_dataset_event to 2024-10-09 00:00:00+00:00, run_after=2024-10-10 00:00:00+00:00
[2024-10-10T15:50:09.015+0000] {logging_mixin.py:190} INFO - [2024-10-10T15:50:09.015+0000] {dag.py:4156} INFO - Setting next_dagrun for read_dataset_event_from_classic to 2024-10-09 00:00:00+00:00, run_after=2024-10-10 00:00:00+00:00
[2024-10-10T15:50:09.020+0000] {processor.py:208} INFO - Processing /home/airflow/.local/lib/python3.12/site-packages/airflow/example_dags/example_inlet_event_extra.py took 0.043 seconds
[2024-10-10T16:36:37.715+0000] {processor.py:186} INFO - Started process (PID=40890) to work on /home/airflow/.local/lib/python3.12/site-packages/airflow/example_dags/example_inlet_event_extra.py
[2024-10-10T16:36:37.717+0000] {processor.py:914} INFO - Processing file /home/airflow/.local/lib/python3.12/site-packages/airflow/example_dags/example_inlet_event_extra.py for tasks to queue
[2024-10-10T16:36:37.718+0000] {logging_mixin.py:190} INFO - [2024-10-10T16:36:37.718+0000] {dagbag.py:587} INFO - Filling up the DagBag from /home/airflow/.local/lib/python3.12/site-packages/airflow/example_dags/example_inlet_event_extra.py
[2024-10-10T16:36:37.733+0000] {processor.py:925} INFO - DAG(s) 'read_dataset_event', 'read_dataset_event_from_classic' retrieved from /home/airflow/.local/lib/python3.12/site-packages/airflow/example_dags/example_inlet_event_extra.py
[2024-10-10T16:36:37.757+0000] {logging_mixin.py:190} INFO - [2024-10-10T16:36:37.757+0000] {dag.py:3229} INFO - Sync 2 DAGs
[2024-10-10T16:36:37.782+0000] {logging_mixin.py:190} INFO - [2024-10-10T16:36:37.782+0000] {dag.py:4156} INFO - Setting next_dagrun for read_dataset_event to 2024-10-09 00:00:00+00:00, run_after=2024-10-10 00:00:00+00:00
[2024-10-10T16:36:37.786+0000] {logging_mixin.py:190} INFO - [2024-10-10T16:36:37.786+0000] {dag.py:4156} INFO - Setting next_dagrun for read_dataset_event_from_classic to 2024-10-09 00:00:00+00:00, run_after=2024-10-10 00:00:00+00:00
[2024-10-10T16:36:37.799+0000] {processor.py:208} INFO - Processing /home/airflow/.local/lib/python3.12/site-packages/airflow/example_dags/example_inlet_event_extra.py took 0.088 seconds
[2024-10-10T16:45:45.992+0000] {processor.py:186} INFO - Started process (PID=40961) to work on /home/airflow/.local/lib/python3.12/site-packages/airflow/example_dags/example_inlet_event_extra.py
[2024-10-10T16:45:46.006+0000] {processor.py:914} INFO - Processing file /home/airflow/.local/lib/python3.12/site-packages/airflow/example_dags/example_inlet_event_extra.py for tasks to queue
[2024-10-10T16:45:46.009+0000] {logging_mixin.py:190} INFO - [2024-10-10T16:45:46.008+0000] {dagbag.py:587} INFO - Filling up the DagBag from /home/airflow/.local/lib/python3.12/site-packages/airflow/example_dags/example_inlet_event_extra.py
[2024-10-10T16:45:46.033+0000] {processor.py:925} INFO - DAG(s) 'read_dataset_event_from_classic', 'read_dataset_event' retrieved from /home/airflow/.local/lib/python3.12/site-packages/airflow/example_dags/example_inlet_event_extra.py
[2024-10-10T16:45:46.112+0000] {logging_mixin.py:190} INFO - [2024-10-10T16:45:46.112+0000] {dag.py:3229} INFO - Sync 2 DAGs
[2024-10-10T16:45:46.501+0000] {logging_mixin.py:190} INFO - [2024-10-10T16:45:46.500+0000] {dag.py:4156} INFO - Setting next_dagrun for read_dataset_event to 2024-10-09 00:00:00+00:00, run_after=2024-10-10 00:00:00+00:00
[2024-10-10T16:45:46.505+0000] {logging_mixin.py:190} INFO - [2024-10-10T16:45:46.505+0000] {dag.py:4156} INFO - Setting next_dagrun for read_dataset_event_from_classic to 2024-10-09 00:00:00+00:00, run_after=2024-10-10 00:00:00+00:00
[2024-10-10T16:45:46.520+0000] {processor.py:208} INFO - Processing /home/airflow/.local/lib/python3.12/site-packages/airflow/example_dags/example_inlet_event_extra.py took 0.538 seconds
[2024-10-10T17:20:01.303+0000] {processor.py:186} INFO - Started process (PID=41031) to work on /home/airflow/.local/lib/python3.12/site-packages/airflow/example_dags/example_inlet_event_extra.py
[2024-10-10T17:20:01.304+0000] {processor.py:914} INFO - Processing file /home/airflow/.local/lib/python3.12/site-packages/airflow/example_dags/example_inlet_event_extra.py for tasks to queue
[2024-10-10T17:20:01.305+0000] {logging_mixin.py:190} INFO - [2024-10-10T17:20:01.305+0000] {dagbag.py:587} INFO - Filling up the DagBag from /home/airflow/.local/lib/python3.12/site-packages/airflow/example_dags/example_inlet_event_extra.py
[2024-10-10T17:20:01.318+0000] {processor.py:925} INFO - DAG(s) 'read_dataset_event_from_classic', 'read_dataset_event' retrieved from /home/airflow/.local/lib/python3.12/site-packages/airflow/example_dags/example_inlet_event_extra.py
[2024-10-10T17:20:01.330+0000] {logging_mixin.py:190} INFO - [2024-10-10T17:20:01.330+0000] {dag.py:3229} INFO - Sync 2 DAGs
[2024-10-10T17:20:01.342+0000] {logging_mixin.py:190} INFO - [2024-10-10T17:20:01.342+0000] {dag.py:4156} INFO - Setting next_dagrun for read_dataset_event to 2024-10-09 00:00:00+00:00, run_after=2024-10-10 00:00:00+00:00
[2024-10-10T17:20:01.344+0000] {logging_mixin.py:190} INFO - [2024-10-10T17:20:01.344+0000] {dag.py:4156} INFO - Setting next_dagrun for read_dataset_event_from_classic to 2024-10-09 00:00:00+00:00, run_after=2024-10-10 00:00:00+00:00
[2024-10-10T17:20:01.351+0000] {processor.py:208} INFO - Processing /home/airflow/.local/lib/python3.12/site-packages/airflow/example_dags/example_inlet_event_extra.py took 0.052 seconds
[2024-10-10T18:21:01.156+0000] {processor.py:186} INFO - Started process (PID=41102) to work on /home/airflow/.local/lib/python3.12/site-packages/airflow/example_dags/example_inlet_event_extra.py
[2024-10-10T18:21:01.157+0000] {processor.py:914} INFO - Processing file /home/airflow/.local/lib/python3.12/site-packages/airflow/example_dags/example_inlet_event_extra.py for tasks to queue
[2024-10-10T18:21:01.158+0000] {logging_mixin.py:190} INFO - [2024-10-10T18:21:01.158+0000] {dagbag.py:587} INFO - Filling up the DagBag from /home/airflow/.local/lib/python3.12/site-packages/airflow/example_dags/example_inlet_event_extra.py
[2024-10-10T18:21:01.166+0000] {processor.py:925} INFO - DAG(s) 'read_dataset_event', 'read_dataset_event_from_classic' retrieved from /home/airflow/.local/lib/python3.12/site-packages/airflow/example_dags/example_inlet_event_extra.py
[2024-10-10T18:21:01.175+0000] {logging_mixin.py:190} INFO - [2024-10-10T18:21:01.175+0000] {dag.py:3229} INFO - Sync 2 DAGs
[2024-10-10T18:21:01.204+0000] {logging_mixin.py:190} INFO - [2024-10-10T18:21:01.203+0000] {dag.py:4156} INFO - Setting next_dagrun for read_dataset_event to 2024-10-09 00:00:00+00:00, run_after=2024-10-10 00:00:00+00:00
[2024-10-10T18:21:01.206+0000] {logging_mixin.py:190} INFO - [2024-10-10T18:21:01.206+0000] {dag.py:4156} INFO - Setting next_dagrun for read_dataset_event_from_classic to 2024-10-09 00:00:00+00:00, run_after=2024-10-10 00:00:00+00:00
[2024-10-10T18:21:01.215+0000] {processor.py:208} INFO - Processing /home/airflow/.local/lib/python3.12/site-packages/airflow/example_dags/example_inlet_event_extra.py took 0.063 seconds
[2024-10-10T18:38:26.540+0000] {processor.py:186} INFO - Started process (PID=41173) to work on /home/airflow/.local/lib/python3.12/site-packages/airflow/example_dags/example_inlet_event_extra.py
[2024-10-10T18:38:26.541+0000] {processor.py:914} INFO - Processing file /home/airflow/.local/lib/python3.12/site-packages/airflow/example_dags/example_inlet_event_extra.py for tasks to queue
[2024-10-10T18:38:26.542+0000] {logging_mixin.py:190} INFO - [2024-10-10T18:38:26.542+0000] {dagbag.py:587} INFO - Filling up the DagBag from /home/airflow/.local/lib/python3.12/site-packages/airflow/example_dags/example_inlet_event_extra.py
[2024-10-10T18:38:26.552+0000] {processor.py:925} INFO - DAG(s) 'read_dataset_event', 'read_dataset_event_from_classic' retrieved from /home/airflow/.local/lib/python3.12/site-packages/airflow/example_dags/example_inlet_event_extra.py
[2024-10-10T18:38:26.563+0000] {logging_mixin.py:190} INFO - [2024-10-10T18:38:26.563+0000] {dag.py:3229} INFO - Sync 2 DAGs
[2024-10-10T18:38:26.575+0000] {logging_mixin.py:190} INFO - [2024-10-10T18:38:26.575+0000] {dag.py:4156} INFO - Setting next_dagrun for read_dataset_event to 2024-10-09 00:00:00+00:00, run_after=2024-10-10 00:00:00+00:00
[2024-10-10T18:38:26.578+0000] {logging_mixin.py:190} INFO - [2024-10-10T18:38:26.577+0000] {dag.py:4156} INFO - Setting next_dagrun for read_dataset_event_from_classic to 2024-10-09 00:00:00+00:00, run_after=2024-10-10 00:00:00+00:00
[2024-10-10T18:38:26.594+0000] {processor.py:208} INFO - Processing /home/airflow/.local/lib/python3.12/site-packages/airflow/example_dags/example_inlet_event_extra.py took 0.057 seconds
[2024-10-10T19:39:11.413+0000] {processor.py:186} INFO - Started process (PID=41244) to work on /home/airflow/.local/lib/python3.12/site-packages/airflow/example_dags/example_inlet_event_extra.py
[2024-10-10T19:39:11.414+0000] {processor.py:914} INFO - Processing file /home/airflow/.local/lib/python3.12/site-packages/airflow/example_dags/example_inlet_event_extra.py for tasks to queue
[2024-10-10T19:39:11.415+0000] {logging_mixin.py:190} INFO - [2024-10-10T19:39:11.415+0000] {dagbag.py:587} INFO - Filling up the DagBag from /home/airflow/.local/lib/python3.12/site-packages/airflow/example_dags/example_inlet_event_extra.py
[2024-10-10T19:39:11.425+0000] {processor.py:925} INFO - DAG(s) 'read_dataset_event_from_classic', 'read_dataset_event' retrieved from /home/airflow/.local/lib/python3.12/site-packages/airflow/example_dags/example_inlet_event_extra.py
[2024-10-10T19:39:11.448+0000] {logging_mixin.py:190} INFO - [2024-10-10T19:39:11.448+0000] {dag.py:3229} INFO - Sync 2 DAGs
[2024-10-10T19:39:11.473+0000] {logging_mixin.py:190} INFO - [2024-10-10T19:39:11.473+0000] {dag.py:4156} INFO - Setting next_dagrun for read_dataset_event to 2024-10-09 00:00:00+00:00, run_after=2024-10-10 00:00:00+00:00
[2024-10-10T19:39:11.475+0000] {logging_mixin.py:190} INFO - [2024-10-10T19:39:11.475+0000] {dag.py:4156} INFO - Setting next_dagrun for read_dataset_event_from_classic to 2024-10-09 00:00:00+00:00, run_after=2024-10-10 00:00:00+00:00
[2024-10-10T19:39:11.486+0000] {processor.py:208} INFO - Processing /home/airflow/.local/lib/python3.12/site-packages/airflow/example_dags/example_inlet_event_extra.py took 0.078 seconds
[2024-10-10T20:23:15.023+0000] {processor.py:186} INFO - Started process (PID=41315) to work on /home/airflow/.local/lib/python3.12/site-packages/airflow/example_dags/example_inlet_event_extra.py
[2024-10-10T20:23:15.025+0000] {processor.py:914} INFO - Processing file /home/airflow/.local/lib/python3.12/site-packages/airflow/example_dags/example_inlet_event_extra.py for tasks to queue
[2024-10-10T20:23:15.025+0000] {logging_mixin.py:190} INFO - [2024-10-10T20:23:15.025+0000] {dagbag.py:587} INFO - Filling up the DagBag from /home/airflow/.local/lib/python3.12/site-packages/airflow/example_dags/example_inlet_event_extra.py
[2024-10-10T20:23:15.032+0000] {processor.py:925} INFO - DAG(s) 'read_dataset_event_from_classic', 'read_dataset_event' retrieved from /home/airflow/.local/lib/python3.12/site-packages/airflow/example_dags/example_inlet_event_extra.py
[2024-10-10T20:23:15.050+0000] {logging_mixin.py:190} INFO - [2024-10-10T20:23:15.049+0000] {dag.py:3229} INFO - Sync 2 DAGs
[2024-10-10T20:23:15.067+0000] {logging_mixin.py:190} INFO - [2024-10-10T20:23:15.067+0000] {dag.py:4156} INFO - Setting next_dagrun for read_dataset_event to 2024-10-09 00:00:00+00:00, run_after=2024-10-10 00:00:00+00:00
[2024-10-10T20:23:15.070+0000] {logging_mixin.py:190} INFO - [2024-10-10T20:23:15.070+0000] {dag.py:4156} INFO - Setting next_dagrun for read_dataset_event_from_classic to 2024-10-09 00:00:00+00:00, run_after=2024-10-10 00:00:00+00:00
[2024-10-10T20:23:15.080+0000] {processor.py:208} INFO - Processing /home/airflow/.local/lib/python3.12/site-packages/airflow/example_dags/example_inlet_event_extra.py took 0.060 seconds
[2024-10-10T20:54:20.298+0000] {processor.py:186} INFO - Started process (PID=41386) to work on /home/airflow/.local/lib/python3.12/site-packages/airflow/example_dags/example_inlet_event_extra.py
[2024-10-10T20:54:20.300+0000] {processor.py:914} INFO - Processing file /home/airflow/.local/lib/python3.12/site-packages/airflow/example_dags/example_inlet_event_extra.py for tasks to queue
[2024-10-10T20:54:20.301+0000] {logging_mixin.py:190} INFO - [2024-10-10T20:54:20.301+0000] {dagbag.py:587} INFO - Filling up the DagBag from /home/airflow/.local/lib/python3.12/site-packages/airflow/example_dags/example_inlet_event_extra.py
[2024-10-10T20:54:20.309+0000] {processor.py:925} INFO - DAG(s) 'read_dataset_event_from_classic', 'read_dataset_event' retrieved from /home/airflow/.local/lib/python3.12/site-packages/airflow/example_dags/example_inlet_event_extra.py
[2024-10-10T20:54:20.320+0000] {logging_mixin.py:190} INFO - [2024-10-10T20:54:20.320+0000] {dag.py:3229} INFO - Sync 2 DAGs
[2024-10-10T20:54:20.333+0000] {logging_mixin.py:190} INFO - [2024-10-10T20:54:20.333+0000] {dag.py:4156} INFO - Setting next_dagrun for read_dataset_event to 2024-10-09 00:00:00+00:00, run_after=2024-10-10 00:00:00+00:00
[2024-10-10T20:54:20.338+0000] {logging_mixin.py:190} INFO - [2024-10-10T20:54:20.338+0000] {dag.py:4156} INFO - Setting next_dagrun for read_dataset_event_from_classic to 2024-10-09 00:00:00+00:00, run_after=2024-10-10 00:00:00+00:00
[2024-10-10T20:54:20.351+0000] {processor.py:208} INFO - Processing /home/airflow/.local/lib/python3.12/site-packages/airflow/example_dags/example_inlet_event_extra.py took 0.057 seconds
[2024-10-10T21:24:08.086+0000] {processor.py:186} INFO - Started process (PID=41457) to work on /home/airflow/.local/lib/python3.12/site-packages/airflow/example_dags/example_inlet_event_extra.py
[2024-10-10T21:24:08.087+0000] {processor.py:914} INFO - Processing file /home/airflow/.local/lib/python3.12/site-packages/airflow/example_dags/example_inlet_event_extra.py for tasks to queue
[2024-10-10T21:24:08.087+0000] {logging_mixin.py:190} INFO - [2024-10-10T21:24:08.087+0000] {dagbag.py:587} INFO - Filling up the DagBag from /home/airflow/.local/lib/python3.12/site-packages/airflow/example_dags/example_inlet_event_extra.py
[2024-10-10T21:24:08.095+0000] {processor.py:925} INFO - DAG(s) 'read_dataset_event', 'read_dataset_event_from_classic' retrieved from /home/airflow/.local/lib/python3.12/site-packages/airflow/example_dags/example_inlet_event_extra.py
[2024-10-10T21:24:08.110+0000] {logging_mixin.py:190} INFO - [2024-10-10T21:24:08.110+0000] {dag.py:3229} INFO - Sync 2 DAGs
[2024-10-10T21:24:08.123+0000] {logging_mixin.py:190} INFO - [2024-10-10T21:24:08.122+0000] {dag.py:4156} INFO - Setting next_dagrun for read_dataset_event to 2024-10-09 00:00:00+00:00, run_after=2024-10-10 00:00:00+00:00
[2024-10-10T21:24:08.125+0000] {logging_mixin.py:190} INFO - [2024-10-10T21:24:08.125+0000] {dag.py:4156} INFO - Setting next_dagrun for read_dataset_event_from_classic to 2024-10-09 00:00:00+00:00, run_after=2024-10-10 00:00:00+00:00
[2024-10-10T21:24:08.134+0000] {processor.py:208} INFO - Processing /home/airflow/.local/lib/python3.12/site-packages/airflow/example_dags/example_inlet_event_extra.py took 0.050 seconds
[2024-10-10T21:24:38.886+0000] {processor.py:186} INFO - Started process (PID=41528) to work on /home/airflow/.local/lib/python3.12/site-packages/airflow/example_dags/example_inlet_event_extra.py
[2024-10-10T21:24:38.888+0000] {processor.py:914} INFO - Processing file /home/airflow/.local/lib/python3.12/site-packages/airflow/example_dags/example_inlet_event_extra.py for tasks to queue
[2024-10-10T21:24:38.888+0000] {logging_mixin.py:190} INFO - [2024-10-10T21:24:38.888+0000] {dagbag.py:587} INFO - Filling up the DagBag from /home/airflow/.local/lib/python3.12/site-packages/airflow/example_dags/example_inlet_event_extra.py
[2024-10-10T21:24:38.895+0000] {processor.py:925} INFO - DAG(s) 'read_dataset_event', 'read_dataset_event_from_classic' retrieved from /home/airflow/.local/lib/python3.12/site-packages/airflow/example_dags/example_inlet_event_extra.py
[2024-10-10T21:24:38.905+0000] {logging_mixin.py:190} INFO - [2024-10-10T21:24:38.905+0000] {dag.py:3229} INFO - Sync 2 DAGs
[2024-10-10T21:24:38.917+0000] {logging_mixin.py:190} INFO - [2024-10-10T21:24:38.917+0000] {dag.py:4156} INFO - Setting next_dagrun for read_dataset_event to 2024-10-09 00:00:00+00:00, run_after=2024-10-10 00:00:00+00:00
[2024-10-10T21:24:38.920+0000] {logging_mixin.py:190} INFO - [2024-10-10T21:24:38.920+0000] {dag.py:4156} INFO - Setting next_dagrun for read_dataset_event_from_classic to 2024-10-09 00:00:00+00:00, run_after=2024-10-10 00:00:00+00:00
[2024-10-10T21:24:38.932+0000] {processor.py:208} INFO - Processing /home/airflow/.local/lib/python3.12/site-packages/airflow/example_dags/example_inlet_event_extra.py took 0.049 seconds
[2024-10-10T21:43:35.037+0000] {processor.py:186} INFO - Started process (PID=41599) to work on /home/airflow/.local/lib/python3.12/site-packages/airflow/example_dags/example_inlet_event_extra.py
[2024-10-10T21:43:35.041+0000] {processor.py:914} INFO - Processing file /home/airflow/.local/lib/python3.12/site-packages/airflow/example_dags/example_inlet_event_extra.py for tasks to queue
[2024-10-10T21:43:35.042+0000] {logging_mixin.py:190} INFO - [2024-10-10T21:43:35.042+0000] {dagbag.py:587} INFO - Filling up the DagBag from /home/airflow/.local/lib/python3.12/site-packages/airflow/example_dags/example_inlet_event_extra.py
[2024-10-10T21:43:35.057+0000] {processor.py:925} INFO - DAG(s) 'read_dataset_event', 'read_dataset_event_from_classic' retrieved from /home/airflow/.local/lib/python3.12/site-packages/airflow/example_dags/example_inlet_event_extra.py
[2024-10-10T21:43:35.107+0000] {logging_mixin.py:190} INFO - [2024-10-10T21:43:35.107+0000] {dag.py:3229} INFO - Sync 2 DAGs
[2024-10-10T21:43:35.175+0000] {logging_mixin.py:190} INFO - [2024-10-10T21:43:35.175+0000] {dag.py:4156} INFO - Setting next_dagrun for read_dataset_event to 2024-10-09 00:00:00+00:00, run_after=2024-10-10 00:00:00+00:00
[2024-10-10T21:43:35.181+0000] {logging_mixin.py:190} INFO - [2024-10-10T21:43:35.181+0000] {dag.py:4156} INFO - Setting next_dagrun for read_dataset_event_from_classic to 2024-10-09 00:00:00+00:00, run_after=2024-10-10 00:00:00+00:00
[2024-10-10T21:43:35.196+0000] {processor.py:208} INFO - Processing /home/airflow/.local/lib/python3.12/site-packages/airflow/example_dags/example_inlet_event_extra.py took 0.165 seconds
[2024-10-10T22:17:47.973+0000] {processor.py:186} INFO - Started process (PID=41670) to work on /home/airflow/.local/lib/python3.12/site-packages/airflow/example_dags/example_inlet_event_extra.py
[2024-10-10T22:17:47.976+0000] {processor.py:914} INFO - Processing file /home/airflow/.local/lib/python3.12/site-packages/airflow/example_dags/example_inlet_event_extra.py for tasks to queue
[2024-10-10T22:17:47.980+0000] {logging_mixin.py:190} INFO - [2024-10-10T22:17:47.980+0000] {dagbag.py:587} INFO - Filling up the DagBag from /home/airflow/.local/lib/python3.12/site-packages/airflow/example_dags/example_inlet_event_extra.py
[2024-10-10T22:17:47.991+0000] {processor.py:925} INFO - DAG(s) 'read_dataset_event_from_classic', 'read_dataset_event' retrieved from /home/airflow/.local/lib/python3.12/site-packages/airflow/example_dags/example_inlet_event_extra.py
[2024-10-10T22:17:48.020+0000] {logging_mixin.py:190} INFO - [2024-10-10T22:17:48.020+0000] {dag.py:3229} INFO - Sync 2 DAGs
[2024-10-10T22:17:48.036+0000] {logging_mixin.py:190} INFO - [2024-10-10T22:17:48.035+0000] {dag.py:4156} INFO - Setting next_dagrun for read_dataset_event to 2024-10-09 00:00:00+00:00, run_after=2024-10-10 00:00:00+00:00
[2024-10-10T22:17:48.038+0000] {logging_mixin.py:190} INFO - [2024-10-10T22:17:48.038+0000] {dag.py:4156} INFO - Setting next_dagrun for read_dataset_event_from_classic to 2024-10-09 00:00:00+00:00, run_after=2024-10-10 00:00:00+00:00
[2024-10-10T22:17:48.045+0000] {processor.py:208} INFO - Processing /home/airflow/.local/lib/python3.12/site-packages/airflow/example_dags/example_inlet_event_extra.py took 0.077 seconds
[2024-10-10T22:46:08.529+0000] {processor.py:186} INFO - Started process (PID=41741) to work on /home/airflow/.local/lib/python3.12/site-packages/airflow/example_dags/example_inlet_event_extra.py
[2024-10-10T22:46:08.530+0000] {processor.py:914} INFO - Processing file /home/airflow/.local/lib/python3.12/site-packages/airflow/example_dags/example_inlet_event_extra.py for tasks to queue
[2024-10-10T22:46:08.533+0000] {logging_mixin.py:190} INFO - [2024-10-10T22:46:08.533+0000] {dagbag.py:587} INFO - Filling up the DagBag from /home/airflow/.local/lib/python3.12/site-packages/airflow/example_dags/example_inlet_event_extra.py
[2024-10-10T22:46:08.540+0000] {processor.py:925} INFO - DAG(s) 'read_dataset_event', 'read_dataset_event_from_classic' retrieved from /home/airflow/.local/lib/python3.12/site-packages/airflow/example_dags/example_inlet_event_extra.py
[2024-10-10T22:46:08.556+0000] {logging_mixin.py:190} INFO - [2024-10-10T22:46:08.556+0000] {dag.py:3229} INFO - Sync 2 DAGs
[2024-10-10T22:46:08.568+0000] {logging_mixin.py:190} INFO - [2024-10-10T22:46:08.568+0000] {dag.py:4156} INFO - Setting next_dagrun for read_dataset_event to 2024-10-09 00:00:00+00:00, run_after=2024-10-10 00:00:00+00:00
[2024-10-10T22:46:08.571+0000] {logging_mixin.py:190} INFO - [2024-10-10T22:46:08.571+0000] {dag.py:4156} INFO - Setting next_dagrun for read_dataset_event_from_classic to 2024-10-09 00:00:00+00:00, run_after=2024-10-10 00:00:00+00:00
[2024-10-10T22:46:08.580+0000] {processor.py:208} INFO - Processing /home/airflow/.local/lib/python3.12/site-packages/airflow/example_dags/example_inlet_event_extra.py took 0.054 seconds
[2024-10-10T23:26:19.132+0000] {processor.py:186} INFO - Started process (PID=41812) to work on /home/airflow/.local/lib/python3.12/site-packages/airflow/example_dags/example_inlet_event_extra.py
[2024-10-10T23:26:19.133+0000] {processor.py:914} INFO - Processing file /home/airflow/.local/lib/python3.12/site-packages/airflow/example_dags/example_inlet_event_extra.py for tasks to queue
[2024-10-10T23:26:19.134+0000] {logging_mixin.py:190} INFO - [2024-10-10T23:26:19.133+0000] {dagbag.py:587} INFO - Filling up the DagBag from /home/airflow/.local/lib/python3.12/site-packages/airflow/example_dags/example_inlet_event_extra.py
[2024-10-10T23:26:19.141+0000] {processor.py:925} INFO - DAG(s) 'read_dataset_event_from_classic', 'read_dataset_event' retrieved from /home/airflow/.local/lib/python3.12/site-packages/airflow/example_dags/example_inlet_event_extra.py
[2024-10-10T23:26:19.151+0000] {logging_mixin.py:190} INFO - [2024-10-10T23:26:19.151+0000] {dag.py:3229} INFO - Sync 2 DAGs
[2024-10-10T23:26:19.162+0000] {logging_mixin.py:190} INFO - [2024-10-10T23:26:19.162+0000] {dag.py:4156} INFO - Setting next_dagrun for read_dataset_event to 2024-10-09 00:00:00+00:00, run_after=2024-10-10 00:00:00+00:00
[2024-10-10T23:26:19.164+0000] {logging_mixin.py:190} INFO - [2024-10-10T23:26:19.164+0000] {dag.py:4156} INFO - Setting next_dagrun for read_dataset_event_from_classic to 2024-10-09 00:00:00+00:00, run_after=2024-10-10 00:00:00+00:00
[2024-10-10T23:26:19.169+0000] {processor.py:208} INFO - Processing /home/airflow/.local/lib/python3.12/site-packages/airflow/example_dags/example_inlet_event_extra.py took 0.040 seconds
