[2024-10-10T00:11:42.965+0000] {processor.py:186} INFO - Started process (PID=38874) to work on /home/airflow/.local/lib/python3.12/site-packages/airflow/example_dags/example_complex.py
[2024-10-10T00:11:42.967+0000] {processor.py:914} INFO - Processing file /home/airflow/.local/lib/python3.12/site-packages/airflow/example_dags/example_complex.py for tasks to queue
[2024-10-10T00:11:42.968+0000] {logging_mixin.py:190} INFO - [2024-10-10T00:11:42.967+0000] {dagbag.py:587} INFO - Filling up the DagBag from /home/airflow/.local/lib/python3.12/site-packages/airflow/example_dags/example_complex.py
[2024-10-10T00:11:42.976+0000] {processor.py:925} INFO - DAG(s) 'example_complex' retrieved from /home/airflow/.local/lib/python3.12/site-packages/airflow/example_dags/example_complex.py
[2024-10-10T00:11:42.998+0000] {logging_mixin.py:190} INFO - [2024-10-10T00:11:42.998+0000] {dag.py:3229} INFO - Sync 1 DAGs
[2024-10-10T00:11:43.007+0000] {logging_mixin.py:190} INFO - [2024-10-10T00:11:43.007+0000] {dag.py:4156} INFO - Setting next_dagrun for example_complex to None, run_after=None
[2024-10-10T00:11:43.021+0000] {processor.py:208} INFO - Processing /home/airflow/.local/lib/python3.12/site-packages/airflow/example_dags/example_complex.py took 0.065 seconds
[2024-10-10T01:18:09.635+0000] {processor.py:186} INFO - Started process (PID=38945) to work on /home/airflow/.local/lib/python3.12/site-packages/airflow/example_dags/example_complex.py
[2024-10-10T01:18:09.636+0000] {processor.py:914} INFO - Processing file /home/airflow/.local/lib/python3.12/site-packages/airflow/example_dags/example_complex.py for tasks to queue
[2024-10-10T01:18:09.637+0000] {logging_mixin.py:190} INFO - [2024-10-10T01:18:09.637+0000] {dagbag.py:587} INFO - Filling up the DagBag from /home/airflow/.local/lib/python3.12/site-packages/airflow/example_dags/example_complex.py
[2024-10-10T01:18:09.646+0000] {processor.py:925} INFO - DAG(s) 'example_complex' retrieved from /home/airflow/.local/lib/python3.12/site-packages/airflow/example_dags/example_complex.py
[2024-10-10T01:18:09.664+0000] {logging_mixin.py:190} INFO - [2024-10-10T01:18:09.664+0000] {dag.py:3229} INFO - Sync 1 DAGs
[2024-10-10T01:18:09.675+0000] {logging_mixin.py:190} INFO - [2024-10-10T01:18:09.675+0000] {dag.py:4156} INFO - Setting next_dagrun for example_complex to None, run_after=None
[2024-10-10T01:18:09.688+0000] {processor.py:208} INFO - Processing /home/airflow/.local/lib/python3.12/site-packages/airflow/example_dags/example_complex.py took 0.056 seconds
[2024-10-10T01:52:19.080+0000] {processor.py:186} INFO - Started process (PID=39016) to work on /home/airflow/.local/lib/python3.12/site-packages/airflow/example_dags/example_complex.py
[2024-10-10T01:52:19.083+0000] {processor.py:914} INFO - Processing file /home/airflow/.local/lib/python3.12/site-packages/airflow/example_dags/example_complex.py for tasks to queue
[2024-10-10T01:52:19.084+0000] {logging_mixin.py:190} INFO - [2024-10-10T01:52:19.084+0000] {dagbag.py:587} INFO - Filling up the DagBag from /home/airflow/.local/lib/python3.12/site-packages/airflow/example_dags/example_complex.py
[2024-10-10T01:52:19.091+0000] {processor.py:925} INFO - DAG(s) 'example_complex' retrieved from /home/airflow/.local/lib/python3.12/site-packages/airflow/example_dags/example_complex.py
[2024-10-10T01:52:19.109+0000] {logging_mixin.py:190} INFO - [2024-10-10T01:52:19.109+0000] {dag.py:3229} INFO - Sync 1 DAGs
[2024-10-10T01:52:19.116+0000] {logging_mixin.py:190} INFO - [2024-10-10T01:52:19.116+0000] {dag.py:4156} INFO - Setting next_dagrun for example_complex to None, run_after=None
[2024-10-10T01:52:19.125+0000] {processor.py:208} INFO - Processing /home/airflow/.local/lib/python3.12/site-packages/airflow/example_dags/example_complex.py took 0.048 seconds
[2024-10-10T02:19:11.325+0000] {processor.py:186} INFO - Started process (PID=39087) to work on /home/airflow/.local/lib/python3.12/site-packages/airflow/example_dags/example_complex.py
[2024-10-10T02:19:11.326+0000] {processor.py:914} INFO - Processing file /home/airflow/.local/lib/python3.12/site-packages/airflow/example_dags/example_complex.py for tasks to queue
[2024-10-10T02:19:11.326+0000] {logging_mixin.py:190} INFO - [2024-10-10T02:19:11.326+0000] {dagbag.py:587} INFO - Filling up the DagBag from /home/airflow/.local/lib/python3.12/site-packages/airflow/example_dags/example_complex.py
[2024-10-10T02:19:11.333+0000] {processor.py:925} INFO - DAG(s) 'example_complex' retrieved from /home/airflow/.local/lib/python3.12/site-packages/airflow/example_dags/example_complex.py
[2024-10-10T02:19:11.354+0000] {logging_mixin.py:190} INFO - [2024-10-10T02:19:11.354+0000] {dag.py:3229} INFO - Sync 1 DAGs
[2024-10-10T02:19:11.362+0000] {logging_mixin.py:190} INFO - [2024-10-10T02:19:11.362+0000] {dag.py:4156} INFO - Setting next_dagrun for example_complex to None, run_after=None
[2024-10-10T02:19:11.373+0000] {processor.py:208} INFO - Processing /home/airflow/.local/lib/python3.12/site-packages/airflow/example_dags/example_complex.py took 0.053 seconds
[2024-10-10T03:09:37.020+0000] {processor.py:186} INFO - Started process (PID=39158) to work on /home/airflow/.local/lib/python3.12/site-packages/airflow/example_dags/example_complex.py
[2024-10-10T03:09:37.024+0000] {processor.py:914} INFO - Processing file /home/airflow/.local/lib/python3.12/site-packages/airflow/example_dags/example_complex.py for tasks to queue
[2024-10-10T03:09:37.025+0000] {logging_mixin.py:190} INFO - [2024-10-10T03:09:37.025+0000] {dagbag.py:587} INFO - Filling up the DagBag from /home/airflow/.local/lib/python3.12/site-packages/airflow/example_dags/example_complex.py
[2024-10-10T03:09:37.034+0000] {processor.py:925} INFO - DAG(s) 'example_complex' retrieved from /home/airflow/.local/lib/python3.12/site-packages/airflow/example_dags/example_complex.py
[2024-10-10T03:09:37.052+0000] {logging_mixin.py:190} INFO - [2024-10-10T03:09:37.052+0000] {dag.py:3229} INFO - Sync 1 DAGs
[2024-10-10T03:09:37.059+0000] {logging_mixin.py:190} INFO - [2024-10-10T03:09:37.059+0000] {dag.py:4156} INFO - Setting next_dagrun for example_complex to None, run_after=None
[2024-10-10T03:09:37.067+0000] {processor.py:208} INFO - Processing /home/airflow/.local/lib/python3.12/site-packages/airflow/example_dags/example_complex.py took 0.053 seconds
[2024-10-10T03:56:58.935+0000] {processor.py:186} INFO - Started process (PID=39228) to work on /home/airflow/.local/lib/python3.12/site-packages/airflow/example_dags/example_complex.py
[2024-10-10T03:56:58.937+0000] {processor.py:914} INFO - Processing file /home/airflow/.local/lib/python3.12/site-packages/airflow/example_dags/example_complex.py for tasks to queue
[2024-10-10T03:56:58.938+0000] {logging_mixin.py:190} INFO - [2024-10-10T03:56:58.938+0000] {dagbag.py:587} INFO - Filling up the DagBag from /home/airflow/.local/lib/python3.12/site-packages/airflow/example_dags/example_complex.py
[2024-10-10T03:56:58.944+0000] {processor.py:925} INFO - DAG(s) 'example_complex' retrieved from /home/airflow/.local/lib/python3.12/site-packages/airflow/example_dags/example_complex.py
[2024-10-10T03:56:58.967+0000] {logging_mixin.py:190} INFO - [2024-10-10T03:56:58.967+0000] {dag.py:3229} INFO - Sync 1 DAGs
[2024-10-10T03:56:58.976+0000] {logging_mixin.py:190} INFO - [2024-10-10T03:56:58.976+0000] {dag.py:4156} INFO - Setting next_dagrun for example_complex to None, run_after=None
[2024-10-10T03:56:58.988+0000] {processor.py:208} INFO - Processing /home/airflow/.local/lib/python3.12/site-packages/airflow/example_dags/example_complex.py took 0.056 seconds
[2024-10-10T04:21:13.589+0000] {processor.py:186} INFO - Started process (PID=39298) to work on /home/airflow/.local/lib/python3.12/site-packages/airflow/example_dags/example_complex.py
[2024-10-10T04:21:13.590+0000] {processor.py:914} INFO - Processing file /home/airflow/.local/lib/python3.12/site-packages/airflow/example_dags/example_complex.py for tasks to queue
[2024-10-10T04:21:13.591+0000] {logging_mixin.py:190} INFO - [2024-10-10T04:21:13.591+0000] {dagbag.py:587} INFO - Filling up the DagBag from /home/airflow/.local/lib/python3.12/site-packages/airflow/example_dags/example_complex.py
[2024-10-10T04:21:13.598+0000] {processor.py:925} INFO - DAG(s) 'example_complex' retrieved from /home/airflow/.local/lib/python3.12/site-packages/airflow/example_dags/example_complex.py
[2024-10-10T04:21:13.614+0000] {logging_mixin.py:190} INFO - [2024-10-10T04:21:13.614+0000] {dag.py:3229} INFO - Sync 1 DAGs
[2024-10-10T04:21:13.625+0000] {logging_mixin.py:190} INFO - [2024-10-10T04:21:13.625+0000] {dag.py:4156} INFO - Setting next_dagrun for example_complex to None, run_after=None
[2024-10-10T04:21:13.633+0000] {processor.py:208} INFO - Processing /home/airflow/.local/lib/python3.12/site-packages/airflow/example_dags/example_complex.py took 0.048 seconds
[2024-10-10T05:14:26.532+0000] {processor.py:186} INFO - Started process (PID=39369) to work on /home/airflow/.local/lib/python3.12/site-packages/airflow/example_dags/example_complex.py
[2024-10-10T05:14:26.533+0000] {processor.py:914} INFO - Processing file /home/airflow/.local/lib/python3.12/site-packages/airflow/example_dags/example_complex.py for tasks to queue
[2024-10-10T05:14:26.533+0000] {logging_mixin.py:190} INFO - [2024-10-10T05:14:26.533+0000] {dagbag.py:587} INFO - Filling up the DagBag from /home/airflow/.local/lib/python3.12/site-packages/airflow/example_dags/example_complex.py
[2024-10-10T05:14:26.540+0000] {processor.py:925} INFO - DAG(s) 'example_complex' retrieved from /home/airflow/.local/lib/python3.12/site-packages/airflow/example_dags/example_complex.py
[2024-10-10T05:14:26.553+0000] {logging_mixin.py:190} INFO - [2024-10-10T05:14:26.553+0000] {dag.py:3229} INFO - Sync 1 DAGs
[2024-10-10T05:14:26.560+0000] {logging_mixin.py:190} INFO - [2024-10-10T05:14:26.560+0000] {dag.py:4156} INFO - Setting next_dagrun for example_complex to None, run_after=None
[2024-10-10T05:14:26.567+0000] {processor.py:208} INFO - Processing /home/airflow/.local/lib/python3.12/site-packages/airflow/example_dags/example_complex.py took 0.038 seconds
[2024-10-10T05:47:23.628+0000] {processor.py:186} INFO - Started process (PID=39440) to work on /home/airflow/.local/lib/python3.12/site-packages/airflow/example_dags/example_complex.py
[2024-10-10T05:47:23.629+0000] {processor.py:914} INFO - Processing file /home/airflow/.local/lib/python3.12/site-packages/airflow/example_dags/example_complex.py for tasks to queue
[2024-10-10T05:47:23.630+0000] {logging_mixin.py:190} INFO - [2024-10-10T05:47:23.630+0000] {dagbag.py:587} INFO - Filling up the DagBag from /home/airflow/.local/lib/python3.12/site-packages/airflow/example_dags/example_complex.py
[2024-10-10T05:47:23.638+0000] {processor.py:925} INFO - DAG(s) 'example_complex' retrieved from /home/airflow/.local/lib/python3.12/site-packages/airflow/example_dags/example_complex.py
[2024-10-10T05:47:23.661+0000] {logging_mixin.py:190} INFO - [2024-10-10T05:47:23.661+0000] {dag.py:3229} INFO - Sync 1 DAGs
[2024-10-10T05:47:23.669+0000] {logging_mixin.py:190} INFO - [2024-10-10T05:47:23.669+0000] {dag.py:4156} INFO - Setting next_dagrun for example_complex to None, run_after=None
[2024-10-10T05:47:23.679+0000] {processor.py:208} INFO - Processing /home/airflow/.local/lib/python3.12/site-packages/airflow/example_dags/example_complex.py took 0.055 seconds
[2024-10-10T06:39:44.029+0000] {processor.py:186} INFO - Started process (PID=39511) to work on /home/airflow/.local/lib/python3.12/site-packages/airflow/example_dags/example_complex.py
[2024-10-10T06:39:44.032+0000] {processor.py:914} INFO - Processing file /home/airflow/.local/lib/python3.12/site-packages/airflow/example_dags/example_complex.py for tasks to queue
[2024-10-10T06:39:44.033+0000] {logging_mixin.py:190} INFO - [2024-10-10T06:39:44.033+0000] {dagbag.py:587} INFO - Filling up the DagBag from /home/airflow/.local/lib/python3.12/site-packages/airflow/example_dags/example_complex.py
[2024-10-10T06:39:44.041+0000] {processor.py:925} INFO - DAG(s) 'example_complex' retrieved from /home/airflow/.local/lib/python3.12/site-packages/airflow/example_dags/example_complex.py
[2024-10-10T06:39:44.063+0000] {logging_mixin.py:190} INFO - [2024-10-10T06:39:44.063+0000] {dag.py:3229} INFO - Sync 1 DAGs
[2024-10-10T06:39:44.073+0000] {logging_mixin.py:190} INFO - [2024-10-10T06:39:44.073+0000] {dag.py:4156} INFO - Setting next_dagrun for example_complex to None, run_after=None
[2024-10-10T06:39:44.080+0000] {processor.py:208} INFO - Processing /home/airflow/.local/lib/python3.12/site-packages/airflow/example_dags/example_complex.py took 0.067 seconds
[2024-10-10T07:11:26.343+0000] {processor.py:186} INFO - Started process (PID=39582) to work on /home/airflow/.local/lib/python3.12/site-packages/airflow/example_dags/example_complex.py
[2024-10-10T07:11:26.344+0000] {processor.py:914} INFO - Processing file /home/airflow/.local/lib/python3.12/site-packages/airflow/example_dags/example_complex.py for tasks to queue
[2024-10-10T07:11:26.344+0000] {logging_mixin.py:190} INFO - [2024-10-10T07:11:26.344+0000] {dagbag.py:587} INFO - Filling up the DagBag from /home/airflow/.local/lib/python3.12/site-packages/airflow/example_dags/example_complex.py
[2024-10-10T07:11:26.357+0000] {processor.py:925} INFO - DAG(s) 'example_complex' retrieved from /home/airflow/.local/lib/python3.12/site-packages/airflow/example_dags/example_complex.py
[2024-10-10T07:11:26.382+0000] {logging_mixin.py:190} INFO - [2024-10-10T07:11:26.382+0000] {dag.py:3229} INFO - Sync 1 DAGs
[2024-10-10T07:11:26.391+0000] {logging_mixin.py:190} INFO - [2024-10-10T07:11:26.391+0000] {dag.py:4156} INFO - Setting next_dagrun for example_complex to None, run_after=None
[2024-10-10T07:11:26.400+0000] {processor.py:208} INFO - Processing /home/airflow/.local/lib/python3.12/site-packages/airflow/example_dags/example_complex.py took 0.060 seconds
[2024-10-10T07:39:20.314+0000] {processor.py:186} INFO - Started process (PID=39653) to work on /home/airflow/.local/lib/python3.12/site-packages/airflow/example_dags/example_complex.py
[2024-10-10T07:39:20.314+0000] {processor.py:914} INFO - Processing file /home/airflow/.local/lib/python3.12/site-packages/airflow/example_dags/example_complex.py for tasks to queue
[2024-10-10T07:39:20.315+0000] {logging_mixin.py:190} INFO - [2024-10-10T07:39:20.315+0000] {dagbag.py:587} INFO - Filling up the DagBag from /home/airflow/.local/lib/python3.12/site-packages/airflow/example_dags/example_complex.py
[2024-10-10T07:39:20.322+0000] {processor.py:925} INFO - DAG(s) 'example_complex' retrieved from /home/airflow/.local/lib/python3.12/site-packages/airflow/example_dags/example_complex.py
[2024-10-10T07:39:20.345+0000] {logging_mixin.py:190} INFO - [2024-10-10T07:39:20.345+0000] {dag.py:3229} INFO - Sync 1 DAGs
[2024-10-10T07:39:20.355+0000] {logging_mixin.py:190} INFO - [2024-10-10T07:39:20.355+0000] {dag.py:4156} INFO - Setting next_dagrun for example_complex to None, run_after=None
[2024-10-10T07:39:20.368+0000] {processor.py:208} INFO - Processing /home/airflow/.local/lib/python3.12/site-packages/airflow/example_dags/example_complex.py took 0.058 seconds
[2024-10-10T08:03:00.822+0000] {processor.py:186} INFO - Started process (PID=39724) to work on /home/airflow/.local/lib/python3.12/site-packages/airflow/example_dags/example_complex.py
[2024-10-10T08:03:00.823+0000] {processor.py:914} INFO - Processing file /home/airflow/.local/lib/python3.12/site-packages/airflow/example_dags/example_complex.py for tasks to queue
[2024-10-10T08:03:00.824+0000] {logging_mixin.py:190} INFO - [2024-10-10T08:03:00.823+0000] {dagbag.py:587} INFO - Filling up the DagBag from /home/airflow/.local/lib/python3.12/site-packages/airflow/example_dags/example_complex.py
[2024-10-10T08:03:00.830+0000] {processor.py:925} INFO - DAG(s) 'example_complex' retrieved from /home/airflow/.local/lib/python3.12/site-packages/airflow/example_dags/example_complex.py
[2024-10-10T08:03:00.848+0000] {logging_mixin.py:190} INFO - [2024-10-10T08:03:00.848+0000] {dag.py:3229} INFO - Sync 1 DAGs
[2024-10-10T08:03:00.856+0000] {logging_mixin.py:190} INFO - [2024-10-10T08:03:00.856+0000] {dag.py:4156} INFO - Setting next_dagrun for example_complex to None, run_after=None
[2024-10-10T08:03:00.868+0000] {processor.py:208} INFO - Processing /home/airflow/.local/lib/python3.12/site-packages/airflow/example_dags/example_complex.py took 0.050 seconds
[2024-10-10T08:12:07.051+0000] {processor.py:186} INFO - Started process (PID=39795) to work on /home/airflow/.local/lib/python3.12/site-packages/airflow/example_dags/example_complex.py
[2024-10-10T08:12:07.052+0000] {processor.py:914} INFO - Processing file /home/airflow/.local/lib/python3.12/site-packages/airflow/example_dags/example_complex.py for tasks to queue
[2024-10-10T08:12:07.053+0000] {logging_mixin.py:190} INFO - [2024-10-10T08:12:07.053+0000] {dagbag.py:587} INFO - Filling up the DagBag from /home/airflow/.local/lib/python3.12/site-packages/airflow/example_dags/example_complex.py
[2024-10-10T08:12:07.062+0000] {processor.py:925} INFO - DAG(s) 'example_complex' retrieved from /home/airflow/.local/lib/python3.12/site-packages/airflow/example_dags/example_complex.py
[2024-10-10T08:12:07.078+0000] {logging_mixin.py:190} INFO - [2024-10-10T08:12:07.078+0000] {dag.py:3229} INFO - Sync 1 DAGs
[2024-10-10T08:12:07.086+0000] {logging_mixin.py:190} INFO - [2024-10-10T08:12:07.086+0000] {dag.py:4156} INFO - Setting next_dagrun for example_complex to None, run_after=None
[2024-10-10T08:12:07.094+0000] {processor.py:208} INFO - Processing /home/airflow/.local/lib/python3.12/site-packages/airflow/example_dags/example_complex.py took 0.046 seconds
[2024-10-10T08:24:35.082+0000] {processor.py:186} INFO - Started process (PID=39865) to work on /home/airflow/.local/lib/python3.12/site-packages/airflow/example_dags/example_complex.py
[2024-10-10T08:24:35.083+0000] {processor.py:914} INFO - Processing file /home/airflow/.local/lib/python3.12/site-packages/airflow/example_dags/example_complex.py for tasks to queue
[2024-10-10T08:24:35.084+0000] {logging_mixin.py:190} INFO - [2024-10-10T08:24:35.083+0000] {dagbag.py:587} INFO - Filling up the DagBag from /home/airflow/.local/lib/python3.12/site-packages/airflow/example_dags/example_complex.py
[2024-10-10T08:24:35.091+0000] {processor.py:925} INFO - DAG(s) 'example_complex' retrieved from /home/airflow/.local/lib/python3.12/site-packages/airflow/example_dags/example_complex.py
[2024-10-10T08:24:35.108+0000] {logging_mixin.py:190} INFO - [2024-10-10T08:24:35.108+0000] {dag.py:3229} INFO - Sync 1 DAGs
[2024-10-10T08:24:35.116+0000] {logging_mixin.py:190} INFO - [2024-10-10T08:24:35.116+0000] {dag.py:4156} INFO - Setting next_dagrun for example_complex to None, run_after=None
[2024-10-10T08:24:35.125+0000] {processor.py:208} INFO - Processing /home/airflow/.local/lib/python3.12/site-packages/airflow/example_dags/example_complex.py took 0.047 seconds
[2024-10-10T08:25:05.810+0000] {processor.py:186} INFO - Started process (PID=39937) to work on /home/airflow/.local/lib/python3.12/site-packages/airflow/example_dags/example_complex.py
[2024-10-10T08:25:05.811+0000] {processor.py:914} INFO - Processing file /home/airflow/.local/lib/python3.12/site-packages/airflow/example_dags/example_complex.py for tasks to queue
[2024-10-10T08:25:05.813+0000] {logging_mixin.py:190} INFO - [2024-10-10T08:25:05.812+0000] {dagbag.py:587} INFO - Filling up the DagBag from /home/airflow/.local/lib/python3.12/site-packages/airflow/example_dags/example_complex.py
[2024-10-10T08:25:05.818+0000] {processor.py:925} INFO - DAG(s) 'example_complex' retrieved from /home/airflow/.local/lib/python3.12/site-packages/airflow/example_dags/example_complex.py
[2024-10-10T08:25:05.834+0000] {logging_mixin.py:190} INFO - [2024-10-10T08:25:05.834+0000] {dag.py:3229} INFO - Sync 1 DAGs
[2024-10-10T08:25:05.841+0000] {logging_mixin.py:190} INFO - [2024-10-10T08:25:05.841+0000] {dag.py:4156} INFO - Setting next_dagrun for example_complex to None, run_after=None
[2024-10-10T08:25:05.852+0000] {processor.py:208} INFO - Processing /home/airflow/.local/lib/python3.12/site-packages/airflow/example_dags/example_complex.py took 0.044 seconds
[2024-10-10T09:14:59.502+0000] {processor.py:186} INFO - Started process (PID=40008) to work on /home/airflow/.local/lib/python3.12/site-packages/airflow/example_dags/example_complex.py
[2024-10-10T09:14:59.504+0000] {processor.py:914} INFO - Processing file /home/airflow/.local/lib/python3.12/site-packages/airflow/example_dags/example_complex.py for tasks to queue
[2024-10-10T09:14:59.507+0000] {logging_mixin.py:190} INFO - [2024-10-10T09:14:59.507+0000] {dagbag.py:587} INFO - Filling up the DagBag from /home/airflow/.local/lib/python3.12/site-packages/airflow/example_dags/example_complex.py
[2024-10-10T09:14:59.520+0000] {processor.py:925} INFO - DAG(s) 'example_complex' retrieved from /home/airflow/.local/lib/python3.12/site-packages/airflow/example_dags/example_complex.py
[2024-10-10T09:14:59.545+0000] {logging_mixin.py:190} INFO - [2024-10-10T09:14:59.545+0000] {dag.py:3229} INFO - Sync 1 DAGs
[2024-10-10T09:14:59.555+0000] {logging_mixin.py:190} INFO - [2024-10-10T09:14:59.555+0000] {dag.py:4156} INFO - Setting next_dagrun for example_complex to None, run_after=None
[2024-10-10T09:14:59.564+0000] {processor.py:208} INFO - Processing /home/airflow/.local/lib/python3.12/site-packages/airflow/example_dags/example_complex.py took 0.075 seconds
[2024-10-10T10:21:19.776+0000] {processor.py:186} INFO - Started process (PID=40079) to work on /home/airflow/.local/lib/python3.12/site-packages/airflow/example_dags/example_complex.py
[2024-10-10T10:21:19.777+0000] {processor.py:914} INFO - Processing file /home/airflow/.local/lib/python3.12/site-packages/airflow/example_dags/example_complex.py for tasks to queue
[2024-10-10T10:21:19.778+0000] {logging_mixin.py:190} INFO - [2024-10-10T10:21:19.778+0000] {dagbag.py:587} INFO - Filling up the DagBag from /home/airflow/.local/lib/python3.12/site-packages/airflow/example_dags/example_complex.py
[2024-10-10T10:21:19.784+0000] {processor.py:925} INFO - DAG(s) 'example_complex' retrieved from /home/airflow/.local/lib/python3.12/site-packages/airflow/example_dags/example_complex.py
[2024-10-10T10:21:19.798+0000] {logging_mixin.py:190} INFO - [2024-10-10T10:21:19.797+0000] {dag.py:3229} INFO - Sync 1 DAGs
[2024-10-10T10:21:19.804+0000] {logging_mixin.py:190} INFO - [2024-10-10T10:21:19.804+0000] {dag.py:4156} INFO - Setting next_dagrun for example_complex to None, run_after=None
[2024-10-10T10:21:19.810+0000] {processor.py:208} INFO - Processing /home/airflow/.local/lib/python3.12/site-packages/airflow/example_dags/example_complex.py took 0.038 seconds
[2024-10-10T10:44:16.488+0000] {processor.py:186} INFO - Started process (PID=40150) to work on /home/airflow/.local/lib/python3.12/site-packages/airflow/example_dags/example_complex.py
[2024-10-10T10:44:16.489+0000] {processor.py:914} INFO - Processing file /home/airflow/.local/lib/python3.12/site-packages/airflow/example_dags/example_complex.py for tasks to queue
[2024-10-10T10:44:16.490+0000] {logging_mixin.py:190} INFO - [2024-10-10T10:44:16.490+0000] {dagbag.py:587} INFO - Filling up the DagBag from /home/airflow/.local/lib/python3.12/site-packages/airflow/example_dags/example_complex.py
[2024-10-10T10:44:16.502+0000] {processor.py:925} INFO - DAG(s) 'example_complex' retrieved from /home/airflow/.local/lib/python3.12/site-packages/airflow/example_dags/example_complex.py
[2024-10-10T10:44:16.527+0000] {logging_mixin.py:190} INFO - [2024-10-10T10:44:16.527+0000] {dag.py:3229} INFO - Sync 1 DAGs
[2024-10-10T10:44:16.538+0000] {logging_mixin.py:190} INFO - [2024-10-10T10:44:16.538+0000] {dag.py:4156} INFO - Setting next_dagrun for example_complex to None, run_after=None
[2024-10-10T10:44:16.548+0000] {processor.py:208} INFO - Processing /home/airflow/.local/lib/python3.12/site-packages/airflow/example_dags/example_complex.py took 0.064 seconds
[2024-10-10T11:15:59.177+0000] {processor.py:186} INFO - Started process (PID=40221) to work on /home/airflow/.local/lib/python3.12/site-packages/airflow/example_dags/example_complex.py
[2024-10-10T11:15:59.178+0000] {processor.py:914} INFO - Processing file /home/airflow/.local/lib/python3.12/site-packages/airflow/example_dags/example_complex.py for tasks to queue
[2024-10-10T11:15:59.179+0000] {logging_mixin.py:190} INFO - [2024-10-10T11:15:59.179+0000] {dagbag.py:587} INFO - Filling up the DagBag from /home/airflow/.local/lib/python3.12/site-packages/airflow/example_dags/example_complex.py
[2024-10-10T11:15:59.185+0000] {processor.py:925} INFO - DAG(s) 'example_complex' retrieved from /home/airflow/.local/lib/python3.12/site-packages/airflow/example_dags/example_complex.py
[2024-10-10T11:15:59.200+0000] {logging_mixin.py:190} INFO - [2024-10-10T11:15:59.200+0000] {dag.py:3229} INFO - Sync 1 DAGs
[2024-10-10T11:15:59.207+0000] {logging_mixin.py:190} INFO - [2024-10-10T11:15:59.207+0000] {dag.py:4156} INFO - Setting next_dagrun for example_complex to None, run_after=None
[2024-10-10T11:15:59.214+0000] {processor.py:208} INFO - Processing /home/airflow/.local/lib/python3.12/site-packages/airflow/example_dags/example_complex.py took 0.040 seconds
[2024-10-10T11:16:29.775+0000] {processor.py:186} INFO - Started process (PID=40292) to work on /home/airflow/.local/lib/python3.12/site-packages/airflow/example_dags/example_complex.py
[2024-10-10T11:16:29.776+0000] {processor.py:914} INFO - Processing file /home/airflow/.local/lib/python3.12/site-packages/airflow/example_dags/example_complex.py for tasks to queue
[2024-10-10T11:16:29.777+0000] {logging_mixin.py:190} INFO - [2024-10-10T11:16:29.777+0000] {dagbag.py:587} INFO - Filling up the DagBag from /home/airflow/.local/lib/python3.12/site-packages/airflow/example_dags/example_complex.py
[2024-10-10T11:16:29.784+0000] {processor.py:925} INFO - DAG(s) 'example_complex' retrieved from /home/airflow/.local/lib/python3.12/site-packages/airflow/example_dags/example_complex.py
[2024-10-10T11:16:29.798+0000] {logging_mixin.py:190} INFO - [2024-10-10T11:16:29.798+0000] {dag.py:3229} INFO - Sync 1 DAGs
[2024-10-10T11:16:29.805+0000] {logging_mixin.py:190} INFO - [2024-10-10T11:16:29.805+0000] {dag.py:4156} INFO - Setting next_dagrun for example_complex to None, run_after=None
[2024-10-10T11:16:29.814+0000] {processor.py:208} INFO - Processing /home/airflow/.local/lib/python3.12/site-packages/airflow/example_dags/example_complex.py took 0.042 seconds
[2024-10-10T12:21:23.677+0000] {processor.py:186} INFO - Started process (PID=40363) to work on /home/airflow/.local/lib/python3.12/site-packages/airflow/example_dags/example_complex.py
[2024-10-10T12:21:23.679+0000] {processor.py:914} INFO - Processing file /home/airflow/.local/lib/python3.12/site-packages/airflow/example_dags/example_complex.py for tasks to queue
[2024-10-10T12:21:23.680+0000] {logging_mixin.py:190} INFO - [2024-10-10T12:21:23.679+0000] {dagbag.py:587} INFO - Filling up the DagBag from /home/airflow/.local/lib/python3.12/site-packages/airflow/example_dags/example_complex.py
[2024-10-10T12:21:23.687+0000] {processor.py:925} INFO - DAG(s) 'example_complex' retrieved from /home/airflow/.local/lib/python3.12/site-packages/airflow/example_dags/example_complex.py
[2024-10-10T12:21:23.701+0000] {logging_mixin.py:190} INFO - [2024-10-10T12:21:23.701+0000] {dag.py:3229} INFO - Sync 1 DAGs
[2024-10-10T12:21:23.708+0000] {logging_mixin.py:190} INFO - [2024-10-10T12:21:23.708+0000] {dag.py:4156} INFO - Setting next_dagrun for example_complex to None, run_after=None
[2024-10-10T12:21:23.716+0000] {processor.py:208} INFO - Processing /home/airflow/.local/lib/python3.12/site-packages/airflow/example_dags/example_complex.py took 0.044 seconds
[2024-10-10T12:50:53.491+0000] {processor.py:186} INFO - Started process (PID=40433) to work on /home/airflow/.local/lib/python3.12/site-packages/airflow/example_dags/example_complex.py
[2024-10-10T12:50:53.492+0000] {processor.py:914} INFO - Processing file /home/airflow/.local/lib/python3.12/site-packages/airflow/example_dags/example_complex.py for tasks to queue
[2024-10-10T12:50:53.493+0000] {logging_mixin.py:190} INFO - [2024-10-10T12:50:53.493+0000] {dagbag.py:587} INFO - Filling up the DagBag from /home/airflow/.local/lib/python3.12/site-packages/airflow/example_dags/example_complex.py
[2024-10-10T12:50:53.499+0000] {processor.py:925} INFO - DAG(s) 'example_complex' retrieved from /home/airflow/.local/lib/python3.12/site-packages/airflow/example_dags/example_complex.py
[2024-10-10T12:50:53.512+0000] {logging_mixin.py:190} INFO - [2024-10-10T12:50:53.512+0000] {dag.py:3229} INFO - Sync 1 DAGs
[2024-10-10T12:50:53.518+0000] {logging_mixin.py:190} INFO - [2024-10-10T12:50:53.518+0000] {dag.py:4156} INFO - Setting next_dagrun for example_complex to None, run_after=None
[2024-10-10T12:50:53.525+0000] {processor.py:208} INFO - Processing /home/airflow/.local/lib/python3.12/site-packages/airflow/example_dags/example_complex.py took 0.038 seconds
[2024-10-10T13:08:20.742+0000] {processor.py:186} INFO - Started process (PID=40504) to work on /home/airflow/.local/lib/python3.12/site-packages/airflow/example_dags/example_complex.py
[2024-10-10T13:08:20.743+0000] {processor.py:914} INFO - Processing file /home/airflow/.local/lib/python3.12/site-packages/airflow/example_dags/example_complex.py for tasks to queue
[2024-10-10T13:08:20.744+0000] {logging_mixin.py:190} INFO - [2024-10-10T13:08:20.744+0000] {dagbag.py:587} INFO - Filling up the DagBag from /home/airflow/.local/lib/python3.12/site-packages/airflow/example_dags/example_complex.py
[2024-10-10T13:08:20.751+0000] {processor.py:925} INFO - DAG(s) 'example_complex' retrieved from /home/airflow/.local/lib/python3.12/site-packages/airflow/example_dags/example_complex.py
[2024-10-10T13:08:20.766+0000] {logging_mixin.py:190} INFO - [2024-10-10T13:08:20.766+0000] {dag.py:3229} INFO - Sync 1 DAGs
[2024-10-10T13:08:20.774+0000] {logging_mixin.py:190} INFO - [2024-10-10T13:08:20.774+0000] {dag.py:4156} INFO - Setting next_dagrun for example_complex to None, run_after=None
[2024-10-10T13:08:20.781+0000] {processor.py:208} INFO - Processing /home/airflow/.local/lib/python3.12/site-packages/airflow/example_dags/example_complex.py took 0.043 seconds
[2024-10-10T13:51:04.856+0000] {processor.py:186} INFO - Started process (PID=40575) to work on /home/airflow/.local/lib/python3.12/site-packages/airflow/example_dags/example_complex.py
[2024-10-10T13:51:04.858+0000] {processor.py:914} INFO - Processing file /home/airflow/.local/lib/python3.12/site-packages/airflow/example_dags/example_complex.py for tasks to queue
[2024-10-10T13:51:04.860+0000] {logging_mixin.py:190} INFO - [2024-10-10T13:51:04.859+0000] {dagbag.py:587} INFO - Filling up the DagBag from /home/airflow/.local/lib/python3.12/site-packages/airflow/example_dags/example_complex.py
[2024-10-10T13:51:04.867+0000] {processor.py:925} INFO - DAG(s) 'example_complex' retrieved from /home/airflow/.local/lib/python3.12/site-packages/airflow/example_dags/example_complex.py
[2024-10-10T13:51:04.885+0000] {logging_mixin.py:190} INFO - [2024-10-10T13:51:04.885+0000] {dag.py:3229} INFO - Sync 1 DAGs
[2024-10-10T13:51:04.894+0000] {logging_mixin.py:190} INFO - [2024-10-10T13:51:04.894+0000] {dag.py:4156} INFO - Setting next_dagrun for example_complex to None, run_after=None
[2024-10-10T13:51:04.912+0000] {processor.py:208} INFO - Processing /home/airflow/.local/lib/python3.12/site-packages/airflow/example_dags/example_complex.py took 0.061 seconds
[2024-10-10T14:18:18.738+0000] {processor.py:186} INFO - Started process (PID=40646) to work on /home/airflow/.local/lib/python3.12/site-packages/airflow/example_dags/example_complex.py
[2024-10-10T14:18:18.741+0000] {processor.py:914} INFO - Processing file /home/airflow/.local/lib/python3.12/site-packages/airflow/example_dags/example_complex.py for tasks to queue
[2024-10-10T14:18:18.741+0000] {logging_mixin.py:190} INFO - [2024-10-10T14:18:18.741+0000] {dagbag.py:587} INFO - Filling up the DagBag from /home/airflow/.local/lib/python3.12/site-packages/airflow/example_dags/example_complex.py
[2024-10-10T14:18:18.752+0000] {processor.py:925} INFO - DAG(s) 'example_complex' retrieved from /home/airflow/.local/lib/python3.12/site-packages/airflow/example_dags/example_complex.py
[2024-10-10T14:18:18.776+0000] {logging_mixin.py:190} INFO - [2024-10-10T14:18:18.776+0000] {dag.py:3229} INFO - Sync 1 DAGs
[2024-10-10T14:18:18.783+0000] {logging_mixin.py:190} INFO - [2024-10-10T14:18:18.783+0000] {dag.py:4156} INFO - Setting next_dagrun for example_complex to None, run_after=None
[2024-10-10T14:18:18.796+0000] {processor.py:208} INFO - Processing /home/airflow/.local/lib/python3.12/site-packages/airflow/example_dags/example_complex.py took 0.063 seconds
[2024-10-10T14:50:17.976+0000] {processor.py:186} INFO - Started process (PID=40717) to work on /home/airflow/.local/lib/python3.12/site-packages/airflow/example_dags/example_complex.py
[2024-10-10T14:50:17.978+0000] {processor.py:914} INFO - Processing file /home/airflow/.local/lib/python3.12/site-packages/airflow/example_dags/example_complex.py for tasks to queue
[2024-10-10T14:50:17.979+0000] {logging_mixin.py:190} INFO - [2024-10-10T14:50:17.979+0000] {dagbag.py:587} INFO - Filling up the DagBag from /home/airflow/.local/lib/python3.12/site-packages/airflow/example_dags/example_complex.py
[2024-10-10T14:50:17.985+0000] {processor.py:925} INFO - DAG(s) 'example_complex' retrieved from /home/airflow/.local/lib/python3.12/site-packages/airflow/example_dags/example_complex.py
[2024-10-10T14:50:18.003+0000] {logging_mixin.py:190} INFO - [2024-10-10T14:50:18.003+0000] {dag.py:3229} INFO - Sync 1 DAGs
[2024-10-10T14:50:18.011+0000] {logging_mixin.py:190} INFO - [2024-10-10T14:50:18.010+0000] {dag.py:4156} INFO - Setting next_dagrun for example_complex to None, run_after=None
[2024-10-10T14:50:18.022+0000] {processor.py:208} INFO - Processing /home/airflow/.local/lib/python3.12/site-packages/airflow/example_dags/example_complex.py took 0.050 seconds
[2024-10-10T15:19:03.326+0000] {processor.py:186} INFO - Started process (PID=40788) to work on /home/airflow/.local/lib/python3.12/site-packages/airflow/example_dags/example_complex.py
[2024-10-10T15:19:03.327+0000] {processor.py:914} INFO - Processing file /home/airflow/.local/lib/python3.12/site-packages/airflow/example_dags/example_complex.py for tasks to queue
[2024-10-10T15:19:03.328+0000] {logging_mixin.py:190} INFO - [2024-10-10T15:19:03.328+0000] {dagbag.py:587} INFO - Filling up the DagBag from /home/airflow/.local/lib/python3.12/site-packages/airflow/example_dags/example_complex.py
[2024-10-10T15:19:03.334+0000] {processor.py:925} INFO - DAG(s) 'example_complex' retrieved from /home/airflow/.local/lib/python3.12/site-packages/airflow/example_dags/example_complex.py
[2024-10-10T15:19:03.347+0000] {logging_mixin.py:190} INFO - [2024-10-10T15:19:03.347+0000] {dag.py:3229} INFO - Sync 1 DAGs
[2024-10-10T15:19:03.353+0000] {logging_mixin.py:190} INFO - [2024-10-10T15:19:03.353+0000] {dag.py:4156} INFO - Setting next_dagrun for example_complex to None, run_after=None
[2024-10-10T15:19:03.360+0000] {processor.py:208} INFO - Processing /home/airflow/.local/lib/python3.12/site-packages/airflow/example_dags/example_complex.py took 0.037 seconds
[2024-10-10T15:50:11.489+0000] {processor.py:186} INFO - Started process (PID=40859) to work on /home/airflow/.local/lib/python3.12/site-packages/airflow/example_dags/example_complex.py
[2024-10-10T15:50:11.491+0000] {processor.py:914} INFO - Processing file /home/airflow/.local/lib/python3.12/site-packages/airflow/example_dags/example_complex.py for tasks to queue
[2024-10-10T15:50:11.492+0000] {logging_mixin.py:190} INFO - [2024-10-10T15:50:11.492+0000] {dagbag.py:587} INFO - Filling up the DagBag from /home/airflow/.local/lib/python3.12/site-packages/airflow/example_dags/example_complex.py
[2024-10-10T15:50:11.511+0000] {processor.py:925} INFO - DAG(s) 'example_complex' retrieved from /home/airflow/.local/lib/python3.12/site-packages/airflow/example_dags/example_complex.py
[2024-10-10T15:50:11.535+0000] {logging_mixin.py:190} INFO - [2024-10-10T15:50:11.535+0000] {dag.py:3229} INFO - Sync 1 DAGs
[2024-10-10T15:50:11.548+0000] {logging_mixin.py:190} INFO - [2024-10-10T15:50:11.548+0000] {dag.py:4156} INFO - Setting next_dagrun for example_complex to None, run_after=None
[2024-10-10T15:50:11.563+0000] {processor.py:208} INFO - Processing /home/airflow/.local/lib/python3.12/site-packages/airflow/example_dags/example_complex.py took 0.078 seconds
[2024-10-10T16:36:39.642+0000] {processor.py:186} INFO - Started process (PID=40930) to work on /home/airflow/.local/lib/python3.12/site-packages/airflow/example_dags/example_complex.py
[2024-10-10T16:36:39.643+0000] {processor.py:914} INFO - Processing file /home/airflow/.local/lib/python3.12/site-packages/airflow/example_dags/example_complex.py for tasks to queue
[2024-10-10T16:36:39.644+0000] {logging_mixin.py:190} INFO - [2024-10-10T16:36:39.643+0000] {dagbag.py:587} INFO - Filling up the DagBag from /home/airflow/.local/lib/python3.12/site-packages/airflow/example_dags/example_complex.py
[2024-10-10T16:36:39.650+0000] {processor.py:925} INFO - DAG(s) 'example_complex' retrieved from /home/airflow/.local/lib/python3.12/site-packages/airflow/example_dags/example_complex.py
[2024-10-10T16:36:39.666+0000] {logging_mixin.py:190} INFO - [2024-10-10T16:36:39.666+0000] {dag.py:3229} INFO - Sync 1 DAGs
[2024-10-10T16:36:39.673+0000] {logging_mixin.py:190} INFO - [2024-10-10T16:36:39.673+0000] {dag.py:4156} INFO - Setting next_dagrun for example_complex to None, run_after=None
[2024-10-10T16:36:39.683+0000] {processor.py:208} INFO - Processing /home/airflow/.local/lib/python3.12/site-packages/airflow/example_dags/example_complex.py took 0.044 seconds
[2024-10-10T16:45:48.015+0000] {processor.py:186} INFO - Started process (PID=41001) to work on /home/airflow/.local/lib/python3.12/site-packages/airflow/example_dags/example_complex.py
[2024-10-10T16:45:48.017+0000] {processor.py:914} INFO - Processing file /home/airflow/.local/lib/python3.12/site-packages/airflow/example_dags/example_complex.py for tasks to queue
[2024-10-10T16:45:48.019+0000] {logging_mixin.py:190} INFO - [2024-10-10T16:45:48.019+0000] {dagbag.py:587} INFO - Filling up the DagBag from /home/airflow/.local/lib/python3.12/site-packages/airflow/example_dags/example_complex.py
[2024-10-10T16:45:48.028+0000] {processor.py:925} INFO - DAG(s) 'example_complex' retrieved from /home/airflow/.local/lib/python3.12/site-packages/airflow/example_dags/example_complex.py
[2024-10-10T16:45:48.052+0000] {logging_mixin.py:190} INFO - [2024-10-10T16:45:48.052+0000] {dag.py:3229} INFO - Sync 1 DAGs
[2024-10-10T16:45:48.061+0000] {logging_mixin.py:190} INFO - [2024-10-10T16:45:48.061+0000] {dag.py:4156} INFO - Setting next_dagrun for example_complex to None, run_after=None
[2024-10-10T16:45:48.071+0000] {processor.py:208} INFO - Processing /home/airflow/.local/lib/python3.12/site-packages/airflow/example_dags/example_complex.py took 0.065 seconds
[2024-10-10T17:20:02.730+0000] {processor.py:186} INFO - Started process (PID=41071) to work on /home/airflow/.local/lib/python3.12/site-packages/airflow/example_dags/example_complex.py
[2024-10-10T17:20:02.730+0000] {processor.py:914} INFO - Processing file /home/airflow/.local/lib/python3.12/site-packages/airflow/example_dags/example_complex.py for tasks to queue
[2024-10-10T17:20:02.731+0000] {logging_mixin.py:190} INFO - [2024-10-10T17:20:02.731+0000] {dagbag.py:587} INFO - Filling up the DagBag from /home/airflow/.local/lib/python3.12/site-packages/airflow/example_dags/example_complex.py
[2024-10-10T17:20:02.737+0000] {processor.py:925} INFO - DAG(s) 'example_complex' retrieved from /home/airflow/.local/lib/python3.12/site-packages/airflow/example_dags/example_complex.py
[2024-10-10T17:20:02.752+0000] {logging_mixin.py:190} INFO - [2024-10-10T17:20:02.752+0000] {dag.py:3229} INFO - Sync 1 DAGs
[2024-10-10T17:20:02.759+0000] {logging_mixin.py:190} INFO - [2024-10-10T17:20:02.759+0000] {dag.py:4156} INFO - Setting next_dagrun for example_complex to None, run_after=None
[2024-10-10T17:20:02.769+0000] {processor.py:208} INFO - Processing /home/airflow/.local/lib/python3.12/site-packages/airflow/example_dags/example_complex.py took 0.043 seconds
[2024-10-10T18:21:02.643+0000] {processor.py:186} INFO - Started process (PID=41142) to work on /home/airflow/.local/lib/python3.12/site-packages/airflow/example_dags/example_complex.py
[2024-10-10T18:21:02.644+0000] {processor.py:914} INFO - Processing file /home/airflow/.local/lib/python3.12/site-packages/airflow/example_dags/example_complex.py for tasks to queue
[2024-10-10T18:21:02.645+0000] {logging_mixin.py:190} INFO - [2024-10-10T18:21:02.645+0000] {dagbag.py:587} INFO - Filling up the DagBag from /home/airflow/.local/lib/python3.12/site-packages/airflow/example_dags/example_complex.py
[2024-10-10T18:21:02.651+0000] {processor.py:925} INFO - DAG(s) 'example_complex' retrieved from /home/airflow/.local/lib/python3.12/site-packages/airflow/example_dags/example_complex.py
[2024-10-10T18:21:02.664+0000] {logging_mixin.py:190} INFO - [2024-10-10T18:21:02.664+0000] {dag.py:3229} INFO - Sync 1 DAGs
[2024-10-10T18:21:02.670+0000] {logging_mixin.py:190} INFO - [2024-10-10T18:21:02.670+0000] {dag.py:4156} INFO - Setting next_dagrun for example_complex to None, run_after=None
[2024-10-10T18:21:02.677+0000] {processor.py:208} INFO - Processing /home/airflow/.local/lib/python3.12/site-packages/airflow/example_dags/example_complex.py took 0.037 seconds
[2024-10-10T18:38:28.795+0000] {processor.py:186} INFO - Started process (PID=41213) to work on /home/airflow/.local/lib/python3.12/site-packages/airflow/example_dags/example_complex.py
[2024-10-10T18:38:28.796+0000] {processor.py:914} INFO - Processing file /home/airflow/.local/lib/python3.12/site-packages/airflow/example_dags/example_complex.py for tasks to queue
[2024-10-10T18:38:28.796+0000] {logging_mixin.py:190} INFO - [2024-10-10T18:38:28.796+0000] {dagbag.py:587} INFO - Filling up the DagBag from /home/airflow/.local/lib/python3.12/site-packages/airflow/example_dags/example_complex.py
[2024-10-10T18:38:28.803+0000] {processor.py:925} INFO - DAG(s) 'example_complex' retrieved from /home/airflow/.local/lib/python3.12/site-packages/airflow/example_dags/example_complex.py
[2024-10-10T18:38:28.817+0000] {logging_mixin.py:190} INFO - [2024-10-10T18:38:28.817+0000] {dag.py:3229} INFO - Sync 1 DAGs
[2024-10-10T18:38:28.824+0000] {logging_mixin.py:190} INFO - [2024-10-10T18:38:28.824+0000] {dag.py:4156} INFO - Setting next_dagrun for example_complex to None, run_after=None
[2024-10-10T18:38:28.831+0000] {processor.py:208} INFO - Processing /home/airflow/.local/lib/python3.12/site-packages/airflow/example_dags/example_complex.py took 0.040 seconds
[2024-10-10T19:39:12.796+0000] {processor.py:186} INFO - Started process (PID=41284) to work on /home/airflow/.local/lib/python3.12/site-packages/airflow/example_dags/example_complex.py
[2024-10-10T19:39:12.796+0000] {processor.py:914} INFO - Processing file /home/airflow/.local/lib/python3.12/site-packages/airflow/example_dags/example_complex.py for tasks to queue
[2024-10-10T19:39:12.797+0000] {logging_mixin.py:190} INFO - [2024-10-10T19:39:12.797+0000] {dagbag.py:587} INFO - Filling up the DagBag from /home/airflow/.local/lib/python3.12/site-packages/airflow/example_dags/example_complex.py
[2024-10-10T19:39:12.803+0000] {processor.py:925} INFO - DAG(s) 'example_complex' retrieved from /home/airflow/.local/lib/python3.12/site-packages/airflow/example_dags/example_complex.py
[2024-10-10T19:39:12.818+0000] {logging_mixin.py:190} INFO - [2024-10-10T19:39:12.818+0000] {dag.py:3229} INFO - Sync 1 DAGs
[2024-10-10T19:39:12.825+0000] {logging_mixin.py:190} INFO - [2024-10-10T19:39:12.825+0000] {dag.py:4156} INFO - Setting next_dagrun for example_complex to None, run_after=None
[2024-10-10T19:39:12.833+0000] {processor.py:208} INFO - Processing /home/airflow/.local/lib/python3.12/site-packages/airflow/example_dags/example_complex.py took 0.040 seconds
[2024-10-10T20:23:17.136+0000] {processor.py:186} INFO - Started process (PID=41355) to work on /home/airflow/.local/lib/python3.12/site-packages/airflow/example_dags/example_complex.py
[2024-10-10T20:23:17.138+0000] {processor.py:914} INFO - Processing file /home/airflow/.local/lib/python3.12/site-packages/airflow/example_dags/example_complex.py for tasks to queue
[2024-10-10T20:23:17.139+0000] {logging_mixin.py:190} INFO - [2024-10-10T20:23:17.139+0000] {dagbag.py:587} INFO - Filling up the DagBag from /home/airflow/.local/lib/python3.12/site-packages/airflow/example_dags/example_complex.py
[2024-10-10T20:23:17.150+0000] {processor.py:925} INFO - DAG(s) 'example_complex' retrieved from /home/airflow/.local/lib/python3.12/site-packages/airflow/example_dags/example_complex.py
[2024-10-10T20:23:17.175+0000] {logging_mixin.py:190} INFO - [2024-10-10T20:23:17.175+0000] {dag.py:3229} INFO - Sync 1 DAGs
[2024-10-10T20:23:17.186+0000] {logging_mixin.py:190} INFO - [2024-10-10T20:23:17.185+0000] {dag.py:4156} INFO - Setting next_dagrun for example_complex to None, run_after=None
[2024-10-10T20:23:17.218+0000] {processor.py:208} INFO - Processing /home/airflow/.local/lib/python3.12/site-packages/airflow/example_dags/example_complex.py took 0.086 seconds
[2024-10-10T20:54:21.777+0000] {processor.py:186} INFO - Started process (PID=41426) to work on /home/airflow/.local/lib/python3.12/site-packages/airflow/example_dags/example_complex.py
[2024-10-10T20:54:21.778+0000] {processor.py:914} INFO - Processing file /home/airflow/.local/lib/python3.12/site-packages/airflow/example_dags/example_complex.py for tasks to queue
[2024-10-10T20:54:21.779+0000] {logging_mixin.py:190} INFO - [2024-10-10T20:54:21.779+0000] {dagbag.py:587} INFO - Filling up the DagBag from /home/airflow/.local/lib/python3.12/site-packages/airflow/example_dags/example_complex.py
[2024-10-10T20:54:21.785+0000] {processor.py:925} INFO - DAG(s) 'example_complex' retrieved from /home/airflow/.local/lib/python3.12/site-packages/airflow/example_dags/example_complex.py
[2024-10-10T20:54:21.800+0000] {logging_mixin.py:190} INFO - [2024-10-10T20:54:21.800+0000] {dag.py:3229} INFO - Sync 1 DAGs
[2024-10-10T20:54:21.807+0000] {logging_mixin.py:190} INFO - [2024-10-10T20:54:21.807+0000] {dag.py:4156} INFO - Setting next_dagrun for example_complex to None, run_after=None
[2024-10-10T20:54:21.815+0000] {processor.py:208} INFO - Processing /home/airflow/.local/lib/python3.12/site-packages/airflow/example_dags/example_complex.py took 0.041 seconds
[2024-10-10T21:24:09.730+0000] {processor.py:186} INFO - Started process (PID=41497) to work on /home/airflow/.local/lib/python3.12/site-packages/airflow/example_dags/example_complex.py
[2024-10-10T21:24:09.732+0000] {processor.py:914} INFO - Processing file /home/airflow/.local/lib/python3.12/site-packages/airflow/example_dags/example_complex.py for tasks to queue
[2024-10-10T21:24:09.734+0000] {logging_mixin.py:190} INFO - [2024-10-10T21:24:09.733+0000] {dagbag.py:587} INFO - Filling up the DagBag from /home/airflow/.local/lib/python3.12/site-packages/airflow/example_dags/example_complex.py
[2024-10-10T21:24:09.740+0000] {processor.py:925} INFO - DAG(s) 'example_complex' retrieved from /home/airflow/.local/lib/python3.12/site-packages/airflow/example_dags/example_complex.py
[2024-10-10T21:24:09.757+0000] {logging_mixin.py:190} INFO - [2024-10-10T21:24:09.757+0000] {dag.py:3229} INFO - Sync 1 DAGs
[2024-10-10T21:24:09.763+0000] {logging_mixin.py:190} INFO - [2024-10-10T21:24:09.763+0000] {dag.py:4156} INFO - Setting next_dagrun for example_complex to None, run_after=None
[2024-10-10T21:24:09.774+0000] {processor.py:208} INFO - Processing /home/airflow/.local/lib/python3.12/site-packages/airflow/example_dags/example_complex.py took 0.048 seconds
[2024-10-10T21:24:40.171+0000] {processor.py:186} INFO - Started process (PID=41568) to work on /home/airflow/.local/lib/python3.12/site-packages/airflow/example_dags/example_complex.py
[2024-10-10T21:24:40.172+0000] {processor.py:914} INFO - Processing file /home/airflow/.local/lib/python3.12/site-packages/airflow/example_dags/example_complex.py for tasks to queue
[2024-10-10T21:24:40.174+0000] {logging_mixin.py:190} INFO - [2024-10-10T21:24:40.174+0000] {dagbag.py:587} INFO - Filling up the DagBag from /home/airflow/.local/lib/python3.12/site-packages/airflow/example_dags/example_complex.py
[2024-10-10T21:24:40.182+0000] {processor.py:925} INFO - DAG(s) 'example_complex' retrieved from /home/airflow/.local/lib/python3.12/site-packages/airflow/example_dags/example_complex.py
[2024-10-10T21:24:40.199+0000] {logging_mixin.py:190} INFO - [2024-10-10T21:24:40.199+0000] {dag.py:3229} INFO - Sync 1 DAGs
[2024-10-10T21:24:40.208+0000] {logging_mixin.py:190} INFO - [2024-10-10T21:24:40.208+0000] {dag.py:4156} INFO - Setting next_dagrun for example_complex to None, run_after=None
[2024-10-10T21:24:40.219+0000] {processor.py:208} INFO - Processing /home/airflow/.local/lib/python3.12/site-packages/airflow/example_dags/example_complex.py took 0.051 seconds
[2024-10-10T21:43:36.994+0000] {processor.py:186} INFO - Started process (PID=41639) to work on /home/airflow/.local/lib/python3.12/site-packages/airflow/example_dags/example_complex.py
[2024-10-10T21:43:36.995+0000] {processor.py:914} INFO - Processing file /home/airflow/.local/lib/python3.12/site-packages/airflow/example_dags/example_complex.py for tasks to queue
[2024-10-10T21:43:36.996+0000] {logging_mixin.py:190} INFO - [2024-10-10T21:43:36.996+0000] {dagbag.py:587} INFO - Filling up the DagBag from /home/airflow/.local/lib/python3.12/site-packages/airflow/example_dags/example_complex.py
[2024-10-10T21:43:37.004+0000] {processor.py:925} INFO - DAG(s) 'example_complex' retrieved from /home/airflow/.local/lib/python3.12/site-packages/airflow/example_dags/example_complex.py
[2024-10-10T21:43:37.042+0000] {logging_mixin.py:190} INFO - [2024-10-10T21:43:37.041+0000] {dag.py:3229} INFO - Sync 1 DAGs
[2024-10-10T21:43:37.051+0000] {logging_mixin.py:190} INFO - [2024-10-10T21:43:37.051+0000] {dag.py:4156} INFO - Setting next_dagrun for example_complex to None, run_after=None
[2024-10-10T21:43:37.067+0000] {processor.py:208} INFO - Processing /home/airflow/.local/lib/python3.12/site-packages/airflow/example_dags/example_complex.py took 0.077 seconds
[2024-10-10T22:17:49.993+0000] {processor.py:186} INFO - Started process (PID=41710) to work on /home/airflow/.local/lib/python3.12/site-packages/airflow/example_dags/example_complex.py
[2024-10-10T22:17:49.995+0000] {processor.py:914} INFO - Processing file /home/airflow/.local/lib/python3.12/site-packages/airflow/example_dags/example_complex.py for tasks to queue
[2024-10-10T22:17:49.997+0000] {logging_mixin.py:190} INFO - [2024-10-10T22:17:49.997+0000] {dagbag.py:587} INFO - Filling up the DagBag from /home/airflow/.local/lib/python3.12/site-packages/airflow/example_dags/example_complex.py
[2024-10-10T22:17:50.009+0000] {processor.py:925} INFO - DAG(s) 'example_complex' retrieved from /home/airflow/.local/lib/python3.12/site-packages/airflow/example_dags/example_complex.py
[2024-10-10T22:17:50.033+0000] {logging_mixin.py:190} INFO - [2024-10-10T22:17:50.033+0000] {dag.py:3229} INFO - Sync 1 DAGs
[2024-10-10T22:17:50.041+0000] {logging_mixin.py:190} INFO - [2024-10-10T22:17:50.040+0000] {dag.py:4156} INFO - Setting next_dagrun for example_complex to None, run_after=None
[2024-10-10T22:17:50.051+0000] {processor.py:208} INFO - Processing /home/airflow/.local/lib/python3.12/site-packages/airflow/example_dags/example_complex.py took 0.067 seconds
[2024-10-10T22:46:10.711+0000] {processor.py:186} INFO - Started process (PID=41781) to work on /home/airflow/.local/lib/python3.12/site-packages/airflow/example_dags/example_complex.py
[2024-10-10T22:46:10.713+0000] {processor.py:914} INFO - Processing file /home/airflow/.local/lib/python3.12/site-packages/airflow/example_dags/example_complex.py for tasks to queue
[2024-10-10T22:46:10.715+0000] {logging_mixin.py:190} INFO - [2024-10-10T22:46:10.715+0000] {dagbag.py:587} INFO - Filling up the DagBag from /home/airflow/.local/lib/python3.12/site-packages/airflow/example_dags/example_complex.py
[2024-10-10T22:46:10.721+0000] {processor.py:925} INFO - DAG(s) 'example_complex' retrieved from /home/airflow/.local/lib/python3.12/site-packages/airflow/example_dags/example_complex.py
[2024-10-10T22:46:10.747+0000] {logging_mixin.py:190} INFO - [2024-10-10T22:46:10.747+0000] {dag.py:3229} INFO - Sync 1 DAGs
[2024-10-10T22:46:10.762+0000] {logging_mixin.py:190} INFO - [2024-10-10T22:46:10.762+0000] {dag.py:4156} INFO - Setting next_dagrun for example_complex to None, run_after=None
[2024-10-10T22:46:10.784+0000] {processor.py:208} INFO - Processing /home/airflow/.local/lib/python3.12/site-packages/airflow/example_dags/example_complex.py took 0.076 seconds
[2024-10-10T23:26:21.729+0000] {processor.py:186} INFO - Started process (PID=41852) to work on /home/airflow/.local/lib/python3.12/site-packages/airflow/example_dags/example_complex.py
[2024-10-10T23:26:21.730+0000] {processor.py:914} INFO - Processing file /home/airflow/.local/lib/python3.12/site-packages/airflow/example_dags/example_complex.py for tasks to queue
[2024-10-10T23:26:21.732+0000] {logging_mixin.py:190} INFO - [2024-10-10T23:26:21.731+0000] {dagbag.py:587} INFO - Filling up the DagBag from /home/airflow/.local/lib/python3.12/site-packages/airflow/example_dags/example_complex.py
[2024-10-10T23:26:21.742+0000] {processor.py:925} INFO - DAG(s) 'example_complex' retrieved from /home/airflow/.local/lib/python3.12/site-packages/airflow/example_dags/example_complex.py
[2024-10-10T23:26:21.767+0000] {logging_mixin.py:190} INFO - [2024-10-10T23:26:21.767+0000] {dag.py:3229} INFO - Sync 1 DAGs
[2024-10-10T23:26:21.782+0000] {logging_mixin.py:190} INFO - [2024-10-10T23:26:21.782+0000] {dag.py:4156} INFO - Setting next_dagrun for example_complex to None, run_after=None
[2024-10-10T23:26:21.792+0000] {processor.py:208} INFO - Processing /home/airflow/.local/lib/python3.12/site-packages/airflow/example_dags/example_complex.py took 0.071 seconds
