[2024-10-10T00:11:42.237+0000] {processor.py:186} INFO - Started process (PID=38858) to work on /home/airflow/.local/lib/python3.12/site-packages/airflow/example_dags/example_local_kubernetes_executor.py
[2024-10-10T00:11:42.238+0000] {processor.py:914} INFO - Processing file /home/airflow/.local/lib/python3.12/site-packages/airflow/example_dags/example_local_kubernetes_executor.py for tasks to queue
[2024-10-10T00:11:42.239+0000] {logging_mixin.py:190} INFO - [2024-10-10T00:11:42.238+0000] {dagbag.py:587} INFO - Filling up the DagBag from /home/airflow/.local/lib/python3.12/site-packages/airflow/example_dags/example_local_kubernetes_executor.py
[2024-10-10T00:11:42.247+0000] {processor.py:925} INFO - DAG(s) 'example_local_kubernetes_executor' retrieved from /home/airflow/.local/lib/python3.12/site-packages/airflow/example_dags/example_local_kubernetes_executor.py
[2024-10-10T00:11:42.275+0000] {logging_mixin.py:190} INFO - [2024-10-10T00:11:42.275+0000] {dag.py:3229} INFO - Sync 1 DAGs
[2024-10-10T00:11:42.286+0000] {logging_mixin.py:190} INFO - [2024-10-10T00:11:42.286+0000] {dag.py:4156} INFO - Setting next_dagrun for example_local_kubernetes_executor to None, run_after=None
[2024-10-10T00:11:42.299+0000] {processor.py:208} INFO - Processing /home/airflow/.local/lib/python3.12/site-packages/airflow/example_dags/example_local_kubernetes_executor.py took 0.066 seconds
[2024-10-10T01:18:09.002+0000] {processor.py:186} INFO - Started process (PID=38929) to work on /home/airflow/.local/lib/python3.12/site-packages/airflow/example_dags/example_local_kubernetes_executor.py
[2024-10-10T01:18:09.003+0000] {processor.py:914} INFO - Processing file /home/airflow/.local/lib/python3.12/site-packages/airflow/example_dags/example_local_kubernetes_executor.py for tasks to queue
[2024-10-10T01:18:09.004+0000] {logging_mixin.py:190} INFO - [2024-10-10T01:18:09.003+0000] {dagbag.py:587} INFO - Filling up the DagBag from /home/airflow/.local/lib/python3.12/site-packages/airflow/example_dags/example_local_kubernetes_executor.py
[2024-10-10T01:18:09.012+0000] {processor.py:925} INFO - DAG(s) 'example_local_kubernetes_executor' retrieved from /home/airflow/.local/lib/python3.12/site-packages/airflow/example_dags/example_local_kubernetes_executor.py
[2024-10-10T01:18:09.031+0000] {logging_mixin.py:190} INFO - [2024-10-10T01:18:09.031+0000] {dag.py:3229} INFO - Sync 1 DAGs
[2024-10-10T01:18:09.039+0000] {logging_mixin.py:190} INFO - [2024-10-10T01:18:09.038+0000] {dag.py:4156} INFO - Setting next_dagrun for example_local_kubernetes_executor to None, run_after=None
[2024-10-10T01:18:09.052+0000] {processor.py:208} INFO - Processing /home/airflow/.local/lib/python3.12/site-packages/airflow/example_dags/example_local_kubernetes_executor.py took 0.054 seconds
[2024-10-10T01:52:18.510+0000] {processor.py:186} INFO - Started process (PID=39000) to work on /home/airflow/.local/lib/python3.12/site-packages/airflow/example_dags/example_local_kubernetes_executor.py
[2024-10-10T01:52:18.510+0000] {processor.py:914} INFO - Processing file /home/airflow/.local/lib/python3.12/site-packages/airflow/example_dags/example_local_kubernetes_executor.py for tasks to queue
[2024-10-10T01:52:18.511+0000] {logging_mixin.py:190} INFO - [2024-10-10T01:52:18.511+0000] {dagbag.py:587} INFO - Filling up the DagBag from /home/airflow/.local/lib/python3.12/site-packages/airflow/example_dags/example_local_kubernetes_executor.py
[2024-10-10T01:52:18.519+0000] {processor.py:925} INFO - DAG(s) 'example_local_kubernetes_executor' retrieved from /home/airflow/.local/lib/python3.12/site-packages/airflow/example_dags/example_local_kubernetes_executor.py
[2024-10-10T01:52:18.541+0000] {logging_mixin.py:190} INFO - [2024-10-10T01:52:18.541+0000] {dag.py:3229} INFO - Sync 1 DAGs
[2024-10-10T01:52:18.550+0000] {logging_mixin.py:190} INFO - [2024-10-10T01:52:18.549+0000] {dag.py:4156} INFO - Setting next_dagrun for example_local_kubernetes_executor to None, run_after=None
[2024-10-10T01:52:18.559+0000] {processor.py:208} INFO - Processing /home/airflow/.local/lib/python3.12/site-packages/airflow/example_dags/example_local_kubernetes_executor.py took 0.053 seconds
[2024-10-10T02:19:10.750+0000] {processor.py:186} INFO - Started process (PID=39071) to work on /home/airflow/.local/lib/python3.12/site-packages/airflow/example_dags/example_local_kubernetes_executor.py
[2024-10-10T02:19:10.751+0000] {processor.py:914} INFO - Processing file /home/airflow/.local/lib/python3.12/site-packages/airflow/example_dags/example_local_kubernetes_executor.py for tasks to queue
[2024-10-10T02:19:10.751+0000] {logging_mixin.py:190} INFO - [2024-10-10T02:19:10.751+0000] {dagbag.py:587} INFO - Filling up the DagBag from /home/airflow/.local/lib/python3.12/site-packages/airflow/example_dags/example_local_kubernetes_executor.py
[2024-10-10T02:19:10.758+0000] {processor.py:925} INFO - DAG(s) 'example_local_kubernetes_executor' retrieved from /home/airflow/.local/lib/python3.12/site-packages/airflow/example_dags/example_local_kubernetes_executor.py
[2024-10-10T02:19:10.769+0000] {logging_mixin.py:190} INFO - [2024-10-10T02:19:10.769+0000] {dag.py:3229} INFO - Sync 1 DAGs
[2024-10-10T02:19:10.778+0000] {logging_mixin.py:190} INFO - [2024-10-10T02:19:10.777+0000] {dag.py:4156} INFO - Setting next_dagrun for example_local_kubernetes_executor to None, run_after=None
[2024-10-10T02:19:10.793+0000] {processor.py:208} INFO - Processing /home/airflow/.local/lib/python3.12/site-packages/airflow/example_dags/example_local_kubernetes_executor.py took 0.047 seconds
[2024-10-10T03:09:36.286+0000] {processor.py:186} INFO - Started process (PID=39142) to work on /home/airflow/.local/lib/python3.12/site-packages/airflow/example_dags/example_local_kubernetes_executor.py
[2024-10-10T03:09:36.287+0000] {processor.py:914} INFO - Processing file /home/airflow/.local/lib/python3.12/site-packages/airflow/example_dags/example_local_kubernetes_executor.py for tasks to queue
[2024-10-10T03:09:36.288+0000] {logging_mixin.py:190} INFO - [2024-10-10T03:09:36.287+0000] {dagbag.py:587} INFO - Filling up the DagBag from /home/airflow/.local/lib/python3.12/site-packages/airflow/example_dags/example_local_kubernetes_executor.py
[2024-10-10T03:09:36.295+0000] {processor.py:925} INFO - DAG(s) 'example_local_kubernetes_executor' retrieved from /home/airflow/.local/lib/python3.12/site-packages/airflow/example_dags/example_local_kubernetes_executor.py
[2024-10-10T03:09:36.310+0000] {logging_mixin.py:190} INFO - [2024-10-10T03:09:36.309+0000] {dag.py:3229} INFO - Sync 1 DAGs
[2024-10-10T03:09:36.318+0000] {logging_mixin.py:190} INFO - [2024-10-10T03:09:36.318+0000] {dag.py:4156} INFO - Setting next_dagrun for example_local_kubernetes_executor to None, run_after=None
[2024-10-10T03:09:36.328+0000] {processor.py:208} INFO - Processing /home/airflow/.local/lib/python3.12/site-packages/airflow/example_dags/example_local_kubernetes_executor.py took 0.045 seconds
[2024-10-10T03:56:58.396+0000] {processor.py:186} INFO - Started process (PID=39212) to work on /home/airflow/.local/lib/python3.12/site-packages/airflow/example_dags/example_local_kubernetes_executor.py
[2024-10-10T03:56:58.396+0000] {processor.py:914} INFO - Processing file /home/airflow/.local/lib/python3.12/site-packages/airflow/example_dags/example_local_kubernetes_executor.py for tasks to queue
[2024-10-10T03:56:58.397+0000] {logging_mixin.py:190} INFO - [2024-10-10T03:56:58.397+0000] {dagbag.py:587} INFO - Filling up the DagBag from /home/airflow/.local/lib/python3.12/site-packages/airflow/example_dags/example_local_kubernetes_executor.py
[2024-10-10T03:56:58.402+0000] {processor.py:925} INFO - DAG(s) 'example_local_kubernetes_executor' retrieved from /home/airflow/.local/lib/python3.12/site-packages/airflow/example_dags/example_local_kubernetes_executor.py
[2024-10-10T03:56:58.416+0000] {logging_mixin.py:190} INFO - [2024-10-10T03:56:58.416+0000] {dag.py:3229} INFO - Sync 1 DAGs
[2024-10-10T03:56:58.423+0000] {logging_mixin.py:190} INFO - [2024-10-10T03:56:58.423+0000] {dag.py:4156} INFO - Setting next_dagrun for example_local_kubernetes_executor to None, run_after=None
[2024-10-10T03:56:58.432+0000] {processor.py:208} INFO - Processing /home/airflow/.local/lib/python3.12/site-packages/airflow/example_dags/example_local_kubernetes_executor.py took 0.040 seconds
[2024-10-10T04:21:13.014+0000] {processor.py:186} INFO - Started process (PID=39282) to work on /home/airflow/.local/lib/python3.12/site-packages/airflow/example_dags/example_local_kubernetes_executor.py
[2024-10-10T04:21:13.019+0000] {processor.py:914} INFO - Processing file /home/airflow/.local/lib/python3.12/site-packages/airflow/example_dags/example_local_kubernetes_executor.py for tasks to queue
[2024-10-10T04:21:13.019+0000] {logging_mixin.py:190} INFO - [2024-10-10T04:21:13.019+0000] {dagbag.py:587} INFO - Filling up the DagBag from /home/airflow/.local/lib/python3.12/site-packages/airflow/example_dags/example_local_kubernetes_executor.py
[2024-10-10T04:21:13.028+0000] {processor.py:925} INFO - DAG(s) 'example_local_kubernetes_executor' retrieved from /home/airflow/.local/lib/python3.12/site-packages/airflow/example_dags/example_local_kubernetes_executor.py
[2024-10-10T04:21:13.053+0000] {logging_mixin.py:190} INFO - [2024-10-10T04:21:13.052+0000] {dag.py:3229} INFO - Sync 1 DAGs
[2024-10-10T04:21:13.059+0000] {logging_mixin.py:190} INFO - [2024-10-10T04:21:13.059+0000] {dag.py:4156} INFO - Setting next_dagrun for example_local_kubernetes_executor to None, run_after=None
[2024-10-10T04:21:13.067+0000] {processor.py:208} INFO - Processing /home/airflow/.local/lib/python3.12/site-packages/airflow/example_dags/example_local_kubernetes_executor.py took 0.056 seconds
[2024-10-10T05:14:26.013+0000] {processor.py:186} INFO - Started process (PID=39353) to work on /home/airflow/.local/lib/python3.12/site-packages/airflow/example_dags/example_local_kubernetes_executor.py
[2024-10-10T05:14:26.014+0000] {processor.py:914} INFO - Processing file /home/airflow/.local/lib/python3.12/site-packages/airflow/example_dags/example_local_kubernetes_executor.py for tasks to queue
[2024-10-10T05:14:26.015+0000] {logging_mixin.py:190} INFO - [2024-10-10T05:14:26.015+0000] {dagbag.py:587} INFO - Filling up the DagBag from /home/airflow/.local/lib/python3.12/site-packages/airflow/example_dags/example_local_kubernetes_executor.py
[2024-10-10T05:14:26.025+0000] {processor.py:925} INFO - DAG(s) 'example_local_kubernetes_executor' retrieved from /home/airflow/.local/lib/python3.12/site-packages/airflow/example_dags/example_local_kubernetes_executor.py
[2024-10-10T05:14:26.040+0000] {logging_mixin.py:190} INFO - [2024-10-10T05:14:26.039+0000] {dag.py:3229} INFO - Sync 1 DAGs
[2024-10-10T05:14:26.046+0000] {logging_mixin.py:190} INFO - [2024-10-10T05:14:26.046+0000] {dag.py:4156} INFO - Setting next_dagrun for example_local_kubernetes_executor to None, run_after=None
[2024-10-10T05:14:26.056+0000] {processor.py:208} INFO - Processing /home/airflow/.local/lib/python3.12/site-packages/airflow/example_dags/example_local_kubernetes_executor.py took 0.047 seconds
[2024-10-10T05:47:22.988+0000] {processor.py:186} INFO - Started process (PID=39424) to work on /home/airflow/.local/lib/python3.12/site-packages/airflow/example_dags/example_local_kubernetes_executor.py
[2024-10-10T05:47:22.989+0000] {processor.py:914} INFO - Processing file /home/airflow/.local/lib/python3.12/site-packages/airflow/example_dags/example_local_kubernetes_executor.py for tasks to queue
[2024-10-10T05:47:22.989+0000] {logging_mixin.py:190} INFO - [2024-10-10T05:47:22.989+0000] {dagbag.py:587} INFO - Filling up the DagBag from /home/airflow/.local/lib/python3.12/site-packages/airflow/example_dags/example_local_kubernetes_executor.py
[2024-10-10T05:47:22.997+0000] {processor.py:925} INFO - DAG(s) 'example_local_kubernetes_executor' retrieved from /home/airflow/.local/lib/python3.12/site-packages/airflow/example_dags/example_local_kubernetes_executor.py
[2024-10-10T05:47:23.011+0000] {logging_mixin.py:190} INFO - [2024-10-10T05:47:23.011+0000] {dag.py:3229} INFO - Sync 1 DAGs
[2024-10-10T05:47:23.017+0000] {logging_mixin.py:190} INFO - [2024-10-10T05:47:23.017+0000] {dag.py:4156} INFO - Setting next_dagrun for example_local_kubernetes_executor to None, run_after=None
[2024-10-10T05:47:23.025+0000] {processor.py:208} INFO - Processing /home/airflow/.local/lib/python3.12/site-packages/airflow/example_dags/example_local_kubernetes_executor.py took 0.040 seconds
[2024-10-10T06:39:43.159+0000] {processor.py:186} INFO - Started process (PID=39495) to work on /home/airflow/.local/lib/python3.12/site-packages/airflow/example_dags/example_local_kubernetes_executor.py
[2024-10-10T06:39:43.160+0000] {processor.py:914} INFO - Processing file /home/airflow/.local/lib/python3.12/site-packages/airflow/example_dags/example_local_kubernetes_executor.py for tasks to queue
[2024-10-10T06:39:43.162+0000] {logging_mixin.py:190} INFO - [2024-10-10T06:39:43.162+0000] {dagbag.py:587} INFO - Filling up the DagBag from /home/airflow/.local/lib/python3.12/site-packages/airflow/example_dags/example_local_kubernetes_executor.py
[2024-10-10T06:39:43.174+0000] {processor.py:925} INFO - DAG(s) 'example_local_kubernetes_executor' retrieved from /home/airflow/.local/lib/python3.12/site-packages/airflow/example_dags/example_local_kubernetes_executor.py
[2024-10-10T06:39:43.194+0000] {logging_mixin.py:190} INFO - [2024-10-10T06:39:43.194+0000] {dag.py:3229} INFO - Sync 1 DAGs
[2024-10-10T06:39:43.205+0000] {logging_mixin.py:190} INFO - [2024-10-10T06:39:43.204+0000] {dag.py:4156} INFO - Setting next_dagrun for example_local_kubernetes_executor to None, run_after=None
[2024-10-10T06:39:43.227+0000] {processor.py:208} INFO - Processing /home/airflow/.local/lib/python3.12/site-packages/airflow/example_dags/example_local_kubernetes_executor.py took 0.072 seconds
[2024-10-10T07:11:25.679+0000] {processor.py:186} INFO - Started process (PID=39566) to work on /home/airflow/.local/lib/python3.12/site-packages/airflow/example_dags/example_local_kubernetes_executor.py
[2024-10-10T07:11:25.680+0000] {processor.py:914} INFO - Processing file /home/airflow/.local/lib/python3.12/site-packages/airflow/example_dags/example_local_kubernetes_executor.py for tasks to queue
[2024-10-10T07:11:25.681+0000] {logging_mixin.py:190} INFO - [2024-10-10T07:11:25.681+0000] {dagbag.py:587} INFO - Filling up the DagBag from /home/airflow/.local/lib/python3.12/site-packages/airflow/example_dags/example_local_kubernetes_executor.py
[2024-10-10T07:11:25.688+0000] {processor.py:925} INFO - DAG(s) 'example_local_kubernetes_executor' retrieved from /home/airflow/.local/lib/python3.12/site-packages/airflow/example_dags/example_local_kubernetes_executor.py
[2024-10-10T07:11:25.702+0000] {logging_mixin.py:190} INFO - [2024-10-10T07:11:25.702+0000] {dag.py:3229} INFO - Sync 1 DAGs
[2024-10-10T07:11:25.709+0000] {logging_mixin.py:190} INFO - [2024-10-10T07:11:25.709+0000] {dag.py:4156} INFO - Setting next_dagrun for example_local_kubernetes_executor to None, run_after=None
[2024-10-10T07:11:25.719+0000] {processor.py:208} INFO - Processing /home/airflow/.local/lib/python3.12/site-packages/airflow/example_dags/example_local_kubernetes_executor.py took 0.045 seconds
[2024-10-10T07:39:19.616+0000] {processor.py:186} INFO - Started process (PID=39637) to work on /home/airflow/.local/lib/python3.12/site-packages/airflow/example_dags/example_local_kubernetes_executor.py
[2024-10-10T07:39:19.616+0000] {processor.py:914} INFO - Processing file /home/airflow/.local/lib/python3.12/site-packages/airflow/example_dags/example_local_kubernetes_executor.py for tasks to queue
[2024-10-10T07:39:19.617+0000] {logging_mixin.py:190} INFO - [2024-10-10T07:39:19.617+0000] {dagbag.py:587} INFO - Filling up the DagBag from /home/airflow/.local/lib/python3.12/site-packages/airflow/example_dags/example_local_kubernetes_executor.py
[2024-10-10T07:39:19.626+0000] {processor.py:925} INFO - DAG(s) 'example_local_kubernetes_executor' retrieved from /home/airflow/.local/lib/python3.12/site-packages/airflow/example_dags/example_local_kubernetes_executor.py
[2024-10-10T07:39:19.647+0000] {logging_mixin.py:190} INFO - [2024-10-10T07:39:19.647+0000] {dag.py:3229} INFO - Sync 1 DAGs
[2024-10-10T07:39:19.655+0000] {logging_mixin.py:190} INFO - [2024-10-10T07:39:19.655+0000] {dag.py:4156} INFO - Setting next_dagrun for example_local_kubernetes_executor to None, run_after=None
[2024-10-10T07:39:19.664+0000] {processor.py:208} INFO - Processing /home/airflow/.local/lib/python3.12/site-packages/airflow/example_dags/example_local_kubernetes_executor.py took 0.052 seconds
[2024-10-10T08:03:00.272+0000] {processor.py:186} INFO - Started process (PID=39708) to work on /home/airflow/.local/lib/python3.12/site-packages/airflow/example_dags/example_local_kubernetes_executor.py
[2024-10-10T08:03:00.273+0000] {processor.py:914} INFO - Processing file /home/airflow/.local/lib/python3.12/site-packages/airflow/example_dags/example_local_kubernetes_executor.py for tasks to queue
[2024-10-10T08:03:00.274+0000] {logging_mixin.py:190} INFO - [2024-10-10T08:03:00.274+0000] {dagbag.py:587} INFO - Filling up the DagBag from /home/airflow/.local/lib/python3.12/site-packages/airflow/example_dags/example_local_kubernetes_executor.py
[2024-10-10T08:03:00.281+0000] {processor.py:925} INFO - DAG(s) 'example_local_kubernetes_executor' retrieved from /home/airflow/.local/lib/python3.12/site-packages/airflow/example_dags/example_local_kubernetes_executor.py
[2024-10-10T08:03:00.297+0000] {logging_mixin.py:190} INFO - [2024-10-10T08:03:00.297+0000] {dag.py:3229} INFO - Sync 1 DAGs
[2024-10-10T08:03:00.304+0000] {logging_mixin.py:190} INFO - [2024-10-10T08:03:00.304+0000] {dag.py:4156} INFO - Setting next_dagrun for example_local_kubernetes_executor to None, run_after=None
[2024-10-10T08:03:00.312+0000] {processor.py:208} INFO - Processing /home/airflow/.local/lib/python3.12/site-packages/airflow/example_dags/example_local_kubernetes_executor.py took 0.044 seconds
[2024-10-10T08:12:06.321+0000] {processor.py:186} INFO - Started process (PID=39779) to work on /home/airflow/.local/lib/python3.12/site-packages/airflow/example_dags/example_local_kubernetes_executor.py
[2024-10-10T08:12:06.322+0000] {processor.py:914} INFO - Processing file /home/airflow/.local/lib/python3.12/site-packages/airflow/example_dags/example_local_kubernetes_executor.py for tasks to queue
[2024-10-10T08:12:06.324+0000] {logging_mixin.py:190} INFO - [2024-10-10T08:12:06.323+0000] {dagbag.py:587} INFO - Filling up the DagBag from /home/airflow/.local/lib/python3.12/site-packages/airflow/example_dags/example_local_kubernetes_executor.py
[2024-10-10T08:12:06.334+0000] {processor.py:925} INFO - DAG(s) 'example_local_kubernetes_executor' retrieved from /home/airflow/.local/lib/python3.12/site-packages/airflow/example_dags/example_local_kubernetes_executor.py
[2024-10-10T08:12:06.349+0000] {logging_mixin.py:190} INFO - [2024-10-10T08:12:06.349+0000] {dag.py:3229} INFO - Sync 1 DAGs
[2024-10-10T08:12:06.357+0000] {logging_mixin.py:190} INFO - [2024-10-10T08:12:06.357+0000] {dag.py:4156} INFO - Setting next_dagrun for example_local_kubernetes_executor to None, run_after=None
[2024-10-10T08:12:06.365+0000] {processor.py:208} INFO - Processing /home/airflow/.local/lib/python3.12/site-packages/airflow/example_dags/example_local_kubernetes_executor.py took 0.052 seconds
[2024-10-10T08:24:34.420+0000] {processor.py:186} INFO - Started process (PID=39849) to work on /home/airflow/.local/lib/python3.12/site-packages/airflow/example_dags/example_local_kubernetes_executor.py
[2024-10-10T08:24:34.421+0000] {processor.py:914} INFO - Processing file /home/airflow/.local/lib/python3.12/site-packages/airflow/example_dags/example_local_kubernetes_executor.py for tasks to queue
[2024-10-10T08:24:34.421+0000] {logging_mixin.py:190} INFO - [2024-10-10T08:24:34.421+0000] {dagbag.py:587} INFO - Filling up the DagBag from /home/airflow/.local/lib/python3.12/site-packages/airflow/example_dags/example_local_kubernetes_executor.py
[2024-10-10T08:24:34.428+0000] {processor.py:925} INFO - DAG(s) 'example_local_kubernetes_executor' retrieved from /home/airflow/.local/lib/python3.12/site-packages/airflow/example_dags/example_local_kubernetes_executor.py
[2024-10-10T08:24:34.441+0000] {logging_mixin.py:190} INFO - [2024-10-10T08:24:34.441+0000] {dag.py:3229} INFO - Sync 1 DAGs
[2024-10-10T08:24:34.449+0000] {logging_mixin.py:190} INFO - [2024-10-10T08:24:34.449+0000] {dag.py:4156} INFO - Setting next_dagrun for example_local_kubernetes_executor to None, run_after=None
[2024-10-10T08:24:34.461+0000] {processor.py:208} INFO - Processing /home/airflow/.local/lib/python3.12/site-packages/airflow/example_dags/example_local_kubernetes_executor.py took 0.044 seconds
[2024-10-10T08:25:05.261+0000] {processor.py:186} INFO - Started process (PID=39921) to work on /home/airflow/.local/lib/python3.12/site-packages/airflow/example_dags/example_local_kubernetes_executor.py
[2024-10-10T08:25:05.265+0000] {processor.py:914} INFO - Processing file /home/airflow/.local/lib/python3.12/site-packages/airflow/example_dags/example_local_kubernetes_executor.py for tasks to queue
[2024-10-10T08:25:05.266+0000] {logging_mixin.py:190} INFO - [2024-10-10T08:25:05.265+0000] {dagbag.py:587} INFO - Filling up the DagBag from /home/airflow/.local/lib/python3.12/site-packages/airflow/example_dags/example_local_kubernetes_executor.py
[2024-10-10T08:25:05.272+0000] {processor.py:925} INFO - DAG(s) 'example_local_kubernetes_executor' retrieved from /home/airflow/.local/lib/python3.12/site-packages/airflow/example_dags/example_local_kubernetes_executor.py
[2024-10-10T08:25:05.286+0000] {logging_mixin.py:190} INFO - [2024-10-10T08:25:05.285+0000] {dag.py:3229} INFO - Sync 1 DAGs
[2024-10-10T08:25:05.292+0000] {logging_mixin.py:190} INFO - [2024-10-10T08:25:05.292+0000] {dag.py:4156} INFO - Setting next_dagrun for example_local_kubernetes_executor to None, run_after=None
[2024-10-10T08:25:05.299+0000] {processor.py:208} INFO - Processing /home/airflow/.local/lib/python3.12/site-packages/airflow/example_dags/example_local_kubernetes_executor.py took 0.041 seconds
[2024-10-10T09:14:58.724+0000] {processor.py:186} INFO - Started process (PID=39992) to work on /home/airflow/.local/lib/python3.12/site-packages/airflow/example_dags/example_local_kubernetes_executor.py
[2024-10-10T09:14:58.725+0000] {processor.py:914} INFO - Processing file /home/airflow/.local/lib/python3.12/site-packages/airflow/example_dags/example_local_kubernetes_executor.py for tasks to queue
[2024-10-10T09:14:58.726+0000] {logging_mixin.py:190} INFO - [2024-10-10T09:14:58.726+0000] {dagbag.py:587} INFO - Filling up the DagBag from /home/airflow/.local/lib/python3.12/site-packages/airflow/example_dags/example_local_kubernetes_executor.py
[2024-10-10T09:14:58.732+0000] {processor.py:925} INFO - DAG(s) 'example_local_kubernetes_executor' retrieved from /home/airflow/.local/lib/python3.12/site-packages/airflow/example_dags/example_local_kubernetes_executor.py
[2024-10-10T09:14:58.753+0000] {logging_mixin.py:190} INFO - [2024-10-10T09:14:58.753+0000] {dag.py:3229} INFO - Sync 1 DAGs
[2024-10-10T09:14:58.763+0000] {logging_mixin.py:190} INFO - [2024-10-10T09:14:58.763+0000] {dag.py:4156} INFO - Setting next_dagrun for example_local_kubernetes_executor to None, run_after=None
[2024-10-10T09:14:58.771+0000] {processor.py:208} INFO - Processing /home/airflow/.local/lib/python3.12/site-packages/airflow/example_dags/example_local_kubernetes_executor.py took 0.050 seconds
[2024-10-10T10:21:19.246+0000] {processor.py:186} INFO - Started process (PID=40063) to work on /home/airflow/.local/lib/python3.12/site-packages/airflow/example_dags/example_local_kubernetes_executor.py
[2024-10-10T10:21:19.250+0000] {processor.py:914} INFO - Processing file /home/airflow/.local/lib/python3.12/site-packages/airflow/example_dags/example_local_kubernetes_executor.py for tasks to queue
[2024-10-10T10:21:19.251+0000] {logging_mixin.py:190} INFO - [2024-10-10T10:21:19.250+0000] {dagbag.py:587} INFO - Filling up the DagBag from /home/airflow/.local/lib/python3.12/site-packages/airflow/example_dags/example_local_kubernetes_executor.py
[2024-10-10T10:21:19.258+0000] {processor.py:925} INFO - DAG(s) 'example_local_kubernetes_executor' retrieved from /home/airflow/.local/lib/python3.12/site-packages/airflow/example_dags/example_local_kubernetes_executor.py
[2024-10-10T10:21:19.277+0000] {logging_mixin.py:190} INFO - [2024-10-10T10:21:19.276+0000] {dag.py:3229} INFO - Sync 1 DAGs
[2024-10-10T10:21:19.283+0000] {logging_mixin.py:190} INFO - [2024-10-10T10:21:19.283+0000] {dag.py:4156} INFO - Setting next_dagrun for example_local_kubernetes_executor to None, run_after=None
[2024-10-10T10:21:19.290+0000] {processor.py:208} INFO - Processing /home/airflow/.local/lib/python3.12/site-packages/airflow/example_dags/example_local_kubernetes_executor.py took 0.047 seconds
[2024-10-10T10:44:15.992+0000] {processor.py:186} INFO - Started process (PID=40134) to work on /home/airflow/.local/lib/python3.12/site-packages/airflow/example_dags/example_local_kubernetes_executor.py
[2024-10-10T10:44:15.996+0000] {processor.py:914} INFO - Processing file /home/airflow/.local/lib/python3.12/site-packages/airflow/example_dags/example_local_kubernetes_executor.py for tasks to queue
[2024-10-10T10:44:15.996+0000] {logging_mixin.py:190} INFO - [2024-10-10T10:44:15.996+0000] {dagbag.py:587} INFO - Filling up the DagBag from /home/airflow/.local/lib/python3.12/site-packages/airflow/example_dags/example_local_kubernetes_executor.py
[2024-10-10T10:44:16.010+0000] {processor.py:925} INFO - DAG(s) 'example_local_kubernetes_executor' retrieved from /home/airflow/.local/lib/python3.12/site-packages/airflow/example_dags/example_local_kubernetes_executor.py
[2024-10-10T10:44:16.024+0000] {logging_mixin.py:190} INFO - [2024-10-10T10:44:16.024+0000] {dag.py:3229} INFO - Sync 1 DAGs
[2024-10-10T10:44:16.031+0000] {logging_mixin.py:190} INFO - [2024-10-10T10:44:16.031+0000] {dag.py:4156} INFO - Setting next_dagrun for example_local_kubernetes_executor to None, run_after=None
[2024-10-10T10:44:16.039+0000] {processor.py:208} INFO - Processing /home/airflow/.local/lib/python3.12/site-packages/airflow/example_dags/example_local_kubernetes_executor.py took 0.050 seconds
[2024-10-10T11:15:58.597+0000] {processor.py:186} INFO - Started process (PID=40205) to work on /home/airflow/.local/lib/python3.12/site-packages/airflow/example_dags/example_local_kubernetes_executor.py
[2024-10-10T11:15:58.598+0000] {processor.py:914} INFO - Processing file /home/airflow/.local/lib/python3.12/site-packages/airflow/example_dags/example_local_kubernetes_executor.py for tasks to queue
[2024-10-10T11:15:58.600+0000] {logging_mixin.py:190} INFO - [2024-10-10T11:15:58.600+0000] {dagbag.py:587} INFO - Filling up the DagBag from /home/airflow/.local/lib/python3.12/site-packages/airflow/example_dags/example_local_kubernetes_executor.py
[2024-10-10T11:15:58.607+0000] {processor.py:925} INFO - DAG(s) 'example_local_kubernetes_executor' retrieved from /home/airflow/.local/lib/python3.12/site-packages/airflow/example_dags/example_local_kubernetes_executor.py
[2024-10-10T11:15:58.623+0000] {logging_mixin.py:190} INFO - [2024-10-10T11:15:58.623+0000] {dag.py:3229} INFO - Sync 1 DAGs
[2024-10-10T11:15:58.634+0000] {logging_mixin.py:190} INFO - [2024-10-10T11:15:58.633+0000] {dag.py:4156} INFO - Setting next_dagrun for example_local_kubernetes_executor to None, run_after=None
[2024-10-10T11:15:58.642+0000] {processor.py:208} INFO - Processing /home/airflow/.local/lib/python3.12/site-packages/airflow/example_dags/example_local_kubernetes_executor.py took 0.048 seconds
[2024-10-10T11:16:29.210+0000] {processor.py:186} INFO - Started process (PID=40276) to work on /home/airflow/.local/lib/python3.12/site-packages/airflow/example_dags/example_local_kubernetes_executor.py
[2024-10-10T11:16:29.210+0000] {processor.py:914} INFO - Processing file /home/airflow/.local/lib/python3.12/site-packages/airflow/example_dags/example_local_kubernetes_executor.py for tasks to queue
[2024-10-10T11:16:29.211+0000] {logging_mixin.py:190} INFO - [2024-10-10T11:16:29.211+0000] {dagbag.py:587} INFO - Filling up the DagBag from /home/airflow/.local/lib/python3.12/site-packages/airflow/example_dags/example_local_kubernetes_executor.py
[2024-10-10T11:16:29.221+0000] {processor.py:925} INFO - DAG(s) 'example_local_kubernetes_executor' retrieved from /home/airflow/.local/lib/python3.12/site-packages/airflow/example_dags/example_local_kubernetes_executor.py
[2024-10-10T11:16:29.239+0000] {logging_mixin.py:190} INFO - [2024-10-10T11:16:29.238+0000] {dag.py:3229} INFO - Sync 1 DAGs
[2024-10-10T11:16:29.246+0000] {logging_mixin.py:190} INFO - [2024-10-10T11:16:29.246+0000] {dag.py:4156} INFO - Setting next_dagrun for example_local_kubernetes_executor to None, run_after=None
[2024-10-10T11:16:29.259+0000] {processor.py:208} INFO - Processing /home/airflow/.local/lib/python3.12/site-packages/airflow/example_dags/example_local_kubernetes_executor.py took 0.054 seconds
[2024-10-10T12:21:23.098+0000] {processor.py:186} INFO - Started process (PID=40347) to work on /home/airflow/.local/lib/python3.12/site-packages/airflow/example_dags/example_local_kubernetes_executor.py
[2024-10-10T12:21:23.099+0000] {processor.py:914} INFO - Processing file /home/airflow/.local/lib/python3.12/site-packages/airflow/example_dags/example_local_kubernetes_executor.py for tasks to queue
[2024-10-10T12:21:23.100+0000] {logging_mixin.py:190} INFO - [2024-10-10T12:21:23.100+0000] {dagbag.py:587} INFO - Filling up the DagBag from /home/airflow/.local/lib/python3.12/site-packages/airflow/example_dags/example_local_kubernetes_executor.py
[2024-10-10T12:21:23.109+0000] {processor.py:925} INFO - DAG(s) 'example_local_kubernetes_executor' retrieved from /home/airflow/.local/lib/python3.12/site-packages/airflow/example_dags/example_local_kubernetes_executor.py
[2024-10-10T12:21:23.124+0000] {logging_mixin.py:190} INFO - [2024-10-10T12:21:23.124+0000] {dag.py:3229} INFO - Sync 1 DAGs
[2024-10-10T12:21:23.132+0000] {logging_mixin.py:190} INFO - [2024-10-10T12:21:23.132+0000] {dag.py:4156} INFO - Setting next_dagrun for example_local_kubernetes_executor to None, run_after=None
[2024-10-10T12:21:23.142+0000] {processor.py:208} INFO - Processing /home/airflow/.local/lib/python3.12/site-packages/airflow/example_dags/example_local_kubernetes_executor.py took 0.049 seconds
[2024-10-10T12:50:52.910+0000] {processor.py:186} INFO - Started process (PID=40417) to work on /home/airflow/.local/lib/python3.12/site-packages/airflow/example_dags/example_local_kubernetes_executor.py
[2024-10-10T12:50:52.910+0000] {processor.py:914} INFO - Processing file /home/airflow/.local/lib/python3.12/site-packages/airflow/example_dags/example_local_kubernetes_executor.py for tasks to queue
[2024-10-10T12:50:52.911+0000] {logging_mixin.py:190} INFO - [2024-10-10T12:50:52.911+0000] {dagbag.py:587} INFO - Filling up the DagBag from /home/airflow/.local/lib/python3.12/site-packages/airflow/example_dags/example_local_kubernetes_executor.py
[2024-10-10T12:50:52.916+0000] {processor.py:925} INFO - DAG(s) 'example_local_kubernetes_executor' retrieved from /home/airflow/.local/lib/python3.12/site-packages/airflow/example_dags/example_local_kubernetes_executor.py
[2024-10-10T12:50:52.927+0000] {logging_mixin.py:190} INFO - [2024-10-10T12:50:52.926+0000] {dag.py:3229} INFO - Sync 1 DAGs
[2024-10-10T12:50:52.933+0000] {logging_mixin.py:190} INFO - [2024-10-10T12:50:52.933+0000] {dag.py:4156} INFO - Setting next_dagrun for example_local_kubernetes_executor to None, run_after=None
[2024-10-10T12:50:52.939+0000] {processor.py:208} INFO - Processing /home/airflow/.local/lib/python3.12/site-packages/airflow/example_dags/example_local_kubernetes_executor.py took 0.032 seconds
[2024-10-10T13:08:19.986+0000] {processor.py:186} INFO - Started process (PID=40488) to work on /home/airflow/.local/lib/python3.12/site-packages/airflow/example_dags/example_local_kubernetes_executor.py
[2024-10-10T13:08:19.988+0000] {processor.py:914} INFO - Processing file /home/airflow/.local/lib/python3.12/site-packages/airflow/example_dags/example_local_kubernetes_executor.py for tasks to queue
[2024-10-10T13:08:19.990+0000] {logging_mixin.py:190} INFO - [2024-10-10T13:08:19.990+0000] {dagbag.py:587} INFO - Filling up the DagBag from /home/airflow/.local/lib/python3.12/site-packages/airflow/example_dags/example_local_kubernetes_executor.py
[2024-10-10T13:08:19.997+0000] {processor.py:925} INFO - DAG(s) 'example_local_kubernetes_executor' retrieved from /home/airflow/.local/lib/python3.12/site-packages/airflow/example_dags/example_local_kubernetes_executor.py
[2024-10-10T13:08:20.009+0000] {logging_mixin.py:190} INFO - [2024-10-10T13:08:20.009+0000] {dag.py:3229} INFO - Sync 1 DAGs
[2024-10-10T13:08:20.016+0000] {logging_mixin.py:190} INFO - [2024-10-10T13:08:20.015+0000] {dag.py:4156} INFO - Setting next_dagrun for example_local_kubernetes_executor to None, run_after=None
[2024-10-10T13:08:20.026+0000] {processor.py:208} INFO - Processing /home/airflow/.local/lib/python3.12/site-packages/airflow/example_dags/example_local_kubernetes_executor.py took 0.044 seconds
[2024-10-10T13:51:04.117+0000] {processor.py:186} INFO - Started process (PID=40559) to work on /home/airflow/.local/lib/python3.12/site-packages/airflow/example_dags/example_local_kubernetes_executor.py
[2024-10-10T13:51:04.120+0000] {processor.py:914} INFO - Processing file /home/airflow/.local/lib/python3.12/site-packages/airflow/example_dags/example_local_kubernetes_executor.py for tasks to queue
[2024-10-10T13:51:04.122+0000] {logging_mixin.py:190} INFO - [2024-10-10T13:51:04.121+0000] {dagbag.py:587} INFO - Filling up the DagBag from /home/airflow/.local/lib/python3.12/site-packages/airflow/example_dags/example_local_kubernetes_executor.py
[2024-10-10T13:51:04.135+0000] {processor.py:925} INFO - DAG(s) 'example_local_kubernetes_executor' retrieved from /home/airflow/.local/lib/python3.12/site-packages/airflow/example_dags/example_local_kubernetes_executor.py
[2024-10-10T13:51:04.152+0000] {logging_mixin.py:190} INFO - [2024-10-10T13:51:04.152+0000] {dag.py:3229} INFO - Sync 1 DAGs
[2024-10-10T13:51:04.160+0000] {logging_mixin.py:190} INFO - [2024-10-10T13:51:04.159+0000] {dag.py:4156} INFO - Setting next_dagrun for example_local_kubernetes_executor to None, run_after=None
[2024-10-10T13:51:04.168+0000] {processor.py:208} INFO - Processing /home/airflow/.local/lib/python3.12/site-packages/airflow/example_dags/example_local_kubernetes_executor.py took 0.054 seconds
[2024-10-10T14:18:18.043+0000] {processor.py:186} INFO - Started process (PID=40630) to work on /home/airflow/.local/lib/python3.12/site-packages/airflow/example_dags/example_local_kubernetes_executor.py
[2024-10-10T14:18:18.044+0000] {processor.py:914} INFO - Processing file /home/airflow/.local/lib/python3.12/site-packages/airflow/example_dags/example_local_kubernetes_executor.py for tasks to queue
[2024-10-10T14:18:18.045+0000] {logging_mixin.py:190} INFO - [2024-10-10T14:18:18.045+0000] {dagbag.py:587} INFO - Filling up the DagBag from /home/airflow/.local/lib/python3.12/site-packages/airflow/example_dags/example_local_kubernetes_executor.py
[2024-10-10T14:18:18.053+0000] {processor.py:925} INFO - DAG(s) 'example_local_kubernetes_executor' retrieved from /home/airflow/.local/lib/python3.12/site-packages/airflow/example_dags/example_local_kubernetes_executor.py
[2024-10-10T14:18:18.067+0000] {logging_mixin.py:190} INFO - [2024-10-10T14:18:18.066+0000] {dag.py:3229} INFO - Sync 1 DAGs
[2024-10-10T14:18:18.074+0000] {logging_mixin.py:190} INFO - [2024-10-10T14:18:18.074+0000] {dag.py:4156} INFO - Setting next_dagrun for example_local_kubernetes_executor to None, run_after=None
[2024-10-10T14:18:18.160+0000] {processor.py:208} INFO - Processing /home/airflow/.local/lib/python3.12/site-packages/airflow/example_dags/example_local_kubernetes_executor.py took 0.121 seconds
[2024-10-10T14:50:17.374+0000] {processor.py:186} INFO - Started process (PID=40701) to work on /home/airflow/.local/lib/python3.12/site-packages/airflow/example_dags/example_local_kubernetes_executor.py
[2024-10-10T14:50:17.377+0000] {processor.py:914} INFO - Processing file /home/airflow/.local/lib/python3.12/site-packages/airflow/example_dags/example_local_kubernetes_executor.py for tasks to queue
[2024-10-10T14:50:17.380+0000] {logging_mixin.py:190} INFO - [2024-10-10T14:50:17.379+0000] {dagbag.py:587} INFO - Filling up the DagBag from /home/airflow/.local/lib/python3.12/site-packages/airflow/example_dags/example_local_kubernetes_executor.py
[2024-10-10T14:50:17.389+0000] {processor.py:925} INFO - DAG(s) 'example_local_kubernetes_executor' retrieved from /home/airflow/.local/lib/python3.12/site-packages/airflow/example_dags/example_local_kubernetes_executor.py
[2024-10-10T14:50:17.406+0000] {logging_mixin.py:190} INFO - [2024-10-10T14:50:17.406+0000] {dag.py:3229} INFO - Sync 1 DAGs
[2024-10-10T14:50:17.414+0000] {logging_mixin.py:190} INFO - [2024-10-10T14:50:17.414+0000] {dag.py:4156} INFO - Setting next_dagrun for example_local_kubernetes_executor to None, run_after=None
[2024-10-10T14:50:17.427+0000] {processor.py:208} INFO - Processing /home/airflow/.local/lib/python3.12/site-packages/airflow/example_dags/example_local_kubernetes_executor.py took 0.059 seconds
[2024-10-10T15:19:02.769+0000] {processor.py:186} INFO - Started process (PID=40772) to work on /home/airflow/.local/lib/python3.12/site-packages/airflow/example_dags/example_local_kubernetes_executor.py
[2024-10-10T15:19:02.773+0000] {processor.py:914} INFO - Processing file /home/airflow/.local/lib/python3.12/site-packages/airflow/example_dags/example_local_kubernetes_executor.py for tasks to queue
[2024-10-10T15:19:02.773+0000] {logging_mixin.py:190} INFO - [2024-10-10T15:19:02.773+0000] {dagbag.py:587} INFO - Filling up the DagBag from /home/airflow/.local/lib/python3.12/site-packages/airflow/example_dags/example_local_kubernetes_executor.py
[2024-10-10T15:19:02.780+0000] {processor.py:925} INFO - DAG(s) 'example_local_kubernetes_executor' retrieved from /home/airflow/.local/lib/python3.12/site-packages/airflow/example_dags/example_local_kubernetes_executor.py
[2024-10-10T15:19:02.793+0000] {logging_mixin.py:190} INFO - [2024-10-10T15:19:02.793+0000] {dag.py:3229} INFO - Sync 1 DAGs
[2024-10-10T15:19:02.801+0000] {logging_mixin.py:190} INFO - [2024-10-10T15:19:02.801+0000] {dag.py:4156} INFO - Setting next_dagrun for example_local_kubernetes_executor to None, run_after=None
[2024-10-10T15:19:02.808+0000] {processor.py:208} INFO - Processing /home/airflow/.local/lib/python3.12/site-packages/airflow/example_dags/example_local_kubernetes_executor.py took 0.042 seconds
[2024-10-10T15:50:09.892+0000] {processor.py:186} INFO - Started process (PID=40843) to work on /home/airflow/.local/lib/python3.12/site-packages/airflow/example_dags/example_local_kubernetes_executor.py
[2024-10-10T15:50:09.894+0000] {processor.py:914} INFO - Processing file /home/airflow/.local/lib/python3.12/site-packages/airflow/example_dags/example_local_kubernetes_executor.py for tasks to queue
[2024-10-10T15:50:09.895+0000] {logging_mixin.py:190} INFO - [2024-10-10T15:50:09.894+0000] {dagbag.py:587} INFO - Filling up the DagBag from /home/airflow/.local/lib/python3.12/site-packages/airflow/example_dags/example_local_kubernetes_executor.py
[2024-10-10T15:50:09.905+0000] {processor.py:925} INFO - DAG(s) 'example_local_kubernetes_executor' retrieved from /home/airflow/.local/lib/python3.12/site-packages/airflow/example_dags/example_local_kubernetes_executor.py
[2024-10-10T15:50:09.920+0000] {logging_mixin.py:190} INFO - [2024-10-10T15:50:09.919+0000] {dag.py:3229} INFO - Sync 1 DAGs
[2024-10-10T15:50:09.927+0000] {logging_mixin.py:190} INFO - [2024-10-10T15:50:09.927+0000] {dag.py:4156} INFO - Setting next_dagrun for example_local_kubernetes_executor to None, run_after=None
[2024-10-10T15:50:09.935+0000] {processor.py:208} INFO - Processing /home/airflow/.local/lib/python3.12/site-packages/airflow/example_dags/example_local_kubernetes_executor.py took 0.047 seconds
[2024-10-10T16:36:39.036+0000] {processor.py:186} INFO - Started process (PID=40914) to work on /home/airflow/.local/lib/python3.12/site-packages/airflow/example_dags/example_local_kubernetes_executor.py
[2024-10-10T16:36:39.040+0000] {processor.py:914} INFO - Processing file /home/airflow/.local/lib/python3.12/site-packages/airflow/example_dags/example_local_kubernetes_executor.py for tasks to queue
[2024-10-10T16:36:39.040+0000] {logging_mixin.py:190} INFO - [2024-10-10T16:36:39.040+0000] {dagbag.py:587} INFO - Filling up the DagBag from /home/airflow/.local/lib/python3.12/site-packages/airflow/example_dags/example_local_kubernetes_executor.py
[2024-10-10T16:36:39.047+0000] {processor.py:925} INFO - DAG(s) 'example_local_kubernetes_executor' retrieved from /home/airflow/.local/lib/python3.12/site-packages/airflow/example_dags/example_local_kubernetes_executor.py
[2024-10-10T16:36:39.062+0000] {logging_mixin.py:190} INFO - [2024-10-10T16:36:39.061+0000] {dag.py:3229} INFO - Sync 1 DAGs
[2024-10-10T16:36:39.070+0000] {logging_mixin.py:190} INFO - [2024-10-10T16:36:39.070+0000] {dag.py:4156} INFO - Setting next_dagrun for example_local_kubernetes_executor to None, run_after=None
[2024-10-10T16:36:39.081+0000] {processor.py:208} INFO - Processing /home/airflow/.local/lib/python3.12/site-packages/airflow/example_dags/example_local_kubernetes_executor.py took 0.047 seconds
[2024-10-10T16:45:47.371+0000] {processor.py:186} INFO - Started process (PID=40985) to work on /home/airflow/.local/lib/python3.12/site-packages/airflow/example_dags/example_local_kubernetes_executor.py
[2024-10-10T16:45:47.372+0000] {processor.py:914} INFO - Processing file /home/airflow/.local/lib/python3.12/site-packages/airflow/example_dags/example_local_kubernetes_executor.py for tasks to queue
[2024-10-10T16:45:47.373+0000] {logging_mixin.py:190} INFO - [2024-10-10T16:45:47.373+0000] {dagbag.py:587} INFO - Filling up the DagBag from /home/airflow/.local/lib/python3.12/site-packages/airflow/example_dags/example_local_kubernetes_executor.py
[2024-10-10T16:45:47.382+0000] {processor.py:925} INFO - DAG(s) 'example_local_kubernetes_executor' retrieved from /home/airflow/.local/lib/python3.12/site-packages/airflow/example_dags/example_local_kubernetes_executor.py
[2024-10-10T16:45:47.397+0000] {logging_mixin.py:190} INFO - [2024-10-10T16:45:47.397+0000] {dag.py:3229} INFO - Sync 1 DAGs
[2024-10-10T16:45:47.405+0000] {logging_mixin.py:190} INFO - [2024-10-10T16:45:47.405+0000] {dag.py:4156} INFO - Setting next_dagrun for example_local_kubernetes_executor to None, run_after=None
[2024-10-10T16:45:47.415+0000] {processor.py:208} INFO - Processing /home/airflow/.local/lib/python3.12/site-packages/airflow/example_dags/example_local_kubernetes_executor.py took 0.047 seconds
[2024-10-10T17:20:02.134+0000] {processor.py:186} INFO - Started process (PID=41055) to work on /home/airflow/.local/lib/python3.12/site-packages/airflow/example_dags/example_local_kubernetes_executor.py
[2024-10-10T17:20:02.138+0000] {processor.py:914} INFO - Processing file /home/airflow/.local/lib/python3.12/site-packages/airflow/example_dags/example_local_kubernetes_executor.py for tasks to queue
[2024-10-10T17:20:02.139+0000] {logging_mixin.py:190} INFO - [2024-10-10T17:20:02.139+0000] {dagbag.py:587} INFO - Filling up the DagBag from /home/airflow/.local/lib/python3.12/site-packages/airflow/example_dags/example_local_kubernetes_executor.py
[2024-10-10T17:20:02.148+0000] {processor.py:925} INFO - DAG(s) 'example_local_kubernetes_executor' retrieved from /home/airflow/.local/lib/python3.12/site-packages/airflow/example_dags/example_local_kubernetes_executor.py
[2024-10-10T17:20:02.172+0000] {logging_mixin.py:190} INFO - [2024-10-10T17:20:02.172+0000] {dag.py:3229} INFO - Sync 1 DAGs
[2024-10-10T17:20:02.182+0000] {logging_mixin.py:190} INFO - [2024-10-10T17:20:02.181+0000] {dag.py:4156} INFO - Setting next_dagrun for example_local_kubernetes_executor to None, run_after=None
[2024-10-10T17:20:02.190+0000] {processor.py:208} INFO - Processing /home/airflow/.local/lib/python3.12/site-packages/airflow/example_dags/example_local_kubernetes_executor.py took 0.059 seconds
[2024-10-10T18:21:02.027+0000] {processor.py:186} INFO - Started process (PID=41126) to work on /home/airflow/.local/lib/python3.12/site-packages/airflow/example_dags/example_local_kubernetes_executor.py
[2024-10-10T18:21:02.028+0000] {processor.py:914} INFO - Processing file /home/airflow/.local/lib/python3.12/site-packages/airflow/example_dags/example_local_kubernetes_executor.py for tasks to queue
[2024-10-10T18:21:02.028+0000] {logging_mixin.py:190} INFO - [2024-10-10T18:21:02.028+0000] {dagbag.py:587} INFO - Filling up the DagBag from /home/airflow/.local/lib/python3.12/site-packages/airflow/example_dags/example_local_kubernetes_executor.py
[2024-10-10T18:21:02.033+0000] {processor.py:925} INFO - DAG(s) 'example_local_kubernetes_executor' retrieved from /home/airflow/.local/lib/python3.12/site-packages/airflow/example_dags/example_local_kubernetes_executor.py
[2024-10-10T18:21:02.043+0000] {logging_mixin.py:190} INFO - [2024-10-10T18:21:02.043+0000] {dag.py:3229} INFO - Sync 1 DAGs
[2024-10-10T18:21:02.053+0000] {logging_mixin.py:190} INFO - [2024-10-10T18:21:02.052+0000] {dag.py:4156} INFO - Setting next_dagrun for example_local_kubernetes_executor to None, run_after=None
[2024-10-10T18:21:02.063+0000] {processor.py:208} INFO - Processing /home/airflow/.local/lib/python3.12/site-packages/airflow/example_dags/example_local_kubernetes_executor.py took 0.039 seconds
[2024-10-10T18:38:28.046+0000] {processor.py:186} INFO - Started process (PID=41197) to work on /home/airflow/.local/lib/python3.12/site-packages/airflow/example_dags/example_local_kubernetes_executor.py
[2024-10-10T18:38:28.048+0000] {processor.py:914} INFO - Processing file /home/airflow/.local/lib/python3.12/site-packages/airflow/example_dags/example_local_kubernetes_executor.py for tasks to queue
[2024-10-10T18:38:28.049+0000] {logging_mixin.py:190} INFO - [2024-10-10T18:38:28.049+0000] {dagbag.py:587} INFO - Filling up the DagBag from /home/airflow/.local/lib/python3.12/site-packages/airflow/example_dags/example_local_kubernetes_executor.py
[2024-10-10T18:38:28.066+0000] {processor.py:925} INFO - DAG(s) 'example_local_kubernetes_executor' retrieved from /home/airflow/.local/lib/python3.12/site-packages/airflow/example_dags/example_local_kubernetes_executor.py
[2024-10-10T18:38:28.083+0000] {logging_mixin.py:190} INFO - [2024-10-10T18:38:28.083+0000] {dag.py:3229} INFO - Sync 1 DAGs
[2024-10-10T18:38:28.091+0000] {logging_mixin.py:190} INFO - [2024-10-10T18:38:28.091+0000] {dag.py:4156} INFO - Setting next_dagrun for example_local_kubernetes_executor to None, run_after=None
[2024-10-10T18:38:28.105+0000] {processor.py:208} INFO - Processing /home/airflow/.local/lib/python3.12/site-packages/airflow/example_dags/example_local_kubernetes_executor.py took 0.063 seconds
[2024-10-10T19:39:12.278+0000] {processor.py:186} INFO - Started process (PID=41268) to work on /home/airflow/.local/lib/python3.12/site-packages/airflow/example_dags/example_local_kubernetes_executor.py
[2024-10-10T19:39:12.279+0000] {processor.py:914} INFO - Processing file /home/airflow/.local/lib/python3.12/site-packages/airflow/example_dags/example_local_kubernetes_executor.py for tasks to queue
[2024-10-10T19:39:12.279+0000] {logging_mixin.py:190} INFO - [2024-10-10T19:39:12.279+0000] {dagbag.py:587} INFO - Filling up the DagBag from /home/airflow/.local/lib/python3.12/site-packages/airflow/example_dags/example_local_kubernetes_executor.py
[2024-10-10T19:39:12.286+0000] {processor.py:925} INFO - DAG(s) 'example_local_kubernetes_executor' retrieved from /home/airflow/.local/lib/python3.12/site-packages/airflow/example_dags/example_local_kubernetes_executor.py
[2024-10-10T19:39:12.301+0000] {logging_mixin.py:190} INFO - [2024-10-10T19:39:12.301+0000] {dag.py:3229} INFO - Sync 1 DAGs
[2024-10-10T19:39:12.308+0000] {logging_mixin.py:190} INFO - [2024-10-10T19:39:12.308+0000] {dag.py:4156} INFO - Setting next_dagrun for example_local_kubernetes_executor to None, run_after=None
[2024-10-10T19:39:12.316+0000] {processor.py:208} INFO - Processing /home/airflow/.local/lib/python3.12/site-packages/airflow/example_dags/example_local_kubernetes_executor.py took 0.041 seconds
[2024-10-10T20:23:16.383+0000] {processor.py:186} INFO - Started process (PID=41339) to work on /home/airflow/.local/lib/python3.12/site-packages/airflow/example_dags/example_local_kubernetes_executor.py
[2024-10-10T20:23:16.383+0000] {processor.py:914} INFO - Processing file /home/airflow/.local/lib/python3.12/site-packages/airflow/example_dags/example_local_kubernetes_executor.py for tasks to queue
[2024-10-10T20:23:16.384+0000] {logging_mixin.py:190} INFO - [2024-10-10T20:23:16.384+0000] {dagbag.py:587} INFO - Filling up the DagBag from /home/airflow/.local/lib/python3.12/site-packages/airflow/example_dags/example_local_kubernetes_executor.py
[2024-10-10T20:23:16.394+0000] {processor.py:925} INFO - DAG(s) 'example_local_kubernetes_executor' retrieved from /home/airflow/.local/lib/python3.12/site-packages/airflow/example_dags/example_local_kubernetes_executor.py
[2024-10-10T20:23:16.421+0000] {logging_mixin.py:190} INFO - [2024-10-10T20:23:16.421+0000] {dag.py:3229} INFO - Sync 1 DAGs
[2024-10-10T20:23:16.431+0000] {logging_mixin.py:190} INFO - [2024-10-10T20:23:16.431+0000] {dag.py:4156} INFO - Setting next_dagrun for example_local_kubernetes_executor to None, run_after=None
[2024-10-10T20:23:16.440+0000] {processor.py:208} INFO - Processing /home/airflow/.local/lib/python3.12/site-packages/airflow/example_dags/example_local_kubernetes_executor.py took 0.062 seconds
[2024-10-10T20:54:21.197+0000] {processor.py:186} INFO - Started process (PID=41410) to work on /home/airflow/.local/lib/python3.12/site-packages/airflow/example_dags/example_local_kubernetes_executor.py
[2024-10-10T20:54:21.198+0000] {processor.py:914} INFO - Processing file /home/airflow/.local/lib/python3.12/site-packages/airflow/example_dags/example_local_kubernetes_executor.py for tasks to queue
[2024-10-10T20:54:21.198+0000] {logging_mixin.py:190} INFO - [2024-10-10T20:54:21.198+0000] {dagbag.py:587} INFO - Filling up the DagBag from /home/airflow/.local/lib/python3.12/site-packages/airflow/example_dags/example_local_kubernetes_executor.py
[2024-10-10T20:54:21.205+0000] {processor.py:925} INFO - DAG(s) 'example_local_kubernetes_executor' retrieved from /home/airflow/.local/lib/python3.12/site-packages/airflow/example_dags/example_local_kubernetes_executor.py
[2024-10-10T20:54:21.215+0000] {logging_mixin.py:190} INFO - [2024-10-10T20:54:21.215+0000] {dag.py:3229} INFO - Sync 1 DAGs
[2024-10-10T20:54:21.221+0000] {logging_mixin.py:190} INFO - [2024-10-10T20:54:21.221+0000] {dag.py:4156} INFO - Setting next_dagrun for example_local_kubernetes_executor to None, run_after=None
[2024-10-10T20:54:21.228+0000] {processor.py:208} INFO - Processing /home/airflow/.local/lib/python3.12/site-packages/airflow/example_dags/example_local_kubernetes_executor.py took 0.035 seconds
[2024-10-10T21:24:09.113+0000] {processor.py:186} INFO - Started process (PID=41481) to work on /home/airflow/.local/lib/python3.12/site-packages/airflow/example_dags/example_local_kubernetes_executor.py
[2024-10-10T21:24:09.115+0000] {processor.py:914} INFO - Processing file /home/airflow/.local/lib/python3.12/site-packages/airflow/example_dags/example_local_kubernetes_executor.py for tasks to queue
[2024-10-10T21:24:09.116+0000] {logging_mixin.py:190} INFO - [2024-10-10T21:24:09.116+0000] {dagbag.py:587} INFO - Filling up the DagBag from /home/airflow/.local/lib/python3.12/site-packages/airflow/example_dags/example_local_kubernetes_executor.py
[2024-10-10T21:24:09.123+0000] {processor.py:925} INFO - DAG(s) 'example_local_kubernetes_executor' retrieved from /home/airflow/.local/lib/python3.12/site-packages/airflow/example_dags/example_local_kubernetes_executor.py
[2024-10-10T21:24:09.135+0000] {logging_mixin.py:190} INFO - [2024-10-10T21:24:09.135+0000] {dag.py:3229} INFO - Sync 1 DAGs
[2024-10-10T21:24:09.144+0000] {logging_mixin.py:190} INFO - [2024-10-10T21:24:09.144+0000] {dag.py:4156} INFO - Setting next_dagrun for example_local_kubernetes_executor to None, run_after=None
[2024-10-10T21:24:09.152+0000] {processor.py:208} INFO - Processing /home/airflow/.local/lib/python3.12/site-packages/airflow/example_dags/example_local_kubernetes_executor.py took 0.042 seconds
[2024-10-10T21:24:39.637+0000] {processor.py:186} INFO - Started process (PID=41552) to work on /home/airflow/.local/lib/python3.12/site-packages/airflow/example_dags/example_local_kubernetes_executor.py
[2024-10-10T21:24:39.638+0000] {processor.py:914} INFO - Processing file /home/airflow/.local/lib/python3.12/site-packages/airflow/example_dags/example_local_kubernetes_executor.py for tasks to queue
[2024-10-10T21:24:39.639+0000] {logging_mixin.py:190} INFO - [2024-10-10T21:24:39.639+0000] {dagbag.py:587} INFO - Filling up the DagBag from /home/airflow/.local/lib/python3.12/site-packages/airflow/example_dags/example_local_kubernetes_executor.py
[2024-10-10T21:24:39.644+0000] {processor.py:925} INFO - DAG(s) 'example_local_kubernetes_executor' retrieved from /home/airflow/.local/lib/python3.12/site-packages/airflow/example_dags/example_local_kubernetes_executor.py
[2024-10-10T21:24:39.656+0000] {logging_mixin.py:190} INFO - [2024-10-10T21:24:39.656+0000] {dag.py:3229} INFO - Sync 1 DAGs
[2024-10-10T21:24:39.663+0000] {logging_mixin.py:190} INFO - [2024-10-10T21:24:39.663+0000] {dag.py:4156} INFO - Setting next_dagrun for example_local_kubernetes_executor to None, run_after=None
[2024-10-10T21:24:39.673+0000] {processor.py:208} INFO - Processing /home/airflow/.local/lib/python3.12/site-packages/airflow/example_dags/example_local_kubernetes_executor.py took 0.039 seconds
[2024-10-10T21:43:36.295+0000] {processor.py:186} INFO - Started process (PID=41623) to work on /home/airflow/.local/lib/python3.12/site-packages/airflow/example_dags/example_local_kubernetes_executor.py
[2024-10-10T21:43:36.296+0000] {processor.py:914} INFO - Processing file /home/airflow/.local/lib/python3.12/site-packages/airflow/example_dags/example_local_kubernetes_executor.py for tasks to queue
[2024-10-10T21:43:36.296+0000] {logging_mixin.py:190} INFO - [2024-10-10T21:43:36.296+0000] {dagbag.py:587} INFO - Filling up the DagBag from /home/airflow/.local/lib/python3.12/site-packages/airflow/example_dags/example_local_kubernetes_executor.py
[2024-10-10T21:43:36.311+0000] {processor.py:925} INFO - DAG(s) 'example_local_kubernetes_executor' retrieved from /home/airflow/.local/lib/python3.12/site-packages/airflow/example_dags/example_local_kubernetes_executor.py
[2024-10-10T21:43:36.330+0000] {logging_mixin.py:190} INFO - [2024-10-10T21:43:36.330+0000] {dag.py:3229} INFO - Sync 1 DAGs
[2024-10-10T21:43:36.338+0000] {logging_mixin.py:190} INFO - [2024-10-10T21:43:36.338+0000] {dag.py:4156} INFO - Setting next_dagrun for example_local_kubernetes_executor to None, run_after=None
[2024-10-10T21:43:36.349+0000] {processor.py:208} INFO - Processing /home/airflow/.local/lib/python3.12/site-packages/airflow/example_dags/example_local_kubernetes_executor.py took 0.058 seconds
[2024-10-10T22:17:49.066+0000] {processor.py:186} INFO - Started process (PID=41694) to work on /home/airflow/.local/lib/python3.12/site-packages/airflow/example_dags/example_local_kubernetes_executor.py
[2024-10-10T22:17:49.067+0000] {processor.py:914} INFO - Processing file /home/airflow/.local/lib/python3.12/site-packages/airflow/example_dags/example_local_kubernetes_executor.py for tasks to queue
[2024-10-10T22:17:49.067+0000] {logging_mixin.py:190} INFO - [2024-10-10T22:17:49.067+0000] {dagbag.py:587} INFO - Filling up the DagBag from /home/airflow/.local/lib/python3.12/site-packages/airflow/example_dags/example_local_kubernetes_executor.py
[2024-10-10T22:17:49.078+0000] {processor.py:925} INFO - DAG(s) 'example_local_kubernetes_executor' retrieved from /home/airflow/.local/lib/python3.12/site-packages/airflow/example_dags/example_local_kubernetes_executor.py
[2024-10-10T22:17:49.111+0000] {logging_mixin.py:190} INFO - [2024-10-10T22:17:49.111+0000] {dag.py:3229} INFO - Sync 1 DAGs
[2024-10-10T22:17:49.122+0000] {logging_mixin.py:190} INFO - [2024-10-10T22:17:49.122+0000] {dag.py:4156} INFO - Setting next_dagrun for example_local_kubernetes_executor to None, run_after=None
[2024-10-10T22:17:49.144+0000] {processor.py:208} INFO - Processing /home/airflow/.local/lib/python3.12/site-packages/airflow/example_dags/example_local_kubernetes_executor.py took 0.082 seconds
[2024-10-10T22:46:09.486+0000] {processor.py:186} INFO - Started process (PID=41765) to work on /home/airflow/.local/lib/python3.12/site-packages/airflow/example_dags/example_local_kubernetes_executor.py
[2024-10-10T22:46:09.487+0000] {processor.py:914} INFO - Processing file /home/airflow/.local/lib/python3.12/site-packages/airflow/example_dags/example_local_kubernetes_executor.py for tasks to queue
[2024-10-10T22:46:09.488+0000] {logging_mixin.py:190} INFO - [2024-10-10T22:46:09.487+0000] {dagbag.py:587} INFO - Filling up the DagBag from /home/airflow/.local/lib/python3.12/site-packages/airflow/example_dags/example_local_kubernetes_executor.py
[2024-10-10T22:46:09.495+0000] {processor.py:925} INFO - DAG(s) 'example_local_kubernetes_executor' retrieved from /home/airflow/.local/lib/python3.12/site-packages/airflow/example_dags/example_local_kubernetes_executor.py
[2024-10-10T22:46:09.515+0000] {logging_mixin.py:190} INFO - [2024-10-10T22:46:09.515+0000] {dag.py:3229} INFO - Sync 1 DAGs
[2024-10-10T22:46:09.536+0000] {logging_mixin.py:190} INFO - [2024-10-10T22:46:09.535+0000] {dag.py:4156} INFO - Setting next_dagrun for example_local_kubernetes_executor to None, run_after=None
[2024-10-10T22:46:09.554+0000] {processor.py:208} INFO - Processing /home/airflow/.local/lib/python3.12/site-packages/airflow/example_dags/example_local_kubernetes_executor.py took 0.076 seconds
[2024-10-10T23:26:20.003+0000] {processor.py:186} INFO - Started process (PID=41836) to work on /home/airflow/.local/lib/python3.12/site-packages/airflow/example_dags/example_local_kubernetes_executor.py
[2024-10-10T23:26:20.005+0000] {processor.py:914} INFO - Processing file /home/airflow/.local/lib/python3.12/site-packages/airflow/example_dags/example_local_kubernetes_executor.py for tasks to queue
[2024-10-10T23:26:20.005+0000] {logging_mixin.py:190} INFO - [2024-10-10T23:26:20.005+0000] {dagbag.py:587} INFO - Filling up the DagBag from /home/airflow/.local/lib/python3.12/site-packages/airflow/example_dags/example_local_kubernetes_executor.py
[2024-10-10T23:26:20.017+0000] {processor.py:925} INFO - DAG(s) 'example_local_kubernetes_executor' retrieved from /home/airflow/.local/lib/python3.12/site-packages/airflow/example_dags/example_local_kubernetes_executor.py
[2024-10-10T23:26:20.032+0000] {logging_mixin.py:190} INFO - [2024-10-10T23:26:20.032+0000] {dag.py:3229} INFO - Sync 1 DAGs
[2024-10-10T23:26:20.040+0000] {logging_mixin.py:190} INFO - [2024-10-10T23:26:20.040+0000] {dag.py:4156} INFO - Setting next_dagrun for example_local_kubernetes_executor to None, run_after=None
[2024-10-10T23:26:20.052+0000] {processor.py:208} INFO - Processing /home/airflow/.local/lib/python3.12/site-packages/airflow/example_dags/example_local_kubernetes_executor.py took 0.053 seconds
