[2024-10-10T00:11:41.672+0000] {processor.py:186} INFO - Started process (PID=38846) to work on /home/airflow/.local/lib/python3.12/site-packages/airflow/example_dags/example_branch_operator_decorator.py
[2024-10-10T00:11:41.673+0000] {processor.py:914} INFO - Processing file /home/airflow/.local/lib/python3.12/site-packages/airflow/example_dags/example_branch_operator_decorator.py for tasks to queue
[2024-10-10T00:11:41.674+0000] {logging_mixin.py:190} INFO - [2024-10-10T00:11:41.674+0000] {dagbag.py:587} INFO - Filling up the DagBag from /home/airflow/.local/lib/python3.12/site-packages/airflow/example_dags/example_branch_operator_decorator.py
[2024-10-10T00:11:41.687+0000] {processor.py:925} INFO - DAG(s) 'example_branch_python_operator_decorator' retrieved from /home/airflow/.local/lib/python3.12/site-packages/airflow/example_dags/example_branch_operator_decorator.py
[2024-10-10T00:11:41.718+0000] {logging_mixin.py:190} INFO - [2024-10-10T00:11:41.718+0000] {dag.py:3229} INFO - Sync 1 DAGs
[2024-10-10T00:11:41.735+0000] {logging_mixin.py:190} INFO - [2024-10-10T00:11:41.734+0000] {dag.py:4156} INFO - Setting next_dagrun for example_branch_python_operator_decorator to 2024-10-09 00:00:00+00:00, run_after=2024-10-10 00:00:00+00:00
[2024-10-10T00:11:41.749+0000] {processor.py:208} INFO - Processing /home/airflow/.local/lib/python3.12/site-packages/airflow/example_dags/example_branch_operator_decorator.py took 0.080 seconds
[2024-10-10T01:18:08.519+0000] {processor.py:186} INFO - Started process (PID=38917) to work on /home/airflow/.local/lib/python3.12/site-packages/airflow/example_dags/example_branch_operator_decorator.py
[2024-10-10T01:18:08.520+0000] {processor.py:914} INFO - Processing file /home/airflow/.local/lib/python3.12/site-packages/airflow/example_dags/example_branch_operator_decorator.py for tasks to queue
[2024-10-10T01:18:08.521+0000] {logging_mixin.py:190} INFO - [2024-10-10T01:18:08.521+0000] {dagbag.py:587} INFO - Filling up the DagBag from /home/airflow/.local/lib/python3.12/site-packages/airflow/example_dags/example_branch_operator_decorator.py
[2024-10-10T01:18:08.540+0000] {processor.py:925} INFO - DAG(s) 'example_branch_python_operator_decorator' retrieved from /home/airflow/.local/lib/python3.12/site-packages/airflow/example_dags/example_branch_operator_decorator.py
[2024-10-10T01:18:08.579+0000] {logging_mixin.py:190} INFO - [2024-10-10T01:18:08.579+0000] {dag.py:3229} INFO - Sync 1 DAGs
[2024-10-10T01:18:08.620+0000] {logging_mixin.py:190} INFO - [2024-10-10T01:18:08.620+0000] {dag.py:4156} INFO - Setting next_dagrun for example_branch_python_operator_decorator to 2024-10-09 00:00:00+00:00, run_after=2024-10-10 00:00:00+00:00
[2024-10-10T01:18:08.634+0000] {processor.py:208} INFO - Processing /home/airflow/.local/lib/python3.12/site-packages/airflow/example_dags/example_branch_operator_decorator.py took 0.118 seconds
[2024-10-10T01:52:18.114+0000] {processor.py:186} INFO - Started process (PID=38988) to work on /home/airflow/.local/lib/python3.12/site-packages/airflow/example_dags/example_branch_operator_decorator.py
[2024-10-10T01:52:18.115+0000] {processor.py:914} INFO - Processing file /home/airflow/.local/lib/python3.12/site-packages/airflow/example_dags/example_branch_operator_decorator.py for tasks to queue
[2024-10-10T01:52:18.116+0000] {logging_mixin.py:190} INFO - [2024-10-10T01:52:18.115+0000] {dagbag.py:587} INFO - Filling up the DagBag from /home/airflow/.local/lib/python3.12/site-packages/airflow/example_dags/example_branch_operator_decorator.py
[2024-10-10T01:52:18.126+0000] {processor.py:925} INFO - DAG(s) 'example_branch_python_operator_decorator' retrieved from /home/airflow/.local/lib/python3.12/site-packages/airflow/example_dags/example_branch_operator_decorator.py
[2024-10-10T01:52:18.144+0000] {logging_mixin.py:190} INFO - [2024-10-10T01:52:18.143+0000] {dag.py:3229} INFO - Sync 1 DAGs
[2024-10-10T01:52:18.154+0000] {logging_mixin.py:190} INFO - [2024-10-10T01:52:18.154+0000] {dag.py:4156} INFO - Setting next_dagrun for example_branch_python_operator_decorator to 2024-10-09 00:00:00+00:00, run_after=2024-10-10 00:00:00+00:00
[2024-10-10T01:52:18.165+0000] {processor.py:208} INFO - Processing /home/airflow/.local/lib/python3.12/site-packages/airflow/example_dags/example_branch_operator_decorator.py took 0.054 seconds
[2024-10-10T02:19:10.345+0000] {processor.py:186} INFO - Started process (PID=39059) to work on /home/airflow/.local/lib/python3.12/site-packages/airflow/example_dags/example_branch_operator_decorator.py
[2024-10-10T02:19:10.345+0000] {processor.py:914} INFO - Processing file /home/airflow/.local/lib/python3.12/site-packages/airflow/example_dags/example_branch_operator_decorator.py for tasks to queue
[2024-10-10T02:19:10.346+0000] {logging_mixin.py:190} INFO - [2024-10-10T02:19:10.346+0000] {dagbag.py:587} INFO - Filling up the DagBag from /home/airflow/.local/lib/python3.12/site-packages/airflow/example_dags/example_branch_operator_decorator.py
[2024-10-10T02:19:10.359+0000] {processor.py:925} INFO - DAG(s) 'example_branch_python_operator_decorator' retrieved from /home/airflow/.local/lib/python3.12/site-packages/airflow/example_dags/example_branch_operator_decorator.py
[2024-10-10T02:19:10.372+0000] {logging_mixin.py:190} INFO - [2024-10-10T02:19:10.372+0000] {dag.py:3229} INFO - Sync 1 DAGs
[2024-10-10T02:19:10.382+0000] {logging_mixin.py:190} INFO - [2024-10-10T02:19:10.382+0000] {dag.py:4156} INFO - Setting next_dagrun for example_branch_python_operator_decorator to 2024-10-09 00:00:00+00:00, run_after=2024-10-10 00:00:00+00:00
[2024-10-10T02:19:10.391+0000] {processor.py:208} INFO - Processing /home/airflow/.local/lib/python3.12/site-packages/airflow/example_dags/example_branch_operator_decorator.py took 0.051 seconds
[2024-10-10T03:09:35.355+0000] {processor.py:186} INFO - Started process (PID=39130) to work on /home/airflow/.local/lib/python3.12/site-packages/airflow/example_dags/example_branch_operator_decorator.py
[2024-10-10T03:09:35.356+0000] {processor.py:914} INFO - Processing file /home/airflow/.local/lib/python3.12/site-packages/airflow/example_dags/example_branch_operator_decorator.py for tasks to queue
[2024-10-10T03:09:35.357+0000] {logging_mixin.py:190} INFO - [2024-10-10T03:09:35.357+0000] {dagbag.py:587} INFO - Filling up the DagBag from /home/airflow/.local/lib/python3.12/site-packages/airflow/example_dags/example_branch_operator_decorator.py
[2024-10-10T03:09:35.496+0000] {processor.py:925} INFO - DAG(s) 'example_branch_python_operator_decorator' retrieved from /home/airflow/.local/lib/python3.12/site-packages/airflow/example_dags/example_branch_operator_decorator.py
[2024-10-10T03:09:35.584+0000] {logging_mixin.py:190} INFO - [2024-10-10T03:09:35.584+0000] {dag.py:3229} INFO - Sync 1 DAGs
[2024-10-10T03:09:35.626+0000] {logging_mixin.py:190} INFO - [2024-10-10T03:09:35.625+0000] {dag.py:4156} INFO - Setting next_dagrun for example_branch_python_operator_decorator to 2024-10-09 00:00:00+00:00, run_after=2024-10-10 00:00:00+00:00
[2024-10-10T03:09:35.644+0000] {processor.py:208} INFO - Processing /home/airflow/.local/lib/python3.12/site-packages/airflow/example_dags/example_branch_operator_decorator.py took 0.293 seconds
[2024-10-10T03:56:57.996+0000] {processor.py:186} INFO - Started process (PID=39200) to work on /home/airflow/.local/lib/python3.12/site-packages/airflow/example_dags/example_branch_operator_decorator.py
[2024-10-10T03:56:57.999+0000] {processor.py:914} INFO - Processing file /home/airflow/.local/lib/python3.12/site-packages/airflow/example_dags/example_branch_operator_decorator.py for tasks to queue
[2024-10-10T03:56:57.999+0000] {logging_mixin.py:190} INFO - [2024-10-10T03:56:57.999+0000] {dagbag.py:587} INFO - Filling up the DagBag from /home/airflow/.local/lib/python3.12/site-packages/airflow/example_dags/example_branch_operator_decorator.py
[2024-10-10T03:56:58.009+0000] {processor.py:925} INFO - DAG(s) 'example_branch_python_operator_decorator' retrieved from /home/airflow/.local/lib/python3.12/site-packages/airflow/example_dags/example_branch_operator_decorator.py
[2024-10-10T03:56:58.028+0000] {logging_mixin.py:190} INFO - [2024-10-10T03:56:58.027+0000] {dag.py:3229} INFO - Sync 1 DAGs
[2024-10-10T03:56:58.040+0000] {logging_mixin.py:190} INFO - [2024-10-10T03:56:58.040+0000] {dag.py:4156} INFO - Setting next_dagrun for example_branch_python_operator_decorator to 2024-10-09 00:00:00+00:00, run_after=2024-10-10 00:00:00+00:00
[2024-10-10T03:56:58.052+0000] {processor.py:208} INFO - Processing /home/airflow/.local/lib/python3.12/site-packages/airflow/example_dags/example_branch_operator_decorator.py took 0.058 seconds
[2024-10-10T04:21:12.603+0000] {processor.py:186} INFO - Started process (PID=39270) to work on /home/airflow/.local/lib/python3.12/site-packages/airflow/example_dags/example_branch_operator_decorator.py
[2024-10-10T04:21:12.604+0000] {processor.py:914} INFO - Processing file /home/airflow/.local/lib/python3.12/site-packages/airflow/example_dags/example_branch_operator_decorator.py for tasks to queue
[2024-10-10T04:21:12.605+0000] {logging_mixin.py:190} INFO - [2024-10-10T04:21:12.604+0000] {dagbag.py:587} INFO - Filling up the DagBag from /home/airflow/.local/lib/python3.12/site-packages/airflow/example_dags/example_branch_operator_decorator.py
[2024-10-10T04:21:12.622+0000] {processor.py:925} INFO - DAG(s) 'example_branch_python_operator_decorator' retrieved from /home/airflow/.local/lib/python3.12/site-packages/airflow/example_dags/example_branch_operator_decorator.py
[2024-10-10T04:21:12.643+0000] {logging_mixin.py:190} INFO - [2024-10-10T04:21:12.643+0000] {dag.py:3229} INFO - Sync 1 DAGs
[2024-10-10T04:21:12.658+0000] {logging_mixin.py:190} INFO - [2024-10-10T04:21:12.658+0000] {dag.py:4156} INFO - Setting next_dagrun for example_branch_python_operator_decorator to 2024-10-09 00:00:00+00:00, run_after=2024-10-10 00:00:00+00:00
[2024-10-10T04:21:12.668+0000] {processor.py:208} INFO - Processing /home/airflow/.local/lib/python3.12/site-packages/airflow/example_dags/example_branch_operator_decorator.py took 0.071 seconds
[2024-10-10T05:14:25.622+0000] {processor.py:186} INFO - Started process (PID=39341) to work on /home/airflow/.local/lib/python3.12/site-packages/airflow/example_dags/example_branch_operator_decorator.py
[2024-10-10T05:14:25.623+0000] {processor.py:914} INFO - Processing file /home/airflow/.local/lib/python3.12/site-packages/airflow/example_dags/example_branch_operator_decorator.py for tasks to queue
[2024-10-10T05:14:25.624+0000] {logging_mixin.py:190} INFO - [2024-10-10T05:14:25.624+0000] {dagbag.py:587} INFO - Filling up the DagBag from /home/airflow/.local/lib/python3.12/site-packages/airflow/example_dags/example_branch_operator_decorator.py
[2024-10-10T05:14:25.651+0000] {processor.py:925} INFO - DAG(s) 'example_branch_python_operator_decorator' retrieved from /home/airflow/.local/lib/python3.12/site-packages/airflow/example_dags/example_branch_operator_decorator.py
[2024-10-10T05:14:25.671+0000] {logging_mixin.py:190} INFO - [2024-10-10T05:14:25.671+0000] {dag.py:3229} INFO - Sync 1 DAGs
[2024-10-10T05:14:25.685+0000] {logging_mixin.py:190} INFO - [2024-10-10T05:14:25.685+0000] {dag.py:4156} INFO - Setting next_dagrun for example_branch_python_operator_decorator to 2024-10-09 00:00:00+00:00, run_after=2024-10-10 00:00:00+00:00
[2024-10-10T05:14:25.695+0000] {processor.py:208} INFO - Processing /home/airflow/.local/lib/python3.12/site-packages/airflow/example_dags/example_branch_operator_decorator.py took 0.076 seconds
[2024-10-10T05:47:22.552+0000] {processor.py:186} INFO - Started process (PID=39412) to work on /home/airflow/.local/lib/python3.12/site-packages/airflow/example_dags/example_branch_operator_decorator.py
[2024-10-10T05:47:22.553+0000] {processor.py:914} INFO - Processing file /home/airflow/.local/lib/python3.12/site-packages/airflow/example_dags/example_branch_operator_decorator.py for tasks to queue
[2024-10-10T05:47:22.554+0000] {logging_mixin.py:190} INFO - [2024-10-10T05:47:22.554+0000] {dagbag.py:587} INFO - Filling up the DagBag from /home/airflow/.local/lib/python3.12/site-packages/airflow/example_dags/example_branch_operator_decorator.py
[2024-10-10T05:47:22.574+0000] {processor.py:925} INFO - DAG(s) 'example_branch_python_operator_decorator' retrieved from /home/airflow/.local/lib/python3.12/site-packages/airflow/example_dags/example_branch_operator_decorator.py
[2024-10-10T05:47:22.597+0000] {logging_mixin.py:190} INFO - [2024-10-10T05:47:22.597+0000] {dag.py:3229} INFO - Sync 1 DAGs
[2024-10-10T05:47:22.613+0000] {logging_mixin.py:190} INFO - [2024-10-10T05:47:22.613+0000] {dag.py:4156} INFO - Setting next_dagrun for example_branch_python_operator_decorator to 2024-10-09 00:00:00+00:00, run_after=2024-10-10 00:00:00+00:00
[2024-10-10T05:47:22.626+0000] {processor.py:208} INFO - Processing /home/airflow/.local/lib/python3.12/site-packages/airflow/example_dags/example_branch_operator_decorator.py took 0.077 seconds
[2024-10-10T06:39:42.522+0000] {processor.py:186} INFO - Started process (PID=39483) to work on /home/airflow/.local/lib/python3.12/site-packages/airflow/example_dags/example_branch_operator_decorator.py
[2024-10-10T06:39:42.524+0000] {processor.py:914} INFO - Processing file /home/airflow/.local/lib/python3.12/site-packages/airflow/example_dags/example_branch_operator_decorator.py for tasks to queue
[2024-10-10T06:39:42.525+0000] {logging_mixin.py:190} INFO - [2024-10-10T06:39:42.525+0000] {dagbag.py:587} INFO - Filling up the DagBag from /home/airflow/.local/lib/python3.12/site-packages/airflow/example_dags/example_branch_operator_decorator.py
[2024-10-10T06:39:42.538+0000] {processor.py:925} INFO - DAG(s) 'example_branch_python_operator_decorator' retrieved from /home/airflow/.local/lib/python3.12/site-packages/airflow/example_dags/example_branch_operator_decorator.py
[2024-10-10T06:39:42.589+0000] {logging_mixin.py:190} INFO - [2024-10-10T06:39:42.588+0000] {dag.py:3229} INFO - Sync 1 DAGs
[2024-10-10T06:39:42.631+0000] {logging_mixin.py:190} INFO - [2024-10-10T06:39:42.631+0000] {dag.py:4156} INFO - Setting next_dagrun for example_branch_python_operator_decorator to 2024-10-09 00:00:00+00:00, run_after=2024-10-10 00:00:00+00:00
[2024-10-10T06:39:42.646+0000] {processor.py:208} INFO - Processing /home/airflow/.local/lib/python3.12/site-packages/airflow/example_dags/example_branch_operator_decorator.py took 0.128 seconds
[2024-10-10T07:11:25.087+0000] {processor.py:186} INFO - Started process (PID=39554) to work on /home/airflow/.local/lib/python3.12/site-packages/airflow/example_dags/example_branch_operator_decorator.py
[2024-10-10T07:11:25.089+0000] {processor.py:914} INFO - Processing file /home/airflow/.local/lib/python3.12/site-packages/airflow/example_dags/example_branch_operator_decorator.py for tasks to queue
[2024-10-10T07:11:25.090+0000] {logging_mixin.py:190} INFO - [2024-10-10T07:11:25.089+0000] {dagbag.py:587} INFO - Filling up the DagBag from /home/airflow/.local/lib/python3.12/site-packages/airflow/example_dags/example_branch_operator_decorator.py
[2024-10-10T07:11:25.105+0000] {processor.py:925} INFO - DAG(s) 'example_branch_python_operator_decorator' retrieved from /home/airflow/.local/lib/python3.12/site-packages/airflow/example_dags/example_branch_operator_decorator.py
[2024-10-10T07:11:25.119+0000] {logging_mixin.py:190} INFO - [2024-10-10T07:11:25.119+0000] {dag.py:3229} INFO - Sync 1 DAGs
[2024-10-10T07:11:25.132+0000] {logging_mixin.py:190} INFO - [2024-10-10T07:11:25.132+0000] {dag.py:4156} INFO - Setting next_dagrun for example_branch_python_operator_decorator to 2024-10-09 00:00:00+00:00, run_after=2024-10-10 00:00:00+00:00
[2024-10-10T07:11:25.143+0000] {processor.py:208} INFO - Processing /home/airflow/.local/lib/python3.12/site-packages/airflow/example_dags/example_branch_operator_decorator.py took 0.063 seconds
[2024-10-10T07:39:19.204+0000] {processor.py:186} INFO - Started process (PID=39625) to work on /home/airflow/.local/lib/python3.12/site-packages/airflow/example_dags/example_branch_operator_decorator.py
[2024-10-10T07:39:19.205+0000] {processor.py:914} INFO - Processing file /home/airflow/.local/lib/python3.12/site-packages/airflow/example_dags/example_branch_operator_decorator.py for tasks to queue
[2024-10-10T07:39:19.206+0000] {logging_mixin.py:190} INFO - [2024-10-10T07:39:19.206+0000] {dagbag.py:587} INFO - Filling up the DagBag from /home/airflow/.local/lib/python3.12/site-packages/airflow/example_dags/example_branch_operator_decorator.py
[2024-10-10T07:39:19.217+0000] {processor.py:925} INFO - DAG(s) 'example_branch_python_operator_decorator' retrieved from /home/airflow/.local/lib/python3.12/site-packages/airflow/example_dags/example_branch_operator_decorator.py
[2024-10-10T07:39:19.234+0000] {logging_mixin.py:190} INFO - [2024-10-10T07:39:19.233+0000] {dag.py:3229} INFO - Sync 1 DAGs
[2024-10-10T07:39:19.248+0000] {logging_mixin.py:190} INFO - [2024-10-10T07:39:19.248+0000] {dag.py:4156} INFO - Setting next_dagrun for example_branch_python_operator_decorator to 2024-10-09 00:00:00+00:00, run_after=2024-10-10 00:00:00+00:00
[2024-10-10T07:39:19.258+0000] {processor.py:208} INFO - Processing /home/airflow/.local/lib/python3.12/site-packages/airflow/example_dags/example_branch_operator_decorator.py took 0.058 seconds
[2024-10-10T08:02:59.849+0000] {processor.py:186} INFO - Started process (PID=39696) to work on /home/airflow/.local/lib/python3.12/site-packages/airflow/example_dags/example_branch_operator_decorator.py
[2024-10-10T08:02:59.849+0000] {processor.py:914} INFO - Processing file /home/airflow/.local/lib/python3.12/site-packages/airflow/example_dags/example_branch_operator_decorator.py for tasks to queue
[2024-10-10T08:02:59.850+0000] {logging_mixin.py:190} INFO - [2024-10-10T08:02:59.850+0000] {dagbag.py:587} INFO - Filling up the DagBag from /home/airflow/.local/lib/python3.12/site-packages/airflow/example_dags/example_branch_operator_decorator.py
[2024-10-10T08:02:59.859+0000] {processor.py:925} INFO - DAG(s) 'example_branch_python_operator_decorator' retrieved from /home/airflow/.local/lib/python3.12/site-packages/airflow/example_dags/example_branch_operator_decorator.py
[2024-10-10T08:02:59.894+0000] {logging_mixin.py:190} INFO - [2024-10-10T08:02:59.894+0000] {dag.py:3229} INFO - Sync 1 DAGs
[2024-10-10T08:02:59.905+0000] {logging_mixin.py:190} INFO - [2024-10-10T08:02:59.905+0000] {dag.py:4156} INFO - Setting next_dagrun for example_branch_python_operator_decorator to 2024-10-09 00:00:00+00:00, run_after=2024-10-10 00:00:00+00:00
[2024-10-10T08:02:59.912+0000] {processor.py:208} INFO - Processing /home/airflow/.local/lib/python3.12/site-packages/airflow/example_dags/example_branch_operator_decorator.py took 0.066 seconds
[2024-10-10T08:12:05.827+0000] {processor.py:186} INFO - Started process (PID=39767) to work on /home/airflow/.local/lib/python3.12/site-packages/airflow/example_dags/example_branch_operator_decorator.py
[2024-10-10T08:12:05.828+0000] {processor.py:914} INFO - Processing file /home/airflow/.local/lib/python3.12/site-packages/airflow/example_dags/example_branch_operator_decorator.py for tasks to queue
[2024-10-10T08:12:05.829+0000] {logging_mixin.py:190} INFO - [2024-10-10T08:12:05.829+0000] {dagbag.py:587} INFO - Filling up the DagBag from /home/airflow/.local/lib/python3.12/site-packages/airflow/example_dags/example_branch_operator_decorator.py
[2024-10-10T08:12:05.846+0000] {processor.py:925} INFO - DAG(s) 'example_branch_python_operator_decorator' retrieved from /home/airflow/.local/lib/python3.12/site-packages/airflow/example_dags/example_branch_operator_decorator.py
[2024-10-10T08:12:05.867+0000] {logging_mixin.py:190} INFO - [2024-10-10T08:12:05.867+0000] {dag.py:3229} INFO - Sync 1 DAGs
[2024-10-10T08:12:05.880+0000] {logging_mixin.py:190} INFO - [2024-10-10T08:12:05.880+0000] {dag.py:4156} INFO - Setting next_dagrun for example_branch_python_operator_decorator to 2024-10-09 00:00:00+00:00, run_after=2024-10-10 00:00:00+00:00
[2024-10-10T08:12:05.893+0000] {processor.py:208} INFO - Processing /home/airflow/.local/lib/python3.12/site-packages/airflow/example_dags/example_branch_operator_decorator.py took 0.069 seconds
[2024-10-10T08:24:33.996+0000] {processor.py:186} INFO - Started process (PID=39837) to work on /home/airflow/.local/lib/python3.12/site-packages/airflow/example_dags/example_branch_operator_decorator.py
[2024-10-10T08:24:33.997+0000] {processor.py:914} INFO - Processing file /home/airflow/.local/lib/python3.12/site-packages/airflow/example_dags/example_branch_operator_decorator.py for tasks to queue
[2024-10-10T08:24:33.998+0000] {logging_mixin.py:190} INFO - [2024-10-10T08:24:33.997+0000] {dagbag.py:587} INFO - Filling up the DagBag from /home/airflow/.local/lib/python3.12/site-packages/airflow/example_dags/example_branch_operator_decorator.py
[2024-10-10T08:24:34.009+0000] {processor.py:925} INFO - DAG(s) 'example_branch_python_operator_decorator' retrieved from /home/airflow/.local/lib/python3.12/site-packages/airflow/example_dags/example_branch_operator_decorator.py
[2024-10-10T08:24:34.023+0000] {logging_mixin.py:190} INFO - [2024-10-10T08:24:34.023+0000] {dag.py:3229} INFO - Sync 1 DAGs
[2024-10-10T08:24:34.042+0000] {logging_mixin.py:190} INFO - [2024-10-10T08:24:34.042+0000] {dag.py:4156} INFO - Setting next_dagrun for example_branch_python_operator_decorator to 2024-10-09 00:00:00+00:00, run_after=2024-10-10 00:00:00+00:00
[2024-10-10T08:24:34.068+0000] {processor.py:208} INFO - Processing /home/airflow/.local/lib/python3.12/site-packages/airflow/example_dags/example_branch_operator_decorator.py took 0.075 seconds
[2024-10-10T08:25:04.909+0000] {processor.py:186} INFO - Started process (PID=39909) to work on /home/airflow/.local/lib/python3.12/site-packages/airflow/example_dags/example_branch_operator_decorator.py
[2024-10-10T08:25:04.913+0000] {processor.py:914} INFO - Processing file /home/airflow/.local/lib/python3.12/site-packages/airflow/example_dags/example_branch_operator_decorator.py for tasks to queue
[2024-10-10T08:25:04.914+0000] {logging_mixin.py:190} INFO - [2024-10-10T08:25:04.914+0000] {dagbag.py:587} INFO - Filling up the DagBag from /home/airflow/.local/lib/python3.12/site-packages/airflow/example_dags/example_branch_operator_decorator.py
[2024-10-10T08:25:04.925+0000] {processor.py:925} INFO - DAG(s) 'example_branch_python_operator_decorator' retrieved from /home/airflow/.local/lib/python3.12/site-packages/airflow/example_dags/example_branch_operator_decorator.py
[2024-10-10T08:25:04.945+0000] {logging_mixin.py:190} INFO - [2024-10-10T08:25:04.945+0000] {dag.py:3229} INFO - Sync 1 DAGs
[2024-10-10T08:25:04.959+0000] {logging_mixin.py:190} INFO - [2024-10-10T08:25:04.959+0000] {dag.py:4156} INFO - Setting next_dagrun for example_branch_python_operator_decorator to 2024-10-09 00:00:00+00:00, run_after=2024-10-10 00:00:00+00:00
[2024-10-10T08:25:04.970+0000] {processor.py:208} INFO - Processing /home/airflow/.local/lib/python3.12/site-packages/airflow/example_dags/example_branch_operator_decorator.py took 0.064 seconds
[2024-10-10T09:14:58.358+0000] {processor.py:186} INFO - Started process (PID=39980) to work on /home/airflow/.local/lib/python3.12/site-packages/airflow/example_dags/example_branch_operator_decorator.py
[2024-10-10T09:14:58.359+0000] {processor.py:914} INFO - Processing file /home/airflow/.local/lib/python3.12/site-packages/airflow/example_dags/example_branch_operator_decorator.py for tasks to queue
[2024-10-10T09:14:58.360+0000] {logging_mixin.py:190} INFO - [2024-10-10T09:14:58.360+0000] {dagbag.py:587} INFO - Filling up the DagBag from /home/airflow/.local/lib/python3.12/site-packages/airflow/example_dags/example_branch_operator_decorator.py
[2024-10-10T09:14:58.374+0000] {processor.py:925} INFO - DAG(s) 'example_branch_python_operator_decorator' retrieved from /home/airflow/.local/lib/python3.12/site-packages/airflow/example_dags/example_branch_operator_decorator.py
[2024-10-10T09:14:58.394+0000] {logging_mixin.py:190} INFO - [2024-10-10T09:14:58.394+0000] {dag.py:3229} INFO - Sync 1 DAGs
[2024-10-10T09:14:58.408+0000] {logging_mixin.py:190} INFO - [2024-10-10T09:14:58.408+0000] {dag.py:4156} INFO - Setting next_dagrun for example_branch_python_operator_decorator to 2024-10-09 00:00:00+00:00, run_after=2024-10-10 00:00:00+00:00
[2024-10-10T09:14:58.420+0000] {processor.py:208} INFO - Processing /home/airflow/.local/lib/python3.12/site-packages/airflow/example_dags/example_branch_operator_decorator.py took 0.066 seconds
[2024-10-10T10:21:18.863+0000] {processor.py:186} INFO - Started process (PID=40051) to work on /home/airflow/.local/lib/python3.12/site-packages/airflow/example_dags/example_branch_operator_decorator.py
[2024-10-10T10:21:18.865+0000] {processor.py:914} INFO - Processing file /home/airflow/.local/lib/python3.12/site-packages/airflow/example_dags/example_branch_operator_decorator.py for tasks to queue
[2024-10-10T10:21:18.866+0000] {logging_mixin.py:190} INFO - [2024-10-10T10:21:18.866+0000] {dagbag.py:587} INFO - Filling up the DagBag from /home/airflow/.local/lib/python3.12/site-packages/airflow/example_dags/example_branch_operator_decorator.py
[2024-10-10T10:21:18.879+0000] {processor.py:925} INFO - DAG(s) 'example_branch_python_operator_decorator' retrieved from /home/airflow/.local/lib/python3.12/site-packages/airflow/example_dags/example_branch_operator_decorator.py
[2024-10-10T10:21:18.894+0000] {logging_mixin.py:190} INFO - [2024-10-10T10:21:18.894+0000] {dag.py:3229} INFO - Sync 1 DAGs
[2024-10-10T10:21:18.907+0000] {logging_mixin.py:190} INFO - [2024-10-10T10:21:18.907+0000] {dag.py:4156} INFO - Setting next_dagrun for example_branch_python_operator_decorator to 2024-10-09 00:00:00+00:00, run_after=2024-10-10 00:00:00+00:00
[2024-10-10T10:21:18.917+0000] {processor.py:208} INFO - Processing /home/airflow/.local/lib/python3.12/site-packages/airflow/example_dags/example_branch_operator_decorator.py took 0.059 seconds
[2024-10-10T10:44:15.660+0000] {processor.py:186} INFO - Started process (PID=40122) to work on /home/airflow/.local/lib/python3.12/site-packages/airflow/example_dags/example_branch_operator_decorator.py
[2024-10-10T10:44:15.663+0000] {processor.py:914} INFO - Processing file /home/airflow/.local/lib/python3.12/site-packages/airflow/example_dags/example_branch_operator_decorator.py for tasks to queue
[2024-10-10T10:44:15.664+0000] {logging_mixin.py:190} INFO - [2024-10-10T10:44:15.664+0000] {dagbag.py:587} INFO - Filling up the DagBag from /home/airflow/.local/lib/python3.12/site-packages/airflow/example_dags/example_branch_operator_decorator.py
[2024-10-10T10:44:15.675+0000] {processor.py:925} INFO - DAG(s) 'example_branch_python_operator_decorator' retrieved from /home/airflow/.local/lib/python3.12/site-packages/airflow/example_dags/example_branch_operator_decorator.py
[2024-10-10T10:44:15.691+0000] {logging_mixin.py:190} INFO - [2024-10-10T10:44:15.691+0000] {dag.py:3229} INFO - Sync 1 DAGs
[2024-10-10T10:44:15.702+0000] {logging_mixin.py:190} INFO - [2024-10-10T10:44:15.701+0000] {dag.py:4156} INFO - Setting next_dagrun for example_branch_python_operator_decorator to 2024-10-09 00:00:00+00:00, run_after=2024-10-10 00:00:00+00:00
[2024-10-10T10:44:15.712+0000] {processor.py:208} INFO - Processing /home/airflow/.local/lib/python3.12/site-packages/airflow/example_dags/example_branch_operator_decorator.py took 0.055 seconds
[2024-10-10T11:15:58.181+0000] {processor.py:186} INFO - Started process (PID=40193) to work on /home/airflow/.local/lib/python3.12/site-packages/airflow/example_dags/example_branch_operator_decorator.py
[2024-10-10T11:15:58.182+0000] {processor.py:914} INFO - Processing file /home/airflow/.local/lib/python3.12/site-packages/airflow/example_dags/example_branch_operator_decorator.py for tasks to queue
[2024-10-10T11:15:58.182+0000] {logging_mixin.py:190} INFO - [2024-10-10T11:15:58.182+0000] {dagbag.py:587} INFO - Filling up the DagBag from /home/airflow/.local/lib/python3.12/site-packages/airflow/example_dags/example_branch_operator_decorator.py
[2024-10-10T11:15:58.196+0000] {processor.py:925} INFO - DAG(s) 'example_branch_python_operator_decorator' retrieved from /home/airflow/.local/lib/python3.12/site-packages/airflow/example_dags/example_branch_operator_decorator.py
[2024-10-10T11:15:58.215+0000] {logging_mixin.py:190} INFO - [2024-10-10T11:15:58.215+0000] {dag.py:3229} INFO - Sync 1 DAGs
[2024-10-10T11:15:58.228+0000] {logging_mixin.py:190} INFO - [2024-10-10T11:15:58.228+0000] {dag.py:4156} INFO - Setting next_dagrun for example_branch_python_operator_decorator to 2024-10-09 00:00:00+00:00, run_after=2024-10-10 00:00:00+00:00
[2024-10-10T11:15:58.236+0000] {processor.py:208} INFO - Processing /home/airflow/.local/lib/python3.12/site-packages/airflow/example_dags/example_branch_operator_decorator.py took 0.059 seconds
[2024-10-10T11:16:28.825+0000] {processor.py:186} INFO - Started process (PID=40264) to work on /home/airflow/.local/lib/python3.12/site-packages/airflow/example_dags/example_branch_operator_decorator.py
[2024-10-10T11:16:28.825+0000] {processor.py:914} INFO - Processing file /home/airflow/.local/lib/python3.12/site-packages/airflow/example_dags/example_branch_operator_decorator.py for tasks to queue
[2024-10-10T11:16:28.826+0000] {logging_mixin.py:190} INFO - [2024-10-10T11:16:28.826+0000] {dagbag.py:587} INFO - Filling up the DagBag from /home/airflow/.local/lib/python3.12/site-packages/airflow/example_dags/example_branch_operator_decorator.py
[2024-10-10T11:16:28.840+0000] {processor.py:925} INFO - DAG(s) 'example_branch_python_operator_decorator' retrieved from /home/airflow/.local/lib/python3.12/site-packages/airflow/example_dags/example_branch_operator_decorator.py
[2024-10-10T11:16:28.855+0000] {logging_mixin.py:190} INFO - [2024-10-10T11:16:28.855+0000] {dag.py:3229} INFO - Sync 1 DAGs
[2024-10-10T11:16:28.866+0000] {logging_mixin.py:190} INFO - [2024-10-10T11:16:28.866+0000] {dag.py:4156} INFO - Setting next_dagrun for example_branch_python_operator_decorator to 2024-10-09 00:00:00+00:00, run_after=2024-10-10 00:00:00+00:00
[2024-10-10T11:16:28.875+0000] {processor.py:208} INFO - Processing /home/airflow/.local/lib/python3.12/site-packages/airflow/example_dags/example_branch_operator_decorator.py took 0.053 seconds
[2024-10-10T12:21:22.708+0000] {processor.py:186} INFO - Started process (PID=40335) to work on /home/airflow/.local/lib/python3.12/site-packages/airflow/example_dags/example_branch_operator_decorator.py
[2024-10-10T12:21:22.709+0000] {processor.py:914} INFO - Processing file /home/airflow/.local/lib/python3.12/site-packages/airflow/example_dags/example_branch_operator_decorator.py for tasks to queue
[2024-10-10T12:21:22.711+0000] {logging_mixin.py:190} INFO - [2024-10-10T12:21:22.710+0000] {dagbag.py:587} INFO - Filling up the DagBag from /home/airflow/.local/lib/python3.12/site-packages/airflow/example_dags/example_branch_operator_decorator.py
[2024-10-10T12:21:22.725+0000] {processor.py:925} INFO - DAG(s) 'example_branch_python_operator_decorator' retrieved from /home/airflow/.local/lib/python3.12/site-packages/airflow/example_dags/example_branch_operator_decorator.py
[2024-10-10T12:21:22.740+0000] {logging_mixin.py:190} INFO - [2024-10-10T12:21:22.740+0000] {dag.py:3229} INFO - Sync 1 DAGs
[2024-10-10T12:21:22.752+0000] {logging_mixin.py:190} INFO - [2024-10-10T12:21:22.752+0000] {dag.py:4156} INFO - Setting next_dagrun for example_branch_python_operator_decorator to 2024-10-09 00:00:00+00:00, run_after=2024-10-10 00:00:00+00:00
[2024-10-10T12:21:22.759+0000] {processor.py:208} INFO - Processing /home/airflow/.local/lib/python3.12/site-packages/airflow/example_dags/example_branch_operator_decorator.py took 0.054 seconds
[2024-10-10T12:50:52.492+0000] {processor.py:186} INFO - Started process (PID=40405) to work on /home/airflow/.local/lib/python3.12/site-packages/airflow/example_dags/example_branch_operator_decorator.py
[2024-10-10T12:50:52.495+0000] {processor.py:914} INFO - Processing file /home/airflow/.local/lib/python3.12/site-packages/airflow/example_dags/example_branch_operator_decorator.py for tasks to queue
[2024-10-10T12:50:52.496+0000] {logging_mixin.py:190} INFO - [2024-10-10T12:50:52.496+0000] {dagbag.py:587} INFO - Filling up the DagBag from /home/airflow/.local/lib/python3.12/site-packages/airflow/example_dags/example_branch_operator_decorator.py
[2024-10-10T12:50:52.505+0000] {processor.py:925} INFO - DAG(s) 'example_branch_python_operator_decorator' retrieved from /home/airflow/.local/lib/python3.12/site-packages/airflow/example_dags/example_branch_operator_decorator.py
[2024-10-10T12:50:52.520+0000] {logging_mixin.py:190} INFO - [2024-10-10T12:50:52.520+0000] {dag.py:3229} INFO - Sync 1 DAGs
[2024-10-10T12:50:52.531+0000] {logging_mixin.py:190} INFO - [2024-10-10T12:50:52.531+0000] {dag.py:4156} INFO - Setting next_dagrun for example_branch_python_operator_decorator to 2024-10-09 00:00:00+00:00, run_after=2024-10-10 00:00:00+00:00
[2024-10-10T12:50:52.539+0000] {processor.py:208} INFO - Processing /home/airflow/.local/lib/python3.12/site-packages/airflow/example_dags/example_branch_operator_decorator.py took 0.050 seconds
[2024-10-10T13:08:19.513+0000] {processor.py:186} INFO - Started process (PID=40476) to work on /home/airflow/.local/lib/python3.12/site-packages/airflow/example_dags/example_branch_operator_decorator.py
[2024-10-10T13:08:19.516+0000] {processor.py:914} INFO - Processing file /home/airflow/.local/lib/python3.12/site-packages/airflow/example_dags/example_branch_operator_decorator.py for tasks to queue
[2024-10-10T13:08:19.517+0000] {logging_mixin.py:190} INFO - [2024-10-10T13:08:19.517+0000] {dagbag.py:587} INFO - Filling up the DagBag from /home/airflow/.local/lib/python3.12/site-packages/airflow/example_dags/example_branch_operator_decorator.py
[2024-10-10T13:08:19.538+0000] {processor.py:925} INFO - DAG(s) 'example_branch_python_operator_decorator' retrieved from /home/airflow/.local/lib/python3.12/site-packages/airflow/example_dags/example_branch_operator_decorator.py
[2024-10-10T13:08:19.559+0000] {logging_mixin.py:190} INFO - [2024-10-10T13:08:19.559+0000] {dag.py:3229} INFO - Sync 1 DAGs
[2024-10-10T13:08:19.590+0000] {logging_mixin.py:190} INFO - [2024-10-10T13:08:19.590+0000] {dag.py:4156} INFO - Setting next_dagrun for example_branch_python_operator_decorator to 2024-10-09 00:00:00+00:00, run_after=2024-10-10 00:00:00+00:00
[2024-10-10T13:08:19.602+0000] {processor.py:208} INFO - Processing /home/airflow/.local/lib/python3.12/site-packages/airflow/example_dags/example_branch_operator_decorator.py took 0.099 seconds
[2024-10-10T13:51:03.661+0000] {processor.py:186} INFO - Started process (PID=40547) to work on /home/airflow/.local/lib/python3.12/site-packages/airflow/example_dags/example_branch_operator_decorator.py
[2024-10-10T13:51:03.662+0000] {processor.py:914} INFO - Processing file /home/airflow/.local/lib/python3.12/site-packages/airflow/example_dags/example_branch_operator_decorator.py for tasks to queue
[2024-10-10T13:51:03.662+0000] {logging_mixin.py:190} INFO - [2024-10-10T13:51:03.662+0000] {dagbag.py:587} INFO - Filling up the DagBag from /home/airflow/.local/lib/python3.12/site-packages/airflow/example_dags/example_branch_operator_decorator.py
[2024-10-10T13:51:03.676+0000] {processor.py:925} INFO - DAG(s) 'example_branch_python_operator_decorator' retrieved from /home/airflow/.local/lib/python3.12/site-packages/airflow/example_dags/example_branch_operator_decorator.py
[2024-10-10T13:51:03.692+0000] {logging_mixin.py:190} INFO - [2024-10-10T13:51:03.691+0000] {dag.py:3229} INFO - Sync 1 DAGs
[2024-10-10T13:51:03.703+0000] {logging_mixin.py:190} INFO - [2024-10-10T13:51:03.703+0000] {dag.py:4156} INFO - Setting next_dagrun for example_branch_python_operator_decorator to 2024-10-09 00:00:00+00:00, run_after=2024-10-10 00:00:00+00:00
[2024-10-10T13:51:03.712+0000] {processor.py:208} INFO - Processing /home/airflow/.local/lib/python3.12/site-packages/airflow/example_dags/example_branch_operator_decorator.py took 0.054 seconds
[2024-10-10T14:18:17.547+0000] {processor.py:186} INFO - Started process (PID=40618) to work on /home/airflow/.local/lib/python3.12/site-packages/airflow/example_dags/example_branch_operator_decorator.py
[2024-10-10T14:18:17.548+0000] {processor.py:914} INFO - Processing file /home/airflow/.local/lib/python3.12/site-packages/airflow/example_dags/example_branch_operator_decorator.py for tasks to queue
[2024-10-10T14:18:17.549+0000] {logging_mixin.py:190} INFO - [2024-10-10T14:18:17.549+0000] {dagbag.py:587} INFO - Filling up the DagBag from /home/airflow/.local/lib/python3.12/site-packages/airflow/example_dags/example_branch_operator_decorator.py
[2024-10-10T14:18:17.559+0000] {processor.py:925} INFO - DAG(s) 'example_branch_python_operator_decorator' retrieved from /home/airflow/.local/lib/python3.12/site-packages/airflow/example_dags/example_branch_operator_decorator.py
[2024-10-10T14:18:17.587+0000] {logging_mixin.py:190} INFO - [2024-10-10T14:18:17.587+0000] {dag.py:3229} INFO - Sync 1 DAGs
[2024-10-10T14:18:17.607+0000] {logging_mixin.py:190} INFO - [2024-10-10T14:18:17.607+0000] {dag.py:4156} INFO - Setting next_dagrun for example_branch_python_operator_decorator to 2024-10-09 00:00:00+00:00, run_after=2024-10-10 00:00:00+00:00
[2024-10-10T14:18:17.624+0000] {processor.py:208} INFO - Processing /home/airflow/.local/lib/python3.12/site-packages/airflow/example_dags/example_branch_operator_decorator.py took 0.080 seconds
[2024-10-10T14:50:16.930+0000] {processor.py:186} INFO - Started process (PID=40689) to work on /home/airflow/.local/lib/python3.12/site-packages/airflow/example_dags/example_branch_operator_decorator.py
[2024-10-10T14:50:16.934+0000] {processor.py:914} INFO - Processing file /home/airflow/.local/lib/python3.12/site-packages/airflow/example_dags/example_branch_operator_decorator.py for tasks to queue
[2024-10-10T14:50:16.934+0000] {logging_mixin.py:190} INFO - [2024-10-10T14:50:16.934+0000] {dagbag.py:587} INFO - Filling up the DagBag from /home/airflow/.local/lib/python3.12/site-packages/airflow/example_dags/example_branch_operator_decorator.py
[2024-10-10T14:50:16.945+0000] {processor.py:925} INFO - DAG(s) 'example_branch_python_operator_decorator' retrieved from /home/airflow/.local/lib/python3.12/site-packages/airflow/example_dags/example_branch_operator_decorator.py
[2024-10-10T14:50:16.960+0000] {logging_mixin.py:190} INFO - [2024-10-10T14:50:16.960+0000] {dag.py:3229} INFO - Sync 1 DAGs
[2024-10-10T14:50:16.972+0000] {logging_mixin.py:190} INFO - [2024-10-10T14:50:16.971+0000] {dag.py:4156} INFO - Setting next_dagrun for example_branch_python_operator_decorator to 2024-10-09 00:00:00+00:00, run_after=2024-10-10 00:00:00+00:00
[2024-10-10T14:50:16.980+0000] {processor.py:208} INFO - Processing /home/airflow/.local/lib/python3.12/site-packages/airflow/example_dags/example_branch_operator_decorator.py took 0.052 seconds
[2024-10-10T15:19:02.338+0000] {processor.py:186} INFO - Started process (PID=40760) to work on /home/airflow/.local/lib/python3.12/site-packages/airflow/example_dags/example_branch_operator_decorator.py
[2024-10-10T15:19:02.339+0000] {processor.py:914} INFO - Processing file /home/airflow/.local/lib/python3.12/site-packages/airflow/example_dags/example_branch_operator_decorator.py for tasks to queue
[2024-10-10T15:19:02.340+0000] {logging_mixin.py:190} INFO - [2024-10-10T15:19:02.339+0000] {dagbag.py:587} INFO - Filling up the DagBag from /home/airflow/.local/lib/python3.12/site-packages/airflow/example_dags/example_branch_operator_decorator.py
[2024-10-10T15:19:02.351+0000] {processor.py:925} INFO - DAG(s) 'example_branch_python_operator_decorator' retrieved from /home/airflow/.local/lib/python3.12/site-packages/airflow/example_dags/example_branch_operator_decorator.py
[2024-10-10T15:19:02.370+0000] {logging_mixin.py:190} INFO - [2024-10-10T15:19:02.370+0000] {dag.py:3229} INFO - Sync 1 DAGs
[2024-10-10T15:19:02.392+0000] {logging_mixin.py:190} INFO - [2024-10-10T15:19:02.391+0000] {dag.py:4156} INFO - Setting next_dagrun for example_branch_python_operator_decorator to 2024-10-09 00:00:00+00:00, run_after=2024-10-10 00:00:00+00:00
[2024-10-10T15:19:02.407+0000] {processor.py:208} INFO - Processing /home/airflow/.local/lib/python3.12/site-packages/airflow/example_dags/example_branch_operator_decorator.py took 0.072 seconds
[2024-10-10T15:50:09.452+0000] {processor.py:186} INFO - Started process (PID=40831) to work on /home/airflow/.local/lib/python3.12/site-packages/airflow/example_dags/example_branch_operator_decorator.py
[2024-10-10T15:50:09.453+0000] {processor.py:914} INFO - Processing file /home/airflow/.local/lib/python3.12/site-packages/airflow/example_dags/example_branch_operator_decorator.py for tasks to queue
[2024-10-10T15:50:09.453+0000] {logging_mixin.py:190} INFO - [2024-10-10T15:50:09.453+0000] {dagbag.py:587} INFO - Filling up the DagBag from /home/airflow/.local/lib/python3.12/site-packages/airflow/example_dags/example_branch_operator_decorator.py
[2024-10-10T15:50:09.464+0000] {processor.py:925} INFO - DAG(s) 'example_branch_python_operator_decorator' retrieved from /home/airflow/.local/lib/python3.12/site-packages/airflow/example_dags/example_branch_operator_decorator.py
[2024-10-10T15:50:09.478+0000] {logging_mixin.py:190} INFO - [2024-10-10T15:50:09.478+0000] {dag.py:3229} INFO - Sync 1 DAGs
[2024-10-10T15:50:09.492+0000] {logging_mixin.py:190} INFO - [2024-10-10T15:50:09.492+0000] {dag.py:4156} INFO - Setting next_dagrun for example_branch_python_operator_decorator to 2024-10-09 00:00:00+00:00, run_after=2024-10-10 00:00:00+00:00
[2024-10-10T15:50:09.501+0000] {processor.py:208} INFO - Processing /home/airflow/.local/lib/python3.12/site-packages/airflow/example_dags/example_branch_operator_decorator.py took 0.052 seconds
[2024-10-10T16:36:38.447+0000] {processor.py:186} INFO - Started process (PID=40902) to work on /home/airflow/.local/lib/python3.12/site-packages/airflow/example_dags/example_branch_operator_decorator.py
[2024-10-10T16:36:38.448+0000] {processor.py:914} INFO - Processing file /home/airflow/.local/lib/python3.12/site-packages/airflow/example_dags/example_branch_operator_decorator.py for tasks to queue
[2024-10-10T16:36:38.449+0000] {logging_mixin.py:190} INFO - [2024-10-10T16:36:38.449+0000] {dagbag.py:587} INFO - Filling up the DagBag from /home/airflow/.local/lib/python3.12/site-packages/airflow/example_dags/example_branch_operator_decorator.py
[2024-10-10T16:36:38.477+0000] {processor.py:925} INFO - DAG(s) 'example_branch_python_operator_decorator' retrieved from /home/airflow/.local/lib/python3.12/site-packages/airflow/example_dags/example_branch_operator_decorator.py
[2024-10-10T16:36:38.526+0000] {logging_mixin.py:190} INFO - [2024-10-10T16:36:38.526+0000] {dag.py:3229} INFO - Sync 1 DAGs
[2024-10-10T16:36:38.546+0000] {logging_mixin.py:190} INFO - [2024-10-10T16:36:38.546+0000] {dag.py:4156} INFO - Setting next_dagrun for example_branch_python_operator_decorator to 2024-10-09 00:00:00+00:00, run_after=2024-10-10 00:00:00+00:00
[2024-10-10T16:36:38.570+0000] {processor.py:208} INFO - Processing /home/airflow/.local/lib/python3.12/site-packages/airflow/example_dags/example_branch_operator_decorator.py took 0.130 seconds
[2024-10-10T16:45:46.950+0000] {processor.py:186} INFO - Started process (PID=40973) to work on /home/airflow/.local/lib/python3.12/site-packages/airflow/example_dags/example_branch_operator_decorator.py
[2024-10-10T16:45:46.952+0000] {processor.py:914} INFO - Processing file /home/airflow/.local/lib/python3.12/site-packages/airflow/example_dags/example_branch_operator_decorator.py for tasks to queue
[2024-10-10T16:45:46.953+0000] {logging_mixin.py:190} INFO - [2024-10-10T16:45:46.953+0000] {dagbag.py:587} INFO - Filling up the DagBag from /home/airflow/.local/lib/python3.12/site-packages/airflow/example_dags/example_branch_operator_decorator.py
[2024-10-10T16:45:46.963+0000] {processor.py:925} INFO - DAG(s) 'example_branch_python_operator_decorator' retrieved from /home/airflow/.local/lib/python3.12/site-packages/airflow/example_dags/example_branch_operator_decorator.py
[2024-10-10T16:45:46.976+0000] {logging_mixin.py:190} INFO - [2024-10-10T16:45:46.976+0000] {dag.py:3229} INFO - Sync 1 DAGs
[2024-10-10T16:45:46.991+0000] {logging_mixin.py:190} INFO - [2024-10-10T16:45:46.991+0000] {dag.py:4156} INFO - Setting next_dagrun for example_branch_python_operator_decorator to 2024-10-09 00:00:00+00:00, run_after=2024-10-10 00:00:00+00:00
[2024-10-10T16:45:47.000+0000] {processor.py:208} INFO - Processing /home/airflow/.local/lib/python3.12/site-packages/airflow/example_dags/example_branch_operator_decorator.py took 0.052 seconds
[2024-10-10T17:20:01.693+0000] {processor.py:186} INFO - Started process (PID=41043) to work on /home/airflow/.local/lib/python3.12/site-packages/airflow/example_dags/example_branch_operator_decorator.py
[2024-10-10T17:20:01.694+0000] {processor.py:914} INFO - Processing file /home/airflow/.local/lib/python3.12/site-packages/airflow/example_dags/example_branch_operator_decorator.py for tasks to queue
[2024-10-10T17:20:01.695+0000] {logging_mixin.py:190} INFO - [2024-10-10T17:20:01.694+0000] {dagbag.py:587} INFO - Filling up the DagBag from /home/airflow/.local/lib/python3.12/site-packages/airflow/example_dags/example_branch_operator_decorator.py
[2024-10-10T17:20:01.706+0000] {processor.py:925} INFO - DAG(s) 'example_branch_python_operator_decorator' retrieved from /home/airflow/.local/lib/python3.12/site-packages/airflow/example_dags/example_branch_operator_decorator.py
[2024-10-10T17:20:01.721+0000] {logging_mixin.py:190} INFO - [2024-10-10T17:20:01.721+0000] {dag.py:3229} INFO - Sync 1 DAGs
[2024-10-10T17:20:01.732+0000] {logging_mixin.py:190} INFO - [2024-10-10T17:20:01.732+0000] {dag.py:4156} INFO - Setting next_dagrun for example_branch_python_operator_decorator to 2024-10-09 00:00:00+00:00, run_after=2024-10-10 00:00:00+00:00
[2024-10-10T17:20:01.744+0000] {processor.py:208} INFO - Processing /home/airflow/.local/lib/python3.12/site-packages/airflow/example_dags/example_branch_operator_decorator.py took 0.055 seconds
[2024-10-10T18:21:01.534+0000] {processor.py:186} INFO - Started process (PID=41114) to work on /home/airflow/.local/lib/python3.12/site-packages/airflow/example_dags/example_branch_operator_decorator.py
[2024-10-10T18:21:01.536+0000] {processor.py:914} INFO - Processing file /home/airflow/.local/lib/python3.12/site-packages/airflow/example_dags/example_branch_operator_decorator.py for tasks to queue
[2024-10-10T18:21:01.540+0000] {logging_mixin.py:190} INFO - [2024-10-10T18:21:01.539+0000] {dagbag.py:587} INFO - Filling up the DagBag from /home/airflow/.local/lib/python3.12/site-packages/airflow/example_dags/example_branch_operator_decorator.py
[2024-10-10T18:21:01.550+0000] {processor.py:925} INFO - DAG(s) 'example_branch_python_operator_decorator' retrieved from /home/airflow/.local/lib/python3.12/site-packages/airflow/example_dags/example_branch_operator_decorator.py
[2024-10-10T18:21:01.565+0000] {logging_mixin.py:190} INFO - [2024-10-10T18:21:01.565+0000] {dag.py:3229} INFO - Sync 1 DAGs
[2024-10-10T18:21:01.576+0000] {logging_mixin.py:190} INFO - [2024-10-10T18:21:01.576+0000] {dag.py:4156} INFO - Setting next_dagrun for example_branch_python_operator_decorator to 2024-10-09 00:00:00+00:00, run_after=2024-10-10 00:00:00+00:00
[2024-10-10T18:21:01.587+0000] {processor.py:208} INFO - Processing /home/airflow/.local/lib/python3.12/site-packages/airflow/example_dags/example_branch_operator_decorator.py took 0.057 seconds
[2024-10-10T18:38:27.485+0000] {processor.py:186} INFO - Started process (PID=41185) to work on /home/airflow/.local/lib/python3.12/site-packages/airflow/example_dags/example_branch_operator_decorator.py
[2024-10-10T18:38:27.487+0000] {processor.py:914} INFO - Processing file /home/airflow/.local/lib/python3.12/site-packages/airflow/example_dags/example_branch_operator_decorator.py for tasks to queue
[2024-10-10T18:38:27.487+0000] {logging_mixin.py:190} INFO - [2024-10-10T18:38:27.487+0000] {dagbag.py:587} INFO - Filling up the DagBag from /home/airflow/.local/lib/python3.12/site-packages/airflow/example_dags/example_branch_operator_decorator.py
[2024-10-10T18:38:27.500+0000] {processor.py:925} INFO - DAG(s) 'example_branch_python_operator_decorator' retrieved from /home/airflow/.local/lib/python3.12/site-packages/airflow/example_dags/example_branch_operator_decorator.py
[2024-10-10T18:38:27.531+0000] {logging_mixin.py:190} INFO - [2024-10-10T18:38:27.531+0000] {dag.py:3229} INFO - Sync 1 DAGs
[2024-10-10T18:38:27.547+0000] {logging_mixin.py:190} INFO - [2024-10-10T18:38:27.547+0000] {dag.py:4156} INFO - Setting next_dagrun for example_branch_python_operator_decorator to 2024-10-09 00:00:00+00:00, run_after=2024-10-10 00:00:00+00:00
[2024-10-10T18:38:27.560+0000] {processor.py:208} INFO - Processing /home/airflow/.local/lib/python3.12/site-packages/airflow/example_dags/example_branch_operator_decorator.py took 0.080 seconds
[2024-10-10T19:39:11.888+0000] {processor.py:186} INFO - Started process (PID=41256) to work on /home/airflow/.local/lib/python3.12/site-packages/airflow/example_dags/example_branch_operator_decorator.py
[2024-10-10T19:39:11.891+0000] {processor.py:914} INFO - Processing file /home/airflow/.local/lib/python3.12/site-packages/airflow/example_dags/example_branch_operator_decorator.py for tasks to queue
[2024-10-10T19:39:11.892+0000] {logging_mixin.py:190} INFO - [2024-10-10T19:39:11.892+0000] {dagbag.py:587} INFO - Filling up the DagBag from /home/airflow/.local/lib/python3.12/site-packages/airflow/example_dags/example_branch_operator_decorator.py
[2024-10-10T19:39:11.904+0000] {processor.py:925} INFO - DAG(s) 'example_branch_python_operator_decorator' retrieved from /home/airflow/.local/lib/python3.12/site-packages/airflow/example_dags/example_branch_operator_decorator.py
[2024-10-10T19:39:11.918+0000] {logging_mixin.py:190} INFO - [2024-10-10T19:39:11.918+0000] {dag.py:3229} INFO - Sync 1 DAGs
[2024-10-10T19:39:11.929+0000] {logging_mixin.py:190} INFO - [2024-10-10T19:39:11.928+0000] {dag.py:4156} INFO - Setting next_dagrun for example_branch_python_operator_decorator to 2024-10-09 00:00:00+00:00, run_after=2024-10-10 00:00:00+00:00
[2024-10-10T19:39:11.940+0000] {processor.py:208} INFO - Processing /home/airflow/.local/lib/python3.12/site-packages/airflow/example_dags/example_branch_operator_decorator.py took 0.055 seconds
[2024-10-10T20:23:15.741+0000] {processor.py:186} INFO - Started process (PID=41327) to work on /home/airflow/.local/lib/python3.12/site-packages/airflow/example_dags/example_branch_operator_decorator.py
[2024-10-10T20:23:15.743+0000] {processor.py:914} INFO - Processing file /home/airflow/.local/lib/python3.12/site-packages/airflow/example_dags/example_branch_operator_decorator.py for tasks to queue
[2024-10-10T20:23:15.745+0000] {logging_mixin.py:190} INFO - [2024-10-10T20:23:15.744+0000] {dagbag.py:587} INFO - Filling up the DagBag from /home/airflow/.local/lib/python3.12/site-packages/airflow/example_dags/example_branch_operator_decorator.py
[2024-10-10T20:23:15.770+0000] {processor.py:925} INFO - DAG(s) 'example_branch_python_operator_decorator' retrieved from /home/airflow/.local/lib/python3.12/site-packages/airflow/example_dags/example_branch_operator_decorator.py
[2024-10-10T20:23:15.797+0000] {logging_mixin.py:190} INFO - [2024-10-10T20:23:15.797+0000] {dag.py:3229} INFO - Sync 1 DAGs
[2024-10-10T20:23:15.813+0000] {logging_mixin.py:190} INFO - [2024-10-10T20:23:15.813+0000] {dag.py:4156} INFO - Setting next_dagrun for example_branch_python_operator_decorator to 2024-10-09 00:00:00+00:00, run_after=2024-10-10 00:00:00+00:00
[2024-10-10T20:23:15.835+0000] {processor.py:208} INFO - Processing /home/airflow/.local/lib/python3.12/site-packages/airflow/example_dags/example_branch_operator_decorator.py took 0.105 seconds
[2024-10-10T20:54:20.704+0000] {processor.py:186} INFO - Started process (PID=41398) to work on /home/airflow/.local/lib/python3.12/site-packages/airflow/example_dags/example_branch_operator_decorator.py
[2024-10-10T20:54:20.704+0000] {processor.py:914} INFO - Processing file /home/airflow/.local/lib/python3.12/site-packages/airflow/example_dags/example_branch_operator_decorator.py for tasks to queue
[2024-10-10T20:54:20.705+0000] {logging_mixin.py:190} INFO - [2024-10-10T20:54:20.705+0000] {dagbag.py:587} INFO - Filling up the DagBag from /home/airflow/.local/lib/python3.12/site-packages/airflow/example_dags/example_branch_operator_decorator.py
[2024-10-10T20:54:20.718+0000] {processor.py:925} INFO - DAG(s) 'example_branch_python_operator_decorator' retrieved from /home/airflow/.local/lib/python3.12/site-packages/airflow/example_dags/example_branch_operator_decorator.py
[2024-10-10T20:54:20.734+0000] {logging_mixin.py:190} INFO - [2024-10-10T20:54:20.734+0000] {dag.py:3229} INFO - Sync 1 DAGs
[2024-10-10T20:54:20.745+0000] {logging_mixin.py:190} INFO - [2024-10-10T20:54:20.745+0000] {dag.py:4156} INFO - Setting next_dagrun for example_branch_python_operator_decorator to 2024-10-09 00:00:00+00:00, run_after=2024-10-10 00:00:00+00:00
[2024-10-10T20:54:20.756+0000] {processor.py:208} INFO - Processing /home/airflow/.local/lib/python3.12/site-packages/airflow/example_dags/example_branch_operator_decorator.py took 0.055 seconds
[2024-10-10T21:24:08.646+0000] {processor.py:186} INFO - Started process (PID=41469) to work on /home/airflow/.local/lib/python3.12/site-packages/airflow/example_dags/example_branch_operator_decorator.py
[2024-10-10T21:24:08.646+0000] {processor.py:914} INFO - Processing file /home/airflow/.local/lib/python3.12/site-packages/airflow/example_dags/example_branch_operator_decorator.py for tasks to queue
[2024-10-10T21:24:08.647+0000] {logging_mixin.py:190} INFO - [2024-10-10T21:24:08.647+0000] {dagbag.py:587} INFO - Filling up the DagBag from /home/airflow/.local/lib/python3.12/site-packages/airflow/example_dags/example_branch_operator_decorator.py
[2024-10-10T21:24:08.656+0000] {processor.py:925} INFO - DAG(s) 'example_branch_python_operator_decorator' retrieved from /home/airflow/.local/lib/python3.12/site-packages/airflow/example_dags/example_branch_operator_decorator.py
[2024-10-10T21:24:08.668+0000] {logging_mixin.py:190} INFO - [2024-10-10T21:24:08.668+0000] {dag.py:3229} INFO - Sync 1 DAGs
[2024-10-10T21:24:08.679+0000] {logging_mixin.py:190} INFO - [2024-10-10T21:24:08.679+0000] {dag.py:4156} INFO - Setting next_dagrun for example_branch_python_operator_decorator to 2024-10-09 00:00:00+00:00, run_after=2024-10-10 00:00:00+00:00
[2024-10-10T21:24:08.685+0000] {processor.py:208} INFO - Processing /home/airflow/.local/lib/python3.12/site-packages/airflow/example_dags/example_branch_operator_decorator.py took 0.042 seconds
[2024-10-10T21:24:39.267+0000] {processor.py:186} INFO - Started process (PID=41540) to work on /home/airflow/.local/lib/python3.12/site-packages/airflow/example_dags/example_branch_operator_decorator.py
[2024-10-10T21:24:39.268+0000] {processor.py:914} INFO - Processing file /home/airflow/.local/lib/python3.12/site-packages/airflow/example_dags/example_branch_operator_decorator.py for tasks to queue
[2024-10-10T21:24:39.269+0000] {logging_mixin.py:190} INFO - [2024-10-10T21:24:39.269+0000] {dagbag.py:587} INFO - Filling up the DagBag from /home/airflow/.local/lib/python3.12/site-packages/airflow/example_dags/example_branch_operator_decorator.py
[2024-10-10T21:24:39.284+0000] {processor.py:925} INFO - DAG(s) 'example_branch_python_operator_decorator' retrieved from /home/airflow/.local/lib/python3.12/site-packages/airflow/example_dags/example_branch_operator_decorator.py
[2024-10-10T21:24:39.301+0000] {logging_mixin.py:190} INFO - [2024-10-10T21:24:39.301+0000] {dag.py:3229} INFO - Sync 1 DAGs
[2024-10-10T21:24:39.318+0000] {logging_mixin.py:190} INFO - [2024-10-10T21:24:39.318+0000] {dag.py:4156} INFO - Setting next_dagrun for example_branch_python_operator_decorator to 2024-10-09 00:00:00+00:00, run_after=2024-10-10 00:00:00+00:00
[2024-10-10T21:24:39.329+0000] {processor.py:208} INFO - Processing /home/airflow/.local/lib/python3.12/site-packages/airflow/example_dags/example_branch_operator_decorator.py took 0.066 seconds
[2024-10-10T21:43:35.762+0000] {processor.py:186} INFO - Started process (PID=41611) to work on /home/airflow/.local/lib/python3.12/site-packages/airflow/example_dags/example_branch_operator_decorator.py
[2024-10-10T21:43:35.763+0000] {processor.py:914} INFO - Processing file /home/airflow/.local/lib/python3.12/site-packages/airflow/example_dags/example_branch_operator_decorator.py for tasks to queue
[2024-10-10T21:43:35.767+0000] {logging_mixin.py:190} INFO - [2024-10-10T21:43:35.767+0000] {dagbag.py:587} INFO - Filling up the DagBag from /home/airflow/.local/lib/python3.12/site-packages/airflow/example_dags/example_branch_operator_decorator.py
[2024-10-10T21:43:35.789+0000] {processor.py:925} INFO - DAG(s) 'example_branch_python_operator_decorator' retrieved from /home/airflow/.local/lib/python3.12/site-packages/airflow/example_dags/example_branch_operator_decorator.py
[2024-10-10T21:43:35.813+0000] {logging_mixin.py:190} INFO - [2024-10-10T21:43:35.812+0000] {dag.py:3229} INFO - Sync 1 DAGs
[2024-10-10T21:43:35.847+0000] {logging_mixin.py:190} INFO - [2024-10-10T21:43:35.846+0000] {dag.py:4156} INFO - Setting next_dagrun for example_branch_python_operator_decorator to 2024-10-09 00:00:00+00:00, run_after=2024-10-10 00:00:00+00:00
[2024-10-10T21:43:35.864+0000] {processor.py:208} INFO - Processing /home/airflow/.local/lib/python3.12/site-packages/airflow/example_dags/example_branch_operator_decorator.py took 0.106 seconds
[2024-10-10T22:17:48.513+0000] {processor.py:186} INFO - Started process (PID=41682) to work on /home/airflow/.local/lib/python3.12/site-packages/airflow/example_dags/example_branch_operator_decorator.py
[2024-10-10T22:17:48.514+0000] {processor.py:914} INFO - Processing file /home/airflow/.local/lib/python3.12/site-packages/airflow/example_dags/example_branch_operator_decorator.py for tasks to queue
[2024-10-10T22:17:48.515+0000] {logging_mixin.py:190} INFO - [2024-10-10T22:17:48.515+0000] {dagbag.py:587} INFO - Filling up the DagBag from /home/airflow/.local/lib/python3.12/site-packages/airflow/example_dags/example_branch_operator_decorator.py
[2024-10-10T22:17:48.527+0000] {processor.py:925} INFO - DAG(s) 'example_branch_python_operator_decorator' retrieved from /home/airflow/.local/lib/python3.12/site-packages/airflow/example_dags/example_branch_operator_decorator.py
[2024-10-10T22:17:48.544+0000] {logging_mixin.py:190} INFO - [2024-10-10T22:17:48.544+0000] {dag.py:3229} INFO - Sync 1 DAGs
[2024-10-10T22:17:48.560+0000] {logging_mixin.py:190} INFO - [2024-10-10T22:17:48.560+0000] {dag.py:4156} INFO - Setting next_dagrun for example_branch_python_operator_decorator to 2024-10-09 00:00:00+00:00, run_after=2024-10-10 00:00:00+00:00
[2024-10-10T22:17:48.579+0000] {processor.py:208} INFO - Processing /home/airflow/.local/lib/python3.12/site-packages/airflow/example_dags/example_branch_operator_decorator.py took 0.070 seconds
[2024-10-10T22:46:08.963+0000] {processor.py:186} INFO - Started process (PID=41753) to work on /home/airflow/.local/lib/python3.12/site-packages/airflow/example_dags/example_branch_operator_decorator.py
[2024-10-10T22:46:08.964+0000] {processor.py:914} INFO - Processing file /home/airflow/.local/lib/python3.12/site-packages/airflow/example_dags/example_branch_operator_decorator.py for tasks to queue
[2024-10-10T22:46:08.965+0000] {logging_mixin.py:190} INFO - [2024-10-10T22:46:08.965+0000] {dagbag.py:587} INFO - Filling up the DagBag from /home/airflow/.local/lib/python3.12/site-packages/airflow/example_dags/example_branch_operator_decorator.py
[2024-10-10T22:46:08.976+0000] {processor.py:925} INFO - DAG(s) 'example_branch_python_operator_decorator' retrieved from /home/airflow/.local/lib/python3.12/site-packages/airflow/example_dags/example_branch_operator_decorator.py
[2024-10-10T22:46:08.989+0000] {logging_mixin.py:190} INFO - [2024-10-10T22:46:08.989+0000] {dag.py:3229} INFO - Sync 1 DAGs
[2024-10-10T22:46:09.000+0000] {logging_mixin.py:190} INFO - [2024-10-10T22:46:09.000+0000] {dag.py:4156} INFO - Setting next_dagrun for example_branch_python_operator_decorator to 2024-10-09 00:00:00+00:00, run_after=2024-10-10 00:00:00+00:00
[2024-10-10T22:46:09.007+0000] {processor.py:208} INFO - Processing /home/airflow/.local/lib/python3.12/site-packages/airflow/example_dags/example_branch_operator_decorator.py took 0.048 seconds
[2024-10-10T23:26:19.615+0000] {processor.py:186} INFO - Started process (PID=41824) to work on /home/airflow/.local/lib/python3.12/site-packages/airflow/example_dags/example_branch_operator_decorator.py
[2024-10-10T23:26:19.616+0000] {processor.py:914} INFO - Processing file /home/airflow/.local/lib/python3.12/site-packages/airflow/example_dags/example_branch_operator_decorator.py for tasks to queue
[2024-10-10T23:26:19.617+0000] {logging_mixin.py:190} INFO - [2024-10-10T23:26:19.617+0000] {dagbag.py:587} INFO - Filling up the DagBag from /home/airflow/.local/lib/python3.12/site-packages/airflow/example_dags/example_branch_operator_decorator.py
[2024-10-10T23:26:19.627+0000] {processor.py:925} INFO - DAG(s) 'example_branch_python_operator_decorator' retrieved from /home/airflow/.local/lib/python3.12/site-packages/airflow/example_dags/example_branch_operator_decorator.py
[2024-10-10T23:26:19.642+0000] {logging_mixin.py:190} INFO - [2024-10-10T23:26:19.642+0000] {dag.py:3229} INFO - Sync 1 DAGs
[2024-10-10T23:26:19.657+0000] {logging_mixin.py:190} INFO - [2024-10-10T23:26:19.656+0000] {dag.py:4156} INFO - Setting next_dagrun for example_branch_python_operator_decorator to 2024-10-09 00:00:00+00:00, run_after=2024-10-10 00:00:00+00:00
[2024-10-10T23:26:19.668+0000] {processor.py:208} INFO - Processing /home/airflow/.local/lib/python3.12/site-packages/airflow/example_dags/example_branch_operator_decorator.py took 0.056 seconds
