[2024-10-10T00:11:42.274+0000] {processor.py:186} INFO - Started process (PID=38859) to work on /home/airflow/.local/lib/python3.12/site-packages/airflow/example_dags/example_setup_teardown.py
[2024-10-10T00:11:42.275+0000] {processor.py:914} INFO - Processing file /home/airflow/.local/lib/python3.12/site-packages/airflow/example_dags/example_setup_teardown.py for tasks to queue
[2024-10-10T00:11:42.276+0000] {logging_mixin.py:190} INFO - [2024-10-10T00:11:42.276+0000] {dagbag.py:587} INFO - Filling up the DagBag from /home/airflow/.local/lib/python3.12/site-packages/airflow/example_dags/example_setup_teardown.py
[2024-10-10T00:11:42.284+0000] {processor.py:925} INFO - DAG(s) 'example_setup_teardown' retrieved from /home/airflow/.local/lib/python3.12/site-packages/airflow/example_dags/example_setup_teardown.py
[2024-10-10T00:11:42.299+0000] {logging_mixin.py:190} INFO - [2024-10-10T00:11:42.299+0000] {dag.py:3229} INFO - Sync 1 DAGs
[2024-10-10T00:11:42.307+0000] {logging_mixin.py:190} INFO - [2024-10-10T00:11:42.307+0000] {dag.py:4156} INFO - Setting next_dagrun for example_setup_teardown to None, run_after=None
[2024-10-10T00:11:42.315+0000] {processor.py:208} INFO - Processing /home/airflow/.local/lib/python3.12/site-packages/airflow/example_dags/example_setup_teardown.py took 0.047 seconds
[2024-10-10T01:18:09.036+0000] {processor.py:186} INFO - Started process (PID=38930) to work on /home/airflow/.local/lib/python3.12/site-packages/airflow/example_dags/example_setup_teardown.py
[2024-10-10T01:18:09.037+0000] {processor.py:914} INFO - Processing file /home/airflow/.local/lib/python3.12/site-packages/airflow/example_dags/example_setup_teardown.py for tasks to queue
[2024-10-10T01:18:09.037+0000] {logging_mixin.py:190} INFO - [2024-10-10T01:18:09.037+0000] {dagbag.py:587} INFO - Filling up the DagBag from /home/airflow/.local/lib/python3.12/site-packages/airflow/example_dags/example_setup_teardown.py
[2024-10-10T01:18:09.042+0000] {processor.py:925} INFO - DAG(s) 'example_setup_teardown' retrieved from /home/airflow/.local/lib/python3.12/site-packages/airflow/example_dags/example_setup_teardown.py
[2024-10-10T01:18:09.059+0000] {logging_mixin.py:190} INFO - [2024-10-10T01:18:09.058+0000] {dag.py:3229} INFO - Sync 1 DAGs
[2024-10-10T01:18:09.070+0000] {logging_mixin.py:190} INFO - [2024-10-10T01:18:09.070+0000] {dag.py:4156} INFO - Setting next_dagrun for example_setup_teardown to None, run_after=None
[2024-10-10T01:18:09.081+0000] {processor.py:208} INFO - Processing /home/airflow/.local/lib/python3.12/site-packages/airflow/example_dags/example_setup_teardown.py took 0.049 seconds
[2024-10-10T01:52:18.569+0000] {processor.py:186} INFO - Started process (PID=39001) to work on /home/airflow/.local/lib/python3.12/site-packages/airflow/example_dags/example_setup_teardown.py
[2024-10-10T01:52:18.569+0000] {processor.py:914} INFO - Processing file /home/airflow/.local/lib/python3.12/site-packages/airflow/example_dags/example_setup_teardown.py for tasks to queue
[2024-10-10T01:52:18.570+0000] {logging_mixin.py:190} INFO - [2024-10-10T01:52:18.570+0000] {dagbag.py:587} INFO - Filling up the DagBag from /home/airflow/.local/lib/python3.12/site-packages/airflow/example_dags/example_setup_teardown.py
[2024-10-10T01:52:18.575+0000] {processor.py:925} INFO - DAG(s) 'example_setup_teardown' retrieved from /home/airflow/.local/lib/python3.12/site-packages/airflow/example_dags/example_setup_teardown.py
[2024-10-10T01:52:18.589+0000] {logging_mixin.py:190} INFO - [2024-10-10T01:52:18.589+0000] {dag.py:3229} INFO - Sync 1 DAGs
[2024-10-10T01:52:18.597+0000] {logging_mixin.py:190} INFO - [2024-10-10T01:52:18.597+0000] {dag.py:4156} INFO - Setting next_dagrun for example_setup_teardown to None, run_after=None
[2024-10-10T01:52:18.605+0000] {processor.py:208} INFO - Processing /home/airflow/.local/lib/python3.12/site-packages/airflow/example_dags/example_setup_teardown.py took 0.040 seconds
[2024-10-10T02:19:10.754+0000] {processor.py:186} INFO - Started process (PID=39072) to work on /home/airflow/.local/lib/python3.12/site-packages/airflow/example_dags/example_setup_teardown.py
[2024-10-10T02:19:10.755+0000] {processor.py:914} INFO - Processing file /home/airflow/.local/lib/python3.12/site-packages/airflow/example_dags/example_setup_teardown.py for tasks to queue
[2024-10-10T02:19:10.758+0000] {logging_mixin.py:190} INFO - [2024-10-10T02:19:10.758+0000] {dagbag.py:587} INFO - Filling up the DagBag from /home/airflow/.local/lib/python3.12/site-packages/airflow/example_dags/example_setup_teardown.py
[2024-10-10T02:19:10.763+0000] {processor.py:925} INFO - DAG(s) 'example_setup_teardown' retrieved from /home/airflow/.local/lib/python3.12/site-packages/airflow/example_dags/example_setup_teardown.py
[2024-10-10T02:19:10.781+0000] {logging_mixin.py:190} INFO - [2024-10-10T02:19:10.781+0000] {dag.py:3229} INFO - Sync 1 DAGs
[2024-10-10T02:19:10.794+0000] {logging_mixin.py:190} INFO - [2024-10-10T02:19:10.794+0000] {dag.py:4156} INFO - Setting next_dagrun for example_setup_teardown to None, run_after=None
[2024-10-10T02:19:10.806+0000] {processor.py:208} INFO - Processing /home/airflow/.local/lib/python3.12/site-packages/airflow/example_dags/example_setup_teardown.py took 0.055 seconds
[2024-10-10T03:09:36.346+0000] {processor.py:186} INFO - Started process (PID=39143) to work on /home/airflow/.local/lib/python3.12/site-packages/airflow/example_dags/example_setup_teardown.py
[2024-10-10T03:09:36.346+0000] {processor.py:914} INFO - Processing file /home/airflow/.local/lib/python3.12/site-packages/airflow/example_dags/example_setup_teardown.py for tasks to queue
[2024-10-10T03:09:36.347+0000] {logging_mixin.py:190} INFO - [2024-10-10T03:09:36.347+0000] {dagbag.py:587} INFO - Filling up the DagBag from /home/airflow/.local/lib/python3.12/site-packages/airflow/example_dags/example_setup_teardown.py
[2024-10-10T03:09:36.352+0000] {processor.py:925} INFO - DAG(s) 'example_setup_teardown' retrieved from /home/airflow/.local/lib/python3.12/site-packages/airflow/example_dags/example_setup_teardown.py
[2024-10-10T03:09:36.366+0000] {logging_mixin.py:190} INFO - [2024-10-10T03:09:36.366+0000] {dag.py:3229} INFO - Sync 1 DAGs
[2024-10-10T03:09:36.375+0000] {logging_mixin.py:190} INFO - [2024-10-10T03:09:36.375+0000] {dag.py:4156} INFO - Setting next_dagrun for example_setup_teardown to None, run_after=None
[2024-10-10T03:09:36.390+0000] {processor.py:208} INFO - Processing /home/airflow/.local/lib/python3.12/site-packages/airflow/example_dags/example_setup_teardown.py took 0.049 seconds
[2024-10-10T03:56:58.408+0000] {processor.py:186} INFO - Started process (PID=39213) to work on /home/airflow/.local/lib/python3.12/site-packages/airflow/example_dags/example_setup_teardown.py
[2024-10-10T03:56:58.409+0000] {processor.py:914} INFO - Processing file /home/airflow/.local/lib/python3.12/site-packages/airflow/example_dags/example_setup_teardown.py for tasks to queue
[2024-10-10T03:56:58.411+0000] {logging_mixin.py:190} INFO - [2024-10-10T03:56:58.410+0000] {dagbag.py:587} INFO - Filling up the DagBag from /home/airflow/.local/lib/python3.12/site-packages/airflow/example_dags/example_setup_teardown.py
[2024-10-10T03:56:58.415+0000] {processor.py:925} INFO - DAG(s) 'example_setup_teardown' retrieved from /home/airflow/.local/lib/python3.12/site-packages/airflow/example_dags/example_setup_teardown.py
[2024-10-10T03:56:58.428+0000] {logging_mixin.py:190} INFO - [2024-10-10T03:56:58.428+0000] {dag.py:3229} INFO - Sync 1 DAGs
[2024-10-10T03:56:58.435+0000] {logging_mixin.py:190} INFO - [2024-10-10T03:56:58.434+0000] {dag.py:4156} INFO - Setting next_dagrun for example_setup_teardown to None, run_after=None
[2024-10-10T03:56:58.446+0000] {processor.py:208} INFO - Processing /home/airflow/.local/lib/python3.12/site-packages/airflow/example_dags/example_setup_teardown.py took 0.040 seconds
[2024-10-10T04:21:13.060+0000] {processor.py:186} INFO - Started process (PID=39283) to work on /home/airflow/.local/lib/python3.12/site-packages/airflow/example_dags/example_setup_teardown.py
[2024-10-10T04:21:13.061+0000] {processor.py:914} INFO - Processing file /home/airflow/.local/lib/python3.12/site-packages/airflow/example_dags/example_setup_teardown.py for tasks to queue
[2024-10-10T04:21:13.062+0000] {logging_mixin.py:190} INFO - [2024-10-10T04:21:13.062+0000] {dagbag.py:587} INFO - Filling up the DagBag from /home/airflow/.local/lib/python3.12/site-packages/airflow/example_dags/example_setup_teardown.py
[2024-10-10T04:21:13.067+0000] {processor.py:925} INFO - DAG(s) 'example_setup_teardown' retrieved from /home/airflow/.local/lib/python3.12/site-packages/airflow/example_dags/example_setup_teardown.py
[2024-10-10T04:21:13.080+0000] {logging_mixin.py:190} INFO - [2024-10-10T04:21:13.080+0000] {dag.py:3229} INFO - Sync 1 DAGs
[2024-10-10T04:21:13.086+0000] {logging_mixin.py:190} INFO - [2024-10-10T04:21:13.086+0000] {dag.py:4156} INFO - Setting next_dagrun for example_setup_teardown to None, run_after=None
[2024-10-10T04:21:13.093+0000] {processor.py:208} INFO - Processing /home/airflow/.local/lib/python3.12/site-packages/airflow/example_dags/example_setup_teardown.py took 0.036 seconds
[2024-10-10T05:14:26.044+0000] {processor.py:186} INFO - Started process (PID=39354) to work on /home/airflow/.local/lib/python3.12/site-packages/airflow/example_dags/example_setup_teardown.py
[2024-10-10T05:14:26.045+0000] {processor.py:914} INFO - Processing file /home/airflow/.local/lib/python3.12/site-packages/airflow/example_dags/example_setup_teardown.py for tasks to queue
[2024-10-10T05:14:26.045+0000] {logging_mixin.py:190} INFO - [2024-10-10T05:14:26.045+0000] {dagbag.py:587} INFO - Filling up the DagBag from /home/airflow/.local/lib/python3.12/site-packages/airflow/example_dags/example_setup_teardown.py
[2024-10-10T05:14:26.050+0000] {processor.py:925} INFO - DAG(s) 'example_setup_teardown' retrieved from /home/airflow/.local/lib/python3.12/site-packages/airflow/example_dags/example_setup_teardown.py
[2024-10-10T05:14:26.061+0000] {logging_mixin.py:190} INFO - [2024-10-10T05:14:26.061+0000] {dag.py:3229} INFO - Sync 1 DAGs
[2024-10-10T05:14:26.068+0000] {logging_mixin.py:190} INFO - [2024-10-10T05:14:26.068+0000] {dag.py:4156} INFO - Setting next_dagrun for example_setup_teardown to None, run_after=None
[2024-10-10T05:14:26.080+0000] {processor.py:208} INFO - Processing /home/airflow/.local/lib/python3.12/site-packages/airflow/example_dags/example_setup_teardown.py took 0.040 seconds
[2024-10-10T05:47:23.036+0000] {processor.py:186} INFO - Started process (PID=39425) to work on /home/airflow/.local/lib/python3.12/site-packages/airflow/example_dags/example_setup_teardown.py
[2024-10-10T05:47:23.037+0000] {processor.py:914} INFO - Processing file /home/airflow/.local/lib/python3.12/site-packages/airflow/example_dags/example_setup_teardown.py for tasks to queue
[2024-10-10T05:47:23.038+0000] {logging_mixin.py:190} INFO - [2024-10-10T05:47:23.037+0000] {dagbag.py:587} INFO - Filling up the DagBag from /home/airflow/.local/lib/python3.12/site-packages/airflow/example_dags/example_setup_teardown.py
[2024-10-10T05:47:23.044+0000] {processor.py:925} INFO - DAG(s) 'example_setup_teardown' retrieved from /home/airflow/.local/lib/python3.12/site-packages/airflow/example_dags/example_setup_teardown.py
[2024-10-10T05:47:23.055+0000] {logging_mixin.py:190} INFO - [2024-10-10T05:47:23.054+0000] {dag.py:3229} INFO - Sync 1 DAGs
[2024-10-10T05:47:23.061+0000] {logging_mixin.py:190} INFO - [2024-10-10T05:47:23.061+0000] {dag.py:4156} INFO - Setting next_dagrun for example_setup_teardown to None, run_after=None
[2024-10-10T05:47:23.069+0000] {processor.py:208} INFO - Processing /home/airflow/.local/lib/python3.12/site-packages/airflow/example_dags/example_setup_teardown.py took 0.035 seconds
[2024-10-10T06:39:43.230+0000] {processor.py:186} INFO - Started process (PID=39496) to work on /home/airflow/.local/lib/python3.12/site-packages/airflow/example_dags/example_setup_teardown.py
[2024-10-10T06:39:43.235+0000] {processor.py:914} INFO - Processing file /home/airflow/.local/lib/python3.12/site-packages/airflow/example_dags/example_setup_teardown.py for tasks to queue
[2024-10-10T06:39:43.236+0000] {logging_mixin.py:190} INFO - [2024-10-10T06:39:43.236+0000] {dagbag.py:587} INFO - Filling up the DagBag from /home/airflow/.local/lib/python3.12/site-packages/airflow/example_dags/example_setup_teardown.py
[2024-10-10T06:39:43.243+0000] {processor.py:925} INFO - DAG(s) 'example_setup_teardown' retrieved from /home/airflow/.local/lib/python3.12/site-packages/airflow/example_dags/example_setup_teardown.py
[2024-10-10T06:39:43.263+0000] {logging_mixin.py:190} INFO - [2024-10-10T06:39:43.263+0000] {dag.py:3229} INFO - Sync 1 DAGs
[2024-10-10T06:39:43.281+0000] {logging_mixin.py:190} INFO - [2024-10-10T06:39:43.281+0000] {dag.py:4156} INFO - Setting next_dagrun for example_setup_teardown to None, run_after=None
[2024-10-10T06:39:43.295+0000] {processor.py:208} INFO - Processing /home/airflow/.local/lib/python3.12/site-packages/airflow/example_dags/example_setup_teardown.py took 0.072 seconds
[2024-10-10T07:11:25.729+0000] {processor.py:186} INFO - Started process (PID=39567) to work on /home/airflow/.local/lib/python3.12/site-packages/airflow/example_dags/example_setup_teardown.py
[2024-10-10T07:11:25.729+0000] {processor.py:914} INFO - Processing file /home/airflow/.local/lib/python3.12/site-packages/airflow/example_dags/example_setup_teardown.py for tasks to queue
[2024-10-10T07:11:25.730+0000] {logging_mixin.py:190} INFO - [2024-10-10T07:11:25.730+0000] {dagbag.py:587} INFO - Filling up the DagBag from /home/airflow/.local/lib/python3.12/site-packages/airflow/example_dags/example_setup_teardown.py
[2024-10-10T07:11:25.734+0000] {processor.py:925} INFO - DAG(s) 'example_setup_teardown' retrieved from /home/airflow/.local/lib/python3.12/site-packages/airflow/example_dags/example_setup_teardown.py
[2024-10-10T07:11:25.743+0000] {logging_mixin.py:190} INFO - [2024-10-10T07:11:25.743+0000] {dag.py:3229} INFO - Sync 1 DAGs
[2024-10-10T07:11:25.750+0000] {logging_mixin.py:190} INFO - [2024-10-10T07:11:25.750+0000] {dag.py:4156} INFO - Setting next_dagrun for example_setup_teardown to None, run_after=None
[2024-10-10T07:11:25.756+0000] {processor.py:208} INFO - Processing /home/airflow/.local/lib/python3.12/site-packages/airflow/example_dags/example_setup_teardown.py took 0.031 seconds
[2024-10-10T07:39:19.672+0000] {processor.py:186} INFO - Started process (PID=39638) to work on /home/airflow/.local/lib/python3.12/site-packages/airflow/example_dags/example_setup_teardown.py
[2024-10-10T07:39:19.672+0000] {processor.py:914} INFO - Processing file /home/airflow/.local/lib/python3.12/site-packages/airflow/example_dags/example_setup_teardown.py for tasks to queue
[2024-10-10T07:39:19.673+0000] {logging_mixin.py:190} INFO - [2024-10-10T07:39:19.673+0000] {dagbag.py:587} INFO - Filling up the DagBag from /home/airflow/.local/lib/python3.12/site-packages/airflow/example_dags/example_setup_teardown.py
[2024-10-10T07:39:19.679+0000] {processor.py:925} INFO - DAG(s) 'example_setup_teardown' retrieved from /home/airflow/.local/lib/python3.12/site-packages/airflow/example_dags/example_setup_teardown.py
[2024-10-10T07:39:19.719+0000] {logging_mixin.py:190} INFO - [2024-10-10T07:39:19.719+0000] {dag.py:3229} INFO - Sync 1 DAGs
[2024-10-10T07:39:19.732+0000] {logging_mixin.py:190} INFO - [2024-10-10T07:39:19.732+0000] {dag.py:4156} INFO - Setting next_dagrun for example_setup_teardown to None, run_after=None
[2024-10-10T07:39:19.745+0000] {processor.py:208} INFO - Processing /home/airflow/.local/lib/python3.12/site-packages/airflow/example_dags/example_setup_teardown.py took 0.076 seconds
[2024-10-10T08:03:00.318+0000] {processor.py:186} INFO - Started process (PID=39709) to work on /home/airflow/.local/lib/python3.12/site-packages/airflow/example_dags/example_setup_teardown.py
[2024-10-10T08:03:00.319+0000] {processor.py:914} INFO - Processing file /home/airflow/.local/lib/python3.12/site-packages/airflow/example_dags/example_setup_teardown.py for tasks to queue
[2024-10-10T08:03:00.320+0000] {logging_mixin.py:190} INFO - [2024-10-10T08:03:00.319+0000] {dagbag.py:587} INFO - Filling up the DagBag from /home/airflow/.local/lib/python3.12/site-packages/airflow/example_dags/example_setup_teardown.py
[2024-10-10T08:03:00.324+0000] {processor.py:925} INFO - DAG(s) 'example_setup_teardown' retrieved from /home/airflow/.local/lib/python3.12/site-packages/airflow/example_dags/example_setup_teardown.py
[2024-10-10T08:03:00.340+0000] {logging_mixin.py:190} INFO - [2024-10-10T08:03:00.340+0000] {dag.py:3229} INFO - Sync 1 DAGs
[2024-10-10T08:03:00.348+0000] {logging_mixin.py:190} INFO - [2024-10-10T08:03:00.348+0000] {dag.py:4156} INFO - Setting next_dagrun for example_setup_teardown to None, run_after=None
[2024-10-10T08:03:00.359+0000] {processor.py:208} INFO - Processing /home/airflow/.local/lib/python3.12/site-packages/airflow/example_dags/example_setup_teardown.py took 0.044 seconds
[2024-10-10T08:12:06.388+0000] {processor.py:186} INFO - Started process (PID=39780) to work on /home/airflow/.local/lib/python3.12/site-packages/airflow/example_dags/example_setup_teardown.py
[2024-10-10T08:12:06.389+0000] {processor.py:914} INFO - Processing file /home/airflow/.local/lib/python3.12/site-packages/airflow/example_dags/example_setup_teardown.py for tasks to queue
[2024-10-10T08:12:06.390+0000] {logging_mixin.py:190} INFO - [2024-10-10T08:12:06.390+0000] {dagbag.py:587} INFO - Filling up the DagBag from /home/airflow/.local/lib/python3.12/site-packages/airflow/example_dags/example_setup_teardown.py
[2024-10-10T08:12:06.397+0000] {processor.py:925} INFO - DAG(s) 'example_setup_teardown' retrieved from /home/airflow/.local/lib/python3.12/site-packages/airflow/example_dags/example_setup_teardown.py
[2024-10-10T08:12:06.416+0000] {logging_mixin.py:190} INFO - [2024-10-10T08:12:06.416+0000] {dag.py:3229} INFO - Sync 1 DAGs
[2024-10-10T08:12:06.429+0000] {logging_mixin.py:190} INFO - [2024-10-10T08:12:06.429+0000] {dag.py:4156} INFO - Setting next_dagrun for example_setup_teardown to None, run_after=None
[2024-10-10T08:12:06.442+0000] {processor.py:208} INFO - Processing /home/airflow/.local/lib/python3.12/site-packages/airflow/example_dags/example_setup_teardown.py took 0.061 seconds
[2024-10-10T08:24:34.425+0000] {processor.py:186} INFO - Started process (PID=39850) to work on /home/airflow/.local/lib/python3.12/site-packages/airflow/example_dags/example_setup_teardown.py
[2024-10-10T08:24:34.427+0000] {processor.py:914} INFO - Processing file /home/airflow/.local/lib/python3.12/site-packages/airflow/example_dags/example_setup_teardown.py for tasks to queue
[2024-10-10T08:24:34.428+0000] {logging_mixin.py:190} INFO - [2024-10-10T08:24:34.428+0000] {dagbag.py:587} INFO - Filling up the DagBag from /home/airflow/.local/lib/python3.12/site-packages/airflow/example_dags/example_setup_teardown.py
[2024-10-10T08:24:34.433+0000] {processor.py:925} INFO - DAG(s) 'example_setup_teardown' retrieved from /home/airflow/.local/lib/python3.12/site-packages/airflow/example_dags/example_setup_teardown.py
[2024-10-10T08:24:34.451+0000] {logging_mixin.py:190} INFO - [2024-10-10T08:24:34.451+0000] {dag.py:3229} INFO - Sync 1 DAGs
[2024-10-10T08:24:34.458+0000] {logging_mixin.py:190} INFO - [2024-10-10T08:24:34.458+0000] {dag.py:4156} INFO - Setting next_dagrun for example_setup_teardown to None, run_after=None
[2024-10-10T08:24:34.468+0000] {processor.py:208} INFO - Processing /home/airflow/.local/lib/python3.12/site-packages/airflow/example_dags/example_setup_teardown.py took 0.046 seconds
[2024-10-10T08:25:05.303+0000] {processor.py:186} INFO - Started process (PID=39922) to work on /home/airflow/.local/lib/python3.12/site-packages/airflow/example_dags/example_setup_teardown.py
[2024-10-10T08:25:05.305+0000] {processor.py:914} INFO - Processing file /home/airflow/.local/lib/python3.12/site-packages/airflow/example_dags/example_setup_teardown.py for tasks to queue
[2024-10-10T08:25:05.305+0000] {logging_mixin.py:190} INFO - [2024-10-10T08:25:05.305+0000] {dagbag.py:587} INFO - Filling up the DagBag from /home/airflow/.local/lib/python3.12/site-packages/airflow/example_dags/example_setup_teardown.py
[2024-10-10T08:25:05.310+0000] {processor.py:925} INFO - DAG(s) 'example_setup_teardown' retrieved from /home/airflow/.local/lib/python3.12/site-packages/airflow/example_dags/example_setup_teardown.py
[2024-10-10T08:25:05.324+0000] {logging_mixin.py:190} INFO - [2024-10-10T08:25:05.324+0000] {dag.py:3229} INFO - Sync 1 DAGs
[2024-10-10T08:25:05.331+0000] {logging_mixin.py:190} INFO - [2024-10-10T08:25:05.331+0000] {dag.py:4156} INFO - Setting next_dagrun for example_setup_teardown to None, run_after=None
[2024-10-10T08:25:05.341+0000] {processor.py:208} INFO - Processing /home/airflow/.local/lib/python3.12/site-packages/airflow/example_dags/example_setup_teardown.py took 0.041 seconds
[2024-10-10T09:14:58.769+0000] {processor.py:186} INFO - Started process (PID=39993) to work on /home/airflow/.local/lib/python3.12/site-packages/airflow/example_dags/example_setup_teardown.py
[2024-10-10T09:14:58.770+0000] {processor.py:914} INFO - Processing file /home/airflow/.local/lib/python3.12/site-packages/airflow/example_dags/example_setup_teardown.py for tasks to queue
[2024-10-10T09:14:58.771+0000] {logging_mixin.py:190} INFO - [2024-10-10T09:14:58.771+0000] {dagbag.py:587} INFO - Filling up the DagBag from /home/airflow/.local/lib/python3.12/site-packages/airflow/example_dags/example_setup_teardown.py
[2024-10-10T09:14:58.778+0000] {processor.py:925} INFO - DAG(s) 'example_setup_teardown' retrieved from /home/airflow/.local/lib/python3.12/site-packages/airflow/example_dags/example_setup_teardown.py
[2024-10-10T09:14:58.787+0000] {logging_mixin.py:190} INFO - [2024-10-10T09:14:58.787+0000] {dag.py:3229} INFO - Sync 1 DAGs
[2024-10-10T09:14:58.795+0000] {logging_mixin.py:190} INFO - [2024-10-10T09:14:58.795+0000] {dag.py:4156} INFO - Setting next_dagrun for example_setup_teardown to None, run_after=None
[2024-10-10T09:14:58.808+0000] {processor.py:208} INFO - Processing /home/airflow/.local/lib/python3.12/site-packages/airflow/example_dags/example_setup_teardown.py took 0.042 seconds
[2024-10-10T10:21:19.291+0000] {processor.py:186} INFO - Started process (PID=40064) to work on /home/airflow/.local/lib/python3.12/site-packages/airflow/example_dags/example_setup_teardown.py
[2024-10-10T10:21:19.293+0000] {processor.py:914} INFO - Processing file /home/airflow/.local/lib/python3.12/site-packages/airflow/example_dags/example_setup_teardown.py for tasks to queue
[2024-10-10T10:21:19.294+0000] {logging_mixin.py:190} INFO - [2024-10-10T10:21:19.294+0000] {dagbag.py:587} INFO - Filling up the DagBag from /home/airflow/.local/lib/python3.12/site-packages/airflow/example_dags/example_setup_teardown.py
[2024-10-10T10:21:19.298+0000] {processor.py:925} INFO - DAG(s) 'example_setup_teardown' retrieved from /home/airflow/.local/lib/python3.12/site-packages/airflow/example_dags/example_setup_teardown.py
[2024-10-10T10:21:19.313+0000] {logging_mixin.py:190} INFO - [2024-10-10T10:21:19.313+0000] {dag.py:3229} INFO - Sync 1 DAGs
[2024-10-10T10:21:19.323+0000] {logging_mixin.py:190} INFO - [2024-10-10T10:21:19.323+0000] {dag.py:4156} INFO - Setting next_dagrun for example_setup_teardown to None, run_after=None
[2024-10-10T10:21:19.332+0000] {processor.py:208} INFO - Processing /home/airflow/.local/lib/python3.12/site-packages/airflow/example_dags/example_setup_teardown.py took 0.044 seconds
[2024-10-10T10:44:16.032+0000] {processor.py:186} INFO - Started process (PID=40135) to work on /home/airflow/.local/lib/python3.12/site-packages/airflow/example_dags/example_setup_teardown.py
[2024-10-10T10:44:16.033+0000] {processor.py:914} INFO - Processing file /home/airflow/.local/lib/python3.12/site-packages/airflow/example_dags/example_setup_teardown.py for tasks to queue
[2024-10-10T10:44:16.034+0000] {logging_mixin.py:190} INFO - [2024-10-10T10:44:16.034+0000] {dagbag.py:587} INFO - Filling up the DagBag from /home/airflow/.local/lib/python3.12/site-packages/airflow/example_dags/example_setup_teardown.py
[2024-10-10T10:44:16.040+0000] {processor.py:925} INFO - DAG(s) 'example_setup_teardown' retrieved from /home/airflow/.local/lib/python3.12/site-packages/airflow/example_dags/example_setup_teardown.py
[2024-10-10T10:44:16.051+0000] {logging_mixin.py:190} INFO - [2024-10-10T10:44:16.051+0000] {dag.py:3229} INFO - Sync 1 DAGs
[2024-10-10T10:44:16.058+0000] {logging_mixin.py:190} INFO - [2024-10-10T10:44:16.058+0000] {dag.py:4156} INFO - Setting next_dagrun for example_setup_teardown to None, run_after=None
[2024-10-10T10:44:16.069+0000] {processor.py:208} INFO - Processing /home/airflow/.local/lib/python3.12/site-packages/airflow/example_dags/example_setup_teardown.py took 0.040 seconds
[2024-10-10T11:15:58.646+0000] {processor.py:186} INFO - Started process (PID=40206) to work on /home/airflow/.local/lib/python3.12/site-packages/airflow/example_dags/example_setup_teardown.py
[2024-10-10T11:15:58.646+0000] {processor.py:914} INFO - Processing file /home/airflow/.local/lib/python3.12/site-packages/airflow/example_dags/example_setup_teardown.py for tasks to queue
[2024-10-10T11:15:58.647+0000] {logging_mixin.py:190} INFO - [2024-10-10T11:15:58.647+0000] {dagbag.py:587} INFO - Filling up the DagBag from /home/airflow/.local/lib/python3.12/site-packages/airflow/example_dags/example_setup_teardown.py
[2024-10-10T11:15:58.653+0000] {processor.py:925} INFO - DAG(s) 'example_setup_teardown' retrieved from /home/airflow/.local/lib/python3.12/site-packages/airflow/example_dags/example_setup_teardown.py
[2024-10-10T11:15:58.665+0000] {logging_mixin.py:190} INFO - [2024-10-10T11:15:58.665+0000] {dag.py:3229} INFO - Sync 1 DAGs
[2024-10-10T11:15:58.672+0000] {logging_mixin.py:190} INFO - [2024-10-10T11:15:58.672+0000] {dag.py:4156} INFO - Setting next_dagrun for example_setup_teardown to None, run_after=None
[2024-10-10T11:15:58.682+0000] {processor.py:208} INFO - Processing /home/airflow/.local/lib/python3.12/site-packages/airflow/example_dags/example_setup_teardown.py took 0.039 seconds
[2024-10-10T11:16:29.224+0000] {processor.py:186} INFO - Started process (PID=40277) to work on /home/airflow/.local/lib/python3.12/site-packages/airflow/example_dags/example_setup_teardown.py
[2024-10-10T11:16:29.225+0000] {processor.py:914} INFO - Processing file /home/airflow/.local/lib/python3.12/site-packages/airflow/example_dags/example_setup_teardown.py for tasks to queue
[2024-10-10T11:16:29.227+0000] {logging_mixin.py:190} INFO - [2024-10-10T11:16:29.226+0000] {dagbag.py:587} INFO - Filling up the DagBag from /home/airflow/.local/lib/python3.12/site-packages/airflow/example_dags/example_setup_teardown.py
[2024-10-10T11:16:29.233+0000] {processor.py:925} INFO - DAG(s) 'example_setup_teardown' retrieved from /home/airflow/.local/lib/python3.12/site-packages/airflow/example_dags/example_setup_teardown.py
[2024-10-10T11:16:29.245+0000] {logging_mixin.py:190} INFO - [2024-10-10T11:16:29.245+0000] {dag.py:3229} INFO - Sync 1 DAGs
[2024-10-10T11:16:29.252+0000] {logging_mixin.py:190} INFO - [2024-10-10T11:16:29.252+0000] {dag.py:4156} INFO - Setting next_dagrun for example_setup_teardown to None, run_after=None
[2024-10-10T11:16:29.262+0000] {processor.py:208} INFO - Processing /home/airflow/.local/lib/python3.12/site-packages/airflow/example_dags/example_setup_teardown.py took 0.043 seconds
[2024-10-10T12:21:23.152+0000] {processor.py:186} INFO - Started process (PID=40348) to work on /home/airflow/.local/lib/python3.12/site-packages/airflow/example_dags/example_setup_teardown.py
[2024-10-10T12:21:23.152+0000] {processor.py:914} INFO - Processing file /home/airflow/.local/lib/python3.12/site-packages/airflow/example_dags/example_setup_teardown.py for tasks to queue
[2024-10-10T12:21:23.153+0000] {logging_mixin.py:190} INFO - [2024-10-10T12:21:23.153+0000] {dagbag.py:587} INFO - Filling up the DagBag from /home/airflow/.local/lib/python3.12/site-packages/airflow/example_dags/example_setup_teardown.py
[2024-10-10T12:21:23.157+0000] {processor.py:925} INFO - DAG(s) 'example_setup_teardown' retrieved from /home/airflow/.local/lib/python3.12/site-packages/airflow/example_dags/example_setup_teardown.py
[2024-10-10T12:21:23.167+0000] {logging_mixin.py:190} INFO - [2024-10-10T12:21:23.167+0000] {dag.py:3229} INFO - Sync 1 DAGs
[2024-10-10T12:21:23.174+0000] {logging_mixin.py:190} INFO - [2024-10-10T12:21:23.174+0000] {dag.py:4156} INFO - Setting next_dagrun for example_setup_teardown to None, run_after=None
[2024-10-10T12:21:23.181+0000] {processor.py:208} INFO - Processing /home/airflow/.local/lib/python3.12/site-packages/airflow/example_dags/example_setup_teardown.py took 0.032 seconds
[2024-10-10T12:50:52.951+0000] {processor.py:186} INFO - Started process (PID=40418) to work on /home/airflow/.local/lib/python3.12/site-packages/airflow/example_dags/example_setup_teardown.py
[2024-10-10T12:50:52.954+0000] {processor.py:914} INFO - Processing file /home/airflow/.local/lib/python3.12/site-packages/airflow/example_dags/example_setup_teardown.py for tasks to queue
[2024-10-10T12:50:52.955+0000] {logging_mixin.py:190} INFO - [2024-10-10T12:50:52.954+0000] {dagbag.py:587} INFO - Filling up the DagBag from /home/airflow/.local/lib/python3.12/site-packages/airflow/example_dags/example_setup_teardown.py
[2024-10-10T12:50:52.960+0000] {processor.py:925} INFO - DAG(s) 'example_setup_teardown' retrieved from /home/airflow/.local/lib/python3.12/site-packages/airflow/example_dags/example_setup_teardown.py
[2024-10-10T12:50:52.972+0000] {logging_mixin.py:190} INFO - [2024-10-10T12:50:52.971+0000] {dag.py:3229} INFO - Sync 1 DAGs
[2024-10-10T12:50:52.980+0000] {logging_mixin.py:190} INFO - [2024-10-10T12:50:52.980+0000] {dag.py:4156} INFO - Setting next_dagrun for example_setup_teardown to None, run_after=None
[2024-10-10T12:50:52.989+0000] {processor.py:208} INFO - Processing /home/airflow/.local/lib/python3.12/site-packages/airflow/example_dags/example_setup_teardown.py took 0.041 seconds
[2024-10-10T13:08:20.029+0000] {processor.py:186} INFO - Started process (PID=40489) to work on /home/airflow/.local/lib/python3.12/site-packages/airflow/example_dags/example_setup_teardown.py
[2024-10-10T13:08:20.031+0000] {processor.py:914} INFO - Processing file /home/airflow/.local/lib/python3.12/site-packages/airflow/example_dags/example_setup_teardown.py for tasks to queue
[2024-10-10T13:08:20.032+0000] {logging_mixin.py:190} INFO - [2024-10-10T13:08:20.031+0000] {dagbag.py:587} INFO - Filling up the DagBag from /home/airflow/.local/lib/python3.12/site-packages/airflow/example_dags/example_setup_teardown.py
[2024-10-10T13:08:20.038+0000] {processor.py:925} INFO - DAG(s) 'example_setup_teardown' retrieved from /home/airflow/.local/lib/python3.12/site-packages/airflow/example_dags/example_setup_teardown.py
[2024-10-10T13:08:20.060+0000] {logging_mixin.py:190} INFO - [2024-10-10T13:08:20.060+0000] {dag.py:3229} INFO - Sync 1 DAGs
[2024-10-10T13:08:20.068+0000] {logging_mixin.py:190} INFO - [2024-10-10T13:08:20.068+0000] {dag.py:4156} INFO - Setting next_dagrun for example_setup_teardown to None, run_after=None
[2024-10-10T13:08:20.077+0000] {processor.py:208} INFO - Processing /home/airflow/.local/lib/python3.12/site-packages/airflow/example_dags/example_setup_teardown.py took 0.052 seconds
[2024-10-10T13:51:04.143+0000] {processor.py:186} INFO - Started process (PID=40560) to work on /home/airflow/.local/lib/python3.12/site-packages/airflow/example_dags/example_setup_teardown.py
[2024-10-10T13:51:04.145+0000] {processor.py:914} INFO - Processing file /home/airflow/.local/lib/python3.12/site-packages/airflow/example_dags/example_setup_teardown.py for tasks to queue
[2024-10-10T13:51:04.146+0000] {logging_mixin.py:190} INFO - [2024-10-10T13:51:04.146+0000] {dagbag.py:587} INFO - Filling up the DagBag from /home/airflow/.local/lib/python3.12/site-packages/airflow/example_dags/example_setup_teardown.py
[2024-10-10T13:51:04.153+0000] {processor.py:925} INFO - DAG(s) 'example_setup_teardown' retrieved from /home/airflow/.local/lib/python3.12/site-packages/airflow/example_dags/example_setup_teardown.py
[2024-10-10T13:51:04.168+0000] {logging_mixin.py:190} INFO - [2024-10-10T13:51:04.168+0000] {dag.py:3229} INFO - Sync 1 DAGs
[2024-10-10T13:51:04.175+0000] {logging_mixin.py:190} INFO - [2024-10-10T13:51:04.174+0000] {dag.py:4156} INFO - Setting next_dagrun for example_setup_teardown to None, run_after=None
[2024-10-10T13:51:04.183+0000] {processor.py:208} INFO - Processing /home/airflow/.local/lib/python3.12/site-packages/airflow/example_dags/example_setup_teardown.py took 0.045 seconds
[2024-10-10T14:18:18.048+0000] {processor.py:186} INFO - Started process (PID=40631) to work on /home/airflow/.local/lib/python3.12/site-packages/airflow/example_dags/example_setup_teardown.py
[2024-10-10T14:18:18.049+0000] {processor.py:914} INFO - Processing file /home/airflow/.local/lib/python3.12/site-packages/airflow/example_dags/example_setup_teardown.py for tasks to queue
[2024-10-10T14:18:18.051+0000] {logging_mixin.py:190} INFO - [2024-10-10T14:18:18.051+0000] {dagbag.py:587} INFO - Filling up the DagBag from /home/airflow/.local/lib/python3.12/site-packages/airflow/example_dags/example_setup_teardown.py
[2024-10-10T14:18:18.057+0000] {processor.py:925} INFO - DAG(s) 'example_setup_teardown' retrieved from /home/airflow/.local/lib/python3.12/site-packages/airflow/example_dags/example_setup_teardown.py
[2024-10-10T14:18:18.072+0000] {logging_mixin.py:190} INFO - [2024-10-10T14:18:18.072+0000] {dag.py:3229} INFO - Sync 1 DAGs
[2024-10-10T14:18:18.079+0000] {logging_mixin.py:190} INFO - [2024-10-10T14:18:18.079+0000] {dag.py:4156} INFO - Setting next_dagrun for example_setup_teardown to None, run_after=None
[2024-10-10T14:18:18.167+0000] {processor.py:208} INFO - Processing /home/airflow/.local/lib/python3.12/site-packages/airflow/example_dags/example_setup_teardown.py took 0.122 seconds
[2024-10-10T14:50:17.416+0000] {processor.py:186} INFO - Started process (PID=40702) to work on /home/airflow/.local/lib/python3.12/site-packages/airflow/example_dags/example_setup_teardown.py
[2024-10-10T14:50:17.417+0000] {processor.py:914} INFO - Processing file /home/airflow/.local/lib/python3.12/site-packages/airflow/example_dags/example_setup_teardown.py for tasks to queue
[2024-10-10T14:50:17.419+0000] {logging_mixin.py:190} INFO - [2024-10-10T14:50:17.418+0000] {dagbag.py:587} INFO - Filling up the DagBag from /home/airflow/.local/lib/python3.12/site-packages/airflow/example_dags/example_setup_teardown.py
[2024-10-10T14:50:17.424+0000] {processor.py:925} INFO - DAG(s) 'example_setup_teardown' retrieved from /home/airflow/.local/lib/python3.12/site-packages/airflow/example_dags/example_setup_teardown.py
[2024-10-10T14:50:17.447+0000] {logging_mixin.py:190} INFO - [2024-10-10T14:50:17.446+0000] {dag.py:3229} INFO - Sync 1 DAGs
[2024-10-10T14:50:17.457+0000] {logging_mixin.py:190} INFO - [2024-10-10T14:50:17.457+0000] {dag.py:4156} INFO - Setting next_dagrun for example_setup_teardown to None, run_after=None
[2024-10-10T14:50:17.466+0000] {processor.py:208} INFO - Processing /home/airflow/.local/lib/python3.12/site-packages/airflow/example_dags/example_setup_teardown.py took 0.054 seconds
[2024-10-10T15:19:02.808+0000] {processor.py:186} INFO - Started process (PID=40773) to work on /home/airflow/.local/lib/python3.12/site-packages/airflow/example_dags/example_setup_teardown.py
[2024-10-10T15:19:02.811+0000] {processor.py:914} INFO - Processing file /home/airflow/.local/lib/python3.12/site-packages/airflow/example_dags/example_setup_teardown.py for tasks to queue
[2024-10-10T15:19:02.812+0000] {logging_mixin.py:190} INFO - [2024-10-10T15:19:02.812+0000] {dagbag.py:587} INFO - Filling up the DagBag from /home/airflow/.local/lib/python3.12/site-packages/airflow/example_dags/example_setup_teardown.py
[2024-10-10T15:19:02.819+0000] {processor.py:925} INFO - DAG(s) 'example_setup_teardown' retrieved from /home/airflow/.local/lib/python3.12/site-packages/airflow/example_dags/example_setup_teardown.py
[2024-10-10T15:19:02.829+0000] {logging_mixin.py:190} INFO - [2024-10-10T15:19:02.829+0000] {dag.py:3229} INFO - Sync 1 DAGs
[2024-10-10T15:19:02.836+0000] {logging_mixin.py:190} INFO - [2024-10-10T15:19:02.836+0000] {dag.py:4156} INFO - Setting next_dagrun for example_setup_teardown to None, run_after=None
[2024-10-10T15:19:02.847+0000] {processor.py:208} INFO - Processing /home/airflow/.local/lib/python3.12/site-packages/airflow/example_dags/example_setup_teardown.py took 0.043 seconds
[2024-10-10T15:50:09.939+0000] {processor.py:186} INFO - Started process (PID=40844) to work on /home/airflow/.local/lib/python3.12/site-packages/airflow/example_dags/example_setup_teardown.py
[2024-10-10T15:50:09.940+0000] {processor.py:914} INFO - Processing file /home/airflow/.local/lib/python3.12/site-packages/airflow/example_dags/example_setup_teardown.py for tasks to queue
[2024-10-10T15:50:09.941+0000] {logging_mixin.py:190} INFO - [2024-10-10T15:50:09.941+0000] {dagbag.py:587} INFO - Filling up the DagBag from /home/airflow/.local/lib/python3.12/site-packages/airflow/example_dags/example_setup_teardown.py
[2024-10-10T15:50:09.947+0000] {processor.py:925} INFO - DAG(s) 'example_setup_teardown' retrieved from /home/airflow/.local/lib/python3.12/site-packages/airflow/example_dags/example_setup_teardown.py
[2024-10-10T15:50:09.965+0000] {logging_mixin.py:190} INFO - [2024-10-10T15:50:09.965+0000] {dag.py:3229} INFO - Sync 1 DAGs
[2024-10-10T15:50:09.974+0000] {logging_mixin.py:190} INFO - [2024-10-10T15:50:09.974+0000] {dag.py:4156} INFO - Setting next_dagrun for example_setup_teardown to None, run_after=None
[2024-10-10T15:50:09.989+0000] {processor.py:208} INFO - Processing /home/airflow/.local/lib/python3.12/site-packages/airflow/example_dags/example_setup_teardown.py took 0.053 seconds
[2024-10-10T16:36:39.075+0000] {processor.py:186} INFO - Started process (PID=40915) to work on /home/airflow/.local/lib/python3.12/site-packages/airflow/example_dags/example_setup_teardown.py
[2024-10-10T16:36:39.076+0000] {processor.py:914} INFO - Processing file /home/airflow/.local/lib/python3.12/site-packages/airflow/example_dags/example_setup_teardown.py for tasks to queue
[2024-10-10T16:36:39.076+0000] {logging_mixin.py:190} INFO - [2024-10-10T16:36:39.076+0000] {dagbag.py:587} INFO - Filling up the DagBag from /home/airflow/.local/lib/python3.12/site-packages/airflow/example_dags/example_setup_teardown.py
[2024-10-10T16:36:39.082+0000] {processor.py:925} INFO - DAG(s) 'example_setup_teardown' retrieved from /home/airflow/.local/lib/python3.12/site-packages/airflow/example_dags/example_setup_teardown.py
[2024-10-10T16:36:39.094+0000] {logging_mixin.py:190} INFO - [2024-10-10T16:36:39.094+0000] {dag.py:3229} INFO - Sync 1 DAGs
[2024-10-10T16:36:39.102+0000] {logging_mixin.py:190} INFO - [2024-10-10T16:36:39.102+0000] {dag.py:4156} INFO - Setting next_dagrun for example_setup_teardown to None, run_after=None
[2024-10-10T16:36:39.111+0000] {processor.py:208} INFO - Processing /home/airflow/.local/lib/python3.12/site-packages/airflow/example_dags/example_setup_teardown.py took 0.040 seconds
[2024-10-10T16:45:47.376+0000] {processor.py:186} INFO - Started process (PID=40986) to work on /home/airflow/.local/lib/python3.12/site-packages/airflow/example_dags/example_setup_teardown.py
[2024-10-10T16:45:47.377+0000] {processor.py:914} INFO - Processing file /home/airflow/.local/lib/python3.12/site-packages/airflow/example_dags/example_setup_teardown.py for tasks to queue
[2024-10-10T16:45:47.378+0000] {logging_mixin.py:190} INFO - [2024-10-10T16:45:47.378+0000] {dagbag.py:587} INFO - Filling up the DagBag from /home/airflow/.local/lib/python3.12/site-packages/airflow/example_dags/example_setup_teardown.py
[2024-10-10T16:45:47.384+0000] {processor.py:925} INFO - DAG(s) 'example_setup_teardown' retrieved from /home/airflow/.local/lib/python3.12/site-packages/airflow/example_dags/example_setup_teardown.py
[2024-10-10T16:45:47.395+0000] {logging_mixin.py:190} INFO - [2024-10-10T16:45:47.395+0000] {dag.py:3229} INFO - Sync 1 DAGs
[2024-10-10T16:45:47.402+0000] {logging_mixin.py:190} INFO - [2024-10-10T16:45:47.402+0000] {dag.py:4156} INFO - Setting next_dagrun for example_setup_teardown to None, run_after=None
[2024-10-10T16:45:47.412+0000] {processor.py:208} INFO - Processing /home/airflow/.local/lib/python3.12/site-packages/airflow/example_dags/example_setup_teardown.py took 0.040 seconds
[2024-10-10T17:20:02.190+0000] {processor.py:186} INFO - Started process (PID=41056) to work on /home/airflow/.local/lib/python3.12/site-packages/airflow/example_dags/example_setup_teardown.py
[2024-10-10T17:20:02.190+0000] {processor.py:914} INFO - Processing file /home/airflow/.local/lib/python3.12/site-packages/airflow/example_dags/example_setup_teardown.py for tasks to queue
[2024-10-10T17:20:02.192+0000] {logging_mixin.py:190} INFO - [2024-10-10T17:20:02.192+0000] {dagbag.py:587} INFO - Filling up the DagBag from /home/airflow/.local/lib/python3.12/site-packages/airflow/example_dags/example_setup_teardown.py
[2024-10-10T17:20:02.201+0000] {processor.py:925} INFO - DAG(s) 'example_setup_teardown' retrieved from /home/airflow/.local/lib/python3.12/site-packages/airflow/example_dags/example_setup_teardown.py
[2024-10-10T17:20:02.219+0000] {logging_mixin.py:190} INFO - [2024-10-10T17:20:02.219+0000] {dag.py:3229} INFO - Sync 1 DAGs
[2024-10-10T17:20:02.240+0000] {logging_mixin.py:190} INFO - [2024-10-10T17:20:02.239+0000] {dag.py:4156} INFO - Setting next_dagrun for example_setup_teardown to None, run_after=None
[2024-10-10T17:20:02.255+0000] {processor.py:208} INFO - Processing /home/airflow/.local/lib/python3.12/site-packages/airflow/example_dags/example_setup_teardown.py took 0.069 seconds
[2024-10-10T18:21:02.078+0000] {processor.py:186} INFO - Started process (PID=41127) to work on /home/airflow/.local/lib/python3.12/site-packages/airflow/example_dags/example_setup_teardown.py
[2024-10-10T18:21:02.081+0000] {processor.py:914} INFO - Processing file /home/airflow/.local/lib/python3.12/site-packages/airflow/example_dags/example_setup_teardown.py for tasks to queue
[2024-10-10T18:21:02.082+0000] {logging_mixin.py:190} INFO - [2024-10-10T18:21:02.082+0000] {dagbag.py:587} INFO - Filling up the DagBag from /home/airflow/.local/lib/python3.12/site-packages/airflow/example_dags/example_setup_teardown.py
[2024-10-10T18:21:02.089+0000] {processor.py:925} INFO - DAG(s) 'example_setup_teardown' retrieved from /home/airflow/.local/lib/python3.12/site-packages/airflow/example_dags/example_setup_teardown.py
[2024-10-10T18:21:02.105+0000] {logging_mixin.py:190} INFO - [2024-10-10T18:21:02.105+0000] {dag.py:3229} INFO - Sync 1 DAGs
[2024-10-10T18:21:02.113+0000] {logging_mixin.py:190} INFO - [2024-10-10T18:21:02.113+0000] {dag.py:4156} INFO - Setting next_dagrun for example_setup_teardown to None, run_after=None
[2024-10-10T18:21:02.123+0000] {processor.py:208} INFO - Processing /home/airflow/.local/lib/python3.12/site-packages/airflow/example_dags/example_setup_teardown.py took 0.049 seconds
[2024-10-10T18:38:28.111+0000] {processor.py:186} INFO - Started process (PID=41198) to work on /home/airflow/.local/lib/python3.12/site-packages/airflow/example_dags/example_setup_teardown.py
[2024-10-10T18:38:28.112+0000] {processor.py:914} INFO - Processing file /home/airflow/.local/lib/python3.12/site-packages/airflow/example_dags/example_setup_teardown.py for tasks to queue
[2024-10-10T18:38:28.113+0000] {logging_mixin.py:190} INFO - [2024-10-10T18:38:28.113+0000] {dagbag.py:587} INFO - Filling up the DagBag from /home/airflow/.local/lib/python3.12/site-packages/airflow/example_dags/example_setup_teardown.py
[2024-10-10T18:38:28.119+0000] {processor.py:925} INFO - DAG(s) 'example_setup_teardown' retrieved from /home/airflow/.local/lib/python3.12/site-packages/airflow/example_dags/example_setup_teardown.py
[2024-10-10T18:38:28.130+0000] {logging_mixin.py:190} INFO - [2024-10-10T18:38:28.129+0000] {dag.py:3229} INFO - Sync 1 DAGs
[2024-10-10T18:38:28.138+0000] {logging_mixin.py:190} INFO - [2024-10-10T18:38:28.138+0000] {dag.py:4156} INFO - Setting next_dagrun for example_setup_teardown to None, run_after=None
[2024-10-10T18:38:28.153+0000] {processor.py:208} INFO - Processing /home/airflow/.local/lib/python3.12/site-packages/airflow/example_dags/example_setup_teardown.py took 0.045 seconds
[2024-10-10T19:39:12.283+0000] {processor.py:186} INFO - Started process (PID=41269) to work on /home/airflow/.local/lib/python3.12/site-packages/airflow/example_dags/example_setup_teardown.py
[2024-10-10T19:39:12.285+0000] {processor.py:914} INFO - Processing file /home/airflow/.local/lib/python3.12/site-packages/airflow/example_dags/example_setup_teardown.py for tasks to queue
[2024-10-10T19:39:12.286+0000] {logging_mixin.py:190} INFO - [2024-10-10T19:39:12.286+0000] {dagbag.py:587} INFO - Filling up the DagBag from /home/airflow/.local/lib/python3.12/site-packages/airflow/example_dags/example_setup_teardown.py
[2024-10-10T19:39:12.290+0000] {processor.py:925} INFO - DAG(s) 'example_setup_teardown' retrieved from /home/airflow/.local/lib/python3.12/site-packages/airflow/example_dags/example_setup_teardown.py
[2024-10-10T19:39:12.302+0000] {logging_mixin.py:190} INFO - [2024-10-10T19:39:12.302+0000] {dag.py:3229} INFO - Sync 1 DAGs
[2024-10-10T19:39:12.311+0000] {logging_mixin.py:190} INFO - [2024-10-10T19:39:12.311+0000] {dag.py:4156} INFO - Setting next_dagrun for example_setup_teardown to None, run_after=None
[2024-10-10T19:39:12.322+0000] {processor.py:208} INFO - Processing /home/airflow/.local/lib/python3.12/site-packages/airflow/example_dags/example_setup_teardown.py took 0.042 seconds
[2024-10-10T20:23:16.450+0000] {processor.py:186} INFO - Started process (PID=41340) to work on /home/airflow/.local/lib/python3.12/site-packages/airflow/example_dags/example_setup_teardown.py
[2024-10-10T20:23:16.451+0000] {processor.py:914} INFO - Processing file /home/airflow/.local/lib/python3.12/site-packages/airflow/example_dags/example_setup_teardown.py for tasks to queue
[2024-10-10T20:23:16.452+0000] {logging_mixin.py:190} INFO - [2024-10-10T20:23:16.452+0000] {dagbag.py:587} INFO - Filling up the DagBag from /home/airflow/.local/lib/python3.12/site-packages/airflow/example_dags/example_setup_teardown.py
[2024-10-10T20:23:16.457+0000] {processor.py:925} INFO - DAG(s) 'example_setup_teardown' retrieved from /home/airflow/.local/lib/python3.12/site-packages/airflow/example_dags/example_setup_teardown.py
[2024-10-10T20:23:16.472+0000] {logging_mixin.py:190} INFO - [2024-10-10T20:23:16.472+0000] {dag.py:3229} INFO - Sync 1 DAGs
[2024-10-10T20:23:16.479+0000] {logging_mixin.py:190} INFO - [2024-10-10T20:23:16.479+0000] {dag.py:4156} INFO - Setting next_dagrun for example_setup_teardown to None, run_after=None
[2024-10-10T20:23:16.494+0000] {processor.py:208} INFO - Processing /home/airflow/.local/lib/python3.12/site-packages/airflow/example_dags/example_setup_teardown.py took 0.048 seconds
[2024-10-10T20:54:21.241+0000] {processor.py:186} INFO - Started process (PID=41411) to work on /home/airflow/.local/lib/python3.12/site-packages/airflow/example_dags/example_setup_teardown.py
[2024-10-10T20:54:21.242+0000] {processor.py:914} INFO - Processing file /home/airflow/.local/lib/python3.12/site-packages/airflow/example_dags/example_setup_teardown.py for tasks to queue
[2024-10-10T20:54:21.243+0000] {logging_mixin.py:190} INFO - [2024-10-10T20:54:21.242+0000] {dagbag.py:587} INFO - Filling up the DagBag from /home/airflow/.local/lib/python3.12/site-packages/airflow/example_dags/example_setup_teardown.py
[2024-10-10T20:54:21.249+0000] {processor.py:925} INFO - DAG(s) 'example_setup_teardown' retrieved from /home/airflow/.local/lib/python3.12/site-packages/airflow/example_dags/example_setup_teardown.py
[2024-10-10T20:54:21.264+0000] {logging_mixin.py:190} INFO - [2024-10-10T20:54:21.264+0000] {dag.py:3229} INFO - Sync 1 DAGs
[2024-10-10T20:54:21.272+0000] {logging_mixin.py:190} INFO - [2024-10-10T20:54:21.272+0000] {dag.py:4156} INFO - Setting next_dagrun for example_setup_teardown to None, run_after=None
[2024-10-10T20:54:21.284+0000] {processor.py:208} INFO - Processing /home/airflow/.local/lib/python3.12/site-packages/airflow/example_dags/example_setup_teardown.py took 0.047 seconds
[2024-10-10T21:24:09.120+0000] {processor.py:186} INFO - Started process (PID=41482) to work on /home/airflow/.local/lib/python3.12/site-packages/airflow/example_dags/example_setup_teardown.py
[2024-10-10T21:24:09.121+0000] {processor.py:914} INFO - Processing file /home/airflow/.local/lib/python3.12/site-packages/airflow/example_dags/example_setup_teardown.py for tasks to queue
[2024-10-10T21:24:09.122+0000] {logging_mixin.py:190} INFO - [2024-10-10T21:24:09.122+0000] {dagbag.py:587} INFO - Filling up the DagBag from /home/airflow/.local/lib/python3.12/site-packages/airflow/example_dags/example_setup_teardown.py
[2024-10-10T21:24:09.127+0000] {processor.py:925} INFO - DAG(s) 'example_setup_teardown' retrieved from /home/airflow/.local/lib/python3.12/site-packages/airflow/example_dags/example_setup_teardown.py
[2024-10-10T21:24:09.138+0000] {logging_mixin.py:190} INFO - [2024-10-10T21:24:09.138+0000] {dag.py:3229} INFO - Sync 1 DAGs
[2024-10-10T21:24:09.146+0000] {logging_mixin.py:190} INFO - [2024-10-10T21:24:09.146+0000] {dag.py:4156} INFO - Setting next_dagrun for example_setup_teardown to None, run_after=None
[2024-10-10T21:24:09.156+0000] {processor.py:208} INFO - Processing /home/airflow/.local/lib/python3.12/site-packages/airflow/example_dags/example_setup_teardown.py took 0.040 seconds
[2024-10-10T21:24:39.667+0000] {processor.py:186} INFO - Started process (PID=41553) to work on /home/airflow/.local/lib/python3.12/site-packages/airflow/example_dags/example_setup_teardown.py
[2024-10-10T21:24:39.668+0000] {processor.py:914} INFO - Processing file /home/airflow/.local/lib/python3.12/site-packages/airflow/example_dags/example_setup_teardown.py for tasks to queue
[2024-10-10T21:24:39.669+0000] {logging_mixin.py:190} INFO - [2024-10-10T21:24:39.669+0000] {dagbag.py:587} INFO - Filling up the DagBag from /home/airflow/.local/lib/python3.12/site-packages/airflow/example_dags/example_setup_teardown.py
[2024-10-10T21:24:39.673+0000] {processor.py:925} INFO - DAG(s) 'example_setup_teardown' retrieved from /home/airflow/.local/lib/python3.12/site-packages/airflow/example_dags/example_setup_teardown.py
[2024-10-10T21:24:39.691+0000] {logging_mixin.py:190} INFO - [2024-10-10T21:24:39.691+0000] {dag.py:3229} INFO - Sync 1 DAGs
[2024-10-10T21:24:39.698+0000] {logging_mixin.py:190} INFO - [2024-10-10T21:24:39.698+0000] {dag.py:4156} INFO - Setting next_dagrun for example_setup_teardown to None, run_after=None
[2024-10-10T21:24:39.710+0000] {processor.py:208} INFO - Processing /home/airflow/.local/lib/python3.12/site-packages/airflow/example_dags/example_setup_teardown.py took 0.046 seconds
[2024-10-10T21:43:36.297+0000] {processor.py:186} INFO - Started process (PID=41624) to work on /home/airflow/.local/lib/python3.12/site-packages/airflow/example_dags/example_setup_teardown.py
[2024-10-10T21:43:36.300+0000] {processor.py:914} INFO - Processing file /home/airflow/.local/lib/python3.12/site-packages/airflow/example_dags/example_setup_teardown.py for tasks to queue
[2024-10-10T21:43:36.301+0000] {logging_mixin.py:190} INFO - [2024-10-10T21:43:36.301+0000] {dagbag.py:587} INFO - Filling up the DagBag from /home/airflow/.local/lib/python3.12/site-packages/airflow/example_dags/example_setup_teardown.py
[2024-10-10T21:43:36.311+0000] {processor.py:925} INFO - DAG(s) 'example_setup_teardown' retrieved from /home/airflow/.local/lib/python3.12/site-packages/airflow/example_dags/example_setup_teardown.py
[2024-10-10T21:43:36.327+0000] {logging_mixin.py:190} INFO - [2024-10-10T21:43:36.327+0000] {dag.py:3229} INFO - Sync 1 DAGs
[2024-10-10T21:43:36.337+0000] {logging_mixin.py:190} INFO - [2024-10-10T21:43:36.337+0000] {dag.py:4156} INFO - Setting next_dagrun for example_setup_teardown to None, run_after=None
[2024-10-10T21:43:36.350+0000] {processor.py:208} INFO - Processing /home/airflow/.local/lib/python3.12/site-packages/airflow/example_dags/example_setup_teardown.py took 0.055 seconds
[2024-10-10T22:17:49.149+0000] {processor.py:186} INFO - Started process (PID=41695) to work on /home/airflow/.local/lib/python3.12/site-packages/airflow/example_dags/example_setup_teardown.py
[2024-10-10T22:17:49.154+0000] {processor.py:914} INFO - Processing file /home/airflow/.local/lib/python3.12/site-packages/airflow/example_dags/example_setup_teardown.py for tasks to queue
[2024-10-10T22:17:49.156+0000] {logging_mixin.py:190} INFO - [2024-10-10T22:17:49.156+0000] {dagbag.py:587} INFO - Filling up the DagBag from /home/airflow/.local/lib/python3.12/site-packages/airflow/example_dags/example_setup_teardown.py
[2024-10-10T22:17:49.172+0000] {processor.py:925} INFO - DAG(s) 'example_setup_teardown' retrieved from /home/airflow/.local/lib/python3.12/site-packages/airflow/example_dags/example_setup_teardown.py
[2024-10-10T22:17:49.203+0000] {logging_mixin.py:190} INFO - [2024-10-10T22:17:49.203+0000] {dag.py:3229} INFO - Sync 1 DAGs
[2024-10-10T22:17:49.219+0000] {logging_mixin.py:190} INFO - [2024-10-10T22:17:49.219+0000] {dag.py:4156} INFO - Setting next_dagrun for example_setup_teardown to None, run_after=None
[2024-10-10T22:17:49.232+0000] {processor.py:208} INFO - Processing /home/airflow/.local/lib/python3.12/site-packages/airflow/example_dags/example_setup_teardown.py took 0.091 seconds
[2024-10-10T22:46:09.491+0000] {processor.py:186} INFO - Started process (PID=41766) to work on /home/airflow/.local/lib/python3.12/site-packages/airflow/example_dags/example_setup_teardown.py
[2024-10-10T22:46:09.496+0000] {processor.py:914} INFO - Processing file /home/airflow/.local/lib/python3.12/site-packages/airflow/example_dags/example_setup_teardown.py for tasks to queue
[2024-10-10T22:46:09.499+0000] {logging_mixin.py:190} INFO - [2024-10-10T22:46:09.498+0000] {dagbag.py:587} INFO - Filling up the DagBag from /home/airflow/.local/lib/python3.12/site-packages/airflow/example_dags/example_setup_teardown.py
[2024-10-10T22:46:09.506+0000] {processor.py:925} INFO - DAG(s) 'example_setup_teardown' retrieved from /home/airflow/.local/lib/python3.12/site-packages/airflow/example_dags/example_setup_teardown.py
[2024-10-10T22:46:09.531+0000] {logging_mixin.py:190} INFO - [2024-10-10T22:46:09.531+0000] {dag.py:3229} INFO - Sync 1 DAGs
[2024-10-10T22:46:09.543+0000] {logging_mixin.py:190} INFO - [2024-10-10T22:46:09.542+0000] {dag.py:4156} INFO - Setting next_dagrun for example_setup_teardown to None, run_after=None
[2024-10-10T22:46:09.560+0000] {processor.py:208} INFO - Processing /home/airflow/.local/lib/python3.12/site-packages/airflow/example_dags/example_setup_teardown.py took 0.074 seconds
[2024-10-10T23:26:20.063+0000] {processor.py:186} INFO - Started process (PID=41837) to work on /home/airflow/.local/lib/python3.12/site-packages/airflow/example_dags/example_setup_teardown.py
[2024-10-10T23:26:20.064+0000] {processor.py:914} INFO - Processing file /home/airflow/.local/lib/python3.12/site-packages/airflow/example_dags/example_setup_teardown.py for tasks to queue
[2024-10-10T23:26:20.065+0000] {logging_mixin.py:190} INFO - [2024-10-10T23:26:20.064+0000] {dagbag.py:587} INFO - Filling up the DagBag from /home/airflow/.local/lib/python3.12/site-packages/airflow/example_dags/example_setup_teardown.py
[2024-10-10T23:26:20.069+0000] {processor.py:925} INFO - DAG(s) 'example_setup_teardown' retrieved from /home/airflow/.local/lib/python3.12/site-packages/airflow/example_dags/example_setup_teardown.py
[2024-10-10T23:26:20.078+0000] {logging_mixin.py:190} INFO - [2024-10-10T23:26:20.078+0000] {dag.py:3229} INFO - Sync 1 DAGs
[2024-10-10T23:26:20.084+0000] {logging_mixin.py:190} INFO - [2024-10-10T23:26:20.084+0000] {dag.py:4156} INFO - Setting next_dagrun for example_setup_teardown to None, run_after=None
[2024-10-10T23:26:20.091+0000] {processor.py:208} INFO - Processing /home/airflow/.local/lib/python3.12/site-packages/airflow/example_dags/example_setup_teardown.py took 0.030 seconds
