[2024-10-10T00:11:42.638+0000] {processor.py:186} INFO - Started process (PID=38869) to work on /home/airflow/.local/lib/python3.12/site-packages/airflow/example_dags/example_dag_decorator.py
[2024-10-10T00:11:42.641+0000] {processor.py:914} INFO - Processing file /home/airflow/.local/lib/python3.12/site-packages/airflow/example_dags/example_dag_decorator.py for tasks to queue
[2024-10-10T00:11:42.642+0000] {logging_mixin.py:190} INFO - [2024-10-10T00:11:42.642+0000] {dagbag.py:587} INFO - Filling up the DagBag from /home/airflow/.local/lib/python3.12/site-packages/airflow/example_dags/example_dag_decorator.py
[2024-10-10T00:11:42.652+0000] {processor.py:925} INFO - DAG(s) 'example_dag_decorator' retrieved from /home/airflow/.local/lib/python3.12/site-packages/airflow/example_dags/example_dag_decorator.py
[2024-10-10T00:11:42.776+0000] {logging_mixin.py:190} INFO - [2024-10-10T00:11:42.776+0000] {dag.py:3229} INFO - Sync 1 DAGs
[2024-10-10T00:11:42.784+0000] {logging_mixin.py:190} INFO - [2024-10-10T00:11:42.784+0000] {dag.py:4156} INFO - Setting next_dagrun for example_dag_decorator to None, run_after=None
[2024-10-10T00:11:42.793+0000] {processor.py:208} INFO - Processing /home/airflow/.local/lib/python3.12/site-packages/airflow/example_dags/example_dag_decorator.py took 0.160 seconds
[2024-10-10T01:18:09.369+0000] {processor.py:186} INFO - Started process (PID=38940) to work on /home/airflow/.local/lib/python3.12/site-packages/airflow/example_dags/example_dag_decorator.py
[2024-10-10T01:18:09.371+0000] {processor.py:914} INFO - Processing file /home/airflow/.local/lib/python3.12/site-packages/airflow/example_dags/example_dag_decorator.py for tasks to queue
[2024-10-10T01:18:09.373+0000] {logging_mixin.py:190} INFO - [2024-10-10T01:18:09.372+0000] {dagbag.py:587} INFO - Filling up the DagBag from /home/airflow/.local/lib/python3.12/site-packages/airflow/example_dags/example_dag_decorator.py
[2024-10-10T01:18:09.383+0000] {processor.py:925} INFO - DAG(s) 'example_dag_decorator' retrieved from /home/airflow/.local/lib/python3.12/site-packages/airflow/example_dags/example_dag_decorator.py
[2024-10-10T01:18:09.482+0000] {logging_mixin.py:190} INFO - [2024-10-10T01:18:09.482+0000] {dag.py:3229} INFO - Sync 1 DAGs
[2024-10-10T01:18:09.489+0000] {logging_mixin.py:190} INFO - [2024-10-10T01:18:09.489+0000] {dag.py:4156} INFO - Setting next_dagrun for example_dag_decorator to None, run_after=None
[2024-10-10T01:18:09.501+0000] {processor.py:208} INFO - Processing /home/airflow/.local/lib/python3.12/site-packages/airflow/example_dags/example_dag_decorator.py took 0.139 seconds
[2024-10-10T01:52:18.862+0000] {processor.py:186} INFO - Started process (PID=39011) to work on /home/airflow/.local/lib/python3.12/site-packages/airflow/example_dags/example_dag_decorator.py
[2024-10-10T01:52:18.863+0000] {processor.py:914} INFO - Processing file /home/airflow/.local/lib/python3.12/site-packages/airflow/example_dags/example_dag_decorator.py for tasks to queue
[2024-10-10T01:52:18.865+0000] {logging_mixin.py:190} INFO - [2024-10-10T01:52:18.865+0000] {dagbag.py:587} INFO - Filling up the DagBag from /home/airflow/.local/lib/python3.12/site-packages/airflow/example_dags/example_dag_decorator.py
[2024-10-10T01:52:18.876+0000] {processor.py:925} INFO - DAG(s) 'example_dag_decorator' retrieved from /home/airflow/.local/lib/python3.12/site-packages/airflow/example_dags/example_dag_decorator.py
[2024-10-10T01:52:18.955+0000] {logging_mixin.py:190} INFO - [2024-10-10T01:52:18.954+0000] {dag.py:3229} INFO - Sync 1 DAGs
[2024-10-10T01:52:18.964+0000] {logging_mixin.py:190} INFO - [2024-10-10T01:52:18.964+0000] {dag.py:4156} INFO - Setting next_dagrun for example_dag_decorator to None, run_after=None
[2024-10-10T01:52:18.976+0000] {processor.py:208} INFO - Processing /home/airflow/.local/lib/python3.12/site-packages/airflow/example_dags/example_dag_decorator.py took 0.117 seconds
[2024-10-10T02:19:11.046+0000] {processor.py:186} INFO - Started process (PID=39082) to work on /home/airflow/.local/lib/python3.12/site-packages/airflow/example_dags/example_dag_decorator.py
[2024-10-10T02:19:11.049+0000] {processor.py:914} INFO - Processing file /home/airflow/.local/lib/python3.12/site-packages/airflow/example_dags/example_dag_decorator.py for tasks to queue
[2024-10-10T02:19:11.050+0000] {logging_mixin.py:190} INFO - [2024-10-10T02:19:11.050+0000] {dagbag.py:587} INFO - Filling up the DagBag from /home/airflow/.local/lib/python3.12/site-packages/airflow/example_dags/example_dag_decorator.py
[2024-10-10T02:19:11.067+0000] {processor.py:925} INFO - DAG(s) 'example_dag_decorator' retrieved from /home/airflow/.local/lib/python3.12/site-packages/airflow/example_dags/example_dag_decorator.py
[2024-10-10T02:19:11.151+0000] {logging_mixin.py:190} INFO - [2024-10-10T02:19:11.151+0000] {dag.py:3229} INFO - Sync 1 DAGs
[2024-10-10T02:19:11.160+0000] {logging_mixin.py:190} INFO - [2024-10-10T02:19:11.160+0000] {dag.py:4156} INFO - Setting next_dagrun for example_dag_decorator to None, run_after=None
[2024-10-10T02:19:11.174+0000] {processor.py:208} INFO - Processing /home/airflow/.local/lib/python3.12/site-packages/airflow/example_dags/example_dag_decorator.py took 0.131 seconds
[2024-10-10T03:09:36.750+0000] {processor.py:186} INFO - Started process (PID=39153) to work on /home/airflow/.local/lib/python3.12/site-packages/airflow/example_dags/example_dag_decorator.py
[2024-10-10T03:09:36.750+0000] {processor.py:914} INFO - Processing file /home/airflow/.local/lib/python3.12/site-packages/airflow/example_dags/example_dag_decorator.py for tasks to queue
[2024-10-10T03:09:36.751+0000] {logging_mixin.py:190} INFO - [2024-10-10T03:09:36.751+0000] {dagbag.py:587} INFO - Filling up the DagBag from /home/airflow/.local/lib/python3.12/site-packages/airflow/example_dags/example_dag_decorator.py
[2024-10-10T03:09:36.758+0000] {processor.py:925} INFO - DAG(s) 'example_dag_decorator' retrieved from /home/airflow/.local/lib/python3.12/site-packages/airflow/example_dags/example_dag_decorator.py
[2024-10-10T03:09:36.837+0000] {logging_mixin.py:190} INFO - [2024-10-10T03:09:36.837+0000] {dag.py:3229} INFO - Sync 1 DAGs
[2024-10-10T03:09:36.843+0000] {logging_mixin.py:190} INFO - [2024-10-10T03:09:36.842+0000] {dag.py:4156} INFO - Setting next_dagrun for example_dag_decorator to None, run_after=None
[2024-10-10T03:09:36.849+0000] {processor.py:208} INFO - Processing /home/airflow/.local/lib/python3.12/site-packages/airflow/example_dags/example_dag_decorator.py took 0.103 seconds
[2024-10-10T03:56:58.726+0000] {processor.py:186} INFO - Started process (PID=39223) to work on /home/airflow/.local/lib/python3.12/site-packages/airflow/example_dags/example_dag_decorator.py
[2024-10-10T03:56:58.727+0000] {processor.py:914} INFO - Processing file /home/airflow/.local/lib/python3.12/site-packages/airflow/example_dags/example_dag_decorator.py for tasks to queue
[2024-10-10T03:56:58.727+0000] {logging_mixin.py:190} INFO - [2024-10-10T03:56:58.727+0000] {dagbag.py:587} INFO - Filling up the DagBag from /home/airflow/.local/lib/python3.12/site-packages/airflow/example_dags/example_dag_decorator.py
[2024-10-10T03:56:58.734+0000] {processor.py:925} INFO - DAG(s) 'example_dag_decorator' retrieved from /home/airflow/.local/lib/python3.12/site-packages/airflow/example_dags/example_dag_decorator.py
[2024-10-10T03:56:58.811+0000] {logging_mixin.py:190} INFO - [2024-10-10T03:56:58.811+0000] {dag.py:3229} INFO - Sync 1 DAGs
[2024-10-10T03:56:58.825+0000] {logging_mixin.py:190} INFO - [2024-10-10T03:56:58.825+0000] {dag.py:4156} INFO - Setting next_dagrun for example_dag_decorator to None, run_after=None
[2024-10-10T03:56:58.838+0000] {processor.py:208} INFO - Processing /home/airflow/.local/lib/python3.12/site-packages/airflow/example_dags/example_dag_decorator.py took 0.115 seconds
[2024-10-10T04:21:13.372+0000] {processor.py:186} INFO - Started process (PID=39293) to work on /home/airflow/.local/lib/python3.12/site-packages/airflow/example_dags/example_dag_decorator.py
[2024-10-10T04:21:13.375+0000] {processor.py:914} INFO - Processing file /home/airflow/.local/lib/python3.12/site-packages/airflow/example_dags/example_dag_decorator.py for tasks to queue
[2024-10-10T04:21:13.376+0000] {logging_mixin.py:190} INFO - [2024-10-10T04:21:13.376+0000] {dagbag.py:587} INFO - Filling up the DagBag from /home/airflow/.local/lib/python3.12/site-packages/airflow/example_dags/example_dag_decorator.py
[2024-10-10T04:21:13.383+0000] {processor.py:925} INFO - DAG(s) 'example_dag_decorator' retrieved from /home/airflow/.local/lib/python3.12/site-packages/airflow/example_dags/example_dag_decorator.py
[2024-10-10T04:21:13.471+0000] {logging_mixin.py:190} INFO - [2024-10-10T04:21:13.471+0000] {dag.py:3229} INFO - Sync 1 DAGs
[2024-10-10T04:21:13.478+0000] {logging_mixin.py:190} INFO - [2024-10-10T04:21:13.478+0000] {dag.py:4156} INFO - Setting next_dagrun for example_dag_decorator to None, run_after=None
[2024-10-10T04:21:13.489+0000] {processor.py:208} INFO - Processing /home/airflow/.local/lib/python3.12/site-packages/airflow/example_dags/example_dag_decorator.py took 0.120 seconds
[2024-10-10T05:14:26.321+0000] {processor.py:186} INFO - Started process (PID=39364) to work on /home/airflow/.local/lib/python3.12/site-packages/airflow/example_dags/example_dag_decorator.py
[2024-10-10T05:14:26.322+0000] {processor.py:914} INFO - Processing file /home/airflow/.local/lib/python3.12/site-packages/airflow/example_dags/example_dag_decorator.py for tasks to queue
[2024-10-10T05:14:26.323+0000] {logging_mixin.py:190} INFO - [2024-10-10T05:14:26.322+0000] {dagbag.py:587} INFO - Filling up the DagBag from /home/airflow/.local/lib/python3.12/site-packages/airflow/example_dags/example_dag_decorator.py
[2024-10-10T05:14:26.329+0000] {processor.py:925} INFO - DAG(s) 'example_dag_decorator' retrieved from /home/airflow/.local/lib/python3.12/site-packages/airflow/example_dags/example_dag_decorator.py
[2024-10-10T05:14:26.405+0000] {logging_mixin.py:190} INFO - [2024-10-10T05:14:26.405+0000] {dag.py:3229} INFO - Sync 1 DAGs
[2024-10-10T05:14:26.411+0000] {logging_mixin.py:190} INFO - [2024-10-10T05:14:26.411+0000] {dag.py:4156} INFO - Setting next_dagrun for example_dag_decorator to None, run_after=None
[2024-10-10T05:14:26.428+0000] {processor.py:208} INFO - Processing /home/airflow/.local/lib/python3.12/site-packages/airflow/example_dags/example_dag_decorator.py took 0.110 seconds
[2024-10-10T05:47:23.336+0000] {processor.py:186} INFO - Started process (PID=39435) to work on /home/airflow/.local/lib/python3.12/site-packages/airflow/example_dags/example_dag_decorator.py
[2024-10-10T05:47:23.336+0000] {processor.py:914} INFO - Processing file /home/airflow/.local/lib/python3.12/site-packages/airflow/example_dags/example_dag_decorator.py for tasks to queue
[2024-10-10T05:47:23.337+0000] {logging_mixin.py:190} INFO - [2024-10-10T05:47:23.337+0000] {dagbag.py:587} INFO - Filling up the DagBag from /home/airflow/.local/lib/python3.12/site-packages/airflow/example_dags/example_dag_decorator.py
[2024-10-10T05:47:23.345+0000] {processor.py:925} INFO - DAG(s) 'example_dag_decorator' retrieved from /home/airflow/.local/lib/python3.12/site-packages/airflow/example_dags/example_dag_decorator.py
[2024-10-10T05:47:23.456+0000] {logging_mixin.py:190} INFO - [2024-10-10T05:47:23.455+0000] {dag.py:3229} INFO - Sync 1 DAGs
[2024-10-10T05:47:23.467+0000] {logging_mixin.py:190} INFO - [2024-10-10T05:47:23.467+0000] {dag.py:4156} INFO - Setting next_dagrun for example_dag_decorator to None, run_after=None
[2024-10-10T05:47:23.478+0000] {processor.py:208} INFO - Processing /home/airflow/.local/lib/python3.12/site-packages/airflow/example_dags/example_dag_decorator.py took 0.146 seconds
[2024-10-10T06:39:43.695+0000] {processor.py:186} INFO - Started process (PID=39506) to work on /home/airflow/.local/lib/python3.12/site-packages/airflow/example_dags/example_dag_decorator.py
[2024-10-10T06:39:43.696+0000] {processor.py:914} INFO - Processing file /home/airflow/.local/lib/python3.12/site-packages/airflow/example_dags/example_dag_decorator.py for tasks to queue
[2024-10-10T06:39:43.697+0000] {logging_mixin.py:190} INFO - [2024-10-10T06:39:43.697+0000] {dagbag.py:587} INFO - Filling up the DagBag from /home/airflow/.local/lib/python3.12/site-packages/airflow/example_dags/example_dag_decorator.py
[2024-10-10T06:39:43.708+0000] {processor.py:925} INFO - DAG(s) 'example_dag_decorator' retrieved from /home/airflow/.local/lib/python3.12/site-packages/airflow/example_dags/example_dag_decorator.py
[2024-10-10T06:39:43.728+0000] {logging_mixin.py:190} INFO - [2024-10-10T06:39:43.728+0000] {dag.py:3229} INFO - Sync 1 DAGs
[2024-10-10T06:39:43.744+0000] {logging_mixin.py:190} INFO - [2024-10-10T06:39:43.744+0000] {dag.py:4156} INFO - Setting next_dagrun for example_dag_decorator to None, run_after=None
[2024-10-10T06:39:43.759+0000] {processor.py:208} INFO - Processing /home/airflow/.local/lib/python3.12/site-packages/airflow/example_dags/example_dag_decorator.py took 0.069 seconds
[2024-10-10T07:11:26.106+0000] {processor.py:186} INFO - Started process (PID=39577) to work on /home/airflow/.local/lib/python3.12/site-packages/airflow/example_dags/example_dag_decorator.py
[2024-10-10T07:11:26.107+0000] {processor.py:914} INFO - Processing file /home/airflow/.local/lib/python3.12/site-packages/airflow/example_dags/example_dag_decorator.py for tasks to queue
[2024-10-10T07:11:26.107+0000] {logging_mixin.py:190} INFO - [2024-10-10T07:11:26.107+0000] {dagbag.py:587} INFO - Filling up the DagBag from /home/airflow/.local/lib/python3.12/site-packages/airflow/example_dags/example_dag_decorator.py
[2024-10-10T07:11:26.117+0000] {processor.py:925} INFO - DAG(s) 'example_dag_decorator' retrieved from /home/airflow/.local/lib/python3.12/site-packages/airflow/example_dags/example_dag_decorator.py
[2024-10-10T07:11:26.240+0000] {logging_mixin.py:190} INFO - [2024-10-10T07:11:26.240+0000] {dag.py:3229} INFO - Sync 1 DAGs
[2024-10-10T07:11:26.246+0000] {logging_mixin.py:190} INFO - [2024-10-10T07:11:26.246+0000] {dag.py:4156} INFO - Setting next_dagrun for example_dag_decorator to None, run_after=None
[2024-10-10T07:11:26.257+0000] {processor.py:208} INFO - Processing /home/airflow/.local/lib/python3.12/site-packages/airflow/example_dags/example_dag_decorator.py took 0.154 seconds
[2024-10-10T07:39:20.107+0000] {processor.py:186} INFO - Started process (PID=39648) to work on /home/airflow/.local/lib/python3.12/site-packages/airflow/example_dags/example_dag_decorator.py
[2024-10-10T07:39:20.108+0000] {processor.py:914} INFO - Processing file /home/airflow/.local/lib/python3.12/site-packages/airflow/example_dags/example_dag_decorator.py for tasks to queue
[2024-10-10T07:39:20.109+0000] {logging_mixin.py:190} INFO - [2024-10-10T07:39:20.109+0000] {dagbag.py:587} INFO - Filling up the DagBag from /home/airflow/.local/lib/python3.12/site-packages/airflow/example_dags/example_dag_decorator.py
[2024-10-10T07:39:20.118+0000] {processor.py:925} INFO - DAG(s) 'example_dag_decorator' retrieved from /home/airflow/.local/lib/python3.12/site-packages/airflow/example_dags/example_dag_decorator.py
[2024-10-10T07:39:20.199+0000] {logging_mixin.py:190} INFO - [2024-10-10T07:39:20.199+0000] {dag.py:3229} INFO - Sync 1 DAGs
[2024-10-10T07:39:20.209+0000] {logging_mixin.py:190} INFO - [2024-10-10T07:39:20.209+0000] {dag.py:4156} INFO - Setting next_dagrun for example_dag_decorator to None, run_after=None
[2024-10-10T07:39:20.221+0000] {processor.py:208} INFO - Processing /home/airflow/.local/lib/python3.12/site-packages/airflow/example_dags/example_dag_decorator.py took 0.117 seconds
[2024-10-10T08:03:00.600+0000] {processor.py:186} INFO - Started process (PID=39719) to work on /home/airflow/.local/lib/python3.12/site-packages/airflow/example_dags/example_dag_decorator.py
[2024-10-10T08:03:00.602+0000] {processor.py:914} INFO - Processing file /home/airflow/.local/lib/python3.12/site-packages/airflow/example_dags/example_dag_decorator.py for tasks to queue
[2024-10-10T08:03:00.603+0000] {logging_mixin.py:190} INFO - [2024-10-10T08:03:00.602+0000] {dagbag.py:587} INFO - Filling up the DagBag from /home/airflow/.local/lib/python3.12/site-packages/airflow/example_dags/example_dag_decorator.py
[2024-10-10T08:03:00.608+0000] {processor.py:925} INFO - DAG(s) 'example_dag_decorator' retrieved from /home/airflow/.local/lib/python3.12/site-packages/airflow/example_dags/example_dag_decorator.py
[2024-10-10T08:03:00.692+0000] {logging_mixin.py:190} INFO - [2024-10-10T08:03:00.691+0000] {dag.py:3229} INFO - Sync 1 DAGs
[2024-10-10T08:03:00.698+0000] {logging_mixin.py:190} INFO - [2024-10-10T08:03:00.698+0000] {dag.py:4156} INFO - Setting next_dagrun for example_dag_decorator to None, run_after=None
[2024-10-10T08:03:00.709+0000] {processor.py:208} INFO - Processing /home/airflow/.local/lib/python3.12/site-packages/airflow/example_dags/example_dag_decorator.py took 0.112 seconds
[2024-10-10T08:12:06.801+0000] {processor.py:186} INFO - Started process (PID=39790) to work on /home/airflow/.local/lib/python3.12/site-packages/airflow/example_dags/example_dag_decorator.py
[2024-10-10T08:12:06.803+0000] {processor.py:914} INFO - Processing file /home/airflow/.local/lib/python3.12/site-packages/airflow/example_dags/example_dag_decorator.py for tasks to queue
[2024-10-10T08:12:06.805+0000] {logging_mixin.py:190} INFO - [2024-10-10T08:12:06.804+0000] {dagbag.py:587} INFO - Filling up the DagBag from /home/airflow/.local/lib/python3.12/site-packages/airflow/example_dags/example_dag_decorator.py
[2024-10-10T08:12:06.815+0000] {processor.py:925} INFO - DAG(s) 'example_dag_decorator' retrieved from /home/airflow/.local/lib/python3.12/site-packages/airflow/example_dags/example_dag_decorator.py
[2024-10-10T08:12:06.898+0000] {logging_mixin.py:190} INFO - [2024-10-10T08:12:06.898+0000] {dag.py:3229} INFO - Sync 1 DAGs
[2024-10-10T08:12:06.913+0000] {logging_mixin.py:190} INFO - [2024-10-10T08:12:06.913+0000] {dag.py:4156} INFO - Setting next_dagrun for example_dag_decorator to None, run_after=None
[2024-10-10T08:12:06.930+0000] {processor.py:208} INFO - Processing /home/airflow/.local/lib/python3.12/site-packages/airflow/example_dags/example_dag_decorator.py took 0.137 seconds
[2024-10-10T08:24:34.839+0000] {processor.py:186} INFO - Started process (PID=39860) to work on /home/airflow/.local/lib/python3.12/site-packages/airflow/example_dags/example_dag_decorator.py
[2024-10-10T08:24:34.840+0000] {processor.py:914} INFO - Processing file /home/airflow/.local/lib/python3.12/site-packages/airflow/example_dags/example_dag_decorator.py for tasks to queue
[2024-10-10T08:24:34.841+0000] {logging_mixin.py:190} INFO - [2024-10-10T08:24:34.840+0000] {dagbag.py:587} INFO - Filling up the DagBag from /home/airflow/.local/lib/python3.12/site-packages/airflow/example_dags/example_dag_decorator.py
[2024-10-10T08:24:34.852+0000] {processor.py:925} INFO - DAG(s) 'example_dag_decorator' retrieved from /home/airflow/.local/lib/python3.12/site-packages/airflow/example_dags/example_dag_decorator.py
[2024-10-10T08:24:34.924+0000] {logging_mixin.py:190} INFO - [2024-10-10T08:24:34.923+0000] {dag.py:3229} INFO - Sync 1 DAGs
[2024-10-10T08:24:34.930+0000] {logging_mixin.py:190} INFO - [2024-10-10T08:24:34.930+0000] {dag.py:4156} INFO - Setting next_dagrun for example_dag_decorator to None, run_after=None
[2024-10-10T08:24:34.940+0000] {processor.py:208} INFO - Processing /home/airflow/.local/lib/python3.12/site-packages/airflow/example_dags/example_dag_decorator.py took 0.106 seconds
[2024-10-10T08:25:05.608+0000] {processor.py:186} INFO - Started process (PID=39932) to work on /home/airflow/.local/lib/python3.12/site-packages/airflow/example_dags/example_dag_decorator.py
[2024-10-10T08:25:05.609+0000] {processor.py:914} INFO - Processing file /home/airflow/.local/lib/python3.12/site-packages/airflow/example_dags/example_dag_decorator.py for tasks to queue
[2024-10-10T08:25:05.610+0000] {logging_mixin.py:190} INFO - [2024-10-10T08:25:05.609+0000] {dagbag.py:587} INFO - Filling up the DagBag from /home/airflow/.local/lib/python3.12/site-packages/airflow/example_dags/example_dag_decorator.py
[2024-10-10T08:25:05.616+0000] {processor.py:925} INFO - DAG(s) 'example_dag_decorator' retrieved from /home/airflow/.local/lib/python3.12/site-packages/airflow/example_dags/example_dag_decorator.py
[2024-10-10T08:25:05.692+0000] {logging_mixin.py:190} INFO - [2024-10-10T08:25:05.692+0000] {dag.py:3229} INFO - Sync 1 DAGs
[2024-10-10T08:25:05.700+0000] {logging_mixin.py:190} INFO - [2024-10-10T08:25:05.700+0000] {dag.py:4156} INFO - Setting next_dagrun for example_dag_decorator to None, run_after=None
[2024-10-10T08:25:05.714+0000] {processor.py:208} INFO - Processing /home/airflow/.local/lib/python3.12/site-packages/airflow/example_dags/example_dag_decorator.py took 0.110 seconds
[2024-10-10T09:14:59.041+0000] {processor.py:186} INFO - Started process (PID=40003) to work on /home/airflow/.local/lib/python3.12/site-packages/airflow/example_dags/example_dag_decorator.py
[2024-10-10T09:14:59.041+0000] {processor.py:914} INFO - Processing file /home/airflow/.local/lib/python3.12/site-packages/airflow/example_dags/example_dag_decorator.py for tasks to queue
[2024-10-10T09:14:59.042+0000] {logging_mixin.py:190} INFO - [2024-10-10T09:14:59.042+0000] {dagbag.py:587} INFO - Filling up the DagBag from /home/airflow/.local/lib/python3.12/site-packages/airflow/example_dags/example_dag_decorator.py
[2024-10-10T09:14:59.050+0000] {processor.py:925} INFO - DAG(s) 'example_dag_decorator' retrieved from /home/airflow/.local/lib/python3.12/site-packages/airflow/example_dags/example_dag_decorator.py
[2024-10-10T09:14:59.138+0000] {logging_mixin.py:190} INFO - [2024-10-10T09:14:59.137+0000] {dag.py:3229} INFO - Sync 1 DAGs
[2024-10-10T09:14:59.148+0000] {logging_mixin.py:190} INFO - [2024-10-10T09:14:59.148+0000] {dag.py:4156} INFO - Setting next_dagrun for example_dag_decorator to None, run_after=None
[2024-10-10T09:14:59.160+0000] {processor.py:208} INFO - Processing /home/airflow/.local/lib/python3.12/site-packages/airflow/example_dags/example_dag_decorator.py took 0.122 seconds
[2024-10-10T10:21:19.573+0000] {processor.py:186} INFO - Started process (PID=40074) to work on /home/airflow/.local/lib/python3.12/site-packages/airflow/example_dags/example_dag_decorator.py
[2024-10-10T10:21:19.574+0000] {processor.py:914} INFO - Processing file /home/airflow/.local/lib/python3.12/site-packages/airflow/example_dags/example_dag_decorator.py for tasks to queue
[2024-10-10T10:21:19.575+0000] {logging_mixin.py:190} INFO - [2024-10-10T10:21:19.575+0000] {dagbag.py:587} INFO - Filling up the DagBag from /home/airflow/.local/lib/python3.12/site-packages/airflow/example_dags/example_dag_decorator.py
[2024-10-10T10:21:19.588+0000] {processor.py:925} INFO - DAG(s) 'example_dag_decorator' retrieved from /home/airflow/.local/lib/python3.12/site-packages/airflow/example_dags/example_dag_decorator.py
[2024-10-10T10:21:19.654+0000] {logging_mixin.py:190} INFO - [2024-10-10T10:21:19.654+0000] {dag.py:3229} INFO - Sync 1 DAGs
[2024-10-10T10:21:19.660+0000] {logging_mixin.py:190} INFO - [2024-10-10T10:21:19.660+0000] {dag.py:4156} INFO - Setting next_dagrun for example_dag_decorator to None, run_after=None
[2024-10-10T10:21:19.671+0000] {processor.py:208} INFO - Processing /home/airflow/.local/lib/python3.12/site-packages/airflow/example_dags/example_dag_decorator.py took 0.101 seconds
[2024-10-10T10:44:16.302+0000] {processor.py:186} INFO - Started process (PID=40145) to work on /home/airflow/.local/lib/python3.12/site-packages/airflow/example_dags/example_dag_decorator.py
[2024-10-10T10:44:16.304+0000] {processor.py:914} INFO - Processing file /home/airflow/.local/lib/python3.12/site-packages/airflow/example_dags/example_dag_decorator.py for tasks to queue
[2024-10-10T10:44:16.305+0000] {logging_mixin.py:190} INFO - [2024-10-10T10:44:16.305+0000] {dagbag.py:587} INFO - Filling up the DagBag from /home/airflow/.local/lib/python3.12/site-packages/airflow/example_dags/example_dag_decorator.py
[2024-10-10T10:44:16.312+0000] {processor.py:925} INFO - DAG(s) 'example_dag_decorator' retrieved from /home/airflow/.local/lib/python3.12/site-packages/airflow/example_dags/example_dag_decorator.py
[2024-10-10T10:44:16.324+0000] {logging_mixin.py:190} INFO - [2024-10-10T10:44:16.324+0000] {dag.py:3229} INFO - Sync 1 DAGs
[2024-10-10T10:44:16.331+0000] {logging_mixin.py:190} INFO - [2024-10-10T10:44:16.331+0000] {dag.py:4156} INFO - Setting next_dagrun for example_dag_decorator to None, run_after=None
[2024-10-10T10:44:16.339+0000] {processor.py:208} INFO - Processing /home/airflow/.local/lib/python3.12/site-packages/airflow/example_dags/example_dag_decorator.py took 0.041 seconds
[2024-10-10T11:15:58.938+0000] {processor.py:186} INFO - Started process (PID=40216) to work on /home/airflow/.local/lib/python3.12/site-packages/airflow/example_dags/example_dag_decorator.py
[2024-10-10T11:15:58.940+0000] {processor.py:914} INFO - Processing file /home/airflow/.local/lib/python3.12/site-packages/airflow/example_dags/example_dag_decorator.py for tasks to queue
[2024-10-10T11:15:58.941+0000] {logging_mixin.py:190} INFO - [2024-10-10T11:15:58.941+0000] {dagbag.py:587} INFO - Filling up the DagBag from /home/airflow/.local/lib/python3.12/site-packages/airflow/example_dags/example_dag_decorator.py
[2024-10-10T11:15:58.949+0000] {processor.py:925} INFO - DAG(s) 'example_dag_decorator' retrieved from /home/airflow/.local/lib/python3.12/site-packages/airflow/example_dags/example_dag_decorator.py
[2024-10-10T11:15:59.062+0000] {logging_mixin.py:190} INFO - [2024-10-10T11:15:59.062+0000] {dag.py:3229} INFO - Sync 1 DAGs
[2024-10-10T11:15:59.068+0000] {logging_mixin.py:190} INFO - [2024-10-10T11:15:59.068+0000] {dag.py:4156} INFO - Setting next_dagrun for example_dag_decorator to None, run_after=None
[2024-10-10T11:15:59.076+0000] {processor.py:208} INFO - Processing /home/airflow/.local/lib/python3.12/site-packages/airflow/example_dags/example_dag_decorator.py took 0.140 seconds
[2024-10-10T11:16:29.591+0000] {processor.py:186} INFO - Started process (PID=40287) to work on /home/airflow/.local/lib/python3.12/site-packages/airflow/example_dags/example_dag_decorator.py
[2024-10-10T11:16:29.592+0000] {processor.py:914} INFO - Processing file /home/airflow/.local/lib/python3.12/site-packages/airflow/example_dags/example_dag_decorator.py for tasks to queue
[2024-10-10T11:16:29.593+0000] {logging_mixin.py:190} INFO - [2024-10-10T11:16:29.592+0000] {dagbag.py:587} INFO - Filling up the DagBag from /home/airflow/.local/lib/python3.12/site-packages/airflow/example_dags/example_dag_decorator.py
[2024-10-10T11:16:29.600+0000] {processor.py:925} INFO - DAG(s) 'example_dag_decorator' retrieved from /home/airflow/.local/lib/python3.12/site-packages/airflow/example_dags/example_dag_decorator.py
[2024-10-10T11:16:29.665+0000] {logging_mixin.py:190} INFO - [2024-10-10T11:16:29.665+0000] {dag.py:3229} INFO - Sync 1 DAGs
[2024-10-10T11:16:29.672+0000] {logging_mixin.py:190} INFO - [2024-10-10T11:16:29.672+0000] {dag.py:4156} INFO - Setting next_dagrun for example_dag_decorator to None, run_after=None
[2024-10-10T11:16:29.680+0000] {processor.py:208} INFO - Processing /home/airflow/.local/lib/python3.12/site-packages/airflow/example_dags/example_dag_decorator.py took 0.091 seconds
[2024-10-10T12:21:23.448+0000] {processor.py:186} INFO - Started process (PID=40358) to work on /home/airflow/.local/lib/python3.12/site-packages/airflow/example_dags/example_dag_decorator.py
[2024-10-10T12:21:23.449+0000] {processor.py:914} INFO - Processing file /home/airflow/.local/lib/python3.12/site-packages/airflow/example_dags/example_dag_decorator.py for tasks to queue
[2024-10-10T12:21:23.450+0000] {logging_mixin.py:190} INFO - [2024-10-10T12:21:23.450+0000] {dagbag.py:587} INFO - Filling up the DagBag from /home/airflow/.local/lib/python3.12/site-packages/airflow/example_dags/example_dag_decorator.py
[2024-10-10T12:21:23.458+0000] {processor.py:925} INFO - DAG(s) 'example_dag_decorator' retrieved from /home/airflow/.local/lib/python3.12/site-packages/airflow/example_dags/example_dag_decorator.py
[2024-10-10T12:21:23.537+0000] {logging_mixin.py:190} INFO - [2024-10-10T12:21:23.537+0000] {dag.py:3229} INFO - Sync 1 DAGs
[2024-10-10T12:21:23.543+0000] {logging_mixin.py:190} INFO - [2024-10-10T12:21:23.543+0000] {dag.py:4156} INFO - Setting next_dagrun for example_dag_decorator to None, run_after=None
[2024-10-10T12:21:23.552+0000] {processor.py:208} INFO - Processing /home/airflow/.local/lib/python3.12/site-packages/airflow/example_dags/example_dag_decorator.py took 0.107 seconds
[2024-10-10T12:50:53.291+0000] {processor.py:186} INFO - Started process (PID=40428) to work on /home/airflow/.local/lib/python3.12/site-packages/airflow/example_dags/example_dag_decorator.py
[2024-10-10T12:50:53.292+0000] {processor.py:914} INFO - Processing file /home/airflow/.local/lib/python3.12/site-packages/airflow/example_dags/example_dag_decorator.py for tasks to queue
[2024-10-10T12:50:53.294+0000] {logging_mixin.py:190} INFO - [2024-10-10T12:50:53.293+0000] {dagbag.py:587} INFO - Filling up the DagBag from /home/airflow/.local/lib/python3.12/site-packages/airflow/example_dags/example_dag_decorator.py
[2024-10-10T12:50:53.302+0000] {processor.py:925} INFO - DAG(s) 'example_dag_decorator' retrieved from /home/airflow/.local/lib/python3.12/site-packages/airflow/example_dags/example_dag_decorator.py
[2024-10-10T12:50:53.366+0000] {logging_mixin.py:190} INFO - [2024-10-10T12:50:53.366+0000] {dag.py:3229} INFO - Sync 1 DAGs
[2024-10-10T12:50:53.372+0000] {logging_mixin.py:190} INFO - [2024-10-10T12:50:53.372+0000] {dag.py:4156} INFO - Setting next_dagrun for example_dag_decorator to None, run_after=None
[2024-10-10T12:50:53.380+0000] {processor.py:208} INFO - Processing /home/airflow/.local/lib/python3.12/site-packages/airflow/example_dags/example_dag_decorator.py took 0.092 seconds
[2024-10-10T13:08:20.464+0000] {processor.py:186} INFO - Started process (PID=40499) to work on /home/airflow/.local/lib/python3.12/site-packages/airflow/example_dags/example_dag_decorator.py
[2024-10-10T13:08:20.465+0000] {processor.py:914} INFO - Processing file /home/airflow/.local/lib/python3.12/site-packages/airflow/example_dags/example_dag_decorator.py for tasks to queue
[2024-10-10T13:08:20.465+0000] {logging_mixin.py:190} INFO - [2024-10-10T13:08:20.465+0000] {dagbag.py:587} INFO - Filling up the DagBag from /home/airflow/.local/lib/python3.12/site-packages/airflow/example_dags/example_dag_decorator.py
[2024-10-10T13:08:20.473+0000] {processor.py:925} INFO - DAG(s) 'example_dag_decorator' retrieved from /home/airflow/.local/lib/python3.12/site-packages/airflow/example_dags/example_dag_decorator.py
[2024-10-10T13:08:20.555+0000] {logging_mixin.py:190} INFO - [2024-10-10T13:08:20.555+0000] {dag.py:3229} INFO - Sync 1 DAGs
[2024-10-10T13:08:20.561+0000] {logging_mixin.py:190} INFO - [2024-10-10T13:08:20.561+0000] {dag.py:4156} INFO - Setting next_dagrun for example_dag_decorator to None, run_after=None
[2024-10-10T13:08:20.568+0000] {processor.py:208} INFO - Processing /home/airflow/.local/lib/python3.12/site-packages/airflow/example_dags/example_dag_decorator.py took 0.107 seconds
[2024-10-10T13:51:04.618+0000] {processor.py:186} INFO - Started process (PID=40570) to work on /home/airflow/.local/lib/python3.12/site-packages/airflow/example_dags/example_dag_decorator.py
[2024-10-10T13:51:04.619+0000] {processor.py:914} INFO - Processing file /home/airflow/.local/lib/python3.12/site-packages/airflow/example_dags/example_dag_decorator.py for tasks to queue
[2024-10-10T13:51:04.620+0000] {logging_mixin.py:190} INFO - [2024-10-10T13:51:04.620+0000] {dagbag.py:587} INFO - Filling up the DagBag from /home/airflow/.local/lib/python3.12/site-packages/airflow/example_dags/example_dag_decorator.py
[2024-10-10T13:51:04.630+0000] {processor.py:925} INFO - DAG(s) 'example_dag_decorator' retrieved from /home/airflow/.local/lib/python3.12/site-packages/airflow/example_dags/example_dag_decorator.py
[2024-10-10T13:51:04.651+0000] {logging_mixin.py:190} INFO - [2024-10-10T13:51:04.651+0000] {dag.py:3229} INFO - Sync 1 DAGs
[2024-10-10T13:51:04.669+0000] {logging_mixin.py:190} INFO - [2024-10-10T13:51:04.669+0000] {dag.py:4156} INFO - Setting next_dagrun for example_dag_decorator to None, run_after=None
[2024-10-10T13:51:04.684+0000] {processor.py:208} INFO - Processing /home/airflow/.local/lib/python3.12/site-packages/airflow/example_dags/example_dag_decorator.py took 0.071 seconds
[2024-10-10T14:18:18.494+0000] {processor.py:186} INFO - Started process (PID=40641) to work on /home/airflow/.local/lib/python3.12/site-packages/airflow/example_dags/example_dag_decorator.py
[2024-10-10T14:18:18.497+0000] {processor.py:914} INFO - Processing file /home/airflow/.local/lib/python3.12/site-packages/airflow/example_dags/example_dag_decorator.py for tasks to queue
[2024-10-10T14:18:18.498+0000] {logging_mixin.py:190} INFO - [2024-10-10T14:18:18.498+0000] {dagbag.py:587} INFO - Filling up the DagBag from /home/airflow/.local/lib/python3.12/site-packages/airflow/example_dags/example_dag_decorator.py
[2024-10-10T14:18:18.508+0000] {processor.py:925} INFO - DAG(s) 'example_dag_decorator' retrieved from /home/airflow/.local/lib/python3.12/site-packages/airflow/example_dags/example_dag_decorator.py
[2024-10-10T14:18:18.582+0000] {logging_mixin.py:190} INFO - [2024-10-10T14:18:18.582+0000] {dag.py:3229} INFO - Sync 1 DAGs
[2024-10-10T14:18:18.590+0000] {logging_mixin.py:190} INFO - [2024-10-10T14:18:18.590+0000] {dag.py:4156} INFO - Setting next_dagrun for example_dag_decorator to None, run_after=None
[2024-10-10T14:18:18.606+0000] {processor.py:208} INFO - Processing /home/airflow/.local/lib/python3.12/site-packages/airflow/example_dags/example_dag_decorator.py took 0.115 seconds
[2024-10-10T14:50:17.734+0000] {processor.py:186} INFO - Started process (PID=40712) to work on /home/airflow/.local/lib/python3.12/site-packages/airflow/example_dags/example_dag_decorator.py
[2024-10-10T14:50:17.736+0000] {processor.py:914} INFO - Processing file /home/airflow/.local/lib/python3.12/site-packages/airflow/example_dags/example_dag_decorator.py for tasks to queue
[2024-10-10T14:50:17.737+0000] {logging_mixin.py:190} INFO - [2024-10-10T14:50:17.736+0000] {dagbag.py:587} INFO - Filling up the DagBag from /home/airflow/.local/lib/python3.12/site-packages/airflow/example_dags/example_dag_decorator.py
[2024-10-10T14:50:17.752+0000] {processor.py:925} INFO - DAG(s) 'example_dag_decorator' retrieved from /home/airflow/.local/lib/python3.12/site-packages/airflow/example_dags/example_dag_decorator.py
[2024-10-10T14:50:17.822+0000] {logging_mixin.py:190} INFO - [2024-10-10T14:50:17.822+0000] {dag.py:3229} INFO - Sync 1 DAGs
[2024-10-10T14:50:17.849+0000] {logging_mixin.py:190} INFO - [2024-10-10T14:50:17.849+0000] {dag.py:4156} INFO - Setting next_dagrun for example_dag_decorator to None, run_after=None
[2024-10-10T14:50:17.860+0000] {processor.py:208} INFO - Processing /home/airflow/.local/lib/python3.12/site-packages/airflow/example_dags/example_dag_decorator.py took 0.130 seconds
[2024-10-10T15:19:03.121+0000] {processor.py:186} INFO - Started process (PID=40783) to work on /home/airflow/.local/lib/python3.12/site-packages/airflow/example_dags/example_dag_decorator.py
[2024-10-10T15:19:03.122+0000] {processor.py:914} INFO - Processing file /home/airflow/.local/lib/python3.12/site-packages/airflow/example_dags/example_dag_decorator.py for tasks to queue
[2024-10-10T15:19:03.124+0000] {logging_mixin.py:190} INFO - [2024-10-10T15:19:03.124+0000] {dagbag.py:587} INFO - Filling up the DagBag from /home/airflow/.local/lib/python3.12/site-packages/airflow/example_dags/example_dag_decorator.py
[2024-10-10T15:19:03.132+0000] {processor.py:925} INFO - DAG(s) 'example_dag_decorator' retrieved from /home/airflow/.local/lib/python3.12/site-packages/airflow/example_dags/example_dag_decorator.py
[2024-10-10T15:19:03.196+0000] {logging_mixin.py:190} INFO - [2024-10-10T15:19:03.196+0000] {dag.py:3229} INFO - Sync 1 DAGs
[2024-10-10T15:19:03.204+0000] {logging_mixin.py:190} INFO - [2024-10-10T15:19:03.204+0000] {dag.py:4156} INFO - Setting next_dagrun for example_dag_decorator to None, run_after=None
[2024-10-10T15:19:03.220+0000] {processor.py:208} INFO - Processing /home/airflow/.local/lib/python3.12/site-packages/airflow/example_dags/example_dag_decorator.py took 0.103 seconds
[2024-10-10T15:50:11.188+0000] {processor.py:186} INFO - Started process (PID=40854) to work on /home/airflow/.local/lib/python3.12/site-packages/airflow/example_dags/example_dag_decorator.py
[2024-10-10T15:50:11.189+0000] {processor.py:914} INFO - Processing file /home/airflow/.local/lib/python3.12/site-packages/airflow/example_dags/example_dag_decorator.py for tasks to queue
[2024-10-10T15:50:11.190+0000] {logging_mixin.py:190} INFO - [2024-10-10T15:50:11.190+0000] {dagbag.py:587} INFO - Filling up the DagBag from /home/airflow/.local/lib/python3.12/site-packages/airflow/example_dags/example_dag_decorator.py
[2024-10-10T15:50:11.201+0000] {processor.py:925} INFO - DAG(s) 'example_dag_decorator' retrieved from /home/airflow/.local/lib/python3.12/site-packages/airflow/example_dags/example_dag_decorator.py
[2024-10-10T15:50:11.339+0000] {logging_mixin.py:190} INFO - [2024-10-10T15:50:11.339+0000] {dag.py:3229} INFO - Sync 1 DAGs
[2024-10-10T15:50:11.350+0000] {logging_mixin.py:190} INFO - [2024-10-10T15:50:11.349+0000] {dag.py:4156} INFO - Setting next_dagrun for example_dag_decorator to None, run_after=None
[2024-10-10T15:50:11.368+0000] {processor.py:208} INFO - Processing /home/airflow/.local/lib/python3.12/site-packages/airflow/example_dags/example_dag_decorator.py took 0.201 seconds
[2024-10-10T16:36:39.365+0000] {processor.py:186} INFO - Started process (PID=40925) to work on /home/airflow/.local/lib/python3.12/site-packages/airflow/example_dags/example_dag_decorator.py
[2024-10-10T16:36:39.367+0000] {processor.py:914} INFO - Processing file /home/airflow/.local/lib/python3.12/site-packages/airflow/example_dags/example_dag_decorator.py for tasks to queue
[2024-10-10T16:36:39.368+0000] {logging_mixin.py:190} INFO - [2024-10-10T16:36:39.367+0000] {dagbag.py:587} INFO - Filling up the DagBag from /home/airflow/.local/lib/python3.12/site-packages/airflow/example_dags/example_dag_decorator.py
[2024-10-10T16:36:39.382+0000] {processor.py:925} INFO - DAG(s) 'example_dag_decorator' retrieved from /home/airflow/.local/lib/python3.12/site-packages/airflow/example_dags/example_dag_decorator.py
[2024-10-10T16:36:39.486+0000] {logging_mixin.py:190} INFO - [2024-10-10T16:36:39.485+0000] {dag.py:3229} INFO - Sync 1 DAGs
[2024-10-10T16:36:39.494+0000] {logging_mixin.py:190} INFO - [2024-10-10T16:36:39.494+0000] {dag.py:4156} INFO - Setting next_dagrun for example_dag_decorator to None, run_after=None
[2024-10-10T16:36:39.507+0000] {processor.py:208} INFO - Processing /home/airflow/.local/lib/python3.12/site-packages/airflow/example_dags/example_dag_decorator.py took 0.146 seconds
[2024-10-10T16:45:47.760+0000] {processor.py:186} INFO - Started process (PID=40996) to work on /home/airflow/.local/lib/python3.12/site-packages/airflow/example_dags/example_dag_decorator.py
[2024-10-10T16:45:47.761+0000] {processor.py:914} INFO - Processing file /home/airflow/.local/lib/python3.12/site-packages/airflow/example_dags/example_dag_decorator.py for tasks to queue
[2024-10-10T16:45:47.763+0000] {logging_mixin.py:190} INFO - [2024-10-10T16:45:47.762+0000] {dagbag.py:587} INFO - Filling up the DagBag from /home/airflow/.local/lib/python3.12/site-packages/airflow/example_dags/example_dag_decorator.py
[2024-10-10T16:45:47.769+0000] {processor.py:925} INFO - DAG(s) 'example_dag_decorator' retrieved from /home/airflow/.local/lib/python3.12/site-packages/airflow/example_dags/example_dag_decorator.py
[2024-10-10T16:45:47.863+0000] {logging_mixin.py:190} INFO - [2024-10-10T16:45:47.863+0000] {dag.py:3229} INFO - Sync 1 DAGs
[2024-10-10T16:45:47.869+0000] {logging_mixin.py:190} INFO - [2024-10-10T16:45:47.869+0000] {dag.py:4156} INFO - Setting next_dagrun for example_dag_decorator to None, run_after=None
[2024-10-10T16:45:47.879+0000] {processor.py:208} INFO - Processing /home/airflow/.local/lib/python3.12/site-packages/airflow/example_dags/example_dag_decorator.py took 0.123 seconds
[2024-10-10T17:20:02.516+0000] {processor.py:186} INFO - Started process (PID=41066) to work on /home/airflow/.local/lib/python3.12/site-packages/airflow/example_dags/example_dag_decorator.py
[2024-10-10T17:20:02.520+0000] {processor.py:914} INFO - Processing file /home/airflow/.local/lib/python3.12/site-packages/airflow/example_dags/example_dag_decorator.py for tasks to queue
[2024-10-10T17:20:02.521+0000] {logging_mixin.py:190} INFO - [2024-10-10T17:20:02.520+0000] {dagbag.py:587} INFO - Filling up the DagBag from /home/airflow/.local/lib/python3.12/site-packages/airflow/example_dags/example_dag_decorator.py
[2024-10-10T17:20:02.530+0000] {processor.py:925} INFO - DAG(s) 'example_dag_decorator' retrieved from /home/airflow/.local/lib/python3.12/site-packages/airflow/example_dags/example_dag_decorator.py
[2024-10-10T17:20:02.600+0000] {logging_mixin.py:190} INFO - [2024-10-10T17:20:02.600+0000] {dag.py:3229} INFO - Sync 1 DAGs
[2024-10-10T17:20:02.606+0000] {logging_mixin.py:190} INFO - [2024-10-10T17:20:02.606+0000] {dag.py:4156} INFO - Setting next_dagrun for example_dag_decorator to None, run_after=None
[2024-10-10T17:20:02.615+0000] {processor.py:208} INFO - Processing /home/airflow/.local/lib/python3.12/site-packages/airflow/example_dags/example_dag_decorator.py took 0.101 seconds
[2024-10-10T18:21:02.438+0000] {processor.py:186} INFO - Started process (PID=41137) to work on /home/airflow/.local/lib/python3.12/site-packages/airflow/example_dags/example_dag_decorator.py
[2024-10-10T18:21:02.439+0000] {processor.py:914} INFO - Processing file /home/airflow/.local/lib/python3.12/site-packages/airflow/example_dags/example_dag_decorator.py for tasks to queue
[2024-10-10T18:21:02.439+0000] {logging_mixin.py:190} INFO - [2024-10-10T18:21:02.439+0000] {dagbag.py:587} INFO - Filling up the DagBag from /home/airflow/.local/lib/python3.12/site-packages/airflow/example_dags/example_dag_decorator.py
[2024-10-10T18:21:02.448+0000] {processor.py:925} INFO - DAG(s) 'example_dag_decorator' retrieved from /home/airflow/.local/lib/python3.12/site-packages/airflow/example_dags/example_dag_decorator.py
[2024-10-10T18:21:02.527+0000] {logging_mixin.py:190} INFO - [2024-10-10T18:21:02.527+0000] {dag.py:3229} INFO - Sync 1 DAGs
[2024-10-10T18:21:02.532+0000] {logging_mixin.py:190} INFO - [2024-10-10T18:21:02.532+0000] {dag.py:4156} INFO - Setting next_dagrun for example_dag_decorator to None, run_after=None
[2024-10-10T18:21:02.545+0000] {processor.py:208} INFO - Processing /home/airflow/.local/lib/python3.12/site-packages/airflow/example_dags/example_dag_decorator.py took 0.111 seconds
[2024-10-10T18:38:28.467+0000] {processor.py:186} INFO - Started process (PID=41208) to work on /home/airflow/.local/lib/python3.12/site-packages/airflow/example_dags/example_dag_decorator.py
[2024-10-10T18:38:28.468+0000] {processor.py:914} INFO - Processing file /home/airflow/.local/lib/python3.12/site-packages/airflow/example_dags/example_dag_decorator.py for tasks to queue
[2024-10-10T18:38:28.469+0000] {logging_mixin.py:190} INFO - [2024-10-10T18:38:28.468+0000] {dagbag.py:587} INFO - Filling up the DagBag from /home/airflow/.local/lib/python3.12/site-packages/airflow/example_dags/example_dag_decorator.py
[2024-10-10T18:38:28.478+0000] {processor.py:925} INFO - DAG(s) 'example_dag_decorator' retrieved from /home/airflow/.local/lib/python3.12/site-packages/airflow/example_dags/example_dag_decorator.py
[2024-10-10T18:38:28.613+0000] {logging_mixin.py:190} INFO - [2024-10-10T18:38:28.613+0000] {dag.py:3229} INFO - Sync 1 DAGs
[2024-10-10T18:38:28.625+0000] {logging_mixin.py:190} INFO - [2024-10-10T18:38:28.625+0000] {dag.py:4156} INFO - Setting next_dagrun for example_dag_decorator to None, run_after=None
[2024-10-10T18:38:28.650+0000] {processor.py:208} INFO - Processing /home/airflow/.local/lib/python3.12/site-packages/airflow/example_dags/example_dag_decorator.py took 0.186 seconds
[2024-10-10T19:39:12.594+0000] {processor.py:186} INFO - Started process (PID=41279) to work on /home/airflow/.local/lib/python3.12/site-packages/airflow/example_dags/example_dag_decorator.py
[2024-10-10T19:39:12.595+0000] {processor.py:914} INFO - Processing file /home/airflow/.local/lib/python3.12/site-packages/airflow/example_dags/example_dag_decorator.py for tasks to queue
[2024-10-10T19:39:12.596+0000] {logging_mixin.py:190} INFO - [2024-10-10T19:39:12.596+0000] {dagbag.py:587} INFO - Filling up the DagBag from /home/airflow/.local/lib/python3.12/site-packages/airflow/example_dags/example_dag_decorator.py
[2024-10-10T19:39:12.604+0000] {processor.py:925} INFO - DAG(s) 'example_dag_decorator' retrieved from /home/airflow/.local/lib/python3.12/site-packages/airflow/example_dags/example_dag_decorator.py
[2024-10-10T19:39:12.675+0000] {logging_mixin.py:190} INFO - [2024-10-10T19:39:12.674+0000] {dag.py:3229} INFO - Sync 1 DAGs
[2024-10-10T19:39:12.682+0000] {logging_mixin.py:190} INFO - [2024-10-10T19:39:12.682+0000] {dag.py:4156} INFO - Setting next_dagrun for example_dag_decorator to None, run_after=None
[2024-10-10T19:39:12.695+0000] {processor.py:208} INFO - Processing /home/airflow/.local/lib/python3.12/site-packages/airflow/example_dags/example_dag_decorator.py took 0.104 seconds
[2024-10-10T20:23:16.830+0000] {processor.py:186} INFO - Started process (PID=41350) to work on /home/airflow/.local/lib/python3.12/site-packages/airflow/example_dags/example_dag_decorator.py
[2024-10-10T20:23:16.830+0000] {processor.py:914} INFO - Processing file /home/airflow/.local/lib/python3.12/site-packages/airflow/example_dags/example_dag_decorator.py for tasks to queue
[2024-10-10T20:23:16.831+0000] {logging_mixin.py:190} INFO - [2024-10-10T20:23:16.831+0000] {dagbag.py:587} INFO - Filling up the DagBag from /home/airflow/.local/lib/python3.12/site-packages/airflow/example_dags/example_dag_decorator.py
[2024-10-10T20:23:16.840+0000] {processor.py:925} INFO - DAG(s) 'example_dag_decorator' retrieved from /home/airflow/.local/lib/python3.12/site-packages/airflow/example_dags/example_dag_decorator.py
[2024-10-10T20:23:16.919+0000] {logging_mixin.py:190} INFO - [2024-10-10T20:23:16.919+0000] {dag.py:3229} INFO - Sync 1 DAGs
[2024-10-10T20:23:16.925+0000] {logging_mixin.py:190} INFO - [2024-10-10T20:23:16.925+0000] {dag.py:4156} INFO - Setting next_dagrun for example_dag_decorator to None, run_after=None
[2024-10-10T20:23:16.933+0000] {processor.py:208} INFO - Processing /home/airflow/.local/lib/python3.12/site-packages/airflow/example_dags/example_dag_decorator.py took 0.106 seconds
[2024-10-10T20:54:21.549+0000] {processor.py:186} INFO - Started process (PID=41421) to work on /home/airflow/.local/lib/python3.12/site-packages/airflow/example_dags/example_dag_decorator.py
[2024-10-10T20:54:21.550+0000] {processor.py:914} INFO - Processing file /home/airflow/.local/lib/python3.12/site-packages/airflow/example_dags/example_dag_decorator.py for tasks to queue
[2024-10-10T20:54:21.551+0000] {logging_mixin.py:190} INFO - [2024-10-10T20:54:21.550+0000] {dagbag.py:587} INFO - Filling up the DagBag from /home/airflow/.local/lib/python3.12/site-packages/airflow/example_dags/example_dag_decorator.py
[2024-10-10T20:54:21.559+0000] {processor.py:925} INFO - DAG(s) 'example_dag_decorator' retrieved from /home/airflow/.local/lib/python3.12/site-packages/airflow/example_dags/example_dag_decorator.py
[2024-10-10T20:54:21.630+0000] {logging_mixin.py:190} INFO - [2024-10-10T20:54:21.630+0000] {dag.py:3229} INFO - Sync 1 DAGs
[2024-10-10T20:54:21.637+0000] {logging_mixin.py:190} INFO - [2024-10-10T20:54:21.636+0000] {dag.py:4156} INFO - Setting next_dagrun for example_dag_decorator to None, run_after=None
[2024-10-10T20:54:21.648+0000] {processor.py:208} INFO - Processing /home/airflow/.local/lib/python3.12/site-packages/airflow/example_dags/example_dag_decorator.py took 0.102 seconds
[2024-10-10T21:24:09.467+0000] {processor.py:186} INFO - Started process (PID=41492) to work on /home/airflow/.local/lib/python3.12/site-packages/airflow/example_dags/example_dag_decorator.py
[2024-10-10T21:24:09.468+0000] {processor.py:914} INFO - Processing file /home/airflow/.local/lib/python3.12/site-packages/airflow/example_dags/example_dag_decorator.py for tasks to queue
[2024-10-10T21:24:09.468+0000] {logging_mixin.py:190} INFO - [2024-10-10T21:24:09.468+0000] {dagbag.py:587} INFO - Filling up the DagBag from /home/airflow/.local/lib/python3.12/site-packages/airflow/example_dags/example_dag_decorator.py
[2024-10-10T21:24:09.475+0000] {processor.py:925} INFO - DAG(s) 'example_dag_decorator' retrieved from /home/airflow/.local/lib/python3.12/site-packages/airflow/example_dags/example_dag_decorator.py
[2024-10-10T21:24:09.607+0000] {logging_mixin.py:190} INFO - [2024-10-10T21:24:09.607+0000] {dag.py:3229} INFO - Sync 1 DAGs
[2024-10-10T21:24:09.613+0000] {logging_mixin.py:190} INFO - [2024-10-10T21:24:09.613+0000] {dag.py:4156} INFO - Setting next_dagrun for example_dag_decorator to None, run_after=None
[2024-10-10T21:24:09.622+0000] {processor.py:208} INFO - Processing /home/airflow/.local/lib/python3.12/site-packages/airflow/example_dags/example_dag_decorator.py took 0.158 seconds
[2024-10-10T21:24:39.983+0000] {processor.py:186} INFO - Started process (PID=41563) to work on /home/airflow/.local/lib/python3.12/site-packages/airflow/example_dags/example_dag_decorator.py
[2024-10-10T21:24:39.984+0000] {processor.py:914} INFO - Processing file /home/airflow/.local/lib/python3.12/site-packages/airflow/example_dags/example_dag_decorator.py for tasks to queue
[2024-10-10T21:24:39.984+0000] {logging_mixin.py:190} INFO - [2024-10-10T21:24:39.984+0000] {dagbag.py:587} INFO - Filling up the DagBag from /home/airflow/.local/lib/python3.12/site-packages/airflow/example_dags/example_dag_decorator.py
[2024-10-10T21:24:39.994+0000] {processor.py:925} INFO - DAG(s) 'example_dag_decorator' retrieved from /home/airflow/.local/lib/python3.12/site-packages/airflow/example_dags/example_dag_decorator.py
[2024-10-10T21:24:40.004+0000] {logging_mixin.py:190} INFO - [2024-10-10T21:24:40.004+0000] {dag.py:3229} INFO - Sync 1 DAGs
[2024-10-10T21:24:40.011+0000] {logging_mixin.py:190} INFO - [2024-10-10T21:24:40.011+0000] {dag.py:4156} INFO - Setting next_dagrun for example_dag_decorator to None, run_after=None
[2024-10-10T21:24:40.021+0000] {processor.py:208} INFO - Processing /home/airflow/.local/lib/python3.12/site-packages/airflow/example_dags/example_dag_decorator.py took 0.040 seconds
[2024-10-10T21:43:36.779+0000] {processor.py:186} INFO - Started process (PID=41634) to work on /home/airflow/.local/lib/python3.12/site-packages/airflow/example_dags/example_dag_decorator.py
[2024-10-10T21:43:36.779+0000] {processor.py:914} INFO - Processing file /home/airflow/.local/lib/python3.12/site-packages/airflow/example_dags/example_dag_decorator.py for tasks to queue
[2024-10-10T21:43:36.780+0000] {logging_mixin.py:190} INFO - [2024-10-10T21:43:36.780+0000] {dagbag.py:587} INFO - Filling up the DagBag from /home/airflow/.local/lib/python3.12/site-packages/airflow/example_dags/example_dag_decorator.py
[2024-10-10T21:43:36.787+0000] {processor.py:925} INFO - DAG(s) 'example_dag_decorator' retrieved from /home/airflow/.local/lib/python3.12/site-packages/airflow/example_dags/example_dag_decorator.py
[2024-10-10T21:43:36.878+0000] {logging_mixin.py:190} INFO - [2024-10-10T21:43:36.878+0000] {dag.py:3229} INFO - Sync 1 DAGs
[2024-10-10T21:43:36.885+0000] {logging_mixin.py:190} INFO - [2024-10-10T21:43:36.884+0000] {dag.py:4156} INFO - Setting next_dagrun for example_dag_decorator to None, run_after=None
[2024-10-10T21:43:36.895+0000] {processor.py:208} INFO - Processing /home/airflow/.local/lib/python3.12/site-packages/airflow/example_dags/example_dag_decorator.py took 0.119 seconds
[2024-10-10T22:17:49.629+0000] {processor.py:186} INFO - Started process (PID=41705) to work on /home/airflow/.local/lib/python3.12/site-packages/airflow/example_dags/example_dag_decorator.py
[2024-10-10T22:17:49.630+0000] {processor.py:914} INFO - Processing file /home/airflow/.local/lib/python3.12/site-packages/airflow/example_dags/example_dag_decorator.py for tasks to queue
[2024-10-10T22:17:49.632+0000] {logging_mixin.py:190} INFO - [2024-10-10T22:17:49.631+0000] {dagbag.py:587} INFO - Filling up the DagBag from /home/airflow/.local/lib/python3.12/site-packages/airflow/example_dags/example_dag_decorator.py
[2024-10-10T22:17:49.640+0000] {processor.py:925} INFO - DAG(s) 'example_dag_decorator' retrieved from /home/airflow/.local/lib/python3.12/site-packages/airflow/example_dags/example_dag_decorator.py
[2024-10-10T22:17:49.745+0000] {logging_mixin.py:190} INFO - [2024-10-10T22:17:49.745+0000] {dag.py:3229} INFO - Sync 1 DAGs
[2024-10-10T22:17:49.753+0000] {logging_mixin.py:190} INFO - [2024-10-10T22:17:49.753+0000] {dag.py:4156} INFO - Setting next_dagrun for example_dag_decorator to None, run_after=None
[2024-10-10T22:17:49.786+0000] {processor.py:208} INFO - Processing /home/airflow/.local/lib/python3.12/site-packages/airflow/example_dags/example_dag_decorator.py took 0.162 seconds
[2024-10-10T22:46:10.351+0000] {processor.py:186} INFO - Started process (PID=41776) to work on /home/airflow/.local/lib/python3.12/site-packages/airflow/example_dags/example_dag_decorator.py
[2024-10-10T22:46:10.352+0000] {processor.py:914} INFO - Processing file /home/airflow/.local/lib/python3.12/site-packages/airflow/example_dags/example_dag_decorator.py for tasks to queue
[2024-10-10T22:46:10.353+0000] {logging_mixin.py:190} INFO - [2024-10-10T22:46:10.352+0000] {dagbag.py:587} INFO - Filling up the DagBag from /home/airflow/.local/lib/python3.12/site-packages/airflow/example_dags/example_dag_decorator.py
[2024-10-10T22:46:10.368+0000] {processor.py:925} INFO - DAG(s) 'example_dag_decorator' retrieved from /home/airflow/.local/lib/python3.12/site-packages/airflow/example_dags/example_dag_decorator.py
[2024-10-10T22:46:10.479+0000] {logging_mixin.py:190} INFO - [2024-10-10T22:46:10.479+0000] {dag.py:3229} INFO - Sync 1 DAGs
[2024-10-10T22:46:10.487+0000] {logging_mixin.py:190} INFO - [2024-10-10T22:46:10.487+0000] {dag.py:4156} INFO - Setting next_dagrun for example_dag_decorator to None, run_after=None
[2024-10-10T22:46:10.499+0000] {processor.py:208} INFO - Processing /home/airflow/.local/lib/python3.12/site-packages/airflow/example_dags/example_dag_decorator.py took 0.152 seconds
[2024-10-10T23:26:20.431+0000] {processor.py:186} INFO - Started process (PID=41847) to work on /home/airflow/.local/lib/python3.12/site-packages/airflow/example_dags/example_dag_decorator.py
[2024-10-10T23:26:20.433+0000] {processor.py:914} INFO - Processing file /home/airflow/.local/lib/python3.12/site-packages/airflow/example_dags/example_dag_decorator.py for tasks to queue
[2024-10-10T23:26:20.434+0000] {logging_mixin.py:190} INFO - [2024-10-10T23:26:20.434+0000] {dagbag.py:587} INFO - Filling up the DagBag from /home/airflow/.local/lib/python3.12/site-packages/airflow/example_dags/example_dag_decorator.py
[2024-10-10T23:26:20.441+0000] {processor.py:925} INFO - DAG(s) 'example_dag_decorator' retrieved from /home/airflow/.local/lib/python3.12/site-packages/airflow/example_dags/example_dag_decorator.py
[2024-10-10T23:26:20.679+0000] {logging_mixin.py:190} INFO - [2024-10-10T23:26:20.679+0000] {dag.py:3229} INFO - Sync 1 DAGs
[2024-10-10T23:26:21.353+0000] {logging_mixin.py:190} INFO - [2024-10-10T23:26:21.352+0000] {dag.py:4156} INFO - Setting next_dagrun for example_dag_decorator to None, run_after=None
[2024-10-10T23:26:21.505+0000] {processor.py:208} INFO - Processing /home/airflow/.local/lib/python3.12/site-packages/airflow/example_dags/example_dag_decorator.py took 1.078 seconds
