[2024-10-10T00:11:41.951+0000] {processor.py:186} INFO - Started process (PID=38853) to work on /home/airflow/.local/lib/python3.12/site-packages/airflow/example_dags/example_sla_dag.py
[2024-10-10T00:11:41.953+0000] {processor.py:914} INFO - Processing file /home/airflow/.local/lib/python3.12/site-packages/airflow/example_dags/example_sla_dag.py for tasks to queue
[2024-10-10T00:11:41.955+0000] {logging_mixin.py:190} INFO - [2024-10-10T00:11:41.955+0000] {dagbag.py:587} INFO - Filling up the DagBag from /home/airflow/.local/lib/python3.12/site-packages/airflow/example_dags/example_sla_dag.py
[2024-10-10T00:11:41.966+0000] {processor.py:925} INFO - DAG(s) 'example_sla_dag' retrieved from /home/airflow/.local/lib/python3.12/site-packages/airflow/example_dags/example_sla_dag.py
[2024-10-10T00:11:41.987+0000] {logging_mixin.py:190} INFO - [2024-10-10T00:11:41.987+0000] {dag.py:3229} INFO - Sync 1 DAGs
[2024-10-10T00:11:42.003+0000] {logging_mixin.py:190} INFO - [2024-10-10T00:11:42.003+0000] {dag.py:4156} INFO - Setting next_dagrun for example_sla_dag to 2024-10-10 00:08:00+00:00, run_after=2024-10-10 00:10:00+00:00
[2024-10-10T00:11:42.010+0000] {processor.py:208} INFO - Processing /home/airflow/.local/lib/python3.12/site-packages/airflow/example_dags/example_sla_dag.py took 0.062 seconds
[2024-10-10T01:18:08.802+0000] {processor.py:186} INFO - Started process (PID=38924) to work on /home/airflow/.local/lib/python3.12/site-packages/airflow/example_dags/example_sla_dag.py
[2024-10-10T01:18:08.804+0000] {processor.py:914} INFO - Processing file /home/airflow/.local/lib/python3.12/site-packages/airflow/example_dags/example_sla_dag.py for tasks to queue
[2024-10-10T01:18:08.804+0000] {logging_mixin.py:190} INFO - [2024-10-10T01:18:08.804+0000] {dagbag.py:587} INFO - Filling up the DagBag from /home/airflow/.local/lib/python3.12/site-packages/airflow/example_dags/example_sla_dag.py
[2024-10-10T01:18:08.814+0000] {processor.py:925} INFO - DAG(s) 'example_sla_dag' retrieved from /home/airflow/.local/lib/python3.12/site-packages/airflow/example_dags/example_sla_dag.py
[2024-10-10T01:18:08.831+0000] {logging_mixin.py:190} INFO - [2024-10-10T01:18:08.830+0000] {dag.py:3229} INFO - Sync 1 DAGs
[2024-10-10T01:18:08.844+0000] {logging_mixin.py:190} INFO - [2024-10-10T01:18:08.844+0000] {dag.py:4156} INFO - Setting next_dagrun for example_sla_dag to 2024-10-10 01:16:00+00:00, run_after=2024-10-10 01:18:00+00:00
[2024-10-10T01:18:08.856+0000] {processor.py:208} INFO - Processing /home/airflow/.local/lib/python3.12/site-packages/airflow/example_dags/example_sla_dag.py took 0.057 seconds
[2024-10-10T01:52:18.340+0000] {processor.py:186} INFO - Started process (PID=38995) to work on /home/airflow/.local/lib/python3.12/site-packages/airflow/example_dags/example_sla_dag.py
[2024-10-10T01:52:18.341+0000] {processor.py:914} INFO - Processing file /home/airflow/.local/lib/python3.12/site-packages/airflow/example_dags/example_sla_dag.py for tasks to queue
[2024-10-10T01:52:18.343+0000] {logging_mixin.py:190} INFO - [2024-10-10T01:52:18.342+0000] {dagbag.py:587} INFO - Filling up the DagBag from /home/airflow/.local/lib/python3.12/site-packages/airflow/example_dags/example_sla_dag.py
[2024-10-10T01:52:18.351+0000] {processor.py:925} INFO - DAG(s) 'example_sla_dag' retrieved from /home/airflow/.local/lib/python3.12/site-packages/airflow/example_dags/example_sla_dag.py
[2024-10-10T01:52:18.364+0000] {logging_mixin.py:190} INFO - [2024-10-10T01:52:18.364+0000] {dag.py:3229} INFO - Sync 1 DAGs
[2024-10-10T01:52:18.377+0000] {logging_mixin.py:190} INFO - [2024-10-10T01:52:18.377+0000] {dag.py:4156} INFO - Setting next_dagrun for example_sla_dag to 2024-10-10 01:50:00+00:00, run_after=2024-10-10 01:52:00+00:00
[2024-10-10T01:52:18.389+0000] {processor.py:208} INFO - Processing /home/airflow/.local/lib/python3.12/site-packages/airflow/example_dags/example_sla_dag.py took 0.054 seconds
[2024-10-10T02:19:10.568+0000] {processor.py:186} INFO - Started process (PID=39066) to work on /home/airflow/.local/lib/python3.12/site-packages/airflow/example_dags/example_sla_dag.py
[2024-10-10T02:19:10.570+0000] {processor.py:914} INFO - Processing file /home/airflow/.local/lib/python3.12/site-packages/airflow/example_dags/example_sla_dag.py for tasks to queue
[2024-10-10T02:19:10.571+0000] {logging_mixin.py:190} INFO - [2024-10-10T02:19:10.571+0000] {dagbag.py:587} INFO - Filling up the DagBag from /home/airflow/.local/lib/python3.12/site-packages/airflow/example_dags/example_sla_dag.py
[2024-10-10T02:19:10.576+0000] {processor.py:925} INFO - DAG(s) 'example_sla_dag' retrieved from /home/airflow/.local/lib/python3.12/site-packages/airflow/example_dags/example_sla_dag.py
[2024-10-10T02:19:10.586+0000] {logging_mixin.py:190} INFO - [2024-10-10T02:19:10.585+0000] {dag.py:3229} INFO - Sync 1 DAGs
[2024-10-10T02:19:10.598+0000] {logging_mixin.py:190} INFO - [2024-10-10T02:19:10.598+0000] {dag.py:4156} INFO - Setting next_dagrun for example_sla_dag to 2024-10-10 02:16:00+00:00, run_after=2024-10-10 02:18:00+00:00
[2024-10-10T02:19:10.611+0000] {processor.py:208} INFO - Processing /home/airflow/.local/lib/python3.12/site-packages/airflow/example_dags/example_sla_dag.py took 0.047 seconds
[2024-10-10T03:09:36.078+0000] {processor.py:186} INFO - Started process (PID=39137) to work on /home/airflow/.local/lib/python3.12/site-packages/airflow/example_dags/example_sla_dag.py
[2024-10-10T03:09:36.078+0000] {processor.py:914} INFO - Processing file /home/airflow/.local/lib/python3.12/site-packages/airflow/example_dags/example_sla_dag.py for tasks to queue
[2024-10-10T03:09:36.080+0000] {logging_mixin.py:190} INFO - [2024-10-10T03:09:36.080+0000] {dagbag.py:587} INFO - Filling up the DagBag from /home/airflow/.local/lib/python3.12/site-packages/airflow/example_dags/example_sla_dag.py
[2024-10-10T03:09:36.086+0000] {processor.py:925} INFO - DAG(s) 'example_sla_dag' retrieved from /home/airflow/.local/lib/python3.12/site-packages/airflow/example_dags/example_sla_dag.py
[2024-10-10T03:09:36.100+0000] {logging_mixin.py:190} INFO - [2024-10-10T03:09:36.100+0000] {dag.py:3229} INFO - Sync 1 DAGs
[2024-10-10T03:09:36.120+0000] {logging_mixin.py:190} INFO - [2024-10-10T03:09:36.120+0000] {dag.py:4156} INFO - Setting next_dagrun for example_sla_dag to 2024-10-10 03:06:00+00:00, run_after=2024-10-10 03:08:00+00:00
[2024-10-10T03:09:36.132+0000] {processor.py:208} INFO - Processing /home/airflow/.local/lib/python3.12/site-packages/airflow/example_dags/example_sla_dag.py took 0.058 seconds
[2024-10-10T03:56:58.218+0000] {processor.py:186} INFO - Started process (PID=39207) to work on /home/airflow/.local/lib/python3.12/site-packages/airflow/example_dags/example_sla_dag.py
[2024-10-10T03:56:58.219+0000] {processor.py:914} INFO - Processing file /home/airflow/.local/lib/python3.12/site-packages/airflow/example_dags/example_sla_dag.py for tasks to queue
[2024-10-10T03:56:58.220+0000] {logging_mixin.py:190} INFO - [2024-10-10T03:56:58.220+0000] {dagbag.py:587} INFO - Filling up the DagBag from /home/airflow/.local/lib/python3.12/site-packages/airflow/example_dags/example_sla_dag.py
[2024-10-10T03:56:58.226+0000] {processor.py:925} INFO - DAG(s) 'example_sla_dag' retrieved from /home/airflow/.local/lib/python3.12/site-packages/airflow/example_dags/example_sla_dag.py
[2024-10-10T03:56:58.238+0000] {logging_mixin.py:190} INFO - [2024-10-10T03:56:58.238+0000] {dag.py:3229} INFO - Sync 1 DAGs
[2024-10-10T03:56:58.248+0000] {logging_mixin.py:190} INFO - [2024-10-10T03:56:58.248+0000] {dag.py:4156} INFO - Setting next_dagrun for example_sla_dag to 2024-10-10 03:54:00+00:00, run_after=2024-10-10 03:56:00+00:00
[2024-10-10T03:56:58.259+0000] {processor.py:208} INFO - Processing /home/airflow/.local/lib/python3.12/site-packages/airflow/example_dags/example_sla_dag.py took 0.043 seconds
[2024-10-10T04:21:12.854+0000] {processor.py:186} INFO - Started process (PID=39277) to work on /home/airflow/.local/lib/python3.12/site-packages/airflow/example_dags/example_sla_dag.py
[2024-10-10T04:21:12.855+0000] {processor.py:914} INFO - Processing file /home/airflow/.local/lib/python3.12/site-packages/airflow/example_dags/example_sla_dag.py for tasks to queue
[2024-10-10T04:21:12.856+0000] {logging_mixin.py:190} INFO - [2024-10-10T04:21:12.855+0000] {dagbag.py:587} INFO - Filling up the DagBag from /home/airflow/.local/lib/python3.12/site-packages/airflow/example_dags/example_sla_dag.py
[2024-10-10T04:21:12.861+0000] {processor.py:925} INFO - DAG(s) 'example_sla_dag' retrieved from /home/airflow/.local/lib/python3.12/site-packages/airflow/example_dags/example_sla_dag.py
[2024-10-10T04:21:12.873+0000] {logging_mixin.py:190} INFO - [2024-10-10T04:21:12.873+0000] {dag.py:3229} INFO - Sync 1 DAGs
[2024-10-10T04:21:12.884+0000] {logging_mixin.py:190} INFO - [2024-10-10T04:21:12.884+0000] {dag.py:4156} INFO - Setting next_dagrun for example_sla_dag to 2024-10-10 04:18:00+00:00, run_after=2024-10-10 04:20:00+00:00
[2024-10-10T04:21:12.894+0000] {processor.py:208} INFO - Processing /home/airflow/.local/lib/python3.12/site-packages/airflow/example_dags/example_sla_dag.py took 0.044 seconds
[2024-10-10T05:14:25.853+0000] {processor.py:186} INFO - Started process (PID=39348) to work on /home/airflow/.local/lib/python3.12/site-packages/airflow/example_dags/example_sla_dag.py
[2024-10-10T05:14:25.857+0000] {processor.py:914} INFO - Processing file /home/airflow/.local/lib/python3.12/site-packages/airflow/example_dags/example_sla_dag.py for tasks to queue
[2024-10-10T05:14:25.858+0000] {logging_mixin.py:190} INFO - [2024-10-10T05:14:25.857+0000] {dagbag.py:587} INFO - Filling up the DagBag from /home/airflow/.local/lib/python3.12/site-packages/airflow/example_dags/example_sla_dag.py
[2024-10-10T05:14:25.864+0000] {processor.py:925} INFO - DAG(s) 'example_sla_dag' retrieved from /home/airflow/.local/lib/python3.12/site-packages/airflow/example_dags/example_sla_dag.py
[2024-10-10T05:14:25.876+0000] {logging_mixin.py:190} INFO - [2024-10-10T05:14:25.876+0000] {dag.py:3229} INFO - Sync 1 DAGs
[2024-10-10T05:14:25.888+0000] {logging_mixin.py:190} INFO - [2024-10-10T05:14:25.888+0000] {dag.py:4156} INFO - Setting next_dagrun for example_sla_dag to 2024-10-10 05:12:00+00:00, run_after=2024-10-10 05:14:00+00:00
[2024-10-10T05:14:25.895+0000] {processor.py:208} INFO - Processing /home/airflow/.local/lib/python3.12/site-packages/airflow/example_dags/example_sla_dag.py took 0.045 seconds
[2024-10-10T05:47:22.809+0000] {processor.py:186} INFO - Started process (PID=39419) to work on /home/airflow/.local/lib/python3.12/site-packages/airflow/example_dags/example_sla_dag.py
[2024-10-10T05:47:22.810+0000] {processor.py:914} INFO - Processing file /home/airflow/.local/lib/python3.12/site-packages/airflow/example_dags/example_sla_dag.py for tasks to queue
[2024-10-10T05:47:22.811+0000] {logging_mixin.py:190} INFO - [2024-10-10T05:47:22.811+0000] {dagbag.py:587} INFO - Filling up the DagBag from /home/airflow/.local/lib/python3.12/site-packages/airflow/example_dags/example_sla_dag.py
[2024-10-10T05:47:22.817+0000] {processor.py:925} INFO - DAG(s) 'example_sla_dag' retrieved from /home/airflow/.local/lib/python3.12/site-packages/airflow/example_dags/example_sla_dag.py
[2024-10-10T05:47:22.826+0000] {logging_mixin.py:190} INFO - [2024-10-10T05:47:22.826+0000] {dag.py:3229} INFO - Sync 1 DAGs
[2024-10-10T05:47:22.839+0000] {logging_mixin.py:190} INFO - [2024-10-10T05:47:22.838+0000] {dag.py:4156} INFO - Setting next_dagrun for example_sla_dag to 2024-10-10 05:44:00+00:00, run_after=2024-10-10 05:46:00+00:00
[2024-10-10T05:47:22.850+0000] {processor.py:208} INFO - Processing /home/airflow/.local/lib/python3.12/site-packages/airflow/example_dags/example_sla_dag.py took 0.044 seconds
[2024-10-10T06:39:42.896+0000] {processor.py:186} INFO - Started process (PID=39490) to work on /home/airflow/.local/lib/python3.12/site-packages/airflow/example_dags/example_sla_dag.py
[2024-10-10T06:39:42.898+0000] {processor.py:914} INFO - Processing file /home/airflow/.local/lib/python3.12/site-packages/airflow/example_dags/example_sla_dag.py for tasks to queue
[2024-10-10T06:39:42.903+0000] {logging_mixin.py:190} INFO - [2024-10-10T06:39:42.902+0000] {dagbag.py:587} INFO - Filling up the DagBag from /home/airflow/.local/lib/python3.12/site-packages/airflow/example_dags/example_sla_dag.py
[2024-10-10T06:39:42.914+0000] {processor.py:925} INFO - DAG(s) 'example_sla_dag' retrieved from /home/airflow/.local/lib/python3.12/site-packages/airflow/example_dags/example_sla_dag.py
[2024-10-10T06:39:42.928+0000] {logging_mixin.py:190} INFO - [2024-10-10T06:39:42.928+0000] {dag.py:3229} INFO - Sync 1 DAGs
[2024-10-10T06:39:42.948+0000] {logging_mixin.py:190} INFO - [2024-10-10T06:39:42.948+0000] {dag.py:4156} INFO - Setting next_dagrun for example_sla_dag to 2024-10-10 06:36:00+00:00, run_after=2024-10-10 06:38:00+00:00
[2024-10-10T06:39:42.970+0000] {processor.py:208} INFO - Processing /home/airflow/.local/lib/python3.12/site-packages/airflow/example_dags/example_sla_dag.py took 0.078 seconds
[2024-10-10T07:11:25.365+0000] {processor.py:186} INFO - Started process (PID=39561) to work on /home/airflow/.local/lib/python3.12/site-packages/airflow/example_dags/example_sla_dag.py
[2024-10-10T07:11:25.390+0000] {processor.py:914} INFO - Processing file /home/airflow/.local/lib/python3.12/site-packages/airflow/example_dags/example_sla_dag.py for tasks to queue
[2024-10-10T07:11:25.393+0000] {logging_mixin.py:190} INFO - [2024-10-10T07:11:25.392+0000] {dagbag.py:587} INFO - Filling up the DagBag from /home/airflow/.local/lib/python3.12/site-packages/airflow/example_dags/example_sla_dag.py
[2024-10-10T07:11:25.401+0000] {processor.py:925} INFO - DAG(s) 'example_sla_dag' retrieved from /home/airflow/.local/lib/python3.12/site-packages/airflow/example_dags/example_sla_dag.py
[2024-10-10T07:11:25.416+0000] {logging_mixin.py:190} INFO - [2024-10-10T07:11:25.416+0000] {dag.py:3229} INFO - Sync 1 DAGs
[2024-10-10T07:11:25.443+0000] {logging_mixin.py:190} INFO - [2024-10-10T07:11:25.442+0000] {dag.py:4156} INFO - Setting next_dagrun for example_sla_dag to 2024-10-10 07:08:00+00:00, run_after=2024-10-10 07:10:00+00:00
[2024-10-10T07:11:25.464+0000] {processor.py:208} INFO - Processing /home/airflow/.local/lib/python3.12/site-packages/airflow/example_dags/example_sla_dag.py took 0.103 seconds
[2024-10-10T07:39:19.438+0000] {processor.py:186} INFO - Started process (PID=39632) to work on /home/airflow/.local/lib/python3.12/site-packages/airflow/example_dags/example_sla_dag.py
[2024-10-10T07:39:19.439+0000] {processor.py:914} INFO - Processing file /home/airflow/.local/lib/python3.12/site-packages/airflow/example_dags/example_sla_dag.py for tasks to queue
[2024-10-10T07:39:19.440+0000] {logging_mixin.py:190} INFO - [2024-10-10T07:39:19.440+0000] {dagbag.py:587} INFO - Filling up the DagBag from /home/airflow/.local/lib/python3.12/site-packages/airflow/example_dags/example_sla_dag.py
[2024-10-10T07:39:19.447+0000] {processor.py:925} INFO - DAG(s) 'example_sla_dag' retrieved from /home/airflow/.local/lib/python3.12/site-packages/airflow/example_dags/example_sla_dag.py
[2024-10-10T07:39:19.460+0000] {logging_mixin.py:190} INFO - [2024-10-10T07:39:19.460+0000] {dag.py:3229} INFO - Sync 1 DAGs
[2024-10-10T07:39:19.472+0000] {logging_mixin.py:190} INFO - [2024-10-10T07:39:19.472+0000] {dag.py:4156} INFO - Setting next_dagrun for example_sla_dag to 2024-10-10 07:36:00+00:00, run_after=2024-10-10 07:38:00+00:00
[2024-10-10T07:39:19.484+0000] {processor.py:208} INFO - Processing /home/airflow/.local/lib/python3.12/site-packages/airflow/example_dags/example_sla_dag.py took 0.048 seconds
[2024-10-10T08:03:00.117+0000] {processor.py:186} INFO - Started process (PID=39703) to work on /home/airflow/.local/lib/python3.12/site-packages/airflow/example_dags/example_sla_dag.py
[2024-10-10T08:03:00.118+0000] {processor.py:914} INFO - Processing file /home/airflow/.local/lib/python3.12/site-packages/airflow/example_dags/example_sla_dag.py for tasks to queue
[2024-10-10T08:03:00.119+0000] {logging_mixin.py:190} INFO - [2024-10-10T08:03:00.119+0000] {dagbag.py:587} INFO - Filling up the DagBag from /home/airflow/.local/lib/python3.12/site-packages/airflow/example_dags/example_sla_dag.py
[2024-10-10T08:03:00.127+0000] {processor.py:925} INFO - DAG(s) 'example_sla_dag' retrieved from /home/airflow/.local/lib/python3.12/site-packages/airflow/example_dags/example_sla_dag.py
[2024-10-10T08:03:00.144+0000] {logging_mixin.py:190} INFO - [2024-10-10T08:03:00.144+0000] {dag.py:3229} INFO - Sync 1 DAGs
[2024-10-10T08:03:00.158+0000] {logging_mixin.py:190} INFO - [2024-10-10T08:03:00.157+0000] {dag.py:4156} INFO - Setting next_dagrun for example_sla_dag to 2024-10-10 08:00:00+00:00, run_after=2024-10-10 08:02:00+00:00
[2024-10-10T08:03:00.164+0000] {processor.py:208} INFO - Processing /home/airflow/.local/lib/python3.12/site-packages/airflow/example_dags/example_sla_dag.py took 0.050 seconds
[2024-10-10T08:12:06.096+0000] {processor.py:186} INFO - Started process (PID=39774) to work on /home/airflow/.local/lib/python3.12/site-packages/airflow/example_dags/example_sla_dag.py
[2024-10-10T08:12:06.096+0000] {processor.py:914} INFO - Processing file /home/airflow/.local/lib/python3.12/site-packages/airflow/example_dags/example_sla_dag.py for tasks to queue
[2024-10-10T08:12:06.097+0000] {logging_mixin.py:190} INFO - [2024-10-10T08:12:06.097+0000] {dagbag.py:587} INFO - Filling up the DagBag from /home/airflow/.local/lib/python3.12/site-packages/airflow/example_dags/example_sla_dag.py
[2024-10-10T08:12:06.104+0000] {processor.py:925} INFO - DAG(s) 'example_sla_dag' retrieved from /home/airflow/.local/lib/python3.12/site-packages/airflow/example_dags/example_sla_dag.py
[2024-10-10T08:12:06.117+0000] {logging_mixin.py:190} INFO - [2024-10-10T08:12:06.117+0000] {dag.py:3229} INFO - Sync 1 DAGs
[2024-10-10T08:12:06.132+0000] {logging_mixin.py:190} INFO - [2024-10-10T08:12:06.132+0000] {dag.py:4156} INFO - Setting next_dagrun for example_sla_dag to 2024-10-10 08:10:00+00:00, run_after=2024-10-10 08:12:00+00:00
[2024-10-10T08:12:06.144+0000] {processor.py:208} INFO - Processing /home/airflow/.local/lib/python3.12/site-packages/airflow/example_dags/example_sla_dag.py took 0.051 seconds
[2024-10-10T08:24:34.248+0000] {processor.py:186} INFO - Started process (PID=39844) to work on /home/airflow/.local/lib/python3.12/site-packages/airflow/example_dags/example_sla_dag.py
[2024-10-10T08:24:34.249+0000] {processor.py:914} INFO - Processing file /home/airflow/.local/lib/python3.12/site-packages/airflow/example_dags/example_sla_dag.py for tasks to queue
[2024-10-10T08:24:34.250+0000] {logging_mixin.py:190} INFO - [2024-10-10T08:24:34.250+0000] {dagbag.py:587} INFO - Filling up the DagBag from /home/airflow/.local/lib/python3.12/site-packages/airflow/example_dags/example_sla_dag.py
[2024-10-10T08:24:34.257+0000] {processor.py:925} INFO - DAG(s) 'example_sla_dag' retrieved from /home/airflow/.local/lib/python3.12/site-packages/airflow/example_dags/example_sla_dag.py
[2024-10-10T08:24:34.269+0000] {logging_mixin.py:190} INFO - [2024-10-10T08:24:34.269+0000] {dag.py:3229} INFO - Sync 1 DAGs
[2024-10-10T08:24:34.282+0000] {logging_mixin.py:190} INFO - [2024-10-10T08:24:34.282+0000] {dag.py:4156} INFO - Setting next_dagrun for example_sla_dag to 2024-10-10 08:22:00+00:00, run_after=2024-10-10 08:24:00+00:00
[2024-10-10T08:24:34.293+0000] {processor.py:208} INFO - Processing /home/airflow/.local/lib/python3.12/site-packages/airflow/example_dags/example_sla_dag.py took 0.048 seconds
[2024-10-10T08:25:05.123+0000] {processor.py:186} INFO - Started process (PID=39916) to work on /home/airflow/.local/lib/python3.12/site-packages/airflow/example_dags/example_sla_dag.py
[2024-10-10T08:25:05.124+0000] {processor.py:914} INFO - Processing file /home/airflow/.local/lib/python3.12/site-packages/airflow/example_dags/example_sla_dag.py for tasks to queue
[2024-10-10T08:25:05.125+0000] {logging_mixin.py:190} INFO - [2024-10-10T08:25:05.125+0000] {dagbag.py:587} INFO - Filling up the DagBag from /home/airflow/.local/lib/python3.12/site-packages/airflow/example_dags/example_sla_dag.py
[2024-10-10T08:25:05.133+0000] {processor.py:925} INFO - DAG(s) 'example_sla_dag' retrieved from /home/airflow/.local/lib/python3.12/site-packages/airflow/example_dags/example_sla_dag.py
[2024-10-10T08:25:05.148+0000] {logging_mixin.py:190} INFO - [2024-10-10T08:25:05.147+0000] {dag.py:3229} INFO - Sync 1 DAGs
[2024-10-10T08:25:05.159+0000] {logging_mixin.py:190} INFO - [2024-10-10T08:25:05.159+0000] {dag.py:4156} INFO - Setting next_dagrun for example_sla_dag to 2024-10-10 08:22:00+00:00, run_after=2024-10-10 08:24:00+00:00
[2024-10-10T08:25:05.169+0000] {processor.py:208} INFO - Processing /home/airflow/.local/lib/python3.12/site-packages/airflow/example_dags/example_sla_dag.py took 0.049 seconds
[2024-10-10T09:14:58.583+0000] {processor.py:186} INFO - Started process (PID=39987) to work on /home/airflow/.local/lib/python3.12/site-packages/airflow/example_dags/example_sla_dag.py
[2024-10-10T09:14:58.585+0000] {processor.py:914} INFO - Processing file /home/airflow/.local/lib/python3.12/site-packages/airflow/example_dags/example_sla_dag.py for tasks to queue
[2024-10-10T09:14:58.586+0000] {logging_mixin.py:190} INFO - [2024-10-10T09:14:58.586+0000] {dagbag.py:587} INFO - Filling up the DagBag from /home/airflow/.local/lib/python3.12/site-packages/airflow/example_dags/example_sla_dag.py
[2024-10-10T09:14:58.596+0000] {processor.py:925} INFO - DAG(s) 'example_sla_dag' retrieved from /home/airflow/.local/lib/python3.12/site-packages/airflow/example_dags/example_sla_dag.py
[2024-10-10T09:14:58.612+0000] {logging_mixin.py:190} INFO - [2024-10-10T09:14:58.612+0000] {dag.py:3229} INFO - Sync 1 DAGs
[2024-10-10T09:14:58.626+0000] {logging_mixin.py:190} INFO - [2024-10-10T09:14:58.626+0000] {dag.py:4156} INFO - Setting next_dagrun for example_sla_dag to 2024-10-10 09:12:00+00:00, run_after=2024-10-10 09:14:00+00:00
[2024-10-10T09:14:58.641+0000] {processor.py:208} INFO - Processing /home/airflow/.local/lib/python3.12/site-packages/airflow/example_dags/example_sla_dag.py took 0.061 seconds
[2024-10-10T10:21:19.065+0000] {processor.py:186} INFO - Started process (PID=40058) to work on /home/airflow/.local/lib/python3.12/site-packages/airflow/example_dags/example_sla_dag.py
[2024-10-10T10:21:19.066+0000] {processor.py:914} INFO - Processing file /home/airflow/.local/lib/python3.12/site-packages/airflow/example_dags/example_sla_dag.py for tasks to queue
[2024-10-10T10:21:19.067+0000] {logging_mixin.py:190} INFO - [2024-10-10T10:21:19.067+0000] {dagbag.py:587} INFO - Filling up the DagBag from /home/airflow/.local/lib/python3.12/site-packages/airflow/example_dags/example_sla_dag.py
[2024-10-10T10:21:19.078+0000] {processor.py:925} INFO - DAG(s) 'example_sla_dag' retrieved from /home/airflow/.local/lib/python3.12/site-packages/airflow/example_dags/example_sla_dag.py
[2024-10-10T10:21:19.094+0000] {logging_mixin.py:190} INFO - [2024-10-10T10:21:19.094+0000] {dag.py:3229} INFO - Sync 1 DAGs
[2024-10-10T10:21:19.111+0000] {logging_mixin.py:190} INFO - [2024-10-10T10:21:19.111+0000] {dag.py:4156} INFO - Setting next_dagrun for example_sla_dag to 2024-10-10 10:18:00+00:00, run_after=2024-10-10 10:20:00+00:00
[2024-10-10T10:21:19.120+0000] {processor.py:208} INFO - Processing /home/airflow/.local/lib/python3.12/site-packages/airflow/example_dags/example_sla_dag.py took 0.059 seconds
[2024-10-10T10:44:15.864+0000] {processor.py:186} INFO - Started process (PID=40129) to work on /home/airflow/.local/lib/python3.12/site-packages/airflow/example_dags/example_sla_dag.py
[2024-10-10T10:44:15.864+0000] {processor.py:914} INFO - Processing file /home/airflow/.local/lib/python3.12/site-packages/airflow/example_dags/example_sla_dag.py for tasks to queue
[2024-10-10T10:44:15.865+0000] {logging_mixin.py:190} INFO - [2024-10-10T10:44:15.865+0000] {dagbag.py:587} INFO - Filling up the DagBag from /home/airflow/.local/lib/python3.12/site-packages/airflow/example_dags/example_sla_dag.py
[2024-10-10T10:44:15.872+0000] {processor.py:925} INFO - DAG(s) 'example_sla_dag' retrieved from /home/airflow/.local/lib/python3.12/site-packages/airflow/example_dags/example_sla_dag.py
[2024-10-10T10:44:15.882+0000] {logging_mixin.py:190} INFO - [2024-10-10T10:44:15.882+0000] {dag.py:3229} INFO - Sync 1 DAGs
[2024-10-10T10:44:15.894+0000] {logging_mixin.py:190} INFO - [2024-10-10T10:44:15.894+0000] {dag.py:4156} INFO - Setting next_dagrun for example_sla_dag to 2024-10-10 10:42:00+00:00, run_after=2024-10-10 10:44:00+00:00
[2024-10-10T10:44:15.902+0000] {processor.py:208} INFO - Processing /home/airflow/.local/lib/python3.12/site-packages/airflow/example_dags/example_sla_dag.py took 0.041 seconds
[2024-10-10T11:15:58.421+0000] {processor.py:186} INFO - Started process (PID=40200) to work on /home/airflow/.local/lib/python3.12/site-packages/airflow/example_dags/example_sla_dag.py
[2024-10-10T11:15:58.422+0000] {processor.py:914} INFO - Processing file /home/airflow/.local/lib/python3.12/site-packages/airflow/example_dags/example_sla_dag.py for tasks to queue
[2024-10-10T11:15:58.423+0000] {logging_mixin.py:190} INFO - [2024-10-10T11:15:58.423+0000] {dagbag.py:587} INFO - Filling up the DagBag from /home/airflow/.local/lib/python3.12/site-packages/airflow/example_dags/example_sla_dag.py
[2024-10-10T11:15:58.428+0000] {processor.py:925} INFO - DAG(s) 'example_sla_dag' retrieved from /home/airflow/.local/lib/python3.12/site-packages/airflow/example_dags/example_sla_dag.py
[2024-10-10T11:15:58.440+0000] {logging_mixin.py:190} INFO - [2024-10-10T11:15:58.440+0000] {dag.py:3229} INFO - Sync 1 DAGs
[2024-10-10T11:15:58.453+0000] {logging_mixin.py:190} INFO - [2024-10-10T11:15:58.453+0000] {dag.py:4156} INFO - Setting next_dagrun for example_sla_dag to 2024-10-10 11:12:00+00:00, run_after=2024-10-10 11:14:00+00:00
[2024-10-10T11:15:58.465+0000] {processor.py:208} INFO - Processing /home/airflow/.local/lib/python3.12/site-packages/airflow/example_dags/example_sla_dag.py took 0.049 seconds
[2024-10-10T11:16:29.043+0000] {processor.py:186} INFO - Started process (PID=40271) to work on /home/airflow/.local/lib/python3.12/site-packages/airflow/example_dags/example_sla_dag.py
[2024-10-10T11:16:29.043+0000] {processor.py:914} INFO - Processing file /home/airflow/.local/lib/python3.12/site-packages/airflow/example_dags/example_sla_dag.py for tasks to queue
[2024-10-10T11:16:29.044+0000] {logging_mixin.py:190} INFO - [2024-10-10T11:16:29.044+0000] {dagbag.py:587} INFO - Filling up the DagBag from /home/airflow/.local/lib/python3.12/site-packages/airflow/example_dags/example_sla_dag.py
[2024-10-10T11:16:29.050+0000] {processor.py:925} INFO - DAG(s) 'example_sla_dag' retrieved from /home/airflow/.local/lib/python3.12/site-packages/airflow/example_dags/example_sla_dag.py
[2024-10-10T11:16:29.061+0000] {logging_mixin.py:190} INFO - [2024-10-10T11:16:29.061+0000] {dag.py:3229} INFO - Sync 1 DAGs
[2024-10-10T11:16:29.074+0000] {logging_mixin.py:190} INFO - [2024-10-10T11:16:29.074+0000] {dag.py:4156} INFO - Setting next_dagrun for example_sla_dag to 2024-10-10 11:14:00+00:00, run_after=2024-10-10 11:16:00+00:00
[2024-10-10T11:16:29.085+0000] {processor.py:208} INFO - Processing /home/airflow/.local/lib/python3.12/site-packages/airflow/example_dags/example_sla_dag.py took 0.047 seconds
[2024-10-10T12:21:22.948+0000] {processor.py:186} INFO - Started process (PID=40342) to work on /home/airflow/.local/lib/python3.12/site-packages/airflow/example_dags/example_sla_dag.py
[2024-10-10T12:21:22.950+0000] {processor.py:914} INFO - Processing file /home/airflow/.local/lib/python3.12/site-packages/airflow/example_dags/example_sla_dag.py for tasks to queue
[2024-10-10T12:21:22.950+0000] {logging_mixin.py:190} INFO - [2024-10-10T12:21:22.950+0000] {dagbag.py:587} INFO - Filling up the DagBag from /home/airflow/.local/lib/python3.12/site-packages/airflow/example_dags/example_sla_dag.py
[2024-10-10T12:21:22.957+0000] {processor.py:925} INFO - DAG(s) 'example_sla_dag' retrieved from /home/airflow/.local/lib/python3.12/site-packages/airflow/example_dags/example_sla_dag.py
[2024-10-10T12:21:22.968+0000] {logging_mixin.py:190} INFO - [2024-10-10T12:21:22.968+0000] {dag.py:3229} INFO - Sync 1 DAGs
[2024-10-10T12:21:22.980+0000] {logging_mixin.py:190} INFO - [2024-10-10T12:21:22.980+0000] {dag.py:4156} INFO - Setting next_dagrun for example_sla_dag to 2024-10-10 12:18:00+00:00, run_after=2024-10-10 12:20:00+00:00
[2024-10-10T12:21:22.990+0000] {processor.py:208} INFO - Processing /home/airflow/.local/lib/python3.12/site-packages/airflow/example_dags/example_sla_dag.py took 0.045 seconds
[2024-10-10T12:50:52.719+0000] {processor.py:186} INFO - Started process (PID=40412) to work on /home/airflow/.local/lib/python3.12/site-packages/airflow/example_dags/example_sla_dag.py
[2024-10-10T12:50:52.720+0000] {processor.py:914} INFO - Processing file /home/airflow/.local/lib/python3.12/site-packages/airflow/example_dags/example_sla_dag.py for tasks to queue
[2024-10-10T12:50:52.721+0000] {logging_mixin.py:190} INFO - [2024-10-10T12:50:52.721+0000] {dagbag.py:587} INFO - Filling up the DagBag from /home/airflow/.local/lib/python3.12/site-packages/airflow/example_dags/example_sla_dag.py
[2024-10-10T12:50:52.736+0000] {processor.py:925} INFO - DAG(s) 'example_sla_dag' retrieved from /home/airflow/.local/lib/python3.12/site-packages/airflow/example_dags/example_sla_dag.py
[2024-10-10T12:50:52.757+0000] {logging_mixin.py:190} INFO - [2024-10-10T12:50:52.757+0000] {dag.py:3229} INFO - Sync 1 DAGs
[2024-10-10T12:50:52.773+0000] {logging_mixin.py:190} INFO - [2024-10-10T12:50:52.773+0000] {dag.py:4156} INFO - Setting next_dagrun for example_sla_dag to 2024-10-10 12:48:00+00:00, run_after=2024-10-10 12:50:00+00:00
[2024-10-10T12:50:52.783+0000] {processor.py:208} INFO - Processing /home/airflow/.local/lib/python3.12/site-packages/airflow/example_dags/example_sla_dag.py took 0.067 seconds
[2024-10-10T13:08:19.782+0000] {processor.py:186} INFO - Started process (PID=40483) to work on /home/airflow/.local/lib/python3.12/site-packages/airflow/example_dags/example_sla_dag.py
[2024-10-10T13:08:19.783+0000] {processor.py:914} INFO - Processing file /home/airflow/.local/lib/python3.12/site-packages/airflow/example_dags/example_sla_dag.py for tasks to queue
[2024-10-10T13:08:19.784+0000] {logging_mixin.py:190} INFO - [2024-10-10T13:08:19.784+0000] {dagbag.py:587} INFO - Filling up the DagBag from /home/airflow/.local/lib/python3.12/site-packages/airflow/example_dags/example_sla_dag.py
[2024-10-10T13:08:19.790+0000] {processor.py:925} INFO - DAG(s) 'example_sla_dag' retrieved from /home/airflow/.local/lib/python3.12/site-packages/airflow/example_dags/example_sla_dag.py
[2024-10-10T13:08:19.803+0000] {logging_mixin.py:190} INFO - [2024-10-10T13:08:19.802+0000] {dag.py:3229} INFO - Sync 1 DAGs
[2024-10-10T13:08:19.837+0000] {logging_mixin.py:190} INFO - [2024-10-10T13:08:19.837+0000] {dag.py:4156} INFO - Setting next_dagrun for example_sla_dag to 2024-10-10 13:06:00+00:00, run_after=2024-10-10 13:08:00+00:00
[2024-10-10T13:08:19.845+0000] {processor.py:208} INFO - Processing /home/airflow/.local/lib/python3.12/site-packages/airflow/example_dags/example_sla_dag.py took 0.067 seconds
[2024-10-10T13:51:03.912+0000] {processor.py:186} INFO - Started process (PID=40554) to work on /home/airflow/.local/lib/python3.12/site-packages/airflow/example_dags/example_sla_dag.py
[2024-10-10T13:51:03.913+0000] {processor.py:914} INFO - Processing file /home/airflow/.local/lib/python3.12/site-packages/airflow/example_dags/example_sla_dag.py for tasks to queue
[2024-10-10T13:51:03.914+0000] {logging_mixin.py:190} INFO - [2024-10-10T13:51:03.914+0000] {dagbag.py:587} INFO - Filling up the DagBag from /home/airflow/.local/lib/python3.12/site-packages/airflow/example_dags/example_sla_dag.py
[2024-10-10T13:51:03.925+0000] {processor.py:925} INFO - DAG(s) 'example_sla_dag' retrieved from /home/airflow/.local/lib/python3.12/site-packages/airflow/example_dags/example_sla_dag.py
[2024-10-10T13:51:03.946+0000] {logging_mixin.py:190} INFO - [2024-10-10T13:51:03.945+0000] {dag.py:3229} INFO - Sync 1 DAGs
[2024-10-10T13:51:03.974+0000] {logging_mixin.py:190} INFO - [2024-10-10T13:51:03.974+0000] {dag.py:4156} INFO - Setting next_dagrun for example_sla_dag to 2024-10-10 13:48:00+00:00, run_after=2024-10-10 13:50:00+00:00
[2024-10-10T13:51:03.985+0000] {processor.py:208} INFO - Processing /home/airflow/.local/lib/python3.12/site-packages/airflow/example_dags/example_sla_dag.py took 0.076 seconds
[2024-10-10T14:18:17.796+0000] {processor.py:186} INFO - Started process (PID=40625) to work on /home/airflow/.local/lib/python3.12/site-packages/airflow/example_dags/example_sla_dag.py
[2024-10-10T14:18:17.798+0000] {processor.py:914} INFO - Processing file /home/airflow/.local/lib/python3.12/site-packages/airflow/example_dags/example_sla_dag.py for tasks to queue
[2024-10-10T14:18:17.798+0000] {logging_mixin.py:190} INFO - [2024-10-10T14:18:17.798+0000] {dagbag.py:587} INFO - Filling up the DagBag from /home/airflow/.local/lib/python3.12/site-packages/airflow/example_dags/example_sla_dag.py
[2024-10-10T14:18:17.805+0000] {processor.py:925} INFO - DAG(s) 'example_sla_dag' retrieved from /home/airflow/.local/lib/python3.12/site-packages/airflow/example_dags/example_sla_dag.py
[2024-10-10T14:18:17.816+0000] {logging_mixin.py:190} INFO - [2024-10-10T14:18:17.816+0000] {dag.py:3229} INFO - Sync 1 DAGs
[2024-10-10T14:18:17.827+0000] {logging_mixin.py:190} INFO - [2024-10-10T14:18:17.827+0000] {dag.py:4156} INFO - Setting next_dagrun for example_sla_dag to 2024-10-10 14:16:00+00:00, run_after=2024-10-10 14:18:00+00:00
[2024-10-10T14:18:17.878+0000] {processor.py:208} INFO - Processing /home/airflow/.local/lib/python3.12/site-packages/airflow/example_dags/example_sla_dag.py took 0.086 seconds
[2024-10-10T14:50:17.159+0000] {processor.py:186} INFO - Started process (PID=40696) to work on /home/airflow/.local/lib/python3.12/site-packages/airflow/example_dags/example_sla_dag.py
[2024-10-10T14:50:17.161+0000] {processor.py:914} INFO - Processing file /home/airflow/.local/lib/python3.12/site-packages/airflow/example_dags/example_sla_dag.py for tasks to queue
[2024-10-10T14:50:17.161+0000] {logging_mixin.py:190} INFO - [2024-10-10T14:50:17.161+0000] {dagbag.py:587} INFO - Filling up the DagBag from /home/airflow/.local/lib/python3.12/site-packages/airflow/example_dags/example_sla_dag.py
[2024-10-10T14:50:17.168+0000] {processor.py:925} INFO - DAG(s) 'example_sla_dag' retrieved from /home/airflow/.local/lib/python3.12/site-packages/airflow/example_dags/example_sla_dag.py
[2024-10-10T14:50:17.182+0000] {logging_mixin.py:190} INFO - [2024-10-10T14:50:17.182+0000] {dag.py:3229} INFO - Sync 1 DAGs
[2024-10-10T14:50:17.196+0000] {logging_mixin.py:190} INFO - [2024-10-10T14:50:17.196+0000] {dag.py:4156} INFO - Setting next_dagrun for example_sla_dag to 2024-10-10 14:48:00+00:00, run_after=2024-10-10 14:50:00+00:00
[2024-10-10T14:50:17.204+0000] {processor.py:208} INFO - Processing /home/airflow/.local/lib/python3.12/site-packages/airflow/example_dags/example_sla_dag.py took 0.049 seconds
[2024-10-10T15:19:02.599+0000] {processor.py:186} INFO - Started process (PID=40767) to work on /home/airflow/.local/lib/python3.12/site-packages/airflow/example_dags/example_sla_dag.py
[2024-10-10T15:19:02.601+0000] {processor.py:914} INFO - Processing file /home/airflow/.local/lib/python3.12/site-packages/airflow/example_dags/example_sla_dag.py for tasks to queue
[2024-10-10T15:19:02.602+0000] {logging_mixin.py:190} INFO - [2024-10-10T15:19:02.602+0000] {dagbag.py:587} INFO - Filling up the DagBag from /home/airflow/.local/lib/python3.12/site-packages/airflow/example_dags/example_sla_dag.py
[2024-10-10T15:19:02.610+0000] {processor.py:925} INFO - DAG(s) 'example_sla_dag' retrieved from /home/airflow/.local/lib/python3.12/site-packages/airflow/example_dags/example_sla_dag.py
[2024-10-10T15:19:02.627+0000] {logging_mixin.py:190} INFO - [2024-10-10T15:19:02.626+0000] {dag.py:3229} INFO - Sync 1 DAGs
[2024-10-10T15:19:02.639+0000] {logging_mixin.py:190} INFO - [2024-10-10T15:19:02.639+0000] {dag.py:4156} INFO - Setting next_dagrun for example_sla_dag to 2024-10-10 15:16:00+00:00, run_after=2024-10-10 15:18:00+00:00
[2024-10-10T15:19:02.657+0000] {processor.py:208} INFO - Processing /home/airflow/.local/lib/python3.12/site-packages/airflow/example_dags/example_sla_dag.py took 0.061 seconds
[2024-10-10T15:50:09.703+0000] {processor.py:186} INFO - Started process (PID=40838) to work on /home/airflow/.local/lib/python3.12/site-packages/airflow/example_dags/example_sla_dag.py
[2024-10-10T15:50:09.704+0000] {processor.py:914} INFO - Processing file /home/airflow/.local/lib/python3.12/site-packages/airflow/example_dags/example_sla_dag.py for tasks to queue
[2024-10-10T15:50:09.706+0000] {logging_mixin.py:190} INFO - [2024-10-10T15:50:09.706+0000] {dagbag.py:587} INFO - Filling up the DagBag from /home/airflow/.local/lib/python3.12/site-packages/airflow/example_dags/example_sla_dag.py
[2024-10-10T15:50:09.712+0000] {processor.py:925} INFO - DAG(s) 'example_sla_dag' retrieved from /home/airflow/.local/lib/python3.12/site-packages/airflow/example_dags/example_sla_dag.py
[2024-10-10T15:50:09.722+0000] {logging_mixin.py:190} INFO - [2024-10-10T15:50:09.722+0000] {dag.py:3229} INFO - Sync 1 DAGs
[2024-10-10T15:50:09.734+0000] {logging_mixin.py:190} INFO - [2024-10-10T15:50:09.734+0000] {dag.py:4156} INFO - Setting next_dagrun for example_sla_dag to 2024-10-10 15:48:00+00:00, run_after=2024-10-10 15:50:00+00:00
[2024-10-10T15:50:09.742+0000] {processor.py:208} INFO - Processing /home/airflow/.local/lib/python3.12/site-packages/airflow/example_dags/example_sla_dag.py took 0.042 seconds
[2024-10-10T16:36:38.804+0000] {processor.py:186} INFO - Started process (PID=40909) to work on /home/airflow/.local/lib/python3.12/site-packages/airflow/example_dags/example_sla_dag.py
[2024-10-10T16:36:38.806+0000] {processor.py:914} INFO - Processing file /home/airflow/.local/lib/python3.12/site-packages/airflow/example_dags/example_sla_dag.py for tasks to queue
[2024-10-10T16:36:38.806+0000] {logging_mixin.py:190} INFO - [2024-10-10T16:36:38.806+0000] {dagbag.py:587} INFO - Filling up the DagBag from /home/airflow/.local/lib/python3.12/site-packages/airflow/example_dags/example_sla_dag.py
[2024-10-10T16:36:38.812+0000] {processor.py:925} INFO - DAG(s) 'example_sla_dag' retrieved from /home/airflow/.local/lib/python3.12/site-packages/airflow/example_dags/example_sla_dag.py
[2024-10-10T16:36:38.826+0000] {logging_mixin.py:190} INFO - [2024-10-10T16:36:38.826+0000] {dag.py:3229} INFO - Sync 1 DAGs
[2024-10-10T16:36:38.837+0000] {logging_mixin.py:190} INFO - [2024-10-10T16:36:38.837+0000] {dag.py:4156} INFO - Setting next_dagrun for example_sla_dag to 2024-10-10 16:34:00+00:00, run_after=2024-10-10 16:36:00+00:00
[2024-10-10T16:36:38.852+0000] {processor.py:208} INFO - Processing /home/airflow/.local/lib/python3.12/site-packages/airflow/example_dags/example_sla_dag.py took 0.050 seconds
[2024-10-10T16:45:47.175+0000] {processor.py:186} INFO - Started process (PID=40980) to work on /home/airflow/.local/lib/python3.12/site-packages/airflow/example_dags/example_sla_dag.py
[2024-10-10T16:45:47.177+0000] {processor.py:914} INFO - Processing file /home/airflow/.local/lib/python3.12/site-packages/airflow/example_dags/example_sla_dag.py for tasks to queue
[2024-10-10T16:45:47.178+0000] {logging_mixin.py:190} INFO - [2024-10-10T16:45:47.178+0000] {dagbag.py:587} INFO - Filling up the DagBag from /home/airflow/.local/lib/python3.12/site-packages/airflow/example_dags/example_sla_dag.py
[2024-10-10T16:45:47.183+0000] {processor.py:925} INFO - DAG(s) 'example_sla_dag' retrieved from /home/airflow/.local/lib/python3.12/site-packages/airflow/example_dags/example_sla_dag.py
[2024-10-10T16:45:47.192+0000] {logging_mixin.py:190} INFO - [2024-10-10T16:45:47.192+0000] {dag.py:3229} INFO - Sync 1 DAGs
[2024-10-10T16:45:47.202+0000] {logging_mixin.py:190} INFO - [2024-10-10T16:45:47.202+0000] {dag.py:4156} INFO - Setting next_dagrun for example_sla_dag to 2024-10-10 16:42:00+00:00, run_after=2024-10-10 16:44:00+00:00
[2024-10-10T16:45:47.209+0000] {processor.py:208} INFO - Processing /home/airflow/.local/lib/python3.12/site-packages/airflow/example_dags/example_sla_dag.py took 0.037 seconds
[2024-10-10T17:20:01.948+0000] {processor.py:186} INFO - Started process (PID=41050) to work on /home/airflow/.local/lib/python3.12/site-packages/airflow/example_dags/example_sla_dag.py
[2024-10-10T17:20:01.951+0000] {processor.py:914} INFO - Processing file /home/airflow/.local/lib/python3.12/site-packages/airflow/example_dags/example_sla_dag.py for tasks to queue
[2024-10-10T17:20:01.952+0000] {logging_mixin.py:190} INFO - [2024-10-10T17:20:01.952+0000] {dagbag.py:587} INFO - Filling up the DagBag from /home/airflow/.local/lib/python3.12/site-packages/airflow/example_dags/example_sla_dag.py
[2024-10-10T17:20:01.959+0000] {processor.py:925} INFO - DAG(s) 'example_sla_dag' retrieved from /home/airflow/.local/lib/python3.12/site-packages/airflow/example_dags/example_sla_dag.py
[2024-10-10T17:20:01.971+0000] {logging_mixin.py:190} INFO - [2024-10-10T17:20:01.971+0000] {dag.py:3229} INFO - Sync 1 DAGs
[2024-10-10T17:20:01.984+0000] {logging_mixin.py:190} INFO - [2024-10-10T17:20:01.984+0000] {dag.py:4156} INFO - Setting next_dagrun for example_sla_dag to 2024-10-10 17:18:00+00:00, run_after=2024-10-10 17:20:00+00:00
[2024-10-10T17:20:01.991+0000] {processor.py:208} INFO - Processing /home/airflow/.local/lib/python3.12/site-packages/airflow/example_dags/example_sla_dag.py took 0.047 seconds
[2024-10-10T18:21:01.786+0000] {processor.py:186} INFO - Started process (PID=41121) to work on /home/airflow/.local/lib/python3.12/site-packages/airflow/example_dags/example_sla_dag.py
[2024-10-10T18:21:01.788+0000] {processor.py:914} INFO - Processing file /home/airflow/.local/lib/python3.12/site-packages/airflow/example_dags/example_sla_dag.py for tasks to queue
[2024-10-10T18:21:01.789+0000] {logging_mixin.py:190} INFO - [2024-10-10T18:21:01.788+0000] {dagbag.py:587} INFO - Filling up the DagBag from /home/airflow/.local/lib/python3.12/site-packages/airflow/example_dags/example_sla_dag.py
[2024-10-10T18:21:01.796+0000] {processor.py:925} INFO - DAG(s) 'example_sla_dag' retrieved from /home/airflow/.local/lib/python3.12/site-packages/airflow/example_dags/example_sla_dag.py
[2024-10-10T18:21:01.808+0000] {logging_mixin.py:190} INFO - [2024-10-10T18:21:01.808+0000] {dag.py:3229} INFO - Sync 1 DAGs
[2024-10-10T18:21:01.822+0000] {logging_mixin.py:190} INFO - [2024-10-10T18:21:01.822+0000] {dag.py:4156} INFO - Setting next_dagrun for example_sla_dag to 2024-10-10 18:18:00+00:00, run_after=2024-10-10 18:20:00+00:00
[2024-10-10T18:21:01.833+0000] {processor.py:208} INFO - Processing /home/airflow/.local/lib/python3.12/site-packages/airflow/example_dags/example_sla_dag.py took 0.051 seconds
[2024-10-10T18:38:27.805+0000] {processor.py:186} INFO - Started process (PID=41192) to work on /home/airflow/.local/lib/python3.12/site-packages/airflow/example_dags/example_sla_dag.py
[2024-10-10T18:38:27.808+0000] {processor.py:914} INFO - Processing file /home/airflow/.local/lib/python3.12/site-packages/airflow/example_dags/example_sla_dag.py for tasks to queue
[2024-10-10T18:38:27.810+0000] {logging_mixin.py:190} INFO - [2024-10-10T18:38:27.809+0000] {dagbag.py:587} INFO - Filling up the DagBag from /home/airflow/.local/lib/python3.12/site-packages/airflow/example_dags/example_sla_dag.py
[2024-10-10T18:38:27.821+0000] {processor.py:925} INFO - DAG(s) 'example_sla_dag' retrieved from /home/airflow/.local/lib/python3.12/site-packages/airflow/example_dags/example_sla_dag.py
[2024-10-10T18:38:27.836+0000] {logging_mixin.py:190} INFO - [2024-10-10T18:38:27.836+0000] {dag.py:3229} INFO - Sync 1 DAGs
[2024-10-10T18:38:27.859+0000] {logging_mixin.py:190} INFO - [2024-10-10T18:38:27.859+0000] {dag.py:4156} INFO - Setting next_dagrun for example_sla_dag to 2024-10-10 18:36:00+00:00, run_after=2024-10-10 18:38:00+00:00
[2024-10-10T18:38:27.873+0000] {processor.py:208} INFO - Processing /home/airflow/.local/lib/python3.12/site-packages/airflow/example_dags/example_sla_dag.py took 0.072 seconds
[2024-10-10T19:39:12.109+0000] {processor.py:186} INFO - Started process (PID=41263) to work on /home/airflow/.local/lib/python3.12/site-packages/airflow/example_dags/example_sla_dag.py
[2024-10-10T19:39:12.110+0000] {processor.py:914} INFO - Processing file /home/airflow/.local/lib/python3.12/site-packages/airflow/example_dags/example_sla_dag.py for tasks to queue
[2024-10-10T19:39:12.110+0000] {logging_mixin.py:190} INFO - [2024-10-10T19:39:12.110+0000] {dagbag.py:587} INFO - Filling up the DagBag from /home/airflow/.local/lib/python3.12/site-packages/airflow/example_dags/example_sla_dag.py
[2024-10-10T19:39:12.118+0000] {processor.py:925} INFO - DAG(s) 'example_sla_dag' retrieved from /home/airflow/.local/lib/python3.12/site-packages/airflow/example_dags/example_sla_dag.py
[2024-10-10T19:39:12.128+0000] {logging_mixin.py:190} INFO - [2024-10-10T19:39:12.128+0000] {dag.py:3229} INFO - Sync 1 DAGs
[2024-10-10T19:39:12.139+0000] {logging_mixin.py:190} INFO - [2024-10-10T19:39:12.139+0000] {dag.py:4156} INFO - Setting next_dagrun for example_sla_dag to 2024-10-10 19:36:00+00:00, run_after=2024-10-10 19:38:00+00:00
[2024-10-10T19:39:12.146+0000] {processor.py:208} INFO - Processing /home/airflow/.local/lib/python3.12/site-packages/airflow/example_dags/example_sla_dag.py took 0.040 seconds
[2024-10-10T20:23:16.198+0000] {processor.py:186} INFO - Started process (PID=41334) to work on /home/airflow/.local/lib/python3.12/site-packages/airflow/example_dags/example_sla_dag.py
[2024-10-10T20:23:16.200+0000] {processor.py:914} INFO - Processing file /home/airflow/.local/lib/python3.12/site-packages/airflow/example_dags/example_sla_dag.py for tasks to queue
[2024-10-10T20:23:16.201+0000] {logging_mixin.py:190} INFO - [2024-10-10T20:23:16.201+0000] {dagbag.py:587} INFO - Filling up the DagBag from /home/airflow/.local/lib/python3.12/site-packages/airflow/example_dags/example_sla_dag.py
[2024-10-10T20:23:16.209+0000] {processor.py:925} INFO - DAG(s) 'example_sla_dag' retrieved from /home/airflow/.local/lib/python3.12/site-packages/airflow/example_dags/example_sla_dag.py
[2024-10-10T20:23:16.227+0000] {logging_mixin.py:190} INFO - [2024-10-10T20:23:16.227+0000] {dag.py:3229} INFO - Sync 1 DAGs
[2024-10-10T20:23:16.248+0000] {logging_mixin.py:190} INFO - [2024-10-10T20:23:16.248+0000] {dag.py:4156} INFO - Setting next_dagrun for example_sla_dag to 2024-10-10 20:20:00+00:00, run_after=2024-10-10 20:22:00+00:00
[2024-10-10T20:23:16.261+0000] {processor.py:208} INFO - Processing /home/airflow/.local/lib/python3.12/site-packages/airflow/example_dags/example_sla_dag.py took 0.083 seconds
[2024-10-10T20:54:21.017+0000] {processor.py:186} INFO - Started process (PID=41405) to work on /home/airflow/.local/lib/python3.12/site-packages/airflow/example_dags/example_sla_dag.py
[2024-10-10T20:54:21.019+0000] {processor.py:914} INFO - Processing file /home/airflow/.local/lib/python3.12/site-packages/airflow/example_dags/example_sla_dag.py for tasks to queue
[2024-10-10T20:54:21.020+0000] {logging_mixin.py:190} INFO - [2024-10-10T20:54:21.020+0000] {dagbag.py:587} INFO - Filling up the DagBag from /home/airflow/.local/lib/python3.12/site-packages/airflow/example_dags/example_sla_dag.py
[2024-10-10T20:54:21.029+0000] {processor.py:925} INFO - DAG(s) 'example_sla_dag' retrieved from /home/airflow/.local/lib/python3.12/site-packages/airflow/example_dags/example_sla_dag.py
[2024-10-10T20:54:21.047+0000] {logging_mixin.py:190} INFO - [2024-10-10T20:54:21.047+0000] {dag.py:3229} INFO - Sync 1 DAGs
[2024-10-10T20:54:21.063+0000] {logging_mixin.py:190} INFO - [2024-10-10T20:54:21.063+0000] {dag.py:4156} INFO - Setting next_dagrun for example_sla_dag to 2024-10-10 20:52:00+00:00, run_after=2024-10-10 20:54:00+00:00
[2024-10-10T20:54:21.074+0000] {processor.py:208} INFO - Processing /home/airflow/.local/lib/python3.12/site-packages/airflow/example_dags/example_sla_dag.py took 0.063 seconds
[2024-10-10T21:24:08.898+0000] {processor.py:186} INFO - Started process (PID=41476) to work on /home/airflow/.local/lib/python3.12/site-packages/airflow/example_dags/example_sla_dag.py
[2024-10-10T21:24:08.899+0000] {processor.py:914} INFO - Processing file /home/airflow/.local/lib/python3.12/site-packages/airflow/example_dags/example_sla_dag.py for tasks to queue
[2024-10-10T21:24:08.900+0000] {logging_mixin.py:190} INFO - [2024-10-10T21:24:08.900+0000] {dagbag.py:587} INFO - Filling up the DagBag from /home/airflow/.local/lib/python3.12/site-packages/airflow/example_dags/example_sla_dag.py
[2024-10-10T21:24:08.908+0000] {processor.py:925} INFO - DAG(s) 'example_sla_dag' retrieved from /home/airflow/.local/lib/python3.12/site-packages/airflow/example_dags/example_sla_dag.py
[2024-10-10T21:24:08.926+0000] {logging_mixin.py:190} INFO - [2024-10-10T21:24:08.926+0000] {dag.py:3229} INFO - Sync 1 DAGs
[2024-10-10T21:24:08.942+0000] {logging_mixin.py:190} INFO - [2024-10-10T21:24:08.942+0000] {dag.py:4156} INFO - Setting next_dagrun for example_sla_dag to 2024-10-10 21:22:00+00:00, run_after=2024-10-10 21:24:00+00:00
[2024-10-10T21:24:08.951+0000] {processor.py:208} INFO - Processing /home/airflow/.local/lib/python3.12/site-packages/airflow/example_dags/example_sla_dag.py took 0.057 seconds
[2024-10-10T21:24:39.487+0000] {processor.py:186} INFO - Started process (PID=41547) to work on /home/airflow/.local/lib/python3.12/site-packages/airflow/example_dags/example_sla_dag.py
[2024-10-10T21:24:39.488+0000] {processor.py:914} INFO - Processing file /home/airflow/.local/lib/python3.12/site-packages/airflow/example_dags/example_sla_dag.py for tasks to queue
[2024-10-10T21:24:39.489+0000] {logging_mixin.py:190} INFO - [2024-10-10T21:24:39.488+0000] {dagbag.py:587} INFO - Filling up the DagBag from /home/airflow/.local/lib/python3.12/site-packages/airflow/example_dags/example_sla_dag.py
[2024-10-10T21:24:39.494+0000] {processor.py:925} INFO - DAG(s) 'example_sla_dag' retrieved from /home/airflow/.local/lib/python3.12/site-packages/airflow/example_dags/example_sla_dag.py
[2024-10-10T21:24:39.504+0000] {logging_mixin.py:190} INFO - [2024-10-10T21:24:39.504+0000] {dag.py:3229} INFO - Sync 1 DAGs
[2024-10-10T21:24:39.517+0000] {logging_mixin.py:190} INFO - [2024-10-10T21:24:39.517+0000] {dag.py:4156} INFO - Setting next_dagrun for example_sla_dag to 2024-10-10 21:22:00+00:00, run_after=2024-10-10 21:24:00+00:00
[2024-10-10T21:24:39.531+0000] {processor.py:208} INFO - Processing /home/airflow/.local/lib/python3.12/site-packages/airflow/example_dags/example_sla_dag.py took 0.047 seconds
[2024-10-10T21:43:36.088+0000] {processor.py:186} INFO - Started process (PID=41618) to work on /home/airflow/.local/lib/python3.12/site-packages/airflow/example_dags/example_sla_dag.py
[2024-10-10T21:43:36.088+0000] {processor.py:914} INFO - Processing file /home/airflow/.local/lib/python3.12/site-packages/airflow/example_dags/example_sla_dag.py for tasks to queue
[2024-10-10T21:43:36.089+0000] {logging_mixin.py:190} INFO - [2024-10-10T21:43:36.089+0000] {dagbag.py:587} INFO - Filling up the DagBag from /home/airflow/.local/lib/python3.12/site-packages/airflow/example_dags/example_sla_dag.py
[2024-10-10T21:43:36.095+0000] {processor.py:925} INFO - DAG(s) 'example_sla_dag' retrieved from /home/airflow/.local/lib/python3.12/site-packages/airflow/example_dags/example_sla_dag.py
[2024-10-10T21:43:36.109+0000] {logging_mixin.py:190} INFO - [2024-10-10T21:43:36.109+0000] {dag.py:3229} INFO - Sync 1 DAGs
[2024-10-10T21:43:36.123+0000] {logging_mixin.py:190} INFO - [2024-10-10T21:43:36.123+0000] {dag.py:4156} INFO - Setting next_dagrun for example_sla_dag to 2024-10-10 21:40:00+00:00, run_after=2024-10-10 21:42:00+00:00
[2024-10-10T21:43:36.137+0000] {processor.py:208} INFO - Processing /home/airflow/.local/lib/python3.12/site-packages/airflow/example_dags/example_sla_dag.py took 0.052 seconds
[2024-10-10T22:17:48.832+0000] {processor.py:186} INFO - Started process (PID=41689) to work on /home/airflow/.local/lib/python3.12/site-packages/airflow/example_dags/example_sla_dag.py
[2024-10-10T22:17:48.833+0000] {processor.py:914} INFO - Processing file /home/airflow/.local/lib/python3.12/site-packages/airflow/example_dags/example_sla_dag.py for tasks to queue
[2024-10-10T22:17:48.836+0000] {logging_mixin.py:190} INFO - [2024-10-10T22:17:48.835+0000] {dagbag.py:587} INFO - Filling up the DagBag from /home/airflow/.local/lib/python3.12/site-packages/airflow/example_dags/example_sla_dag.py
[2024-10-10T22:17:48.842+0000] {processor.py:925} INFO - DAG(s) 'example_sla_dag' retrieved from /home/airflow/.local/lib/python3.12/site-packages/airflow/example_dags/example_sla_dag.py
[2024-10-10T22:17:48.866+0000] {logging_mixin.py:190} INFO - [2024-10-10T22:17:48.865+0000] {dag.py:3229} INFO - Sync 1 DAGs
[2024-10-10T22:17:48.884+0000] {logging_mixin.py:190} INFO - [2024-10-10T22:17:48.884+0000] {dag.py:4156} INFO - Setting next_dagrun for example_sla_dag to 2024-10-10 22:14:00+00:00, run_after=2024-10-10 22:16:00+00:00
[2024-10-10T22:17:48.910+0000] {processor.py:208} INFO - Processing /home/airflow/.local/lib/python3.12/site-packages/airflow/example_dags/example_sla_dag.py took 0.081 seconds
[2024-10-10T22:46:09.247+0000] {processor.py:186} INFO - Started process (PID=41760) to work on /home/airflow/.local/lib/python3.12/site-packages/airflow/example_dags/example_sla_dag.py
[2024-10-10T22:46:09.247+0000] {processor.py:914} INFO - Processing file /home/airflow/.local/lib/python3.12/site-packages/airflow/example_dags/example_sla_dag.py for tasks to queue
[2024-10-10T22:46:09.249+0000] {logging_mixin.py:190} INFO - [2024-10-10T22:46:09.248+0000] {dagbag.py:587} INFO - Filling up the DagBag from /home/airflow/.local/lib/python3.12/site-packages/airflow/example_dags/example_sla_dag.py
[2024-10-10T22:46:09.257+0000] {processor.py:925} INFO - DAG(s) 'example_sla_dag' retrieved from /home/airflow/.local/lib/python3.12/site-packages/airflow/example_dags/example_sla_dag.py
[2024-10-10T22:46:09.276+0000] {logging_mixin.py:190} INFO - [2024-10-10T22:46:09.275+0000] {dag.py:3229} INFO - Sync 1 DAGs
[2024-10-10T22:46:09.293+0000] {logging_mixin.py:190} INFO - [2024-10-10T22:46:09.293+0000] {dag.py:4156} INFO - Setting next_dagrun for example_sla_dag to 2024-10-10 22:44:00+00:00, run_after=2024-10-10 22:46:00+00:00
[2024-10-10T22:46:09.309+0000] {processor.py:208} INFO - Processing /home/airflow/.local/lib/python3.12/site-packages/airflow/example_dags/example_sla_dag.py took 0.065 seconds
[2024-10-10T23:26:19.865+0000] {processor.py:186} INFO - Started process (PID=41831) to work on /home/airflow/.local/lib/python3.12/site-packages/airflow/example_dags/example_sla_dag.py
[2024-10-10T23:26:19.868+0000] {processor.py:914} INFO - Processing file /home/airflow/.local/lib/python3.12/site-packages/airflow/example_dags/example_sla_dag.py for tasks to queue
[2024-10-10T23:26:19.869+0000] {logging_mixin.py:190} INFO - [2024-10-10T23:26:19.869+0000] {dagbag.py:587} INFO - Filling up the DagBag from /home/airflow/.local/lib/python3.12/site-packages/airflow/example_dags/example_sla_dag.py
[2024-10-10T23:26:19.875+0000] {processor.py:925} INFO - DAG(s) 'example_sla_dag' retrieved from /home/airflow/.local/lib/python3.12/site-packages/airflow/example_dags/example_sla_dag.py
[2024-10-10T23:26:19.884+0000] {logging_mixin.py:190} INFO - [2024-10-10T23:26:19.884+0000] {dag.py:3229} INFO - Sync 1 DAGs
[2024-10-10T23:26:19.896+0000] {logging_mixin.py:190} INFO - [2024-10-10T23:26:19.896+0000] {dag.py:4156} INFO - Setting next_dagrun for example_sla_dag to 2024-10-10 23:24:00+00:00, run_after=2024-10-10 23:26:00+00:00
[2024-10-10T23:26:19.908+0000] {processor.py:208} INFO - Processing /home/airflow/.local/lib/python3.12/site-packages/airflow/example_dags/example_sla_dag.py took 0.046 seconds
