[2024-10-10T00:11:41.169+0000] {processor.py:186} INFO - Started process (PID=38835) to work on /home/airflow/.local/lib/python3.12/site-packages/airflow/example_dags/example_branch_python_dop_operator_3.py
[2024-10-10T00:11:41.170+0000] {processor.py:914} INFO - Processing file /home/airflow/.local/lib/python3.12/site-packages/airflow/example_dags/example_branch_python_dop_operator_3.py for tasks to queue
[2024-10-10T00:11:41.171+0000] {logging_mixin.py:190} INFO - [2024-10-10T00:11:41.170+0000] {dagbag.py:587} INFO - Filling up the DagBag from /home/airflow/.local/lib/python3.12/site-packages/airflow/example_dags/example_branch_python_dop_operator_3.py
[2024-10-10T00:11:41.176+0000] {processor.py:925} INFO - DAG(s) 'example_branch_dop_operator_v3' retrieved from /home/airflow/.local/lib/python3.12/site-packages/airflow/example_dags/example_branch_python_dop_operator_3.py
[2024-10-10T00:11:41.191+0000] {logging_mixin.py:190} INFO - [2024-10-10T00:11:41.191+0000] {dag.py:3229} INFO - Sync 1 DAGs
[2024-10-10T00:11:41.212+0000] {logging_mixin.py:190} INFO - [2024-10-10T00:11:41.212+0000] {dag.py:4156} INFO - Setting next_dagrun for example_branch_dop_operator_v3 to 2024-10-10 00:10:00+00:00, run_after=2024-10-10 00:11:00+00:00
[2024-10-10T00:11:41.225+0000] {processor.py:208} INFO - Processing /home/airflow/.local/lib/python3.12/site-packages/airflow/example_dags/example_branch_python_dop_operator_3.py took 0.060 seconds
[2024-10-10T01:18:07.919+0000] {processor.py:186} INFO - Started process (PID=38906) to work on /home/airflow/.local/lib/python3.12/site-packages/airflow/example_dags/example_branch_python_dop_operator_3.py
[2024-10-10T01:18:07.920+0000] {processor.py:914} INFO - Processing file /home/airflow/.local/lib/python3.12/site-packages/airflow/example_dags/example_branch_python_dop_operator_3.py for tasks to queue
[2024-10-10T01:18:07.921+0000] {logging_mixin.py:190} INFO - [2024-10-10T01:18:07.921+0000] {dagbag.py:587} INFO - Filling up the DagBag from /home/airflow/.local/lib/python3.12/site-packages/airflow/example_dags/example_branch_python_dop_operator_3.py
[2024-10-10T01:18:07.926+0000] {processor.py:925} INFO - DAG(s) 'example_branch_dop_operator_v3' retrieved from /home/airflow/.local/lib/python3.12/site-packages/airflow/example_dags/example_branch_python_dop_operator_3.py
[2024-10-10T01:18:07.942+0000] {logging_mixin.py:190} INFO - [2024-10-10T01:18:07.941+0000] {dag.py:3229} INFO - Sync 1 DAGs
[2024-10-10T01:18:07.964+0000] {logging_mixin.py:190} INFO - [2024-10-10T01:18:07.964+0000] {dag.py:4156} INFO - Setting next_dagrun for example_branch_dop_operator_v3 to 2024-10-10 01:17:00+00:00, run_after=2024-10-10 01:18:00+00:00
[2024-10-10T01:18:07.979+0000] {processor.py:208} INFO - Processing /home/airflow/.local/lib/python3.12/site-packages/airflow/example_dags/example_branch_python_dop_operator_3.py took 0.063 seconds
[2024-10-10T01:52:17.710+0000] {processor.py:186} INFO - Started process (PID=38977) to work on /home/airflow/.local/lib/python3.12/site-packages/airflow/example_dags/example_branch_python_dop_operator_3.py
[2024-10-10T01:52:17.713+0000] {processor.py:914} INFO - Processing file /home/airflow/.local/lib/python3.12/site-packages/airflow/example_dags/example_branch_python_dop_operator_3.py for tasks to queue
[2024-10-10T01:52:17.714+0000] {logging_mixin.py:190} INFO - [2024-10-10T01:52:17.714+0000] {dagbag.py:587} INFO - Filling up the DagBag from /home/airflow/.local/lib/python3.12/site-packages/airflow/example_dags/example_branch_python_dop_operator_3.py
[2024-10-10T01:52:17.723+0000] {processor.py:925} INFO - DAG(s) 'example_branch_dop_operator_v3' retrieved from /home/airflow/.local/lib/python3.12/site-packages/airflow/example_dags/example_branch_python_dop_operator_3.py
[2024-10-10T01:52:17.745+0000] {logging_mixin.py:190} INFO - [2024-10-10T01:52:17.745+0000] {dag.py:3229} INFO - Sync 1 DAGs
[2024-10-10T01:52:17.762+0000] {logging_mixin.py:190} INFO - [2024-10-10T01:52:17.762+0000] {dag.py:4156} INFO - Setting next_dagrun for example_branch_dop_operator_v3 to 2024-10-10 01:51:00+00:00, run_after=2024-10-10 01:52:00+00:00
[2024-10-10T01:52:17.778+0000] {processor.py:208} INFO - Processing /home/airflow/.local/lib/python3.12/site-packages/airflow/example_dags/example_branch_python_dop_operator_3.py took 0.071 seconds
[2024-10-10T02:19:09.873+0000] {processor.py:186} INFO - Started process (PID=39048) to work on /home/airflow/.local/lib/python3.12/site-packages/airflow/example_dags/example_branch_python_dop_operator_3.py
[2024-10-10T02:19:09.874+0000] {processor.py:914} INFO - Processing file /home/airflow/.local/lib/python3.12/site-packages/airflow/example_dags/example_branch_python_dop_operator_3.py for tasks to queue
[2024-10-10T02:19:09.875+0000] {logging_mixin.py:190} INFO - [2024-10-10T02:19:09.875+0000] {dagbag.py:587} INFO - Filling up the DagBag from /home/airflow/.local/lib/python3.12/site-packages/airflow/example_dags/example_branch_python_dop_operator_3.py
[2024-10-10T02:19:09.880+0000] {processor.py:925} INFO - DAG(s) 'example_branch_dop_operator_v3' retrieved from /home/airflow/.local/lib/python3.12/site-packages/airflow/example_dags/example_branch_python_dop_operator_3.py
[2024-10-10T02:19:09.891+0000] {logging_mixin.py:190} INFO - [2024-10-10T02:19:09.891+0000] {dag.py:3229} INFO - Sync 1 DAGs
[2024-10-10T02:19:09.905+0000] {logging_mixin.py:190} INFO - [2024-10-10T02:19:09.905+0000] {dag.py:4156} INFO - Setting next_dagrun for example_branch_dop_operator_v3 to 2024-10-10 02:18:00+00:00, run_after=2024-10-10 02:19:00+00:00
[2024-10-10T02:19:09.916+0000] {processor.py:208} INFO - Processing /home/airflow/.local/lib/python3.12/site-packages/airflow/example_dags/example_branch_python_dop_operator_3.py took 0.046 seconds
[2024-10-10T03:09:34.943+0000] {processor.py:186} INFO - Started process (PID=39119) to work on /home/airflow/.local/lib/python3.12/site-packages/airflow/example_dags/example_branch_python_dop_operator_3.py
[2024-10-10T03:09:34.943+0000] {processor.py:914} INFO - Processing file /home/airflow/.local/lib/python3.12/site-packages/airflow/example_dags/example_branch_python_dop_operator_3.py for tasks to queue
[2024-10-10T03:09:34.945+0000] {logging_mixin.py:190} INFO - [2024-10-10T03:09:34.945+0000] {dagbag.py:587} INFO - Filling up the DagBag from /home/airflow/.local/lib/python3.12/site-packages/airflow/example_dags/example_branch_python_dop_operator_3.py
[2024-10-10T03:09:34.951+0000] {processor.py:925} INFO - DAG(s) 'example_branch_dop_operator_v3' retrieved from /home/airflow/.local/lib/python3.12/site-packages/airflow/example_dags/example_branch_python_dop_operator_3.py
[2024-10-10T03:09:34.963+0000] {logging_mixin.py:190} INFO - [2024-10-10T03:09:34.963+0000] {dag.py:3229} INFO - Sync 1 DAGs
[2024-10-10T03:09:34.976+0000] {logging_mixin.py:190} INFO - [2024-10-10T03:09:34.976+0000] {dag.py:4156} INFO - Setting next_dagrun for example_branch_dop_operator_v3 to 2024-10-10 03:08:00+00:00, run_after=2024-10-10 03:09:00+00:00
[2024-10-10T03:09:34.985+0000] {processor.py:208} INFO - Processing /home/airflow/.local/lib/python3.12/site-packages/airflow/example_dags/example_branch_python_dop_operator_3.py took 0.046 seconds
[2024-10-10T03:56:57.590+0000] {processor.py:186} INFO - Started process (PID=39189) to work on /home/airflow/.local/lib/python3.12/site-packages/airflow/example_dags/example_branch_python_dop_operator_3.py
[2024-10-10T03:56:57.591+0000] {processor.py:914} INFO - Processing file /home/airflow/.local/lib/python3.12/site-packages/airflow/example_dags/example_branch_python_dop_operator_3.py for tasks to queue
[2024-10-10T03:56:57.592+0000] {logging_mixin.py:190} INFO - [2024-10-10T03:56:57.592+0000] {dagbag.py:587} INFO - Filling up the DagBag from /home/airflow/.local/lib/python3.12/site-packages/airflow/example_dags/example_branch_python_dop_operator_3.py
[2024-10-10T03:56:57.597+0000] {processor.py:925} INFO - DAG(s) 'example_branch_dop_operator_v3' retrieved from /home/airflow/.local/lib/python3.12/site-packages/airflow/example_dags/example_branch_python_dop_operator_3.py
[2024-10-10T03:56:57.609+0000] {logging_mixin.py:190} INFO - [2024-10-10T03:56:57.608+0000] {dag.py:3229} INFO - Sync 1 DAGs
[2024-10-10T03:56:57.627+0000] {logging_mixin.py:190} INFO - [2024-10-10T03:56:57.627+0000] {dag.py:4156} INFO - Setting next_dagrun for example_branch_dop_operator_v3 to 2024-10-10 03:55:00+00:00, run_after=2024-10-10 03:56:00+00:00
[2024-10-10T03:56:57.644+0000] {processor.py:208} INFO - Processing /home/airflow/.local/lib/python3.12/site-packages/airflow/example_dags/example_branch_python_dop_operator_3.py took 0.057 seconds
[2024-10-10T04:21:12.107+0000] {processor.py:186} INFO - Started process (PID=39259) to work on /home/airflow/.local/lib/python3.12/site-packages/airflow/example_dags/example_branch_python_dop_operator_3.py
[2024-10-10T04:21:12.108+0000] {processor.py:914} INFO - Processing file /home/airflow/.local/lib/python3.12/site-packages/airflow/example_dags/example_branch_python_dop_operator_3.py for tasks to queue
[2024-10-10T04:21:12.108+0000] {logging_mixin.py:190} INFO - [2024-10-10T04:21:12.108+0000] {dagbag.py:587} INFO - Filling up the DagBag from /home/airflow/.local/lib/python3.12/site-packages/airflow/example_dags/example_branch_python_dop_operator_3.py
[2024-10-10T04:21:12.115+0000] {processor.py:925} INFO - DAG(s) 'example_branch_dop_operator_v3' retrieved from /home/airflow/.local/lib/python3.12/site-packages/airflow/example_dags/example_branch_python_dop_operator_3.py
[2024-10-10T04:21:12.126+0000] {logging_mixin.py:190} INFO - [2024-10-10T04:21:12.126+0000] {dag.py:3229} INFO - Sync 1 DAGs
[2024-10-10T04:21:12.142+0000] {logging_mixin.py:190} INFO - [2024-10-10T04:21:12.142+0000] {dag.py:4156} INFO - Setting next_dagrun for example_branch_dop_operator_v3 to 2024-10-10 04:20:00+00:00, run_after=2024-10-10 04:21:00+00:00
[2024-10-10T04:21:12.155+0000] {processor.py:208} INFO - Processing /home/airflow/.local/lib/python3.12/site-packages/airflow/example_dags/example_branch_python_dop_operator_3.py took 0.052 seconds
[2024-10-10T05:14:25.025+0000] {processor.py:186} INFO - Started process (PID=39330) to work on /home/airflow/.local/lib/python3.12/site-packages/airflow/example_dags/example_branch_python_dop_operator_3.py
[2024-10-10T05:14:25.026+0000] {processor.py:914} INFO - Processing file /home/airflow/.local/lib/python3.12/site-packages/airflow/example_dags/example_branch_python_dop_operator_3.py for tasks to queue
[2024-10-10T05:14:25.027+0000] {logging_mixin.py:190} INFO - [2024-10-10T05:14:25.027+0000] {dagbag.py:587} INFO - Filling up the DagBag from /home/airflow/.local/lib/python3.12/site-packages/airflow/example_dags/example_branch_python_dop_operator_3.py
[2024-10-10T05:14:25.033+0000] {processor.py:925} INFO - DAG(s) 'example_branch_dop_operator_v3' retrieved from /home/airflow/.local/lib/python3.12/site-packages/airflow/example_dags/example_branch_python_dop_operator_3.py
[2024-10-10T05:14:25.044+0000] {logging_mixin.py:190} INFO - [2024-10-10T05:14:25.044+0000] {dag.py:3229} INFO - Sync 1 DAGs
[2024-10-10T05:14:25.066+0000] {logging_mixin.py:190} INFO - [2024-10-10T05:14:25.066+0000] {dag.py:4156} INFO - Setting next_dagrun for example_branch_dop_operator_v3 to 2024-10-10 05:13:00+00:00, run_after=2024-10-10 05:14:00+00:00
[2024-10-10T05:14:25.080+0000] {processor.py:208} INFO - Processing /home/airflow/.local/lib/python3.12/site-packages/airflow/example_dags/example_branch_python_dop_operator_3.py took 0.059 seconds
[2024-10-10T05:47:21.897+0000] {processor.py:186} INFO - Started process (PID=39401) to work on /home/airflow/.local/lib/python3.12/site-packages/airflow/example_dags/example_branch_python_dop_operator_3.py
[2024-10-10T05:47:21.899+0000] {processor.py:914} INFO - Processing file /home/airflow/.local/lib/python3.12/site-packages/airflow/example_dags/example_branch_python_dop_operator_3.py for tasks to queue
[2024-10-10T05:47:21.901+0000] {logging_mixin.py:190} INFO - [2024-10-10T05:47:21.900+0000] {dagbag.py:587} INFO - Filling up the DagBag from /home/airflow/.local/lib/python3.12/site-packages/airflow/example_dags/example_branch_python_dop_operator_3.py
[2024-10-10T05:47:21.909+0000] {processor.py:925} INFO - DAG(s) 'example_branch_dop_operator_v3' retrieved from /home/airflow/.local/lib/python3.12/site-packages/airflow/example_dags/example_branch_python_dop_operator_3.py
[2024-10-10T05:47:21.929+0000] {logging_mixin.py:190} INFO - [2024-10-10T05:47:21.929+0000] {dag.py:3229} INFO - Sync 1 DAGs
[2024-10-10T05:47:21.946+0000] {logging_mixin.py:190} INFO - [2024-10-10T05:47:21.946+0000] {dag.py:4156} INFO - Setting next_dagrun for example_branch_dop_operator_v3 to 2024-10-10 05:46:00+00:00, run_after=2024-10-10 05:47:00+00:00
[2024-10-10T05:47:21.963+0000] {processor.py:208} INFO - Processing /home/airflow/.local/lib/python3.12/site-packages/airflow/example_dags/example_branch_python_dop_operator_3.py took 0.076 seconds
[2024-10-10T06:39:42.059+0000] {processor.py:186} INFO - Started process (PID=39472) to work on /home/airflow/.local/lib/python3.12/site-packages/airflow/example_dags/example_branch_python_dop_operator_3.py
[2024-10-10T06:39:42.059+0000] {processor.py:914} INFO - Processing file /home/airflow/.local/lib/python3.12/site-packages/airflow/example_dags/example_branch_python_dop_operator_3.py for tasks to queue
[2024-10-10T06:39:42.061+0000] {logging_mixin.py:190} INFO - [2024-10-10T06:39:42.061+0000] {dagbag.py:587} INFO - Filling up the DagBag from /home/airflow/.local/lib/python3.12/site-packages/airflow/example_dags/example_branch_python_dop_operator_3.py
[2024-10-10T06:39:42.066+0000] {processor.py:925} INFO - DAG(s) 'example_branch_dop_operator_v3' retrieved from /home/airflow/.local/lib/python3.12/site-packages/airflow/example_dags/example_branch_python_dop_operator_3.py
[2024-10-10T06:39:42.081+0000] {logging_mixin.py:190} INFO - [2024-10-10T06:39:42.080+0000] {dag.py:3229} INFO - Sync 1 DAGs
[2024-10-10T06:39:42.093+0000] {logging_mixin.py:190} INFO - [2024-10-10T06:39:42.093+0000] {dag.py:4156} INFO - Setting next_dagrun for example_branch_dop_operator_v3 to 2024-10-10 06:38:00+00:00, run_after=2024-10-10 06:39:00+00:00
[2024-10-10T06:39:42.110+0000] {processor.py:208} INFO - Processing /home/airflow/.local/lib/python3.12/site-packages/airflow/example_dags/example_branch_python_dop_operator_3.py took 0.054 seconds
[2024-10-10T07:11:24.596+0000] {processor.py:186} INFO - Started process (PID=39543) to work on /home/airflow/.local/lib/python3.12/site-packages/airflow/example_dags/example_branch_python_dop_operator_3.py
[2024-10-10T07:11:24.597+0000] {processor.py:914} INFO - Processing file /home/airflow/.local/lib/python3.12/site-packages/airflow/example_dags/example_branch_python_dop_operator_3.py for tasks to queue
[2024-10-10T07:11:24.597+0000] {logging_mixin.py:190} INFO - [2024-10-10T07:11:24.597+0000] {dagbag.py:587} INFO - Filling up the DagBag from /home/airflow/.local/lib/python3.12/site-packages/airflow/example_dags/example_branch_python_dop_operator_3.py
[2024-10-10T07:11:24.602+0000] {processor.py:925} INFO - DAG(s) 'example_branch_dop_operator_v3' retrieved from /home/airflow/.local/lib/python3.12/site-packages/airflow/example_dags/example_branch_python_dop_operator_3.py
[2024-10-10T07:11:24.629+0000] {logging_mixin.py:190} INFO - [2024-10-10T07:11:24.629+0000] {dag.py:3229} INFO - Sync 1 DAGs
[2024-10-10T07:11:24.642+0000] {logging_mixin.py:190} INFO - [2024-10-10T07:11:24.642+0000] {dag.py:4156} INFO - Setting next_dagrun for example_branch_dop_operator_v3 to 2024-10-10 07:10:00+00:00, run_after=2024-10-10 07:11:00+00:00
[2024-10-10T07:11:24.656+0000] {processor.py:208} INFO - Processing /home/airflow/.local/lib/python3.12/site-packages/airflow/example_dags/example_branch_python_dop_operator_3.py took 0.063 seconds
[2024-10-10T07:39:18.829+0000] {processor.py:186} INFO - Started process (PID=39614) to work on /home/airflow/.local/lib/python3.12/site-packages/airflow/example_dags/example_branch_python_dop_operator_3.py
[2024-10-10T07:39:18.830+0000] {processor.py:914} INFO - Processing file /home/airflow/.local/lib/python3.12/site-packages/airflow/example_dags/example_branch_python_dop_operator_3.py for tasks to queue
[2024-10-10T07:39:18.831+0000] {logging_mixin.py:190} INFO - [2024-10-10T07:39:18.831+0000] {dagbag.py:587} INFO - Filling up the DagBag from /home/airflow/.local/lib/python3.12/site-packages/airflow/example_dags/example_branch_python_dop_operator_3.py
[2024-10-10T07:39:18.838+0000] {processor.py:925} INFO - DAG(s) 'example_branch_dop_operator_v3' retrieved from /home/airflow/.local/lib/python3.12/site-packages/airflow/example_dags/example_branch_python_dop_operator_3.py
[2024-10-10T07:39:18.848+0000] {logging_mixin.py:190} INFO - [2024-10-10T07:39:18.848+0000] {dag.py:3229} INFO - Sync 1 DAGs
[2024-10-10T07:39:18.866+0000] {logging_mixin.py:190} INFO - [2024-10-10T07:39:18.866+0000] {dag.py:4156} INFO - Setting next_dagrun for example_branch_dop_operator_v3 to 2024-10-10 07:38:00+00:00, run_after=2024-10-10 07:39:00+00:00
[2024-10-10T07:39:18.880+0000] {processor.py:208} INFO - Processing /home/airflow/.local/lib/python3.12/site-packages/airflow/example_dags/example_branch_python_dop_operator_3.py took 0.056 seconds
[2024-10-10T08:02:59.455+0000] {processor.py:186} INFO - Started process (PID=39685) to work on /home/airflow/.local/lib/python3.12/site-packages/airflow/example_dags/example_branch_python_dop_operator_3.py
[2024-10-10T08:02:59.456+0000] {processor.py:914} INFO - Processing file /home/airflow/.local/lib/python3.12/site-packages/airflow/example_dags/example_branch_python_dop_operator_3.py for tasks to queue
[2024-10-10T08:02:59.457+0000] {logging_mixin.py:190} INFO - [2024-10-10T08:02:59.457+0000] {dagbag.py:587} INFO - Filling up the DagBag from /home/airflow/.local/lib/python3.12/site-packages/airflow/example_dags/example_branch_python_dop_operator_3.py
[2024-10-10T08:02:59.463+0000] {processor.py:925} INFO - DAG(s) 'example_branch_dop_operator_v3' retrieved from /home/airflow/.local/lib/python3.12/site-packages/airflow/example_dags/example_branch_python_dop_operator_3.py
[2024-10-10T08:02:59.492+0000] {logging_mixin.py:190} INFO - [2024-10-10T08:02:59.492+0000] {dag.py:3229} INFO - Sync 1 DAGs
[2024-10-10T08:02:59.509+0000] {logging_mixin.py:190} INFO - [2024-10-10T08:02:59.509+0000] {dag.py:4156} INFO - Setting next_dagrun for example_branch_dop_operator_v3 to 2024-10-10 08:01:00+00:00, run_after=2024-10-10 08:02:00+00:00
[2024-10-10T08:02:59.524+0000] {processor.py:208} INFO - Processing /home/airflow/.local/lib/python3.12/site-packages/airflow/example_dags/example_branch_python_dop_operator_3.py took 0.072 seconds
[2024-10-10T08:12:05.348+0000] {processor.py:186} INFO - Started process (PID=39756) to work on /home/airflow/.local/lib/python3.12/site-packages/airflow/example_dags/example_branch_python_dop_operator_3.py
[2024-10-10T08:12:05.350+0000] {processor.py:914} INFO - Processing file /home/airflow/.local/lib/python3.12/site-packages/airflow/example_dags/example_branch_python_dop_operator_3.py for tasks to queue
[2024-10-10T08:12:05.351+0000] {logging_mixin.py:190} INFO - [2024-10-10T08:12:05.350+0000] {dagbag.py:587} INFO - Filling up the DagBag from /home/airflow/.local/lib/python3.12/site-packages/airflow/example_dags/example_branch_python_dop_operator_3.py
[2024-10-10T08:12:05.357+0000] {processor.py:925} INFO - DAG(s) 'example_branch_dop_operator_v3' retrieved from /home/airflow/.local/lib/python3.12/site-packages/airflow/example_dags/example_branch_python_dop_operator_3.py
[2024-10-10T08:12:05.372+0000] {logging_mixin.py:190} INFO - [2024-10-10T08:12:05.371+0000] {dag.py:3229} INFO - Sync 1 DAGs
[2024-10-10T08:12:05.385+0000] {logging_mixin.py:190} INFO - [2024-10-10T08:12:05.385+0000] {dag.py:4156} INFO - Setting next_dagrun for example_branch_dop_operator_v3 to 2024-10-10 08:11:00+00:00, run_after=2024-10-10 08:12:00+00:00
[2024-10-10T08:12:05.395+0000] {processor.py:208} INFO - Processing /home/airflow/.local/lib/python3.12/site-packages/airflow/example_dags/example_branch_python_dop_operator_3.py took 0.051 seconds
[2024-10-10T08:24:33.611+0000] {processor.py:186} INFO - Started process (PID=39826) to work on /home/airflow/.local/lib/python3.12/site-packages/airflow/example_dags/example_branch_python_dop_operator_3.py
[2024-10-10T08:24:33.613+0000] {processor.py:914} INFO - Processing file /home/airflow/.local/lib/python3.12/site-packages/airflow/example_dags/example_branch_python_dop_operator_3.py for tasks to queue
[2024-10-10T08:24:33.616+0000] {logging_mixin.py:190} INFO - [2024-10-10T08:24:33.616+0000] {dagbag.py:587} INFO - Filling up the DagBag from /home/airflow/.local/lib/python3.12/site-packages/airflow/example_dags/example_branch_python_dop_operator_3.py
[2024-10-10T08:24:33.623+0000] {processor.py:925} INFO - DAG(s) 'example_branch_dop_operator_v3' retrieved from /home/airflow/.local/lib/python3.12/site-packages/airflow/example_dags/example_branch_python_dop_operator_3.py
[2024-10-10T08:24:33.636+0000] {logging_mixin.py:190} INFO - [2024-10-10T08:24:33.636+0000] {dag.py:3229} INFO - Sync 1 DAGs
[2024-10-10T08:24:33.651+0000] {logging_mixin.py:190} INFO - [2024-10-10T08:24:33.651+0000] {dag.py:4156} INFO - Setting next_dagrun for example_branch_dop_operator_v3 to 2024-10-10 08:23:00+00:00, run_after=2024-10-10 08:24:00+00:00
[2024-10-10T08:24:33.664+0000] {processor.py:208} INFO - Processing /home/airflow/.local/lib/python3.12/site-packages/airflow/example_dags/example_branch_python_dop_operator_3.py took 0.061 seconds
[2024-10-10T08:25:04.460+0000] {processor.py:186} INFO - Started process (PID=39898) to work on /home/airflow/.local/lib/python3.12/site-packages/airflow/example_dags/example_branch_python_dop_operator_3.py
[2024-10-10T08:25:04.463+0000] {processor.py:914} INFO - Processing file /home/airflow/.local/lib/python3.12/site-packages/airflow/example_dags/example_branch_python_dop_operator_3.py for tasks to queue
[2024-10-10T08:25:04.464+0000] {logging_mixin.py:190} INFO - [2024-10-10T08:25:04.464+0000] {dagbag.py:587} INFO - Filling up the DagBag from /home/airflow/.local/lib/python3.12/site-packages/airflow/example_dags/example_branch_python_dop_operator_3.py
[2024-10-10T08:25:04.470+0000] {processor.py:925} INFO - DAG(s) 'example_branch_dop_operator_v3' retrieved from /home/airflow/.local/lib/python3.12/site-packages/airflow/example_dags/example_branch_python_dop_operator_3.py
[2024-10-10T08:25:04.480+0000] {logging_mixin.py:190} INFO - [2024-10-10T08:25:04.480+0000] {dag.py:3229} INFO - Sync 1 DAGs
[2024-10-10T08:25:04.499+0000] {logging_mixin.py:190} INFO - [2024-10-10T08:25:04.498+0000] {dag.py:4156} INFO - Setting next_dagrun for example_branch_dop_operator_v3 to 2024-10-10 08:24:00+00:00, run_after=2024-10-10 08:25:00+00:00
[2024-10-10T08:25:04.509+0000] {processor.py:208} INFO - Processing /home/airflow/.local/lib/python3.12/site-packages/airflow/example_dags/example_branch_python_dop_operator_3.py took 0.053 seconds
[2024-10-10T09:14:57.947+0000] {processor.py:186} INFO - Started process (PID=39969) to work on /home/airflow/.local/lib/python3.12/site-packages/airflow/example_dags/example_branch_python_dop_operator_3.py
[2024-10-10T09:14:57.947+0000] {processor.py:914} INFO - Processing file /home/airflow/.local/lib/python3.12/site-packages/airflow/example_dags/example_branch_python_dop_operator_3.py for tasks to queue
[2024-10-10T09:14:57.948+0000] {logging_mixin.py:190} INFO - [2024-10-10T09:14:57.948+0000] {dagbag.py:587} INFO - Filling up the DagBag from /home/airflow/.local/lib/python3.12/site-packages/airflow/example_dags/example_branch_python_dop_operator_3.py
[2024-10-10T09:14:57.956+0000] {processor.py:925} INFO - DAG(s) 'example_branch_dop_operator_v3' retrieved from /home/airflow/.local/lib/python3.12/site-packages/airflow/example_dags/example_branch_python_dop_operator_3.py
[2024-10-10T09:14:57.971+0000] {logging_mixin.py:190} INFO - [2024-10-10T09:14:57.971+0000] {dag.py:3229} INFO - Sync 1 DAGs
[2024-10-10T09:14:57.984+0000] {logging_mixin.py:190} INFO - [2024-10-10T09:14:57.984+0000] {dag.py:4156} INFO - Setting next_dagrun for example_branch_dop_operator_v3 to 2024-10-10 09:13:00+00:00, run_after=2024-10-10 09:14:00+00:00
[2024-10-10T09:14:57.994+0000] {processor.py:208} INFO - Processing /home/airflow/.local/lib/python3.12/site-packages/airflow/example_dags/example_branch_python_dop_operator_3.py took 0.051 seconds
[2024-10-10T10:21:18.430+0000] {processor.py:186} INFO - Started process (PID=40040) to work on /home/airflow/.local/lib/python3.12/site-packages/airflow/example_dags/example_branch_python_dop_operator_3.py
[2024-10-10T10:21:18.446+0000] {processor.py:914} INFO - Processing file /home/airflow/.local/lib/python3.12/site-packages/airflow/example_dags/example_branch_python_dop_operator_3.py for tasks to queue
[2024-10-10T10:21:18.448+0000] {logging_mixin.py:190} INFO - [2024-10-10T10:21:18.447+0000] {dagbag.py:587} INFO - Filling up the DagBag from /home/airflow/.local/lib/python3.12/site-packages/airflow/example_dags/example_branch_python_dop_operator_3.py
[2024-10-10T10:21:18.457+0000] {processor.py:925} INFO - DAG(s) 'example_branch_dop_operator_v3' retrieved from /home/airflow/.local/lib/python3.12/site-packages/airflow/example_dags/example_branch_python_dop_operator_3.py
[2024-10-10T10:21:18.482+0000] {logging_mixin.py:190} INFO - [2024-10-10T10:21:18.482+0000] {dag.py:3229} INFO - Sync 1 DAGs
[2024-10-10T10:21:18.500+0000] {logging_mixin.py:190} INFO - [2024-10-10T10:21:18.500+0000] {dag.py:4156} INFO - Setting next_dagrun for example_branch_dop_operator_v3 to 2024-10-10 10:20:00+00:00, run_after=2024-10-10 10:21:00+00:00
[2024-10-10T10:21:18.515+0000] {processor.py:208} INFO - Processing /home/airflow/.local/lib/python3.12/site-packages/airflow/example_dags/example_branch_python_dop_operator_3.py took 0.091 seconds
[2024-10-10T10:44:15.298+0000] {processor.py:186} INFO - Started process (PID=40111) to work on /home/airflow/.local/lib/python3.12/site-packages/airflow/example_dags/example_branch_python_dop_operator_3.py
[2024-10-10T10:44:15.302+0000] {processor.py:914} INFO - Processing file /home/airflow/.local/lib/python3.12/site-packages/airflow/example_dags/example_branch_python_dop_operator_3.py for tasks to queue
[2024-10-10T10:44:15.304+0000] {logging_mixin.py:190} INFO - [2024-10-10T10:44:15.304+0000] {dagbag.py:587} INFO - Filling up the DagBag from /home/airflow/.local/lib/python3.12/site-packages/airflow/example_dags/example_branch_python_dop_operator_3.py
[2024-10-10T10:44:15.311+0000] {processor.py:925} INFO - DAG(s) 'example_branch_dop_operator_v3' retrieved from /home/airflow/.local/lib/python3.12/site-packages/airflow/example_dags/example_branch_python_dop_operator_3.py
[2024-10-10T10:44:15.323+0000] {logging_mixin.py:190} INFO - [2024-10-10T10:44:15.323+0000] {dag.py:3229} INFO - Sync 1 DAGs
[2024-10-10T10:44:15.335+0000] {logging_mixin.py:190} INFO - [2024-10-10T10:44:15.335+0000] {dag.py:4156} INFO - Setting next_dagrun for example_branch_dop_operator_v3 to 2024-10-10 10:43:00+00:00, run_after=2024-10-10 10:44:00+00:00
[2024-10-10T10:44:15.348+0000] {processor.py:208} INFO - Processing /home/airflow/.local/lib/python3.12/site-packages/airflow/example_dags/example_branch_python_dop_operator_3.py took 0.054 seconds
[2024-10-10T11:15:57.765+0000] {processor.py:186} INFO - Started process (PID=40182) to work on /home/airflow/.local/lib/python3.12/site-packages/airflow/example_dags/example_branch_python_dop_operator_3.py
[2024-10-10T11:15:57.767+0000] {processor.py:914} INFO - Processing file /home/airflow/.local/lib/python3.12/site-packages/airflow/example_dags/example_branch_python_dop_operator_3.py for tasks to queue
[2024-10-10T11:15:57.768+0000] {logging_mixin.py:190} INFO - [2024-10-10T11:15:57.768+0000] {dagbag.py:587} INFO - Filling up the DagBag from /home/airflow/.local/lib/python3.12/site-packages/airflow/example_dags/example_branch_python_dop_operator_3.py
[2024-10-10T11:15:57.778+0000] {processor.py:925} INFO - DAG(s) 'example_branch_dop_operator_v3' retrieved from /home/airflow/.local/lib/python3.12/site-packages/airflow/example_dags/example_branch_python_dop_operator_3.py
[2024-10-10T11:15:57.791+0000] {logging_mixin.py:190} INFO - [2024-10-10T11:15:57.791+0000] {dag.py:3229} INFO - Sync 1 DAGs
[2024-10-10T11:15:57.805+0000] {logging_mixin.py:190} INFO - [2024-10-10T11:15:57.805+0000] {dag.py:4156} INFO - Setting next_dagrun for example_branch_dop_operator_v3 to 2024-10-10 11:14:00+00:00, run_after=2024-10-10 11:15:00+00:00
[2024-10-10T11:15:57.815+0000] {processor.py:208} INFO - Processing /home/airflow/.local/lib/python3.12/site-packages/airflow/example_dags/example_branch_python_dop_operator_3.py took 0.057 seconds
[2024-10-10T11:16:28.454+0000] {processor.py:186} INFO - Started process (PID=40253) to work on /home/airflow/.local/lib/python3.12/site-packages/airflow/example_dags/example_branch_python_dop_operator_3.py
[2024-10-10T11:16:28.456+0000] {processor.py:914} INFO - Processing file /home/airflow/.local/lib/python3.12/site-packages/airflow/example_dags/example_branch_python_dop_operator_3.py for tasks to queue
[2024-10-10T11:16:28.457+0000] {logging_mixin.py:190} INFO - [2024-10-10T11:16:28.457+0000] {dagbag.py:587} INFO - Filling up the DagBag from /home/airflow/.local/lib/python3.12/site-packages/airflow/example_dags/example_branch_python_dop_operator_3.py
[2024-10-10T11:16:28.465+0000] {processor.py:925} INFO - DAG(s) 'example_branch_dop_operator_v3' retrieved from /home/airflow/.local/lib/python3.12/site-packages/airflow/example_dags/example_branch_python_dop_operator_3.py
[2024-10-10T11:16:28.477+0000] {logging_mixin.py:190} INFO - [2024-10-10T11:16:28.477+0000] {dag.py:3229} INFO - Sync 1 DAGs
[2024-10-10T11:16:28.489+0000] {logging_mixin.py:190} INFO - [2024-10-10T11:16:28.489+0000] {dag.py:4156} INFO - Setting next_dagrun for example_branch_dop_operator_v3 to 2024-10-10 11:15:00+00:00, run_after=2024-10-10 11:16:00+00:00
[2024-10-10T11:16:28.499+0000] {processor.py:208} INFO - Processing /home/airflow/.local/lib/python3.12/site-packages/airflow/example_dags/example_branch_python_dop_operator_3.py took 0.050 seconds
[2024-10-10T12:21:22.202+0000] {processor.py:186} INFO - Started process (PID=40324) to work on /home/airflow/.local/lib/python3.12/site-packages/airflow/example_dags/example_branch_python_dop_operator_3.py
[2024-10-10T12:21:22.204+0000] {processor.py:914} INFO - Processing file /home/airflow/.local/lib/python3.12/site-packages/airflow/example_dags/example_branch_python_dop_operator_3.py for tasks to queue
[2024-10-10T12:21:22.205+0000] {logging_mixin.py:190} INFO - [2024-10-10T12:21:22.205+0000] {dagbag.py:587} INFO - Filling up the DagBag from /home/airflow/.local/lib/python3.12/site-packages/airflow/example_dags/example_branch_python_dop_operator_3.py
[2024-10-10T12:21:22.214+0000] {processor.py:925} INFO - DAG(s) 'example_branch_dop_operator_v3' retrieved from /home/airflow/.local/lib/python3.12/site-packages/airflow/example_dags/example_branch_python_dop_operator_3.py
[2024-10-10T12:21:22.226+0000] {logging_mixin.py:190} INFO - [2024-10-10T12:21:22.226+0000] {dag.py:3229} INFO - Sync 1 DAGs
[2024-10-10T12:21:22.242+0000] {logging_mixin.py:190} INFO - [2024-10-10T12:21:22.242+0000] {dag.py:4156} INFO - Setting next_dagrun for example_branch_dop_operator_v3 to 2024-10-10 12:20:00+00:00, run_after=2024-10-10 12:21:00+00:00
[2024-10-10T12:21:22.263+0000] {processor.py:208} INFO - Processing /home/airflow/.local/lib/python3.12/site-packages/airflow/example_dags/example_branch_python_dop_operator_3.py took 0.073 seconds
[2024-10-10T12:50:52.162+0000] {processor.py:186} INFO - Started process (PID=40394) to work on /home/airflow/.local/lib/python3.12/site-packages/airflow/example_dags/example_branch_python_dop_operator_3.py
[2024-10-10T12:50:52.163+0000] {processor.py:914} INFO - Processing file /home/airflow/.local/lib/python3.12/site-packages/airflow/example_dags/example_branch_python_dop_operator_3.py for tasks to queue
[2024-10-10T12:50:52.163+0000] {logging_mixin.py:190} INFO - [2024-10-10T12:50:52.163+0000] {dagbag.py:587} INFO - Filling up the DagBag from /home/airflow/.local/lib/python3.12/site-packages/airflow/example_dags/example_branch_python_dop_operator_3.py
[2024-10-10T12:50:52.168+0000] {processor.py:925} INFO - DAG(s) 'example_branch_dop_operator_v3' retrieved from /home/airflow/.local/lib/python3.12/site-packages/airflow/example_dags/example_branch_python_dop_operator_3.py
[2024-10-10T12:50:52.179+0000] {logging_mixin.py:190} INFO - [2024-10-10T12:50:52.179+0000] {dag.py:3229} INFO - Sync 1 DAGs
[2024-10-10T12:50:52.191+0000] {logging_mixin.py:190} INFO - [2024-10-10T12:50:52.191+0000] {dag.py:4156} INFO - Setting next_dagrun for example_branch_dop_operator_v3 to 2024-10-10 12:49:00+00:00, run_after=2024-10-10 12:50:00+00:00
[2024-10-10T12:50:52.202+0000] {processor.py:208} INFO - Processing /home/airflow/.local/lib/python3.12/site-packages/airflow/example_dags/example_branch_python_dop_operator_3.py took 0.043 seconds
[2024-10-10T13:08:18.844+0000] {processor.py:186} INFO - Started process (PID=40465) to work on /home/airflow/.local/lib/python3.12/site-packages/airflow/example_dags/example_branch_python_dop_operator_3.py
[2024-10-10T13:08:18.845+0000] {processor.py:914} INFO - Processing file /home/airflow/.local/lib/python3.12/site-packages/airflow/example_dags/example_branch_python_dop_operator_3.py for tasks to queue
[2024-10-10T13:08:18.846+0000] {logging_mixin.py:190} INFO - [2024-10-10T13:08:18.846+0000] {dagbag.py:587} INFO - Filling up the DagBag from /home/airflow/.local/lib/python3.12/site-packages/airflow/example_dags/example_branch_python_dop_operator_3.py
[2024-10-10T13:08:18.852+0000] {processor.py:925} INFO - DAG(s) 'example_branch_dop_operator_v3' retrieved from /home/airflow/.local/lib/python3.12/site-packages/airflow/example_dags/example_branch_python_dop_operator_3.py
[2024-10-10T13:08:18.876+0000] {logging_mixin.py:190} INFO - [2024-10-10T13:08:18.876+0000] {dag.py:3229} INFO - Sync 1 DAGs
[2024-10-10T13:08:18.895+0000] {logging_mixin.py:190} INFO - [2024-10-10T13:08:18.895+0000] {dag.py:4156} INFO - Setting next_dagrun for example_branch_dop_operator_v3 to 2024-10-10 13:07:00+00:00, run_after=2024-10-10 13:08:00+00:00
[2024-10-10T13:08:18.904+0000] {processor.py:208} INFO - Processing /home/airflow/.local/lib/python3.12/site-packages/airflow/example_dags/example_branch_python_dop_operator_3.py took 0.063 seconds
[2024-10-10T13:51:03.178+0000] {processor.py:186} INFO - Started process (PID=40536) to work on /home/airflow/.local/lib/python3.12/site-packages/airflow/example_dags/example_branch_python_dop_operator_3.py
[2024-10-10T13:51:03.179+0000] {processor.py:914} INFO - Processing file /home/airflow/.local/lib/python3.12/site-packages/airflow/example_dags/example_branch_python_dop_operator_3.py for tasks to queue
[2024-10-10T13:51:03.180+0000] {logging_mixin.py:190} INFO - [2024-10-10T13:51:03.180+0000] {dagbag.py:587} INFO - Filling up the DagBag from /home/airflow/.local/lib/python3.12/site-packages/airflow/example_dags/example_branch_python_dop_operator_3.py
[2024-10-10T13:51:03.185+0000] {processor.py:925} INFO - DAG(s) 'example_branch_dop_operator_v3' retrieved from /home/airflow/.local/lib/python3.12/site-packages/airflow/example_dags/example_branch_python_dop_operator_3.py
[2024-10-10T13:51:03.199+0000] {logging_mixin.py:190} INFO - [2024-10-10T13:51:03.199+0000] {dag.py:3229} INFO - Sync 1 DAGs
[2024-10-10T13:51:03.224+0000] {logging_mixin.py:190} INFO - [2024-10-10T13:51:03.224+0000] {dag.py:4156} INFO - Setting next_dagrun for example_branch_dop_operator_v3 to 2024-10-10 13:50:00+00:00, run_after=2024-10-10 13:51:00+00:00
[2024-10-10T13:51:03.237+0000] {processor.py:208} INFO - Processing /home/airflow/.local/lib/python3.12/site-packages/airflow/example_dags/example_branch_python_dop_operator_3.py took 0.062 seconds
[2024-10-10T14:18:17.160+0000] {processor.py:186} INFO - Started process (PID=40607) to work on /home/airflow/.local/lib/python3.12/site-packages/airflow/example_dags/example_branch_python_dop_operator_3.py
[2024-10-10T14:18:17.166+0000] {processor.py:914} INFO - Processing file /home/airflow/.local/lib/python3.12/site-packages/airflow/example_dags/example_branch_python_dop_operator_3.py for tasks to queue
[2024-10-10T14:18:17.170+0000] {logging_mixin.py:190} INFO - [2024-10-10T14:18:17.169+0000] {dagbag.py:587} INFO - Filling up the DagBag from /home/airflow/.local/lib/python3.12/site-packages/airflow/example_dags/example_branch_python_dop_operator_3.py
[2024-10-10T14:18:17.185+0000] {processor.py:925} INFO - DAG(s) 'example_branch_dop_operator_v3' retrieved from /home/airflow/.local/lib/python3.12/site-packages/airflow/example_dags/example_branch_python_dop_operator_3.py
[2024-10-10T14:18:17.198+0000] {logging_mixin.py:190} INFO - [2024-10-10T14:18:17.198+0000] {dag.py:3229} INFO - Sync 1 DAGs
[2024-10-10T14:18:17.213+0000] {logging_mixin.py:190} INFO - [2024-10-10T14:18:17.213+0000] {dag.py:4156} INFO - Setting next_dagrun for example_branch_dop_operator_v3 to 2024-10-10 14:17:00+00:00, run_after=2024-10-10 14:18:00+00:00
[2024-10-10T14:18:17.222+0000] {processor.py:208} INFO - Processing /home/airflow/.local/lib/python3.12/site-packages/airflow/example_dags/example_branch_python_dop_operator_3.py took 0.066 seconds
[2024-10-10T14:50:16.590+0000] {processor.py:186} INFO - Started process (PID=40678) to work on /home/airflow/.local/lib/python3.12/site-packages/airflow/example_dags/example_branch_python_dop_operator_3.py
[2024-10-10T14:50:16.592+0000] {processor.py:914} INFO - Processing file /home/airflow/.local/lib/python3.12/site-packages/airflow/example_dags/example_branch_python_dop_operator_3.py for tasks to queue
[2024-10-10T14:50:16.593+0000] {logging_mixin.py:190} INFO - [2024-10-10T14:50:16.592+0000] {dagbag.py:587} INFO - Filling up the DagBag from /home/airflow/.local/lib/python3.12/site-packages/airflow/example_dags/example_branch_python_dop_operator_3.py
[2024-10-10T14:50:16.601+0000] {processor.py:925} INFO - DAG(s) 'example_branch_dop_operator_v3' retrieved from /home/airflow/.local/lib/python3.12/site-packages/airflow/example_dags/example_branch_python_dop_operator_3.py
[2024-10-10T14:50:16.612+0000] {logging_mixin.py:190} INFO - [2024-10-10T14:50:16.612+0000] {dag.py:3229} INFO - Sync 1 DAGs
[2024-10-10T14:50:16.624+0000] {logging_mixin.py:190} INFO - [2024-10-10T14:50:16.624+0000] {dag.py:4156} INFO - Setting next_dagrun for example_branch_dop_operator_v3 to 2024-10-10 14:49:00+00:00, run_after=2024-10-10 14:50:00+00:00
[2024-10-10T14:50:16.634+0000] {processor.py:208} INFO - Processing /home/airflow/.local/lib/python3.12/site-packages/airflow/example_dags/example_branch_python_dop_operator_3.py took 0.047 seconds
[2024-10-10T15:19:01.901+0000] {processor.py:186} INFO - Started process (PID=40749) to work on /home/airflow/.local/lib/python3.12/site-packages/airflow/example_dags/example_branch_python_dop_operator_3.py
[2024-10-10T15:19:01.902+0000] {processor.py:914} INFO - Processing file /home/airflow/.local/lib/python3.12/site-packages/airflow/example_dags/example_branch_python_dop_operator_3.py for tasks to queue
[2024-10-10T15:19:01.903+0000] {logging_mixin.py:190} INFO - [2024-10-10T15:19:01.903+0000] {dagbag.py:587} INFO - Filling up the DagBag from /home/airflow/.local/lib/python3.12/site-packages/airflow/example_dags/example_branch_python_dop_operator_3.py
[2024-10-10T15:19:01.909+0000] {processor.py:925} INFO - DAG(s) 'example_branch_dop_operator_v3' retrieved from /home/airflow/.local/lib/python3.12/site-packages/airflow/example_dags/example_branch_python_dop_operator_3.py
[2024-10-10T15:19:01.920+0000] {logging_mixin.py:190} INFO - [2024-10-10T15:19:01.920+0000] {dag.py:3229} INFO - Sync 1 DAGs
[2024-10-10T15:19:01.935+0000] {logging_mixin.py:190} INFO - [2024-10-10T15:19:01.935+0000] {dag.py:4156} INFO - Setting next_dagrun for example_branch_dop_operator_v3 to 2024-10-10 15:18:00+00:00, run_after=2024-10-10 15:19:00+00:00
[2024-10-10T15:19:01.947+0000] {processor.py:208} INFO - Processing /home/airflow/.local/lib/python3.12/site-packages/airflow/example_dags/example_branch_python_dop_operator_3.py took 0.049 seconds
[2024-10-10T15:50:09.033+0000] {processor.py:186} INFO - Started process (PID=40820) to work on /home/airflow/.local/lib/python3.12/site-packages/airflow/example_dags/example_branch_python_dop_operator_3.py
[2024-10-10T15:50:09.034+0000] {processor.py:914} INFO - Processing file /home/airflow/.local/lib/python3.12/site-packages/airflow/example_dags/example_branch_python_dop_operator_3.py for tasks to queue
[2024-10-10T15:50:09.035+0000] {logging_mixin.py:190} INFO - [2024-10-10T15:50:09.034+0000] {dagbag.py:587} INFO - Filling up the DagBag from /home/airflow/.local/lib/python3.12/site-packages/airflow/example_dags/example_branch_python_dop_operator_3.py
[2024-10-10T15:50:09.043+0000] {processor.py:925} INFO - DAG(s) 'example_branch_dop_operator_v3' retrieved from /home/airflow/.local/lib/python3.12/site-packages/airflow/example_dags/example_branch_python_dop_operator_3.py
[2024-10-10T15:50:09.068+0000] {logging_mixin.py:190} INFO - [2024-10-10T15:50:09.068+0000] {dag.py:3229} INFO - Sync 1 DAGs
[2024-10-10T15:50:09.089+0000] {logging_mixin.py:190} INFO - [2024-10-10T15:50:09.089+0000] {dag.py:4156} INFO - Setting next_dagrun for example_branch_dop_operator_v3 to 2024-10-10 15:49:00+00:00, run_after=2024-10-10 15:50:00+00:00
[2024-10-10T15:50:09.102+0000] {processor.py:208} INFO - Processing /home/airflow/.local/lib/python3.12/site-packages/airflow/example_dags/example_branch_python_dop_operator_3.py took 0.072 seconds
[2024-10-10T16:36:37.761+0000] {processor.py:186} INFO - Started process (PID=40891) to work on /home/airflow/.local/lib/python3.12/site-packages/airflow/example_dags/example_branch_python_dop_operator_3.py
[2024-10-10T16:36:37.768+0000] {processor.py:914} INFO - Processing file /home/airflow/.local/lib/python3.12/site-packages/airflow/example_dags/example_branch_python_dop_operator_3.py for tasks to queue
[2024-10-10T16:36:37.770+0000] {logging_mixin.py:190} INFO - [2024-10-10T16:36:37.769+0000] {dagbag.py:587} INFO - Filling up the DagBag from /home/airflow/.local/lib/python3.12/site-packages/airflow/example_dags/example_branch_python_dop_operator_3.py
[2024-10-10T16:36:37.780+0000] {processor.py:925} INFO - DAG(s) 'example_branch_dop_operator_v3' retrieved from /home/airflow/.local/lib/python3.12/site-packages/airflow/example_dags/example_branch_python_dop_operator_3.py
[2024-10-10T16:36:37.801+0000] {logging_mixin.py:190} INFO - [2024-10-10T16:36:37.801+0000] {dag.py:3229} INFO - Sync 1 DAGs
[2024-10-10T16:36:37.830+0000] {logging_mixin.py:190} INFO - [2024-10-10T16:36:37.830+0000] {dag.py:4156} INFO - Setting next_dagrun for example_branch_dop_operator_v3 to 2024-10-10 16:35:00+00:00, run_after=2024-10-10 16:36:00+00:00
[2024-10-10T16:36:37.848+0000] {processor.py:208} INFO - Processing /home/airflow/.local/lib/python3.12/site-packages/airflow/example_dags/example_branch_python_dop_operator_3.py took 0.092 seconds
[2024-10-10T16:45:46.092+0000] {processor.py:186} INFO - Started process (PID=40962) to work on /home/airflow/.local/lib/python3.12/site-packages/airflow/example_dags/example_branch_python_dop_operator_3.py
[2024-10-10T16:45:46.442+0000] {processor.py:914} INFO - Processing file /home/airflow/.local/lib/python3.12/site-packages/airflow/example_dags/example_branch_python_dop_operator_3.py for tasks to queue
[2024-10-10T16:45:46.452+0000] {logging_mixin.py:190} INFO - [2024-10-10T16:45:46.450+0000] {dagbag.py:587} INFO - Filling up the DagBag from /home/airflow/.local/lib/python3.12/site-packages/airflow/example_dags/example_branch_python_dop_operator_3.py
[2024-10-10T16:45:46.476+0000] {processor.py:925} INFO - DAG(s) 'example_branch_dop_operator_v3' retrieved from /home/airflow/.local/lib/python3.12/site-packages/airflow/example_dags/example_branch_python_dop_operator_3.py
[2024-10-10T16:45:46.512+0000] {logging_mixin.py:190} INFO - [2024-10-10T16:45:46.512+0000] {dag.py:3229} INFO - Sync 1 DAGs
[2024-10-10T16:45:46.545+0000] {logging_mixin.py:190} INFO - [2024-10-10T16:45:46.545+0000] {dag.py:4156} INFO - Setting next_dagrun for example_branch_dop_operator_v3 to 2024-10-10 16:44:00+00:00, run_after=2024-10-10 16:45:00+00:00
[2024-10-10T16:45:46.558+0000] {processor.py:208} INFO - Processing /home/airflow/.local/lib/python3.12/site-packages/airflow/example_dags/example_branch_python_dop_operator_3.py took 0.481 seconds
[2024-10-10T17:20:01.347+0000] {processor.py:186} INFO - Started process (PID=41032) to work on /home/airflow/.local/lib/python3.12/site-packages/airflow/example_dags/example_branch_python_dop_operator_3.py
[2024-10-10T17:20:01.348+0000] {processor.py:914} INFO - Processing file /home/airflow/.local/lib/python3.12/site-packages/airflow/example_dags/example_branch_python_dop_operator_3.py for tasks to queue
[2024-10-10T17:20:01.348+0000] {logging_mixin.py:190} INFO - [2024-10-10T17:20:01.348+0000] {dagbag.py:587} INFO - Filling up the DagBag from /home/airflow/.local/lib/python3.12/site-packages/airflow/example_dags/example_branch_python_dop_operator_3.py
[2024-10-10T17:20:01.354+0000] {processor.py:925} INFO - DAG(s) 'example_branch_dop_operator_v3' retrieved from /home/airflow/.local/lib/python3.12/site-packages/airflow/example_dags/example_branch_python_dop_operator_3.py
[2024-10-10T17:20:01.364+0000] {logging_mixin.py:190} INFO - [2024-10-10T17:20:01.364+0000] {dag.py:3229} INFO - Sync 1 DAGs
[2024-10-10T17:20:01.387+0000] {logging_mixin.py:190} INFO - [2024-10-10T17:20:01.387+0000] {dag.py:4156} INFO - Setting next_dagrun for example_branch_dop_operator_v3 to 2024-10-10 17:19:00+00:00, run_after=2024-10-10 17:20:00+00:00
[2024-10-10T17:20:01.399+0000] {processor.py:208} INFO - Processing /home/airflow/.local/lib/python3.12/site-packages/airflow/example_dags/example_branch_python_dop_operator_3.py took 0.056 seconds
[2024-10-10T18:21:01.181+0000] {processor.py:186} INFO - Started process (PID=41103) to work on /home/airflow/.local/lib/python3.12/site-packages/airflow/example_dags/example_branch_python_dop_operator_3.py
[2024-10-10T18:21:01.184+0000] {processor.py:914} INFO - Processing file /home/airflow/.local/lib/python3.12/site-packages/airflow/example_dags/example_branch_python_dop_operator_3.py for tasks to queue
[2024-10-10T18:21:01.187+0000] {logging_mixin.py:190} INFO - [2024-10-10T18:21:01.186+0000] {dagbag.py:587} INFO - Filling up the DagBag from /home/airflow/.local/lib/python3.12/site-packages/airflow/example_dags/example_branch_python_dop_operator_3.py
[2024-10-10T18:21:01.198+0000] {processor.py:925} INFO - DAG(s) 'example_branch_dop_operator_v3' retrieved from /home/airflow/.local/lib/python3.12/site-packages/airflow/example_dags/example_branch_python_dop_operator_3.py
[2024-10-10T18:21:01.215+0000] {logging_mixin.py:190} INFO - [2024-10-10T18:21:01.215+0000] {dag.py:3229} INFO - Sync 1 DAGs
[2024-10-10T18:21:01.232+0000] {logging_mixin.py:190} INFO - [2024-10-10T18:21:01.232+0000] {dag.py:4156} INFO - Setting next_dagrun for example_branch_dop_operator_v3 to 2024-10-10 18:20:00+00:00, run_after=2024-10-10 18:21:00+00:00
[2024-10-10T18:21:01.239+0000] {processor.py:208} INFO - Processing /home/airflow/.local/lib/python3.12/site-packages/airflow/example_dags/example_branch_python_dop_operator_3.py took 0.064 seconds
[2024-10-10T18:38:26.565+0000] {processor.py:186} INFO - Started process (PID=41174) to work on /home/airflow/.local/lib/python3.12/site-packages/airflow/example_dags/example_branch_python_dop_operator_3.py
[2024-10-10T18:38:26.567+0000] {processor.py:914} INFO - Processing file /home/airflow/.local/lib/python3.12/site-packages/airflow/example_dags/example_branch_python_dop_operator_3.py for tasks to queue
[2024-10-10T18:38:26.568+0000] {logging_mixin.py:190} INFO - [2024-10-10T18:38:26.568+0000] {dagbag.py:587} INFO - Filling up the DagBag from /home/airflow/.local/lib/python3.12/site-packages/airflow/example_dags/example_branch_python_dop_operator_3.py
[2024-10-10T18:38:26.573+0000] {processor.py:925} INFO - DAG(s) 'example_branch_dop_operator_v3' retrieved from /home/airflow/.local/lib/python3.12/site-packages/airflow/example_dags/example_branch_python_dop_operator_3.py
[2024-10-10T18:38:26.594+0000] {logging_mixin.py:190} INFO - [2024-10-10T18:38:26.594+0000] {dag.py:3229} INFO - Sync 1 DAGs
[2024-10-10T18:38:26.608+0000] {logging_mixin.py:190} INFO - [2024-10-10T18:38:26.608+0000] {dag.py:4156} INFO - Setting next_dagrun for example_branch_dop_operator_v3 to 2024-10-10 18:37:00+00:00, run_after=2024-10-10 18:38:00+00:00
[2024-10-10T18:38:26.625+0000] {processor.py:208} INFO - Processing /home/airflow/.local/lib/python3.12/site-packages/airflow/example_dags/example_branch_python_dop_operator_3.py took 0.063 seconds
[2024-10-10T19:39:11.443+0000] {processor.py:186} INFO - Started process (PID=41245) to work on /home/airflow/.local/lib/python3.12/site-packages/airflow/example_dags/example_branch_python_dop_operator_3.py
[2024-10-10T19:39:11.449+0000] {processor.py:914} INFO - Processing file /home/airflow/.local/lib/python3.12/site-packages/airflow/example_dags/example_branch_python_dop_operator_3.py for tasks to queue
[2024-10-10T19:39:11.450+0000] {logging_mixin.py:190} INFO - [2024-10-10T19:39:11.450+0000] {dagbag.py:587} INFO - Filling up the DagBag from /home/airflow/.local/lib/python3.12/site-packages/airflow/example_dags/example_branch_python_dop_operator_3.py
[2024-10-10T19:39:11.465+0000] {processor.py:925} INFO - DAG(s) 'example_branch_dop_operator_v3' retrieved from /home/airflow/.local/lib/python3.12/site-packages/airflow/example_dags/example_branch_python_dop_operator_3.py
[2024-10-10T19:39:11.480+0000] {logging_mixin.py:190} INFO - [2024-10-10T19:39:11.480+0000] {dag.py:3229} INFO - Sync 1 DAGs
[2024-10-10T19:39:11.498+0000] {logging_mixin.py:190} INFO - [2024-10-10T19:39:11.498+0000] {dag.py:4156} INFO - Setting next_dagrun for example_branch_dop_operator_v3 to 2024-10-10 19:38:00+00:00, run_after=2024-10-10 19:39:00+00:00
[2024-10-10T19:39:11.507+0000] {processor.py:208} INFO - Processing /home/airflow/.local/lib/python3.12/site-packages/airflow/example_dags/example_branch_python_dop_operator_3.py took 0.069 seconds
[2024-10-10T20:23:15.028+0000] {processor.py:186} INFO - Started process (PID=41316) to work on /home/airflow/.local/lib/python3.12/site-packages/airflow/example_dags/example_branch_python_dop_operator_3.py
[2024-10-10T20:23:15.029+0000] {processor.py:914} INFO - Processing file /home/airflow/.local/lib/python3.12/site-packages/airflow/example_dags/example_branch_python_dop_operator_3.py for tasks to queue
[2024-10-10T20:23:15.030+0000] {logging_mixin.py:190} INFO - [2024-10-10T20:23:15.030+0000] {dagbag.py:587} INFO - Filling up the DagBag from /home/airflow/.local/lib/python3.12/site-packages/airflow/example_dags/example_branch_python_dop_operator_3.py
[2024-10-10T20:23:15.037+0000] {processor.py:925} INFO - DAG(s) 'example_branch_dop_operator_v3' retrieved from /home/airflow/.local/lib/python3.12/site-packages/airflow/example_dags/example_branch_python_dop_operator_3.py
[2024-10-10T20:23:15.050+0000] {logging_mixin.py:190} INFO - [2024-10-10T20:23:15.050+0000] {dag.py:3229} INFO - Sync 1 DAGs
[2024-10-10T20:23:15.068+0000] {logging_mixin.py:190} INFO - [2024-10-10T20:23:15.067+0000] {dag.py:4156} INFO - Setting next_dagrun for example_branch_dop_operator_v3 to 2024-10-10 20:22:00+00:00, run_after=2024-10-10 20:23:00+00:00
[2024-10-10T20:23:15.082+0000] {processor.py:208} INFO - Processing /home/airflow/.local/lib/python3.12/site-packages/airflow/example_dags/example_branch_python_dop_operator_3.py took 0.056 seconds
[2024-10-10T20:54:20.323+0000] {processor.py:186} INFO - Started process (PID=41387) to work on /home/airflow/.local/lib/python3.12/site-packages/airflow/example_dags/example_branch_python_dop_operator_3.py
[2024-10-10T20:54:20.325+0000] {processor.py:914} INFO - Processing file /home/airflow/.local/lib/python3.12/site-packages/airflow/example_dags/example_branch_python_dop_operator_3.py for tasks to queue
[2024-10-10T20:54:20.325+0000] {logging_mixin.py:190} INFO - [2024-10-10T20:54:20.325+0000] {dagbag.py:587} INFO - Filling up the DagBag from /home/airflow/.local/lib/python3.12/site-packages/airflow/example_dags/example_branch_python_dop_operator_3.py
[2024-10-10T20:54:20.337+0000] {processor.py:925} INFO - DAG(s) 'example_branch_dop_operator_v3' retrieved from /home/airflow/.local/lib/python3.12/site-packages/airflow/example_dags/example_branch_python_dop_operator_3.py
[2024-10-10T20:54:20.357+0000] {logging_mixin.py:190} INFO - [2024-10-10T20:54:20.357+0000] {dag.py:3229} INFO - Sync 1 DAGs
[2024-10-10T20:54:20.373+0000] {logging_mixin.py:190} INFO - [2024-10-10T20:54:20.373+0000] {dag.py:4156} INFO - Setting next_dagrun for example_branch_dop_operator_v3 to 2024-10-10 20:53:00+00:00, run_after=2024-10-10 20:54:00+00:00
[2024-10-10T20:54:20.384+0000] {processor.py:208} INFO - Processing /home/airflow/.local/lib/python3.12/site-packages/airflow/example_dags/example_branch_python_dop_operator_3.py took 0.064 seconds
[2024-10-10T21:24:08.091+0000] {processor.py:186} INFO - Started process (PID=41458) to work on /home/airflow/.local/lib/python3.12/site-packages/airflow/example_dags/example_branch_python_dop_operator_3.py
[2024-10-10T21:24:08.092+0000] {processor.py:914} INFO - Processing file /home/airflow/.local/lib/python3.12/site-packages/airflow/example_dags/example_branch_python_dop_operator_3.py for tasks to queue
[2024-10-10T21:24:08.093+0000] {logging_mixin.py:190} INFO - [2024-10-10T21:24:08.093+0000] {dagbag.py:587} INFO - Filling up the DagBag from /home/airflow/.local/lib/python3.12/site-packages/airflow/example_dags/example_branch_python_dop_operator_3.py
[2024-10-10T21:24:08.099+0000] {processor.py:925} INFO - DAG(s) 'example_branch_dop_operator_v3' retrieved from /home/airflow/.local/lib/python3.12/site-packages/airflow/example_dags/example_branch_python_dop_operator_3.py
[2024-10-10T21:24:08.113+0000] {logging_mixin.py:190} INFO - [2024-10-10T21:24:08.113+0000] {dag.py:3229} INFO - Sync 1 DAGs
[2024-10-10T21:24:08.126+0000] {logging_mixin.py:190} INFO - [2024-10-10T21:24:08.126+0000] {dag.py:4156} INFO - Setting next_dagrun for example_branch_dop_operator_v3 to 2024-10-10 21:23:00+00:00, run_after=2024-10-10 21:24:00+00:00
[2024-10-10T21:24:08.136+0000] {processor.py:208} INFO - Processing /home/airflow/.local/lib/python3.12/site-packages/airflow/example_dags/example_branch_python_dop_operator_3.py took 0.048 seconds
[2024-10-10T21:24:38.909+0000] {processor.py:186} INFO - Started process (PID=41529) to work on /home/airflow/.local/lib/python3.12/site-packages/airflow/example_dags/example_branch_python_dop_operator_3.py
[2024-10-10T21:24:38.910+0000] {processor.py:914} INFO - Processing file /home/airflow/.local/lib/python3.12/site-packages/airflow/example_dags/example_branch_python_dop_operator_3.py for tasks to queue
[2024-10-10T21:24:38.911+0000] {logging_mixin.py:190} INFO - [2024-10-10T21:24:38.911+0000] {dagbag.py:587} INFO - Filling up the DagBag from /home/airflow/.local/lib/python3.12/site-packages/airflow/example_dags/example_branch_python_dop_operator_3.py
[2024-10-10T21:24:38.916+0000] {processor.py:925} INFO - DAG(s) 'example_branch_dop_operator_v3' retrieved from /home/airflow/.local/lib/python3.12/site-packages/airflow/example_dags/example_branch_python_dop_operator_3.py
[2024-10-10T21:24:38.933+0000] {logging_mixin.py:190} INFO - [2024-10-10T21:24:38.933+0000] {dag.py:3229} INFO - Sync 1 DAGs
[2024-10-10T21:24:38.951+0000] {logging_mixin.py:190} INFO - [2024-10-10T21:24:38.951+0000] {dag.py:4156} INFO - Setting next_dagrun for example_branch_dop_operator_v3 to 2024-10-10 21:23:00+00:00, run_after=2024-10-10 21:24:00+00:00
[2024-10-10T21:24:38.963+0000] {processor.py:208} INFO - Processing /home/airflow/.local/lib/python3.12/site-packages/airflow/example_dags/example_branch_python_dop_operator_3.py took 0.057 seconds
[2024-10-10T21:43:35.189+0000] {processor.py:186} INFO - Started process (PID=41600) to work on /home/airflow/.local/lib/python3.12/site-packages/airflow/example_dags/example_branch_python_dop_operator_3.py
[2024-10-10T21:43:35.191+0000] {processor.py:914} INFO - Processing file /home/airflow/.local/lib/python3.12/site-packages/airflow/example_dags/example_branch_python_dop_operator_3.py for tasks to queue
[2024-10-10T21:43:35.192+0000] {logging_mixin.py:190} INFO - [2024-10-10T21:43:35.192+0000] {dagbag.py:587} INFO - Filling up the DagBag from /home/airflow/.local/lib/python3.12/site-packages/airflow/example_dags/example_branch_python_dop_operator_3.py
[2024-10-10T21:43:35.212+0000] {processor.py:925} INFO - DAG(s) 'example_branch_dop_operator_v3' retrieved from /home/airflow/.local/lib/python3.12/site-packages/airflow/example_dags/example_branch_python_dop_operator_3.py
[2024-10-10T21:43:35.254+0000] {logging_mixin.py:190} INFO - [2024-10-10T21:43:35.254+0000] {dag.py:3229} INFO - Sync 1 DAGs
[2024-10-10T21:43:35.306+0000] {logging_mixin.py:190} INFO - [2024-10-10T21:43:35.306+0000] {dag.py:4156} INFO - Setting next_dagrun for example_branch_dop_operator_v3 to 2024-10-10 21:42:00+00:00, run_after=2024-10-10 21:43:00+00:00
[2024-10-10T21:43:35.325+0000] {processor.py:208} INFO - Processing /home/airflow/.local/lib/python3.12/site-packages/airflow/example_dags/example_branch_python_dop_operator_3.py took 0.141 seconds
[2024-10-10T22:17:48.026+0000] {processor.py:186} INFO - Started process (PID=41671) to work on /home/airflow/.local/lib/python3.12/site-packages/airflow/example_dags/example_branch_python_dop_operator_3.py
[2024-10-10T22:17:48.027+0000] {processor.py:914} INFO - Processing file /home/airflow/.local/lib/python3.12/site-packages/airflow/example_dags/example_branch_python_dop_operator_3.py for tasks to queue
[2024-10-10T22:17:48.028+0000] {logging_mixin.py:190} INFO - [2024-10-10T22:17:48.028+0000] {dagbag.py:587} INFO - Filling up the DagBag from /home/airflow/.local/lib/python3.12/site-packages/airflow/example_dags/example_branch_python_dop_operator_3.py
[2024-10-10T22:17:48.035+0000] {processor.py:925} INFO - DAG(s) 'example_branch_dop_operator_v3' retrieved from /home/airflow/.local/lib/python3.12/site-packages/airflow/example_dags/example_branch_python_dop_operator_3.py
[2024-10-10T22:17:48.047+0000] {logging_mixin.py:190} INFO - [2024-10-10T22:17:48.047+0000] {dag.py:3229} INFO - Sync 1 DAGs
[2024-10-10T22:17:48.072+0000] {logging_mixin.py:190} INFO - [2024-10-10T22:17:48.072+0000] {dag.py:4156} INFO - Setting next_dagrun for example_branch_dop_operator_v3 to 2024-10-10 22:16:00+00:00, run_after=2024-10-10 22:17:00+00:00
[2024-10-10T22:17:48.081+0000] {processor.py:208} INFO - Processing /home/airflow/.local/lib/python3.12/site-packages/airflow/example_dags/example_branch_python_dop_operator_3.py took 0.060 seconds
[2024-10-10T22:46:08.583+0000] {processor.py:186} INFO - Started process (PID=41742) to work on /home/airflow/.local/lib/python3.12/site-packages/airflow/example_dags/example_branch_python_dop_operator_3.py
[2024-10-10T22:46:08.585+0000] {processor.py:914} INFO - Processing file /home/airflow/.local/lib/python3.12/site-packages/airflow/example_dags/example_branch_python_dop_operator_3.py for tasks to queue
[2024-10-10T22:46:08.585+0000] {logging_mixin.py:190} INFO - [2024-10-10T22:46:08.585+0000] {dagbag.py:587} INFO - Filling up the DagBag from /home/airflow/.local/lib/python3.12/site-packages/airflow/example_dags/example_branch_python_dop_operator_3.py
[2024-10-10T22:46:08.592+0000] {processor.py:925} INFO - DAG(s) 'example_branch_dop_operator_v3' retrieved from /home/airflow/.local/lib/python3.12/site-packages/airflow/example_dags/example_branch_python_dop_operator_3.py
[2024-10-10T22:46:08.603+0000] {logging_mixin.py:190} INFO - [2024-10-10T22:46:08.603+0000] {dag.py:3229} INFO - Sync 1 DAGs
[2024-10-10T22:46:08.618+0000] {logging_mixin.py:190} INFO - [2024-10-10T22:46:08.618+0000] {dag.py:4156} INFO - Setting next_dagrun for example_branch_dop_operator_v3 to 2024-10-10 22:45:00+00:00, run_after=2024-10-10 22:46:00+00:00
[2024-10-10T22:46:08.636+0000] {processor.py:208} INFO - Processing /home/airflow/.local/lib/python3.12/site-packages/airflow/example_dags/example_branch_python_dop_operator_3.py took 0.057 seconds
[2024-10-10T23:26:19.190+0000] {processor.py:186} INFO - Started process (PID=41813) to work on /home/airflow/.local/lib/python3.12/site-packages/airflow/example_dags/example_branch_python_dop_operator_3.py
[2024-10-10T23:26:19.191+0000] {processor.py:914} INFO - Processing file /home/airflow/.local/lib/python3.12/site-packages/airflow/example_dags/example_branch_python_dop_operator_3.py for tasks to queue
[2024-10-10T23:26:19.192+0000] {logging_mixin.py:190} INFO - [2024-10-10T23:26:19.192+0000] {dagbag.py:587} INFO - Filling up the DagBag from /home/airflow/.local/lib/python3.12/site-packages/airflow/example_dags/example_branch_python_dop_operator_3.py
[2024-10-10T23:26:19.199+0000] {processor.py:925} INFO - DAG(s) 'example_branch_dop_operator_v3' retrieved from /home/airflow/.local/lib/python3.12/site-packages/airflow/example_dags/example_branch_python_dop_operator_3.py
[2024-10-10T23:26:19.212+0000] {logging_mixin.py:190} INFO - [2024-10-10T23:26:19.212+0000] {dag.py:3229} INFO - Sync 1 DAGs
[2024-10-10T23:26:19.226+0000] {logging_mixin.py:190} INFO - [2024-10-10T23:26:19.226+0000] {dag.py:4156} INFO - Setting next_dagrun for example_branch_dop_operator_v3 to 2024-10-10 23:25:00+00:00, run_after=2024-10-10 23:26:00+00:00
[2024-10-10T23:26:19.243+0000] {processor.py:208} INFO - Processing /home/airflow/.local/lib/python3.12/site-packages/airflow/example_dags/example_branch_python_dop_operator_3.py took 0.060 seconds
