[2024-10-08T07:47:05.885+0000] {local_task_job_runner.py:123} INFO - ::group::Pre task execution logs
[2024-10-08T07:47:05.934+0000] {taskinstance.py:2612} INFO - Dependencies all met for dep_context=non-requeueable deps ti=<TaskInstance: spotify_etl_dag.read_data_from_s3 manual__2024-10-08T07:46:44.605253+00:00 [queued]>
[2024-10-08T07:47:05.972+0000] {taskinstance.py:2612} INFO - Dependencies all met for dep_context=requeueable deps ti=<TaskInstance: spotify_etl_dag.read_data_from_s3 manual__2024-10-08T07:46:44.605253+00:00 [queued]>
[2024-10-08T07:47:05.979+0000] {taskinstance.py:2865} INFO - Starting attempt 1 of 1
[2024-10-08T07:47:06.028+0000] {taskinstance.py:2888} INFO - Executing <Task(PythonOperator): read_data_from_s3> on 2024-10-08 07:46:44.605253+00:00
[2024-10-08T07:47:06.069+0000] {warnings.py:112} WARNING - /home/***/.local/lib/python3.12/site-packages/***/task/task_runner/standard_task_runner.py:70: DeprecationWarning: This process (pid=1212) is multi-threaded, use of fork() may lead to deadlocks in the child.
  pid = os.fork()

[2024-10-08T07:47:06.072+0000] {standard_task_runner.py:72} INFO - Started process 1214 to run task
[2024-10-08T07:47:06.081+0000] {standard_task_runner.py:104} INFO - Running: ['***', 'tasks', 'run', 'spotify_etl_dag', 'read_data_from_s3', 'manual__2024-10-08T07:46:44.605253+00:00', '--job-id', '370', '--raw', '--subdir', 'DAGS_FOLDER/spotify_***_pipeline.py', '--cfg-path', '/tmp/tmpp3mgf_bn']
[2024-10-08T07:47:06.083+0000] {standard_task_runner.py:105} INFO - Job 370: Subtask read_data_from_s3
[2024-10-08T07:47:06.333+0000] {task_command.py:467} INFO - Running <TaskInstance: spotify_etl_dag.read_data_from_s3 manual__2024-10-08T07:46:44.605253+00:00 [running]> on host 72c8cc140f42
[2024-10-08T07:47:06.771+0000] {taskinstance.py:3131} INFO - Exporting env vars: AIRFLOW_CTX_DAG_OWNER='Artika' AIRFLOW_CTX_DAG_ID='spotify_etl_dag' AIRFLOW_CTX_TASK_ID='read_data_from_s3' AIRFLOW_CTX_EXECUTION_DATE='2024-10-08T07:46:44.605253+00:00' AIRFLOW_CTX_TRY_NUMBER='1' AIRFLOW_CTX_DAG_RUN_ID='manual__2024-10-08T07:46:44.605253+00:00'
[2024-10-08T07:47:06.778+0000] {logging_mixin.py:190} INFO - Task instance is in running state
[2024-10-08T07:47:06.780+0000] {logging_mixin.py:190} INFO -  Previous state of the Task instance: queued
[2024-10-08T07:47:06.781+0000] {logging_mixin.py:190} INFO - Current task name:read_data_from_s3 state:running start_date:2024-10-08 07:47:05.940683+00:00
[2024-10-08T07:47:06.781+0000] {logging_mixin.py:190} INFO - Dag name:spotify_etl_dag and current dag run status:running
[2024-10-08T07:47:06.784+0000] {taskinstance.py:731} INFO - ::endgroup::
[2024-10-08T07:47:06.809+0000] {base.py:84} INFO - Retrieving connection 'aws_s3_bucket'
[2024-10-08T07:47:06.814+0000] {connection_wrapper.py:388} INFO - AWS Connection (conn_id='aws_s3_bucket', conn_type='aws') credentials retrieved from login and password.
[2024-10-08T07:47:11.287+0000] {python.py:240} INFO - Done. Returned value was: None
[2024-10-08T07:47:11.328+0000] {taskinstance.py:340} INFO - ::group::Post task execution logs
[2024-10-08T07:47:11.329+0000] {taskinstance.py:352} INFO - Marking task as SUCCESS. dag_id=spotify_etl_dag, task_id=read_data_from_s3, run_id=manual__2024-10-08T07:46:44.605253+00:00, execution_date=20241008T074644, start_date=20241008T074705, end_date=20241008T074711
[2024-10-08T07:47:11.347+0000] {logging_mixin.py:190} INFO - Task instance in success state
[2024-10-08T07:47:11.348+0000] {logging_mixin.py:190} INFO -  Previous state of the Task instance: running
[2024-10-08T07:47:11.349+0000] {logging_mixin.py:190} INFO - Dag name:spotify_etl_dag queued_at:2024-10-08 07:46:44.798923+00:00
[2024-10-08T07:47:11.351+0000] {logging_mixin.py:190} INFO - Task hostname:72c8cc140f42 operator:PythonOperator
[2024-10-08T07:47:11.390+0000] {local_task_job_runner.py:266} INFO - Task exited with return code 0
[2024-10-08T07:47:11.423+0000] {taskinstance.py:3900} INFO - 0 downstream tasks scheduled from follow-on schedule check
[2024-10-08T07:47:11.425+0000] {local_task_job_runner.py:245} INFO - ::endgroup::
