[2024-10-08T09:07:09.847+0000] {local_task_job_runner.py:123} INFO - ::group::Pre task execution logs
[2024-10-08T09:07:09.863+0000] {taskinstance.py:2612} INFO - Dependencies all met for dep_context=non-requeueable deps ti=<TaskInstance: spotify_etl_dag.process_songs manual__2024-10-08T09:06:50.168917+00:00 [queued]>
[2024-10-08T09:07:09.872+0000] {taskinstance.py:2612} INFO - Dependencies all met for dep_context=requeueable deps ti=<TaskInstance: spotify_etl_dag.process_songs manual__2024-10-08T09:06:50.168917+00:00 [queued]>
[2024-10-08T09:07:09.873+0000] {taskinstance.py:2865} INFO - Starting attempt 1 of 1
[2024-10-08T09:07:09.890+0000] {taskinstance.py:2888} INFO - Executing <Task(PythonOperator): process_songs> on 2024-10-08 09:06:50.168917+00:00
[2024-10-08T09:07:09.919+0000] {warnings.py:112} WARNING - /home/***/.local/lib/python3.12/site-packages/***/task/task_runner/standard_task_runner.py:70: DeprecationWarning: This process (pid=848) is multi-threaded, use of fork() may lead to deadlocks in the child.
  pid = os.fork()

[2024-10-08T09:07:09.922+0000] {standard_task_runner.py:72} INFO - Started process 863 to run task
[2024-10-08T09:07:09.935+0000] {standard_task_runner.py:104} INFO - Running: ['***', 'tasks', 'run', 'spotify_etl_dag', 'process_songs', 'manual__2024-10-08T09:06:50.168917+00:00', '--job-id', '440', '--raw', '--subdir', 'DAGS_FOLDER/spotify_***_pipeline.py', '--cfg-path', '/tmp/tmpr87763_6']
[2024-10-08T09:07:09.937+0000] {standard_task_runner.py:105} INFO - Job 440: Subtask process_songs
[2024-10-08T09:07:10.089+0000] {task_command.py:467} INFO - Running <TaskInstance: spotify_etl_dag.process_songs manual__2024-10-08T09:06:50.168917+00:00 [running]> on host da4c4a711107
[2024-10-08T09:07:10.303+0000] {taskinstance.py:3131} INFO - Exporting env vars: AIRFLOW_CTX_DAG_OWNER='Artika' AIRFLOW_CTX_DAG_ID='spotify_etl_dag' AIRFLOW_CTX_TASK_ID='process_songs' AIRFLOW_CTX_EXECUTION_DATE='2024-10-08T09:06:50.168917+00:00' AIRFLOW_CTX_TRY_NUMBER='1' AIRFLOW_CTX_DAG_RUN_ID='manual__2024-10-08T09:06:50.168917+00:00'
[2024-10-08T09:07:10.310+0000] {logging_mixin.py:190} INFO - Task instance is in running state
[2024-10-08T09:07:10.313+0000] {logging_mixin.py:190} INFO -  Previous state of the Task instance: queued
[2024-10-08T09:07:10.319+0000] {logging_mixin.py:190} INFO - Current task name:process_songs state:running start_date:2024-10-08 09:07:09.864230+00:00
[2024-10-08T09:07:10.326+0000] {logging_mixin.py:190} INFO - Dag name:spotify_etl_dag and current dag run status:running
[2024-10-08T09:07:10.330+0000] {taskinstance.py:731} INFO - ::endgroup::
[2024-10-08T09:07:12.270+0000] {python.py:240} INFO - Done. Returned value was: None
[2024-10-08T09:07:12.346+0000] {taskinstance.py:340} INFO - ::group::Post task execution logs
[2024-10-08T09:07:12.349+0000] {taskinstance.py:352} INFO - Marking task as SUCCESS. dag_id=spotify_etl_dag, task_id=process_songs, run_id=manual__2024-10-08T09:06:50.168917+00:00, execution_date=20241008T090650, start_date=20241008T090709, end_date=20241008T090712
[2024-10-08T09:07:12.371+0000] {logging_mixin.py:190} INFO - Task instance in success state
[2024-10-08T09:07:12.372+0000] {logging_mixin.py:190} INFO -  Previous state of the Task instance: running
[2024-10-08T09:07:12.373+0000] {logging_mixin.py:190} INFO - Dag name:spotify_etl_dag queued_at:2024-10-08 09:06:50.226801+00:00
[2024-10-08T09:07:12.373+0000] {logging_mixin.py:190} INFO - Task hostname:da4c4a711107 operator:PythonOperator
[2024-10-08T09:07:12.445+0000] {local_task_job_runner.py:266} INFO - Task exited with return code 0
[2024-10-08T09:07:12.561+0000] {taskinstance.py:3900} INFO - 0 downstream tasks scheduled from follow-on schedule check
[2024-10-08T09:07:12.566+0000] {local_task_job_runner.py:245} INFO - ::endgroup::
