[2024-10-08T09:02:05.800+0000] {local_task_job_runner.py:123} INFO - ::group::Pre task execution logs
[2024-10-08T09:02:05.946+0000] {taskinstance.py:2612} INFO - Dependencies all met for dep_context=non-requeueable deps ti=<TaskInstance: spotify_etl_dag.store_album_to_s3 manual__2024-10-08T09:01:12.239385+00:00 [queued]>
[2024-10-08T09:02:05.986+0000] {taskinstance.py:2612} INFO - Dependencies all met for dep_context=requeueable deps ti=<TaskInstance: spotify_etl_dag.store_album_to_s3 manual__2024-10-08T09:01:12.239385+00:00 [queued]>
[2024-10-08T09:02:05.988+0000] {taskinstance.py:2865} INFO - Starting attempt 1 of 1
[2024-10-08T09:02:06.101+0000] {taskinstance.py:2888} INFO - Executing <Task(S3CreateObjectOperator): store_album_to_s3> on 2024-10-08 09:01:12.239385+00:00
[2024-10-08T09:02:06.171+0000] {warnings.py:112} WARNING - /home/***/.local/lib/python3.12/site-packages/***/task/task_runner/standard_task_runner.py:70: DeprecationWarning: This process (pid=663) is multi-threaded, use of fork() may lead to deadlocks in the child.
  pid = os.fork()

[2024-10-08T09:02:06.179+0000] {standard_task_runner.py:72} INFO - Started process 669 to run task
[2024-10-08T09:02:06.198+0000] {standard_task_runner.py:104} INFO - Running: ['***', 'tasks', 'run', 'spotify_etl_dag', 'store_album_to_s3', 'manual__2024-10-08T09:01:12.239385+00:00', '--job-id', '413', '--raw', '--subdir', 'DAGS_FOLDER/spotify_***_pipeline.py', '--cfg-path', '/tmp/tmp5psqpsqc']
[2024-10-08T09:02:06.211+0000] {standard_task_runner.py:105} INFO - Job 413: Subtask store_album_to_s3
[2024-10-08T09:02:07.018+0000] {task_command.py:467} INFO - Running <TaskInstance: spotify_etl_dag.store_album_to_s3 manual__2024-10-08T09:01:12.239385+00:00 [running]> on host da4c4a711107
[2024-10-08T09:02:08.079+0000] {taskinstance.py:3131} INFO - Exporting env vars: AIRFLOW_CTX_DAG_OWNER='Artika' AIRFLOW_CTX_DAG_ID='spotify_etl_dag' AIRFLOW_CTX_TASK_ID='store_album_to_s3' AIRFLOW_CTX_EXECUTION_DATE='2024-10-08T09:01:12.239385+00:00' AIRFLOW_CTX_TRY_NUMBER='1' AIRFLOW_CTX_DAG_RUN_ID='manual__2024-10-08T09:01:12.239385+00:00'
[2024-10-08T09:02:08.091+0000] {logging_mixin.py:190} INFO - Task instance is in running state
[2024-10-08T09:02:08.097+0000] {logging_mixin.py:190} INFO -  Previous state of the Task instance: queued
[2024-10-08T09:02:08.098+0000] {logging_mixin.py:190} INFO - Current task name:store_album_to_s3 state:running start_date:2024-10-08 09:02:05.949645+00:00
[2024-10-08T09:02:08.104+0000] {logging_mixin.py:190} INFO - Dag name:spotify_etl_dag and current dag run status:running
[2024-10-08T09:02:08.105+0000] {taskinstance.py:731} INFO - ::endgroup::
[2024-10-08T09:02:08.167+0000] {base.py:84} INFO - Retrieving connection 'aws_s3_bucket'
[2024-10-08T09:02:08.169+0000] {connection_wrapper.py:388} INFO - AWS Connection (conn_id='aws_s3_bucket', conn_type='aws') credentials retrieved from login and password.
[2024-10-08T09:02:11.811+0000] {taskinstance.py:340} INFO - ::group::Post task execution logs
[2024-10-08T09:02:11.838+0000] {taskinstance.py:352} INFO - Marking task as SUCCESS. dag_id=spotify_etl_dag, task_id=store_album_to_s3, run_id=manual__2024-10-08T09:01:12.239385+00:00, execution_date=20241008T090112, start_date=20241008T090205, end_date=20241008T090211
[2024-10-08T09:02:11.945+0000] {logging_mixin.py:190} INFO - Task instance in success state
[2024-10-08T09:02:11.947+0000] {logging_mixin.py:190} INFO -  Previous state of the Task instance: running
[2024-10-08T09:02:11.948+0000] {logging_mixin.py:190} INFO - Dag name:spotify_etl_dag queued_at:2024-10-08 09:01:12.312779+00:00
[2024-10-08T09:02:11.949+0000] {logging_mixin.py:190} INFO - Task hostname:da4c4a711107 operator:S3CreateObjectOperator
[2024-10-08T09:02:12.037+0000] {local_task_job_runner.py:266} INFO - Task exited with return code 0
[2024-10-08T09:02:12.142+0000] {local_task_job_runner.py:245} INFO - ::endgroup::
