[2024-10-06T00:50:47.315+0000] {processor.py:186} INFO - Started process (PID=24095) to work on /home/airflow/.local/lib/python3.12/site-packages/airflow/example_dags/example_trigger_controller_dag.py
[2024-10-06T00:50:47.316+0000] {processor.py:914} INFO - Processing file /home/airflow/.local/lib/python3.12/site-packages/airflow/example_dags/example_trigger_controller_dag.py for tasks to queue
[2024-10-06T00:50:47.319+0000] {logging_mixin.py:190} INFO - [2024-10-06T00:50:47.319+0000] {dagbag.py:587} INFO - Filling up the DagBag from /home/airflow/.local/lib/python3.12/site-packages/airflow/example_dags/example_trigger_controller_dag.py
[2024-10-06T00:50:47.337+0000] {processor.py:925} INFO - DAG(s) 'example_trigger_controller_dag' retrieved from /home/airflow/.local/lib/python3.12/site-packages/airflow/example_dags/example_trigger_controller_dag.py
[2024-10-06T00:50:47.360+0000] {logging_mixin.py:190} INFO - [2024-10-06T00:50:47.360+0000] {dag.py:3229} INFO - Sync 1 DAGs
[2024-10-06T00:50:47.372+0000] {logging_mixin.py:190} INFO - [2024-10-06T00:50:47.372+0000] {dag.py:4156} INFO - Setting next_dagrun for example_trigger_controller_dag to 2021-01-01 00:00:00+00:00, run_after=2021-01-01 00:00:00+00:00
[2024-10-06T00:50:47.381+0000] {processor.py:208} INFO - Processing /home/airflow/.local/lib/python3.12/site-packages/airflow/example_dags/example_trigger_controller_dag.py took 0.069 seconds
[2024-10-06T00:51:18.021+0000] {processor.py:186} INFO - Started process (PID=24164) to work on /home/airflow/.local/lib/python3.12/site-packages/airflow/example_dags/example_trigger_controller_dag.py
[2024-10-06T00:51:18.022+0000] {processor.py:914} INFO - Processing file /home/airflow/.local/lib/python3.12/site-packages/airflow/example_dags/example_trigger_controller_dag.py for tasks to queue
[2024-10-06T00:51:18.022+0000] {logging_mixin.py:190} INFO - [2024-10-06T00:51:18.022+0000] {dagbag.py:587} INFO - Filling up the DagBag from /home/airflow/.local/lib/python3.12/site-packages/airflow/example_dags/example_trigger_controller_dag.py
[2024-10-06T00:51:18.026+0000] {processor.py:925} INFO - DAG(s) 'example_trigger_controller_dag' retrieved from /home/airflow/.local/lib/python3.12/site-packages/airflow/example_dags/example_trigger_controller_dag.py
[2024-10-06T00:51:18.034+0000] {logging_mixin.py:190} INFO - [2024-10-06T00:51:18.034+0000] {dag.py:3229} INFO - Sync 1 DAGs
[2024-10-06T00:51:18.043+0000] {logging_mixin.py:190} INFO - [2024-10-06T00:51:18.043+0000] {dag.py:4156} INFO - Setting next_dagrun for example_trigger_controller_dag to 2021-01-01 00:00:00+00:00, run_after=2021-01-01 00:00:00+00:00
[2024-10-06T00:51:18.050+0000] {processor.py:208} INFO - Processing /home/airflow/.local/lib/python3.12/site-packages/airflow/example_dags/example_trigger_controller_dag.py took 0.031 seconds
[2024-10-06T01:51:42.083+0000] {processor.py:186} INFO - Started process (PID=24234) to work on /home/airflow/.local/lib/python3.12/site-packages/airflow/example_dags/example_trigger_controller_dag.py
[2024-10-06T01:51:42.085+0000] {processor.py:914} INFO - Processing file /home/airflow/.local/lib/python3.12/site-packages/airflow/example_dags/example_trigger_controller_dag.py for tasks to queue
[2024-10-06T01:51:42.086+0000] {logging_mixin.py:190} INFO - [2024-10-06T01:51:42.086+0000] {dagbag.py:587} INFO - Filling up the DagBag from /home/airflow/.local/lib/python3.12/site-packages/airflow/example_dags/example_trigger_controller_dag.py
[2024-10-06T01:51:42.092+0000] {processor.py:925} INFO - DAG(s) 'example_trigger_controller_dag' retrieved from /home/airflow/.local/lib/python3.12/site-packages/airflow/example_dags/example_trigger_controller_dag.py
[2024-10-06T01:51:42.104+0000] {logging_mixin.py:190} INFO - [2024-10-06T01:51:42.104+0000] {dag.py:3229} INFO - Sync 1 DAGs
[2024-10-06T01:51:42.114+0000] {logging_mixin.py:190} INFO - [2024-10-06T01:51:42.114+0000] {dag.py:4156} INFO - Setting next_dagrun for example_trigger_controller_dag to 2021-01-01 00:00:00+00:00, run_after=2021-01-01 00:00:00+00:00
[2024-10-06T01:51:42.121+0000] {processor.py:208} INFO - Processing /home/airflow/.local/lib/python3.12/site-packages/airflow/example_dags/example_trigger_controller_dag.py took 0.041 seconds
[2024-10-06T02:42:32.176+0000] {processor.py:186} INFO - Started process (PID=24303) to work on /home/airflow/.local/lib/python3.12/site-packages/airflow/example_dags/example_trigger_controller_dag.py
[2024-10-06T02:42:32.177+0000] {processor.py:914} INFO - Processing file /home/airflow/.local/lib/python3.12/site-packages/airflow/example_dags/example_trigger_controller_dag.py for tasks to queue
[2024-10-06T02:42:32.177+0000] {logging_mixin.py:190} INFO - [2024-10-06T02:42:32.177+0000] {dagbag.py:587} INFO - Filling up the DagBag from /home/airflow/.local/lib/python3.12/site-packages/airflow/example_dags/example_trigger_controller_dag.py
[2024-10-06T02:42:32.181+0000] {processor.py:925} INFO - DAG(s) 'example_trigger_controller_dag' retrieved from /home/airflow/.local/lib/python3.12/site-packages/airflow/example_dags/example_trigger_controller_dag.py
[2024-10-06T02:42:32.189+0000] {logging_mixin.py:190} INFO - [2024-10-06T02:42:32.189+0000] {dag.py:3229} INFO - Sync 1 DAGs
[2024-10-06T02:42:32.199+0000] {logging_mixin.py:190} INFO - [2024-10-06T02:42:32.199+0000] {dag.py:4156} INFO - Setting next_dagrun for example_trigger_controller_dag to 2021-01-01 00:00:00+00:00, run_after=2021-01-01 00:00:00+00:00
[2024-10-06T02:42:32.206+0000] {processor.py:208} INFO - Processing /home/airflow/.local/lib/python3.12/site-packages/airflow/example_dags/example_trigger_controller_dag.py took 0.033 seconds
[2024-10-06T03:10:36.370+0000] {processor.py:186} INFO - Started process (PID=24373) to work on /home/airflow/.local/lib/python3.12/site-packages/airflow/example_dags/example_trigger_controller_dag.py
[2024-10-06T03:10:36.373+0000] {processor.py:914} INFO - Processing file /home/airflow/.local/lib/python3.12/site-packages/airflow/example_dags/example_trigger_controller_dag.py for tasks to queue
[2024-10-06T03:10:36.376+0000] {logging_mixin.py:190} INFO - [2024-10-06T03:10:36.375+0000] {dagbag.py:587} INFO - Filling up the DagBag from /home/airflow/.local/lib/python3.12/site-packages/airflow/example_dags/example_trigger_controller_dag.py
[2024-10-06T03:10:36.384+0000] {processor.py:925} INFO - DAG(s) 'example_trigger_controller_dag' retrieved from /home/airflow/.local/lib/python3.12/site-packages/airflow/example_dags/example_trigger_controller_dag.py
[2024-10-06T03:10:36.416+0000] {logging_mixin.py:190} INFO - [2024-10-06T03:10:36.416+0000] {dag.py:3229} INFO - Sync 1 DAGs
[2024-10-06T03:10:36.437+0000] {logging_mixin.py:190} INFO - [2024-10-06T03:10:36.437+0000] {dag.py:4156} INFO - Setting next_dagrun for example_trigger_controller_dag to 2021-01-01 00:00:00+00:00, run_after=2021-01-01 00:00:00+00:00
[2024-10-06T03:10:36.450+0000] {processor.py:208} INFO - Processing /home/airflow/.local/lib/python3.12/site-packages/airflow/example_dags/example_trigger_controller_dag.py took 0.102 seconds
[2024-10-06T03:53:53.808+0000] {processor.py:186} INFO - Started process (PID=24443) to work on /home/airflow/.local/lib/python3.12/site-packages/airflow/example_dags/example_trigger_controller_dag.py
[2024-10-06T03:53:53.810+0000] {processor.py:914} INFO - Processing file /home/airflow/.local/lib/python3.12/site-packages/airflow/example_dags/example_trigger_controller_dag.py for tasks to queue
[2024-10-06T03:53:53.814+0000] {logging_mixin.py:190} INFO - [2024-10-06T03:53:53.814+0000] {dagbag.py:587} INFO - Filling up the DagBag from /home/airflow/.local/lib/python3.12/site-packages/airflow/example_dags/example_trigger_controller_dag.py
[2024-10-06T03:53:53.819+0000] {processor.py:925} INFO - DAG(s) 'example_trigger_controller_dag' retrieved from /home/airflow/.local/lib/python3.12/site-packages/airflow/example_dags/example_trigger_controller_dag.py
[2024-10-06T03:53:53.841+0000] {logging_mixin.py:190} INFO - [2024-10-06T03:53:53.840+0000] {dag.py:3229} INFO - Sync 1 DAGs
[2024-10-06T03:53:53.869+0000] {logging_mixin.py:190} INFO - [2024-10-06T03:53:53.869+0000] {dag.py:4156} INFO - Setting next_dagrun for example_trigger_controller_dag to 2021-01-01 00:00:00+00:00, run_after=2021-01-01 00:00:00+00:00
[2024-10-06T03:53:53.878+0000] {processor.py:208} INFO - Processing /home/airflow/.local/lib/python3.12/site-packages/airflow/example_dags/example_trigger_controller_dag.py took 0.074 seconds
[2024-10-06T04:44:16.263+0000] {processor.py:186} INFO - Started process (PID=24513) to work on /home/airflow/.local/lib/python3.12/site-packages/airflow/example_dags/example_trigger_controller_dag.py
[2024-10-06T04:44:16.264+0000] {processor.py:914} INFO - Processing file /home/airflow/.local/lib/python3.12/site-packages/airflow/example_dags/example_trigger_controller_dag.py for tasks to queue
[2024-10-06T04:44:16.265+0000] {logging_mixin.py:190} INFO - [2024-10-06T04:44:16.264+0000] {dagbag.py:587} INFO - Filling up the DagBag from /home/airflow/.local/lib/python3.12/site-packages/airflow/example_dags/example_trigger_controller_dag.py
[2024-10-06T04:44:16.270+0000] {processor.py:925} INFO - DAG(s) 'example_trigger_controller_dag' retrieved from /home/airflow/.local/lib/python3.12/site-packages/airflow/example_dags/example_trigger_controller_dag.py
[2024-10-06T04:44:16.290+0000] {logging_mixin.py:190} INFO - [2024-10-06T04:44:16.290+0000] {dag.py:3229} INFO - Sync 1 DAGs
[2024-10-06T04:44:16.312+0000] {logging_mixin.py:190} INFO - [2024-10-06T04:44:16.311+0000] {dag.py:4156} INFO - Setting next_dagrun for example_trigger_controller_dag to 2021-01-01 00:00:00+00:00, run_after=2021-01-01 00:00:00+00:00
[2024-10-06T04:44:16.331+0000] {processor.py:208} INFO - Processing /home/airflow/.local/lib/python3.12/site-packages/airflow/example_dags/example_trigger_controller_dag.py took 0.072 seconds
[2024-10-06T05:45:10.677+0000] {processor.py:186} INFO - Started process (PID=24583) to work on /home/airflow/.local/lib/python3.12/site-packages/airflow/example_dags/example_trigger_controller_dag.py
[2024-10-06T05:45:10.678+0000] {processor.py:914} INFO - Processing file /home/airflow/.local/lib/python3.12/site-packages/airflow/example_dags/example_trigger_controller_dag.py for tasks to queue
[2024-10-06T05:45:10.680+0000] {logging_mixin.py:190} INFO - [2024-10-06T05:45:10.679+0000] {dagbag.py:587} INFO - Filling up the DagBag from /home/airflow/.local/lib/python3.12/site-packages/airflow/example_dags/example_trigger_controller_dag.py
[2024-10-06T05:45:10.683+0000] {processor.py:925} INFO - DAG(s) 'example_trigger_controller_dag' retrieved from /home/airflow/.local/lib/python3.12/site-packages/airflow/example_dags/example_trigger_controller_dag.py
[2024-10-06T05:45:10.708+0000] {logging_mixin.py:190} INFO - [2024-10-06T05:45:10.707+0000] {dag.py:3229} INFO - Sync 1 DAGs
[2024-10-06T05:45:10.720+0000] {logging_mixin.py:190} INFO - [2024-10-06T05:45:10.720+0000] {dag.py:4156} INFO - Setting next_dagrun for example_trigger_controller_dag to 2021-01-01 00:00:00+00:00, run_after=2021-01-01 00:00:00+00:00
[2024-10-06T05:45:10.732+0000] {processor.py:208} INFO - Processing /home/airflow/.local/lib/python3.12/site-packages/airflow/example_dags/example_trigger_controller_dag.py took 0.058 seconds
[2024-10-06T06:27:11.282+0000] {processor.py:186} INFO - Started process (PID=24653) to work on /home/airflow/.local/lib/python3.12/site-packages/airflow/example_dags/example_trigger_controller_dag.py
[2024-10-06T06:27:11.283+0000] {processor.py:914} INFO - Processing file /home/airflow/.local/lib/python3.12/site-packages/airflow/example_dags/example_trigger_controller_dag.py for tasks to queue
[2024-10-06T06:27:11.284+0000] {logging_mixin.py:190} INFO - [2024-10-06T06:27:11.284+0000] {dagbag.py:587} INFO - Filling up the DagBag from /home/airflow/.local/lib/python3.12/site-packages/airflow/example_dags/example_trigger_controller_dag.py
[2024-10-06T06:27:11.288+0000] {processor.py:925} INFO - DAG(s) 'example_trigger_controller_dag' retrieved from /home/airflow/.local/lib/python3.12/site-packages/airflow/example_dags/example_trigger_controller_dag.py
[2024-10-06T06:27:11.305+0000] {logging_mixin.py:190} INFO - [2024-10-06T06:27:11.304+0000] {dag.py:3229} INFO - Sync 1 DAGs
[2024-10-06T06:27:11.321+0000] {logging_mixin.py:190} INFO - [2024-10-06T06:27:11.320+0000] {dag.py:4156} INFO - Setting next_dagrun for example_trigger_controller_dag to 2021-01-01 00:00:00+00:00, run_after=2021-01-01 00:00:00+00:00
[2024-10-06T06:27:11.338+0000] {processor.py:208} INFO - Processing /home/airflow/.local/lib/python3.12/site-packages/airflow/example_dags/example_trigger_controller_dag.py took 0.059 seconds
[2024-10-06T06:56:39.853+0000] {processor.py:186} INFO - Started process (PID=24723) to work on /home/airflow/.local/lib/python3.12/site-packages/airflow/example_dags/example_trigger_controller_dag.py
[2024-10-06T06:56:39.854+0000] {processor.py:914} INFO - Processing file /home/airflow/.local/lib/python3.12/site-packages/airflow/example_dags/example_trigger_controller_dag.py for tasks to queue
[2024-10-06T06:56:39.854+0000] {logging_mixin.py:190} INFO - [2024-10-06T06:56:39.854+0000] {dagbag.py:587} INFO - Filling up the DagBag from /home/airflow/.local/lib/python3.12/site-packages/airflow/example_dags/example_trigger_controller_dag.py
[2024-10-06T06:56:39.859+0000] {processor.py:925} INFO - DAG(s) 'example_trigger_controller_dag' retrieved from /home/airflow/.local/lib/python3.12/site-packages/airflow/example_dags/example_trigger_controller_dag.py
[2024-10-06T06:56:39.875+0000] {logging_mixin.py:190} INFO - [2024-10-06T06:56:39.875+0000] {dag.py:3229} INFO - Sync 1 DAGs
[2024-10-06T06:56:39.886+0000] {logging_mixin.py:190} INFO - [2024-10-06T06:56:39.886+0000] {dag.py:4156} INFO - Setting next_dagrun for example_trigger_controller_dag to 2021-01-01 00:00:00+00:00, run_after=2021-01-01 00:00:00+00:00
[2024-10-06T06:56:39.896+0000] {processor.py:208} INFO - Processing /home/airflow/.local/lib/python3.12/site-packages/airflow/example_dags/example_trigger_controller_dag.py took 0.046 seconds
[2024-10-06T07:29:03.937+0000] {processor.py:186} INFO - Started process (PID=24793) to work on /home/airflow/.local/lib/python3.12/site-packages/airflow/example_dags/example_trigger_controller_dag.py
[2024-10-06T07:29:03.938+0000] {processor.py:914} INFO - Processing file /home/airflow/.local/lib/python3.12/site-packages/airflow/example_dags/example_trigger_controller_dag.py for tasks to queue
[2024-10-06T07:29:03.941+0000] {logging_mixin.py:190} INFO - [2024-10-06T07:29:03.940+0000] {dagbag.py:587} INFO - Filling up the DagBag from /home/airflow/.local/lib/python3.12/site-packages/airflow/example_dags/example_trigger_controller_dag.py
[2024-10-06T07:29:03.951+0000] {processor.py:925} INFO - DAG(s) 'example_trigger_controller_dag' retrieved from /home/airflow/.local/lib/python3.12/site-packages/airflow/example_dags/example_trigger_controller_dag.py
[2024-10-06T07:29:03.971+0000] {logging_mixin.py:190} INFO - [2024-10-06T07:29:03.971+0000] {dag.py:3229} INFO - Sync 1 DAGs
[2024-10-06T07:29:03.991+0000] {logging_mixin.py:190} INFO - [2024-10-06T07:29:03.990+0000] {dag.py:4156} INFO - Setting next_dagrun for example_trigger_controller_dag to 2021-01-01 00:00:00+00:00, run_after=2021-01-01 00:00:00+00:00
[2024-10-06T07:29:04.008+0000] {processor.py:208} INFO - Processing /home/airflow/.local/lib/python3.12/site-packages/airflow/example_dags/example_trigger_controller_dag.py took 0.074 seconds
[2024-10-06T07:57:57.662+0000] {processor.py:186} INFO - Started process (PID=24863) to work on /home/airflow/.local/lib/python3.12/site-packages/airflow/example_dags/example_trigger_controller_dag.py
[2024-10-06T07:57:57.664+0000] {processor.py:914} INFO - Processing file /home/airflow/.local/lib/python3.12/site-packages/airflow/example_dags/example_trigger_controller_dag.py for tasks to queue
[2024-10-06T07:57:57.666+0000] {logging_mixin.py:190} INFO - [2024-10-06T07:57:57.666+0000] {dagbag.py:587} INFO - Filling up the DagBag from /home/airflow/.local/lib/python3.12/site-packages/airflow/example_dags/example_trigger_controller_dag.py
[2024-10-06T07:57:57.673+0000] {processor.py:925} INFO - DAG(s) 'example_trigger_controller_dag' retrieved from /home/airflow/.local/lib/python3.12/site-packages/airflow/example_dags/example_trigger_controller_dag.py
[2024-10-06T07:57:57.689+0000] {logging_mixin.py:190} INFO - [2024-10-06T07:57:57.689+0000] {dag.py:3229} INFO - Sync 1 DAGs
[2024-10-06T07:57:57.701+0000] {logging_mixin.py:190} INFO - [2024-10-06T07:57:57.701+0000] {dag.py:4156} INFO - Setting next_dagrun for example_trigger_controller_dag to 2021-01-01 00:00:00+00:00, run_after=2021-01-01 00:00:00+00:00
[2024-10-06T07:57:57.713+0000] {processor.py:208} INFO - Processing /home/airflow/.local/lib/python3.12/site-packages/airflow/example_dags/example_trigger_controller_dag.py took 0.054 seconds
[2024-10-06T08:02:59.550+0000] {processor.py:186} INFO - Started process (PID=24933) to work on /home/airflow/.local/lib/python3.12/site-packages/airflow/example_dags/example_trigger_controller_dag.py
[2024-10-06T08:02:59.551+0000] {processor.py:914} INFO - Processing file /home/airflow/.local/lib/python3.12/site-packages/airflow/example_dags/example_trigger_controller_dag.py for tasks to queue
[2024-10-06T08:02:59.551+0000] {logging_mixin.py:190} INFO - [2024-10-06T08:02:59.551+0000] {dagbag.py:587} INFO - Filling up the DagBag from /home/airflow/.local/lib/python3.12/site-packages/airflow/example_dags/example_trigger_controller_dag.py
[2024-10-06T08:02:59.555+0000] {processor.py:925} INFO - DAG(s) 'example_trigger_controller_dag' retrieved from /home/airflow/.local/lib/python3.12/site-packages/airflow/example_dags/example_trigger_controller_dag.py
[2024-10-06T08:02:59.567+0000] {logging_mixin.py:190} INFO - [2024-10-06T08:02:59.567+0000] {dag.py:3229} INFO - Sync 1 DAGs
[2024-10-06T08:02:59.579+0000] {logging_mixin.py:190} INFO - [2024-10-06T08:02:59.579+0000] {dag.py:4156} INFO - Setting next_dagrun for example_trigger_controller_dag to 2021-01-01 00:00:00+00:00, run_after=2021-01-01 00:00:00+00:00
[2024-10-06T08:02:59.589+0000] {processor.py:208} INFO - Processing /home/airflow/.local/lib/python3.12/site-packages/airflow/example_dags/example_trigger_controller_dag.py took 0.043 seconds
[2024-10-06T08:03:30.351+0000] {processor.py:186} INFO - Started process (PID=25003) to work on /home/airflow/.local/lib/python3.12/site-packages/airflow/example_dags/example_trigger_controller_dag.py
[2024-10-06T08:03:30.352+0000] {processor.py:914} INFO - Processing file /home/airflow/.local/lib/python3.12/site-packages/airflow/example_dags/example_trigger_controller_dag.py for tasks to queue
[2024-10-06T08:03:30.352+0000] {logging_mixin.py:190} INFO - [2024-10-06T08:03:30.352+0000] {dagbag.py:587} INFO - Filling up the DagBag from /home/airflow/.local/lib/python3.12/site-packages/airflow/example_dags/example_trigger_controller_dag.py
[2024-10-06T08:03:30.355+0000] {processor.py:925} INFO - DAG(s) 'example_trigger_controller_dag' retrieved from /home/airflow/.local/lib/python3.12/site-packages/airflow/example_dags/example_trigger_controller_dag.py
[2024-10-06T08:03:30.365+0000] {logging_mixin.py:190} INFO - [2024-10-06T08:03:30.364+0000] {dag.py:3229} INFO - Sync 1 DAGs
[2024-10-06T08:03:30.374+0000] {logging_mixin.py:190} INFO - [2024-10-06T08:03:30.374+0000] {dag.py:4156} INFO - Setting next_dagrun for example_trigger_controller_dag to 2021-01-01 00:00:00+00:00, run_after=2021-01-01 00:00:00+00:00
[2024-10-06T08:03:30.381+0000] {processor.py:208} INFO - Processing /home/airflow/.local/lib/python3.12/site-packages/airflow/example_dags/example_trigger_controller_dag.py took 0.033 seconds
[2024-10-06T09:43:48.760+0000] {processor.py:186} INFO - Started process (PID=25073) to work on /home/airflow/.local/lib/python3.12/site-packages/airflow/example_dags/example_trigger_controller_dag.py
[2024-10-06T09:43:48.761+0000] {processor.py:914} INFO - Processing file /home/airflow/.local/lib/python3.12/site-packages/airflow/example_dags/example_trigger_controller_dag.py for tasks to queue
[2024-10-06T09:43:48.762+0000] {logging_mixin.py:190} INFO - [2024-10-06T09:43:48.762+0000] {dagbag.py:587} INFO - Filling up the DagBag from /home/airflow/.local/lib/python3.12/site-packages/airflow/example_dags/example_trigger_controller_dag.py
[2024-10-06T09:43:48.770+0000] {processor.py:925} INFO - DAG(s) 'example_trigger_controller_dag' retrieved from /home/airflow/.local/lib/python3.12/site-packages/airflow/example_dags/example_trigger_controller_dag.py
[2024-10-06T09:43:48.795+0000] {logging_mixin.py:190} INFO - [2024-10-06T09:43:48.794+0000] {dag.py:3229} INFO - Sync 1 DAGs
[2024-10-06T09:43:48.844+0000] {logging_mixin.py:190} INFO - [2024-10-06T09:43:48.843+0000] {dag.py:4156} INFO - Setting next_dagrun for example_trigger_controller_dag to 2021-01-01 00:00:00+00:00, run_after=2021-01-01 00:00:00+00:00
[2024-10-06T09:43:48.855+0000] {processor.py:208} INFO - Processing /home/airflow/.local/lib/python3.12/site-packages/airflow/example_dags/example_trigger_controller_dag.py took 0.099 seconds
[2024-10-06T10:16:42.087+0000] {processor.py:186} INFO - Started process (PID=25142) to work on /home/airflow/.local/lib/python3.12/site-packages/airflow/example_dags/example_trigger_controller_dag.py
[2024-10-06T10:16:42.088+0000] {processor.py:914} INFO - Processing file /home/airflow/.local/lib/python3.12/site-packages/airflow/example_dags/example_trigger_controller_dag.py for tasks to queue
[2024-10-06T10:16:42.089+0000] {logging_mixin.py:190} INFO - [2024-10-06T10:16:42.089+0000] {dagbag.py:587} INFO - Filling up the DagBag from /home/airflow/.local/lib/python3.12/site-packages/airflow/example_dags/example_trigger_controller_dag.py
[2024-10-06T10:16:42.096+0000] {processor.py:925} INFO - DAG(s) 'example_trigger_controller_dag' retrieved from /home/airflow/.local/lib/python3.12/site-packages/airflow/example_dags/example_trigger_controller_dag.py
[2024-10-06T10:16:42.115+0000] {logging_mixin.py:190} INFO - [2024-10-06T10:16:42.115+0000] {dag.py:3229} INFO - Sync 1 DAGs
[2024-10-06T10:16:42.141+0000] {logging_mixin.py:190} INFO - [2024-10-06T10:16:42.141+0000] {dag.py:4156} INFO - Setting next_dagrun for example_trigger_controller_dag to 2021-01-01 00:00:00+00:00, run_after=2021-01-01 00:00:00+00:00
[2024-10-06T10:16:42.161+0000] {processor.py:208} INFO - Processing /home/airflow/.local/lib/python3.12/site-packages/airflow/example_dags/example_trigger_controller_dag.py took 0.078 seconds
[2024-10-06T11:20:56.096+0000] {processor.py:186} INFO - Started process (PID=25212) to work on /home/airflow/.local/lib/python3.12/site-packages/airflow/example_dags/example_trigger_controller_dag.py
[2024-10-06T11:20:56.097+0000] {processor.py:914} INFO - Processing file /home/airflow/.local/lib/python3.12/site-packages/airflow/example_dags/example_trigger_controller_dag.py for tasks to queue
[2024-10-06T11:20:56.099+0000] {logging_mixin.py:190} INFO - [2024-10-06T11:20:56.099+0000] {dagbag.py:587} INFO - Filling up the DagBag from /home/airflow/.local/lib/python3.12/site-packages/airflow/example_dags/example_trigger_controller_dag.py
[2024-10-06T11:20:56.111+0000] {processor.py:925} INFO - DAG(s) 'example_trigger_controller_dag' retrieved from /home/airflow/.local/lib/python3.12/site-packages/airflow/example_dags/example_trigger_controller_dag.py
[2024-10-06T11:20:56.139+0000] {logging_mixin.py:190} INFO - [2024-10-06T11:20:56.138+0000] {dag.py:3229} INFO - Sync 1 DAGs
[2024-10-06T11:20:56.156+0000] {logging_mixin.py:190} INFO - [2024-10-06T11:20:56.156+0000] {dag.py:4156} INFO - Setting next_dagrun for example_trigger_controller_dag to 2021-01-01 00:00:00+00:00, run_after=2021-01-01 00:00:00+00:00
[2024-10-06T11:20:56.172+0000] {processor.py:208} INFO - Processing /home/airflow/.local/lib/python3.12/site-packages/airflow/example_dags/example_trigger_controller_dag.py took 0.083 seconds
[2024-10-06T13:00:04.697+0000] {processor.py:186} INFO - Started process (PID=25282) to work on /home/airflow/.local/lib/python3.12/site-packages/airflow/example_dags/example_trigger_controller_dag.py
[2024-10-06T13:00:04.698+0000] {processor.py:914} INFO - Processing file /home/airflow/.local/lib/python3.12/site-packages/airflow/example_dags/example_trigger_controller_dag.py for tasks to queue
[2024-10-06T13:00:04.700+0000] {logging_mixin.py:190} INFO - [2024-10-06T13:00:04.699+0000] {dagbag.py:587} INFO - Filling up the DagBag from /home/airflow/.local/lib/python3.12/site-packages/airflow/example_dags/example_trigger_controller_dag.py
[2024-10-06T13:00:04.705+0000] {processor.py:925} INFO - DAG(s) 'example_trigger_controller_dag' retrieved from /home/airflow/.local/lib/python3.12/site-packages/airflow/example_dags/example_trigger_controller_dag.py
[2024-10-06T13:00:04.719+0000] {logging_mixin.py:190} INFO - [2024-10-06T13:00:04.719+0000] {dag.py:3229} INFO - Sync 1 DAGs
[2024-10-06T13:00:04.730+0000] {logging_mixin.py:190} INFO - [2024-10-06T13:00:04.730+0000] {dag.py:4156} INFO - Setting next_dagrun for example_trigger_controller_dag to 2021-01-01 00:00:00+00:00, run_after=2021-01-01 00:00:00+00:00
[2024-10-06T13:00:04.737+0000] {processor.py:208} INFO - Processing /home/airflow/.local/lib/python3.12/site-packages/airflow/example_dags/example_trigger_controller_dag.py took 0.043 seconds
[2024-10-06T13:48:16.029+0000] {processor.py:186} INFO - Started process (PID=25352) to work on /home/airflow/.local/lib/python3.12/site-packages/airflow/example_dags/example_trigger_controller_dag.py
[2024-10-06T13:48:16.029+0000] {processor.py:914} INFO - Processing file /home/airflow/.local/lib/python3.12/site-packages/airflow/example_dags/example_trigger_controller_dag.py for tasks to queue
[2024-10-06T13:48:16.031+0000] {logging_mixin.py:190} INFO - [2024-10-06T13:48:16.030+0000] {dagbag.py:587} INFO - Filling up the DagBag from /home/airflow/.local/lib/python3.12/site-packages/airflow/example_dags/example_trigger_controller_dag.py
[2024-10-06T13:48:16.036+0000] {processor.py:925} INFO - DAG(s) 'example_trigger_controller_dag' retrieved from /home/airflow/.local/lib/python3.12/site-packages/airflow/example_dags/example_trigger_controller_dag.py
[2024-10-06T13:48:16.055+0000] {logging_mixin.py:190} INFO - [2024-10-06T13:48:16.055+0000] {dag.py:3229} INFO - Sync 1 DAGs
[2024-10-06T13:48:16.076+0000] {logging_mixin.py:190} INFO - [2024-10-06T13:48:16.075+0000] {dag.py:4156} INFO - Setting next_dagrun for example_trigger_controller_dag to 2021-01-01 00:00:00+00:00, run_after=2021-01-01 00:00:00+00:00
[2024-10-06T13:48:16.091+0000] {processor.py:208} INFO - Processing /home/airflow/.local/lib/python3.12/site-packages/airflow/example_dags/example_trigger_controller_dag.py took 0.066 seconds
[2024-10-06T13:55:51.672+0000] {processor.py:186} INFO - Started process (PID=25422) to work on /home/airflow/.local/lib/python3.12/site-packages/airflow/example_dags/example_trigger_controller_dag.py
[2024-10-06T13:55:51.673+0000] {processor.py:914} INFO - Processing file /home/airflow/.local/lib/python3.12/site-packages/airflow/example_dags/example_trigger_controller_dag.py for tasks to queue
[2024-10-06T13:55:51.674+0000] {logging_mixin.py:190} INFO - [2024-10-06T13:55:51.673+0000] {dagbag.py:587} INFO - Filling up the DagBag from /home/airflow/.local/lib/python3.12/site-packages/airflow/example_dags/example_trigger_controller_dag.py
[2024-10-06T13:55:51.678+0000] {processor.py:925} INFO - DAG(s) 'example_trigger_controller_dag' retrieved from /home/airflow/.local/lib/python3.12/site-packages/airflow/example_dags/example_trigger_controller_dag.py
[2024-10-06T13:55:51.707+0000] {logging_mixin.py:190} INFO - [2024-10-06T13:55:51.706+0000] {dag.py:3229} INFO - Sync 1 DAGs
[2024-10-06T13:55:51.722+0000] {logging_mixin.py:190} INFO - [2024-10-06T13:55:51.722+0000] {dag.py:4156} INFO - Setting next_dagrun for example_trigger_controller_dag to 2021-01-01 00:00:00+00:00, run_after=2021-01-01 00:00:00+00:00
[2024-10-06T13:55:51.748+0000] {processor.py:208} INFO - Processing /home/airflow/.local/lib/python3.12/site-packages/airflow/example_dags/example_trigger_controller_dag.py took 0.080 seconds
[2024-10-06T14:56:49.108+0000] {processor.py:186} INFO - Started process (PID=25492) to work on /home/airflow/.local/lib/python3.12/site-packages/airflow/example_dags/example_trigger_controller_dag.py
[2024-10-06T14:56:49.109+0000] {processor.py:914} INFO - Processing file /home/airflow/.local/lib/python3.12/site-packages/airflow/example_dags/example_trigger_controller_dag.py for tasks to queue
[2024-10-06T14:56:49.110+0000] {logging_mixin.py:190} INFO - [2024-10-06T14:56:49.110+0000] {dagbag.py:587} INFO - Filling up the DagBag from /home/airflow/.local/lib/python3.12/site-packages/airflow/example_dags/example_trigger_controller_dag.py
[2024-10-06T14:56:49.117+0000] {processor.py:925} INFO - DAG(s) 'example_trigger_controller_dag' retrieved from /home/airflow/.local/lib/python3.12/site-packages/airflow/example_dags/example_trigger_controller_dag.py
[2024-10-06T14:56:49.125+0000] {logging_mixin.py:190} INFO - [2024-10-06T14:56:49.125+0000] {dag.py:3229} INFO - Sync 1 DAGs
[2024-10-06T14:56:49.135+0000] {logging_mixin.py:190} INFO - [2024-10-06T14:56:49.135+0000] {dag.py:4156} INFO - Setting next_dagrun for example_trigger_controller_dag to 2021-01-01 00:00:00+00:00, run_after=2021-01-01 00:00:00+00:00
[2024-10-06T14:56:49.142+0000] {processor.py:208} INFO - Processing /home/airflow/.local/lib/python3.12/site-packages/airflow/example_dags/example_trigger_controller_dag.py took 0.037 seconds
[2024-10-06T15:41:28.633+0000] {processor.py:186} INFO - Started process (PID=25562) to work on /home/airflow/.local/lib/python3.12/site-packages/airflow/example_dags/example_trigger_controller_dag.py
[2024-10-06T15:41:28.635+0000] {processor.py:914} INFO - Processing file /home/airflow/.local/lib/python3.12/site-packages/airflow/example_dags/example_trigger_controller_dag.py for tasks to queue
[2024-10-06T15:41:28.640+0000] {logging_mixin.py:190} INFO - [2024-10-06T15:41:28.639+0000] {dagbag.py:587} INFO - Filling up the DagBag from /home/airflow/.local/lib/python3.12/site-packages/airflow/example_dags/example_trigger_controller_dag.py
[2024-10-06T15:41:28.644+0000] {processor.py:925} INFO - DAG(s) 'example_trigger_controller_dag' retrieved from /home/airflow/.local/lib/python3.12/site-packages/airflow/example_dags/example_trigger_controller_dag.py
[2024-10-06T15:41:28.674+0000] {logging_mixin.py:190} INFO - [2024-10-06T15:41:28.674+0000] {dag.py:3229} INFO - Sync 1 DAGs
[2024-10-06T15:41:28.700+0000] {logging_mixin.py:190} INFO - [2024-10-06T15:41:28.700+0000] {dag.py:4156} INFO - Setting next_dagrun for example_trigger_controller_dag to 2021-01-01 00:00:00+00:00, run_after=2021-01-01 00:00:00+00:00
[2024-10-06T15:41:28.714+0000] {processor.py:208} INFO - Processing /home/airflow/.local/lib/python3.12/site-packages/airflow/example_dags/example_trigger_controller_dag.py took 0.084 seconds
[2024-10-06T16:15:54.550+0000] {processor.py:186} INFO - Started process (PID=25632) to work on /home/airflow/.local/lib/python3.12/site-packages/airflow/example_dags/example_trigger_controller_dag.py
[2024-10-06T16:15:54.551+0000] {processor.py:914} INFO - Processing file /home/airflow/.local/lib/python3.12/site-packages/airflow/example_dags/example_trigger_controller_dag.py for tasks to queue
[2024-10-06T16:15:54.552+0000] {logging_mixin.py:190} INFO - [2024-10-06T16:15:54.551+0000] {dagbag.py:587} INFO - Filling up the DagBag from /home/airflow/.local/lib/python3.12/site-packages/airflow/example_dags/example_trigger_controller_dag.py
[2024-10-06T16:15:54.558+0000] {processor.py:925} INFO - DAG(s) 'example_trigger_controller_dag' retrieved from /home/airflow/.local/lib/python3.12/site-packages/airflow/example_dags/example_trigger_controller_dag.py
[2024-10-06T16:15:54.566+0000] {logging_mixin.py:190} INFO - [2024-10-06T16:15:54.566+0000] {dag.py:3229} INFO - Sync 1 DAGs
[2024-10-06T16:15:54.576+0000] {logging_mixin.py:190} INFO - [2024-10-06T16:15:54.575+0000] {dag.py:4156} INFO - Setting next_dagrun for example_trigger_controller_dag to 2021-01-01 00:00:00+00:00, run_after=2021-01-01 00:00:00+00:00
[2024-10-06T16:15:54.582+0000] {processor.py:208} INFO - Processing /home/airflow/.local/lib/python3.12/site-packages/airflow/example_dags/example_trigger_controller_dag.py took 0.038 seconds
[2024-10-06T16:58:35.354+0000] {processor.py:186} INFO - Started process (PID=25702) to work on /home/airflow/.local/lib/python3.12/site-packages/airflow/example_dags/example_trigger_controller_dag.py
[2024-10-06T16:58:35.356+0000] {processor.py:914} INFO - Processing file /home/airflow/.local/lib/python3.12/site-packages/airflow/example_dags/example_trigger_controller_dag.py for tasks to queue
[2024-10-06T16:58:35.356+0000] {logging_mixin.py:190} INFO - [2024-10-06T16:58:35.356+0000] {dagbag.py:587} INFO - Filling up the DagBag from /home/airflow/.local/lib/python3.12/site-packages/airflow/example_dags/example_trigger_controller_dag.py
[2024-10-06T16:58:35.360+0000] {processor.py:925} INFO - DAG(s) 'example_trigger_controller_dag' retrieved from /home/airflow/.local/lib/python3.12/site-packages/airflow/example_dags/example_trigger_controller_dag.py
[2024-10-06T16:58:35.379+0000] {logging_mixin.py:190} INFO - [2024-10-06T16:58:35.378+0000] {dag.py:3229} INFO - Sync 1 DAGs
[2024-10-06T16:58:35.392+0000] {logging_mixin.py:190} INFO - [2024-10-06T16:58:35.391+0000] {dag.py:4156} INFO - Setting next_dagrun for example_trigger_controller_dag to 2021-01-01 00:00:00+00:00, run_after=2021-01-01 00:00:00+00:00
[2024-10-06T16:58:35.401+0000] {processor.py:208} INFO - Processing /home/airflow/.local/lib/python3.12/site-packages/airflow/example_dags/example_trigger_controller_dag.py took 0.051 seconds
[2024-10-06T16:59:06.287+0000] {processor.py:186} INFO - Started process (PID=25772) to work on /home/airflow/.local/lib/python3.12/site-packages/airflow/example_dags/example_trigger_controller_dag.py
[2024-10-06T16:59:06.287+0000] {processor.py:914} INFO - Processing file /home/airflow/.local/lib/python3.12/site-packages/airflow/example_dags/example_trigger_controller_dag.py for tasks to queue
[2024-10-06T16:59:06.288+0000] {logging_mixin.py:190} INFO - [2024-10-06T16:59:06.288+0000] {dagbag.py:587} INFO - Filling up the DagBag from /home/airflow/.local/lib/python3.12/site-packages/airflow/example_dags/example_trigger_controller_dag.py
[2024-10-06T16:59:06.291+0000] {processor.py:925} INFO - DAG(s) 'example_trigger_controller_dag' retrieved from /home/airflow/.local/lib/python3.12/site-packages/airflow/example_dags/example_trigger_controller_dag.py
[2024-10-06T16:59:06.301+0000] {logging_mixin.py:190} INFO - [2024-10-06T16:59:06.301+0000] {dag.py:3229} INFO - Sync 1 DAGs
[2024-10-06T16:59:06.310+0000] {logging_mixin.py:190} INFO - [2024-10-06T16:59:06.310+0000] {dag.py:4156} INFO - Setting next_dagrun for example_trigger_controller_dag to 2021-01-01 00:00:00+00:00, run_after=2021-01-01 00:00:00+00:00
[2024-10-06T16:59:06.316+0000] {processor.py:208} INFO - Processing /home/airflow/.local/lib/python3.12/site-packages/airflow/example_dags/example_trigger_controller_dag.py took 0.032 seconds
[2024-10-06T17:59:32.488+0000] {processor.py:186} INFO - Started process (PID=25841) to work on /home/airflow/.local/lib/python3.12/site-packages/airflow/example_dags/example_trigger_controller_dag.py
[2024-10-06T17:59:32.489+0000] {processor.py:914} INFO - Processing file /home/airflow/.local/lib/python3.12/site-packages/airflow/example_dags/example_trigger_controller_dag.py for tasks to queue
[2024-10-06T17:59:32.490+0000] {logging_mixin.py:190} INFO - [2024-10-06T17:59:32.489+0000] {dagbag.py:587} INFO - Filling up the DagBag from /home/airflow/.local/lib/python3.12/site-packages/airflow/example_dags/example_trigger_controller_dag.py
[2024-10-06T17:59:32.494+0000] {processor.py:925} INFO - DAG(s) 'example_trigger_controller_dag' retrieved from /home/airflow/.local/lib/python3.12/site-packages/airflow/example_dags/example_trigger_controller_dag.py
[2024-10-06T17:59:32.516+0000] {logging_mixin.py:190} INFO - [2024-10-06T17:59:32.516+0000] {dag.py:3229} INFO - Sync 1 DAGs
[2024-10-06T17:59:32.527+0000] {logging_mixin.py:190} INFO - [2024-10-06T17:59:32.527+0000] {dag.py:4156} INFO - Setting next_dagrun for example_trigger_controller_dag to 2021-01-01 00:00:00+00:00, run_after=2021-01-01 00:00:00+00:00
[2024-10-06T17:59:32.535+0000] {processor.py:208} INFO - Processing /home/airflow/.local/lib/python3.12/site-packages/airflow/example_dags/example_trigger_controller_dag.py took 0.050 seconds
[2024-10-06T18:17:01.125+0000] {processor.py:186} INFO - Started process (PID=25911) to work on /home/airflow/.local/lib/python3.12/site-packages/airflow/example_dags/example_trigger_controller_dag.py
[2024-10-06T18:17:01.126+0000] {processor.py:914} INFO - Processing file /home/airflow/.local/lib/python3.12/site-packages/airflow/example_dags/example_trigger_controller_dag.py for tasks to queue
[2024-10-06T18:17:01.127+0000] {logging_mixin.py:190} INFO - [2024-10-06T18:17:01.127+0000] {dagbag.py:587} INFO - Filling up the DagBag from /home/airflow/.local/lib/python3.12/site-packages/airflow/example_dags/example_trigger_controller_dag.py
[2024-10-06T18:17:01.131+0000] {processor.py:925} INFO - DAG(s) 'example_trigger_controller_dag' retrieved from /home/airflow/.local/lib/python3.12/site-packages/airflow/example_dags/example_trigger_controller_dag.py
[2024-10-06T18:17:01.151+0000] {logging_mixin.py:190} INFO - [2024-10-06T18:17:01.151+0000] {dag.py:3229} INFO - Sync 1 DAGs
[2024-10-06T18:17:01.176+0000] {logging_mixin.py:190} INFO - [2024-10-06T18:17:01.176+0000] {dag.py:4156} INFO - Setting next_dagrun for example_trigger_controller_dag to 2021-01-01 00:00:00+00:00, run_after=2021-01-01 00:00:00+00:00
[2024-10-06T18:17:01.190+0000] {processor.py:208} INFO - Processing /home/airflow/.local/lib/python3.12/site-packages/airflow/example_dags/example_trigger_controller_dag.py took 0.069 seconds
[2024-10-06T18:49:49.712+0000] {processor.py:186} INFO - Started process (PID=25981) to work on /home/airflow/.local/lib/python3.12/site-packages/airflow/example_dags/example_trigger_controller_dag.py
[2024-10-06T18:49:49.716+0000] {processor.py:914} INFO - Processing file /home/airflow/.local/lib/python3.12/site-packages/airflow/example_dags/example_trigger_controller_dag.py for tasks to queue
[2024-10-06T18:49:49.717+0000] {logging_mixin.py:190} INFO - [2024-10-06T18:49:49.717+0000] {dagbag.py:587} INFO - Filling up the DagBag from /home/airflow/.local/lib/python3.12/site-packages/airflow/example_dags/example_trigger_controller_dag.py
[2024-10-06T18:49:49.720+0000] {processor.py:925} INFO - DAG(s) 'example_trigger_controller_dag' retrieved from /home/airflow/.local/lib/python3.12/site-packages/airflow/example_dags/example_trigger_controller_dag.py
[2024-10-06T18:49:49.733+0000] {logging_mixin.py:190} INFO - [2024-10-06T18:49:49.733+0000] {dag.py:3229} INFO - Sync 1 DAGs
[2024-10-06T18:49:49.745+0000] {logging_mixin.py:190} INFO - [2024-10-06T18:49:49.744+0000] {dag.py:4156} INFO - Setting next_dagrun for example_trigger_controller_dag to 2021-01-01 00:00:00+00:00, run_after=2021-01-01 00:00:00+00:00
[2024-10-06T18:49:49.751+0000] {processor.py:208} INFO - Processing /home/airflow/.local/lib/python3.12/site-packages/airflow/example_dags/example_trigger_controller_dag.py took 0.043 seconds
[2024-10-06T19:00:33.425+0000] {processor.py:186} INFO - Started process (PID=26051) to work on /home/airflow/.local/lib/python3.12/site-packages/airflow/example_dags/example_trigger_controller_dag.py
[2024-10-06T19:00:33.426+0000] {processor.py:914} INFO - Processing file /home/airflow/.local/lib/python3.12/site-packages/airflow/example_dags/example_trigger_controller_dag.py for tasks to queue
[2024-10-06T19:00:33.426+0000] {logging_mixin.py:190} INFO - [2024-10-06T19:00:33.426+0000] {dagbag.py:587} INFO - Filling up the DagBag from /home/airflow/.local/lib/python3.12/site-packages/airflow/example_dags/example_trigger_controller_dag.py
[2024-10-06T19:00:33.429+0000] {processor.py:925} INFO - DAG(s) 'example_trigger_controller_dag' retrieved from /home/airflow/.local/lib/python3.12/site-packages/airflow/example_dags/example_trigger_controller_dag.py
[2024-10-06T19:00:33.438+0000] {logging_mixin.py:190} INFO - [2024-10-06T19:00:33.438+0000] {dag.py:3229} INFO - Sync 1 DAGs
[2024-10-06T19:00:33.448+0000] {logging_mixin.py:190} INFO - [2024-10-06T19:00:33.448+0000] {dag.py:4156} INFO - Setting next_dagrun for example_trigger_controller_dag to 2021-01-01 00:00:00+00:00, run_after=2021-01-01 00:00:00+00:00
[2024-10-06T19:00:33.454+0000] {processor.py:208} INFO - Processing /home/airflow/.local/lib/python3.12/site-packages/airflow/example_dags/example_trigger_controller_dag.py took 0.032 seconds
[2024-10-06T19:16:46.003+0000] {processor.py:186} INFO - Started process (PID=26121) to work on /home/airflow/.local/lib/python3.12/site-packages/airflow/example_dags/example_trigger_controller_dag.py
[2024-10-06T19:16:46.004+0000] {processor.py:914} INFO - Processing file /home/airflow/.local/lib/python3.12/site-packages/airflow/example_dags/example_trigger_controller_dag.py for tasks to queue
[2024-10-06T19:16:46.005+0000] {logging_mixin.py:190} INFO - [2024-10-06T19:16:46.005+0000] {dagbag.py:587} INFO - Filling up the DagBag from /home/airflow/.local/lib/python3.12/site-packages/airflow/example_dags/example_trigger_controller_dag.py
[2024-10-06T19:16:46.009+0000] {processor.py:925} INFO - DAG(s) 'example_trigger_controller_dag' retrieved from /home/airflow/.local/lib/python3.12/site-packages/airflow/example_dags/example_trigger_controller_dag.py
[2024-10-06T19:16:46.027+0000] {logging_mixin.py:190} INFO - [2024-10-06T19:16:46.026+0000] {dag.py:3229} INFO - Sync 1 DAGs
[2024-10-06T19:16:46.044+0000] {logging_mixin.py:190} INFO - [2024-10-06T19:16:46.044+0000] {dag.py:4156} INFO - Setting next_dagrun for example_trigger_controller_dag to 2021-01-01 00:00:00+00:00, run_after=2021-01-01 00:00:00+00:00
[2024-10-06T19:16:46.054+0000] {processor.py:208} INFO - Processing /home/airflow/.local/lib/python3.12/site-packages/airflow/example_dags/example_trigger_controller_dag.py took 0.054 seconds
[2024-10-06T20:01:50.478+0000] {processor.py:186} INFO - Started process (PID=26191) to work on /home/airflow/.local/lib/python3.12/site-packages/airflow/example_dags/example_trigger_controller_dag.py
[2024-10-06T20:01:50.479+0000] {processor.py:914} INFO - Processing file /home/airflow/.local/lib/python3.12/site-packages/airflow/example_dags/example_trigger_controller_dag.py for tasks to queue
[2024-10-06T20:01:50.481+0000] {logging_mixin.py:190} INFO - [2024-10-06T20:01:50.481+0000] {dagbag.py:587} INFO - Filling up the DagBag from /home/airflow/.local/lib/python3.12/site-packages/airflow/example_dags/example_trigger_controller_dag.py
[2024-10-06T20:01:50.484+0000] {processor.py:925} INFO - DAG(s) 'example_trigger_controller_dag' retrieved from /home/airflow/.local/lib/python3.12/site-packages/airflow/example_dags/example_trigger_controller_dag.py
[2024-10-06T20:01:50.494+0000] {logging_mixin.py:190} INFO - [2024-10-06T20:01:50.494+0000] {dag.py:3229} INFO - Sync 1 DAGs
[2024-10-06T20:01:50.503+0000] {logging_mixin.py:190} INFO - [2024-10-06T20:01:50.503+0000] {dag.py:4156} INFO - Setting next_dagrun for example_trigger_controller_dag to 2021-01-01 00:00:00+00:00, run_after=2021-01-01 00:00:00+00:00
[2024-10-06T20:01:50.510+0000] {processor.py:208} INFO - Processing /home/airflow/.local/lib/python3.12/site-packages/airflow/example_dags/example_trigger_controller_dag.py took 0.035 seconds
[2024-10-06T20:17:59.798+0000] {processor.py:186} INFO - Started process (PID=26261) to work on /home/airflow/.local/lib/python3.12/site-packages/airflow/example_dags/example_trigger_controller_dag.py
[2024-10-06T20:17:59.799+0000] {processor.py:914} INFO - Processing file /home/airflow/.local/lib/python3.12/site-packages/airflow/example_dags/example_trigger_controller_dag.py for tasks to queue
[2024-10-06T20:17:59.800+0000] {logging_mixin.py:190} INFO - [2024-10-06T20:17:59.800+0000] {dagbag.py:587} INFO - Filling up the DagBag from /home/airflow/.local/lib/python3.12/site-packages/airflow/example_dags/example_trigger_controller_dag.py
[2024-10-06T20:17:59.807+0000] {processor.py:925} INFO - DAG(s) 'example_trigger_controller_dag' retrieved from /home/airflow/.local/lib/python3.12/site-packages/airflow/example_dags/example_trigger_controller_dag.py
[2024-10-06T20:17:59.822+0000] {logging_mixin.py:190} INFO - [2024-10-06T20:17:59.822+0000] {dag.py:3229} INFO - Sync 1 DAGs
[2024-10-06T20:17:59.834+0000] {logging_mixin.py:190} INFO - [2024-10-06T20:17:59.834+0000] {dag.py:4156} INFO - Setting next_dagrun for example_trigger_controller_dag to 2021-01-01 00:00:00+00:00, run_after=2021-01-01 00:00:00+00:00
[2024-10-06T20:17:59.842+0000] {processor.py:208} INFO - Processing /home/airflow/.local/lib/python3.12/site-packages/airflow/example_dags/example_trigger_controller_dag.py took 0.047 seconds
[2024-10-06T20:51:49.601+0000] {processor.py:186} INFO - Started process (PID=26330) to work on /home/airflow/.local/lib/python3.12/site-packages/airflow/example_dags/example_trigger_controller_dag.py
[2024-10-06T20:51:49.602+0000] {processor.py:914} INFO - Processing file /home/airflow/.local/lib/python3.12/site-packages/airflow/example_dags/example_trigger_controller_dag.py for tasks to queue
[2024-10-06T20:51:49.603+0000] {logging_mixin.py:190} INFO - [2024-10-06T20:51:49.603+0000] {dagbag.py:587} INFO - Filling up the DagBag from /home/airflow/.local/lib/python3.12/site-packages/airflow/example_dags/example_trigger_controller_dag.py
[2024-10-06T20:51:49.607+0000] {processor.py:925} INFO - DAG(s) 'example_trigger_controller_dag' retrieved from /home/airflow/.local/lib/python3.12/site-packages/airflow/example_dags/example_trigger_controller_dag.py
[2024-10-06T20:51:49.626+0000] {logging_mixin.py:190} INFO - [2024-10-06T20:51:49.626+0000] {dag.py:3229} INFO - Sync 1 DAGs
[2024-10-06T20:51:49.638+0000] {logging_mixin.py:190} INFO - [2024-10-06T20:51:49.638+0000] {dag.py:4156} INFO - Setting next_dagrun for example_trigger_controller_dag to 2021-01-01 00:00:00+00:00, run_after=2021-01-01 00:00:00+00:00
[2024-10-06T20:51:49.645+0000] {processor.py:208} INFO - Processing /home/airflow/.local/lib/python3.12/site-packages/airflow/example_dags/example_trigger_controller_dag.py took 0.047 seconds
[2024-10-06T20:52:21.781+0000] {processor.py:186} INFO - Started process (PID=26401) to work on /home/airflow/.local/lib/python3.12/site-packages/airflow/example_dags/example_trigger_controller_dag.py
[2024-10-06T20:52:21.788+0000] {processor.py:914} INFO - Processing file /home/airflow/.local/lib/python3.12/site-packages/airflow/example_dags/example_trigger_controller_dag.py for tasks to queue
[2024-10-06T20:52:21.790+0000] {logging_mixin.py:190} INFO - [2024-10-06T20:52:21.789+0000] {dagbag.py:587} INFO - Filling up the DagBag from /home/airflow/.local/lib/python3.12/site-packages/airflow/example_dags/example_trigger_controller_dag.py
[2024-10-06T20:52:21.808+0000] {processor.py:925} INFO - DAG(s) 'example_trigger_controller_dag' retrieved from /home/airflow/.local/lib/python3.12/site-packages/airflow/example_dags/example_trigger_controller_dag.py
[2024-10-06T20:52:21.848+0000] {logging_mixin.py:190} INFO - [2024-10-06T20:52:21.848+0000] {dag.py:3229} INFO - Sync 1 DAGs
[2024-10-06T20:52:21.884+0000] {logging_mixin.py:190} INFO - [2024-10-06T20:52:21.884+0000] {dag.py:4156} INFO - Setting next_dagrun for example_trigger_controller_dag to 2021-01-01 00:00:00+00:00, run_after=2021-01-01 00:00:00+00:00
[2024-10-06T20:52:21.898+0000] {processor.py:208} INFO - Processing /home/airflow/.local/lib/python3.12/site-packages/airflow/example_dags/example_trigger_controller_dag.py took 0.125 seconds
[2024-10-06T21:19:20.585+0000] {processor.py:186} INFO - Started process (PID=26471) to work on /home/airflow/.local/lib/python3.12/site-packages/airflow/example_dags/example_trigger_controller_dag.py
[2024-10-06T21:19:20.587+0000] {processor.py:914} INFO - Processing file /home/airflow/.local/lib/python3.12/site-packages/airflow/example_dags/example_trigger_controller_dag.py for tasks to queue
[2024-10-06T21:19:20.588+0000] {logging_mixin.py:190} INFO - [2024-10-06T21:19:20.587+0000] {dagbag.py:587} INFO - Filling up the DagBag from /home/airflow/.local/lib/python3.12/site-packages/airflow/example_dags/example_trigger_controller_dag.py
[2024-10-06T21:19:20.591+0000] {processor.py:925} INFO - DAG(s) 'example_trigger_controller_dag' retrieved from /home/airflow/.local/lib/python3.12/site-packages/airflow/example_dags/example_trigger_controller_dag.py
[2024-10-06T21:19:20.602+0000] {logging_mixin.py:190} INFO - [2024-10-06T21:19:20.602+0000] {dag.py:3229} INFO - Sync 1 DAGs
[2024-10-06T21:19:20.613+0000] {logging_mixin.py:190} INFO - [2024-10-06T21:19:20.612+0000] {dag.py:4156} INFO - Setting next_dagrun for example_trigger_controller_dag to 2021-01-01 00:00:00+00:00, run_after=2021-01-01 00:00:00+00:00
[2024-10-06T21:19:20.619+0000] {processor.py:208} INFO - Processing /home/airflow/.local/lib/python3.12/site-packages/airflow/example_dags/example_trigger_controller_dag.py took 0.038 seconds
[2024-10-06T21:52:08.330+0000] {processor.py:186} INFO - Started process (PID=26541) to work on /home/airflow/.local/lib/python3.12/site-packages/airflow/example_dags/example_trigger_controller_dag.py
[2024-10-06T21:52:08.330+0000] {processor.py:914} INFO - Processing file /home/airflow/.local/lib/python3.12/site-packages/airflow/example_dags/example_trigger_controller_dag.py for tasks to queue
[2024-10-06T21:52:08.331+0000] {logging_mixin.py:190} INFO - [2024-10-06T21:52:08.331+0000] {dagbag.py:587} INFO - Filling up the DagBag from /home/airflow/.local/lib/python3.12/site-packages/airflow/example_dags/example_trigger_controller_dag.py
[2024-10-06T21:52:08.334+0000] {processor.py:925} INFO - DAG(s) 'example_trigger_controller_dag' retrieved from /home/airflow/.local/lib/python3.12/site-packages/airflow/example_dags/example_trigger_controller_dag.py
[2024-10-06T21:52:08.344+0000] {logging_mixin.py:190} INFO - [2024-10-06T21:52:08.344+0000] {dag.py:3229} INFO - Sync 1 DAGs
[2024-10-06T21:52:08.361+0000] {logging_mixin.py:190} INFO - [2024-10-06T21:52:08.361+0000] {dag.py:4156} INFO - Setting next_dagrun for example_trigger_controller_dag to 2021-01-01 00:00:00+00:00, run_after=2021-01-01 00:00:00+00:00
[2024-10-06T21:52:08.370+0000] {processor.py:208} INFO - Processing /home/airflow/.local/lib/python3.12/site-packages/airflow/example_dags/example_trigger_controller_dag.py took 0.043 seconds
[2024-10-06T22:53:03.254+0000] {processor.py:186} INFO - Started process (PID=26611) to work on /home/airflow/.local/lib/python3.12/site-packages/airflow/example_dags/example_trigger_controller_dag.py
[2024-10-06T22:53:03.255+0000] {processor.py:914} INFO - Processing file /home/airflow/.local/lib/python3.12/site-packages/airflow/example_dags/example_trigger_controller_dag.py for tasks to queue
[2024-10-06T22:53:03.255+0000] {logging_mixin.py:190} INFO - [2024-10-06T22:53:03.255+0000] {dagbag.py:587} INFO - Filling up the DagBag from /home/airflow/.local/lib/python3.12/site-packages/airflow/example_dags/example_trigger_controller_dag.py
[2024-10-06T22:53:03.258+0000] {processor.py:925} INFO - DAG(s) 'example_trigger_controller_dag' retrieved from /home/airflow/.local/lib/python3.12/site-packages/airflow/example_dags/example_trigger_controller_dag.py
[2024-10-06T22:53:03.269+0000] {logging_mixin.py:190} INFO - [2024-10-06T22:53:03.268+0000] {dag.py:3229} INFO - Sync 1 DAGs
[2024-10-06T22:53:03.277+0000] {logging_mixin.py:190} INFO - [2024-10-06T22:53:03.277+0000] {dag.py:4156} INFO - Setting next_dagrun for example_trigger_controller_dag to 2021-01-01 00:00:00+00:00, run_after=2021-01-01 00:00:00+00:00
[2024-10-06T22:53:03.284+0000] {processor.py:208} INFO - Processing /home/airflow/.local/lib/python3.12/site-packages/airflow/example_dags/example_trigger_controller_dag.py took 0.033 seconds
[2024-10-06T23:21:11.279+0000] {processor.py:186} INFO - Started process (PID=26681) to work on /home/airflow/.local/lib/python3.12/site-packages/airflow/example_dags/example_trigger_controller_dag.py
[2024-10-06T23:21:11.280+0000] {processor.py:914} INFO - Processing file /home/airflow/.local/lib/python3.12/site-packages/airflow/example_dags/example_trigger_controller_dag.py for tasks to queue
[2024-10-06T23:21:11.281+0000] {logging_mixin.py:190} INFO - [2024-10-06T23:21:11.280+0000] {dagbag.py:587} INFO - Filling up the DagBag from /home/airflow/.local/lib/python3.12/site-packages/airflow/example_dags/example_trigger_controller_dag.py
[2024-10-06T23:21:11.284+0000] {processor.py:925} INFO - DAG(s) 'example_trigger_controller_dag' retrieved from /home/airflow/.local/lib/python3.12/site-packages/airflow/example_dags/example_trigger_controller_dag.py
[2024-10-06T23:21:11.306+0000] {logging_mixin.py:190} INFO - [2024-10-06T23:21:11.305+0000] {dag.py:3229} INFO - Sync 1 DAGs
[2024-10-06T23:21:11.324+0000] {logging_mixin.py:190} INFO - [2024-10-06T23:21:11.324+0000] {dag.py:4156} INFO - Setting next_dagrun for example_trigger_controller_dag to 2021-01-01 00:00:00+00:00, run_after=2021-01-01 00:00:00+00:00
[2024-10-06T23:21:11.336+0000] {processor.py:208} INFO - Processing /home/airflow/.local/lib/python3.12/site-packages/airflow/example_dags/example_trigger_controller_dag.py took 0.061 seconds
[2024-10-06T23:39:12.866+0000] {processor.py:186} INFO - Started process (PID=26751) to work on /home/airflow/.local/lib/python3.12/site-packages/airflow/example_dags/example_trigger_controller_dag.py
[2024-10-06T23:39:12.868+0000] {processor.py:914} INFO - Processing file /home/airflow/.local/lib/python3.12/site-packages/airflow/example_dags/example_trigger_controller_dag.py for tasks to queue
[2024-10-06T23:39:12.871+0000] {logging_mixin.py:190} INFO - [2024-10-06T23:39:12.871+0000] {dagbag.py:587} INFO - Filling up the DagBag from /home/airflow/.local/lib/python3.12/site-packages/airflow/example_dags/example_trigger_controller_dag.py
[2024-10-06T23:39:12.877+0000] {processor.py:925} INFO - DAG(s) 'example_trigger_controller_dag' retrieved from /home/airflow/.local/lib/python3.12/site-packages/airflow/example_dags/example_trigger_controller_dag.py
[2024-10-06T23:39:12.902+0000] {logging_mixin.py:190} INFO - [2024-10-06T23:39:12.902+0000] {dag.py:3229} INFO - Sync 1 DAGs
[2024-10-06T23:39:13.000+0000] {logging_mixin.py:190} INFO - [2024-10-06T23:39:12.999+0000] {dag.py:4156} INFO - Setting next_dagrun for example_trigger_controller_dag to 2021-01-01 00:00:00+00:00, run_after=2021-01-01 00:00:00+00:00
[2024-10-06T23:39:13.023+0000] {processor.py:208} INFO - Processing /home/airflow/.local/lib/python3.12/site-packages/airflow/example_dags/example_trigger_controller_dag.py took 0.165 seconds
