[2024-10-06T00:50:47.672+0000] {processor.py:186} INFO - Started process (PID=24100) to work on /home/airflow/.local/lib/python3.12/site-packages/airflow/example_dags/example_dataset_alias.py
[2024-10-06T00:50:47.673+0000] {processor.py:914} INFO - Processing file /home/airflow/.local/lib/python3.12/site-packages/airflow/example_dags/example_dataset_alias.py for tasks to queue
[2024-10-06T00:50:47.674+0000] {logging_mixin.py:190} INFO - [2024-10-06T00:50:47.674+0000] {dagbag.py:587} INFO - Filling up the DagBag from /home/airflow/.local/lib/python3.12/site-packages/airflow/example_dags/example_dataset_alias.py
[2024-10-06T00:50:47.776+0000] {processor.py:925} INFO - DAG(s) 'dataset_alias_example_alias_producer', 'dataset_s3_bucket_producer', 'dataset_alias_example_alias_consumer', 'dataset_s3_bucket_consumer' retrieved from /home/airflow/.local/lib/python3.12/site-packages/airflow/example_dags/example_dataset_alias.py
[2024-10-06T00:50:47.792+0000] {logging_mixin.py:190} INFO - [2024-10-06T00:50:47.792+0000] {dag.py:3229} INFO - Sync 4 DAGs
[2024-10-06T00:50:47.805+0000] {logging_mixin.py:190} INFO - [2024-10-06T00:50:47.805+0000] {dag.py:4156} INFO - Setting next_dagrun for dataset_alias_example_alias_consumer to None, run_after=None
[2024-10-06T00:50:47.806+0000] {logging_mixin.py:190} INFO - [2024-10-06T00:50:47.806+0000] {dag.py:4156} INFO - Setting next_dagrun for dataset_alias_example_alias_producer to None, run_after=None
[2024-10-06T00:50:47.807+0000] {logging_mixin.py:190} INFO - [2024-10-06T00:50:47.807+0000] {dag.py:4156} INFO - Setting next_dagrun for dataset_s3_bucket_consumer to None, run_after=None
[2024-10-06T00:50:47.808+0000] {logging_mixin.py:190} INFO - [2024-10-06T00:50:47.808+0000] {dag.py:4156} INFO - Setting next_dagrun for dataset_s3_bucket_producer to None, run_after=None
[2024-10-06T00:50:47.831+0000] {processor.py:208} INFO - Processing /home/airflow/.local/lib/python3.12/site-packages/airflow/example_dags/example_dataset_alias.py took 0.165 seconds
[2024-10-06T00:51:18.292+0000] {processor.py:186} INFO - Started process (PID=24170) to work on /home/airflow/.local/lib/python3.12/site-packages/airflow/example_dags/example_dataset_alias.py
[2024-10-06T00:51:18.293+0000] {processor.py:914} INFO - Processing file /home/airflow/.local/lib/python3.12/site-packages/airflow/example_dags/example_dataset_alias.py for tasks to queue
[2024-10-06T00:51:18.293+0000] {logging_mixin.py:190} INFO - [2024-10-06T00:51:18.293+0000] {dagbag.py:587} INFO - Filling up the DagBag from /home/airflow/.local/lib/python3.12/site-packages/airflow/example_dags/example_dataset_alias.py
[2024-10-06T00:51:18.389+0000] {processor.py:925} INFO - DAG(s) 'dataset_alias_example_alias_consumer', 'dataset_s3_bucket_consumer', 'dataset_s3_bucket_producer', 'dataset_alias_example_alias_producer' retrieved from /home/airflow/.local/lib/python3.12/site-packages/airflow/example_dags/example_dataset_alias.py
[2024-10-06T00:51:18.407+0000] {logging_mixin.py:190} INFO - [2024-10-06T00:51:18.407+0000] {dag.py:3229} INFO - Sync 4 DAGs
[2024-10-06T00:51:18.420+0000] {logging_mixin.py:190} INFO - [2024-10-06T00:51:18.420+0000] {dag.py:4156} INFO - Setting next_dagrun for dataset_alias_example_alias_consumer to None, run_after=None
[2024-10-06T00:51:18.425+0000] {logging_mixin.py:190} INFO - [2024-10-06T00:51:18.425+0000] {dag.py:4156} INFO - Setting next_dagrun for dataset_alias_example_alias_producer to None, run_after=None
[2024-10-06T00:51:18.428+0000] {logging_mixin.py:190} INFO - [2024-10-06T00:51:18.428+0000] {dag.py:4156} INFO - Setting next_dagrun for dataset_s3_bucket_consumer to None, run_after=None
[2024-10-06T00:51:18.429+0000] {logging_mixin.py:190} INFO - [2024-10-06T00:51:18.429+0000] {dag.py:4156} INFO - Setting next_dagrun for dataset_s3_bucket_producer to None, run_after=None
[2024-10-06T00:51:18.446+0000] {processor.py:208} INFO - Processing /home/airflow/.local/lib/python3.12/site-packages/airflow/example_dags/example_dataset_alias.py took 0.157 seconds
[2024-10-06T01:51:42.421+0000] {processor.py:186} INFO - Started process (PID=24239) to work on /home/airflow/.local/lib/python3.12/site-packages/airflow/example_dags/example_dataset_alias.py
[2024-10-06T01:51:42.422+0000] {processor.py:914} INFO - Processing file /home/airflow/.local/lib/python3.12/site-packages/airflow/example_dags/example_dataset_alias.py for tasks to queue
[2024-10-06T01:51:42.423+0000] {logging_mixin.py:190} INFO - [2024-10-06T01:51:42.422+0000] {dagbag.py:587} INFO - Filling up the DagBag from /home/airflow/.local/lib/python3.12/site-packages/airflow/example_dags/example_dataset_alias.py
[2024-10-06T01:51:42.520+0000] {processor.py:925} INFO - DAG(s) 'dataset_s3_bucket_producer', 'dataset_s3_bucket_consumer', 'dataset_alias_example_alias_consumer', 'dataset_alias_example_alias_producer' retrieved from /home/airflow/.local/lib/python3.12/site-packages/airflow/example_dags/example_dataset_alias.py
[2024-10-06T01:51:42.537+0000] {logging_mixin.py:190} INFO - [2024-10-06T01:51:42.537+0000] {dag.py:3229} INFO - Sync 4 DAGs
[2024-10-06T01:51:42.551+0000] {logging_mixin.py:190} INFO - [2024-10-06T01:51:42.551+0000] {dag.py:4156} INFO - Setting next_dagrun for dataset_alias_example_alias_consumer to None, run_after=None
[2024-10-06T01:51:42.552+0000] {logging_mixin.py:190} INFO - [2024-10-06T01:51:42.552+0000] {dag.py:4156} INFO - Setting next_dagrun for dataset_alias_example_alias_producer to None, run_after=None
[2024-10-06T01:51:42.553+0000] {logging_mixin.py:190} INFO - [2024-10-06T01:51:42.553+0000] {dag.py:4156} INFO - Setting next_dagrun for dataset_s3_bucket_consumer to None, run_after=None
[2024-10-06T01:51:42.554+0000] {logging_mixin.py:190} INFO - [2024-10-06T01:51:42.554+0000] {dag.py:4156} INFO - Setting next_dagrun for dataset_s3_bucket_producer to None, run_after=None
[2024-10-06T01:51:42.567+0000] {processor.py:208} INFO - Processing /home/airflow/.local/lib/python3.12/site-packages/airflow/example_dags/example_dataset_alias.py took 0.149 seconds
[2024-10-06T02:42:32.356+0000] {processor.py:186} INFO - Started process (PID=24308) to work on /home/airflow/.local/lib/python3.12/site-packages/airflow/example_dags/example_dataset_alias.py
[2024-10-06T02:42:32.357+0000] {processor.py:914} INFO - Processing file /home/airflow/.local/lib/python3.12/site-packages/airflow/example_dags/example_dataset_alias.py for tasks to queue
[2024-10-06T02:42:32.357+0000] {logging_mixin.py:190} INFO - [2024-10-06T02:42:32.357+0000] {dagbag.py:587} INFO - Filling up the DagBag from /home/airflow/.local/lib/python3.12/site-packages/airflow/example_dags/example_dataset_alias.py
[2024-10-06T02:42:32.438+0000] {processor.py:925} INFO - DAG(s) 'dataset_alias_example_alias_consumer', 'dataset_alias_example_alias_producer', 'dataset_s3_bucket_producer', 'dataset_s3_bucket_consumer' retrieved from /home/airflow/.local/lib/python3.12/site-packages/airflow/example_dags/example_dataset_alias.py
[2024-10-06T02:42:32.446+0000] {logging_mixin.py:190} INFO - [2024-10-06T02:42:32.446+0000] {dag.py:3229} INFO - Sync 4 DAGs
[2024-10-06T02:42:32.461+0000] {logging_mixin.py:190} INFO - [2024-10-06T02:42:32.461+0000] {dag.py:4156} INFO - Setting next_dagrun for dataset_alias_example_alias_consumer to None, run_after=None
[2024-10-06T02:42:32.464+0000] {logging_mixin.py:190} INFO - [2024-10-06T02:42:32.464+0000] {dag.py:4156} INFO - Setting next_dagrun for dataset_alias_example_alias_producer to None, run_after=None
[2024-10-06T02:42:32.465+0000] {logging_mixin.py:190} INFO - [2024-10-06T02:42:32.465+0000] {dag.py:4156} INFO - Setting next_dagrun for dataset_s3_bucket_consumer to None, run_after=None
[2024-10-06T02:42:32.465+0000] {logging_mixin.py:190} INFO - [2024-10-06T02:42:32.465+0000] {dag.py:4156} INFO - Setting next_dagrun for dataset_s3_bucket_producer to None, run_after=None
[2024-10-06T02:42:32.481+0000] {processor.py:208} INFO - Processing /home/airflow/.local/lib/python3.12/site-packages/airflow/example_dags/example_dataset_alias.py took 0.129 seconds
[2024-10-06T03:10:36.850+0000] {processor.py:186} INFO - Started process (PID=24378) to work on /home/airflow/.local/lib/python3.12/site-packages/airflow/example_dags/example_dataset_alias.py
[2024-10-06T03:10:36.851+0000] {processor.py:914} INFO - Processing file /home/airflow/.local/lib/python3.12/site-packages/airflow/example_dags/example_dataset_alias.py for tasks to queue
[2024-10-06T03:10:36.853+0000] {logging_mixin.py:190} INFO - [2024-10-06T03:10:36.853+0000] {dagbag.py:587} INFO - Filling up the DagBag from /home/airflow/.local/lib/python3.12/site-packages/airflow/example_dags/example_dataset_alias.py
[2024-10-06T03:10:36.988+0000] {processor.py:925} INFO - DAG(s) 'dataset_s3_bucket_consumer', 'dataset_alias_example_alias_producer', 'dataset_alias_example_alias_consumer', 'dataset_s3_bucket_producer' retrieved from /home/airflow/.local/lib/python3.12/site-packages/airflow/example_dags/example_dataset_alias.py
[2024-10-06T03:10:37.010+0000] {logging_mixin.py:190} INFO - [2024-10-06T03:10:37.009+0000] {dag.py:3229} INFO - Sync 4 DAGs
[2024-10-06T03:10:37.038+0000] {logging_mixin.py:190} INFO - [2024-10-06T03:10:37.037+0000] {dag.py:4156} INFO - Setting next_dagrun for dataset_alias_example_alias_consumer to None, run_after=None
[2024-10-06T03:10:37.043+0000] {logging_mixin.py:190} INFO - [2024-10-06T03:10:37.043+0000] {dag.py:4156} INFO - Setting next_dagrun for dataset_alias_example_alias_producer to None, run_after=None
[2024-10-06T03:10:37.043+0000] {logging_mixin.py:190} INFO - [2024-10-06T03:10:37.043+0000] {dag.py:4156} INFO - Setting next_dagrun for dataset_s3_bucket_consumer to None, run_after=None
[2024-10-06T03:10:37.044+0000] {logging_mixin.py:190} INFO - [2024-10-06T03:10:37.044+0000] {dag.py:4156} INFO - Setting next_dagrun for dataset_s3_bucket_producer to None, run_after=None
[2024-10-06T03:10:37.062+0000] {processor.py:208} INFO - Processing /home/airflow/.local/lib/python3.12/site-packages/airflow/example_dags/example_dataset_alias.py took 0.217 seconds
[2024-10-06T03:53:54.056+0000] {processor.py:186} INFO - Started process (PID=24448) to work on /home/airflow/.local/lib/python3.12/site-packages/airflow/example_dags/example_dataset_alias.py
[2024-10-06T03:53:54.057+0000] {processor.py:914} INFO - Processing file /home/airflow/.local/lib/python3.12/site-packages/airflow/example_dags/example_dataset_alias.py for tasks to queue
[2024-10-06T03:53:54.058+0000] {logging_mixin.py:190} INFO - [2024-10-06T03:53:54.057+0000] {dagbag.py:587} INFO - Filling up the DagBag from /home/airflow/.local/lib/python3.12/site-packages/airflow/example_dags/example_dataset_alias.py
[2024-10-06T03:53:54.165+0000] {processor.py:925} INFO - DAG(s) 'dataset_alias_example_alias_consumer', 'dataset_alias_example_alias_producer', 'dataset_s3_bucket_consumer', 'dataset_s3_bucket_producer' retrieved from /home/airflow/.local/lib/python3.12/site-packages/airflow/example_dags/example_dataset_alias.py
[2024-10-06T03:53:54.176+0000] {logging_mixin.py:190} INFO - [2024-10-06T03:53:54.175+0000] {dag.py:3229} INFO - Sync 4 DAGs
[2024-10-06T03:53:54.187+0000] {logging_mixin.py:190} INFO - [2024-10-06T03:53:54.186+0000] {dag.py:4156} INFO - Setting next_dagrun for dataset_alias_example_alias_consumer to None, run_after=None
[2024-10-06T03:53:54.188+0000] {logging_mixin.py:190} INFO - [2024-10-06T03:53:54.187+0000] {dag.py:4156} INFO - Setting next_dagrun for dataset_alias_example_alias_producer to None, run_after=None
[2024-10-06T03:53:54.188+0000] {logging_mixin.py:190} INFO - [2024-10-06T03:53:54.188+0000] {dag.py:4156} INFO - Setting next_dagrun for dataset_s3_bucket_consumer to None, run_after=None
[2024-10-06T03:53:54.189+0000] {logging_mixin.py:190} INFO - [2024-10-06T03:53:54.189+0000] {dag.py:4156} INFO - Setting next_dagrun for dataset_s3_bucket_producer to None, run_after=None
[2024-10-06T03:53:54.202+0000] {processor.py:208} INFO - Processing /home/airflow/.local/lib/python3.12/site-packages/airflow/example_dags/example_dataset_alias.py took 0.149 seconds
[2024-10-06T04:44:16.500+0000] {processor.py:186} INFO - Started process (PID=24518) to work on /home/airflow/.local/lib/python3.12/site-packages/airflow/example_dags/example_dataset_alias.py
[2024-10-06T04:44:16.501+0000] {processor.py:914} INFO - Processing file /home/airflow/.local/lib/python3.12/site-packages/airflow/example_dags/example_dataset_alias.py for tasks to queue
[2024-10-06T04:44:16.503+0000] {logging_mixin.py:190} INFO - [2024-10-06T04:44:16.503+0000] {dagbag.py:587} INFO - Filling up the DagBag from /home/airflow/.local/lib/python3.12/site-packages/airflow/example_dags/example_dataset_alias.py
[2024-10-06T04:44:16.677+0000] {processor.py:925} INFO - DAG(s) 'dataset_s3_bucket_consumer', 'dataset_s3_bucket_producer', 'dataset_alias_example_alias_producer', 'dataset_alias_example_alias_consumer' retrieved from /home/airflow/.local/lib/python3.12/site-packages/airflow/example_dags/example_dataset_alias.py
[2024-10-06T04:44:16.705+0000] {logging_mixin.py:190} INFO - [2024-10-06T04:44:16.705+0000] {dag.py:3229} INFO - Sync 4 DAGs
[2024-10-06T04:44:16.733+0000] {logging_mixin.py:190} INFO - [2024-10-06T04:44:16.733+0000] {dag.py:4156} INFO - Setting next_dagrun for dataset_alias_example_alias_consumer to None, run_after=None
[2024-10-06T04:44:16.736+0000] {logging_mixin.py:190} INFO - [2024-10-06T04:44:16.736+0000] {dag.py:4156} INFO - Setting next_dagrun for dataset_alias_example_alias_producer to None, run_after=None
[2024-10-06T04:44:16.739+0000] {logging_mixin.py:190} INFO - [2024-10-06T04:44:16.738+0000] {dag.py:4156} INFO - Setting next_dagrun for dataset_s3_bucket_consumer to None, run_after=None
[2024-10-06T04:44:16.740+0000] {logging_mixin.py:190} INFO - [2024-10-06T04:44:16.740+0000] {dag.py:4156} INFO - Setting next_dagrun for dataset_s3_bucket_producer to None, run_after=None
[2024-10-06T04:44:16.768+0000] {processor.py:208} INFO - Processing /home/airflow/.local/lib/python3.12/site-packages/airflow/example_dags/example_dataset_alias.py took 0.271 seconds
[2024-10-06T05:45:10.894+0000] {processor.py:186} INFO - Started process (PID=24588) to work on /home/airflow/.local/lib/python3.12/site-packages/airflow/example_dags/example_dataset_alias.py
[2024-10-06T05:45:10.895+0000] {processor.py:914} INFO - Processing file /home/airflow/.local/lib/python3.12/site-packages/airflow/example_dags/example_dataset_alias.py for tasks to queue
[2024-10-06T05:45:10.898+0000] {logging_mixin.py:190} INFO - [2024-10-06T05:45:10.897+0000] {dagbag.py:587} INFO - Filling up the DagBag from /home/airflow/.local/lib/python3.12/site-packages/airflow/example_dags/example_dataset_alias.py
[2024-10-06T05:45:10.987+0000] {processor.py:925} INFO - DAG(s) 'dataset_alias_example_alias_producer', 'dataset_s3_bucket_consumer', 'dataset_alias_example_alias_consumer', 'dataset_s3_bucket_producer' retrieved from /home/airflow/.local/lib/python3.12/site-packages/airflow/example_dags/example_dataset_alias.py
[2024-10-06T05:45:10.996+0000] {logging_mixin.py:190} INFO - [2024-10-06T05:45:10.996+0000] {dag.py:3229} INFO - Sync 4 DAGs
[2024-10-06T05:45:11.010+0000] {logging_mixin.py:190} INFO - [2024-10-06T05:45:11.009+0000] {dag.py:4156} INFO - Setting next_dagrun for dataset_alias_example_alias_consumer to None, run_after=None
[2024-10-06T05:45:11.013+0000] {logging_mixin.py:190} INFO - [2024-10-06T05:45:11.013+0000] {dag.py:4156} INFO - Setting next_dagrun for dataset_alias_example_alias_producer to None, run_after=None
[2024-10-06T05:45:11.014+0000] {logging_mixin.py:190} INFO - [2024-10-06T05:45:11.013+0000] {dag.py:4156} INFO - Setting next_dagrun for dataset_s3_bucket_consumer to None, run_after=None
[2024-10-06T05:45:11.015+0000] {logging_mixin.py:190} INFO - [2024-10-06T05:45:11.015+0000] {dag.py:4156} INFO - Setting next_dagrun for dataset_s3_bucket_producer to None, run_after=None
[2024-10-06T05:45:11.037+0000] {processor.py:208} INFO - Processing /home/airflow/.local/lib/python3.12/site-packages/airflow/example_dags/example_dataset_alias.py took 0.146 seconds
[2024-10-06T06:27:11.498+0000] {processor.py:186} INFO - Started process (PID=24658) to work on /home/airflow/.local/lib/python3.12/site-packages/airflow/example_dags/example_dataset_alias.py
[2024-10-06T06:27:11.501+0000] {processor.py:914} INFO - Processing file /home/airflow/.local/lib/python3.12/site-packages/airflow/example_dags/example_dataset_alias.py for tasks to queue
[2024-10-06T06:27:11.503+0000] {logging_mixin.py:190} INFO - [2024-10-06T06:27:11.503+0000] {dagbag.py:587} INFO - Filling up the DagBag from /home/airflow/.local/lib/python3.12/site-packages/airflow/example_dags/example_dataset_alias.py
[2024-10-06T06:27:11.597+0000] {processor.py:925} INFO - DAG(s) 'dataset_alias_example_alias_producer', 'dataset_alias_example_alias_consumer', 'dataset_s3_bucket_producer', 'dataset_s3_bucket_consumer' retrieved from /home/airflow/.local/lib/python3.12/site-packages/airflow/example_dags/example_dataset_alias.py
[2024-10-06T06:27:11.607+0000] {logging_mixin.py:190} INFO - [2024-10-06T06:27:11.606+0000] {dag.py:3229} INFO - Sync 4 DAGs
[2024-10-06T06:27:11.618+0000] {logging_mixin.py:190} INFO - [2024-10-06T06:27:11.618+0000] {dag.py:4156} INFO - Setting next_dagrun for dataset_alias_example_alias_consumer to None, run_after=None
[2024-10-06T06:27:11.619+0000] {logging_mixin.py:190} INFO - [2024-10-06T06:27:11.619+0000] {dag.py:4156} INFO - Setting next_dagrun for dataset_alias_example_alias_producer to None, run_after=None
[2024-10-06T06:27:11.623+0000] {logging_mixin.py:190} INFO - [2024-10-06T06:27:11.623+0000] {dag.py:4156} INFO - Setting next_dagrun for dataset_s3_bucket_consumer to None, run_after=None
[2024-10-06T06:27:11.626+0000] {logging_mixin.py:190} INFO - [2024-10-06T06:27:11.626+0000] {dag.py:4156} INFO - Setting next_dagrun for dataset_s3_bucket_producer to None, run_after=None
[2024-10-06T06:27:11.636+0000] {processor.py:208} INFO - Processing /home/airflow/.local/lib/python3.12/site-packages/airflow/example_dags/example_dataset_alias.py took 0.141 seconds
[2024-10-06T06:56:40.131+0000] {processor.py:186} INFO - Started process (PID=24728) to work on /home/airflow/.local/lib/python3.12/site-packages/airflow/example_dags/example_dataset_alias.py
[2024-10-06T06:56:40.132+0000] {processor.py:914} INFO - Processing file /home/airflow/.local/lib/python3.12/site-packages/airflow/example_dags/example_dataset_alias.py for tasks to queue
[2024-10-06T06:56:40.133+0000] {logging_mixin.py:190} INFO - [2024-10-06T06:56:40.133+0000] {dagbag.py:587} INFO - Filling up the DagBag from /home/airflow/.local/lib/python3.12/site-packages/airflow/example_dags/example_dataset_alias.py
[2024-10-06T06:56:40.248+0000] {processor.py:925} INFO - DAG(s) 'dataset_alias_example_alias_producer', 'dataset_s3_bucket_producer', 'dataset_s3_bucket_consumer', 'dataset_alias_example_alias_consumer' retrieved from /home/airflow/.local/lib/python3.12/site-packages/airflow/example_dags/example_dataset_alias.py
[2024-10-06T06:56:40.265+0000] {logging_mixin.py:190} INFO - [2024-10-06T06:56:40.265+0000] {dag.py:3229} INFO - Sync 4 DAGs
[2024-10-06T06:56:40.300+0000] {logging_mixin.py:190} INFO - [2024-10-06T06:56:40.299+0000] {dag.py:4156} INFO - Setting next_dagrun for dataset_alias_example_alias_consumer to None, run_after=None
[2024-10-06T06:56:40.304+0000] {logging_mixin.py:190} INFO - [2024-10-06T06:56:40.304+0000] {dag.py:4156} INFO - Setting next_dagrun for dataset_alias_example_alias_producer to None, run_after=None
[2024-10-06T06:56:40.306+0000] {logging_mixin.py:190} INFO - [2024-10-06T06:56:40.306+0000] {dag.py:4156} INFO - Setting next_dagrun for dataset_s3_bucket_consumer to None, run_after=None
[2024-10-06T06:56:40.307+0000] {logging_mixin.py:190} INFO - [2024-10-06T06:56:40.307+0000] {dag.py:4156} INFO - Setting next_dagrun for dataset_s3_bucket_producer to None, run_after=None
[2024-10-06T06:56:40.327+0000] {processor.py:208} INFO - Processing /home/airflow/.local/lib/python3.12/site-packages/airflow/example_dags/example_dataset_alias.py took 0.200 seconds
[2024-10-06T07:29:04.221+0000] {processor.py:186} INFO - Started process (PID=24798) to work on /home/airflow/.local/lib/python3.12/site-packages/airflow/example_dags/example_dataset_alias.py
[2024-10-06T07:29:04.230+0000] {processor.py:914} INFO - Processing file /home/airflow/.local/lib/python3.12/site-packages/airflow/example_dags/example_dataset_alias.py for tasks to queue
[2024-10-06T07:29:04.236+0000] {logging_mixin.py:190} INFO - [2024-10-06T07:29:04.236+0000] {dagbag.py:587} INFO - Filling up the DagBag from /home/airflow/.local/lib/python3.12/site-packages/airflow/example_dags/example_dataset_alias.py
[2024-10-06T07:29:04.376+0000] {processor.py:925} INFO - DAG(s) 'dataset_s3_bucket_producer', 'dataset_s3_bucket_consumer', 'dataset_alias_example_alias_consumer', 'dataset_alias_example_alias_producer' retrieved from /home/airflow/.local/lib/python3.12/site-packages/airflow/example_dags/example_dataset_alias.py
[2024-10-06T07:29:04.392+0000] {logging_mixin.py:190} INFO - [2024-10-06T07:29:04.392+0000] {dag.py:3229} INFO - Sync 4 DAGs
[2024-10-06T07:29:04.408+0000] {logging_mixin.py:190} INFO - [2024-10-06T07:29:04.408+0000] {dag.py:4156} INFO - Setting next_dagrun for dataset_alias_example_alias_consumer to None, run_after=None
[2024-10-06T07:29:04.411+0000] {logging_mixin.py:190} INFO - [2024-10-06T07:29:04.411+0000] {dag.py:4156} INFO - Setting next_dagrun for dataset_alias_example_alias_producer to None, run_after=None
[2024-10-06T07:29:04.412+0000] {logging_mixin.py:190} INFO - [2024-10-06T07:29:04.412+0000] {dag.py:4156} INFO - Setting next_dagrun for dataset_s3_bucket_consumer to None, run_after=None
[2024-10-06T07:29:04.413+0000] {logging_mixin.py:190} INFO - [2024-10-06T07:29:04.413+0000] {dag.py:4156} INFO - Setting next_dagrun for dataset_s3_bucket_producer to None, run_after=None
[2024-10-06T07:29:04.430+0000] {processor.py:208} INFO - Processing /home/airflow/.local/lib/python3.12/site-packages/airflow/example_dags/example_dataset_alias.py took 0.221 seconds
[2024-10-06T07:57:57.867+0000] {processor.py:186} INFO - Started process (PID=24868) to work on /home/airflow/.local/lib/python3.12/site-packages/airflow/example_dags/example_dataset_alias.py
[2024-10-06T07:57:57.871+0000] {processor.py:914} INFO - Processing file /home/airflow/.local/lib/python3.12/site-packages/airflow/example_dags/example_dataset_alias.py for tasks to queue
[2024-10-06T07:57:57.871+0000] {logging_mixin.py:190} INFO - [2024-10-06T07:57:57.871+0000] {dagbag.py:587} INFO - Filling up the DagBag from /home/airflow/.local/lib/python3.12/site-packages/airflow/example_dags/example_dataset_alias.py
[2024-10-06T07:57:57.952+0000] {processor.py:925} INFO - DAG(s) 'dataset_alias_example_alias_producer', 'dataset_s3_bucket_producer', 'dataset_s3_bucket_consumer', 'dataset_alias_example_alias_consumer' retrieved from /home/airflow/.local/lib/python3.12/site-packages/airflow/example_dags/example_dataset_alias.py
[2024-10-06T07:57:57.962+0000] {logging_mixin.py:190} INFO - [2024-10-06T07:57:57.962+0000] {dag.py:3229} INFO - Sync 4 DAGs
[2024-10-06T07:57:57.979+0000] {logging_mixin.py:190} INFO - [2024-10-06T07:57:57.979+0000] {dag.py:4156} INFO - Setting next_dagrun for dataset_alias_example_alias_consumer to None, run_after=None
[2024-10-06T07:57:57.982+0000] {logging_mixin.py:190} INFO - [2024-10-06T07:57:57.982+0000] {dag.py:4156} INFO - Setting next_dagrun for dataset_alias_example_alias_producer to None, run_after=None
[2024-10-06T07:57:57.983+0000] {logging_mixin.py:190} INFO - [2024-10-06T07:57:57.983+0000] {dag.py:4156} INFO - Setting next_dagrun for dataset_s3_bucket_consumer to None, run_after=None
[2024-10-06T07:57:57.984+0000] {logging_mixin.py:190} INFO - [2024-10-06T07:57:57.983+0000] {dag.py:4156} INFO - Setting next_dagrun for dataset_s3_bucket_producer to None, run_after=None
[2024-10-06T07:57:57.996+0000] {processor.py:208} INFO - Processing /home/airflow/.local/lib/python3.12/site-packages/airflow/example_dags/example_dataset_alias.py took 0.132 seconds
[2024-10-06T08:02:59.756+0000] {processor.py:186} INFO - Started process (PID=24938) to work on /home/airflow/.local/lib/python3.12/site-packages/airflow/example_dags/example_dataset_alias.py
[2024-10-06T08:02:59.758+0000] {processor.py:914} INFO - Processing file /home/airflow/.local/lib/python3.12/site-packages/airflow/example_dags/example_dataset_alias.py for tasks to queue
[2024-10-06T08:02:59.759+0000] {logging_mixin.py:190} INFO - [2024-10-06T08:02:59.759+0000] {dagbag.py:587} INFO - Filling up the DagBag from /home/airflow/.local/lib/python3.12/site-packages/airflow/example_dags/example_dataset_alias.py
[2024-10-06T08:02:59.844+0000] {processor.py:925} INFO - DAG(s) 'dataset_s3_bucket_consumer', 'dataset_s3_bucket_producer', 'dataset_alias_example_alias_consumer', 'dataset_alias_example_alias_producer' retrieved from /home/airflow/.local/lib/python3.12/site-packages/airflow/example_dags/example_dataset_alias.py
[2024-10-06T08:02:59.856+0000] {logging_mixin.py:190} INFO - [2024-10-06T08:02:59.856+0000] {dag.py:3229} INFO - Sync 4 DAGs
[2024-10-06T08:02:59.866+0000] {logging_mixin.py:190} INFO - [2024-10-06T08:02:59.866+0000] {dag.py:4156} INFO - Setting next_dagrun for dataset_alias_example_alias_consumer to None, run_after=None
[2024-10-06T08:02:59.868+0000] {logging_mixin.py:190} INFO - [2024-10-06T08:02:59.868+0000] {dag.py:4156} INFO - Setting next_dagrun for dataset_alias_example_alias_producer to None, run_after=None
[2024-10-06T08:02:59.869+0000] {logging_mixin.py:190} INFO - [2024-10-06T08:02:59.869+0000] {dag.py:4156} INFO - Setting next_dagrun for dataset_s3_bucket_consumer to None, run_after=None
[2024-10-06T08:02:59.874+0000] {logging_mixin.py:190} INFO - [2024-10-06T08:02:59.874+0000] {dag.py:4156} INFO - Setting next_dagrun for dataset_s3_bucket_producer to None, run_after=None
[2024-10-06T08:02:59.891+0000] {processor.py:208} INFO - Processing /home/airflow/.local/lib/python3.12/site-packages/airflow/example_dags/example_dataset_alias.py took 0.138 seconds
[2024-10-06T08:03:30.804+0000] {processor.py:186} INFO - Started process (PID=25008) to work on /home/airflow/.local/lib/python3.12/site-packages/airflow/example_dags/example_dataset_alias.py
[2024-10-06T08:03:30.804+0000] {processor.py:914} INFO - Processing file /home/airflow/.local/lib/python3.12/site-packages/airflow/example_dags/example_dataset_alias.py for tasks to queue
[2024-10-06T08:03:30.805+0000] {logging_mixin.py:190} INFO - [2024-10-06T08:03:30.805+0000] {dagbag.py:587} INFO - Filling up the DagBag from /home/airflow/.local/lib/python3.12/site-packages/airflow/example_dags/example_dataset_alias.py
[2024-10-06T08:03:30.945+0000] {processor.py:925} INFO - DAG(s) 'dataset_s3_bucket_consumer', 'dataset_alias_example_alias_producer', 'dataset_alias_example_alias_consumer', 'dataset_s3_bucket_producer' retrieved from /home/airflow/.local/lib/python3.12/site-packages/airflow/example_dags/example_dataset_alias.py
[2024-10-06T08:03:30.962+0000] {logging_mixin.py:190} INFO - [2024-10-06T08:03:30.962+0000] {dag.py:3229} INFO - Sync 4 DAGs
[2024-10-06T08:03:30.975+0000] {logging_mixin.py:190} INFO - [2024-10-06T08:03:30.975+0000] {dag.py:4156} INFO - Setting next_dagrun for dataset_alias_example_alias_consumer to None, run_after=None
[2024-10-06T08:03:30.976+0000] {logging_mixin.py:190} INFO - [2024-10-06T08:03:30.976+0000] {dag.py:4156} INFO - Setting next_dagrun for dataset_alias_example_alias_producer to None, run_after=None
[2024-10-06T08:03:30.979+0000] {logging_mixin.py:190} INFO - [2024-10-06T08:03:30.979+0000] {dag.py:4156} INFO - Setting next_dagrun for dataset_s3_bucket_consumer to None, run_after=None
[2024-10-06T08:03:30.981+0000] {logging_mixin.py:190} INFO - [2024-10-06T08:03:30.981+0000] {dag.py:4156} INFO - Setting next_dagrun for dataset_s3_bucket_producer to None, run_after=None
[2024-10-06T08:03:30.997+0000] {processor.py:208} INFO - Processing /home/airflow/.local/lib/python3.12/site-packages/airflow/example_dags/example_dataset_alias.py took 0.197 seconds
[2024-10-06T09:43:49.098+0000] {processor.py:186} INFO - Started process (PID=25078) to work on /home/airflow/.local/lib/python3.12/site-packages/airflow/example_dags/example_dataset_alias.py
[2024-10-06T09:43:49.101+0000] {processor.py:914} INFO - Processing file /home/airflow/.local/lib/python3.12/site-packages/airflow/example_dags/example_dataset_alias.py for tasks to queue
[2024-10-06T09:43:49.104+0000] {logging_mixin.py:190} INFO - [2024-10-06T09:43:49.103+0000] {dagbag.py:587} INFO - Filling up the DagBag from /home/airflow/.local/lib/python3.12/site-packages/airflow/example_dags/example_dataset_alias.py
[2024-10-06T09:43:49.226+0000] {processor.py:925} INFO - DAG(s) 'dataset_alias_example_alias_consumer', 'dataset_s3_bucket_consumer', 'dataset_s3_bucket_producer', 'dataset_alias_example_alias_producer' retrieved from /home/airflow/.local/lib/python3.12/site-packages/airflow/example_dags/example_dataset_alias.py
[2024-10-06T09:43:49.239+0000] {logging_mixin.py:190} INFO - [2024-10-06T09:43:49.239+0000] {dag.py:3229} INFO - Sync 4 DAGs
[2024-10-06T09:43:49.251+0000] {logging_mixin.py:190} INFO - [2024-10-06T09:43:49.251+0000] {dag.py:4156} INFO - Setting next_dagrun for dataset_alias_example_alias_consumer to None, run_after=None
[2024-10-06T09:43:49.252+0000] {logging_mixin.py:190} INFO - [2024-10-06T09:43:49.252+0000] {dag.py:4156} INFO - Setting next_dagrun for dataset_alias_example_alias_producer to None, run_after=None
[2024-10-06T09:43:49.252+0000] {logging_mixin.py:190} INFO - [2024-10-06T09:43:49.252+0000] {dag.py:4156} INFO - Setting next_dagrun for dataset_s3_bucket_consumer to None, run_after=None
[2024-10-06T09:43:49.253+0000] {logging_mixin.py:190} INFO - [2024-10-06T09:43:49.253+0000] {dag.py:4156} INFO - Setting next_dagrun for dataset_s3_bucket_producer to None, run_after=None
[2024-10-06T09:43:49.266+0000] {processor.py:208} INFO - Processing /home/airflow/.local/lib/python3.12/site-packages/airflow/example_dags/example_dataset_alias.py took 0.175 seconds
[2024-10-06T10:16:44.068+0000] {processor.py:186} INFO - Started process (PID=25147) to work on /home/airflow/.local/lib/python3.12/site-packages/airflow/example_dags/example_dataset_alias.py
[2024-10-06T10:16:44.071+0000] {processor.py:914} INFO - Processing file /home/airflow/.local/lib/python3.12/site-packages/airflow/example_dags/example_dataset_alias.py for tasks to queue
[2024-10-06T10:16:44.072+0000] {logging_mixin.py:190} INFO - [2024-10-06T10:16:44.072+0000] {dagbag.py:587} INFO - Filling up the DagBag from /home/airflow/.local/lib/python3.12/site-packages/airflow/example_dags/example_dataset_alias.py
[2024-10-06T10:16:44.263+0000] {processor.py:925} INFO - DAG(s) 'dataset_s3_bucket_producer', 'dataset_alias_example_alias_consumer', 'dataset_s3_bucket_consumer', 'dataset_alias_example_alias_producer' retrieved from /home/airflow/.local/lib/python3.12/site-packages/airflow/example_dags/example_dataset_alias.py
[2024-10-06T10:16:44.285+0000] {logging_mixin.py:190} INFO - [2024-10-06T10:16:44.285+0000] {dag.py:3229} INFO - Sync 4 DAGs
[2024-10-06T10:16:44.299+0000] {logging_mixin.py:190} INFO - [2024-10-06T10:16:44.299+0000] {dag.py:4156} INFO - Setting next_dagrun for dataset_alias_example_alias_consumer to None, run_after=None
[2024-10-06T10:16:44.300+0000] {logging_mixin.py:190} INFO - [2024-10-06T10:16:44.300+0000] {dag.py:4156} INFO - Setting next_dagrun for dataset_alias_example_alias_producer to None, run_after=None
[2024-10-06T10:16:44.301+0000] {logging_mixin.py:190} INFO - [2024-10-06T10:16:44.301+0000] {dag.py:4156} INFO - Setting next_dagrun for dataset_s3_bucket_consumer to None, run_after=None
[2024-10-06T10:16:44.301+0000] {logging_mixin.py:190} INFO - [2024-10-06T10:16:44.301+0000] {dag.py:4156} INFO - Setting next_dagrun for dataset_s3_bucket_producer to None, run_after=None
[2024-10-06T10:16:44.320+0000] {processor.py:208} INFO - Processing /home/airflow/.local/lib/python3.12/site-packages/airflow/example_dags/example_dataset_alias.py took 0.258 seconds
[2024-10-06T11:20:56.380+0000] {processor.py:186} INFO - Started process (PID=25217) to work on /home/airflow/.local/lib/python3.12/site-packages/airflow/example_dags/example_dataset_alias.py
[2024-10-06T11:20:56.382+0000] {processor.py:914} INFO - Processing file /home/airflow/.local/lib/python3.12/site-packages/airflow/example_dags/example_dataset_alias.py for tasks to queue
[2024-10-06T11:20:56.383+0000] {logging_mixin.py:190} INFO - [2024-10-06T11:20:56.382+0000] {dagbag.py:587} INFO - Filling up the DagBag from /home/airflow/.local/lib/python3.12/site-packages/airflow/example_dags/example_dataset_alias.py
[2024-10-06T11:20:56.503+0000] {processor.py:925} INFO - DAG(s) 'dataset_s3_bucket_producer', 'dataset_s3_bucket_consumer', 'dataset_alias_example_alias_consumer', 'dataset_alias_example_alias_producer' retrieved from /home/airflow/.local/lib/python3.12/site-packages/airflow/example_dags/example_dataset_alias.py
[2024-10-06T11:20:56.520+0000] {logging_mixin.py:190} INFO - [2024-10-06T11:20:56.520+0000] {dag.py:3229} INFO - Sync 4 DAGs
[2024-10-06T11:20:56.542+0000] {logging_mixin.py:190} INFO - [2024-10-06T11:20:56.542+0000] {dag.py:4156} INFO - Setting next_dagrun for dataset_alias_example_alias_consumer to None, run_after=None
[2024-10-06T11:20:56.544+0000] {logging_mixin.py:190} INFO - [2024-10-06T11:20:56.543+0000] {dag.py:4156} INFO - Setting next_dagrun for dataset_alias_example_alias_producer to None, run_after=None
[2024-10-06T11:20:56.544+0000] {logging_mixin.py:190} INFO - [2024-10-06T11:20:56.544+0000] {dag.py:4156} INFO - Setting next_dagrun for dataset_s3_bucket_consumer to None, run_after=None
[2024-10-06T11:20:56.545+0000] {logging_mixin.py:190} INFO - [2024-10-06T11:20:56.545+0000] {dag.py:4156} INFO - Setting next_dagrun for dataset_s3_bucket_producer to None, run_after=None
[2024-10-06T11:20:56.555+0000] {processor.py:208} INFO - Processing /home/airflow/.local/lib/python3.12/site-packages/airflow/example_dags/example_dataset_alias.py took 0.180 seconds
[2024-10-06T13:00:04.945+0000] {processor.py:186} INFO - Started process (PID=25287) to work on /home/airflow/.local/lib/python3.12/site-packages/airflow/example_dags/example_dataset_alias.py
[2024-10-06T13:00:04.945+0000] {processor.py:914} INFO - Processing file /home/airflow/.local/lib/python3.12/site-packages/airflow/example_dags/example_dataset_alias.py for tasks to queue
[2024-10-06T13:00:04.946+0000] {logging_mixin.py:190} INFO - [2024-10-06T13:00:04.946+0000] {dagbag.py:587} INFO - Filling up the DagBag from /home/airflow/.local/lib/python3.12/site-packages/airflow/example_dags/example_dataset_alias.py
[2024-10-06T13:00:05.034+0000] {processor.py:925} INFO - DAG(s) 'dataset_alias_example_alias_producer', 'dataset_s3_bucket_producer', 'dataset_s3_bucket_consumer', 'dataset_alias_example_alias_consumer' retrieved from /home/airflow/.local/lib/python3.12/site-packages/airflow/example_dags/example_dataset_alias.py
[2024-10-06T13:00:05.046+0000] {logging_mixin.py:190} INFO - [2024-10-06T13:00:05.046+0000] {dag.py:3229} INFO - Sync 4 DAGs
[2024-10-06T13:00:05.057+0000] {logging_mixin.py:190} INFO - [2024-10-06T13:00:05.057+0000] {dag.py:4156} INFO - Setting next_dagrun for dataset_alias_example_alias_consumer to None, run_after=None
[2024-10-06T13:00:05.059+0000] {logging_mixin.py:190} INFO - [2024-10-06T13:00:05.059+0000] {dag.py:4156} INFO - Setting next_dagrun for dataset_alias_example_alias_producer to None, run_after=None
[2024-10-06T13:00:05.060+0000] {logging_mixin.py:190} INFO - [2024-10-06T13:00:05.060+0000] {dag.py:4156} INFO - Setting next_dagrun for dataset_s3_bucket_consumer to None, run_after=None
[2024-10-06T13:00:05.061+0000] {logging_mixin.py:190} INFO - [2024-10-06T13:00:05.061+0000] {dag.py:4156} INFO - Setting next_dagrun for dataset_s3_bucket_producer to None, run_after=None
[2024-10-06T13:00:05.069+0000] {processor.py:208} INFO - Processing /home/airflow/.local/lib/python3.12/site-packages/airflow/example_dags/example_dataset_alias.py took 0.127 seconds
[2024-10-06T13:48:16.268+0000] {processor.py:186} INFO - Started process (PID=25357) to work on /home/airflow/.local/lib/python3.12/site-packages/airflow/example_dags/example_dataset_alias.py
[2024-10-06T13:48:16.269+0000] {processor.py:914} INFO - Processing file /home/airflow/.local/lib/python3.12/site-packages/airflow/example_dags/example_dataset_alias.py for tasks to queue
[2024-10-06T13:48:16.270+0000] {logging_mixin.py:190} INFO - [2024-10-06T13:48:16.270+0000] {dagbag.py:587} INFO - Filling up the DagBag from /home/airflow/.local/lib/python3.12/site-packages/airflow/example_dags/example_dataset_alias.py
[2024-10-06T13:48:16.367+0000] {processor.py:925} INFO - DAG(s) 'dataset_s3_bucket_producer', 'dataset_alias_example_alias_consumer', 'dataset_alias_example_alias_producer', 'dataset_s3_bucket_consumer' retrieved from /home/airflow/.local/lib/python3.12/site-packages/airflow/example_dags/example_dataset_alias.py
[2024-10-06T13:48:16.383+0000] {logging_mixin.py:190} INFO - [2024-10-06T13:48:16.383+0000] {dag.py:3229} INFO - Sync 4 DAGs
[2024-10-06T13:48:16.395+0000] {logging_mixin.py:190} INFO - [2024-10-06T13:48:16.395+0000] {dag.py:4156} INFO - Setting next_dagrun for dataset_alias_example_alias_consumer to None, run_after=None
[2024-10-06T13:48:16.398+0000] {logging_mixin.py:190} INFO - [2024-10-06T13:48:16.398+0000] {dag.py:4156} INFO - Setting next_dagrun for dataset_alias_example_alias_producer to None, run_after=None
[2024-10-06T13:48:16.400+0000] {logging_mixin.py:190} INFO - [2024-10-06T13:48:16.400+0000] {dag.py:4156} INFO - Setting next_dagrun for dataset_s3_bucket_consumer to None, run_after=None
[2024-10-06T13:48:16.400+0000] {logging_mixin.py:190} INFO - [2024-10-06T13:48:16.400+0000] {dag.py:4156} INFO - Setting next_dagrun for dataset_s3_bucket_producer to None, run_after=None
[2024-10-06T13:48:16.414+0000] {processor.py:208} INFO - Processing /home/airflow/.local/lib/python3.12/site-packages/airflow/example_dags/example_dataset_alias.py took 0.149 seconds
[2024-10-06T13:55:51.865+0000] {processor.py:186} INFO - Started process (PID=25427) to work on /home/airflow/.local/lib/python3.12/site-packages/airflow/example_dags/example_dataset_alias.py
[2024-10-06T13:55:51.867+0000] {processor.py:914} INFO - Processing file /home/airflow/.local/lib/python3.12/site-packages/airflow/example_dags/example_dataset_alias.py for tasks to queue
[2024-10-06T13:55:51.868+0000] {logging_mixin.py:190} INFO - [2024-10-06T13:55:51.867+0000] {dagbag.py:587} INFO - Filling up the DagBag from /home/airflow/.local/lib/python3.12/site-packages/airflow/example_dags/example_dataset_alias.py
[2024-10-06T13:55:51.980+0000] {processor.py:925} INFO - DAG(s) 'dataset_s3_bucket_consumer', 'dataset_alias_example_alias_consumer', 'dataset_s3_bucket_producer', 'dataset_alias_example_alias_producer' retrieved from /home/airflow/.local/lib/python3.12/site-packages/airflow/example_dags/example_dataset_alias.py
[2024-10-06T13:55:51.992+0000] {logging_mixin.py:190} INFO - [2024-10-06T13:55:51.992+0000] {dag.py:3229} INFO - Sync 4 DAGs
[2024-10-06T13:55:52.008+0000] {logging_mixin.py:190} INFO - [2024-10-06T13:55:52.007+0000] {dag.py:4156} INFO - Setting next_dagrun for dataset_alias_example_alias_consumer to None, run_after=None
[2024-10-06T13:55:52.010+0000] {logging_mixin.py:190} INFO - [2024-10-06T13:55:52.010+0000] {dag.py:4156} INFO - Setting next_dagrun for dataset_alias_example_alias_producer to None, run_after=None
[2024-10-06T13:55:52.010+0000] {logging_mixin.py:190} INFO - [2024-10-06T13:55:52.010+0000] {dag.py:4156} INFO - Setting next_dagrun for dataset_s3_bucket_consumer to None, run_after=None
[2024-10-06T13:55:52.011+0000] {logging_mixin.py:190} INFO - [2024-10-06T13:55:52.010+0000] {dag.py:4156} INFO - Setting next_dagrun for dataset_s3_bucket_producer to None, run_after=None
[2024-10-06T13:55:52.039+0000] {processor.py:208} INFO - Processing /home/airflow/.local/lib/python3.12/site-packages/airflow/example_dags/example_dataset_alias.py took 0.181 seconds
[2024-10-06T14:56:50.361+0000] {processor.py:186} INFO - Started process (PID=25497) to work on /home/airflow/.local/lib/python3.12/site-packages/airflow/example_dags/example_dataset_alias.py
[2024-10-06T14:56:50.364+0000] {processor.py:914} INFO - Processing file /home/airflow/.local/lib/python3.12/site-packages/airflow/example_dags/example_dataset_alias.py for tasks to queue
[2024-10-06T14:56:50.365+0000] {logging_mixin.py:190} INFO - [2024-10-06T14:56:50.365+0000] {dagbag.py:587} INFO - Filling up the DagBag from /home/airflow/.local/lib/python3.12/site-packages/airflow/example_dags/example_dataset_alias.py
[2024-10-06T14:56:50.674+0000] {processor.py:925} INFO - DAG(s) 'dataset_alias_example_alias_consumer', 'dataset_s3_bucket_producer', 'dataset_s3_bucket_consumer', 'dataset_alias_example_alias_producer' retrieved from /home/airflow/.local/lib/python3.12/site-packages/airflow/example_dags/example_dataset_alias.py
[2024-10-06T14:56:50.709+0000] {logging_mixin.py:190} INFO - [2024-10-06T14:56:50.709+0000] {dag.py:3229} INFO - Sync 4 DAGs
[2024-10-06T14:56:50.728+0000] {logging_mixin.py:190} INFO - [2024-10-06T14:56:50.728+0000] {dag.py:4156} INFO - Setting next_dagrun for dataset_alias_example_alias_consumer to None, run_after=None
[2024-10-06T14:56:50.731+0000] {logging_mixin.py:190} INFO - [2024-10-06T14:56:50.731+0000] {dag.py:4156} INFO - Setting next_dagrun for dataset_alias_example_alias_producer to None, run_after=None
[2024-10-06T14:56:50.732+0000] {logging_mixin.py:190} INFO - [2024-10-06T14:56:50.732+0000] {dag.py:4156} INFO - Setting next_dagrun for dataset_s3_bucket_consumer to None, run_after=None
[2024-10-06T14:56:50.735+0000] {logging_mixin.py:190} INFO - [2024-10-06T14:56:50.734+0000] {dag.py:4156} INFO - Setting next_dagrun for dataset_s3_bucket_producer to None, run_after=None
[2024-10-06T14:56:50.759+0000] {processor.py:208} INFO - Processing /home/airflow/.local/lib/python3.12/site-packages/airflow/example_dags/example_dataset_alias.py took 0.437 seconds
[2024-10-06T15:41:29.228+0000] {processor.py:186} INFO - Started process (PID=25567) to work on /home/airflow/.local/lib/python3.12/site-packages/airflow/example_dags/example_dataset_alias.py
[2024-10-06T15:41:29.230+0000] {processor.py:914} INFO - Processing file /home/airflow/.local/lib/python3.12/site-packages/airflow/example_dags/example_dataset_alias.py for tasks to queue
[2024-10-06T15:41:29.231+0000] {logging_mixin.py:190} INFO - [2024-10-06T15:41:29.230+0000] {dagbag.py:587} INFO - Filling up the DagBag from /home/airflow/.local/lib/python3.12/site-packages/airflow/example_dags/example_dataset_alias.py
[2024-10-06T15:41:29.419+0000] {processor.py:925} INFO - DAG(s) 'dataset_alias_example_alias_consumer', 'dataset_s3_bucket_producer', 'dataset_s3_bucket_consumer', 'dataset_alias_example_alias_producer' retrieved from /home/airflow/.local/lib/python3.12/site-packages/airflow/example_dags/example_dataset_alias.py
[2024-10-06T15:41:29.438+0000] {logging_mixin.py:190} INFO - [2024-10-06T15:41:29.438+0000] {dag.py:3229} INFO - Sync 4 DAGs
[2024-10-06T15:41:29.456+0000] {logging_mixin.py:190} INFO - [2024-10-06T15:41:29.455+0000] {dag.py:4156} INFO - Setting next_dagrun for dataset_alias_example_alias_consumer to None, run_after=None
[2024-10-06T15:41:29.457+0000] {logging_mixin.py:190} INFO - [2024-10-06T15:41:29.457+0000] {dag.py:4156} INFO - Setting next_dagrun for dataset_alias_example_alias_producer to None, run_after=None
[2024-10-06T15:41:29.458+0000] {logging_mixin.py:190} INFO - [2024-10-06T15:41:29.458+0000] {dag.py:4156} INFO - Setting next_dagrun for dataset_s3_bucket_consumer to None, run_after=None
[2024-10-06T15:41:29.458+0000] {logging_mixin.py:190} INFO - [2024-10-06T15:41:29.458+0000] {dag.py:4156} INFO - Setting next_dagrun for dataset_s3_bucket_producer to None, run_after=None
[2024-10-06T15:41:29.483+0000] {processor.py:208} INFO - Processing /home/airflow/.local/lib/python3.12/site-packages/airflow/example_dags/example_dataset_alias.py took 0.258 seconds
[2024-10-06T16:15:54.755+0000] {processor.py:186} INFO - Started process (PID=25637) to work on /home/airflow/.local/lib/python3.12/site-packages/airflow/example_dags/example_dataset_alias.py
[2024-10-06T16:15:54.756+0000] {processor.py:914} INFO - Processing file /home/airflow/.local/lib/python3.12/site-packages/airflow/example_dags/example_dataset_alias.py for tasks to queue
[2024-10-06T16:15:54.757+0000] {logging_mixin.py:190} INFO - [2024-10-06T16:15:54.756+0000] {dagbag.py:587} INFO - Filling up the DagBag from /home/airflow/.local/lib/python3.12/site-packages/airflow/example_dags/example_dataset_alias.py
[2024-10-06T16:15:54.853+0000] {processor.py:925} INFO - DAG(s) 'dataset_s3_bucket_consumer', 'dataset_alias_example_alias_producer', 'dataset_alias_example_alias_consumer', 'dataset_s3_bucket_producer' retrieved from /home/airflow/.local/lib/python3.12/site-packages/airflow/example_dags/example_dataset_alias.py
[2024-10-06T16:15:54.869+0000] {logging_mixin.py:190} INFO - [2024-10-06T16:15:54.869+0000] {dag.py:3229} INFO - Sync 4 DAGs
[2024-10-06T16:15:54.886+0000] {logging_mixin.py:190} INFO - [2024-10-06T16:15:54.885+0000] {dag.py:4156} INFO - Setting next_dagrun for dataset_alias_example_alias_consumer to None, run_after=None
[2024-10-06T16:15:54.887+0000] {logging_mixin.py:190} INFO - [2024-10-06T16:15:54.887+0000] {dag.py:4156} INFO - Setting next_dagrun for dataset_alias_example_alias_producer to None, run_after=None
[2024-10-06T16:15:54.887+0000] {logging_mixin.py:190} INFO - [2024-10-06T16:15:54.887+0000] {dag.py:4156} INFO - Setting next_dagrun for dataset_s3_bucket_consumer to None, run_after=None
[2024-10-06T16:15:54.888+0000] {logging_mixin.py:190} INFO - [2024-10-06T16:15:54.888+0000] {dag.py:4156} INFO - Setting next_dagrun for dataset_s3_bucket_producer to None, run_after=None
[2024-10-06T16:15:54.902+0000] {processor.py:208} INFO - Processing /home/airflow/.local/lib/python3.12/site-packages/airflow/example_dags/example_dataset_alias.py took 0.151 seconds
[2024-10-06T16:58:35.627+0000] {processor.py:186} INFO - Started process (PID=25707) to work on /home/airflow/.local/lib/python3.12/site-packages/airflow/example_dags/example_dataset_alias.py
[2024-10-06T16:58:35.628+0000] {processor.py:914} INFO - Processing file /home/airflow/.local/lib/python3.12/site-packages/airflow/example_dags/example_dataset_alias.py for tasks to queue
[2024-10-06T16:58:35.629+0000] {logging_mixin.py:190} INFO - [2024-10-06T16:58:35.628+0000] {dagbag.py:587} INFO - Filling up the DagBag from /home/airflow/.local/lib/python3.12/site-packages/airflow/example_dags/example_dataset_alias.py
[2024-10-06T16:58:35.766+0000] {processor.py:925} INFO - DAG(s) 'dataset_alias_example_alias_consumer', 'dataset_s3_bucket_producer', 'dataset_alias_example_alias_producer', 'dataset_s3_bucket_consumer' retrieved from /home/airflow/.local/lib/python3.12/site-packages/airflow/example_dags/example_dataset_alias.py
[2024-10-06T16:58:35.779+0000] {logging_mixin.py:190} INFO - [2024-10-06T16:58:35.779+0000] {dag.py:3229} INFO - Sync 4 DAGs
[2024-10-06T16:58:35.818+0000] {logging_mixin.py:190} INFO - [2024-10-06T16:58:35.818+0000] {dag.py:4156} INFO - Setting next_dagrun for dataset_alias_example_alias_consumer to None, run_after=None
[2024-10-06T16:58:35.823+0000] {logging_mixin.py:190} INFO - [2024-10-06T16:58:35.823+0000] {dag.py:4156} INFO - Setting next_dagrun for dataset_alias_example_alias_producer to None, run_after=None
[2024-10-06T16:58:35.823+0000] {logging_mixin.py:190} INFO - [2024-10-06T16:58:35.823+0000] {dag.py:4156} INFO - Setting next_dagrun for dataset_s3_bucket_consumer to None, run_after=None
[2024-10-06T16:58:35.824+0000] {logging_mixin.py:190} INFO - [2024-10-06T16:58:35.824+0000] {dag.py:4156} INFO - Setting next_dagrun for dataset_s3_bucket_producer to None, run_after=None
[2024-10-06T16:58:35.841+0000] {processor.py:208} INFO - Processing /home/airflow/.local/lib/python3.12/site-packages/airflow/example_dags/example_dataset_alias.py took 0.218 seconds
[2024-10-06T16:59:06.523+0000] {processor.py:186} INFO - Started process (PID=25777) to work on /home/airflow/.local/lib/python3.12/site-packages/airflow/example_dags/example_dataset_alias.py
[2024-10-06T16:59:06.524+0000] {processor.py:914} INFO - Processing file /home/airflow/.local/lib/python3.12/site-packages/airflow/example_dags/example_dataset_alias.py for tasks to queue
[2024-10-06T16:59:06.525+0000] {logging_mixin.py:190} INFO - [2024-10-06T16:59:06.525+0000] {dagbag.py:587} INFO - Filling up the DagBag from /home/airflow/.local/lib/python3.12/site-packages/airflow/example_dags/example_dataset_alias.py
[2024-10-06T16:59:06.610+0000] {processor.py:925} INFO - DAG(s) 'dataset_s3_bucket_producer', 'dataset_s3_bucket_consumer', 'dataset_alias_example_alias_consumer', 'dataset_alias_example_alias_producer' retrieved from /home/airflow/.local/lib/python3.12/site-packages/airflow/example_dags/example_dataset_alias.py
[2024-10-06T16:59:06.623+0000] {logging_mixin.py:190} INFO - [2024-10-06T16:59:06.623+0000] {dag.py:3229} INFO - Sync 4 DAGs
[2024-10-06T16:59:06.635+0000] {logging_mixin.py:190} INFO - [2024-10-06T16:59:06.635+0000] {dag.py:4156} INFO - Setting next_dagrun for dataset_alias_example_alias_consumer to None, run_after=None
[2024-10-06T16:59:06.637+0000] {logging_mixin.py:190} INFO - [2024-10-06T16:59:06.637+0000] {dag.py:4156} INFO - Setting next_dagrun for dataset_alias_example_alias_producer to None, run_after=None
[2024-10-06T16:59:06.640+0000] {logging_mixin.py:190} INFO - [2024-10-06T16:59:06.640+0000] {dag.py:4156} INFO - Setting next_dagrun for dataset_s3_bucket_consumer to None, run_after=None
[2024-10-06T16:59:06.641+0000] {logging_mixin.py:190} INFO - [2024-10-06T16:59:06.641+0000] {dag.py:4156} INFO - Setting next_dagrun for dataset_s3_bucket_producer to None, run_after=None
[2024-10-06T16:59:06.653+0000] {processor.py:208} INFO - Processing /home/airflow/.local/lib/python3.12/site-packages/airflow/example_dags/example_dataset_alias.py took 0.134 seconds
[2024-10-06T17:59:32.718+0000] {processor.py:186} INFO - Started process (PID=25846) to work on /home/airflow/.local/lib/python3.12/site-packages/airflow/example_dags/example_dataset_alias.py
[2024-10-06T17:59:32.719+0000] {processor.py:914} INFO - Processing file /home/airflow/.local/lib/python3.12/site-packages/airflow/example_dags/example_dataset_alias.py for tasks to queue
[2024-10-06T17:59:32.720+0000] {logging_mixin.py:190} INFO - [2024-10-06T17:59:32.719+0000] {dagbag.py:587} INFO - Filling up the DagBag from /home/airflow/.local/lib/python3.12/site-packages/airflow/example_dags/example_dataset_alias.py
[2024-10-06T17:59:32.799+0000] {processor.py:925} INFO - DAG(s) 'dataset_s3_bucket_producer', 'dataset_alias_example_alias_producer', 'dataset_alias_example_alias_consumer', 'dataset_s3_bucket_consumer' retrieved from /home/airflow/.local/lib/python3.12/site-packages/airflow/example_dags/example_dataset_alias.py
[2024-10-06T17:59:32.812+0000] {logging_mixin.py:190} INFO - [2024-10-06T17:59:32.811+0000] {dag.py:3229} INFO - Sync 4 DAGs
[2024-10-06T17:59:32.822+0000] {logging_mixin.py:190} INFO - [2024-10-06T17:59:32.822+0000] {dag.py:4156} INFO - Setting next_dagrun for dataset_alias_example_alias_consumer to None, run_after=None
[2024-10-06T17:59:32.824+0000] {logging_mixin.py:190} INFO - [2024-10-06T17:59:32.824+0000] {dag.py:4156} INFO - Setting next_dagrun for dataset_alias_example_alias_producer to None, run_after=None
[2024-10-06T17:59:32.826+0000] {logging_mixin.py:190} INFO - [2024-10-06T17:59:32.826+0000] {dag.py:4156} INFO - Setting next_dagrun for dataset_s3_bucket_consumer to None, run_after=None
[2024-10-06T17:59:32.828+0000] {logging_mixin.py:190} INFO - [2024-10-06T17:59:32.828+0000] {dag.py:4156} INFO - Setting next_dagrun for dataset_s3_bucket_producer to None, run_after=None
[2024-10-06T17:59:32.838+0000] {processor.py:208} INFO - Processing /home/airflow/.local/lib/python3.12/site-packages/airflow/example_dags/example_dataset_alias.py took 0.123 seconds
[2024-10-06T18:17:01.450+0000] {processor.py:186} INFO - Started process (PID=25916) to work on /home/airflow/.local/lib/python3.12/site-packages/airflow/example_dags/example_dataset_alias.py
[2024-10-06T18:17:01.451+0000] {processor.py:914} INFO - Processing file /home/airflow/.local/lib/python3.12/site-packages/airflow/example_dags/example_dataset_alias.py for tasks to queue
[2024-10-06T18:17:01.453+0000] {logging_mixin.py:190} INFO - [2024-10-06T18:17:01.453+0000] {dagbag.py:587} INFO - Filling up the DagBag from /home/airflow/.local/lib/python3.12/site-packages/airflow/example_dags/example_dataset_alias.py
[2024-10-06T18:17:01.589+0000] {processor.py:925} INFO - DAG(s) 'dataset_alias_example_alias_consumer', 'dataset_s3_bucket_producer', 'dataset_alias_example_alias_producer', 'dataset_s3_bucket_consumer' retrieved from /home/airflow/.local/lib/python3.12/site-packages/airflow/example_dags/example_dataset_alias.py
[2024-10-06T18:17:01.604+0000] {logging_mixin.py:190} INFO - [2024-10-06T18:17:01.604+0000] {dag.py:3229} INFO - Sync 4 DAGs
[2024-10-06T18:17:01.620+0000] {logging_mixin.py:190} INFO - [2024-10-06T18:17:01.620+0000] {dag.py:4156} INFO - Setting next_dagrun for dataset_alias_example_alias_consumer to None, run_after=None
[2024-10-06T18:17:01.622+0000] {logging_mixin.py:190} INFO - [2024-10-06T18:17:01.622+0000] {dag.py:4156} INFO - Setting next_dagrun for dataset_alias_example_alias_producer to None, run_after=None
[2024-10-06T18:17:01.624+0000] {logging_mixin.py:190} INFO - [2024-10-06T18:17:01.624+0000] {dag.py:4156} INFO - Setting next_dagrun for dataset_s3_bucket_consumer to None, run_after=None
[2024-10-06T18:17:01.625+0000] {logging_mixin.py:190} INFO - [2024-10-06T18:17:01.625+0000] {dag.py:4156} INFO - Setting next_dagrun for dataset_s3_bucket_producer to None, run_after=None
[2024-10-06T18:17:01.642+0000] {processor.py:208} INFO - Processing /home/airflow/.local/lib/python3.12/site-packages/airflow/example_dags/example_dataset_alias.py took 0.204 seconds
[2024-10-06T18:49:49.917+0000] {processor.py:186} INFO - Started process (PID=25986) to work on /home/airflow/.local/lib/python3.12/site-packages/airflow/example_dags/example_dataset_alias.py
[2024-10-06T18:49:49.919+0000] {processor.py:914} INFO - Processing file /home/airflow/.local/lib/python3.12/site-packages/airflow/example_dags/example_dataset_alias.py for tasks to queue
[2024-10-06T18:49:49.929+0000] {logging_mixin.py:190} INFO - [2024-10-06T18:49:49.925+0000] {dagbag.py:587} INFO - Filling up the DagBag from /home/airflow/.local/lib/python3.12/site-packages/airflow/example_dags/example_dataset_alias.py
[2024-10-06T18:49:50.035+0000] {processor.py:925} INFO - DAG(s) 'dataset_s3_bucket_producer', 'dataset_alias_example_alias_consumer', 'dataset_s3_bucket_consumer', 'dataset_alias_example_alias_producer' retrieved from /home/airflow/.local/lib/python3.12/site-packages/airflow/example_dags/example_dataset_alias.py
[2024-10-06T18:49:50.045+0000] {logging_mixin.py:190} INFO - [2024-10-06T18:49:50.045+0000] {dag.py:3229} INFO - Sync 4 DAGs
[2024-10-06T18:49:50.057+0000] {logging_mixin.py:190} INFO - [2024-10-06T18:49:50.057+0000] {dag.py:4156} INFO - Setting next_dagrun for dataset_alias_example_alias_consumer to None, run_after=None
[2024-10-06T18:49:50.062+0000] {logging_mixin.py:190} INFO - [2024-10-06T18:49:50.062+0000] {dag.py:4156} INFO - Setting next_dagrun for dataset_alias_example_alias_producer to None, run_after=None
[2024-10-06T18:49:50.062+0000] {logging_mixin.py:190} INFO - [2024-10-06T18:49:50.062+0000] {dag.py:4156} INFO - Setting next_dagrun for dataset_s3_bucket_consumer to None, run_after=None
[2024-10-06T18:49:50.063+0000] {logging_mixin.py:190} INFO - [2024-10-06T18:49:50.063+0000] {dag.py:4156} INFO - Setting next_dagrun for dataset_s3_bucket_producer to None, run_after=None
[2024-10-06T18:49:50.076+0000] {processor.py:208} INFO - Processing /home/airflow/.local/lib/python3.12/site-packages/airflow/example_dags/example_dataset_alias.py took 0.163 seconds
[2024-10-06T19:00:33.599+0000] {processor.py:186} INFO - Started process (PID=26056) to work on /home/airflow/.local/lib/python3.12/site-packages/airflow/example_dags/example_dataset_alias.py
[2024-10-06T19:00:33.600+0000] {processor.py:914} INFO - Processing file /home/airflow/.local/lib/python3.12/site-packages/airflow/example_dags/example_dataset_alias.py for tasks to queue
[2024-10-06T19:00:33.601+0000] {logging_mixin.py:190} INFO - [2024-10-06T19:00:33.601+0000] {dagbag.py:587} INFO - Filling up the DagBag from /home/airflow/.local/lib/python3.12/site-packages/airflow/example_dags/example_dataset_alias.py
[2024-10-06T19:00:33.674+0000] {processor.py:925} INFO - DAG(s) 'dataset_s3_bucket_consumer', 'dataset_s3_bucket_producer', 'dataset_alias_example_alias_producer', 'dataset_alias_example_alias_consumer' retrieved from /home/airflow/.local/lib/python3.12/site-packages/airflow/example_dags/example_dataset_alias.py
[2024-10-06T19:00:33.682+0000] {logging_mixin.py:190} INFO - [2024-10-06T19:00:33.682+0000] {dag.py:3229} INFO - Sync 4 DAGs
[2024-10-06T19:00:33.692+0000] {logging_mixin.py:190} INFO - [2024-10-06T19:00:33.692+0000] {dag.py:4156} INFO - Setting next_dagrun for dataset_alias_example_alias_consumer to None, run_after=None
[2024-10-06T19:00:33.696+0000] {logging_mixin.py:190} INFO - [2024-10-06T19:00:33.696+0000] {dag.py:4156} INFO - Setting next_dagrun for dataset_alias_example_alias_producer to None, run_after=None
[2024-10-06T19:00:33.697+0000] {logging_mixin.py:190} INFO - [2024-10-06T19:00:33.697+0000] {dag.py:4156} INFO - Setting next_dagrun for dataset_s3_bucket_consumer to None, run_after=None
[2024-10-06T19:00:33.698+0000] {logging_mixin.py:190} INFO - [2024-10-06T19:00:33.698+0000] {dag.py:4156} INFO - Setting next_dagrun for dataset_s3_bucket_producer to None, run_after=None
[2024-10-06T19:00:33.711+0000] {processor.py:208} INFO - Processing /home/airflow/.local/lib/python3.12/site-packages/airflow/example_dags/example_dataset_alias.py took 0.115 seconds
[2024-10-06T19:16:46.303+0000] {processor.py:186} INFO - Started process (PID=26126) to work on /home/airflow/.local/lib/python3.12/site-packages/airflow/example_dags/example_dataset_alias.py
[2024-10-06T19:16:46.307+0000] {processor.py:914} INFO - Processing file /home/airflow/.local/lib/python3.12/site-packages/airflow/example_dags/example_dataset_alias.py for tasks to queue
[2024-10-06T19:16:46.308+0000] {logging_mixin.py:190} INFO - [2024-10-06T19:16:46.308+0000] {dagbag.py:587} INFO - Filling up the DagBag from /home/airflow/.local/lib/python3.12/site-packages/airflow/example_dags/example_dataset_alias.py
[2024-10-06T19:16:46.453+0000] {processor.py:925} INFO - DAG(s) 'dataset_s3_bucket_consumer', 'dataset_alias_example_alias_consumer', 'dataset_s3_bucket_producer', 'dataset_alias_example_alias_producer' retrieved from /home/airflow/.local/lib/python3.12/site-packages/airflow/example_dags/example_dataset_alias.py
[2024-10-06T19:16:46.463+0000] {logging_mixin.py:190} INFO - [2024-10-06T19:16:46.463+0000] {dag.py:3229} INFO - Sync 4 DAGs
[2024-10-06T19:16:46.477+0000] {logging_mixin.py:190} INFO - [2024-10-06T19:16:46.477+0000] {dag.py:4156} INFO - Setting next_dagrun for dataset_alias_example_alias_consumer to None, run_after=None
[2024-10-06T19:16:46.479+0000] {logging_mixin.py:190} INFO - [2024-10-06T19:16:46.479+0000] {dag.py:4156} INFO - Setting next_dagrun for dataset_alias_example_alias_producer to None, run_after=None
[2024-10-06T19:16:46.481+0000] {logging_mixin.py:190} INFO - [2024-10-06T19:16:46.481+0000] {dag.py:4156} INFO - Setting next_dagrun for dataset_s3_bucket_consumer to None, run_after=None
[2024-10-06T19:16:46.483+0000] {logging_mixin.py:190} INFO - [2024-10-06T19:16:46.483+0000] {dag.py:4156} INFO - Setting next_dagrun for dataset_s3_bucket_producer to None, run_after=None
[2024-10-06T19:16:46.500+0000] {processor.py:208} INFO - Processing /home/airflow/.local/lib/python3.12/site-packages/airflow/example_dags/example_dataset_alias.py took 0.201 seconds
[2024-10-06T20:01:50.702+0000] {processor.py:186} INFO - Started process (PID=26196) to work on /home/airflow/.local/lib/python3.12/site-packages/airflow/example_dags/example_dataset_alias.py
[2024-10-06T20:01:50.705+0000] {processor.py:914} INFO - Processing file /home/airflow/.local/lib/python3.12/site-packages/airflow/example_dags/example_dataset_alias.py for tasks to queue
[2024-10-06T20:01:50.706+0000] {logging_mixin.py:190} INFO - [2024-10-06T20:01:50.705+0000] {dagbag.py:587} INFO - Filling up the DagBag from /home/airflow/.local/lib/python3.12/site-packages/airflow/example_dags/example_dataset_alias.py
[2024-10-06T20:01:50.790+0000] {processor.py:925} INFO - DAG(s) 'dataset_s3_bucket_producer', 'dataset_s3_bucket_consumer', 'dataset_alias_example_alias_producer', 'dataset_alias_example_alias_consumer' retrieved from /home/airflow/.local/lib/python3.12/site-packages/airflow/example_dags/example_dataset_alias.py
[2024-10-06T20:01:50.804+0000] {logging_mixin.py:190} INFO - [2024-10-06T20:01:50.804+0000] {dag.py:3229} INFO - Sync 4 DAGs
[2024-10-06T20:01:50.819+0000] {logging_mixin.py:190} INFO - [2024-10-06T20:01:50.819+0000] {dag.py:4156} INFO - Setting next_dagrun for dataset_alias_example_alias_consumer to None, run_after=None
[2024-10-06T20:01:50.823+0000] {logging_mixin.py:190} INFO - [2024-10-06T20:01:50.822+0000] {dag.py:4156} INFO - Setting next_dagrun for dataset_alias_example_alias_producer to None, run_after=None
[2024-10-06T20:01:50.823+0000] {logging_mixin.py:190} INFO - [2024-10-06T20:01:50.823+0000] {dag.py:4156} INFO - Setting next_dagrun for dataset_s3_bucket_consumer to None, run_after=None
[2024-10-06T20:01:50.824+0000] {logging_mixin.py:190} INFO - [2024-10-06T20:01:50.824+0000] {dag.py:4156} INFO - Setting next_dagrun for dataset_s3_bucket_producer to None, run_after=None
[2024-10-06T20:01:50.846+0000] {processor.py:208} INFO - Processing /home/airflow/.local/lib/python3.12/site-packages/airflow/example_dags/example_dataset_alias.py took 0.147 seconds
[2024-10-06T20:18:00.040+0000] {processor.py:186} INFO - Started process (PID=26266) to work on /home/airflow/.local/lib/python3.12/site-packages/airflow/example_dags/example_dataset_alias.py
[2024-10-06T20:18:00.041+0000] {processor.py:914} INFO - Processing file /home/airflow/.local/lib/python3.12/site-packages/airflow/example_dags/example_dataset_alias.py for tasks to queue
[2024-10-06T20:18:00.045+0000] {logging_mixin.py:190} INFO - [2024-10-06T20:18:00.045+0000] {dagbag.py:587} INFO - Filling up the DagBag from /home/airflow/.local/lib/python3.12/site-packages/airflow/example_dags/example_dataset_alias.py
[2024-10-06T20:18:00.154+0000] {processor.py:925} INFO - DAG(s) 'dataset_s3_bucket_producer', 'dataset_alias_example_alias_consumer', 'dataset_alias_example_alias_producer', 'dataset_s3_bucket_consumer' retrieved from /home/airflow/.local/lib/python3.12/site-packages/airflow/example_dags/example_dataset_alias.py
[2024-10-06T20:18:00.171+0000] {logging_mixin.py:190} INFO - [2024-10-06T20:18:00.170+0000] {dag.py:3229} INFO - Sync 4 DAGs
[2024-10-06T20:18:00.185+0000] {logging_mixin.py:190} INFO - [2024-10-06T20:18:00.184+0000] {dag.py:4156} INFO - Setting next_dagrun for dataset_alias_example_alias_consumer to None, run_after=None
[2024-10-06T20:18:00.186+0000] {logging_mixin.py:190} INFO - [2024-10-06T20:18:00.186+0000] {dag.py:4156} INFO - Setting next_dagrun for dataset_alias_example_alias_producer to None, run_after=None
[2024-10-06T20:18:00.186+0000] {logging_mixin.py:190} INFO - [2024-10-06T20:18:00.186+0000] {dag.py:4156} INFO - Setting next_dagrun for dataset_s3_bucket_consumer to None, run_after=None
[2024-10-06T20:18:00.187+0000] {logging_mixin.py:190} INFO - [2024-10-06T20:18:00.187+0000] {dag.py:4156} INFO - Setting next_dagrun for dataset_s3_bucket_producer to None, run_after=None
[2024-10-06T20:18:00.199+0000] {processor.py:208} INFO - Processing /home/airflow/.local/lib/python3.12/site-packages/airflow/example_dags/example_dataset_alias.py took 0.163 seconds
[2024-10-06T20:51:49.885+0000] {processor.py:186} INFO - Started process (PID=26335) to work on /home/airflow/.local/lib/python3.12/site-packages/airflow/example_dags/example_dataset_alias.py
[2024-10-06T20:51:49.887+0000] {processor.py:914} INFO - Processing file /home/airflow/.local/lib/python3.12/site-packages/airflow/example_dags/example_dataset_alias.py for tasks to queue
[2024-10-06T20:51:49.887+0000] {logging_mixin.py:190} INFO - [2024-10-06T20:51:49.887+0000] {dagbag.py:587} INFO - Filling up the DagBag from /home/airflow/.local/lib/python3.12/site-packages/airflow/example_dags/example_dataset_alias.py
[2024-10-06T20:51:49.966+0000] {processor.py:925} INFO - DAG(s) 'dataset_alias_example_alias_producer', 'dataset_s3_bucket_producer', 'dataset_alias_example_alias_consumer', 'dataset_s3_bucket_consumer' retrieved from /home/airflow/.local/lib/python3.12/site-packages/airflow/example_dags/example_dataset_alias.py
[2024-10-06T20:51:49.980+0000] {logging_mixin.py:190} INFO - [2024-10-06T20:51:49.980+0000] {dag.py:3229} INFO - Sync 4 DAGs
[2024-10-06T20:51:50.002+0000] {logging_mixin.py:190} INFO - [2024-10-06T20:51:50.001+0000] {dag.py:4156} INFO - Setting next_dagrun for dataset_alias_example_alias_consumer to None, run_after=None
[2024-10-06T20:51:50.004+0000] {logging_mixin.py:190} INFO - [2024-10-06T20:51:50.004+0000] {dag.py:4156} INFO - Setting next_dagrun for dataset_alias_example_alias_producer to None, run_after=None
[2024-10-06T20:51:50.005+0000] {logging_mixin.py:190} INFO - [2024-10-06T20:51:50.005+0000] {dag.py:4156} INFO - Setting next_dagrun for dataset_s3_bucket_consumer to None, run_after=None
[2024-10-06T20:51:50.006+0000] {logging_mixin.py:190} INFO - [2024-10-06T20:51:50.006+0000] {dag.py:4156} INFO - Setting next_dagrun for dataset_s3_bucket_producer to None, run_after=None
[2024-10-06T20:51:50.017+0000] {processor.py:208} INFO - Processing /home/airflow/.local/lib/python3.12/site-packages/airflow/example_dags/example_dataset_alias.py took 0.136 seconds
[2024-10-06T20:52:22.196+0000] {processor.py:186} INFO - Started process (PID=26406) to work on /home/airflow/.local/lib/python3.12/site-packages/airflow/example_dags/example_dataset_alias.py
[2024-10-06T20:52:22.197+0000] {processor.py:914} INFO - Processing file /home/airflow/.local/lib/python3.12/site-packages/airflow/example_dags/example_dataset_alias.py for tasks to queue
[2024-10-06T20:52:22.199+0000] {logging_mixin.py:190} INFO - [2024-10-06T20:52:22.199+0000] {dagbag.py:587} INFO - Filling up the DagBag from /home/airflow/.local/lib/python3.12/site-packages/airflow/example_dags/example_dataset_alias.py
[2024-10-06T20:52:22.320+0000] {processor.py:925} INFO - DAG(s) 'dataset_alias_example_alias_producer', 'dataset_s3_bucket_producer', 'dataset_s3_bucket_consumer', 'dataset_alias_example_alias_consumer' retrieved from /home/airflow/.local/lib/python3.12/site-packages/airflow/example_dags/example_dataset_alias.py
[2024-10-06T20:52:22.340+0000] {logging_mixin.py:190} INFO - [2024-10-06T20:52:22.340+0000] {dag.py:3229} INFO - Sync 4 DAGs
[2024-10-06T20:52:22.357+0000] {logging_mixin.py:190} INFO - [2024-10-06T20:52:22.357+0000] {dag.py:4156} INFO - Setting next_dagrun for dataset_alias_example_alias_consumer to None, run_after=None
[2024-10-06T20:52:22.362+0000] {logging_mixin.py:190} INFO - [2024-10-06T20:52:22.362+0000] {dag.py:4156} INFO - Setting next_dagrun for dataset_alias_example_alias_producer to None, run_after=None
[2024-10-06T20:52:22.365+0000] {logging_mixin.py:190} INFO - [2024-10-06T20:52:22.365+0000] {dag.py:4156} INFO - Setting next_dagrun for dataset_s3_bucket_consumer to None, run_after=None
[2024-10-06T20:52:22.370+0000] {logging_mixin.py:190} INFO - [2024-10-06T20:52:22.369+0000] {dag.py:4156} INFO - Setting next_dagrun for dataset_s3_bucket_producer to None, run_after=None
[2024-10-06T20:52:22.398+0000] {processor.py:208} INFO - Processing /home/airflow/.local/lib/python3.12/site-packages/airflow/example_dags/example_dataset_alias.py took 0.206 seconds
[2024-10-06T21:19:20.864+0000] {processor.py:186} INFO - Started process (PID=26476) to work on /home/airflow/.local/lib/python3.12/site-packages/airflow/example_dags/example_dataset_alias.py
[2024-10-06T21:19:20.865+0000] {processor.py:914} INFO - Processing file /home/airflow/.local/lib/python3.12/site-packages/airflow/example_dags/example_dataset_alias.py for tasks to queue
[2024-10-06T21:19:20.866+0000] {logging_mixin.py:190} INFO - [2024-10-06T21:19:20.865+0000] {dagbag.py:587} INFO - Filling up the DagBag from /home/airflow/.local/lib/python3.12/site-packages/airflow/example_dags/example_dataset_alias.py
[2024-10-06T21:19:21.012+0000] {processor.py:925} INFO - DAG(s) 'dataset_s3_bucket_producer', 'dataset_s3_bucket_consumer', 'dataset_alias_example_alias_producer', 'dataset_alias_example_alias_consumer' retrieved from /home/airflow/.local/lib/python3.12/site-packages/airflow/example_dags/example_dataset_alias.py
[2024-10-06T21:19:21.037+0000] {logging_mixin.py:190} INFO - [2024-10-06T21:19:21.037+0000] {dag.py:3229} INFO - Sync 4 DAGs
[2024-10-06T21:19:21.052+0000] {logging_mixin.py:190} INFO - [2024-10-06T21:19:21.052+0000] {dag.py:4156} INFO - Setting next_dagrun for dataset_alias_example_alias_consumer to None, run_after=None
[2024-10-06T21:19:21.054+0000] {logging_mixin.py:190} INFO - [2024-10-06T21:19:21.054+0000] {dag.py:4156} INFO - Setting next_dagrun for dataset_alias_example_alias_producer to None, run_after=None
[2024-10-06T21:19:21.055+0000] {logging_mixin.py:190} INFO - [2024-10-06T21:19:21.055+0000] {dag.py:4156} INFO - Setting next_dagrun for dataset_s3_bucket_consumer to None, run_after=None
[2024-10-06T21:19:21.058+0000] {logging_mixin.py:190} INFO - [2024-10-06T21:19:21.058+0000] {dag.py:4156} INFO - Setting next_dagrun for dataset_s3_bucket_producer to None, run_after=None
[2024-10-06T21:19:21.081+0000] {processor.py:208} INFO - Processing /home/airflow/.local/lib/python3.12/site-packages/airflow/example_dags/example_dataset_alias.py took 0.223 seconds
[2024-10-06T21:52:08.562+0000] {processor.py:186} INFO - Started process (PID=26546) to work on /home/airflow/.local/lib/python3.12/site-packages/airflow/example_dags/example_dataset_alias.py
[2024-10-06T21:52:08.566+0000] {processor.py:914} INFO - Processing file /home/airflow/.local/lib/python3.12/site-packages/airflow/example_dags/example_dataset_alias.py for tasks to queue
[2024-10-06T21:52:08.567+0000] {logging_mixin.py:190} INFO - [2024-10-06T21:52:08.566+0000] {dagbag.py:587} INFO - Filling up the DagBag from /home/airflow/.local/lib/python3.12/site-packages/airflow/example_dags/example_dataset_alias.py
[2024-10-06T21:52:08.654+0000] {processor.py:925} INFO - DAG(s) 'dataset_s3_bucket_consumer', 'dataset_s3_bucket_producer', 'dataset_alias_example_alias_consumer', 'dataset_alias_example_alias_producer' retrieved from /home/airflow/.local/lib/python3.12/site-packages/airflow/example_dags/example_dataset_alias.py
[2024-10-06T21:52:08.670+0000] {logging_mixin.py:190} INFO - [2024-10-06T21:52:08.669+0000] {dag.py:3229} INFO - Sync 4 DAGs
[2024-10-06T21:52:08.681+0000] {logging_mixin.py:190} INFO - [2024-10-06T21:52:08.681+0000] {dag.py:4156} INFO - Setting next_dagrun for dataset_alias_example_alias_consumer to None, run_after=None
[2024-10-06T21:52:08.683+0000] {logging_mixin.py:190} INFO - [2024-10-06T21:52:08.683+0000] {dag.py:4156} INFO - Setting next_dagrun for dataset_alias_example_alias_producer to None, run_after=None
[2024-10-06T21:52:08.684+0000] {logging_mixin.py:190} INFO - [2024-10-06T21:52:08.684+0000] {dag.py:4156} INFO - Setting next_dagrun for dataset_s3_bucket_consumer to None, run_after=None
[2024-10-06T21:52:08.690+0000] {logging_mixin.py:190} INFO - [2024-10-06T21:52:08.690+0000] {dag.py:4156} INFO - Setting next_dagrun for dataset_s3_bucket_producer to None, run_after=None
[2024-10-06T21:52:08.704+0000] {processor.py:208} INFO - Processing /home/airflow/.local/lib/python3.12/site-packages/airflow/example_dags/example_dataset_alias.py took 0.146 seconds
[2024-10-06T22:53:03.453+0000] {processor.py:186} INFO - Started process (PID=26616) to work on /home/airflow/.local/lib/python3.12/site-packages/airflow/example_dags/example_dataset_alias.py
[2024-10-06T22:53:03.455+0000] {processor.py:914} INFO - Processing file /home/airflow/.local/lib/python3.12/site-packages/airflow/example_dags/example_dataset_alias.py for tasks to queue
[2024-10-06T22:53:03.462+0000] {logging_mixin.py:190} INFO - [2024-10-06T22:53:03.461+0000] {dagbag.py:587} INFO - Filling up the DagBag from /home/airflow/.local/lib/python3.12/site-packages/airflow/example_dags/example_dataset_alias.py
[2024-10-06T22:53:03.572+0000] {processor.py:925} INFO - DAG(s) 'dataset_alias_example_alias_producer', 'dataset_s3_bucket_consumer', 'dataset_alias_example_alias_consumer', 'dataset_s3_bucket_producer' retrieved from /home/airflow/.local/lib/python3.12/site-packages/airflow/example_dags/example_dataset_alias.py
[2024-10-06T22:53:03.593+0000] {logging_mixin.py:190} INFO - [2024-10-06T22:53:03.593+0000] {dag.py:3229} INFO - Sync 4 DAGs
[2024-10-06T22:53:03.606+0000] {logging_mixin.py:190} INFO - [2024-10-06T22:53:03.606+0000] {dag.py:4156} INFO - Setting next_dagrun for dataset_alias_example_alias_consumer to None, run_after=None
[2024-10-06T22:53:03.607+0000] {logging_mixin.py:190} INFO - [2024-10-06T22:53:03.607+0000] {dag.py:4156} INFO - Setting next_dagrun for dataset_alias_example_alias_producer to None, run_after=None
[2024-10-06T22:53:03.608+0000] {logging_mixin.py:190} INFO - [2024-10-06T22:53:03.608+0000] {dag.py:4156} INFO - Setting next_dagrun for dataset_s3_bucket_consumer to None, run_after=None
[2024-10-06T22:53:03.608+0000] {logging_mixin.py:190} INFO - [2024-10-06T22:53:03.608+0000] {dag.py:4156} INFO - Setting next_dagrun for dataset_s3_bucket_producer to None, run_after=None
[2024-10-06T22:53:03.620+0000] {processor.py:208} INFO - Processing /home/airflow/.local/lib/python3.12/site-packages/airflow/example_dags/example_dataset_alias.py took 0.176 seconds
[2024-10-06T23:21:12.053+0000] {processor.py:186} INFO - Started process (PID=26686) to work on /home/airflow/.local/lib/python3.12/site-packages/airflow/example_dags/example_dataset_alias.py
[2024-10-06T23:21:12.055+0000] {processor.py:914} INFO - Processing file /home/airflow/.local/lib/python3.12/site-packages/airflow/example_dags/example_dataset_alias.py for tasks to queue
[2024-10-06T23:21:12.056+0000] {logging_mixin.py:190} INFO - [2024-10-06T23:21:12.055+0000] {dagbag.py:587} INFO - Filling up the DagBag from /home/airflow/.local/lib/python3.12/site-packages/airflow/example_dags/example_dataset_alias.py
[2024-10-06T23:21:12.263+0000] {processor.py:925} INFO - DAG(s) 'dataset_s3_bucket_producer', 'dataset_alias_example_alias_producer', 'dataset_s3_bucket_consumer', 'dataset_alias_example_alias_consumer' retrieved from /home/airflow/.local/lib/python3.12/site-packages/airflow/example_dags/example_dataset_alias.py
[2024-10-06T23:21:12.290+0000] {logging_mixin.py:190} INFO - [2024-10-06T23:21:12.290+0000] {dag.py:3229} INFO - Sync 4 DAGs
[2024-10-06T23:21:12.303+0000] {logging_mixin.py:190} INFO - [2024-10-06T23:21:12.303+0000] {dag.py:4156} INFO - Setting next_dagrun for dataset_alias_example_alias_consumer to None, run_after=None
[2024-10-06T23:21:12.304+0000] {logging_mixin.py:190} INFO - [2024-10-06T23:21:12.304+0000] {dag.py:4156} INFO - Setting next_dagrun for dataset_alias_example_alias_producer to None, run_after=None
[2024-10-06T23:21:12.305+0000] {logging_mixin.py:190} INFO - [2024-10-06T23:21:12.305+0000] {dag.py:4156} INFO - Setting next_dagrun for dataset_s3_bucket_consumer to None, run_after=None
[2024-10-06T23:21:12.305+0000] {logging_mixin.py:190} INFO - [2024-10-06T23:21:12.305+0000] {dag.py:4156} INFO - Setting next_dagrun for dataset_s3_bucket_producer to None, run_after=None
[2024-10-06T23:21:12.322+0000] {processor.py:208} INFO - Processing /home/airflow/.local/lib/python3.12/site-packages/airflow/example_dags/example_dataset_alias.py took 0.272 seconds
[2024-10-06T23:39:13.393+0000] {processor.py:186} INFO - Started process (PID=26756) to work on /home/airflow/.local/lib/python3.12/site-packages/airflow/example_dags/example_dataset_alias.py
[2024-10-06T23:39:13.394+0000] {processor.py:914} INFO - Processing file /home/airflow/.local/lib/python3.12/site-packages/airflow/example_dags/example_dataset_alias.py for tasks to queue
[2024-10-06T23:39:13.394+0000] {logging_mixin.py:190} INFO - [2024-10-06T23:39:13.394+0000] {dagbag.py:587} INFO - Filling up the DagBag from /home/airflow/.local/lib/python3.12/site-packages/airflow/example_dags/example_dataset_alias.py
[2024-10-06T23:39:13.555+0000] {processor.py:925} INFO - DAG(s) 'dataset_alias_example_alias_consumer', 'dataset_s3_bucket_producer', 'dataset_alias_example_alias_producer', 'dataset_s3_bucket_consumer' retrieved from /home/airflow/.local/lib/python3.12/site-packages/airflow/example_dags/example_dataset_alias.py
[2024-10-06T23:39:13.572+0000] {logging_mixin.py:190} INFO - [2024-10-06T23:39:13.572+0000] {dag.py:3229} INFO - Sync 4 DAGs
[2024-10-06T23:39:13.593+0000] {logging_mixin.py:190} INFO - [2024-10-06T23:39:13.592+0000] {dag.py:4156} INFO - Setting next_dagrun for dataset_alias_example_alias_consumer to None, run_after=None
[2024-10-06T23:39:13.594+0000] {logging_mixin.py:190} INFO - [2024-10-06T23:39:13.594+0000] {dag.py:4156} INFO - Setting next_dagrun for dataset_alias_example_alias_producer to None, run_after=None
[2024-10-06T23:39:13.595+0000] {logging_mixin.py:190} INFO - [2024-10-06T23:39:13.595+0000] {dag.py:4156} INFO - Setting next_dagrun for dataset_s3_bucket_consumer to None, run_after=None
[2024-10-06T23:39:13.595+0000] {logging_mixin.py:190} INFO - [2024-10-06T23:39:13.595+0000] {dag.py:4156} INFO - Setting next_dagrun for dataset_s3_bucket_producer to None, run_after=None
[2024-10-06T23:39:13.607+0000] {processor.py:208} INFO - Processing /home/airflow/.local/lib/python3.12/site-packages/airflow/example_dags/example_dataset_alias.py took 0.218 seconds
