[2024-10-06T00:50:48.251+0000] {processor.py:186} INFO - Started process (PID=24113) to work on /home/airflow/.local/lib/python3.12/site-packages/airflow/example_dags/example_branch_day_of_week_operator.py
[2024-10-06T00:50:48.252+0000] {processor.py:914} INFO - Processing file /home/airflow/.local/lib/python3.12/site-packages/airflow/example_dags/example_branch_day_of_week_operator.py for tasks to queue
[2024-10-06T00:50:48.253+0000] {logging_mixin.py:190} INFO - [2024-10-06T00:50:48.253+0000] {dagbag.py:587} INFO - Filling up the DagBag from /home/airflow/.local/lib/python3.12/site-packages/airflow/example_dags/example_branch_day_of_week_operator.py
[2024-10-06T00:50:48.260+0000] {processor.py:925} INFO - DAG(s) 'example_weekday_branch_operator' retrieved from /home/airflow/.local/lib/python3.12/site-packages/airflow/example_dags/example_branch_day_of_week_operator.py
[2024-10-06T00:50:48.274+0000] {logging_mixin.py:190} INFO - [2024-10-06T00:50:48.274+0000] {dag.py:3229} INFO - Sync 1 DAGs
[2024-10-06T00:50:48.288+0000] {logging_mixin.py:190} INFO - [2024-10-06T00:50:48.288+0000] {dag.py:4156} INFO - Setting next_dagrun for example_weekday_branch_operator to 2024-10-05 00:00:00+00:00, run_after=2024-10-06 00:00:00+00:00
[2024-10-06T00:50:48.304+0000] {processor.py:208} INFO - Processing /home/airflow/.local/lib/python3.12/site-packages/airflow/example_dags/example_branch_day_of_week_operator.py took 0.056 seconds
[2024-10-06T00:51:18.811+0000] {processor.py:186} INFO - Started process (PID=24183) to work on /home/airflow/.local/lib/python3.12/site-packages/airflow/example_dags/example_branch_day_of_week_operator.py
[2024-10-06T00:51:18.812+0000] {processor.py:914} INFO - Processing file /home/airflow/.local/lib/python3.12/site-packages/airflow/example_dags/example_branch_day_of_week_operator.py for tasks to queue
[2024-10-06T00:51:18.813+0000] {logging_mixin.py:190} INFO - [2024-10-06T00:51:18.812+0000] {dagbag.py:587} INFO - Filling up the DagBag from /home/airflow/.local/lib/python3.12/site-packages/airflow/example_dags/example_branch_day_of_week_operator.py
[2024-10-06T00:51:18.818+0000] {processor.py:925} INFO - DAG(s) 'example_weekday_branch_operator' retrieved from /home/airflow/.local/lib/python3.12/site-packages/airflow/example_dags/example_branch_day_of_week_operator.py
[2024-10-06T00:51:18.831+0000] {logging_mixin.py:190} INFO - [2024-10-06T00:51:18.831+0000] {dag.py:3229} INFO - Sync 1 DAGs
[2024-10-06T00:51:18.851+0000] {logging_mixin.py:190} INFO - [2024-10-06T00:51:18.851+0000] {dag.py:4156} INFO - Setting next_dagrun for example_weekday_branch_operator to 2024-10-05 00:00:00+00:00, run_after=2024-10-06 00:00:00+00:00
[2024-10-06T00:51:18.870+0000] {processor.py:208} INFO - Processing /home/airflow/.local/lib/python3.12/site-packages/airflow/example_dags/example_branch_day_of_week_operator.py took 0.062 seconds
[2024-10-06T01:51:42.906+0000] {processor.py:186} INFO - Started process (PID=24252) to work on /home/airflow/.local/lib/python3.12/site-packages/airflow/example_dags/example_branch_day_of_week_operator.py
[2024-10-06T01:51:42.906+0000] {processor.py:914} INFO - Processing file /home/airflow/.local/lib/python3.12/site-packages/airflow/example_dags/example_branch_day_of_week_operator.py for tasks to queue
[2024-10-06T01:51:42.907+0000] {logging_mixin.py:190} INFO - [2024-10-06T01:51:42.907+0000] {dagbag.py:587} INFO - Filling up the DagBag from /home/airflow/.local/lib/python3.12/site-packages/airflow/example_dags/example_branch_day_of_week_operator.py
[2024-10-06T01:51:42.912+0000] {processor.py:925} INFO - DAG(s) 'example_weekday_branch_operator' retrieved from /home/airflow/.local/lib/python3.12/site-packages/airflow/example_dags/example_branch_day_of_week_operator.py
[2024-10-06T01:51:42.921+0000] {logging_mixin.py:190} INFO - [2024-10-06T01:51:42.921+0000] {dag.py:3229} INFO - Sync 1 DAGs
[2024-10-06T01:51:42.932+0000] {logging_mixin.py:190} INFO - [2024-10-06T01:51:42.932+0000] {dag.py:4156} INFO - Setting next_dagrun for example_weekday_branch_operator to 2024-10-05 00:00:00+00:00, run_after=2024-10-06 00:00:00+00:00
[2024-10-06T01:51:42.944+0000] {processor.py:208} INFO - Processing /home/airflow/.local/lib/python3.12/site-packages/airflow/example_dags/example_branch_day_of_week_operator.py took 0.041 seconds
[2024-10-06T02:42:32.811+0000] {processor.py:186} INFO - Started process (PID=24321) to work on /home/airflow/.local/lib/python3.12/site-packages/airflow/example_dags/example_branch_day_of_week_operator.py
[2024-10-06T02:42:32.811+0000] {processor.py:914} INFO - Processing file /home/airflow/.local/lib/python3.12/site-packages/airflow/example_dags/example_branch_day_of_week_operator.py for tasks to queue
[2024-10-06T02:42:32.812+0000] {logging_mixin.py:190} INFO - [2024-10-06T02:42:32.811+0000] {dagbag.py:587} INFO - Filling up the DagBag from /home/airflow/.local/lib/python3.12/site-packages/airflow/example_dags/example_branch_day_of_week_operator.py
[2024-10-06T02:42:32.816+0000] {processor.py:925} INFO - DAG(s) 'example_weekday_branch_operator' retrieved from /home/airflow/.local/lib/python3.12/site-packages/airflow/example_dags/example_branch_day_of_week_operator.py
[2024-10-06T02:42:32.827+0000] {logging_mixin.py:190} INFO - [2024-10-06T02:42:32.827+0000] {dag.py:3229} INFO - Sync 1 DAGs
[2024-10-06T02:42:32.837+0000] {logging_mixin.py:190} INFO - [2024-10-06T02:42:32.837+0000] {dag.py:4156} INFO - Setting next_dagrun for example_weekday_branch_operator to 2024-10-05 00:00:00+00:00, run_after=2024-10-06 00:00:00+00:00
[2024-10-06T02:42:32.844+0000] {processor.py:208} INFO - Processing /home/airflow/.local/lib/python3.12/site-packages/airflow/example_dags/example_branch_day_of_week_operator.py took 0.036 seconds
[2024-10-06T03:10:37.585+0000] {processor.py:186} INFO - Started process (PID=24391) to work on /home/airflow/.local/lib/python3.12/site-packages/airflow/example_dags/example_branch_day_of_week_operator.py
[2024-10-06T03:10:37.586+0000] {processor.py:914} INFO - Processing file /home/airflow/.local/lib/python3.12/site-packages/airflow/example_dags/example_branch_day_of_week_operator.py for tasks to queue
[2024-10-06T03:10:37.587+0000] {logging_mixin.py:190} INFO - [2024-10-06T03:10:37.586+0000] {dagbag.py:587} INFO - Filling up the DagBag from /home/airflow/.local/lib/python3.12/site-packages/airflow/example_dags/example_branch_day_of_week_operator.py
[2024-10-06T03:10:37.595+0000] {processor.py:925} INFO - DAG(s) 'example_weekday_branch_operator' retrieved from /home/airflow/.local/lib/python3.12/site-packages/airflow/example_dags/example_branch_day_of_week_operator.py
[2024-10-06T03:10:37.608+0000] {logging_mixin.py:190} INFO - [2024-10-06T03:10:37.608+0000] {dag.py:3229} INFO - Sync 1 DAGs
[2024-10-06T03:10:37.619+0000] {logging_mixin.py:190} INFO - [2024-10-06T03:10:37.619+0000] {dag.py:4156} INFO - Setting next_dagrun for example_weekday_branch_operator to 2024-10-05 00:00:00+00:00, run_after=2024-10-06 00:00:00+00:00
[2024-10-06T03:10:37.639+0000] {processor.py:208} INFO - Processing /home/airflow/.local/lib/python3.12/site-packages/airflow/example_dags/example_branch_day_of_week_operator.py took 0.059 seconds
[2024-10-06T03:53:54.594+0000] {processor.py:186} INFO - Started process (PID=24461) to work on /home/airflow/.local/lib/python3.12/site-packages/airflow/example_dags/example_branch_day_of_week_operator.py
[2024-10-06T03:53:54.594+0000] {processor.py:914} INFO - Processing file /home/airflow/.local/lib/python3.12/site-packages/airflow/example_dags/example_branch_day_of_week_operator.py for tasks to queue
[2024-10-06T03:53:54.595+0000] {logging_mixin.py:190} INFO - [2024-10-06T03:53:54.595+0000] {dagbag.py:587} INFO - Filling up the DagBag from /home/airflow/.local/lib/python3.12/site-packages/airflow/example_dags/example_branch_day_of_week_operator.py
[2024-10-06T03:53:54.603+0000] {processor.py:925} INFO - DAG(s) 'example_weekday_branch_operator' retrieved from /home/airflow/.local/lib/python3.12/site-packages/airflow/example_dags/example_branch_day_of_week_operator.py
[2024-10-06T03:53:54.615+0000] {logging_mixin.py:190} INFO - [2024-10-06T03:53:54.615+0000] {dag.py:3229} INFO - Sync 1 DAGs
[2024-10-06T03:53:54.626+0000] {logging_mixin.py:190} INFO - [2024-10-06T03:53:54.626+0000] {dag.py:4156} INFO - Setting next_dagrun for example_weekday_branch_operator to 2024-10-05 00:00:00+00:00, run_after=2024-10-06 00:00:00+00:00
[2024-10-06T03:53:54.634+0000] {processor.py:208} INFO - Processing /home/airflow/.local/lib/python3.12/site-packages/airflow/example_dags/example_branch_day_of_week_operator.py took 0.043 seconds
[2024-10-06T04:44:17.356+0000] {processor.py:186} INFO - Started process (PID=24531) to work on /home/airflow/.local/lib/python3.12/site-packages/airflow/example_dags/example_branch_day_of_week_operator.py
[2024-10-06T04:44:17.357+0000] {processor.py:914} INFO - Processing file /home/airflow/.local/lib/python3.12/site-packages/airflow/example_dags/example_branch_day_of_week_operator.py for tasks to queue
[2024-10-06T04:44:17.358+0000] {logging_mixin.py:190} INFO - [2024-10-06T04:44:17.358+0000] {dagbag.py:587} INFO - Filling up the DagBag from /home/airflow/.local/lib/python3.12/site-packages/airflow/example_dags/example_branch_day_of_week_operator.py
[2024-10-06T04:44:17.367+0000] {processor.py:925} INFO - DAG(s) 'example_weekday_branch_operator' retrieved from /home/airflow/.local/lib/python3.12/site-packages/airflow/example_dags/example_branch_day_of_week_operator.py
[2024-10-06T04:44:17.384+0000] {logging_mixin.py:190} INFO - [2024-10-06T04:44:17.384+0000] {dag.py:3229} INFO - Sync 1 DAGs
[2024-10-06T04:44:17.417+0000] {logging_mixin.py:190} INFO - [2024-10-06T04:44:17.417+0000] {dag.py:4156} INFO - Setting next_dagrun for example_weekday_branch_operator to 2024-10-05 00:00:00+00:00, run_after=2024-10-06 00:00:00+00:00
[2024-10-06T04:44:17.436+0000] {processor.py:208} INFO - Processing /home/airflow/.local/lib/python3.12/site-packages/airflow/example_dags/example_branch_day_of_week_operator.py took 0.087 seconds
[2024-10-06T05:45:11.384+0000] {processor.py:186} INFO - Started process (PID=24601) to work on /home/airflow/.local/lib/python3.12/site-packages/airflow/example_dags/example_branch_day_of_week_operator.py
[2024-10-06T05:45:11.386+0000] {processor.py:914} INFO - Processing file /home/airflow/.local/lib/python3.12/site-packages/airflow/example_dags/example_branch_day_of_week_operator.py for tasks to queue
[2024-10-06T05:45:11.386+0000] {logging_mixin.py:190} INFO - [2024-10-06T05:45:11.386+0000] {dagbag.py:587} INFO - Filling up the DagBag from /home/airflow/.local/lib/python3.12/site-packages/airflow/example_dags/example_branch_day_of_week_operator.py
[2024-10-06T05:45:11.391+0000] {processor.py:925} INFO - DAG(s) 'example_weekday_branch_operator' retrieved from /home/airflow/.local/lib/python3.12/site-packages/airflow/example_dags/example_branch_day_of_week_operator.py
[2024-10-06T05:45:11.404+0000] {logging_mixin.py:190} INFO - [2024-10-06T05:45:11.404+0000] {dag.py:3229} INFO - Sync 1 DAGs
[2024-10-06T05:45:11.415+0000] {logging_mixin.py:190} INFO - [2024-10-06T05:45:11.415+0000] {dag.py:4156} INFO - Setting next_dagrun for example_weekday_branch_operator to 2024-10-05 00:00:00+00:00, run_after=2024-10-06 00:00:00+00:00
[2024-10-06T05:45:11.427+0000] {processor.py:208} INFO - Processing /home/airflow/.local/lib/python3.12/site-packages/airflow/example_dags/example_branch_day_of_week_operator.py took 0.046 seconds
[2024-10-06T06:27:12.021+0000] {processor.py:186} INFO - Started process (PID=24671) to work on /home/airflow/.local/lib/python3.12/site-packages/airflow/example_dags/example_branch_day_of_week_operator.py
[2024-10-06T06:27:12.021+0000] {processor.py:914} INFO - Processing file /home/airflow/.local/lib/python3.12/site-packages/airflow/example_dags/example_branch_day_of_week_operator.py for tasks to queue
[2024-10-06T06:27:12.022+0000] {logging_mixin.py:190} INFO - [2024-10-06T06:27:12.022+0000] {dagbag.py:587} INFO - Filling up the DagBag from /home/airflow/.local/lib/python3.12/site-packages/airflow/example_dags/example_branch_day_of_week_operator.py
[2024-10-06T06:27:12.027+0000] {processor.py:925} INFO - DAG(s) 'example_weekday_branch_operator' retrieved from /home/airflow/.local/lib/python3.12/site-packages/airflow/example_dags/example_branch_day_of_week_operator.py
[2024-10-06T06:27:12.037+0000] {logging_mixin.py:190} INFO - [2024-10-06T06:27:12.037+0000] {dag.py:3229} INFO - Sync 1 DAGs
[2024-10-06T06:27:12.050+0000] {logging_mixin.py:190} INFO - [2024-10-06T06:27:12.050+0000] {dag.py:4156} INFO - Setting next_dagrun for example_weekday_branch_operator to 2024-10-05 00:00:00+00:00, run_after=2024-10-06 00:00:00+00:00
[2024-10-06T06:27:12.064+0000] {processor.py:208} INFO - Processing /home/airflow/.local/lib/python3.12/site-packages/airflow/example_dags/example_branch_day_of_week_operator.py took 0.047 seconds
[2024-10-06T06:56:41.521+0000] {processor.py:186} INFO - Started process (PID=24741) to work on /home/airflow/.local/lib/python3.12/site-packages/airflow/example_dags/example_branch_day_of_week_operator.py
[2024-10-06T06:56:41.523+0000] {processor.py:914} INFO - Processing file /home/airflow/.local/lib/python3.12/site-packages/airflow/example_dags/example_branch_day_of_week_operator.py for tasks to queue
[2024-10-06T06:56:41.526+0000] {logging_mixin.py:190} INFO - [2024-10-06T06:56:41.526+0000] {dagbag.py:587} INFO - Filling up the DagBag from /home/airflow/.local/lib/python3.12/site-packages/airflow/example_dags/example_branch_day_of_week_operator.py
[2024-10-06T06:56:41.532+0000] {processor.py:925} INFO - DAG(s) 'example_weekday_branch_operator' retrieved from /home/airflow/.local/lib/python3.12/site-packages/airflow/example_dags/example_branch_day_of_week_operator.py
[2024-10-06T06:56:41.550+0000] {logging_mixin.py:190} INFO - [2024-10-06T06:56:41.549+0000] {dag.py:3229} INFO - Sync 1 DAGs
[2024-10-06T06:56:41.569+0000] {logging_mixin.py:190} INFO - [2024-10-06T06:56:41.569+0000] {dag.py:4156} INFO - Setting next_dagrun for example_weekday_branch_operator to 2024-10-05 00:00:00+00:00, run_after=2024-10-06 00:00:00+00:00
[2024-10-06T06:56:41.585+0000] {processor.py:208} INFO - Processing /home/airflow/.local/lib/python3.12/site-packages/airflow/example_dags/example_branch_day_of_week_operator.py took 0.070 seconds
[2024-10-06T07:29:04.890+0000] {processor.py:186} INFO - Started process (PID=24811) to work on /home/airflow/.local/lib/python3.12/site-packages/airflow/example_dags/example_branch_day_of_week_operator.py
[2024-10-06T07:29:04.891+0000] {processor.py:914} INFO - Processing file /home/airflow/.local/lib/python3.12/site-packages/airflow/example_dags/example_branch_day_of_week_operator.py for tasks to queue
[2024-10-06T07:29:04.892+0000] {logging_mixin.py:190} INFO - [2024-10-06T07:29:04.892+0000] {dagbag.py:587} INFO - Filling up the DagBag from /home/airflow/.local/lib/python3.12/site-packages/airflow/example_dags/example_branch_day_of_week_operator.py
[2024-10-06T07:29:04.898+0000] {processor.py:925} INFO - DAG(s) 'example_weekday_branch_operator' retrieved from /home/airflow/.local/lib/python3.12/site-packages/airflow/example_dags/example_branch_day_of_week_operator.py
[2024-10-06T07:29:04.914+0000] {logging_mixin.py:190} INFO - [2024-10-06T07:29:04.914+0000] {dag.py:3229} INFO - Sync 1 DAGs
[2024-10-06T07:29:04.933+0000] {logging_mixin.py:190} INFO - [2024-10-06T07:29:04.933+0000] {dag.py:4156} INFO - Setting next_dagrun for example_weekday_branch_operator to 2024-10-05 00:00:00+00:00, run_after=2024-10-06 00:00:00+00:00
[2024-10-06T07:29:04.942+0000] {processor.py:208} INFO - Processing /home/airflow/.local/lib/python3.12/site-packages/airflow/example_dags/example_branch_day_of_week_operator.py took 0.056 seconds
[2024-10-06T07:57:58.353+0000] {processor.py:186} INFO - Started process (PID=24881) to work on /home/airflow/.local/lib/python3.12/site-packages/airflow/example_dags/example_branch_day_of_week_operator.py
[2024-10-06T07:57:58.354+0000] {processor.py:914} INFO - Processing file /home/airflow/.local/lib/python3.12/site-packages/airflow/example_dags/example_branch_day_of_week_operator.py for tasks to queue
[2024-10-06T07:57:58.354+0000] {logging_mixin.py:190} INFO - [2024-10-06T07:57:58.354+0000] {dagbag.py:587} INFO - Filling up the DagBag from /home/airflow/.local/lib/python3.12/site-packages/airflow/example_dags/example_branch_day_of_week_operator.py
[2024-10-06T07:57:58.359+0000] {processor.py:925} INFO - DAG(s) 'example_weekday_branch_operator' retrieved from /home/airflow/.local/lib/python3.12/site-packages/airflow/example_dags/example_branch_day_of_week_operator.py
[2024-10-06T07:57:58.368+0000] {logging_mixin.py:190} INFO - [2024-10-06T07:57:58.368+0000] {dag.py:3229} INFO - Sync 1 DAGs
[2024-10-06T07:57:58.378+0000] {logging_mixin.py:190} INFO - [2024-10-06T07:57:58.377+0000] {dag.py:4156} INFO - Setting next_dagrun for example_weekday_branch_operator to 2024-10-05 00:00:00+00:00, run_after=2024-10-06 00:00:00+00:00
[2024-10-06T07:57:58.384+0000] {processor.py:208} INFO - Processing /home/airflow/.local/lib/python3.12/site-packages/airflow/example_dags/example_branch_day_of_week_operator.py took 0.034 seconds
[2024-10-06T08:03:00.217+0000] {processor.py:186} INFO - Started process (PID=24951) to work on /home/airflow/.local/lib/python3.12/site-packages/airflow/example_dags/example_branch_day_of_week_operator.py
[2024-10-06T08:03:00.218+0000] {processor.py:914} INFO - Processing file /home/airflow/.local/lib/python3.12/site-packages/airflow/example_dags/example_branch_day_of_week_operator.py for tasks to queue
[2024-10-06T08:03:00.219+0000] {logging_mixin.py:190} INFO - [2024-10-06T08:03:00.218+0000] {dagbag.py:587} INFO - Filling up the DagBag from /home/airflow/.local/lib/python3.12/site-packages/airflow/example_dags/example_branch_day_of_week_operator.py
[2024-10-06T08:03:00.225+0000] {processor.py:925} INFO - DAG(s) 'example_weekday_branch_operator' retrieved from /home/airflow/.local/lib/python3.12/site-packages/airflow/example_dags/example_branch_day_of_week_operator.py
[2024-10-06T08:03:00.234+0000] {logging_mixin.py:190} INFO - [2024-10-06T08:03:00.234+0000] {dag.py:3229} INFO - Sync 1 DAGs
[2024-10-06T08:03:00.245+0000] {logging_mixin.py:190} INFO - [2024-10-06T08:03:00.245+0000] {dag.py:4156} INFO - Setting next_dagrun for example_weekday_branch_operator to 2024-10-05 00:00:00+00:00, run_after=2024-10-06 00:00:00+00:00
[2024-10-06T08:03:00.257+0000] {processor.py:208} INFO - Processing /home/airflow/.local/lib/python3.12/site-packages/airflow/example_dags/example_branch_day_of_week_operator.py took 0.043 seconds
[2024-10-06T08:03:31.581+0000] {processor.py:186} INFO - Started process (PID=25021) to work on /home/airflow/.local/lib/python3.12/site-packages/airflow/example_dags/example_branch_day_of_week_operator.py
[2024-10-06T08:03:31.582+0000] {processor.py:914} INFO - Processing file /home/airflow/.local/lib/python3.12/site-packages/airflow/example_dags/example_branch_day_of_week_operator.py for tasks to queue
[2024-10-06T08:03:31.583+0000] {logging_mixin.py:190} INFO - [2024-10-06T08:03:31.583+0000] {dagbag.py:587} INFO - Filling up the DagBag from /home/airflow/.local/lib/python3.12/site-packages/airflow/example_dags/example_branch_day_of_week_operator.py
[2024-10-06T08:03:31.616+0000] {processor.py:925} INFO - DAG(s) 'example_weekday_branch_operator' retrieved from /home/airflow/.local/lib/python3.12/site-packages/airflow/example_dags/example_branch_day_of_week_operator.py
[2024-10-06T08:03:31.645+0000] {logging_mixin.py:190} INFO - [2024-10-06T08:03:31.645+0000] {dag.py:3229} INFO - Sync 1 DAGs
[2024-10-06T08:03:31.660+0000] {logging_mixin.py:190} INFO - [2024-10-06T08:03:31.660+0000] {dag.py:4156} INFO - Setting next_dagrun for example_weekday_branch_operator to 2024-10-05 00:00:00+00:00, run_after=2024-10-06 00:00:00+00:00
[2024-10-06T08:03:31.668+0000] {processor.py:208} INFO - Processing /home/airflow/.local/lib/python3.12/site-packages/airflow/example_dags/example_branch_day_of_week_operator.py took 0.092 seconds
[2024-10-06T09:43:49.643+0000] {processor.py:186} INFO - Started process (PID=25091) to work on /home/airflow/.local/lib/python3.12/site-packages/airflow/example_dags/example_branch_day_of_week_operator.py
[2024-10-06T09:43:49.644+0000] {processor.py:914} INFO - Processing file /home/airflow/.local/lib/python3.12/site-packages/airflow/example_dags/example_branch_day_of_week_operator.py for tasks to queue
[2024-10-06T09:43:49.645+0000] {logging_mixin.py:190} INFO - [2024-10-06T09:43:49.645+0000] {dagbag.py:587} INFO - Filling up the DagBag from /home/airflow/.local/lib/python3.12/site-packages/airflow/example_dags/example_branch_day_of_week_operator.py
[2024-10-06T09:43:49.652+0000] {processor.py:925} INFO - DAG(s) 'example_weekday_branch_operator' retrieved from /home/airflow/.local/lib/python3.12/site-packages/airflow/example_dags/example_branch_day_of_week_operator.py
[2024-10-06T09:43:49.666+0000] {logging_mixin.py:190} INFO - [2024-10-06T09:43:49.665+0000] {dag.py:3229} INFO - Sync 1 DAGs
[2024-10-06T09:43:49.678+0000] {logging_mixin.py:190} INFO - [2024-10-06T09:43:49.678+0000] {dag.py:4156} INFO - Setting next_dagrun for example_weekday_branch_operator to 2024-10-05 00:00:00+00:00, run_after=2024-10-06 00:00:00+00:00
[2024-10-06T09:43:49.689+0000] {processor.py:208} INFO - Processing /home/airflow/.local/lib/python3.12/site-packages/airflow/example_dags/example_branch_day_of_week_operator.py took 0.049 seconds
[2024-10-06T10:16:44.708+0000] {processor.py:186} INFO - Started process (PID=25160) to work on /home/airflow/.local/lib/python3.12/site-packages/airflow/example_dags/example_branch_day_of_week_operator.py
[2024-10-06T10:16:44.709+0000] {processor.py:914} INFO - Processing file /home/airflow/.local/lib/python3.12/site-packages/airflow/example_dags/example_branch_day_of_week_operator.py for tasks to queue
[2024-10-06T10:16:44.710+0000] {logging_mixin.py:190} INFO - [2024-10-06T10:16:44.710+0000] {dagbag.py:587} INFO - Filling up the DagBag from /home/airflow/.local/lib/python3.12/site-packages/airflow/example_dags/example_branch_day_of_week_operator.py
[2024-10-06T10:16:44.715+0000] {processor.py:925} INFO - DAG(s) 'example_weekday_branch_operator' retrieved from /home/airflow/.local/lib/python3.12/site-packages/airflow/example_dags/example_branch_day_of_week_operator.py
[2024-10-06T10:16:44.731+0000] {logging_mixin.py:190} INFO - [2024-10-06T10:16:44.731+0000] {dag.py:3229} INFO - Sync 1 DAGs
[2024-10-06T10:16:44.752+0000] {logging_mixin.py:190} INFO - [2024-10-06T10:16:44.752+0000] {dag.py:4156} INFO - Setting next_dagrun for example_weekday_branch_operator to 2024-10-05 00:00:00+00:00, run_after=2024-10-06 00:00:00+00:00
[2024-10-06T10:16:44.761+0000] {processor.py:208} INFO - Processing /home/airflow/.local/lib/python3.12/site-packages/airflow/example_dags/example_branch_day_of_week_operator.py took 0.057 seconds
[2024-10-06T11:20:57.265+0000] {processor.py:186} INFO - Started process (PID=25230) to work on /home/airflow/.local/lib/python3.12/site-packages/airflow/example_dags/example_branch_day_of_week_operator.py
[2024-10-06T11:20:57.267+0000] {processor.py:914} INFO - Processing file /home/airflow/.local/lib/python3.12/site-packages/airflow/example_dags/example_branch_day_of_week_operator.py for tasks to queue
[2024-10-06T11:20:57.268+0000] {logging_mixin.py:190} INFO - [2024-10-06T11:20:57.267+0000] {dagbag.py:587} INFO - Filling up the DagBag from /home/airflow/.local/lib/python3.12/site-packages/airflow/example_dags/example_branch_day_of_week_operator.py
[2024-10-06T11:20:57.274+0000] {processor.py:925} INFO - DAG(s) 'example_weekday_branch_operator' retrieved from /home/airflow/.local/lib/python3.12/site-packages/airflow/example_dags/example_branch_day_of_week_operator.py
[2024-10-06T11:20:57.290+0000] {logging_mixin.py:190} INFO - [2024-10-06T11:20:57.290+0000] {dag.py:3229} INFO - Sync 1 DAGs
[2024-10-06T11:20:57.305+0000] {logging_mixin.py:190} INFO - [2024-10-06T11:20:57.304+0000] {dag.py:4156} INFO - Setting next_dagrun for example_weekday_branch_operator to 2024-10-05 00:00:00+00:00, run_after=2024-10-06 00:00:00+00:00
[2024-10-06T11:20:57.313+0000] {processor.py:208} INFO - Processing /home/airflow/.local/lib/python3.12/site-packages/airflow/example_dags/example_branch_day_of_week_operator.py took 0.053 seconds
[2024-10-06T13:00:05.348+0000] {processor.py:186} INFO - Started process (PID=25300) to work on /home/airflow/.local/lib/python3.12/site-packages/airflow/example_dags/example_branch_day_of_week_operator.py
[2024-10-06T13:00:05.350+0000] {processor.py:914} INFO - Processing file /home/airflow/.local/lib/python3.12/site-packages/airflow/example_dags/example_branch_day_of_week_operator.py for tasks to queue
[2024-10-06T13:00:05.351+0000] {logging_mixin.py:190} INFO - [2024-10-06T13:00:05.351+0000] {dagbag.py:587} INFO - Filling up the DagBag from /home/airflow/.local/lib/python3.12/site-packages/airflow/example_dags/example_branch_day_of_week_operator.py
[2024-10-06T13:00:05.357+0000] {processor.py:925} INFO - DAG(s) 'example_weekday_branch_operator' retrieved from /home/airflow/.local/lib/python3.12/site-packages/airflow/example_dags/example_branch_day_of_week_operator.py
[2024-10-06T13:00:05.370+0000] {logging_mixin.py:190} INFO - [2024-10-06T13:00:05.370+0000] {dag.py:3229} INFO - Sync 1 DAGs
[2024-10-06T13:00:05.381+0000] {logging_mixin.py:190} INFO - [2024-10-06T13:00:05.381+0000] {dag.py:4156} INFO - Setting next_dagrun for example_weekday_branch_operator to 2024-10-05 00:00:00+00:00, run_after=2024-10-06 00:00:00+00:00
[2024-10-06T13:00:05.394+0000] {processor.py:208} INFO - Processing /home/airflow/.local/lib/python3.12/site-packages/airflow/example_dags/example_branch_day_of_week_operator.py took 0.050 seconds
[2024-10-06T13:48:16.779+0000] {processor.py:186} INFO - Started process (PID=25370) to work on /home/airflow/.local/lib/python3.12/site-packages/airflow/example_dags/example_branch_day_of_week_operator.py
[2024-10-06T13:48:16.779+0000] {processor.py:914} INFO - Processing file /home/airflow/.local/lib/python3.12/site-packages/airflow/example_dags/example_branch_day_of_week_operator.py for tasks to queue
[2024-10-06T13:48:16.780+0000] {logging_mixin.py:190} INFO - [2024-10-06T13:48:16.780+0000] {dagbag.py:587} INFO - Filling up the DagBag from /home/airflow/.local/lib/python3.12/site-packages/airflow/example_dags/example_branch_day_of_week_operator.py
[2024-10-06T13:48:16.784+0000] {processor.py:925} INFO - DAG(s) 'example_weekday_branch_operator' retrieved from /home/airflow/.local/lib/python3.12/site-packages/airflow/example_dags/example_branch_day_of_week_operator.py
[2024-10-06T13:48:16.793+0000] {logging_mixin.py:190} INFO - [2024-10-06T13:48:16.793+0000] {dag.py:3229} INFO - Sync 1 DAGs
[2024-10-06T13:48:16.803+0000] {logging_mixin.py:190} INFO - [2024-10-06T13:48:16.803+0000] {dag.py:4156} INFO - Setting next_dagrun for example_weekday_branch_operator to 2024-10-05 00:00:00+00:00, run_after=2024-10-06 00:00:00+00:00
[2024-10-06T13:48:16.810+0000] {processor.py:208} INFO - Processing /home/airflow/.local/lib/python3.12/site-packages/airflow/example_dags/example_branch_day_of_week_operator.py took 0.034 seconds
[2024-10-06T13:55:52.502+0000] {processor.py:186} INFO - Started process (PID=25440) to work on /home/airflow/.local/lib/python3.12/site-packages/airflow/example_dags/example_branch_day_of_week_operator.py
[2024-10-06T13:55:52.503+0000] {processor.py:914} INFO - Processing file /home/airflow/.local/lib/python3.12/site-packages/airflow/example_dags/example_branch_day_of_week_operator.py for tasks to queue
[2024-10-06T13:55:52.504+0000] {logging_mixin.py:190} INFO - [2024-10-06T13:55:52.504+0000] {dagbag.py:587} INFO - Filling up the DagBag from /home/airflow/.local/lib/python3.12/site-packages/airflow/example_dags/example_branch_day_of_week_operator.py
[2024-10-06T13:55:52.510+0000] {processor.py:925} INFO - DAG(s) 'example_weekday_branch_operator' retrieved from /home/airflow/.local/lib/python3.12/site-packages/airflow/example_dags/example_branch_day_of_week_operator.py
[2024-10-06T13:55:52.521+0000] {logging_mixin.py:190} INFO - [2024-10-06T13:55:52.521+0000] {dag.py:3229} INFO - Sync 1 DAGs
[2024-10-06T13:55:52.534+0000] {logging_mixin.py:190} INFO - [2024-10-06T13:55:52.534+0000] {dag.py:4156} INFO - Setting next_dagrun for example_weekday_branch_operator to 2024-10-05 00:00:00+00:00, run_after=2024-10-06 00:00:00+00:00
[2024-10-06T13:55:52.549+0000] {processor.py:208} INFO - Processing /home/airflow/.local/lib/python3.12/site-packages/airflow/example_dags/example_branch_day_of_week_operator.py took 0.050 seconds
[2024-10-06T14:56:51.829+0000] {processor.py:186} INFO - Started process (PID=25510) to work on /home/airflow/.local/lib/python3.12/site-packages/airflow/example_dags/example_branch_day_of_week_operator.py
[2024-10-06T14:56:51.830+0000] {processor.py:914} INFO - Processing file /home/airflow/.local/lib/python3.12/site-packages/airflow/example_dags/example_branch_day_of_week_operator.py for tasks to queue
[2024-10-06T14:56:51.831+0000] {logging_mixin.py:190} INFO - [2024-10-06T14:56:51.831+0000] {dagbag.py:587} INFO - Filling up the DagBag from /home/airflow/.local/lib/python3.12/site-packages/airflow/example_dags/example_branch_day_of_week_operator.py
[2024-10-06T14:56:51.838+0000] {processor.py:925} INFO - DAG(s) 'example_weekday_branch_operator' retrieved from /home/airflow/.local/lib/python3.12/site-packages/airflow/example_dags/example_branch_day_of_week_operator.py
[2024-10-06T14:56:51.870+0000] {logging_mixin.py:190} INFO - [2024-10-06T14:56:51.869+0000] {dag.py:3229} INFO - Sync 1 DAGs
[2024-10-06T14:56:51.891+0000] {logging_mixin.py:190} INFO - [2024-10-06T14:56:51.891+0000] {dag.py:4156} INFO - Setting next_dagrun for example_weekday_branch_operator to 2024-10-05 00:00:00+00:00, run_after=2024-10-06 00:00:00+00:00
[2024-10-06T14:56:51.910+0000] {processor.py:208} INFO - Processing /home/airflow/.local/lib/python3.12/site-packages/airflow/example_dags/example_branch_day_of_week_operator.py took 0.088 seconds
[2024-10-06T15:41:30.008+0000] {processor.py:186} INFO - Started process (PID=25580) to work on /home/airflow/.local/lib/python3.12/site-packages/airflow/example_dags/example_branch_day_of_week_operator.py
[2024-10-06T15:41:30.009+0000] {processor.py:914} INFO - Processing file /home/airflow/.local/lib/python3.12/site-packages/airflow/example_dags/example_branch_day_of_week_operator.py for tasks to queue
[2024-10-06T15:41:30.009+0000] {logging_mixin.py:190} INFO - [2024-10-06T15:41:30.009+0000] {dagbag.py:587} INFO - Filling up the DagBag from /home/airflow/.local/lib/python3.12/site-packages/airflow/example_dags/example_branch_day_of_week_operator.py
[2024-10-06T15:41:30.014+0000] {processor.py:925} INFO - DAG(s) 'example_weekday_branch_operator' retrieved from /home/airflow/.local/lib/python3.12/site-packages/airflow/example_dags/example_branch_day_of_week_operator.py
[2024-10-06T15:41:30.038+0000] {logging_mixin.py:190} INFO - [2024-10-06T15:41:30.037+0000] {dag.py:3229} INFO - Sync 1 DAGs
[2024-10-06T15:41:30.083+0000] {logging_mixin.py:190} INFO - [2024-10-06T15:41:30.083+0000] {dag.py:4156} INFO - Setting next_dagrun for example_weekday_branch_operator to 2024-10-05 00:00:00+00:00, run_after=2024-10-06 00:00:00+00:00
[2024-10-06T15:41:30.101+0000] {processor.py:208} INFO - Processing /home/airflow/.local/lib/python3.12/site-packages/airflow/example_dags/example_branch_day_of_week_operator.py took 0.098 seconds
[2024-10-06T16:15:55.853+0000] {processor.py:186} INFO - Started process (PID=25650) to work on /home/airflow/.local/lib/python3.12/site-packages/airflow/example_dags/example_branch_day_of_week_operator.py
[2024-10-06T16:15:55.855+0000] {processor.py:914} INFO - Processing file /home/airflow/.local/lib/python3.12/site-packages/airflow/example_dags/example_branch_day_of_week_operator.py for tasks to queue
[2024-10-06T16:15:55.856+0000] {logging_mixin.py:190} INFO - [2024-10-06T16:15:55.856+0000] {dagbag.py:587} INFO - Filling up the DagBag from /home/airflow/.local/lib/python3.12/site-packages/airflow/example_dags/example_branch_day_of_week_operator.py
[2024-10-06T16:15:55.923+0000] {processor.py:925} INFO - DAG(s) 'example_weekday_branch_operator' retrieved from /home/airflow/.local/lib/python3.12/site-packages/airflow/example_dags/example_branch_day_of_week_operator.py
[2024-10-06T16:15:55.949+0000] {logging_mixin.py:190} INFO - [2024-10-06T16:15:55.949+0000] {dag.py:3229} INFO - Sync 1 DAGs
[2024-10-06T16:15:55.967+0000] {logging_mixin.py:190} INFO - [2024-10-06T16:15:55.967+0000] {dag.py:4156} INFO - Setting next_dagrun for example_weekday_branch_operator to 2024-10-05 00:00:00+00:00, run_after=2024-10-06 00:00:00+00:00
[2024-10-06T16:15:55.983+0000] {processor.py:208} INFO - Processing /home/airflow/.local/lib/python3.12/site-packages/airflow/example_dags/example_branch_day_of_week_operator.py took 0.139 seconds
[2024-10-06T16:58:36.756+0000] {processor.py:186} INFO - Started process (PID=25720) to work on /home/airflow/.local/lib/python3.12/site-packages/airflow/example_dags/example_branch_day_of_week_operator.py
[2024-10-06T16:58:36.757+0000] {processor.py:914} INFO - Processing file /home/airflow/.local/lib/python3.12/site-packages/airflow/example_dags/example_branch_day_of_week_operator.py for tasks to queue
[2024-10-06T16:58:36.758+0000] {logging_mixin.py:190} INFO - [2024-10-06T16:58:36.758+0000] {dagbag.py:587} INFO - Filling up the DagBag from /home/airflow/.local/lib/python3.12/site-packages/airflow/example_dags/example_branch_day_of_week_operator.py
[2024-10-06T16:58:36.772+0000] {processor.py:925} INFO - DAG(s) 'example_weekday_branch_operator' retrieved from /home/airflow/.local/lib/python3.12/site-packages/airflow/example_dags/example_branch_day_of_week_operator.py
[2024-10-06T16:58:36.787+0000] {logging_mixin.py:190} INFO - [2024-10-06T16:58:36.787+0000] {dag.py:3229} INFO - Sync 1 DAGs
[2024-10-06T16:58:36.800+0000] {logging_mixin.py:190} INFO - [2024-10-06T16:58:36.800+0000] {dag.py:4156} INFO - Setting next_dagrun for example_weekday_branch_operator to 2024-10-05 00:00:00+00:00, run_after=2024-10-06 00:00:00+00:00
[2024-10-06T16:58:36.807+0000] {processor.py:208} INFO - Processing /home/airflow/.local/lib/python3.12/site-packages/airflow/example_dags/example_branch_day_of_week_operator.py took 0.054 seconds
[2024-10-06T16:59:07.042+0000] {processor.py:186} INFO - Started process (PID=25790) to work on /home/airflow/.local/lib/python3.12/site-packages/airflow/example_dags/example_branch_day_of_week_operator.py
[2024-10-06T16:59:07.043+0000] {processor.py:914} INFO - Processing file /home/airflow/.local/lib/python3.12/site-packages/airflow/example_dags/example_branch_day_of_week_operator.py for tasks to queue
[2024-10-06T16:59:07.043+0000] {logging_mixin.py:190} INFO - [2024-10-06T16:59:07.043+0000] {dagbag.py:587} INFO - Filling up the DagBag from /home/airflow/.local/lib/python3.12/site-packages/airflow/example_dags/example_branch_day_of_week_operator.py
[2024-10-06T16:59:07.048+0000] {processor.py:925} INFO - DAG(s) 'example_weekday_branch_operator' retrieved from /home/airflow/.local/lib/python3.12/site-packages/airflow/example_dags/example_branch_day_of_week_operator.py
[2024-10-06T16:59:07.056+0000] {logging_mixin.py:190} INFO - [2024-10-06T16:59:07.056+0000] {dag.py:3229} INFO - Sync 1 DAGs
[2024-10-06T16:59:07.068+0000] {logging_mixin.py:190} INFO - [2024-10-06T16:59:07.068+0000] {dag.py:4156} INFO - Setting next_dagrun for example_weekday_branch_operator to 2024-10-05 00:00:00+00:00, run_after=2024-10-06 00:00:00+00:00
[2024-10-06T16:59:07.078+0000] {processor.py:208} INFO - Processing /home/airflow/.local/lib/python3.12/site-packages/airflow/example_dags/example_branch_day_of_week_operator.py took 0.039 seconds
[2024-10-06T17:59:33.169+0000] {processor.py:186} INFO - Started process (PID=25859) to work on /home/airflow/.local/lib/python3.12/site-packages/airflow/example_dags/example_branch_day_of_week_operator.py
[2024-10-06T17:59:33.170+0000] {processor.py:914} INFO - Processing file /home/airflow/.local/lib/python3.12/site-packages/airflow/example_dags/example_branch_day_of_week_operator.py for tasks to queue
[2024-10-06T17:59:33.171+0000] {logging_mixin.py:190} INFO - [2024-10-06T17:59:33.171+0000] {dagbag.py:587} INFO - Filling up the DagBag from /home/airflow/.local/lib/python3.12/site-packages/airflow/example_dags/example_branch_day_of_week_operator.py
[2024-10-06T17:59:33.181+0000] {processor.py:925} INFO - DAG(s) 'example_weekday_branch_operator' retrieved from /home/airflow/.local/lib/python3.12/site-packages/airflow/example_dags/example_branch_day_of_week_operator.py
[2024-10-06T17:59:33.196+0000] {logging_mixin.py:190} INFO - [2024-10-06T17:59:33.196+0000] {dag.py:3229} INFO - Sync 1 DAGs
[2024-10-06T17:59:33.218+0000] {logging_mixin.py:190} INFO - [2024-10-06T17:59:33.218+0000] {dag.py:4156} INFO - Setting next_dagrun for example_weekday_branch_operator to 2024-10-05 00:00:00+00:00, run_after=2024-10-06 00:00:00+00:00
[2024-10-06T17:59:33.226+0000] {processor.py:208} INFO - Processing /home/airflow/.local/lib/python3.12/site-packages/airflow/example_dags/example_branch_day_of_week_operator.py took 0.062 seconds
[2024-10-06T18:17:02.093+0000] {processor.py:186} INFO - Started process (PID=25929) to work on /home/airflow/.local/lib/python3.12/site-packages/airflow/example_dags/example_branch_day_of_week_operator.py
[2024-10-06T18:17:02.093+0000] {processor.py:914} INFO - Processing file /home/airflow/.local/lib/python3.12/site-packages/airflow/example_dags/example_branch_day_of_week_operator.py for tasks to queue
[2024-10-06T18:17:02.094+0000] {logging_mixin.py:190} INFO - [2024-10-06T18:17:02.094+0000] {dagbag.py:587} INFO - Filling up the DagBag from /home/airflow/.local/lib/python3.12/site-packages/airflow/example_dags/example_branch_day_of_week_operator.py
[2024-10-06T18:17:02.100+0000] {processor.py:925} INFO - DAG(s) 'example_weekday_branch_operator' retrieved from /home/airflow/.local/lib/python3.12/site-packages/airflow/example_dags/example_branch_day_of_week_operator.py
[2024-10-06T18:17:02.110+0000] {logging_mixin.py:190} INFO - [2024-10-06T18:17:02.110+0000] {dag.py:3229} INFO - Sync 1 DAGs
[2024-10-06T18:17:02.121+0000] {logging_mixin.py:190} INFO - [2024-10-06T18:17:02.121+0000] {dag.py:4156} INFO - Setting next_dagrun for example_weekday_branch_operator to 2024-10-05 00:00:00+00:00, run_after=2024-10-06 00:00:00+00:00
[2024-10-06T18:17:02.127+0000] {processor.py:208} INFO - Processing /home/airflow/.local/lib/python3.12/site-packages/airflow/example_dags/example_branch_day_of_week_operator.py took 0.039 seconds
[2024-10-06T18:49:50.416+0000] {processor.py:186} INFO - Started process (PID=25999) to work on /home/airflow/.local/lib/python3.12/site-packages/airflow/example_dags/example_branch_day_of_week_operator.py
[2024-10-06T18:49:50.417+0000] {processor.py:914} INFO - Processing file /home/airflow/.local/lib/python3.12/site-packages/airflow/example_dags/example_branch_day_of_week_operator.py for tasks to queue
[2024-10-06T18:49:50.417+0000] {logging_mixin.py:190} INFO - [2024-10-06T18:49:50.417+0000] {dagbag.py:587} INFO - Filling up the DagBag from /home/airflow/.local/lib/python3.12/site-packages/airflow/example_dags/example_branch_day_of_week_operator.py
[2024-10-06T18:49:50.422+0000] {processor.py:925} INFO - DAG(s) 'example_weekday_branch_operator' retrieved from /home/airflow/.local/lib/python3.12/site-packages/airflow/example_dags/example_branch_day_of_week_operator.py
[2024-10-06T18:49:50.432+0000] {logging_mixin.py:190} INFO - [2024-10-06T18:49:50.432+0000] {dag.py:3229} INFO - Sync 1 DAGs
[2024-10-06T18:49:50.449+0000] {logging_mixin.py:190} INFO - [2024-10-06T18:49:50.449+0000] {dag.py:4156} INFO - Setting next_dagrun for example_weekday_branch_operator to 2024-10-05 00:00:00+00:00, run_after=2024-10-06 00:00:00+00:00
[2024-10-06T18:49:50.465+0000] {processor.py:208} INFO - Processing /home/airflow/.local/lib/python3.12/site-packages/airflow/example_dags/example_branch_day_of_week_operator.py took 0.053 seconds
[2024-10-06T19:00:34.033+0000] {processor.py:186} INFO - Started process (PID=26069) to work on /home/airflow/.local/lib/python3.12/site-packages/airflow/example_dags/example_branch_day_of_week_operator.py
[2024-10-06T19:00:34.034+0000] {processor.py:914} INFO - Processing file /home/airflow/.local/lib/python3.12/site-packages/airflow/example_dags/example_branch_day_of_week_operator.py for tasks to queue
[2024-10-06T19:00:34.035+0000] {logging_mixin.py:190} INFO - [2024-10-06T19:00:34.035+0000] {dagbag.py:587} INFO - Filling up the DagBag from /home/airflow/.local/lib/python3.12/site-packages/airflow/example_dags/example_branch_day_of_week_operator.py
[2024-10-06T19:00:34.039+0000] {processor.py:925} INFO - DAG(s) 'example_weekday_branch_operator' retrieved from /home/airflow/.local/lib/python3.12/site-packages/airflow/example_dags/example_branch_day_of_week_operator.py
[2024-10-06T19:00:34.061+0000] {logging_mixin.py:190} INFO - [2024-10-06T19:00:34.061+0000] {dag.py:3229} INFO - Sync 1 DAGs
[2024-10-06T19:00:34.078+0000] {logging_mixin.py:190} INFO - [2024-10-06T19:00:34.078+0000] {dag.py:4156} INFO - Setting next_dagrun for example_weekday_branch_operator to 2024-10-05 00:00:00+00:00, run_after=2024-10-06 00:00:00+00:00
[2024-10-06T19:00:34.094+0000] {processor.py:208} INFO - Processing /home/airflow/.local/lib/python3.12/site-packages/airflow/example_dags/example_branch_day_of_week_operator.py took 0.064 seconds
[2024-10-06T19:16:46.940+0000] {processor.py:186} INFO - Started process (PID=26139) to work on /home/airflow/.local/lib/python3.12/site-packages/airflow/example_dags/example_branch_day_of_week_operator.py
[2024-10-06T19:16:46.941+0000] {processor.py:914} INFO - Processing file /home/airflow/.local/lib/python3.12/site-packages/airflow/example_dags/example_branch_day_of_week_operator.py for tasks to queue
[2024-10-06T19:16:46.942+0000] {logging_mixin.py:190} INFO - [2024-10-06T19:16:46.942+0000] {dagbag.py:587} INFO - Filling up the DagBag from /home/airflow/.local/lib/python3.12/site-packages/airflow/example_dags/example_branch_day_of_week_operator.py
[2024-10-06T19:16:46.950+0000] {processor.py:925} INFO - DAG(s) 'example_weekday_branch_operator' retrieved from /home/airflow/.local/lib/python3.12/site-packages/airflow/example_dags/example_branch_day_of_week_operator.py
[2024-10-06T19:16:46.975+0000] {logging_mixin.py:190} INFO - [2024-10-06T19:16:46.975+0000] {dag.py:3229} INFO - Sync 1 DAGs
[2024-10-06T19:16:46.994+0000] {logging_mixin.py:190} INFO - [2024-10-06T19:16:46.994+0000] {dag.py:4156} INFO - Setting next_dagrun for example_weekday_branch_operator to 2024-10-05 00:00:00+00:00, run_after=2024-10-06 00:00:00+00:00
[2024-10-06T19:16:47.003+0000] {processor.py:208} INFO - Processing /home/airflow/.local/lib/python3.12/site-packages/airflow/example_dags/example_branch_day_of_week_operator.py took 0.067 seconds
[2024-10-06T20:01:51.219+0000] {processor.py:186} INFO - Started process (PID=26209) to work on /home/airflow/.local/lib/python3.12/site-packages/airflow/example_dags/example_branch_day_of_week_operator.py
[2024-10-06T20:01:51.219+0000] {processor.py:914} INFO - Processing file /home/airflow/.local/lib/python3.12/site-packages/airflow/example_dags/example_branch_day_of_week_operator.py for tasks to queue
[2024-10-06T20:01:51.220+0000] {logging_mixin.py:190} INFO - [2024-10-06T20:01:51.220+0000] {dagbag.py:587} INFO - Filling up the DagBag from /home/airflow/.local/lib/python3.12/site-packages/airflow/example_dags/example_branch_day_of_week_operator.py
[2024-10-06T20:01:51.225+0000] {processor.py:925} INFO - DAG(s) 'example_weekday_branch_operator' retrieved from /home/airflow/.local/lib/python3.12/site-packages/airflow/example_dags/example_branch_day_of_week_operator.py
[2024-10-06T20:01:51.234+0000] {logging_mixin.py:190} INFO - [2024-10-06T20:01:51.234+0000] {dag.py:3229} INFO - Sync 1 DAGs
[2024-10-06T20:01:51.244+0000] {logging_mixin.py:190} INFO - [2024-10-06T20:01:51.244+0000] {dag.py:4156} INFO - Setting next_dagrun for example_weekday_branch_operator to 2024-10-05 00:00:00+00:00, run_after=2024-10-06 00:00:00+00:00
[2024-10-06T20:01:51.254+0000] {processor.py:208} INFO - Processing /home/airflow/.local/lib/python3.12/site-packages/airflow/example_dags/example_branch_day_of_week_operator.py took 0.038 seconds
[2024-10-06T20:18:00.612+0000] {processor.py:186} INFO - Started process (PID=26279) to work on /home/airflow/.local/lib/python3.12/site-packages/airflow/example_dags/example_branch_day_of_week_operator.py
[2024-10-06T20:18:00.613+0000] {processor.py:914} INFO - Processing file /home/airflow/.local/lib/python3.12/site-packages/airflow/example_dags/example_branch_day_of_week_operator.py for tasks to queue
[2024-10-06T20:18:00.614+0000] {logging_mixin.py:190} INFO - [2024-10-06T20:18:00.613+0000] {dagbag.py:587} INFO - Filling up the DagBag from /home/airflow/.local/lib/python3.12/site-packages/airflow/example_dags/example_branch_day_of_week_operator.py
[2024-10-06T20:18:00.619+0000] {processor.py:925} INFO - DAG(s) 'example_weekday_branch_operator' retrieved from /home/airflow/.local/lib/python3.12/site-packages/airflow/example_dags/example_branch_day_of_week_operator.py
[2024-10-06T20:18:00.632+0000] {logging_mixin.py:190} INFO - [2024-10-06T20:18:00.632+0000] {dag.py:3229} INFO - Sync 1 DAGs
[2024-10-06T20:18:00.654+0000] {logging_mixin.py:190} INFO - [2024-10-06T20:18:00.654+0000] {dag.py:4156} INFO - Setting next_dagrun for example_weekday_branch_operator to 2024-10-05 00:00:00+00:00, run_after=2024-10-06 00:00:00+00:00
[2024-10-06T20:18:00.662+0000] {processor.py:208} INFO - Processing /home/airflow/.local/lib/python3.12/site-packages/airflow/example_dags/example_branch_day_of_week_operator.py took 0.054 seconds
[2024-10-06T20:51:50.443+0000] {processor.py:186} INFO - Started process (PID=26348) to work on /home/airflow/.local/lib/python3.12/site-packages/airflow/example_dags/example_branch_day_of_week_operator.py
[2024-10-06T20:51:50.444+0000] {processor.py:914} INFO - Processing file /home/airflow/.local/lib/python3.12/site-packages/airflow/example_dags/example_branch_day_of_week_operator.py for tasks to queue
[2024-10-06T20:51:50.445+0000] {logging_mixin.py:190} INFO - [2024-10-06T20:51:50.445+0000] {dagbag.py:587} INFO - Filling up the DagBag from /home/airflow/.local/lib/python3.12/site-packages/airflow/example_dags/example_branch_day_of_week_operator.py
[2024-10-06T20:51:50.450+0000] {processor.py:925} INFO - DAG(s) 'example_weekday_branch_operator' retrieved from /home/airflow/.local/lib/python3.12/site-packages/airflow/example_dags/example_branch_day_of_week_operator.py
[2024-10-06T20:51:50.462+0000] {logging_mixin.py:190} INFO - [2024-10-06T20:51:50.462+0000] {dag.py:3229} INFO - Sync 1 DAGs
[2024-10-06T20:51:50.481+0000] {logging_mixin.py:190} INFO - [2024-10-06T20:51:50.481+0000] {dag.py:4156} INFO - Setting next_dagrun for example_weekday_branch_operator to 2024-10-05 00:00:00+00:00, run_after=2024-10-06 00:00:00+00:00
[2024-10-06T20:51:50.499+0000] {processor.py:208} INFO - Processing /home/airflow/.local/lib/python3.12/site-packages/airflow/example_dags/example_branch_day_of_week_operator.py took 0.059 seconds
[2024-10-06T20:52:22.804+0000] {processor.py:186} INFO - Started process (PID=26419) to work on /home/airflow/.local/lib/python3.12/site-packages/airflow/example_dags/example_branch_day_of_week_operator.py
[2024-10-06T20:52:22.806+0000] {processor.py:914} INFO - Processing file /home/airflow/.local/lib/python3.12/site-packages/airflow/example_dags/example_branch_day_of_week_operator.py for tasks to queue
[2024-10-06T20:52:22.809+0000] {logging_mixin.py:190} INFO - [2024-10-06T20:52:22.808+0000] {dagbag.py:587} INFO - Filling up the DagBag from /home/airflow/.local/lib/python3.12/site-packages/airflow/example_dags/example_branch_day_of_week_operator.py
[2024-10-06T20:52:22.817+0000] {processor.py:925} INFO - DAG(s) 'example_weekday_branch_operator' retrieved from /home/airflow/.local/lib/python3.12/site-packages/airflow/example_dags/example_branch_day_of_week_operator.py
[2024-10-06T20:52:22.842+0000] {logging_mixin.py:190} INFO - [2024-10-06T20:52:22.842+0000] {dag.py:3229} INFO - Sync 1 DAGs
[2024-10-06T20:52:22.858+0000] {logging_mixin.py:190} INFO - [2024-10-06T20:52:22.858+0000] {dag.py:4156} INFO - Setting next_dagrun for example_weekday_branch_operator to 2024-10-05 00:00:00+00:00, run_after=2024-10-06 00:00:00+00:00
[2024-10-06T20:52:22.872+0000] {processor.py:208} INFO - Processing /home/airflow/.local/lib/python3.12/site-packages/airflow/example_dags/example_branch_day_of_week_operator.py took 0.071 seconds
[2024-10-06T21:19:21.532+0000] {processor.py:186} INFO - Started process (PID=26489) to work on /home/airflow/.local/lib/python3.12/site-packages/airflow/example_dags/example_branch_day_of_week_operator.py
[2024-10-06T21:19:21.534+0000] {processor.py:914} INFO - Processing file /home/airflow/.local/lib/python3.12/site-packages/airflow/example_dags/example_branch_day_of_week_operator.py for tasks to queue
[2024-10-06T21:19:21.535+0000] {logging_mixin.py:190} INFO - [2024-10-06T21:19:21.535+0000] {dagbag.py:587} INFO - Filling up the DagBag from /home/airflow/.local/lib/python3.12/site-packages/airflow/example_dags/example_branch_day_of_week_operator.py
[2024-10-06T21:19:21.540+0000] {processor.py:925} INFO - DAG(s) 'example_weekday_branch_operator' retrieved from /home/airflow/.local/lib/python3.12/site-packages/airflow/example_dags/example_branch_day_of_week_operator.py
[2024-10-06T21:19:21.565+0000] {logging_mixin.py:190} INFO - [2024-10-06T21:19:21.565+0000] {dag.py:3229} INFO - Sync 1 DAGs
[2024-10-06T21:19:21.581+0000] {logging_mixin.py:190} INFO - [2024-10-06T21:19:21.581+0000] {dag.py:4156} INFO - Setting next_dagrun for example_weekday_branch_operator to 2024-10-05 00:00:00+00:00, run_after=2024-10-06 00:00:00+00:00
[2024-10-06T21:19:21.606+0000] {processor.py:208} INFO - Processing /home/airflow/.local/lib/python3.12/site-packages/airflow/example_dags/example_branch_day_of_week_operator.py took 0.077 seconds
[2024-10-06T21:52:09.106+0000] {processor.py:186} INFO - Started process (PID=26559) to work on /home/airflow/.local/lib/python3.12/site-packages/airflow/example_dags/example_branch_day_of_week_operator.py
[2024-10-06T21:52:09.108+0000] {processor.py:914} INFO - Processing file /home/airflow/.local/lib/python3.12/site-packages/airflow/example_dags/example_branch_day_of_week_operator.py for tasks to queue
[2024-10-06T21:52:09.109+0000] {logging_mixin.py:190} INFO - [2024-10-06T21:52:09.109+0000] {dagbag.py:587} INFO - Filling up the DagBag from /home/airflow/.local/lib/python3.12/site-packages/airflow/example_dags/example_branch_day_of_week_operator.py
[2024-10-06T21:52:09.115+0000] {processor.py:925} INFO - DAG(s) 'example_weekday_branch_operator' retrieved from /home/airflow/.local/lib/python3.12/site-packages/airflow/example_dags/example_branch_day_of_week_operator.py
[2024-10-06T21:52:09.140+0000] {logging_mixin.py:190} INFO - [2024-10-06T21:52:09.140+0000] {dag.py:3229} INFO - Sync 1 DAGs
[2024-10-06T21:52:09.153+0000] {logging_mixin.py:190} INFO - [2024-10-06T21:52:09.153+0000] {dag.py:4156} INFO - Setting next_dagrun for example_weekday_branch_operator to 2024-10-05 00:00:00+00:00, run_after=2024-10-06 00:00:00+00:00
[2024-10-06T21:52:09.162+0000] {processor.py:208} INFO - Processing /home/airflow/.local/lib/python3.12/site-packages/airflow/example_dags/example_branch_day_of_week_operator.py took 0.059 seconds
[2024-10-06T22:53:03.993+0000] {processor.py:186} INFO - Started process (PID=26629) to work on /home/airflow/.local/lib/python3.12/site-packages/airflow/example_dags/example_branch_day_of_week_operator.py
[2024-10-06T22:53:03.994+0000] {processor.py:914} INFO - Processing file /home/airflow/.local/lib/python3.12/site-packages/airflow/example_dags/example_branch_day_of_week_operator.py for tasks to queue
[2024-10-06T22:53:03.995+0000] {logging_mixin.py:190} INFO - [2024-10-06T22:53:03.995+0000] {dagbag.py:587} INFO - Filling up the DagBag from /home/airflow/.local/lib/python3.12/site-packages/airflow/example_dags/example_branch_day_of_week_operator.py
[2024-10-06T22:53:04.003+0000] {processor.py:925} INFO - DAG(s) 'example_weekday_branch_operator' retrieved from /home/airflow/.local/lib/python3.12/site-packages/airflow/example_dags/example_branch_day_of_week_operator.py
[2024-10-06T22:53:04.017+0000] {logging_mixin.py:190} INFO - [2024-10-06T22:53:04.017+0000] {dag.py:3229} INFO - Sync 1 DAGs
[2024-10-06T22:53:04.030+0000] {logging_mixin.py:190} INFO - [2024-10-06T22:53:04.030+0000] {dag.py:4156} INFO - Setting next_dagrun for example_weekday_branch_operator to 2024-10-05 00:00:00+00:00, run_after=2024-10-06 00:00:00+00:00
[2024-10-06T22:53:04.045+0000] {processor.py:208} INFO - Processing /home/airflow/.local/lib/python3.12/site-packages/airflow/example_dags/example_branch_day_of_week_operator.py took 0.055 seconds
[2024-10-06T23:21:12.693+0000] {processor.py:186} INFO - Started process (PID=26699) to work on /home/airflow/.local/lib/python3.12/site-packages/airflow/example_dags/example_branch_day_of_week_operator.py
[2024-10-06T23:21:12.695+0000] {processor.py:914} INFO - Processing file /home/airflow/.local/lib/python3.12/site-packages/airflow/example_dags/example_branch_day_of_week_operator.py for tasks to queue
[2024-10-06T23:21:12.697+0000] {logging_mixin.py:190} INFO - [2024-10-06T23:21:12.697+0000] {dagbag.py:587} INFO - Filling up the DagBag from /home/airflow/.local/lib/python3.12/site-packages/airflow/example_dags/example_branch_day_of_week_operator.py
[2024-10-06T23:21:12.702+0000] {processor.py:925} INFO - DAG(s) 'example_weekday_branch_operator' retrieved from /home/airflow/.local/lib/python3.12/site-packages/airflow/example_dags/example_branch_day_of_week_operator.py
[2024-10-06T23:21:12.718+0000] {logging_mixin.py:190} INFO - [2024-10-06T23:21:12.718+0000] {dag.py:3229} INFO - Sync 1 DAGs
[2024-10-06T23:21:12.742+0000] {logging_mixin.py:190} INFO - [2024-10-06T23:21:12.742+0000] {dag.py:4156} INFO - Setting next_dagrun for example_weekday_branch_operator to 2024-10-05 00:00:00+00:00, run_after=2024-10-06 00:00:00+00:00
[2024-10-06T23:21:12.753+0000] {processor.py:208} INFO - Processing /home/airflow/.local/lib/python3.12/site-packages/airflow/example_dags/example_branch_day_of_week_operator.py took 0.063 seconds
[2024-10-06T23:39:14.060+0000] {processor.py:186} INFO - Started process (PID=26769) to work on /home/airflow/.local/lib/python3.12/site-packages/airflow/example_dags/example_branch_day_of_week_operator.py
[2024-10-06T23:39:14.061+0000] {processor.py:914} INFO - Processing file /home/airflow/.local/lib/python3.12/site-packages/airflow/example_dags/example_branch_day_of_week_operator.py for tasks to queue
[2024-10-06T23:39:14.064+0000] {logging_mixin.py:190} INFO - [2024-10-06T23:39:14.063+0000] {dagbag.py:587} INFO - Filling up the DagBag from /home/airflow/.local/lib/python3.12/site-packages/airflow/example_dags/example_branch_day_of_week_operator.py
[2024-10-06T23:39:14.071+0000] {processor.py:925} INFO - DAG(s) 'example_weekday_branch_operator' retrieved from /home/airflow/.local/lib/python3.12/site-packages/airflow/example_dags/example_branch_day_of_week_operator.py
[2024-10-06T23:39:14.085+0000] {logging_mixin.py:190} INFO - [2024-10-06T23:39:14.085+0000] {dag.py:3229} INFO - Sync 1 DAGs
[2024-10-06T23:39:14.107+0000] {logging_mixin.py:190} INFO - [2024-10-06T23:39:14.106+0000] {dag.py:4156} INFO - Setting next_dagrun for example_weekday_branch_operator to 2024-10-05 00:00:00+00:00, run_after=2024-10-06 00:00:00+00:00
[2024-10-06T23:39:14.126+0000] {processor.py:208} INFO - Processing /home/airflow/.local/lib/python3.12/site-packages/airflow/example_dags/example_branch_day_of_week_operator.py took 0.073 seconds
