[2024-10-06T00:50:48.955+0000] {processor.py:186} INFO - Started process (PID=24129) to work on /home/airflow/.local/lib/python3.12/site-packages/airflow/example_dags/example_outlet_event_extra.py
[2024-10-06T00:50:48.957+0000] {processor.py:914} INFO - Processing file /home/airflow/.local/lib/python3.12/site-packages/airflow/example_dags/example_outlet_event_extra.py for tasks to queue
[2024-10-06T00:50:48.959+0000] {logging_mixin.py:190} INFO - [2024-10-06T00:50:48.959+0000] {dagbag.py:587} INFO - Filling up the DagBag from /home/airflow/.local/lib/python3.12/site-packages/airflow/example_dags/example_outlet_event_extra.py
[2024-10-06T00:50:49.118+0000] {processor.py:925} INFO - DAG(s) 'dataset_with_extra_by_context', 'dataset_with_extra_from_classic_operator', 'dataset_with_extra_by_yield' retrieved from /home/airflow/.local/lib/python3.12/site-packages/airflow/example_dags/example_outlet_event_extra.py
[2024-10-06T00:50:49.136+0000] {logging_mixin.py:190} INFO - [2024-10-06T00:50:49.136+0000] {dag.py:3229} INFO - Sync 3 DAGs
[2024-10-06T00:50:49.155+0000] {logging_mixin.py:190} INFO - [2024-10-06T00:50:49.154+0000] {dag.py:4156} INFO - Setting next_dagrun for dataset_with_extra_by_context to 2024-10-05 00:00:00+00:00, run_after=2024-10-06 00:00:00+00:00
[2024-10-06T00:50:49.160+0000] {logging_mixin.py:190} INFO - [2024-10-06T00:50:49.160+0000] {dag.py:4156} INFO - Setting next_dagrun for dataset_with_extra_by_yield to 2024-10-05 00:00:00+00:00, run_after=2024-10-06 00:00:00+00:00
[2024-10-06T00:50:49.164+0000] {logging_mixin.py:190} INFO - [2024-10-06T00:50:49.164+0000] {dag.py:4156} INFO - Setting next_dagrun for dataset_with_extra_from_classic_operator to 2024-10-05 00:00:00+00:00, run_after=2024-10-06 00:00:00+00:00
[2024-10-06T00:50:49.194+0000] {processor.py:208} INFO - Processing /home/airflow/.local/lib/python3.12/site-packages/airflow/example_dags/example_outlet_event_extra.py took 0.244 seconds
[2024-10-06T00:51:19.344+0000] {processor.py:186} INFO - Started process (PID=24199) to work on /home/airflow/.local/lib/python3.12/site-packages/airflow/example_dags/example_outlet_event_extra.py
[2024-10-06T00:51:19.347+0000] {processor.py:914} INFO - Processing file /home/airflow/.local/lib/python3.12/site-packages/airflow/example_dags/example_outlet_event_extra.py for tasks to queue
[2024-10-06T00:51:19.349+0000] {logging_mixin.py:190} INFO - [2024-10-06T00:51:19.349+0000] {dagbag.py:587} INFO - Filling up the DagBag from /home/airflow/.local/lib/python3.12/site-packages/airflow/example_dags/example_outlet_event_extra.py
[2024-10-06T00:51:19.461+0000] {processor.py:925} INFO - DAG(s) 'dataset_with_extra_from_classic_operator', 'dataset_with_extra_by_yield', 'dataset_with_extra_by_context' retrieved from /home/airflow/.local/lib/python3.12/site-packages/airflow/example_dags/example_outlet_event_extra.py
[2024-10-06T00:51:19.479+0000] {logging_mixin.py:190} INFO - [2024-10-06T00:51:19.479+0000] {dag.py:3229} INFO - Sync 3 DAGs
[2024-10-06T00:51:19.503+0000] {logging_mixin.py:190} INFO - [2024-10-06T00:51:19.502+0000] {dag.py:4156} INFO - Setting next_dagrun for dataset_with_extra_by_context to 2024-10-05 00:00:00+00:00, run_after=2024-10-06 00:00:00+00:00
[2024-10-06T00:51:19.505+0000] {logging_mixin.py:190} INFO - [2024-10-06T00:51:19.505+0000] {dag.py:4156} INFO - Setting next_dagrun for dataset_with_extra_by_yield to 2024-10-05 00:00:00+00:00, run_after=2024-10-06 00:00:00+00:00
[2024-10-06T00:51:19.507+0000] {logging_mixin.py:190} INFO - [2024-10-06T00:51:19.507+0000] {dag.py:4156} INFO - Setting next_dagrun for dataset_with_extra_from_classic_operator to 2024-10-05 00:00:00+00:00, run_after=2024-10-06 00:00:00+00:00
[2024-10-06T00:51:19.517+0000] {processor.py:208} INFO - Processing /home/airflow/.local/lib/python3.12/site-packages/airflow/example_dags/example_outlet_event_extra.py took 0.177 seconds
[2024-10-06T01:51:43.429+0000] {processor.py:186} INFO - Started process (PID=24268) to work on /home/airflow/.local/lib/python3.12/site-packages/airflow/example_dags/example_outlet_event_extra.py
[2024-10-06T01:51:43.433+0000] {processor.py:914} INFO - Processing file /home/airflow/.local/lib/python3.12/site-packages/airflow/example_dags/example_outlet_event_extra.py for tasks to queue
[2024-10-06T01:51:43.438+0000] {logging_mixin.py:190} INFO - [2024-10-06T01:51:43.438+0000] {dagbag.py:587} INFO - Filling up the DagBag from /home/airflow/.local/lib/python3.12/site-packages/airflow/example_dags/example_outlet_event_extra.py
[2024-10-06T01:51:43.538+0000] {processor.py:925} INFO - DAG(s) 'dataset_with_extra_from_classic_operator', 'dataset_with_extra_by_context', 'dataset_with_extra_by_yield' retrieved from /home/airflow/.local/lib/python3.12/site-packages/airflow/example_dags/example_outlet_event_extra.py
[2024-10-06T01:51:43.552+0000] {logging_mixin.py:190} INFO - [2024-10-06T01:51:43.552+0000] {dag.py:3229} INFO - Sync 3 DAGs
[2024-10-06T01:51:43.564+0000] {logging_mixin.py:190} INFO - [2024-10-06T01:51:43.563+0000] {dag.py:4156} INFO - Setting next_dagrun for dataset_with_extra_by_context to 2024-10-05 00:00:00+00:00, run_after=2024-10-06 00:00:00+00:00
[2024-10-06T01:51:43.566+0000] {logging_mixin.py:190} INFO - [2024-10-06T01:51:43.565+0000] {dag.py:4156} INFO - Setting next_dagrun for dataset_with_extra_by_yield to 2024-10-05 00:00:00+00:00, run_after=2024-10-06 00:00:00+00:00
[2024-10-06T01:51:43.567+0000] {logging_mixin.py:190} INFO - [2024-10-06T01:51:43.566+0000] {dag.py:4156} INFO - Setting next_dagrun for dataset_with_extra_from_classic_operator to 2024-10-05 00:00:00+00:00, run_after=2024-10-06 00:00:00+00:00
[2024-10-06T01:51:43.578+0000] {processor.py:208} INFO - Processing /home/airflow/.local/lib/python3.12/site-packages/airflow/example_dags/example_outlet_event_extra.py took 0.154 seconds
[2024-10-06T02:42:33.372+0000] {processor.py:186} INFO - Started process (PID=24337) to work on /home/airflow/.local/lib/python3.12/site-packages/airflow/example_dags/example_outlet_event_extra.py
[2024-10-06T02:42:33.373+0000] {processor.py:914} INFO - Processing file /home/airflow/.local/lib/python3.12/site-packages/airflow/example_dags/example_outlet_event_extra.py for tasks to queue
[2024-10-06T02:42:33.377+0000] {logging_mixin.py:190} INFO - [2024-10-06T02:42:33.376+0000] {dagbag.py:587} INFO - Filling up the DagBag from /home/airflow/.local/lib/python3.12/site-packages/airflow/example_dags/example_outlet_event_extra.py
[2024-10-06T02:42:33.463+0000] {processor.py:925} INFO - DAG(s) 'dataset_with_extra_by_context', 'dataset_with_extra_by_yield', 'dataset_with_extra_from_classic_operator' retrieved from /home/airflow/.local/lib/python3.12/site-packages/airflow/example_dags/example_outlet_event_extra.py
[2024-10-06T02:42:33.477+0000] {logging_mixin.py:190} INFO - [2024-10-06T02:42:33.477+0000] {dag.py:3229} INFO - Sync 3 DAGs
[2024-10-06T02:42:33.492+0000] {logging_mixin.py:190} INFO - [2024-10-06T02:42:33.491+0000] {dag.py:4156} INFO - Setting next_dagrun for dataset_with_extra_by_context to 2024-10-05 00:00:00+00:00, run_after=2024-10-06 00:00:00+00:00
[2024-10-06T02:42:33.494+0000] {logging_mixin.py:190} INFO - [2024-10-06T02:42:33.494+0000] {dag.py:4156} INFO - Setting next_dagrun for dataset_with_extra_by_yield to 2024-10-05 00:00:00+00:00, run_after=2024-10-06 00:00:00+00:00
[2024-10-06T02:42:33.495+0000] {logging_mixin.py:190} INFO - [2024-10-06T02:42:33.495+0000] {dag.py:4156} INFO - Setting next_dagrun for dataset_with_extra_from_classic_operator to 2024-10-05 00:00:00+00:00, run_after=2024-10-06 00:00:00+00:00
[2024-10-06T02:42:33.519+0000] {processor.py:208} INFO - Processing /home/airflow/.local/lib/python3.12/site-packages/airflow/example_dags/example_outlet_event_extra.py took 0.150 seconds
[2024-10-06T03:10:38.133+0000] {processor.py:186} INFO - Started process (PID=24407) to work on /home/airflow/.local/lib/python3.12/site-packages/airflow/example_dags/example_outlet_event_extra.py
[2024-10-06T03:10:38.136+0000] {processor.py:914} INFO - Processing file /home/airflow/.local/lib/python3.12/site-packages/airflow/example_dags/example_outlet_event_extra.py for tasks to queue
[2024-10-06T03:10:38.136+0000] {logging_mixin.py:190} INFO - [2024-10-06T03:10:38.136+0000] {dagbag.py:587} INFO - Filling up the DagBag from /home/airflow/.local/lib/python3.12/site-packages/airflow/example_dags/example_outlet_event_extra.py
[2024-10-06T03:10:38.242+0000] {processor.py:925} INFO - DAG(s) 'dataset_with_extra_by_yield', 'dataset_with_extra_by_context', 'dataset_with_extra_from_classic_operator' retrieved from /home/airflow/.local/lib/python3.12/site-packages/airflow/example_dags/example_outlet_event_extra.py
[2024-10-06T03:10:38.260+0000] {logging_mixin.py:190} INFO - [2024-10-06T03:10:38.259+0000] {dag.py:3229} INFO - Sync 3 DAGs
[2024-10-06T03:10:38.279+0000] {logging_mixin.py:190} INFO - [2024-10-06T03:10:38.279+0000] {dag.py:4156} INFO - Setting next_dagrun for dataset_with_extra_by_context to 2024-10-05 00:00:00+00:00, run_after=2024-10-06 00:00:00+00:00
[2024-10-06T03:10:38.282+0000] {logging_mixin.py:190} INFO - [2024-10-06T03:10:38.281+0000] {dag.py:4156} INFO - Setting next_dagrun for dataset_with_extra_by_yield to 2024-10-05 00:00:00+00:00, run_after=2024-10-06 00:00:00+00:00
[2024-10-06T03:10:38.283+0000] {logging_mixin.py:190} INFO - [2024-10-06T03:10:38.283+0000] {dag.py:4156} INFO - Setting next_dagrun for dataset_with_extra_from_classic_operator to 2024-10-05 00:00:00+00:00, run_after=2024-10-06 00:00:00+00:00
[2024-10-06T03:10:38.297+0000] {processor.py:208} INFO - Processing /home/airflow/.local/lib/python3.12/site-packages/airflow/example_dags/example_outlet_event_extra.py took 0.168 seconds
[2024-10-06T03:53:55.430+0000] {processor.py:186} INFO - Started process (PID=24477) to work on /home/airflow/.local/lib/python3.12/site-packages/airflow/example_dags/example_outlet_event_extra.py
[2024-10-06T03:53:55.433+0000] {processor.py:914} INFO - Processing file /home/airflow/.local/lib/python3.12/site-packages/airflow/example_dags/example_outlet_event_extra.py for tasks to queue
[2024-10-06T03:53:55.434+0000] {logging_mixin.py:190} INFO - [2024-10-06T03:53:55.434+0000] {dagbag.py:587} INFO - Filling up the DagBag from /home/airflow/.local/lib/python3.12/site-packages/airflow/example_dags/example_outlet_event_extra.py
[2024-10-06T03:53:55.589+0000] {processor.py:925} INFO - DAG(s) 'dataset_with_extra_by_context', 'dataset_with_extra_by_yield', 'dataset_with_extra_from_classic_operator' retrieved from /home/airflow/.local/lib/python3.12/site-packages/airflow/example_dags/example_outlet_event_extra.py
[2024-10-06T03:53:55.617+0000] {logging_mixin.py:190} INFO - [2024-10-06T03:53:55.617+0000] {dag.py:3229} INFO - Sync 3 DAGs
[2024-10-06T03:53:55.655+0000] {logging_mixin.py:190} INFO - [2024-10-06T03:53:55.655+0000] {dag.py:4156} INFO - Setting next_dagrun for dataset_with_extra_by_context to 2024-10-05 00:00:00+00:00, run_after=2024-10-06 00:00:00+00:00
[2024-10-06T03:53:55.660+0000] {logging_mixin.py:190} INFO - [2024-10-06T03:53:55.660+0000] {dag.py:4156} INFO - Setting next_dagrun for dataset_with_extra_by_yield to 2024-10-05 00:00:00+00:00, run_after=2024-10-06 00:00:00+00:00
[2024-10-06T03:53:55.663+0000] {logging_mixin.py:190} INFO - [2024-10-06T03:53:55.663+0000] {dag.py:4156} INFO - Setting next_dagrun for dataset_with_extra_from_classic_operator to 2024-10-05 00:00:00+00:00, run_after=2024-10-06 00:00:00+00:00
[2024-10-06T03:53:55.692+0000] {processor.py:208} INFO - Processing /home/airflow/.local/lib/python3.12/site-packages/airflow/example_dags/example_outlet_event_extra.py took 0.268 seconds
[2024-10-06T04:44:18.256+0000] {processor.py:186} INFO - Started process (PID=24547) to work on /home/airflow/.local/lib/python3.12/site-packages/airflow/example_dags/example_outlet_event_extra.py
[2024-10-06T04:44:18.259+0000] {processor.py:914} INFO - Processing file /home/airflow/.local/lib/python3.12/site-packages/airflow/example_dags/example_outlet_event_extra.py for tasks to queue
[2024-10-06T04:44:18.260+0000] {logging_mixin.py:190} INFO - [2024-10-06T04:44:18.260+0000] {dagbag.py:587} INFO - Filling up the DagBag from /home/airflow/.local/lib/python3.12/site-packages/airflow/example_dags/example_outlet_event_extra.py
[2024-10-06T04:44:18.409+0000] {processor.py:925} INFO - DAG(s) 'dataset_with_extra_by_context', 'dataset_with_extra_from_classic_operator', 'dataset_with_extra_by_yield' retrieved from /home/airflow/.local/lib/python3.12/site-packages/airflow/example_dags/example_outlet_event_extra.py
[2024-10-06T04:44:18.434+0000] {logging_mixin.py:190} INFO - [2024-10-06T04:44:18.433+0000] {dag.py:3229} INFO - Sync 3 DAGs
[2024-10-06T04:44:18.453+0000] {logging_mixin.py:190} INFO - [2024-10-06T04:44:18.453+0000] {dag.py:4156} INFO - Setting next_dagrun for dataset_with_extra_by_context to 2024-10-05 00:00:00+00:00, run_after=2024-10-06 00:00:00+00:00
[2024-10-06T04:44:18.456+0000] {logging_mixin.py:190} INFO - [2024-10-06T04:44:18.456+0000] {dag.py:4156} INFO - Setting next_dagrun for dataset_with_extra_by_yield to 2024-10-05 00:00:00+00:00, run_after=2024-10-06 00:00:00+00:00
[2024-10-06T04:44:18.458+0000] {logging_mixin.py:190} INFO - [2024-10-06T04:44:18.458+0000] {dag.py:4156} INFO - Setting next_dagrun for dataset_with_extra_from_classic_operator to 2024-10-05 00:00:00+00:00, run_after=2024-10-06 00:00:00+00:00
[2024-10-06T04:44:18.480+0000] {processor.py:208} INFO - Processing /home/airflow/.local/lib/python3.12/site-packages/airflow/example_dags/example_outlet_event_extra.py took 0.232 seconds
[2024-10-06T05:45:11.856+0000] {processor.py:186} INFO - Started process (PID=24617) to work on /home/airflow/.local/lib/python3.12/site-packages/airflow/example_dags/example_outlet_event_extra.py
[2024-10-06T05:45:11.857+0000] {processor.py:914} INFO - Processing file /home/airflow/.local/lib/python3.12/site-packages/airflow/example_dags/example_outlet_event_extra.py for tasks to queue
[2024-10-06T05:45:11.857+0000] {logging_mixin.py:190} INFO - [2024-10-06T05:45:11.857+0000] {dagbag.py:587} INFO - Filling up the DagBag from /home/airflow/.local/lib/python3.12/site-packages/airflow/example_dags/example_outlet_event_extra.py
[2024-10-06T05:45:11.949+0000] {processor.py:925} INFO - DAG(s) 'dataset_with_extra_by_context', 'dataset_with_extra_from_classic_operator', 'dataset_with_extra_by_yield' retrieved from /home/airflow/.local/lib/python3.12/site-packages/airflow/example_dags/example_outlet_event_extra.py
[2024-10-06T05:45:11.962+0000] {logging_mixin.py:190} INFO - [2024-10-06T05:45:11.962+0000] {dag.py:3229} INFO - Sync 3 DAGs
[2024-10-06T05:45:11.974+0000] {logging_mixin.py:190} INFO - [2024-10-06T05:45:11.974+0000] {dag.py:4156} INFO - Setting next_dagrun for dataset_with_extra_by_context to 2024-10-05 00:00:00+00:00, run_after=2024-10-06 00:00:00+00:00
[2024-10-06T05:45:11.976+0000] {logging_mixin.py:190} INFO - [2024-10-06T05:45:11.976+0000] {dag.py:4156} INFO - Setting next_dagrun for dataset_with_extra_by_yield to 2024-10-05 00:00:00+00:00, run_after=2024-10-06 00:00:00+00:00
[2024-10-06T05:45:11.977+0000] {logging_mixin.py:190} INFO - [2024-10-06T05:45:11.977+0000] {dag.py:4156} INFO - Setting next_dagrun for dataset_with_extra_from_classic_operator to 2024-10-05 00:00:00+00:00, run_after=2024-10-06 00:00:00+00:00
[2024-10-06T05:45:11.987+0000] {processor.py:208} INFO - Processing /home/airflow/.local/lib/python3.12/site-packages/airflow/example_dags/example_outlet_event_extra.py took 0.134 seconds
[2024-10-06T06:27:12.537+0000] {processor.py:186} INFO - Started process (PID=24687) to work on /home/airflow/.local/lib/python3.12/site-packages/airflow/example_dags/example_outlet_event_extra.py
[2024-10-06T06:27:12.539+0000] {processor.py:914} INFO - Processing file /home/airflow/.local/lib/python3.12/site-packages/airflow/example_dags/example_outlet_event_extra.py for tasks to queue
[2024-10-06T06:27:12.540+0000] {logging_mixin.py:190} INFO - [2024-10-06T06:27:12.540+0000] {dagbag.py:587} INFO - Filling up the DagBag from /home/airflow/.local/lib/python3.12/site-packages/airflow/example_dags/example_outlet_event_extra.py
[2024-10-06T06:27:12.643+0000] {processor.py:925} INFO - DAG(s) 'dataset_with_extra_by_yield', 'dataset_with_extra_by_context', 'dataset_with_extra_from_classic_operator' retrieved from /home/airflow/.local/lib/python3.12/site-packages/airflow/example_dags/example_outlet_event_extra.py
[2024-10-06T06:27:12.665+0000] {logging_mixin.py:190} INFO - [2024-10-06T06:27:12.665+0000] {dag.py:3229} INFO - Sync 3 DAGs
[2024-10-06T06:27:12.680+0000] {logging_mixin.py:190} INFO - [2024-10-06T06:27:12.680+0000] {dag.py:4156} INFO - Setting next_dagrun for dataset_with_extra_by_context to 2024-10-05 00:00:00+00:00, run_after=2024-10-06 00:00:00+00:00
[2024-10-06T06:27:12.682+0000] {logging_mixin.py:190} INFO - [2024-10-06T06:27:12.682+0000] {dag.py:4156} INFO - Setting next_dagrun for dataset_with_extra_by_yield to 2024-10-05 00:00:00+00:00, run_after=2024-10-06 00:00:00+00:00
[2024-10-06T06:27:12.683+0000] {logging_mixin.py:190} INFO - [2024-10-06T06:27:12.683+0000] {dag.py:4156} INFO - Setting next_dagrun for dataset_with_extra_from_classic_operator to 2024-10-05 00:00:00+00:00, run_after=2024-10-06 00:00:00+00:00
[2024-10-06T06:27:12.692+0000] {processor.py:208} INFO - Processing /home/airflow/.local/lib/python3.12/site-packages/airflow/example_dags/example_outlet_event_extra.py took 0.159 seconds
[2024-10-06T06:56:42.245+0000] {processor.py:186} INFO - Started process (PID=24757) to work on /home/airflow/.local/lib/python3.12/site-packages/airflow/example_dags/example_outlet_event_extra.py
[2024-10-06T06:56:42.246+0000] {processor.py:914} INFO - Processing file /home/airflow/.local/lib/python3.12/site-packages/airflow/example_dags/example_outlet_event_extra.py for tasks to queue
[2024-10-06T06:56:42.247+0000] {logging_mixin.py:190} INFO - [2024-10-06T06:56:42.247+0000] {dagbag.py:587} INFO - Filling up the DagBag from /home/airflow/.local/lib/python3.12/site-packages/airflow/example_dags/example_outlet_event_extra.py
[2024-10-06T06:56:42.388+0000] {processor.py:925} INFO - DAG(s) 'dataset_with_extra_by_yield', 'dataset_with_extra_by_context', 'dataset_with_extra_from_classic_operator' retrieved from /home/airflow/.local/lib/python3.12/site-packages/airflow/example_dags/example_outlet_event_extra.py
[2024-10-06T06:56:42.404+0000] {logging_mixin.py:190} INFO - [2024-10-06T06:56:42.404+0000] {dag.py:3229} INFO - Sync 3 DAGs
[2024-10-06T06:56:42.433+0000] {logging_mixin.py:190} INFO - [2024-10-06T06:56:42.433+0000] {dag.py:4156} INFO - Setting next_dagrun for dataset_with_extra_by_context to 2024-10-05 00:00:00+00:00, run_after=2024-10-06 00:00:00+00:00
[2024-10-06T06:56:42.438+0000] {logging_mixin.py:190} INFO - [2024-10-06T06:56:42.437+0000] {dag.py:4156} INFO - Setting next_dagrun for dataset_with_extra_by_yield to 2024-10-05 00:00:00+00:00, run_after=2024-10-06 00:00:00+00:00
[2024-10-06T06:56:42.439+0000] {logging_mixin.py:190} INFO - [2024-10-06T06:56:42.439+0000] {dag.py:4156} INFO - Setting next_dagrun for dataset_with_extra_from_classic_operator to 2024-10-05 00:00:00+00:00, run_after=2024-10-06 00:00:00+00:00
[2024-10-06T06:56:42.460+0000] {processor.py:208} INFO - Processing /home/airflow/.local/lib/python3.12/site-packages/airflow/example_dags/example_outlet_event_extra.py took 0.220 seconds
[2024-10-06T07:29:05.649+0000] {processor.py:186} INFO - Started process (PID=24827) to work on /home/airflow/.local/lib/python3.12/site-packages/airflow/example_dags/example_outlet_event_extra.py
[2024-10-06T07:29:05.651+0000] {processor.py:914} INFO - Processing file /home/airflow/.local/lib/python3.12/site-packages/airflow/example_dags/example_outlet_event_extra.py for tasks to queue
[2024-10-06T07:29:05.652+0000] {logging_mixin.py:190} INFO - [2024-10-06T07:29:05.652+0000] {dagbag.py:587} INFO - Filling up the DagBag from /home/airflow/.local/lib/python3.12/site-packages/airflow/example_dags/example_outlet_event_extra.py
[2024-10-06T07:29:05.809+0000] {processor.py:925} INFO - DAG(s) 'dataset_with_extra_from_classic_operator', 'dataset_with_extra_by_context', 'dataset_with_extra_by_yield' retrieved from /home/airflow/.local/lib/python3.12/site-packages/airflow/example_dags/example_outlet_event_extra.py
[2024-10-06T07:29:05.828+0000] {logging_mixin.py:190} INFO - [2024-10-06T07:29:05.827+0000] {dag.py:3229} INFO - Sync 3 DAGs
[2024-10-06T07:29:05.842+0000] {logging_mixin.py:190} INFO - [2024-10-06T07:29:05.842+0000] {dag.py:4156} INFO - Setting next_dagrun for dataset_with_extra_by_context to 2024-10-05 00:00:00+00:00, run_after=2024-10-06 00:00:00+00:00
[2024-10-06T07:29:05.846+0000] {logging_mixin.py:190} INFO - [2024-10-06T07:29:05.846+0000] {dag.py:4156} INFO - Setting next_dagrun for dataset_with_extra_by_yield to 2024-10-05 00:00:00+00:00, run_after=2024-10-06 00:00:00+00:00
[2024-10-06T07:29:05.847+0000] {logging_mixin.py:190} INFO - [2024-10-06T07:29:05.847+0000] {dag.py:4156} INFO - Setting next_dagrun for dataset_with_extra_from_classic_operator to 2024-10-05 00:00:00+00:00, run_after=2024-10-06 00:00:00+00:00
[2024-10-06T07:29:05.856+0000] {processor.py:208} INFO - Processing /home/airflow/.local/lib/python3.12/site-packages/airflow/example_dags/example_outlet_event_extra.py took 0.211 seconds
[2024-10-06T07:57:58.935+0000] {processor.py:186} INFO - Started process (PID=24897) to work on /home/airflow/.local/lib/python3.12/site-packages/airflow/example_dags/example_outlet_event_extra.py
[2024-10-06T07:57:58.939+0000] {processor.py:914} INFO - Processing file /home/airflow/.local/lib/python3.12/site-packages/airflow/example_dags/example_outlet_event_extra.py for tasks to queue
[2024-10-06T07:57:58.940+0000] {logging_mixin.py:190} INFO - [2024-10-06T07:57:58.939+0000] {dagbag.py:587} INFO - Filling up the DagBag from /home/airflow/.local/lib/python3.12/site-packages/airflow/example_dags/example_outlet_event_extra.py
[2024-10-06T07:57:59.045+0000] {processor.py:925} INFO - DAG(s) 'dataset_with_extra_by_yield', 'dataset_with_extra_from_classic_operator', 'dataset_with_extra_by_context' retrieved from /home/airflow/.local/lib/python3.12/site-packages/airflow/example_dags/example_outlet_event_extra.py
[2024-10-06T07:57:59.074+0000] {logging_mixin.py:190} INFO - [2024-10-06T07:57:59.073+0000] {dag.py:3229} INFO - Sync 3 DAGs
[2024-10-06T07:57:59.090+0000] {logging_mixin.py:190} INFO - [2024-10-06T07:57:59.090+0000] {dag.py:4156} INFO - Setting next_dagrun for dataset_with_extra_by_context to 2024-10-05 00:00:00+00:00, run_after=2024-10-06 00:00:00+00:00
[2024-10-06T07:57:59.093+0000] {logging_mixin.py:190} INFO - [2024-10-06T07:57:59.093+0000] {dag.py:4156} INFO - Setting next_dagrun for dataset_with_extra_by_yield to 2024-10-05 00:00:00+00:00, run_after=2024-10-06 00:00:00+00:00
[2024-10-06T07:57:59.095+0000] {logging_mixin.py:190} INFO - [2024-10-06T07:57:59.095+0000] {dag.py:4156} INFO - Setting next_dagrun for dataset_with_extra_from_classic_operator to 2024-10-05 00:00:00+00:00, run_after=2024-10-06 00:00:00+00:00
[2024-10-06T07:57:59.108+0000] {processor.py:208} INFO - Processing /home/airflow/.local/lib/python3.12/site-packages/airflow/example_dags/example_outlet_event_extra.py took 0.176 seconds
[2024-10-06T08:03:00.795+0000] {processor.py:186} INFO - Started process (PID=24967) to work on /home/airflow/.local/lib/python3.12/site-packages/airflow/example_dags/example_outlet_event_extra.py
[2024-10-06T08:03:00.796+0000] {processor.py:914} INFO - Processing file /home/airflow/.local/lib/python3.12/site-packages/airflow/example_dags/example_outlet_event_extra.py for tasks to queue
[2024-10-06T08:03:00.796+0000] {logging_mixin.py:190} INFO - [2024-10-06T08:03:00.796+0000] {dagbag.py:587} INFO - Filling up the DagBag from /home/airflow/.local/lib/python3.12/site-packages/airflow/example_dags/example_outlet_event_extra.py
[2024-10-06T08:03:00.906+0000] {processor.py:925} INFO - DAG(s) 'dataset_with_extra_by_yield', 'dataset_with_extra_from_classic_operator', 'dataset_with_extra_by_context' retrieved from /home/airflow/.local/lib/python3.12/site-packages/airflow/example_dags/example_outlet_event_extra.py
[2024-10-06T08:03:00.922+0000] {logging_mixin.py:190} INFO - [2024-10-06T08:03:00.921+0000] {dag.py:3229} INFO - Sync 3 DAGs
[2024-10-06T08:03:00.933+0000] {logging_mixin.py:190} INFO - [2024-10-06T08:03:00.933+0000] {dag.py:4156} INFO - Setting next_dagrun for dataset_with_extra_by_context to 2024-10-05 00:00:00+00:00, run_after=2024-10-06 00:00:00+00:00
[2024-10-06T08:03:00.936+0000] {logging_mixin.py:190} INFO - [2024-10-06T08:03:00.936+0000] {dag.py:4156} INFO - Setting next_dagrun for dataset_with_extra_by_yield to 2024-10-05 00:00:00+00:00, run_after=2024-10-06 00:00:00+00:00
[2024-10-06T08:03:00.937+0000] {logging_mixin.py:190} INFO - [2024-10-06T08:03:00.937+0000] {dag.py:4156} INFO - Setting next_dagrun for dataset_with_extra_from_classic_operator to 2024-10-05 00:00:00+00:00, run_after=2024-10-06 00:00:00+00:00
[2024-10-06T08:03:00.950+0000] {processor.py:208} INFO - Processing /home/airflow/.local/lib/python3.12/site-packages/airflow/example_dags/example_outlet_event_extra.py took 0.158 seconds
[2024-10-06T08:03:32.312+0000] {processor.py:186} INFO - Started process (PID=25037) to work on /home/airflow/.local/lib/python3.12/site-packages/airflow/example_dags/example_outlet_event_extra.py
[2024-10-06T08:03:32.315+0000] {processor.py:914} INFO - Processing file /home/airflow/.local/lib/python3.12/site-packages/airflow/example_dags/example_outlet_event_extra.py for tasks to queue
[2024-10-06T08:03:32.317+0000] {logging_mixin.py:190} INFO - [2024-10-06T08:03:32.317+0000] {dagbag.py:587} INFO - Filling up the DagBag from /home/airflow/.local/lib/python3.12/site-packages/airflow/example_dags/example_outlet_event_extra.py
[2024-10-06T08:03:32.453+0000] {processor.py:925} INFO - DAG(s) 'dataset_with_extra_by_yield', 'dataset_with_extra_from_classic_operator', 'dataset_with_extra_by_context' retrieved from /home/airflow/.local/lib/python3.12/site-packages/airflow/example_dags/example_outlet_event_extra.py
[2024-10-06T08:03:32.475+0000] {logging_mixin.py:190} INFO - [2024-10-06T08:03:32.475+0000] {dag.py:3229} INFO - Sync 3 DAGs
[2024-10-06T08:03:32.498+0000] {logging_mixin.py:190} INFO - [2024-10-06T08:03:32.497+0000] {dag.py:4156} INFO - Setting next_dagrun for dataset_with_extra_by_context to 2024-10-05 00:00:00+00:00, run_after=2024-10-06 00:00:00+00:00
[2024-10-06T08:03:32.501+0000] {logging_mixin.py:190} INFO - [2024-10-06T08:03:32.501+0000] {dag.py:4156} INFO - Setting next_dagrun for dataset_with_extra_by_yield to 2024-10-05 00:00:00+00:00, run_after=2024-10-06 00:00:00+00:00
[2024-10-06T08:03:32.504+0000] {logging_mixin.py:190} INFO - [2024-10-06T08:03:32.504+0000] {dag.py:4156} INFO - Setting next_dagrun for dataset_with_extra_from_classic_operator to 2024-10-05 00:00:00+00:00, run_after=2024-10-06 00:00:00+00:00
[2024-10-06T08:03:32.518+0000] {processor.py:208} INFO - Processing /home/airflow/.local/lib/python3.12/site-packages/airflow/example_dags/example_outlet_event_extra.py took 0.212 seconds
[2024-10-06T09:43:50.156+0000] {processor.py:186} INFO - Started process (PID=25107) to work on /home/airflow/.local/lib/python3.12/site-packages/airflow/example_dags/example_outlet_event_extra.py
[2024-10-06T09:43:50.157+0000] {processor.py:914} INFO - Processing file /home/airflow/.local/lib/python3.12/site-packages/airflow/example_dags/example_outlet_event_extra.py for tasks to queue
[2024-10-06T09:43:50.159+0000] {logging_mixin.py:190} INFO - [2024-10-06T09:43:50.158+0000] {dagbag.py:587} INFO - Filling up the DagBag from /home/airflow/.local/lib/python3.12/site-packages/airflow/example_dags/example_outlet_event_extra.py
[2024-10-06T09:43:50.240+0000] {processor.py:925} INFO - DAG(s) 'dataset_with_extra_by_yield', 'dataset_with_extra_from_classic_operator', 'dataset_with_extra_by_context' retrieved from /home/airflow/.local/lib/python3.12/site-packages/airflow/example_dags/example_outlet_event_extra.py
[2024-10-06T09:43:50.262+0000] {logging_mixin.py:190} INFO - [2024-10-06T09:43:50.262+0000] {dag.py:3229} INFO - Sync 3 DAGs
[2024-10-06T09:43:50.278+0000] {logging_mixin.py:190} INFO - [2024-10-06T09:43:50.278+0000] {dag.py:4156} INFO - Setting next_dagrun for dataset_with_extra_by_context to 2024-10-05 00:00:00+00:00, run_after=2024-10-06 00:00:00+00:00
[2024-10-06T09:43:50.281+0000] {logging_mixin.py:190} INFO - [2024-10-06T09:43:50.281+0000] {dag.py:4156} INFO - Setting next_dagrun for dataset_with_extra_by_yield to 2024-10-05 00:00:00+00:00, run_after=2024-10-06 00:00:00+00:00
[2024-10-06T09:43:50.282+0000] {logging_mixin.py:190} INFO - [2024-10-06T09:43:50.282+0000] {dag.py:4156} INFO - Setting next_dagrun for dataset_with_extra_from_classic_operator to 2024-10-05 00:00:00+00:00, run_after=2024-10-06 00:00:00+00:00
[2024-10-06T09:43:50.299+0000] {processor.py:208} INFO - Processing /home/airflow/.local/lib/python3.12/site-packages/airflow/example_dags/example_outlet_event_extra.py took 0.147 seconds
[2024-10-06T10:16:45.328+0000] {processor.py:186} INFO - Started process (PID=25176) to work on /home/airflow/.local/lib/python3.12/site-packages/airflow/example_dags/example_outlet_event_extra.py
[2024-10-06T10:16:45.331+0000] {processor.py:914} INFO - Processing file /home/airflow/.local/lib/python3.12/site-packages/airflow/example_dags/example_outlet_event_extra.py for tasks to queue
[2024-10-06T10:16:45.332+0000] {logging_mixin.py:190} INFO - [2024-10-06T10:16:45.331+0000] {dagbag.py:587} INFO - Filling up the DagBag from /home/airflow/.local/lib/python3.12/site-packages/airflow/example_dags/example_outlet_event_extra.py
[2024-10-06T10:16:45.462+0000] {processor.py:925} INFO - DAG(s) 'dataset_with_extra_by_context', 'dataset_with_extra_by_yield', 'dataset_with_extra_from_classic_operator' retrieved from /home/airflow/.local/lib/python3.12/site-packages/airflow/example_dags/example_outlet_event_extra.py
[2024-10-06T10:16:45.483+0000] {logging_mixin.py:190} INFO - [2024-10-06T10:16:45.483+0000] {dag.py:3229} INFO - Sync 3 DAGs
[2024-10-06T10:16:45.497+0000] {logging_mixin.py:190} INFO - [2024-10-06T10:16:45.497+0000] {dag.py:4156} INFO - Setting next_dagrun for dataset_with_extra_by_context to 2024-10-05 00:00:00+00:00, run_after=2024-10-06 00:00:00+00:00
[2024-10-06T10:16:45.499+0000] {logging_mixin.py:190} INFO - [2024-10-06T10:16:45.499+0000] {dag.py:4156} INFO - Setting next_dagrun for dataset_with_extra_by_yield to 2024-10-05 00:00:00+00:00, run_after=2024-10-06 00:00:00+00:00
[2024-10-06T10:16:45.500+0000] {logging_mixin.py:190} INFO - [2024-10-06T10:16:45.500+0000] {dag.py:4156} INFO - Setting next_dagrun for dataset_with_extra_from_classic_operator to 2024-10-05 00:00:00+00:00, run_after=2024-10-06 00:00:00+00:00
[2024-10-06T10:16:45.512+0000] {processor.py:208} INFO - Processing /home/airflow/.local/lib/python3.12/site-packages/airflow/example_dags/example_outlet_event_extra.py took 0.187 seconds
[2024-10-06T11:20:58.078+0000] {processor.py:186} INFO - Started process (PID=25246) to work on /home/airflow/.local/lib/python3.12/site-packages/airflow/example_dags/example_outlet_event_extra.py
[2024-10-06T11:20:58.079+0000] {processor.py:914} INFO - Processing file /home/airflow/.local/lib/python3.12/site-packages/airflow/example_dags/example_outlet_event_extra.py for tasks to queue
[2024-10-06T11:20:58.080+0000] {logging_mixin.py:190} INFO - [2024-10-06T11:20:58.079+0000] {dagbag.py:587} INFO - Filling up the DagBag from /home/airflow/.local/lib/python3.12/site-packages/airflow/example_dags/example_outlet_event_extra.py
[2024-10-06T11:20:58.202+0000] {processor.py:925} INFO - DAG(s) 'dataset_with_extra_by_yield', 'dataset_with_extra_by_context', 'dataset_with_extra_from_classic_operator' retrieved from /home/airflow/.local/lib/python3.12/site-packages/airflow/example_dags/example_outlet_event_extra.py
[2024-10-06T11:20:58.216+0000] {logging_mixin.py:190} INFO - [2024-10-06T11:20:58.216+0000] {dag.py:3229} INFO - Sync 3 DAGs
[2024-10-06T11:20:58.237+0000] {logging_mixin.py:190} INFO - [2024-10-06T11:20:58.237+0000] {dag.py:4156} INFO - Setting next_dagrun for dataset_with_extra_by_context to 2024-10-05 00:00:00+00:00, run_after=2024-10-06 00:00:00+00:00
[2024-10-06T11:20:58.244+0000] {logging_mixin.py:190} INFO - [2024-10-06T11:20:58.244+0000] {dag.py:4156} INFO - Setting next_dagrun for dataset_with_extra_by_yield to 2024-10-05 00:00:00+00:00, run_after=2024-10-06 00:00:00+00:00
[2024-10-06T11:20:58.245+0000] {logging_mixin.py:190} INFO - [2024-10-06T11:20:58.245+0000] {dag.py:4156} INFO - Setting next_dagrun for dataset_with_extra_from_classic_operator to 2024-10-05 00:00:00+00:00, run_after=2024-10-06 00:00:00+00:00
[2024-10-06T11:20:58.263+0000] {processor.py:208} INFO - Processing /home/airflow/.local/lib/python3.12/site-packages/airflow/example_dags/example_outlet_event_extra.py took 0.188 seconds
[2024-10-06T13:00:05.812+0000] {processor.py:186} INFO - Started process (PID=25316) to work on /home/airflow/.local/lib/python3.12/site-packages/airflow/example_dags/example_outlet_event_extra.py
[2024-10-06T13:00:05.813+0000] {processor.py:914} INFO - Processing file /home/airflow/.local/lib/python3.12/site-packages/airflow/example_dags/example_outlet_event_extra.py for tasks to queue
[2024-10-06T13:00:05.815+0000] {logging_mixin.py:190} INFO - [2024-10-06T13:00:05.814+0000] {dagbag.py:587} INFO - Filling up the DagBag from /home/airflow/.local/lib/python3.12/site-packages/airflow/example_dags/example_outlet_event_extra.py
[2024-10-06T13:00:05.907+0000] {processor.py:925} INFO - DAG(s) 'dataset_with_extra_from_classic_operator', 'dataset_with_extra_by_context', 'dataset_with_extra_by_yield' retrieved from /home/airflow/.local/lib/python3.12/site-packages/airflow/example_dags/example_outlet_event_extra.py
[2024-10-06T13:00:05.922+0000] {logging_mixin.py:190} INFO - [2024-10-06T13:00:05.921+0000] {dag.py:3229} INFO - Sync 3 DAGs
[2024-10-06T13:00:05.933+0000] {logging_mixin.py:190} INFO - [2024-10-06T13:00:05.933+0000] {dag.py:4156} INFO - Setting next_dagrun for dataset_with_extra_by_context to 2024-10-05 00:00:00+00:00, run_after=2024-10-06 00:00:00+00:00
[2024-10-06T13:00:05.936+0000] {logging_mixin.py:190} INFO - [2024-10-06T13:00:05.936+0000] {dag.py:4156} INFO - Setting next_dagrun for dataset_with_extra_by_yield to 2024-10-05 00:00:00+00:00, run_after=2024-10-06 00:00:00+00:00
[2024-10-06T13:00:05.937+0000] {logging_mixin.py:190} INFO - [2024-10-06T13:00:05.937+0000] {dag.py:4156} INFO - Setting next_dagrun for dataset_with_extra_from_classic_operator to 2024-10-05 00:00:00+00:00, run_after=2024-10-06 00:00:00+00:00
[2024-10-06T13:00:05.944+0000] {processor.py:208} INFO - Processing /home/airflow/.local/lib/python3.12/site-packages/airflow/example_dags/example_outlet_event_extra.py took 0.136 seconds
[2024-10-06T13:48:17.397+0000] {processor.py:186} INFO - Started process (PID=25386) to work on /home/airflow/.local/lib/python3.12/site-packages/airflow/example_dags/example_outlet_event_extra.py
[2024-10-06T13:48:17.398+0000] {processor.py:914} INFO - Processing file /home/airflow/.local/lib/python3.12/site-packages/airflow/example_dags/example_outlet_event_extra.py for tasks to queue
[2024-10-06T13:48:17.399+0000] {logging_mixin.py:190} INFO - [2024-10-06T13:48:17.399+0000] {dagbag.py:587} INFO - Filling up the DagBag from /home/airflow/.local/lib/python3.12/site-packages/airflow/example_dags/example_outlet_event_extra.py
[2024-10-06T13:48:17.507+0000] {processor.py:925} INFO - DAG(s) 'dataset_with_extra_by_context', 'dataset_with_extra_from_classic_operator', 'dataset_with_extra_by_yield' retrieved from /home/airflow/.local/lib/python3.12/site-packages/airflow/example_dags/example_outlet_event_extra.py
[2024-10-06T13:48:17.527+0000] {logging_mixin.py:190} INFO - [2024-10-06T13:48:17.527+0000] {dag.py:3229} INFO - Sync 3 DAGs
[2024-10-06T13:48:17.540+0000] {logging_mixin.py:190} INFO - [2024-10-06T13:48:17.540+0000] {dag.py:4156} INFO - Setting next_dagrun for dataset_with_extra_by_context to 2024-10-05 00:00:00+00:00, run_after=2024-10-06 00:00:00+00:00
[2024-10-06T13:48:17.543+0000] {logging_mixin.py:190} INFO - [2024-10-06T13:48:17.542+0000] {dag.py:4156} INFO - Setting next_dagrun for dataset_with_extra_by_yield to 2024-10-05 00:00:00+00:00, run_after=2024-10-06 00:00:00+00:00
[2024-10-06T13:48:17.543+0000] {logging_mixin.py:190} INFO - [2024-10-06T13:48:17.543+0000] {dag.py:4156} INFO - Setting next_dagrun for dataset_with_extra_from_classic_operator to 2024-10-05 00:00:00+00:00, run_after=2024-10-06 00:00:00+00:00
[2024-10-06T13:48:17.559+0000] {processor.py:208} INFO - Processing /home/airflow/.local/lib/python3.12/site-packages/airflow/example_dags/example_outlet_event_extra.py took 0.165 seconds
[2024-10-06T13:55:53.122+0000] {processor.py:186} INFO - Started process (PID=25456) to work on /home/airflow/.local/lib/python3.12/site-packages/airflow/example_dags/example_outlet_event_extra.py
[2024-10-06T13:55:53.124+0000] {processor.py:914} INFO - Processing file /home/airflow/.local/lib/python3.12/site-packages/airflow/example_dags/example_outlet_event_extra.py for tasks to queue
[2024-10-06T13:55:53.125+0000] {logging_mixin.py:190} INFO - [2024-10-06T13:55:53.125+0000] {dagbag.py:587} INFO - Filling up the DagBag from /home/airflow/.local/lib/python3.12/site-packages/airflow/example_dags/example_outlet_event_extra.py
[2024-10-06T13:55:53.262+0000] {processor.py:925} INFO - DAG(s) 'dataset_with_extra_from_classic_operator', 'dataset_with_extra_by_context', 'dataset_with_extra_by_yield' retrieved from /home/airflow/.local/lib/python3.12/site-packages/airflow/example_dags/example_outlet_event_extra.py
[2024-10-06T13:55:53.281+0000] {logging_mixin.py:190} INFO - [2024-10-06T13:55:53.281+0000] {dag.py:3229} INFO - Sync 3 DAGs
[2024-10-06T13:55:53.296+0000] {logging_mixin.py:190} INFO - [2024-10-06T13:55:53.296+0000] {dag.py:4156} INFO - Setting next_dagrun for dataset_with_extra_by_context to 2024-10-05 00:00:00+00:00, run_after=2024-10-06 00:00:00+00:00
[2024-10-06T13:55:53.299+0000] {logging_mixin.py:190} INFO - [2024-10-06T13:55:53.299+0000] {dag.py:4156} INFO - Setting next_dagrun for dataset_with_extra_by_yield to 2024-10-05 00:00:00+00:00, run_after=2024-10-06 00:00:00+00:00
[2024-10-06T13:55:53.301+0000] {logging_mixin.py:190} INFO - [2024-10-06T13:55:53.300+0000] {dag.py:4156} INFO - Setting next_dagrun for dataset_with_extra_from_classic_operator to 2024-10-05 00:00:00+00:00, run_after=2024-10-06 00:00:00+00:00
[2024-10-06T13:55:53.313+0000] {processor.py:208} INFO - Processing /home/airflow/.local/lib/python3.12/site-packages/airflow/example_dags/example_outlet_event_extra.py took 0.195 seconds
[2024-10-06T14:56:53.210+0000] {processor.py:186} INFO - Started process (PID=25526) to work on /home/airflow/.local/lib/python3.12/site-packages/airflow/example_dags/example_outlet_event_extra.py
[2024-10-06T14:56:53.211+0000] {processor.py:914} INFO - Processing file /home/airflow/.local/lib/python3.12/site-packages/airflow/example_dags/example_outlet_event_extra.py for tasks to queue
[2024-10-06T14:56:53.213+0000] {logging_mixin.py:190} INFO - [2024-10-06T14:56:53.213+0000] {dagbag.py:587} INFO - Filling up the DagBag from /home/airflow/.local/lib/python3.12/site-packages/airflow/example_dags/example_outlet_event_extra.py
[2024-10-06T14:56:53.491+0000] {processor.py:925} INFO - DAG(s) 'dataset_with_extra_from_classic_operator', 'dataset_with_extra_by_context', 'dataset_with_extra_by_yield' retrieved from /home/airflow/.local/lib/python3.12/site-packages/airflow/example_dags/example_outlet_event_extra.py
[2024-10-06T14:56:53.545+0000] {logging_mixin.py:190} INFO - [2024-10-06T14:56:53.544+0000] {dag.py:3229} INFO - Sync 3 DAGs
[2024-10-06T14:56:53.582+0000] {logging_mixin.py:190} INFO - [2024-10-06T14:56:53.582+0000] {dag.py:4156} INFO - Setting next_dagrun for dataset_with_extra_by_context to 2024-10-05 00:00:00+00:00, run_after=2024-10-06 00:00:00+00:00
[2024-10-06T14:56:53.591+0000] {logging_mixin.py:190} INFO - [2024-10-06T14:56:53.590+0000] {dag.py:4156} INFO - Setting next_dagrun for dataset_with_extra_by_yield to 2024-10-05 00:00:00+00:00, run_after=2024-10-06 00:00:00+00:00
[2024-10-06T14:56:53.595+0000] {logging_mixin.py:190} INFO - [2024-10-06T14:56:53.594+0000] {dag.py:4156} INFO - Setting next_dagrun for dataset_with_extra_from_classic_operator to 2024-10-05 00:00:00+00:00, run_after=2024-10-06 00:00:00+00:00
[2024-10-06T14:56:53.630+0000] {processor.py:208} INFO - Processing /home/airflow/.local/lib/python3.12/site-packages/airflow/example_dags/example_outlet_event_extra.py took 0.426 seconds
[2024-10-06T15:41:30.851+0000] {processor.py:186} INFO - Started process (PID=25596) to work on /home/airflow/.local/lib/python3.12/site-packages/airflow/example_dags/example_outlet_event_extra.py
[2024-10-06T15:41:30.855+0000] {processor.py:914} INFO - Processing file /home/airflow/.local/lib/python3.12/site-packages/airflow/example_dags/example_outlet_event_extra.py for tasks to queue
[2024-10-06T15:41:30.857+0000] {logging_mixin.py:190} INFO - [2024-10-06T15:41:30.856+0000] {dagbag.py:587} INFO - Filling up the DagBag from /home/airflow/.local/lib/python3.12/site-packages/airflow/example_dags/example_outlet_event_extra.py
[2024-10-06T15:41:30.969+0000] {processor.py:925} INFO - DAG(s) 'dataset_with_extra_from_classic_operator', 'dataset_with_extra_by_context', 'dataset_with_extra_by_yield' retrieved from /home/airflow/.local/lib/python3.12/site-packages/airflow/example_dags/example_outlet_event_extra.py
[2024-10-06T15:41:31.003+0000] {logging_mixin.py:190} INFO - [2024-10-06T15:41:31.003+0000] {dag.py:3229} INFO - Sync 3 DAGs
[2024-10-06T15:41:31.024+0000] {logging_mixin.py:190} INFO - [2024-10-06T15:41:31.024+0000] {dag.py:4156} INFO - Setting next_dagrun for dataset_with_extra_by_context to 2024-10-05 00:00:00+00:00, run_after=2024-10-06 00:00:00+00:00
[2024-10-06T15:41:31.027+0000] {logging_mixin.py:190} INFO - [2024-10-06T15:41:31.027+0000] {dag.py:4156} INFO - Setting next_dagrun for dataset_with_extra_by_yield to 2024-10-05 00:00:00+00:00, run_after=2024-10-06 00:00:00+00:00
[2024-10-06T15:41:31.028+0000] {logging_mixin.py:190} INFO - [2024-10-06T15:41:31.028+0000] {dag.py:4156} INFO - Setting next_dagrun for dataset_with_extra_from_classic_operator to 2024-10-05 00:00:00+00:00, run_after=2024-10-06 00:00:00+00:00
[2024-10-06T15:41:31.056+0000] {processor.py:208} INFO - Processing /home/airflow/.local/lib/python3.12/site-packages/airflow/example_dags/example_outlet_event_extra.py took 0.208 seconds
[2024-10-06T16:15:56.717+0000] {processor.py:186} INFO - Started process (PID=25666) to work on /home/airflow/.local/lib/python3.12/site-packages/airflow/example_dags/example_outlet_event_extra.py
[2024-10-06T16:15:56.718+0000] {processor.py:914} INFO - Processing file /home/airflow/.local/lib/python3.12/site-packages/airflow/example_dags/example_outlet_event_extra.py for tasks to queue
[2024-10-06T16:15:56.719+0000] {logging_mixin.py:190} INFO - [2024-10-06T16:15:56.719+0000] {dagbag.py:587} INFO - Filling up the DagBag from /home/airflow/.local/lib/python3.12/site-packages/airflow/example_dags/example_outlet_event_extra.py
[2024-10-06T16:15:56.842+0000] {processor.py:925} INFO - DAG(s) 'dataset_with_extra_from_classic_operator', 'dataset_with_extra_by_yield', 'dataset_with_extra_by_context' retrieved from /home/airflow/.local/lib/python3.12/site-packages/airflow/example_dags/example_outlet_event_extra.py
[2024-10-06T16:15:56.859+0000] {logging_mixin.py:190} INFO - [2024-10-06T16:15:56.859+0000] {dag.py:3229} INFO - Sync 3 DAGs
[2024-10-06T16:15:56.910+0000] {logging_mixin.py:190} INFO - [2024-10-06T16:15:56.910+0000] {dag.py:4156} INFO - Setting next_dagrun for dataset_with_extra_by_context to 2024-10-05 00:00:00+00:00, run_after=2024-10-06 00:00:00+00:00
[2024-10-06T16:15:56.914+0000] {logging_mixin.py:190} INFO - [2024-10-06T16:15:56.914+0000] {dag.py:4156} INFO - Setting next_dagrun for dataset_with_extra_by_yield to 2024-10-05 00:00:00+00:00, run_after=2024-10-06 00:00:00+00:00
[2024-10-06T16:15:56.916+0000] {logging_mixin.py:190} INFO - [2024-10-06T16:15:56.916+0000] {dag.py:4156} INFO - Setting next_dagrun for dataset_with_extra_from_classic_operator to 2024-10-05 00:00:00+00:00, run_after=2024-10-06 00:00:00+00:00
[2024-10-06T16:15:56.932+0000] {processor.py:208} INFO - Processing /home/airflow/.local/lib/python3.12/site-packages/airflow/example_dags/example_outlet_event_extra.py took 0.220 seconds
[2024-10-06T16:58:37.639+0000] {processor.py:186} INFO - Started process (PID=25736) to work on /home/airflow/.local/lib/python3.12/site-packages/airflow/example_dags/example_outlet_event_extra.py
[2024-10-06T16:58:37.642+0000] {processor.py:914} INFO - Processing file /home/airflow/.local/lib/python3.12/site-packages/airflow/example_dags/example_outlet_event_extra.py for tasks to queue
[2024-10-06T16:58:37.646+0000] {logging_mixin.py:190} INFO - [2024-10-06T16:58:37.645+0000] {dagbag.py:587} INFO - Filling up the DagBag from /home/airflow/.local/lib/python3.12/site-packages/airflow/example_dags/example_outlet_event_extra.py
[2024-10-06T16:58:37.805+0000] {processor.py:925} INFO - DAG(s) 'dataset_with_extra_from_classic_operator', 'dataset_with_extra_by_context', 'dataset_with_extra_by_yield' retrieved from /home/airflow/.local/lib/python3.12/site-packages/airflow/example_dags/example_outlet_event_extra.py
[2024-10-06T16:58:37.828+0000] {logging_mixin.py:190} INFO - [2024-10-06T16:58:37.828+0000] {dag.py:3229} INFO - Sync 3 DAGs
[2024-10-06T16:58:37.841+0000] {logging_mixin.py:190} INFO - [2024-10-06T16:58:37.841+0000] {dag.py:4156} INFO - Setting next_dagrun for dataset_with_extra_by_context to 2024-10-05 00:00:00+00:00, run_after=2024-10-06 00:00:00+00:00
[2024-10-06T16:58:37.843+0000] {logging_mixin.py:190} INFO - [2024-10-06T16:58:37.843+0000] {dag.py:4156} INFO - Setting next_dagrun for dataset_with_extra_by_yield to 2024-10-05 00:00:00+00:00, run_after=2024-10-06 00:00:00+00:00
[2024-10-06T16:58:37.844+0000] {logging_mixin.py:190} INFO - [2024-10-06T16:58:37.844+0000] {dag.py:4156} INFO - Setting next_dagrun for dataset_with_extra_from_classic_operator to 2024-10-05 00:00:00+00:00, run_after=2024-10-06 00:00:00+00:00
[2024-10-06T16:58:37.856+0000] {processor.py:208} INFO - Processing /home/airflow/.local/lib/python3.12/site-packages/airflow/example_dags/example_outlet_event_extra.py took 0.221 seconds
[2024-10-06T16:59:09.055+0000] {processor.py:186} INFO - Started process (PID=25806) to work on /home/airflow/.local/lib/python3.12/site-packages/airflow/example_dags/example_outlet_event_extra.py
[2024-10-06T16:59:09.058+0000] {processor.py:914} INFO - Processing file /home/airflow/.local/lib/python3.12/site-packages/airflow/example_dags/example_outlet_event_extra.py for tasks to queue
[2024-10-06T16:59:09.060+0000] {logging_mixin.py:190} INFO - [2024-10-06T16:59:09.059+0000] {dagbag.py:587} INFO - Filling up the DagBag from /home/airflow/.local/lib/python3.12/site-packages/airflow/example_dags/example_outlet_event_extra.py
[2024-10-06T16:59:09.247+0000] {processor.py:925} INFO - DAG(s) 'dataset_with_extra_by_context', 'dataset_with_extra_from_classic_operator', 'dataset_with_extra_by_yield' retrieved from /home/airflow/.local/lib/python3.12/site-packages/airflow/example_dags/example_outlet_event_extra.py
[2024-10-06T16:59:09.279+0000] {logging_mixin.py:190} INFO - [2024-10-06T16:59:09.279+0000] {dag.py:3229} INFO - Sync 3 DAGs
[2024-10-06T16:59:09.305+0000] {logging_mixin.py:190} INFO - [2024-10-06T16:59:09.305+0000] {dag.py:4156} INFO - Setting next_dagrun for dataset_with_extra_by_context to 2024-10-05 00:00:00+00:00, run_after=2024-10-06 00:00:00+00:00
[2024-10-06T16:59:09.309+0000] {logging_mixin.py:190} INFO - [2024-10-06T16:59:09.309+0000] {dag.py:4156} INFO - Setting next_dagrun for dataset_with_extra_by_yield to 2024-10-05 00:00:00+00:00, run_after=2024-10-06 00:00:00+00:00
[2024-10-06T16:59:09.312+0000] {logging_mixin.py:190} INFO - [2024-10-06T16:59:09.311+0000] {dag.py:4156} INFO - Setting next_dagrun for dataset_with_extra_from_classic_operator to 2024-10-05 00:00:00+00:00, run_after=2024-10-06 00:00:00+00:00
[2024-10-06T16:59:09.345+0000] {processor.py:208} INFO - Processing /home/airflow/.local/lib/python3.12/site-packages/airflow/example_dags/example_outlet_event_extra.py took 0.297 seconds
[2024-10-06T17:59:33.780+0000] {processor.py:186} INFO - Started process (PID=25875) to work on /home/airflow/.local/lib/python3.12/site-packages/airflow/example_dags/example_outlet_event_extra.py
[2024-10-06T17:59:33.781+0000] {processor.py:914} INFO - Processing file /home/airflow/.local/lib/python3.12/site-packages/airflow/example_dags/example_outlet_event_extra.py for tasks to queue
[2024-10-06T17:59:33.784+0000] {logging_mixin.py:190} INFO - [2024-10-06T17:59:33.783+0000] {dagbag.py:587} INFO - Filling up the DagBag from /home/airflow/.local/lib/python3.12/site-packages/airflow/example_dags/example_outlet_event_extra.py
[2024-10-06T17:59:33.924+0000] {processor.py:925} INFO - DAG(s) 'dataset_with_extra_from_classic_operator', 'dataset_with_extra_by_context', 'dataset_with_extra_by_yield' retrieved from /home/airflow/.local/lib/python3.12/site-packages/airflow/example_dags/example_outlet_event_extra.py
[2024-10-06T17:59:33.944+0000] {logging_mixin.py:190} INFO - [2024-10-06T17:59:33.944+0000] {dag.py:3229} INFO - Sync 3 DAGs
[2024-10-06T17:59:33.958+0000] {logging_mixin.py:190} INFO - [2024-10-06T17:59:33.958+0000] {dag.py:4156} INFO - Setting next_dagrun for dataset_with_extra_by_context to 2024-10-05 00:00:00+00:00, run_after=2024-10-06 00:00:00+00:00
[2024-10-06T17:59:33.960+0000] {logging_mixin.py:190} INFO - [2024-10-06T17:59:33.960+0000] {dag.py:4156} INFO - Setting next_dagrun for dataset_with_extra_by_yield to 2024-10-05 00:00:00+00:00, run_after=2024-10-06 00:00:00+00:00
[2024-10-06T17:59:33.962+0000] {logging_mixin.py:190} INFO - [2024-10-06T17:59:33.962+0000] {dag.py:4156} INFO - Setting next_dagrun for dataset_with_extra_from_classic_operator to 2024-10-05 00:00:00+00:00, run_after=2024-10-06 00:00:00+00:00
[2024-10-06T17:59:33.980+0000] {processor.py:208} INFO - Processing /home/airflow/.local/lib/python3.12/site-packages/airflow/example_dags/example_outlet_event_extra.py took 0.204 seconds
[2024-10-06T18:17:02.786+0000] {processor.py:186} INFO - Started process (PID=25945) to work on /home/airflow/.local/lib/python3.12/site-packages/airflow/example_dags/example_outlet_event_extra.py
[2024-10-06T18:17:02.787+0000] {processor.py:914} INFO - Processing file /home/airflow/.local/lib/python3.12/site-packages/airflow/example_dags/example_outlet_event_extra.py for tasks to queue
[2024-10-06T18:17:02.788+0000] {logging_mixin.py:190} INFO - [2024-10-06T18:17:02.788+0000] {dagbag.py:587} INFO - Filling up the DagBag from /home/airflow/.local/lib/python3.12/site-packages/airflow/example_dags/example_outlet_event_extra.py
[2024-10-06T18:17:02.900+0000] {processor.py:925} INFO - DAG(s) 'dataset_with_extra_from_classic_operator', 'dataset_with_extra_by_yield', 'dataset_with_extra_by_context' retrieved from /home/airflow/.local/lib/python3.12/site-packages/airflow/example_dags/example_outlet_event_extra.py
[2024-10-06T18:17:02.915+0000] {logging_mixin.py:190} INFO - [2024-10-06T18:17:02.915+0000] {dag.py:3229} INFO - Sync 3 DAGs
[2024-10-06T18:17:02.929+0000] {logging_mixin.py:190} INFO - [2024-10-06T18:17:02.929+0000] {dag.py:4156} INFO - Setting next_dagrun for dataset_with_extra_by_context to 2024-10-05 00:00:00+00:00, run_after=2024-10-06 00:00:00+00:00
[2024-10-06T18:17:02.931+0000] {logging_mixin.py:190} INFO - [2024-10-06T18:17:02.931+0000] {dag.py:4156} INFO - Setting next_dagrun for dataset_with_extra_by_yield to 2024-10-05 00:00:00+00:00, run_after=2024-10-06 00:00:00+00:00
[2024-10-06T18:17:02.934+0000] {logging_mixin.py:190} INFO - [2024-10-06T18:17:02.934+0000] {dag.py:4156} INFO - Setting next_dagrun for dataset_with_extra_from_classic_operator to 2024-10-05 00:00:00+00:00, run_after=2024-10-06 00:00:00+00:00
[2024-10-06T18:17:02.944+0000] {processor.py:208} INFO - Processing /home/airflow/.local/lib/python3.12/site-packages/airflow/example_dags/example_outlet_event_extra.py took 0.161 seconds
[2024-10-06T18:49:50.928+0000] {processor.py:186} INFO - Started process (PID=26015) to work on /home/airflow/.local/lib/python3.12/site-packages/airflow/example_dags/example_outlet_event_extra.py
[2024-10-06T18:49:50.930+0000] {processor.py:914} INFO - Processing file /home/airflow/.local/lib/python3.12/site-packages/airflow/example_dags/example_outlet_event_extra.py for tasks to queue
[2024-10-06T18:49:50.931+0000] {logging_mixin.py:190} INFO - [2024-10-06T18:49:50.931+0000] {dagbag.py:587} INFO - Filling up the DagBag from /home/airflow/.local/lib/python3.12/site-packages/airflow/example_dags/example_outlet_event_extra.py
[2024-10-06T18:49:51.026+0000] {processor.py:925} INFO - DAG(s) 'dataset_with_extra_by_context', 'dataset_with_extra_by_yield', 'dataset_with_extra_from_classic_operator' retrieved from /home/airflow/.local/lib/python3.12/site-packages/airflow/example_dags/example_outlet_event_extra.py
[2024-10-06T18:49:51.045+0000] {logging_mixin.py:190} INFO - [2024-10-06T18:49:51.045+0000] {dag.py:3229} INFO - Sync 3 DAGs
[2024-10-06T18:49:51.059+0000] {logging_mixin.py:190} INFO - [2024-10-06T18:49:51.059+0000] {dag.py:4156} INFO - Setting next_dagrun for dataset_with_extra_by_context to 2024-10-05 00:00:00+00:00, run_after=2024-10-06 00:00:00+00:00
[2024-10-06T18:49:51.064+0000] {logging_mixin.py:190} INFO - [2024-10-06T18:49:51.064+0000] {dag.py:4156} INFO - Setting next_dagrun for dataset_with_extra_by_yield to 2024-10-05 00:00:00+00:00, run_after=2024-10-06 00:00:00+00:00
[2024-10-06T18:49:51.066+0000] {logging_mixin.py:190} INFO - [2024-10-06T18:49:51.065+0000] {dag.py:4156} INFO - Setting next_dagrun for dataset_with_extra_from_classic_operator to 2024-10-05 00:00:00+00:00, run_after=2024-10-06 00:00:00+00:00
[2024-10-06T18:49:51.078+0000] {processor.py:208} INFO - Processing /home/airflow/.local/lib/python3.12/site-packages/airflow/example_dags/example_outlet_event_extra.py took 0.152 seconds
[2024-10-06T19:00:34.646+0000] {processor.py:186} INFO - Started process (PID=26085) to work on /home/airflow/.local/lib/python3.12/site-packages/airflow/example_dags/example_outlet_event_extra.py
[2024-10-06T19:00:34.646+0000] {processor.py:914} INFO - Processing file /home/airflow/.local/lib/python3.12/site-packages/airflow/example_dags/example_outlet_event_extra.py for tasks to queue
[2024-10-06T19:00:34.647+0000] {logging_mixin.py:190} INFO - [2024-10-06T19:00:34.647+0000] {dagbag.py:587} INFO - Filling up the DagBag from /home/airflow/.local/lib/python3.12/site-packages/airflow/example_dags/example_outlet_event_extra.py
[2024-10-06T19:00:34.741+0000] {processor.py:925} INFO - DAG(s) 'dataset_with_extra_by_yield', 'dataset_with_extra_from_classic_operator', 'dataset_with_extra_by_context' retrieved from /home/airflow/.local/lib/python3.12/site-packages/airflow/example_dags/example_outlet_event_extra.py
[2024-10-06T19:00:34.760+0000] {logging_mixin.py:190} INFO - [2024-10-06T19:00:34.760+0000] {dag.py:3229} INFO - Sync 3 DAGs
[2024-10-06T19:00:34.774+0000] {logging_mixin.py:190} INFO - [2024-10-06T19:00:34.774+0000] {dag.py:4156} INFO - Setting next_dagrun for dataset_with_extra_by_context to 2024-10-05 00:00:00+00:00, run_after=2024-10-06 00:00:00+00:00
[2024-10-06T19:00:34.776+0000] {logging_mixin.py:190} INFO - [2024-10-06T19:00:34.776+0000] {dag.py:4156} INFO - Setting next_dagrun for dataset_with_extra_by_yield to 2024-10-05 00:00:00+00:00, run_after=2024-10-06 00:00:00+00:00
[2024-10-06T19:00:34.778+0000] {logging_mixin.py:190} INFO - [2024-10-06T19:00:34.778+0000] {dag.py:4156} INFO - Setting next_dagrun for dataset_with_extra_from_classic_operator to 2024-10-05 00:00:00+00:00, run_after=2024-10-06 00:00:00+00:00
[2024-10-06T19:00:34.791+0000] {processor.py:208} INFO - Processing /home/airflow/.local/lib/python3.12/site-packages/airflow/example_dags/example_outlet_event_extra.py took 0.148 seconds
[2024-10-06T19:16:47.579+0000] {processor.py:186} INFO - Started process (PID=26155) to work on /home/airflow/.local/lib/python3.12/site-packages/airflow/example_dags/example_outlet_event_extra.py
[2024-10-06T19:16:47.580+0000] {processor.py:914} INFO - Processing file /home/airflow/.local/lib/python3.12/site-packages/airflow/example_dags/example_outlet_event_extra.py for tasks to queue
[2024-10-06T19:16:47.581+0000] {logging_mixin.py:190} INFO - [2024-10-06T19:16:47.580+0000] {dagbag.py:587} INFO - Filling up the DagBag from /home/airflow/.local/lib/python3.12/site-packages/airflow/example_dags/example_outlet_event_extra.py
[2024-10-06T19:16:47.707+0000] {processor.py:925} INFO - DAG(s) 'dataset_with_extra_from_classic_operator', 'dataset_with_extra_by_yield', 'dataset_with_extra_by_context' retrieved from /home/airflow/.local/lib/python3.12/site-packages/airflow/example_dags/example_outlet_event_extra.py
[2024-10-06T19:16:47.726+0000] {logging_mixin.py:190} INFO - [2024-10-06T19:16:47.726+0000] {dag.py:3229} INFO - Sync 3 DAGs
[2024-10-06T19:16:47.741+0000] {logging_mixin.py:190} INFO - [2024-10-06T19:16:47.741+0000] {dag.py:4156} INFO - Setting next_dagrun for dataset_with_extra_by_context to 2024-10-05 00:00:00+00:00, run_after=2024-10-06 00:00:00+00:00
[2024-10-06T19:16:47.745+0000] {logging_mixin.py:190} INFO - [2024-10-06T19:16:47.745+0000] {dag.py:4156} INFO - Setting next_dagrun for dataset_with_extra_by_yield to 2024-10-05 00:00:00+00:00, run_after=2024-10-06 00:00:00+00:00
[2024-10-06T19:16:47.746+0000] {logging_mixin.py:190} INFO - [2024-10-06T19:16:47.746+0000] {dag.py:4156} INFO - Setting next_dagrun for dataset_with_extra_from_classic_operator to 2024-10-05 00:00:00+00:00, run_after=2024-10-06 00:00:00+00:00
[2024-10-06T19:16:47.758+0000] {processor.py:208} INFO - Processing /home/airflow/.local/lib/python3.12/site-packages/airflow/example_dags/example_outlet_event_extra.py took 0.182 seconds
[2024-10-06T20:01:51.747+0000] {processor.py:186} INFO - Started process (PID=26225) to work on /home/airflow/.local/lib/python3.12/site-packages/airflow/example_dags/example_outlet_event_extra.py
[2024-10-06T20:01:51.749+0000] {processor.py:914} INFO - Processing file /home/airflow/.local/lib/python3.12/site-packages/airflow/example_dags/example_outlet_event_extra.py for tasks to queue
[2024-10-06T20:01:51.750+0000] {logging_mixin.py:190} INFO - [2024-10-06T20:01:51.749+0000] {dagbag.py:587} INFO - Filling up the DagBag from /home/airflow/.local/lib/python3.12/site-packages/airflow/example_dags/example_outlet_event_extra.py
[2024-10-06T20:01:52.062+0000] {processor.py:925} INFO - DAG(s) 'dataset_with_extra_from_classic_operator', 'dataset_with_extra_by_yield', 'dataset_with_extra_by_context' retrieved from /home/airflow/.local/lib/python3.12/site-packages/airflow/example_dags/example_outlet_event_extra.py
[2024-10-06T20:01:52.111+0000] {logging_mixin.py:190} INFO - [2024-10-06T20:01:52.110+0000] {dag.py:3229} INFO - Sync 3 DAGs
[2024-10-06T20:01:52.169+0000] {logging_mixin.py:190} INFO - [2024-10-06T20:01:52.169+0000] {dag.py:4156} INFO - Setting next_dagrun for dataset_with_extra_by_context to 2024-10-05 00:00:00+00:00, run_after=2024-10-06 00:00:00+00:00
[2024-10-06T20:01:52.173+0000] {logging_mixin.py:190} INFO - [2024-10-06T20:01:52.173+0000] {dag.py:4156} INFO - Setting next_dagrun for dataset_with_extra_by_yield to 2024-10-05 00:00:00+00:00, run_after=2024-10-06 00:00:00+00:00
[2024-10-06T20:01:52.174+0000] {logging_mixin.py:190} INFO - [2024-10-06T20:01:52.174+0000] {dag.py:4156} INFO - Setting next_dagrun for dataset_with_extra_from_classic_operator to 2024-10-05 00:00:00+00:00, run_after=2024-10-06 00:00:00+00:00
[2024-10-06T20:01:52.190+0000] {processor.py:208} INFO - Processing /home/airflow/.local/lib/python3.12/site-packages/airflow/example_dags/example_outlet_event_extra.py took 0.447 seconds
[2024-10-06T20:18:01.202+0000] {processor.py:186} INFO - Started process (PID=26295) to work on /home/airflow/.local/lib/python3.12/site-packages/airflow/example_dags/example_outlet_event_extra.py
[2024-10-06T20:18:01.204+0000] {processor.py:914} INFO - Processing file /home/airflow/.local/lib/python3.12/site-packages/airflow/example_dags/example_outlet_event_extra.py for tasks to queue
[2024-10-06T20:18:01.205+0000] {logging_mixin.py:190} INFO - [2024-10-06T20:18:01.205+0000] {dagbag.py:587} INFO - Filling up the DagBag from /home/airflow/.local/lib/python3.12/site-packages/airflow/example_dags/example_outlet_event_extra.py
[2024-10-06T20:18:01.293+0000] {processor.py:925} INFO - DAG(s) 'dataset_with_extra_from_classic_operator', 'dataset_with_extra_by_context', 'dataset_with_extra_by_yield' retrieved from /home/airflow/.local/lib/python3.12/site-packages/airflow/example_dags/example_outlet_event_extra.py
[2024-10-06T20:18:01.319+0000] {logging_mixin.py:190} INFO - [2024-10-06T20:18:01.319+0000] {dag.py:3229} INFO - Sync 3 DAGs
[2024-10-06T20:18:01.335+0000] {logging_mixin.py:190} INFO - [2024-10-06T20:18:01.335+0000] {dag.py:4156} INFO - Setting next_dagrun for dataset_with_extra_by_context to 2024-10-05 00:00:00+00:00, run_after=2024-10-06 00:00:00+00:00
[2024-10-06T20:18:01.339+0000] {logging_mixin.py:190} INFO - [2024-10-06T20:18:01.339+0000] {dag.py:4156} INFO - Setting next_dagrun for dataset_with_extra_by_yield to 2024-10-05 00:00:00+00:00, run_after=2024-10-06 00:00:00+00:00
[2024-10-06T20:18:01.340+0000] {logging_mixin.py:190} INFO - [2024-10-06T20:18:01.340+0000] {dag.py:4156} INFO - Setting next_dagrun for dataset_with_extra_from_classic_operator to 2024-10-05 00:00:00+00:00, run_after=2024-10-06 00:00:00+00:00
[2024-10-06T20:18:01.351+0000] {processor.py:208} INFO - Processing /home/airflow/.local/lib/python3.12/site-packages/airflow/example_dags/example_outlet_event_extra.py took 0.153 seconds
[2024-10-06T20:51:51.031+0000] {processor.py:186} INFO - Started process (PID=26364) to work on /home/airflow/.local/lib/python3.12/site-packages/airflow/example_dags/example_outlet_event_extra.py
[2024-10-06T20:51:51.032+0000] {processor.py:914} INFO - Processing file /home/airflow/.local/lib/python3.12/site-packages/airflow/example_dags/example_outlet_event_extra.py for tasks to queue
[2024-10-06T20:51:51.033+0000] {logging_mixin.py:190} INFO - [2024-10-06T20:51:51.033+0000] {dagbag.py:587} INFO - Filling up the DagBag from /home/airflow/.local/lib/python3.12/site-packages/airflow/example_dags/example_outlet_event_extra.py
[2024-10-06T20:51:51.186+0000] {processor.py:925} INFO - DAG(s) 'dataset_with_extra_by_context', 'dataset_with_extra_by_yield', 'dataset_with_extra_from_classic_operator' retrieved from /home/airflow/.local/lib/python3.12/site-packages/airflow/example_dags/example_outlet_event_extra.py
[2024-10-06T20:51:51.215+0000] {logging_mixin.py:190} INFO - [2024-10-06T20:51:51.215+0000] {dag.py:3229} INFO - Sync 3 DAGs
[2024-10-06T20:51:51.236+0000] {logging_mixin.py:190} INFO - [2024-10-06T20:51:51.236+0000] {dag.py:4156} INFO - Setting next_dagrun for dataset_with_extra_by_context to 2024-10-05 00:00:00+00:00, run_after=2024-10-06 00:00:00+00:00
[2024-10-06T20:51:51.240+0000] {logging_mixin.py:190} INFO - [2024-10-06T20:51:51.240+0000] {dag.py:4156} INFO - Setting next_dagrun for dataset_with_extra_by_yield to 2024-10-05 00:00:00+00:00, run_after=2024-10-06 00:00:00+00:00
[2024-10-06T20:51:51.241+0000] {logging_mixin.py:190} INFO - [2024-10-06T20:51:51.241+0000] {dag.py:4156} INFO - Setting next_dagrun for dataset_with_extra_from_classic_operator to 2024-10-05 00:00:00+00:00, run_after=2024-10-06 00:00:00+00:00
[2024-10-06T20:51:51.254+0000] {processor.py:208} INFO - Processing /home/airflow/.local/lib/python3.12/site-packages/airflow/example_dags/example_outlet_event_extra.py took 0.227 seconds
[2024-10-06T20:52:23.427+0000] {processor.py:186} INFO - Started process (PID=26435) to work on /home/airflow/.local/lib/python3.12/site-packages/airflow/example_dags/example_outlet_event_extra.py
[2024-10-06T20:52:23.428+0000] {processor.py:914} INFO - Processing file /home/airflow/.local/lib/python3.12/site-packages/airflow/example_dags/example_outlet_event_extra.py for tasks to queue
[2024-10-06T20:52:23.429+0000] {logging_mixin.py:190} INFO - [2024-10-06T20:52:23.429+0000] {dagbag.py:587} INFO - Filling up the DagBag from /home/airflow/.local/lib/python3.12/site-packages/airflow/example_dags/example_outlet_event_extra.py
[2024-10-06T20:52:23.556+0000] {processor.py:925} INFO - DAG(s) 'dataset_with_extra_from_classic_operator', 'dataset_with_extra_by_context', 'dataset_with_extra_by_yield' retrieved from /home/airflow/.local/lib/python3.12/site-packages/airflow/example_dags/example_outlet_event_extra.py
[2024-10-06T20:52:23.574+0000] {logging_mixin.py:190} INFO - [2024-10-06T20:52:23.574+0000] {dag.py:3229} INFO - Sync 3 DAGs
[2024-10-06T20:52:23.587+0000] {logging_mixin.py:190} INFO - [2024-10-06T20:52:23.586+0000] {dag.py:4156} INFO - Setting next_dagrun for dataset_with_extra_by_context to 2024-10-05 00:00:00+00:00, run_after=2024-10-06 00:00:00+00:00
[2024-10-06T20:52:23.590+0000] {logging_mixin.py:190} INFO - [2024-10-06T20:52:23.590+0000] {dag.py:4156} INFO - Setting next_dagrun for dataset_with_extra_by_yield to 2024-10-05 00:00:00+00:00, run_after=2024-10-06 00:00:00+00:00
[2024-10-06T20:52:23.592+0000] {logging_mixin.py:190} INFO - [2024-10-06T20:52:23.592+0000] {dag.py:4156} INFO - Setting next_dagrun for dataset_with_extra_from_classic_operator to 2024-10-05 00:00:00+00:00, run_after=2024-10-06 00:00:00+00:00
[2024-10-06T20:52:23.605+0000] {processor.py:208} INFO - Processing /home/airflow/.local/lib/python3.12/site-packages/airflow/example_dags/example_outlet_event_extra.py took 0.181 seconds
[2024-10-06T21:19:22.285+0000] {processor.py:186} INFO - Started process (PID=26505) to work on /home/airflow/.local/lib/python3.12/site-packages/airflow/example_dags/example_outlet_event_extra.py
[2024-10-06T21:19:22.286+0000] {processor.py:914} INFO - Processing file /home/airflow/.local/lib/python3.12/site-packages/airflow/example_dags/example_outlet_event_extra.py for tasks to queue
[2024-10-06T21:19:22.287+0000] {logging_mixin.py:190} INFO - [2024-10-06T21:19:22.286+0000] {dagbag.py:587} INFO - Filling up the DagBag from /home/airflow/.local/lib/python3.12/site-packages/airflow/example_dags/example_outlet_event_extra.py
[2024-10-06T21:19:22.435+0000] {processor.py:925} INFO - DAG(s) 'dataset_with_extra_by_yield', 'dataset_with_extra_by_context', 'dataset_with_extra_from_classic_operator' retrieved from /home/airflow/.local/lib/python3.12/site-packages/airflow/example_dags/example_outlet_event_extra.py
[2024-10-06T21:19:22.473+0000] {logging_mixin.py:190} INFO - [2024-10-06T21:19:22.473+0000] {dag.py:3229} INFO - Sync 3 DAGs
[2024-10-06T21:19:22.489+0000] {logging_mixin.py:190} INFO - [2024-10-06T21:19:22.488+0000] {dag.py:4156} INFO - Setting next_dagrun for dataset_with_extra_by_context to 2024-10-05 00:00:00+00:00, run_after=2024-10-06 00:00:00+00:00
[2024-10-06T21:19:22.491+0000] {logging_mixin.py:190} INFO - [2024-10-06T21:19:22.491+0000] {dag.py:4156} INFO - Setting next_dagrun for dataset_with_extra_by_yield to 2024-10-05 00:00:00+00:00, run_after=2024-10-06 00:00:00+00:00
[2024-10-06T21:19:22.492+0000] {logging_mixin.py:190} INFO - [2024-10-06T21:19:22.492+0000] {dag.py:4156} INFO - Setting next_dagrun for dataset_with_extra_from_classic_operator to 2024-10-05 00:00:00+00:00, run_after=2024-10-06 00:00:00+00:00
[2024-10-06T21:19:22.506+0000] {processor.py:208} INFO - Processing /home/airflow/.local/lib/python3.12/site-packages/airflow/example_dags/example_outlet_event_extra.py took 0.224 seconds
[2024-10-06T21:52:09.801+0000] {processor.py:186} INFO - Started process (PID=26575) to work on /home/airflow/.local/lib/python3.12/site-packages/airflow/example_dags/example_outlet_event_extra.py
[2024-10-06T21:52:09.804+0000] {processor.py:914} INFO - Processing file /home/airflow/.local/lib/python3.12/site-packages/airflow/example_dags/example_outlet_event_extra.py for tasks to queue
[2024-10-06T21:52:09.807+0000] {logging_mixin.py:190} INFO - [2024-10-06T21:52:09.807+0000] {dagbag.py:587} INFO - Filling up the DagBag from /home/airflow/.local/lib/python3.12/site-packages/airflow/example_dags/example_outlet_event_extra.py
[2024-10-06T21:52:09.916+0000] {processor.py:925} INFO - DAG(s) 'dataset_with_extra_by_yield', 'dataset_with_extra_by_context', 'dataset_with_extra_from_classic_operator' retrieved from /home/airflow/.local/lib/python3.12/site-packages/airflow/example_dags/example_outlet_event_extra.py
[2024-10-06T21:52:09.932+0000] {logging_mixin.py:190} INFO - [2024-10-06T21:52:09.931+0000] {dag.py:3229} INFO - Sync 3 DAGs
[2024-10-06T21:52:09.944+0000] {logging_mixin.py:190} INFO - [2024-10-06T21:52:09.944+0000] {dag.py:4156} INFO - Setting next_dagrun for dataset_with_extra_by_context to 2024-10-05 00:00:00+00:00, run_after=2024-10-06 00:00:00+00:00
[2024-10-06T21:52:09.946+0000] {logging_mixin.py:190} INFO - [2024-10-06T21:52:09.946+0000] {dag.py:4156} INFO - Setting next_dagrun for dataset_with_extra_by_yield to 2024-10-05 00:00:00+00:00, run_after=2024-10-06 00:00:00+00:00
[2024-10-06T21:52:09.947+0000] {logging_mixin.py:190} INFO - [2024-10-06T21:52:09.947+0000] {dag.py:4156} INFO - Setting next_dagrun for dataset_with_extra_from_classic_operator to 2024-10-05 00:00:00+00:00, run_after=2024-10-06 00:00:00+00:00
[2024-10-06T21:52:09.960+0000] {processor.py:208} INFO - Processing /home/airflow/.local/lib/python3.12/site-packages/airflow/example_dags/example_outlet_event_extra.py took 0.162 seconds
[2024-10-06T22:53:04.921+0000] {processor.py:186} INFO - Started process (PID=26645) to work on /home/airflow/.local/lib/python3.12/site-packages/airflow/example_dags/example_outlet_event_extra.py
[2024-10-06T22:53:04.922+0000] {processor.py:914} INFO - Processing file /home/airflow/.local/lib/python3.12/site-packages/airflow/example_dags/example_outlet_event_extra.py for tasks to queue
[2024-10-06T22:53:04.924+0000] {logging_mixin.py:190} INFO - [2024-10-06T22:53:04.923+0000] {dagbag.py:587} INFO - Filling up the DagBag from /home/airflow/.local/lib/python3.12/site-packages/airflow/example_dags/example_outlet_event_extra.py
[2024-10-06T22:53:05.114+0000] {processor.py:925} INFO - DAG(s) 'dataset_with_extra_from_classic_operator', 'dataset_with_extra_by_yield', 'dataset_with_extra_by_context' retrieved from /home/airflow/.local/lib/python3.12/site-packages/airflow/example_dags/example_outlet_event_extra.py
[2024-10-06T22:53:05.141+0000] {logging_mixin.py:190} INFO - [2024-10-06T22:53:05.141+0000] {dag.py:3229} INFO - Sync 3 DAGs
[2024-10-06T22:53:05.178+0000] {logging_mixin.py:190} INFO - [2024-10-06T22:53:05.178+0000] {dag.py:4156} INFO - Setting next_dagrun for dataset_with_extra_by_context to 2024-10-05 00:00:00+00:00, run_after=2024-10-06 00:00:00+00:00
[2024-10-06T22:53:05.181+0000] {logging_mixin.py:190} INFO - [2024-10-06T22:53:05.181+0000] {dag.py:4156} INFO - Setting next_dagrun for dataset_with_extra_by_yield to 2024-10-05 00:00:00+00:00, run_after=2024-10-06 00:00:00+00:00
[2024-10-06T22:53:05.185+0000] {logging_mixin.py:190} INFO - [2024-10-06T22:53:05.185+0000] {dag.py:4156} INFO - Setting next_dagrun for dataset_with_extra_from_classic_operator to 2024-10-05 00:00:00+00:00, run_after=2024-10-06 00:00:00+00:00
[2024-10-06T22:53:05.199+0000] {processor.py:208} INFO - Processing /home/airflow/.local/lib/python3.12/site-packages/airflow/example_dags/example_outlet_event_extra.py took 0.284 seconds
[2024-10-06T23:21:13.300+0000] {processor.py:186} INFO - Started process (PID=26715) to work on /home/airflow/.local/lib/python3.12/site-packages/airflow/example_dags/example_outlet_event_extra.py
[2024-10-06T23:21:13.303+0000] {processor.py:914} INFO - Processing file /home/airflow/.local/lib/python3.12/site-packages/airflow/example_dags/example_outlet_event_extra.py for tasks to queue
[2024-10-06T23:21:13.304+0000] {logging_mixin.py:190} INFO - [2024-10-06T23:21:13.304+0000] {dagbag.py:587} INFO - Filling up the DagBag from /home/airflow/.local/lib/python3.12/site-packages/airflow/example_dags/example_outlet_event_extra.py
[2024-10-06T23:21:13.422+0000] {processor.py:925} INFO - DAG(s) 'dataset_with_extra_by_context', 'dataset_with_extra_from_classic_operator', 'dataset_with_extra_by_yield' retrieved from /home/airflow/.local/lib/python3.12/site-packages/airflow/example_dags/example_outlet_event_extra.py
[2024-10-06T23:21:13.441+0000] {logging_mixin.py:190} INFO - [2024-10-06T23:21:13.441+0000] {dag.py:3229} INFO - Sync 3 DAGs
[2024-10-06T23:21:13.453+0000] {logging_mixin.py:190} INFO - [2024-10-06T23:21:13.453+0000] {dag.py:4156} INFO - Setting next_dagrun for dataset_with_extra_by_context to 2024-10-05 00:00:00+00:00, run_after=2024-10-06 00:00:00+00:00
[2024-10-06T23:21:13.455+0000] {logging_mixin.py:190} INFO - [2024-10-06T23:21:13.455+0000] {dag.py:4156} INFO - Setting next_dagrun for dataset_with_extra_by_yield to 2024-10-05 00:00:00+00:00, run_after=2024-10-06 00:00:00+00:00
[2024-10-06T23:21:13.456+0000] {logging_mixin.py:190} INFO - [2024-10-06T23:21:13.456+0000] {dag.py:4156} INFO - Setting next_dagrun for dataset_with_extra_from_classic_operator to 2024-10-05 00:00:00+00:00, run_after=2024-10-06 00:00:00+00:00
[2024-10-06T23:21:13.469+0000] {processor.py:208} INFO - Processing /home/airflow/.local/lib/python3.12/site-packages/airflow/example_dags/example_outlet_event_extra.py took 0.173 seconds
[2024-10-06T23:39:14.709+0000] {processor.py:186} INFO - Started process (PID=26785) to work on /home/airflow/.local/lib/python3.12/site-packages/airflow/example_dags/example_outlet_event_extra.py
[2024-10-06T23:39:14.711+0000] {processor.py:914} INFO - Processing file /home/airflow/.local/lib/python3.12/site-packages/airflow/example_dags/example_outlet_event_extra.py for tasks to queue
[2024-10-06T23:39:14.714+0000] {logging_mixin.py:190} INFO - [2024-10-06T23:39:14.713+0000] {dagbag.py:587} INFO - Filling up the DagBag from /home/airflow/.local/lib/python3.12/site-packages/airflow/example_dags/example_outlet_event_extra.py
[2024-10-06T23:39:14.822+0000] {processor.py:925} INFO - DAG(s) 'dataset_with_extra_by_yield', 'dataset_with_extra_by_context', 'dataset_with_extra_from_classic_operator' retrieved from /home/airflow/.local/lib/python3.12/site-packages/airflow/example_dags/example_outlet_event_extra.py
[2024-10-06T23:39:14.840+0000] {logging_mixin.py:190} INFO - [2024-10-06T23:39:14.840+0000] {dag.py:3229} INFO - Sync 3 DAGs
[2024-10-06T23:39:14.854+0000] {logging_mixin.py:190} INFO - [2024-10-06T23:39:14.854+0000] {dag.py:4156} INFO - Setting next_dagrun for dataset_with_extra_by_context to 2024-10-05 00:00:00+00:00, run_after=2024-10-06 00:00:00+00:00
[2024-10-06T23:39:14.858+0000] {logging_mixin.py:190} INFO - [2024-10-06T23:39:14.858+0000] {dag.py:4156} INFO - Setting next_dagrun for dataset_with_extra_by_yield to 2024-10-05 00:00:00+00:00, run_after=2024-10-06 00:00:00+00:00
[2024-10-06T23:39:14.859+0000] {logging_mixin.py:190} INFO - [2024-10-06T23:39:14.859+0000] {dag.py:4156} INFO - Setting next_dagrun for dataset_with_extra_from_classic_operator to 2024-10-05 00:00:00+00:00, run_after=2024-10-06 00:00:00+00:00
[2024-10-06T23:39:14.871+0000] {processor.py:208} INFO - Processing /home/airflow/.local/lib/python3.12/site-packages/airflow/example_dags/example_outlet_event_extra.py took 0.167 seconds
