[2024-10-06T00:50:47.600+0000] {processor.py:186} INFO - Started process (PID=24098) to work on /home/airflow/.local/lib/python3.12/site-packages/airflow/example_dags/example_xcomargs.py
[2024-10-06T00:50:47.604+0000] {processor.py:914} INFO - Processing file /home/airflow/.local/lib/python3.12/site-packages/airflow/example_dags/example_xcomargs.py for tasks to queue
[2024-10-06T00:50:47.605+0000] {logging_mixin.py:190} INFO - [2024-10-06T00:50:47.605+0000] {dagbag.py:587} INFO - Filling up the DagBag from /home/airflow/.local/lib/python3.12/site-packages/airflow/example_dags/example_xcomargs.py
[2024-10-06T00:50:47.612+0000] {processor.py:925} INFO - DAG(s) 'example_xcom_args_with_operators', 'example_xcom_args' retrieved from /home/airflow/.local/lib/python3.12/site-packages/airflow/example_dags/example_xcomargs.py
[2024-10-06T00:50:47.630+0000] {logging_mixin.py:190} INFO - [2024-10-06T00:50:47.630+0000] {dag.py:3229} INFO - Sync 2 DAGs
[2024-10-06T00:50:47.638+0000] {logging_mixin.py:190} INFO - [2024-10-06T00:50:47.638+0000] {dag.py:4156} INFO - Setting next_dagrun for example_xcom_args to None, run_after=None
[2024-10-06T00:50:47.640+0000] {logging_mixin.py:190} INFO - [2024-10-06T00:50:47.640+0000] {dag.py:4156} INFO - Setting next_dagrun for example_xcom_args_with_operators to None, run_after=None
[2024-10-06T00:50:47.648+0000] {processor.py:208} INFO - Processing /home/airflow/.local/lib/python3.12/site-packages/airflow/example_dags/example_xcomargs.py took 0.053 seconds
[2024-10-06T00:51:18.211+0000] {processor.py:186} INFO - Started process (PID=24168) to work on /home/airflow/.local/lib/python3.12/site-packages/airflow/example_dags/example_xcomargs.py
[2024-10-06T00:51:18.212+0000] {processor.py:914} INFO - Processing file /home/airflow/.local/lib/python3.12/site-packages/airflow/example_dags/example_xcomargs.py for tasks to queue
[2024-10-06T00:51:18.213+0000] {logging_mixin.py:190} INFO - [2024-10-06T00:51:18.213+0000] {dagbag.py:587} INFO - Filling up the DagBag from /home/airflow/.local/lib/python3.12/site-packages/airflow/example_dags/example_xcomargs.py
[2024-10-06T00:51:18.219+0000] {processor.py:925} INFO - DAG(s) 'example_xcom_args_with_operators', 'example_xcom_args' retrieved from /home/airflow/.local/lib/python3.12/site-packages/airflow/example_dags/example_xcomargs.py
[2024-10-06T00:51:18.237+0000] {logging_mixin.py:190} INFO - [2024-10-06T00:51:18.237+0000] {dag.py:3229} INFO - Sync 2 DAGs
[2024-10-06T00:51:18.262+0000] {logging_mixin.py:190} INFO - [2024-10-06T00:51:18.262+0000] {dag.py:4156} INFO - Setting next_dagrun for example_xcom_args to None, run_after=None
[2024-10-06T00:51:18.266+0000] {logging_mixin.py:190} INFO - [2024-10-06T00:51:18.265+0000] {dag.py:4156} INFO - Setting next_dagrun for example_xcom_args_with_operators to None, run_after=None
[2024-10-06T00:51:18.276+0000] {processor.py:208} INFO - Processing /home/airflow/.local/lib/python3.12/site-packages/airflow/example_dags/example_xcomargs.py took 0.067 seconds
[2024-10-06T01:51:42.360+0000] {processor.py:186} INFO - Started process (PID=24237) to work on /home/airflow/.local/lib/python3.12/site-packages/airflow/example_dags/example_xcomargs.py
[2024-10-06T01:51:42.361+0000] {processor.py:914} INFO - Processing file /home/airflow/.local/lib/python3.12/site-packages/airflow/example_dags/example_xcomargs.py for tasks to queue
[2024-10-06T01:51:42.362+0000] {logging_mixin.py:190} INFO - [2024-10-06T01:51:42.362+0000] {dagbag.py:587} INFO - Filling up the DagBag from /home/airflow/.local/lib/python3.12/site-packages/airflow/example_dags/example_xcomargs.py
[2024-10-06T01:51:42.369+0000] {processor.py:925} INFO - DAG(s) 'example_xcom_args', 'example_xcom_args_with_operators' retrieved from /home/airflow/.local/lib/python3.12/site-packages/airflow/example_dags/example_xcomargs.py
[2024-10-06T01:51:42.383+0000] {logging_mixin.py:190} INFO - [2024-10-06T01:51:42.383+0000] {dag.py:3229} INFO - Sync 2 DAGs
[2024-10-06T01:51:42.395+0000] {logging_mixin.py:190} INFO - [2024-10-06T01:51:42.394+0000] {dag.py:4156} INFO - Setting next_dagrun for example_xcom_args to None, run_after=None
[2024-10-06T01:51:42.397+0000] {logging_mixin.py:190} INFO - [2024-10-06T01:51:42.396+0000] {dag.py:4156} INFO - Setting next_dagrun for example_xcom_args_with_operators to None, run_after=None
[2024-10-06T01:51:42.405+0000] {processor.py:208} INFO - Processing /home/airflow/.local/lib/python3.12/site-packages/airflow/example_dags/example_xcomargs.py took 0.053 seconds
[2024-10-06T02:42:32.296+0000] {processor.py:186} INFO - Started process (PID=24306) to work on /home/airflow/.local/lib/python3.12/site-packages/airflow/example_dags/example_xcomargs.py
[2024-10-06T02:42:32.299+0000] {processor.py:914} INFO - Processing file /home/airflow/.local/lib/python3.12/site-packages/airflow/example_dags/example_xcomargs.py for tasks to queue
[2024-10-06T02:42:32.299+0000] {logging_mixin.py:190} INFO - [2024-10-06T02:42:32.299+0000] {dagbag.py:587} INFO - Filling up the DagBag from /home/airflow/.local/lib/python3.12/site-packages/airflow/example_dags/example_xcomargs.py
[2024-10-06T02:42:32.307+0000] {processor.py:925} INFO - DAG(s) 'example_xcom_args_with_operators', 'example_xcom_args' retrieved from /home/airflow/.local/lib/python3.12/site-packages/airflow/example_dags/example_xcomargs.py
[2024-10-06T02:42:32.323+0000] {logging_mixin.py:190} INFO - [2024-10-06T02:42:32.323+0000] {dag.py:3229} INFO - Sync 2 DAGs
[2024-10-06T02:42:32.330+0000] {logging_mixin.py:190} INFO - [2024-10-06T02:42:32.330+0000] {dag.py:4156} INFO - Setting next_dagrun for example_xcom_args to None, run_after=None
[2024-10-06T02:42:32.332+0000] {logging_mixin.py:190} INFO - [2024-10-06T02:42:32.332+0000] {dag.py:4156} INFO - Setting next_dagrun for example_xcom_args_with_operators to None, run_after=None
[2024-10-06T02:42:32.340+0000] {processor.py:208} INFO - Processing /home/airflow/.local/lib/python3.12/site-packages/airflow/example_dags/example_xcomargs.py took 0.048 seconds
[2024-10-06T03:10:36.736+0000] {processor.py:186} INFO - Started process (PID=24376) to work on /home/airflow/.local/lib/python3.12/site-packages/airflow/example_dags/example_xcomargs.py
[2024-10-06T03:10:36.741+0000] {processor.py:914} INFO - Processing file /home/airflow/.local/lib/python3.12/site-packages/airflow/example_dags/example_xcomargs.py for tasks to queue
[2024-10-06T03:10:36.743+0000] {logging_mixin.py:190} INFO - [2024-10-06T03:10:36.742+0000] {dagbag.py:587} INFO - Filling up the DagBag from /home/airflow/.local/lib/python3.12/site-packages/airflow/example_dags/example_xcomargs.py
[2024-10-06T03:10:36.759+0000] {processor.py:925} INFO - DAG(s) 'example_xcom_args_with_operators', 'example_xcom_args' retrieved from /home/airflow/.local/lib/python3.12/site-packages/airflow/example_dags/example_xcomargs.py
[2024-10-06T03:10:36.778+0000] {logging_mixin.py:190} INFO - [2024-10-06T03:10:36.778+0000] {dag.py:3229} INFO - Sync 2 DAGs
[2024-10-06T03:10:36.800+0000] {logging_mixin.py:190} INFO - [2024-10-06T03:10:36.800+0000] {dag.py:4156} INFO - Setting next_dagrun for example_xcom_args to None, run_after=None
[2024-10-06T03:10:36.807+0000] {logging_mixin.py:190} INFO - [2024-10-06T03:10:36.807+0000] {dag.py:4156} INFO - Setting next_dagrun for example_xcom_args_with_operators to None, run_after=None
[2024-10-06T03:10:36.822+0000] {processor.py:208} INFO - Processing /home/airflow/.local/lib/python3.12/site-packages/airflow/example_dags/example_xcomargs.py took 0.097 seconds
[2024-10-06T03:53:53.982+0000] {processor.py:186} INFO - Started process (PID=24446) to work on /home/airflow/.local/lib/python3.12/site-packages/airflow/example_dags/example_xcomargs.py
[2024-10-06T03:53:53.987+0000] {processor.py:914} INFO - Processing file /home/airflow/.local/lib/python3.12/site-packages/airflow/example_dags/example_xcomargs.py for tasks to queue
[2024-10-06T03:53:53.988+0000] {logging_mixin.py:190} INFO - [2024-10-06T03:53:53.987+0000] {dagbag.py:587} INFO - Filling up the DagBag from /home/airflow/.local/lib/python3.12/site-packages/airflow/example_dags/example_xcomargs.py
[2024-10-06T03:53:53.995+0000] {processor.py:925} INFO - DAG(s) 'example_xcom_args_with_operators', 'example_xcom_args' retrieved from /home/airflow/.local/lib/python3.12/site-packages/airflow/example_dags/example_xcomargs.py
[2024-10-06T03:53:54.009+0000] {logging_mixin.py:190} INFO - [2024-10-06T03:53:54.009+0000] {dag.py:3229} INFO - Sync 2 DAGs
[2024-10-06T03:53:54.017+0000] {logging_mixin.py:190} INFO - [2024-10-06T03:53:54.017+0000] {dag.py:4156} INFO - Setting next_dagrun for example_xcom_args to None, run_after=None
[2024-10-06T03:53:54.021+0000] {logging_mixin.py:190} INFO - [2024-10-06T03:53:54.020+0000] {dag.py:4156} INFO - Setting next_dagrun for example_xcom_args_with_operators to None, run_after=None
[2024-10-06T03:53:54.037+0000] {processor.py:208} INFO - Processing /home/airflow/.local/lib/python3.12/site-packages/airflow/example_dags/example_xcomargs.py took 0.058 seconds
[2024-10-06T04:44:16.405+0000] {processor.py:186} INFO - Started process (PID=24516) to work on /home/airflow/.local/lib/python3.12/site-packages/airflow/example_dags/example_xcomargs.py
[2024-10-06T04:44:16.406+0000] {processor.py:914} INFO - Processing file /home/airflow/.local/lib/python3.12/site-packages/airflow/example_dags/example_xcomargs.py for tasks to queue
[2024-10-06T04:44:16.406+0000] {logging_mixin.py:190} INFO - [2024-10-06T04:44:16.406+0000] {dagbag.py:587} INFO - Filling up the DagBag from /home/airflow/.local/lib/python3.12/site-packages/airflow/example_dags/example_xcomargs.py
[2024-10-06T04:44:16.412+0000] {processor.py:925} INFO - DAG(s) 'example_xcom_args_with_operators', 'example_xcom_args' retrieved from /home/airflow/.local/lib/python3.12/site-packages/airflow/example_dags/example_xcomargs.py
[2024-10-06T04:44:16.427+0000] {logging_mixin.py:190} INFO - [2024-10-06T04:44:16.427+0000] {dag.py:3229} INFO - Sync 2 DAGs
[2024-10-06T04:44:16.449+0000] {logging_mixin.py:190} INFO - [2024-10-06T04:44:16.449+0000] {dag.py:4156} INFO - Setting next_dagrun for example_xcom_args to None, run_after=None
[2024-10-06T04:44:16.454+0000] {logging_mixin.py:190} INFO - [2024-10-06T04:44:16.454+0000] {dag.py:4156} INFO - Setting next_dagrun for example_xcom_args_with_operators to None, run_after=None
[2024-10-06T04:44:16.465+0000] {processor.py:208} INFO - Processing /home/airflow/.local/lib/python3.12/site-packages/airflow/example_dags/example_xcomargs.py took 0.064 seconds
[2024-10-06T05:45:10.849+0000] {processor.py:186} INFO - Started process (PID=24586) to work on /home/airflow/.local/lib/python3.12/site-packages/airflow/example_dags/example_xcomargs.py
[2024-10-06T05:45:10.850+0000] {processor.py:914} INFO - Processing file /home/airflow/.local/lib/python3.12/site-packages/airflow/example_dags/example_xcomargs.py for tasks to queue
[2024-10-06T05:45:10.850+0000] {logging_mixin.py:190} INFO - [2024-10-06T05:45:10.850+0000] {dagbag.py:587} INFO - Filling up the DagBag from /home/airflow/.local/lib/python3.12/site-packages/airflow/example_dags/example_xcomargs.py
[2024-10-06T05:45:10.855+0000] {processor.py:925} INFO - DAG(s) 'example_xcom_args', 'example_xcom_args_with_operators' retrieved from /home/airflow/.local/lib/python3.12/site-packages/airflow/example_dags/example_xcomargs.py
[2024-10-06T05:45:10.865+0000] {logging_mixin.py:190} INFO - [2024-10-06T05:45:10.865+0000] {dag.py:3229} INFO - Sync 2 DAGs
[2024-10-06T05:45:10.871+0000] {logging_mixin.py:190} INFO - [2024-10-06T05:45:10.871+0000] {dag.py:4156} INFO - Setting next_dagrun for example_xcom_args to None, run_after=None
[2024-10-06T05:45:10.873+0000] {logging_mixin.py:190} INFO - [2024-10-06T05:45:10.873+0000] {dag.py:4156} INFO - Setting next_dagrun for example_xcom_args_with_operators to None, run_after=None
[2024-10-06T05:45:10.879+0000] {processor.py:208} INFO - Processing /home/airflow/.local/lib/python3.12/site-packages/airflow/example_dags/example_xcomargs.py took 0.032 seconds
[2024-10-06T06:27:11.432+0000] {processor.py:186} INFO - Started process (PID=24656) to work on /home/airflow/.local/lib/python3.12/site-packages/airflow/example_dags/example_xcomargs.py
[2024-10-06T06:27:11.433+0000] {processor.py:914} INFO - Processing file /home/airflow/.local/lib/python3.12/site-packages/airflow/example_dags/example_xcomargs.py for tasks to queue
[2024-10-06T06:27:11.435+0000] {logging_mixin.py:190} INFO - [2024-10-06T06:27:11.434+0000] {dagbag.py:587} INFO - Filling up the DagBag from /home/airflow/.local/lib/python3.12/site-packages/airflow/example_dags/example_xcomargs.py
[2024-10-06T06:27:11.446+0000] {processor.py:925} INFO - DAG(s) 'example_xcom_args_with_operators', 'example_xcom_args' retrieved from /home/airflow/.local/lib/python3.12/site-packages/airflow/example_dags/example_xcomargs.py
[2024-10-06T06:27:11.463+0000] {logging_mixin.py:190} INFO - [2024-10-06T06:27:11.463+0000] {dag.py:3229} INFO - Sync 2 DAGs
[2024-10-06T06:27:11.472+0000] {logging_mixin.py:190} INFO - [2024-10-06T06:27:11.472+0000] {dag.py:4156} INFO - Setting next_dagrun for example_xcom_args to None, run_after=None
[2024-10-06T06:27:11.474+0000] {logging_mixin.py:190} INFO - [2024-10-06T06:27:11.474+0000] {dag.py:4156} INFO - Setting next_dagrun for example_xcom_args_with_operators to None, run_after=None
[2024-10-06T06:27:11.483+0000] {processor.py:208} INFO - Processing /home/airflow/.local/lib/python3.12/site-packages/airflow/example_dags/example_xcomargs.py took 0.055 seconds
[2024-10-06T06:56:40.067+0000] {processor.py:186} INFO - Started process (PID=24726) to work on /home/airflow/.local/lib/python3.12/site-packages/airflow/example_dags/example_xcomargs.py
[2024-10-06T06:56:40.068+0000] {processor.py:914} INFO - Processing file /home/airflow/.local/lib/python3.12/site-packages/airflow/example_dags/example_xcomargs.py for tasks to queue
[2024-10-06T06:56:40.069+0000] {logging_mixin.py:190} INFO - [2024-10-06T06:56:40.068+0000] {dagbag.py:587} INFO - Filling up the DagBag from /home/airflow/.local/lib/python3.12/site-packages/airflow/example_dags/example_xcomargs.py
[2024-10-06T06:56:40.075+0000] {processor.py:925} INFO - DAG(s) 'example_xcom_args', 'example_xcom_args_with_operators' retrieved from /home/airflow/.local/lib/python3.12/site-packages/airflow/example_dags/example_xcomargs.py
[2024-10-06T06:56:40.087+0000] {logging_mixin.py:190} INFO - [2024-10-06T06:56:40.086+0000] {dag.py:3229} INFO - Sync 2 DAGs
[2024-10-06T06:56:40.096+0000] {logging_mixin.py:190} INFO - [2024-10-06T06:56:40.096+0000] {dag.py:4156} INFO - Setting next_dagrun for example_xcom_args to None, run_after=None
[2024-10-06T06:56:40.098+0000] {logging_mixin.py:190} INFO - [2024-10-06T06:56:40.098+0000] {dag.py:4156} INFO - Setting next_dagrun for example_xcom_args_with_operators to None, run_after=None
[2024-10-06T06:56:40.108+0000] {processor.py:208} INFO - Processing /home/airflow/.local/lib/python3.12/site-packages/airflow/example_dags/example_xcomargs.py took 0.045 seconds
[2024-10-06T07:29:04.139+0000] {processor.py:186} INFO - Started process (PID=24796) to work on /home/airflow/.local/lib/python3.12/site-packages/airflow/example_dags/example_xcomargs.py
[2024-10-06T07:29:04.140+0000] {processor.py:914} INFO - Processing file /home/airflow/.local/lib/python3.12/site-packages/airflow/example_dags/example_xcomargs.py for tasks to queue
[2024-10-06T07:29:04.141+0000] {logging_mixin.py:190} INFO - [2024-10-06T07:29:04.141+0000] {dagbag.py:587} INFO - Filling up the DagBag from /home/airflow/.local/lib/python3.12/site-packages/airflow/example_dags/example_xcomargs.py
[2024-10-06T07:29:04.148+0000] {processor.py:925} INFO - DAG(s) 'example_xcom_args_with_operators', 'example_xcom_args' retrieved from /home/airflow/.local/lib/python3.12/site-packages/airflow/example_dags/example_xcomargs.py
[2024-10-06T07:29:04.169+0000] {logging_mixin.py:190} INFO - [2024-10-06T07:29:04.168+0000] {dag.py:3229} INFO - Sync 2 DAGs
[2024-10-06T07:29:04.180+0000] {logging_mixin.py:190} INFO - [2024-10-06T07:29:04.180+0000] {dag.py:4156} INFO - Setting next_dagrun for example_xcom_args to None, run_after=None
[2024-10-06T07:29:04.184+0000] {logging_mixin.py:190} INFO - [2024-10-06T07:29:04.184+0000] {dag.py:4156} INFO - Setting next_dagrun for example_xcom_args_with_operators to None, run_after=None
[2024-10-06T07:29:04.194+0000] {processor.py:208} INFO - Processing /home/airflow/.local/lib/python3.12/site-packages/airflow/example_dags/example_xcomargs.py took 0.059 seconds
[2024-10-06T07:57:57.815+0000] {processor.py:186} INFO - Started process (PID=24866) to work on /home/airflow/.local/lib/python3.12/site-packages/airflow/example_dags/example_xcomargs.py
[2024-10-06T07:57:57.816+0000] {processor.py:914} INFO - Processing file /home/airflow/.local/lib/python3.12/site-packages/airflow/example_dags/example_xcomargs.py for tasks to queue
[2024-10-06T07:57:57.817+0000] {logging_mixin.py:190} INFO - [2024-10-06T07:57:57.817+0000] {dagbag.py:587} INFO - Filling up the DagBag from /home/airflow/.local/lib/python3.12/site-packages/airflow/example_dags/example_xcomargs.py
[2024-10-06T07:57:57.824+0000] {processor.py:925} INFO - DAG(s) 'example_xcom_args', 'example_xcom_args_with_operators' retrieved from /home/airflow/.local/lib/python3.12/site-packages/airflow/example_dags/example_xcomargs.py
[2024-10-06T07:57:57.838+0000] {logging_mixin.py:190} INFO - [2024-10-06T07:57:57.838+0000] {dag.py:3229} INFO - Sync 2 DAGs
[2024-10-06T07:57:57.845+0000] {logging_mixin.py:190} INFO - [2024-10-06T07:57:57.845+0000] {dag.py:4156} INFO - Setting next_dagrun for example_xcom_args to None, run_after=None
[2024-10-06T07:57:57.847+0000] {logging_mixin.py:190} INFO - [2024-10-06T07:57:57.847+0000] {dag.py:4156} INFO - Setting next_dagrun for example_xcom_args_with_operators to None, run_after=None
[2024-10-06T07:57:57.853+0000] {processor.py:208} INFO - Processing /home/airflow/.local/lib/python3.12/site-packages/airflow/example_dags/example_xcomargs.py took 0.040 seconds
[2024-10-06T08:02:59.691+0000] {processor.py:186} INFO - Started process (PID=24936) to work on /home/airflow/.local/lib/python3.12/site-packages/airflow/example_dags/example_xcomargs.py
[2024-10-06T08:02:59.692+0000] {processor.py:914} INFO - Processing file /home/airflow/.local/lib/python3.12/site-packages/airflow/example_dags/example_xcomargs.py for tasks to queue
[2024-10-06T08:02:59.693+0000] {logging_mixin.py:190} INFO - [2024-10-06T08:02:59.693+0000] {dagbag.py:587} INFO - Filling up the DagBag from /home/airflow/.local/lib/python3.12/site-packages/airflow/example_dags/example_xcomargs.py
[2024-10-06T08:02:59.700+0000] {processor.py:925} INFO - DAG(s) 'example_xcom_args', 'example_xcom_args_with_operators' retrieved from /home/airflow/.local/lib/python3.12/site-packages/airflow/example_dags/example_xcomargs.py
[2024-10-06T08:02:59.721+0000] {logging_mixin.py:190} INFO - [2024-10-06T08:02:59.720+0000] {dag.py:3229} INFO - Sync 2 DAGs
[2024-10-06T08:02:59.728+0000] {logging_mixin.py:190} INFO - [2024-10-06T08:02:59.728+0000] {dag.py:4156} INFO - Setting next_dagrun for example_xcom_args to None, run_after=None
[2024-10-06T08:02:59.730+0000] {logging_mixin.py:190} INFO - [2024-10-06T08:02:59.730+0000] {dag.py:4156} INFO - Setting next_dagrun for example_xcom_args_with_operators to None, run_after=None
[2024-10-06T08:02:59.739+0000] {processor.py:208} INFO - Processing /home/airflow/.local/lib/python3.12/site-packages/airflow/example_dags/example_xcomargs.py took 0.051 seconds
[2024-10-06T08:03:30.710+0000] {processor.py:186} INFO - Started process (PID=25006) to work on /home/airflow/.local/lib/python3.12/site-packages/airflow/example_dags/example_xcomargs.py
[2024-10-06T08:03:30.712+0000] {processor.py:914} INFO - Processing file /home/airflow/.local/lib/python3.12/site-packages/airflow/example_dags/example_xcomargs.py for tasks to queue
[2024-10-06T08:03:30.713+0000] {logging_mixin.py:190} INFO - [2024-10-06T08:03:30.713+0000] {dagbag.py:587} INFO - Filling up the DagBag from /home/airflow/.local/lib/python3.12/site-packages/airflow/example_dags/example_xcomargs.py
[2024-10-06T08:03:30.723+0000] {processor.py:925} INFO - DAG(s) 'example_xcom_args_with_operators', 'example_xcom_args' retrieved from /home/airflow/.local/lib/python3.12/site-packages/airflow/example_dags/example_xcomargs.py
[2024-10-06T08:03:30.755+0000] {logging_mixin.py:190} INFO - [2024-10-06T08:03:30.755+0000] {dag.py:3229} INFO - Sync 2 DAGs
[2024-10-06T08:03:30.770+0000] {logging_mixin.py:190} INFO - [2024-10-06T08:03:30.770+0000] {dag.py:4156} INFO - Setting next_dagrun for example_xcom_args to None, run_after=None
[2024-10-06T08:03:30.775+0000] {logging_mixin.py:190} INFO - [2024-10-06T08:03:30.774+0000] {dag.py:4156} INFO - Setting next_dagrun for example_xcom_args_with_operators to None, run_after=None
[2024-10-06T08:03:30.785+0000] {processor.py:208} INFO - Processing /home/airflow/.local/lib/python3.12/site-packages/airflow/example_dags/example_xcomargs.py took 0.082 seconds
[2024-10-06T09:43:48.970+0000] {processor.py:186} INFO - Started process (PID=25076) to work on /home/airflow/.local/lib/python3.12/site-packages/airflow/example_dags/example_xcomargs.py
[2024-10-06T09:43:48.971+0000] {processor.py:914} INFO - Processing file /home/airflow/.local/lib/python3.12/site-packages/airflow/example_dags/example_xcomargs.py for tasks to queue
[2024-10-06T09:43:48.972+0000] {logging_mixin.py:190} INFO - [2024-10-06T09:43:48.972+0000] {dagbag.py:587} INFO - Filling up the DagBag from /home/airflow/.local/lib/python3.12/site-packages/airflow/example_dags/example_xcomargs.py
[2024-10-06T09:43:48.980+0000] {processor.py:925} INFO - DAG(s) 'example_xcom_args', 'example_xcom_args_with_operators' retrieved from /home/airflow/.local/lib/python3.12/site-packages/airflow/example_dags/example_xcomargs.py
[2024-10-06T09:43:48.994+0000] {logging_mixin.py:190} INFO - [2024-10-06T09:43:48.993+0000] {dag.py:3229} INFO - Sync 2 DAGs
[2024-10-06T09:43:49.002+0000] {logging_mixin.py:190} INFO - [2024-10-06T09:43:49.001+0000] {dag.py:4156} INFO - Setting next_dagrun for example_xcom_args to None, run_after=None
[2024-10-06T09:43:49.003+0000] {logging_mixin.py:190} INFO - [2024-10-06T09:43:49.003+0000] {dag.py:4156} INFO - Setting next_dagrun for example_xcom_args_with_operators to None, run_after=None
[2024-10-06T09:43:49.013+0000] {processor.py:208} INFO - Processing /home/airflow/.local/lib/python3.12/site-packages/airflow/example_dags/example_xcomargs.py took 0.049 seconds
[2024-10-06T10:16:43.680+0000] {processor.py:186} INFO - Started process (PID=25145) to work on /home/airflow/.local/lib/python3.12/site-packages/airflow/example_dags/example_xcomargs.py
[2024-10-06T10:16:43.685+0000] {processor.py:914} INFO - Processing file /home/airflow/.local/lib/python3.12/site-packages/airflow/example_dags/example_xcomargs.py for tasks to queue
[2024-10-06T10:16:43.688+0000] {logging_mixin.py:190} INFO - [2024-10-06T10:16:43.687+0000] {dagbag.py:587} INFO - Filling up the DagBag from /home/airflow/.local/lib/python3.12/site-packages/airflow/example_dags/example_xcomargs.py
[2024-10-06T10:16:43.714+0000] {processor.py:925} INFO - DAG(s) 'example_xcom_args_with_operators', 'example_xcom_args' retrieved from /home/airflow/.local/lib/python3.12/site-packages/airflow/example_dags/example_xcomargs.py
[2024-10-06T10:16:43.889+0000] {logging_mixin.py:190} INFO - [2024-10-06T10:16:43.889+0000] {dag.py:3229} INFO - Sync 2 DAGs
[2024-10-06T10:16:43.926+0000] {logging_mixin.py:190} INFO - [2024-10-06T10:16:43.925+0000] {dag.py:4156} INFO - Setting next_dagrun for example_xcom_args to None, run_after=None
[2024-10-06T10:16:43.931+0000] {logging_mixin.py:190} INFO - [2024-10-06T10:16:43.931+0000] {dag.py:4156} INFO - Setting next_dagrun for example_xcom_args_with_operators to None, run_after=None
[2024-10-06T10:16:43.959+0000] {processor.py:208} INFO - Processing /home/airflow/.local/lib/python3.12/site-packages/airflow/example_dags/example_xcomargs.py took 0.290 seconds
[2024-10-06T11:20:56.305+0000] {processor.py:186} INFO - Started process (PID=25215) to work on /home/airflow/.local/lib/python3.12/site-packages/airflow/example_dags/example_xcomargs.py
[2024-10-06T11:20:56.305+0000] {processor.py:914} INFO - Processing file /home/airflow/.local/lib/python3.12/site-packages/airflow/example_dags/example_xcomargs.py for tasks to queue
[2024-10-06T11:20:56.306+0000] {logging_mixin.py:190} INFO - [2024-10-06T11:20:56.306+0000] {dagbag.py:587} INFO - Filling up the DagBag from /home/airflow/.local/lib/python3.12/site-packages/airflow/example_dags/example_xcomargs.py
[2024-10-06T11:20:56.313+0000] {processor.py:925} INFO - DAG(s) 'example_xcom_args', 'example_xcom_args_with_operators' retrieved from /home/airflow/.local/lib/python3.12/site-packages/airflow/example_dags/example_xcomargs.py
[2024-10-06T11:20:56.338+0000] {logging_mixin.py:190} INFO - [2024-10-06T11:20:56.338+0000] {dag.py:3229} INFO - Sync 2 DAGs
[2024-10-06T11:20:56.347+0000] {logging_mixin.py:190} INFO - [2024-10-06T11:20:56.347+0000] {dag.py:4156} INFO - Setting next_dagrun for example_xcom_args to None, run_after=None
[2024-10-06T11:20:56.351+0000] {logging_mixin.py:190} INFO - [2024-10-06T11:20:56.351+0000] {dag.py:4156} INFO - Setting next_dagrun for example_xcom_args_with_operators to None, run_after=None
[2024-10-06T11:20:56.361+0000] {processor.py:208} INFO - Processing /home/airflow/.local/lib/python3.12/site-packages/airflow/example_dags/example_xcomargs.py took 0.060 seconds
[2024-10-06T13:00:04.886+0000] {processor.py:186} INFO - Started process (PID=25285) to work on /home/airflow/.local/lib/python3.12/site-packages/airflow/example_dags/example_xcomargs.py
[2024-10-06T13:00:04.887+0000] {processor.py:914} INFO - Processing file /home/airflow/.local/lib/python3.12/site-packages/airflow/example_dags/example_xcomargs.py for tasks to queue
[2024-10-06T13:00:04.887+0000] {logging_mixin.py:190} INFO - [2024-10-06T13:00:04.887+0000] {dagbag.py:587} INFO - Filling up the DagBag from /home/airflow/.local/lib/python3.12/site-packages/airflow/example_dags/example_xcomargs.py
[2024-10-06T13:00:04.893+0000] {processor.py:925} INFO - DAG(s) 'example_xcom_args_with_operators', 'example_xcom_args' retrieved from /home/airflow/.local/lib/python3.12/site-packages/airflow/example_dags/example_xcomargs.py
[2024-10-06T13:00:04.908+0000] {logging_mixin.py:190} INFO - [2024-10-06T13:00:04.908+0000] {dag.py:3229} INFO - Sync 2 DAGs
[2024-10-06T13:00:04.916+0000] {logging_mixin.py:190} INFO - [2024-10-06T13:00:04.916+0000] {dag.py:4156} INFO - Setting next_dagrun for example_xcom_args to None, run_after=None
[2024-10-06T13:00:04.920+0000] {logging_mixin.py:190} INFO - [2024-10-06T13:00:04.920+0000] {dag.py:4156} INFO - Setting next_dagrun for example_xcom_args_with_operators to None, run_after=None
[2024-10-06T13:00:04.930+0000] {processor.py:208} INFO - Processing /home/airflow/.local/lib/python3.12/site-packages/airflow/example_dags/example_xcomargs.py took 0.047 seconds
[2024-10-06T13:48:16.209+0000] {processor.py:186} INFO - Started process (PID=25355) to work on /home/airflow/.local/lib/python3.12/site-packages/airflow/example_dags/example_xcomargs.py
[2024-10-06T13:48:16.211+0000] {processor.py:914} INFO - Processing file /home/airflow/.local/lib/python3.12/site-packages/airflow/example_dags/example_xcomargs.py for tasks to queue
[2024-10-06T13:48:16.211+0000] {logging_mixin.py:190} INFO - [2024-10-06T13:48:16.211+0000] {dagbag.py:587} INFO - Filling up the DagBag from /home/airflow/.local/lib/python3.12/site-packages/airflow/example_dags/example_xcomargs.py
[2024-10-06T13:48:16.217+0000] {processor.py:925} INFO - DAG(s) 'example_xcom_args_with_operators', 'example_xcom_args' retrieved from /home/airflow/.local/lib/python3.12/site-packages/airflow/example_dags/example_xcomargs.py
[2024-10-06T13:48:16.229+0000] {logging_mixin.py:190} INFO - [2024-10-06T13:48:16.228+0000] {dag.py:3229} INFO - Sync 2 DAGs
[2024-10-06T13:48:16.237+0000] {logging_mixin.py:190} INFO - [2024-10-06T13:48:16.237+0000] {dag.py:4156} INFO - Setting next_dagrun for example_xcom_args to None, run_after=None
[2024-10-06T13:48:16.240+0000] {logging_mixin.py:190} INFO - [2024-10-06T13:48:16.240+0000] {dag.py:4156} INFO - Setting next_dagrun for example_xcom_args_with_operators to None, run_after=None
[2024-10-06T13:48:16.249+0000] {processor.py:208} INFO - Processing /home/airflow/.local/lib/python3.12/site-packages/airflow/example_dags/example_xcomargs.py took 0.043 seconds
[2024-10-06T13:55:51.774+0000] {processor.py:186} INFO - Started process (PID=25425) to work on /home/airflow/.local/lib/python3.12/site-packages/airflow/example_dags/example_xcomargs.py
[2024-10-06T13:55:51.776+0000] {processor.py:914} INFO - Processing file /home/airflow/.local/lib/python3.12/site-packages/airflow/example_dags/example_xcomargs.py for tasks to queue
[2024-10-06T13:55:51.776+0000] {logging_mixin.py:190} INFO - [2024-10-06T13:55:51.776+0000] {dagbag.py:587} INFO - Filling up the DagBag from /home/airflow/.local/lib/python3.12/site-packages/airflow/example_dags/example_xcomargs.py
[2024-10-06T13:55:51.782+0000] {processor.py:925} INFO - DAG(s) 'example_xcom_args_with_operators', 'example_xcom_args' retrieved from /home/airflow/.local/lib/python3.12/site-packages/airflow/example_dags/example_xcomargs.py
[2024-10-06T13:55:51.802+0000] {logging_mixin.py:190} INFO - [2024-10-06T13:55:51.802+0000] {dag.py:3229} INFO - Sync 2 DAGs
[2024-10-06T13:55:51.812+0000] {logging_mixin.py:190} INFO - [2024-10-06T13:55:51.812+0000] {dag.py:4156} INFO - Setting next_dagrun for example_xcom_args to None, run_after=None
[2024-10-06T13:55:51.817+0000] {logging_mixin.py:190} INFO - [2024-10-06T13:55:51.817+0000] {dag.py:4156} INFO - Setting next_dagrun for example_xcom_args_with_operators to None, run_after=None
[2024-10-06T13:55:51.826+0000] {processor.py:208} INFO - Processing /home/airflow/.local/lib/python3.12/site-packages/airflow/example_dags/example_xcomargs.py took 0.056 seconds
[2024-10-06T14:56:49.972+0000] {processor.py:186} INFO - Started process (PID=25495) to work on /home/airflow/.local/lib/python3.12/site-packages/airflow/example_dags/example_xcomargs.py
[2024-10-06T14:56:49.979+0000] {processor.py:914} INFO - Processing file /home/airflow/.local/lib/python3.12/site-packages/airflow/example_dags/example_xcomargs.py for tasks to queue
[2024-10-06T14:56:49.981+0000] {logging_mixin.py:190} INFO - [2024-10-06T14:56:49.981+0000] {dagbag.py:587} INFO - Filling up the DagBag from /home/airflow/.local/lib/python3.12/site-packages/airflow/example_dags/example_xcomargs.py
[2024-10-06T14:56:50.118+0000] {processor.py:925} INFO - DAG(s) 'example_xcom_args_with_operators', 'example_xcom_args' retrieved from /home/airflow/.local/lib/python3.12/site-packages/airflow/example_dags/example_xcomargs.py
[2024-10-06T14:56:50.192+0000] {logging_mixin.py:190} INFO - [2024-10-06T14:56:50.191+0000] {dag.py:3229} INFO - Sync 2 DAGs
[2024-10-06T14:56:50.223+0000] {logging_mixin.py:190} INFO - [2024-10-06T14:56:50.223+0000] {dag.py:4156} INFO - Setting next_dagrun for example_xcom_args to None, run_after=None
[2024-10-06T14:56:50.237+0000] {logging_mixin.py:190} INFO - [2024-10-06T14:56:50.236+0000] {dag.py:4156} INFO - Setting next_dagrun for example_xcom_args_with_operators to None, run_after=None
[2024-10-06T14:56:50.264+0000] {processor.py:208} INFO - Processing /home/airflow/.local/lib/python3.12/site-packages/airflow/example_dags/example_xcomargs.py took 0.347 seconds
[2024-10-06T15:41:29.116+0000] {processor.py:186} INFO - Started process (PID=25565) to work on /home/airflow/.local/lib/python3.12/site-packages/airflow/example_dags/example_xcomargs.py
[2024-10-06T15:41:29.116+0000] {processor.py:914} INFO - Processing file /home/airflow/.local/lib/python3.12/site-packages/airflow/example_dags/example_xcomargs.py for tasks to queue
[2024-10-06T15:41:29.117+0000] {logging_mixin.py:190} INFO - [2024-10-06T15:41:29.117+0000] {dagbag.py:587} INFO - Filling up the DagBag from /home/airflow/.local/lib/python3.12/site-packages/airflow/example_dags/example_xcomargs.py
[2024-10-06T15:41:29.125+0000] {processor.py:925} INFO - DAG(s) 'example_xcom_args_with_operators', 'example_xcom_args' retrieved from /home/airflow/.local/lib/python3.12/site-packages/airflow/example_dags/example_xcomargs.py
[2024-10-06T15:41:29.153+0000] {logging_mixin.py:190} INFO - [2024-10-06T15:41:29.153+0000] {dag.py:3229} INFO - Sync 2 DAGs
[2024-10-06T15:41:29.171+0000] {logging_mixin.py:190} INFO - [2024-10-06T15:41:29.171+0000] {dag.py:4156} INFO - Setting next_dagrun for example_xcom_args to None, run_after=None
[2024-10-06T15:41:29.184+0000] {logging_mixin.py:190} INFO - [2024-10-06T15:41:29.184+0000] {dag.py:4156} INFO - Setting next_dagrun for example_xcom_args_with_operators to None, run_after=None
[2024-10-06T15:41:29.201+0000] {processor.py:208} INFO - Processing /home/airflow/.local/lib/python3.12/site-packages/airflow/example_dags/example_xcomargs.py took 0.091 seconds
[2024-10-06T16:15:54.694+0000] {processor.py:186} INFO - Started process (PID=25635) to work on /home/airflow/.local/lib/python3.12/site-packages/airflow/example_dags/example_xcomargs.py
[2024-10-06T16:15:54.695+0000] {processor.py:914} INFO - Processing file /home/airflow/.local/lib/python3.12/site-packages/airflow/example_dags/example_xcomargs.py for tasks to queue
[2024-10-06T16:15:54.695+0000] {logging_mixin.py:190} INFO - [2024-10-06T16:15:54.695+0000] {dagbag.py:587} INFO - Filling up the DagBag from /home/airflow/.local/lib/python3.12/site-packages/airflow/example_dags/example_xcomargs.py
[2024-10-06T16:15:54.701+0000] {processor.py:925} INFO - DAG(s) 'example_xcom_args', 'example_xcom_args_with_operators' retrieved from /home/airflow/.local/lib/python3.12/site-packages/airflow/example_dags/example_xcomargs.py
[2024-10-06T16:15:54.712+0000] {logging_mixin.py:190} INFO - [2024-10-06T16:15:54.712+0000] {dag.py:3229} INFO - Sync 2 DAGs
[2024-10-06T16:15:54.722+0000] {logging_mixin.py:190} INFO - [2024-10-06T16:15:54.722+0000] {dag.py:4156} INFO - Setting next_dagrun for example_xcom_args to None, run_after=None
[2024-10-06T16:15:54.727+0000] {logging_mixin.py:190} INFO - [2024-10-06T16:15:54.727+0000] {dag.py:4156} INFO - Setting next_dagrun for example_xcom_args_with_operators to None, run_after=None
[2024-10-06T16:15:54.738+0000] {processor.py:208} INFO - Processing /home/airflow/.local/lib/python3.12/site-packages/airflow/example_dags/example_xcomargs.py took 0.048 seconds
[2024-10-06T16:58:35.556+0000] {processor.py:186} INFO - Started process (PID=25705) to work on /home/airflow/.local/lib/python3.12/site-packages/airflow/example_dags/example_xcomargs.py
[2024-10-06T16:58:35.557+0000] {processor.py:914} INFO - Processing file /home/airflow/.local/lib/python3.12/site-packages/airflow/example_dags/example_xcomargs.py for tasks to queue
[2024-10-06T16:58:35.558+0000] {logging_mixin.py:190} INFO - [2024-10-06T16:58:35.558+0000] {dagbag.py:587} INFO - Filling up the DagBag from /home/airflow/.local/lib/python3.12/site-packages/airflow/example_dags/example_xcomargs.py
[2024-10-06T16:58:35.568+0000] {processor.py:925} INFO - DAG(s) 'example_xcom_args', 'example_xcom_args_with_operators' retrieved from /home/airflow/.local/lib/python3.12/site-packages/airflow/example_dags/example_xcomargs.py
[2024-10-06T16:58:35.582+0000] {logging_mixin.py:190} INFO - [2024-10-06T16:58:35.582+0000] {dag.py:3229} INFO - Sync 2 DAGs
[2024-10-06T16:58:35.589+0000] {logging_mixin.py:190} INFO - [2024-10-06T16:58:35.589+0000] {dag.py:4156} INFO - Setting next_dagrun for example_xcom_args to None, run_after=None
[2024-10-06T16:58:35.591+0000] {logging_mixin.py:190} INFO - [2024-10-06T16:58:35.591+0000] {dag.py:4156} INFO - Setting next_dagrun for example_xcom_args_with_operators to None, run_after=None
[2024-10-06T16:58:35.597+0000] {processor.py:208} INFO - Processing /home/airflow/.local/lib/python3.12/site-packages/airflow/example_dags/example_xcomargs.py took 0.048 seconds
[2024-10-06T16:59:06.452+0000] {processor.py:186} INFO - Started process (PID=25775) to work on /home/airflow/.local/lib/python3.12/site-packages/airflow/example_dags/example_xcomargs.py
[2024-10-06T16:59:06.457+0000] {processor.py:914} INFO - Processing file /home/airflow/.local/lib/python3.12/site-packages/airflow/example_dags/example_xcomargs.py for tasks to queue
[2024-10-06T16:59:06.458+0000] {logging_mixin.py:190} INFO - [2024-10-06T16:59:06.458+0000] {dagbag.py:587} INFO - Filling up the DagBag from /home/airflow/.local/lib/python3.12/site-packages/airflow/example_dags/example_xcomargs.py
[2024-10-06T16:59:06.465+0000] {processor.py:925} INFO - DAG(s) 'example_xcom_args_with_operators', 'example_xcom_args' retrieved from /home/airflow/.local/lib/python3.12/site-packages/airflow/example_dags/example_xcomargs.py
[2024-10-06T16:59:06.490+0000] {logging_mixin.py:190} INFO - [2024-10-06T16:59:06.490+0000] {dag.py:3229} INFO - Sync 2 DAGs
[2024-10-06T16:59:06.499+0000] {logging_mixin.py:190} INFO - [2024-10-06T16:59:06.499+0000] {dag.py:4156} INFO - Setting next_dagrun for example_xcom_args to None, run_after=None
[2024-10-06T16:59:06.501+0000] {logging_mixin.py:190} INFO - [2024-10-06T16:59:06.501+0000] {dag.py:4156} INFO - Setting next_dagrun for example_xcom_args_with_operators to None, run_after=None
[2024-10-06T16:59:06.508+0000] {processor.py:208} INFO - Processing /home/airflow/.local/lib/python3.12/site-packages/airflow/example_dags/example_xcomargs.py took 0.062 seconds
[2024-10-06T17:59:32.648+0000] {processor.py:186} INFO - Started process (PID=25844) to work on /home/airflow/.local/lib/python3.12/site-packages/airflow/example_dags/example_xcomargs.py
[2024-10-06T17:59:32.650+0000] {processor.py:914} INFO - Processing file /home/airflow/.local/lib/python3.12/site-packages/airflow/example_dags/example_xcomargs.py for tasks to queue
[2024-10-06T17:59:32.653+0000] {logging_mixin.py:190} INFO - [2024-10-06T17:59:32.652+0000] {dagbag.py:587} INFO - Filling up the DagBag from /home/airflow/.local/lib/python3.12/site-packages/airflow/example_dags/example_xcomargs.py
[2024-10-06T17:59:32.659+0000] {processor.py:925} INFO - DAG(s) 'example_xcom_args', 'example_xcom_args_with_operators' retrieved from /home/airflow/.local/lib/python3.12/site-packages/airflow/example_dags/example_xcomargs.py
[2024-10-06T17:59:32.677+0000] {logging_mixin.py:190} INFO - [2024-10-06T17:59:32.677+0000] {dag.py:3229} INFO - Sync 2 DAGs
[2024-10-06T17:59:32.685+0000] {logging_mixin.py:190} INFO - [2024-10-06T17:59:32.685+0000] {dag.py:4156} INFO - Setting next_dagrun for example_xcom_args to None, run_after=None
[2024-10-06T17:59:32.687+0000] {logging_mixin.py:190} INFO - [2024-10-06T17:59:32.687+0000] {dag.py:4156} INFO - Setting next_dagrun for example_xcom_args_with_operators to None, run_after=None
[2024-10-06T17:59:32.699+0000] {processor.py:208} INFO - Processing /home/airflow/.local/lib/python3.12/site-packages/airflow/example_dags/example_xcomargs.py took 0.055 seconds
[2024-10-06T18:17:01.356+0000] {processor.py:186} INFO - Started process (PID=25914) to work on /home/airflow/.local/lib/python3.12/site-packages/airflow/example_dags/example_xcomargs.py
[2024-10-06T18:17:01.359+0000] {processor.py:914} INFO - Processing file /home/airflow/.local/lib/python3.12/site-packages/airflow/example_dags/example_xcomargs.py for tasks to queue
[2024-10-06T18:17:01.360+0000] {logging_mixin.py:190} INFO - [2024-10-06T18:17:01.360+0000] {dagbag.py:587} INFO - Filling up the DagBag from /home/airflow/.local/lib/python3.12/site-packages/airflow/example_dags/example_xcomargs.py
[2024-10-06T18:17:01.366+0000] {processor.py:925} INFO - DAG(s) 'example_xcom_args_with_operators', 'example_xcom_args' retrieved from /home/airflow/.local/lib/python3.12/site-packages/airflow/example_dags/example_xcomargs.py
[2024-10-06T18:17:01.403+0000] {logging_mixin.py:190} INFO - [2024-10-06T18:17:01.402+0000] {dag.py:3229} INFO - Sync 2 DAGs
[2024-10-06T18:17:01.411+0000] {logging_mixin.py:190} INFO - [2024-10-06T18:17:01.411+0000] {dag.py:4156} INFO - Setting next_dagrun for example_xcom_args to None, run_after=None
[2024-10-06T18:17:01.413+0000] {logging_mixin.py:190} INFO - [2024-10-06T18:17:01.413+0000] {dag.py:4156} INFO - Setting next_dagrun for example_xcom_args_with_operators to None, run_after=None
[2024-10-06T18:17:01.423+0000] {processor.py:208} INFO - Processing /home/airflow/.local/lib/python3.12/site-packages/airflow/example_dags/example_xcomargs.py took 0.071 seconds
[2024-10-06T18:49:49.857+0000] {processor.py:186} INFO - Started process (PID=25984) to work on /home/airflow/.local/lib/python3.12/site-packages/airflow/example_dags/example_xcomargs.py
[2024-10-06T18:49:49.858+0000] {processor.py:914} INFO - Processing file /home/airflow/.local/lib/python3.12/site-packages/airflow/example_dags/example_xcomargs.py for tasks to queue
[2024-10-06T18:49:49.858+0000] {logging_mixin.py:190} INFO - [2024-10-06T18:49:49.858+0000] {dagbag.py:587} INFO - Filling up the DagBag from /home/airflow/.local/lib/python3.12/site-packages/airflow/example_dags/example_xcomargs.py
[2024-10-06T18:49:49.864+0000] {processor.py:925} INFO - DAG(s) 'example_xcom_args', 'example_xcom_args_with_operators' retrieved from /home/airflow/.local/lib/python3.12/site-packages/airflow/example_dags/example_xcomargs.py
[2024-10-06T18:49:49.875+0000] {logging_mixin.py:190} INFO - [2024-10-06T18:49:49.875+0000] {dag.py:3229} INFO - Sync 2 DAGs
[2024-10-06T18:49:49.883+0000] {logging_mixin.py:190} INFO - [2024-10-06T18:49:49.883+0000] {dag.py:4156} INFO - Setting next_dagrun for example_xcom_args to None, run_after=None
[2024-10-06T18:49:49.887+0000] {logging_mixin.py:190} INFO - [2024-10-06T18:49:49.887+0000] {dag.py:4156} INFO - Setting next_dagrun for example_xcom_args_with_operators to None, run_after=None
[2024-10-06T18:49:49.898+0000] {processor.py:208} INFO - Processing /home/airflow/.local/lib/python3.12/site-packages/airflow/example_dags/example_xcomargs.py took 0.045 seconds
[2024-10-06T19:00:33.543+0000] {processor.py:186} INFO - Started process (PID=26054) to work on /home/airflow/.local/lib/python3.12/site-packages/airflow/example_dags/example_xcomargs.py
[2024-10-06T19:00:33.544+0000] {processor.py:914} INFO - Processing file /home/airflow/.local/lib/python3.12/site-packages/airflow/example_dags/example_xcomargs.py for tasks to queue
[2024-10-06T19:00:33.547+0000] {logging_mixin.py:190} INFO - [2024-10-06T19:00:33.547+0000] {dagbag.py:587} INFO - Filling up the DagBag from /home/airflow/.local/lib/python3.12/site-packages/airflow/example_dags/example_xcomargs.py
[2024-10-06T19:00:33.553+0000] {processor.py:925} INFO - DAG(s) 'example_xcom_args', 'example_xcom_args_with_operators' retrieved from /home/airflow/.local/lib/python3.12/site-packages/airflow/example_dags/example_xcomargs.py
[2024-10-06T19:00:33.567+0000] {logging_mixin.py:190} INFO - [2024-10-06T19:00:33.567+0000] {dag.py:3229} INFO - Sync 2 DAGs
[2024-10-06T19:00:33.576+0000] {logging_mixin.py:190} INFO - [2024-10-06T19:00:33.576+0000] {dag.py:4156} INFO - Setting next_dagrun for example_xcom_args to None, run_after=None
[2024-10-06T19:00:33.578+0000] {logging_mixin.py:190} INFO - [2024-10-06T19:00:33.578+0000] {dag.py:4156} INFO - Setting next_dagrun for example_xcom_args_with_operators to None, run_after=None
[2024-10-06T19:00:33.585+0000] {processor.py:208} INFO - Processing /home/airflow/.local/lib/python3.12/site-packages/airflow/example_dags/example_xcomargs.py took 0.045 seconds
[2024-10-06T19:16:46.225+0000] {processor.py:186} INFO - Started process (PID=26124) to work on /home/airflow/.local/lib/python3.12/site-packages/airflow/example_dags/example_xcomargs.py
[2024-10-06T19:16:46.232+0000] {processor.py:914} INFO - Processing file /home/airflow/.local/lib/python3.12/site-packages/airflow/example_dags/example_xcomargs.py for tasks to queue
[2024-10-06T19:16:46.233+0000] {logging_mixin.py:190} INFO - [2024-10-06T19:16:46.233+0000] {dagbag.py:587} INFO - Filling up the DagBag from /home/airflow/.local/lib/python3.12/site-packages/airflow/example_dags/example_xcomargs.py
[2024-10-06T19:16:46.241+0000] {processor.py:925} INFO - DAG(s) 'example_xcom_args_with_operators', 'example_xcom_args' retrieved from /home/airflow/.local/lib/python3.12/site-packages/airflow/example_dags/example_xcomargs.py
[2024-10-06T19:16:46.268+0000] {logging_mixin.py:190} INFO - [2024-10-06T19:16:46.268+0000] {dag.py:3229} INFO - Sync 2 DAGs
[2024-10-06T19:16:46.277+0000] {logging_mixin.py:190} INFO - [2024-10-06T19:16:46.277+0000] {dag.py:4156} INFO - Setting next_dagrun for example_xcom_args to None, run_after=None
[2024-10-06T19:16:46.279+0000] {logging_mixin.py:190} INFO - [2024-10-06T19:16:46.279+0000] {dag.py:4156} INFO - Setting next_dagrun for example_xcom_args_with_operators to None, run_after=None
[2024-10-06T19:16:46.286+0000] {processor.py:208} INFO - Processing /home/airflow/.local/lib/python3.12/site-packages/airflow/example_dags/example_xcomargs.py took 0.065 seconds
[2024-10-06T20:01:50.595+0000] {processor.py:186} INFO - Started process (PID=26194) to work on /home/airflow/.local/lib/python3.12/site-packages/airflow/example_dags/example_xcomargs.py
[2024-10-06T20:01:50.596+0000] {processor.py:914} INFO - Processing file /home/airflow/.local/lib/python3.12/site-packages/airflow/example_dags/example_xcomargs.py for tasks to queue
[2024-10-06T20:01:50.597+0000] {logging_mixin.py:190} INFO - [2024-10-06T20:01:50.597+0000] {dagbag.py:587} INFO - Filling up the DagBag from /home/airflow/.local/lib/python3.12/site-packages/airflow/example_dags/example_xcomargs.py
[2024-10-06T20:01:50.604+0000] {processor.py:925} INFO - DAG(s) 'example_xcom_args_with_operators', 'example_xcom_args' retrieved from /home/airflow/.local/lib/python3.12/site-packages/airflow/example_dags/example_xcomargs.py
[2024-10-06T20:01:50.624+0000] {logging_mixin.py:190} INFO - [2024-10-06T20:01:50.623+0000] {dag.py:3229} INFO - Sync 2 DAGs
[2024-10-06T20:01:50.633+0000] {logging_mixin.py:190} INFO - [2024-10-06T20:01:50.633+0000] {dag.py:4156} INFO - Setting next_dagrun for example_xcom_args to None, run_after=None
[2024-10-06T20:01:50.636+0000] {logging_mixin.py:190} INFO - [2024-10-06T20:01:50.636+0000] {dag.py:4156} INFO - Setting next_dagrun for example_xcom_args_with_operators to None, run_after=None
[2024-10-06T20:01:50.648+0000] {processor.py:208} INFO - Processing /home/airflow/.local/lib/python3.12/site-packages/airflow/example_dags/example_xcomargs.py took 0.058 seconds
[2024-10-06T20:17:59.986+0000] {processor.py:186} INFO - Started process (PID=26264) to work on /home/airflow/.local/lib/python3.12/site-packages/airflow/example_dags/example_xcomargs.py
[2024-10-06T20:17:59.987+0000] {processor.py:914} INFO - Processing file /home/airflow/.local/lib/python3.12/site-packages/airflow/example_dags/example_xcomargs.py for tasks to queue
[2024-10-06T20:17:59.988+0000] {logging_mixin.py:190} INFO - [2024-10-06T20:17:59.988+0000] {dagbag.py:587} INFO - Filling up the DagBag from /home/airflow/.local/lib/python3.12/site-packages/airflow/example_dags/example_xcomargs.py
[2024-10-06T20:17:59.993+0000] {processor.py:925} INFO - DAG(s) 'example_xcom_args_with_operators', 'example_xcom_args' retrieved from /home/airflow/.local/lib/python3.12/site-packages/airflow/example_dags/example_xcomargs.py
[2024-10-06T20:18:00.005+0000] {logging_mixin.py:190} INFO - [2024-10-06T20:18:00.005+0000] {dag.py:3229} INFO - Sync 2 DAGs
[2024-10-06T20:18:00.012+0000] {logging_mixin.py:190} INFO - [2024-10-06T20:18:00.012+0000] {dag.py:4156} INFO - Setting next_dagrun for example_xcom_args to None, run_after=None
[2024-10-06T20:18:00.014+0000] {logging_mixin.py:190} INFO - [2024-10-06T20:18:00.014+0000] {dag.py:4156} INFO - Setting next_dagrun for example_xcom_args_with_operators to None, run_after=None
[2024-10-06T20:18:00.021+0000] {processor.py:208} INFO - Processing /home/airflow/.local/lib/python3.12/site-packages/airflow/example_dags/example_xcomargs.py took 0.038 seconds
[2024-10-06T20:51:49.764+0000] {processor.py:186} INFO - Started process (PID=26333) to work on /home/airflow/.local/lib/python3.12/site-packages/airflow/example_dags/example_xcomargs.py
[2024-10-06T20:51:49.764+0000] {processor.py:914} INFO - Processing file /home/airflow/.local/lib/python3.12/site-packages/airflow/example_dags/example_xcomargs.py for tasks to queue
[2024-10-06T20:51:49.765+0000] {logging_mixin.py:190} INFO - [2024-10-06T20:51:49.765+0000] {dagbag.py:587} INFO - Filling up the DagBag from /home/airflow/.local/lib/python3.12/site-packages/airflow/example_dags/example_xcomargs.py
[2024-10-06T20:51:49.772+0000] {processor.py:925} INFO - DAG(s) 'example_xcom_args', 'example_xcom_args_with_operators' retrieved from /home/airflow/.local/lib/python3.12/site-packages/airflow/example_dags/example_xcomargs.py
[2024-10-06T20:51:49.794+0000] {logging_mixin.py:190} INFO - [2024-10-06T20:51:49.794+0000] {dag.py:3229} INFO - Sync 2 DAGs
[2024-10-06T20:51:49.802+0000] {logging_mixin.py:190} INFO - [2024-10-06T20:51:49.802+0000] {dag.py:4156} INFO - Setting next_dagrun for example_xcom_args to None, run_after=None
[2024-10-06T20:51:49.804+0000] {logging_mixin.py:190} INFO - [2024-10-06T20:51:49.804+0000] {dag.py:4156} INFO - Setting next_dagrun for example_xcom_args_with_operators to None, run_after=None
[2024-10-06T20:51:49.813+0000] {processor.py:208} INFO - Processing /home/airflow/.local/lib/python3.12/site-packages/airflow/example_dags/example_xcomargs.py took 0.053 seconds
[2024-10-06T20:52:22.105+0000] {processor.py:186} INFO - Started process (PID=26404) to work on /home/airflow/.local/lib/python3.12/site-packages/airflow/example_dags/example_xcomargs.py
[2024-10-06T20:52:22.110+0000] {processor.py:914} INFO - Processing file /home/airflow/.local/lib/python3.12/site-packages/airflow/example_dags/example_xcomargs.py for tasks to queue
[2024-10-06T20:52:22.112+0000] {logging_mixin.py:190} INFO - [2024-10-06T20:52:22.112+0000] {dagbag.py:587} INFO - Filling up the DagBag from /home/airflow/.local/lib/python3.12/site-packages/airflow/example_dags/example_xcomargs.py
[2024-10-06T20:52:22.119+0000] {processor.py:925} INFO - DAG(s) 'example_xcom_args_with_operators', 'example_xcom_args' retrieved from /home/airflow/.local/lib/python3.12/site-packages/airflow/example_dags/example_xcomargs.py
[2024-10-06T20:52:22.138+0000] {logging_mixin.py:190} INFO - [2024-10-06T20:52:22.138+0000] {dag.py:3229} INFO - Sync 2 DAGs
[2024-10-06T20:52:22.147+0000] {logging_mixin.py:190} INFO - [2024-10-06T20:52:22.147+0000] {dag.py:4156} INFO - Setting next_dagrun for example_xcom_args to None, run_after=None
[2024-10-06T20:52:22.150+0000] {logging_mixin.py:190} INFO - [2024-10-06T20:52:22.150+0000] {dag.py:4156} INFO - Setting next_dagrun for example_xcom_args_with_operators to None, run_after=None
[2024-10-06T20:52:22.171+0000] {processor.py:208} INFO - Processing /home/airflow/.local/lib/python3.12/site-packages/airflow/example_dags/example_xcomargs.py took 0.070 seconds
[2024-10-06T21:19:20.752+0000] {processor.py:186} INFO - Started process (PID=26474) to work on /home/airflow/.local/lib/python3.12/site-packages/airflow/example_dags/example_xcomargs.py
[2024-10-06T21:19:20.753+0000] {processor.py:914} INFO - Processing file /home/airflow/.local/lib/python3.12/site-packages/airflow/example_dags/example_xcomargs.py for tasks to queue
[2024-10-06T21:19:20.754+0000] {logging_mixin.py:190} INFO - [2024-10-06T21:19:20.754+0000] {dagbag.py:587} INFO - Filling up the DagBag from /home/airflow/.local/lib/python3.12/site-packages/airflow/example_dags/example_xcomargs.py
[2024-10-06T21:19:20.765+0000] {processor.py:925} INFO - DAG(s) 'example_xcom_args_with_operators', 'example_xcom_args' retrieved from /home/airflow/.local/lib/python3.12/site-packages/airflow/example_dags/example_xcomargs.py
[2024-10-06T21:19:20.787+0000] {logging_mixin.py:190} INFO - [2024-10-06T21:19:20.787+0000] {dag.py:3229} INFO - Sync 2 DAGs
[2024-10-06T21:19:20.802+0000] {logging_mixin.py:190} INFO - [2024-10-06T21:19:20.802+0000] {dag.py:4156} INFO - Setting next_dagrun for example_xcom_args to None, run_after=None
[2024-10-06T21:19:20.805+0000] {logging_mixin.py:190} INFO - [2024-10-06T21:19:20.804+0000] {dag.py:4156} INFO - Setting next_dagrun for example_xcom_args_with_operators to None, run_after=None
[2024-10-06T21:19:20.835+0000] {processor.py:208} INFO - Processing /home/airflow/.local/lib/python3.12/site-packages/airflow/example_dags/example_xcomargs.py took 0.093 seconds
[2024-10-06T21:52:08.492+0000] {processor.py:186} INFO - Started process (PID=26544) to work on /home/airflow/.local/lib/python3.12/site-packages/airflow/example_dags/example_xcomargs.py
[2024-10-06T21:52:08.493+0000] {processor.py:914} INFO - Processing file /home/airflow/.local/lib/python3.12/site-packages/airflow/example_dags/example_xcomargs.py for tasks to queue
[2024-10-06T21:52:08.496+0000] {logging_mixin.py:190} INFO - [2024-10-06T21:52:08.495+0000] {dagbag.py:587} INFO - Filling up the DagBag from /home/airflow/.local/lib/python3.12/site-packages/airflow/example_dags/example_xcomargs.py
[2024-10-06T21:52:08.508+0000] {processor.py:925} INFO - DAG(s) 'example_xcom_args_with_operators', 'example_xcom_args' retrieved from /home/airflow/.local/lib/python3.12/site-packages/airflow/example_dags/example_xcomargs.py
[2024-10-06T21:52:08.529+0000] {logging_mixin.py:190} INFO - [2024-10-06T21:52:08.529+0000] {dag.py:3229} INFO - Sync 2 DAGs
[2024-10-06T21:52:08.536+0000] {logging_mixin.py:190} INFO - [2024-10-06T21:52:08.536+0000] {dag.py:4156} INFO - Setting next_dagrun for example_xcom_args to None, run_after=None
[2024-10-06T21:52:08.538+0000] {logging_mixin.py:190} INFO - [2024-10-06T21:52:08.538+0000] {dag.py:4156} INFO - Setting next_dagrun for example_xcom_args_with_operators to None, run_after=None
[2024-10-06T21:52:08.545+0000] {processor.py:208} INFO - Processing /home/airflow/.local/lib/python3.12/site-packages/airflow/example_dags/example_xcomargs.py took 0.056 seconds
[2024-10-06T22:53:03.380+0000] {processor.py:186} INFO - Started process (PID=26614) to work on /home/airflow/.local/lib/python3.12/site-packages/airflow/example_dags/example_xcomargs.py
[2024-10-06T22:53:03.381+0000] {processor.py:914} INFO - Processing file /home/airflow/.local/lib/python3.12/site-packages/airflow/example_dags/example_xcomargs.py for tasks to queue
[2024-10-06T22:53:03.381+0000] {logging_mixin.py:190} INFO - [2024-10-06T22:53:03.381+0000] {dagbag.py:587} INFO - Filling up the DagBag from /home/airflow/.local/lib/python3.12/site-packages/airflow/example_dags/example_xcomargs.py
[2024-10-06T22:53:03.389+0000] {processor.py:925} INFO - DAG(s) 'example_xcom_args', 'example_xcom_args_with_operators' retrieved from /home/airflow/.local/lib/python3.12/site-packages/airflow/example_dags/example_xcomargs.py
[2024-10-06T22:53:03.404+0000] {logging_mixin.py:190} INFO - [2024-10-06T22:53:03.404+0000] {dag.py:3229} INFO - Sync 2 DAGs
[2024-10-06T22:53:03.412+0000] {logging_mixin.py:190} INFO - [2024-10-06T22:53:03.412+0000] {dag.py:4156} INFO - Setting next_dagrun for example_xcom_args to None, run_after=None
[2024-10-06T22:53:03.415+0000] {logging_mixin.py:190} INFO - [2024-10-06T22:53:03.415+0000] {dag.py:4156} INFO - Setting next_dagrun for example_xcom_args_with_operators to None, run_after=None
[2024-10-06T22:53:03.427+0000] {processor.py:208} INFO - Processing /home/airflow/.local/lib/python3.12/site-packages/airflow/example_dags/example_xcomargs.py took 0.050 seconds
[2024-10-06T23:21:11.590+0000] {processor.py:186} INFO - Started process (PID=26684) to work on /home/airflow/.local/lib/python3.12/site-packages/airflow/example_dags/example_xcomargs.py
[2024-10-06T23:21:11.591+0000] {processor.py:914} INFO - Processing file /home/airflow/.local/lib/python3.12/site-packages/airflow/example_dags/example_xcomargs.py for tasks to queue
[2024-10-06T23:21:11.592+0000] {logging_mixin.py:190} INFO - [2024-10-06T23:21:11.592+0000] {dagbag.py:587} INFO - Filling up the DagBag from /home/airflow/.local/lib/python3.12/site-packages/airflow/example_dags/example_xcomargs.py
[2024-10-06T23:21:11.600+0000] {processor.py:925} INFO - DAG(s) 'example_xcom_args', 'example_xcom_args_with_operators' retrieved from /home/airflow/.local/lib/python3.12/site-packages/airflow/example_dags/example_xcomargs.py
[2024-10-06T23:21:11.617+0000] {logging_mixin.py:190} INFO - [2024-10-06T23:21:11.617+0000] {dag.py:3229} INFO - Sync 2 DAGs
[2024-10-06T23:21:11.625+0000] {logging_mixin.py:190} INFO - [2024-10-06T23:21:11.625+0000] {dag.py:4156} INFO - Setting next_dagrun for example_xcom_args to None, run_after=None
[2024-10-06T23:21:11.627+0000] {logging_mixin.py:190} INFO - [2024-10-06T23:21:11.627+0000] {dag.py:4156} INFO - Setting next_dagrun for example_xcom_args_with_operators to None, run_after=None
[2024-10-06T23:21:11.885+0000] {processor.py:208} INFO - Processing /home/airflow/.local/lib/python3.12/site-packages/airflow/example_dags/example_xcomargs.py took 0.303 seconds
[2024-10-06T23:39:13.289+0000] {processor.py:186} INFO - Started process (PID=26754) to work on /home/airflow/.local/lib/python3.12/site-packages/airflow/example_dags/example_xcomargs.py
[2024-10-06T23:39:13.291+0000] {processor.py:914} INFO - Processing file /home/airflow/.local/lib/python3.12/site-packages/airflow/example_dags/example_xcomargs.py for tasks to queue
[2024-10-06T23:39:13.292+0000] {logging_mixin.py:190} INFO - [2024-10-06T23:39:13.292+0000] {dagbag.py:587} INFO - Filling up the DagBag from /home/airflow/.local/lib/python3.12/site-packages/airflow/example_dags/example_xcomargs.py
[2024-10-06T23:39:13.306+0000] {processor.py:925} INFO - DAG(s) 'example_xcom_args', 'example_xcom_args_with_operators' retrieved from /home/airflow/.local/lib/python3.12/site-packages/airflow/example_dags/example_xcomargs.py
[2024-10-06T23:39:13.328+0000] {logging_mixin.py:190} INFO - [2024-10-06T23:39:13.328+0000] {dag.py:3229} INFO - Sync 2 DAGs
[2024-10-06T23:39:13.337+0000] {logging_mixin.py:190} INFO - [2024-10-06T23:39:13.337+0000] {dag.py:4156} INFO - Setting next_dagrun for example_xcom_args to None, run_after=None
[2024-10-06T23:39:13.340+0000] {logging_mixin.py:190} INFO - [2024-10-06T23:39:13.340+0000] {dag.py:4156} INFO - Setting next_dagrun for example_xcom_args_with_operators to None, run_after=None
[2024-10-06T23:39:13.366+0000] {processor.py:208} INFO - Processing /home/airflow/.local/lib/python3.12/site-packages/airflow/example_dags/example_xcomargs.py took 0.082 seconds
