[2024-10-06T00:50:48.076+0000] {processor.py:186} INFO - Started process (PID=24109) to work on /home/airflow/.local/lib/python3.12/site-packages/airflow/example_dags/example_sla_dag.py
[2024-10-06T00:50:48.077+0000] {processor.py:914} INFO - Processing file /home/airflow/.local/lib/python3.12/site-packages/airflow/example_dags/example_sla_dag.py for tasks to queue
[2024-10-06T00:50:48.079+0000] {logging_mixin.py:190} INFO - [2024-10-06T00:50:48.078+0000] {dagbag.py:587} INFO - Filling up the DagBag from /home/airflow/.local/lib/python3.12/site-packages/airflow/example_dags/example_sla_dag.py
[2024-10-06T00:50:48.087+0000] {processor.py:925} INFO - DAG(s) 'example_sla_dag' retrieved from /home/airflow/.local/lib/python3.12/site-packages/airflow/example_dags/example_sla_dag.py
[2024-10-06T00:50:48.099+0000] {logging_mixin.py:190} INFO - [2024-10-06T00:50:48.099+0000] {dag.py:3229} INFO - Sync 1 DAGs
[2024-10-06T00:50:48.114+0000] {logging_mixin.py:190} INFO - [2024-10-06T00:50:48.114+0000] {dag.py:4156} INFO - Setting next_dagrun for example_sla_dag to 2024-10-06 00:48:00+00:00, run_after=2024-10-06 00:50:00+00:00
[2024-10-06T00:50:48.125+0000] {processor.py:208} INFO - Processing /home/airflow/.local/lib/python3.12/site-packages/airflow/example_dags/example_sla_dag.py took 0.053 seconds
[2024-10-06T00:51:18.649+0000] {processor.py:186} INFO - Started process (PID=24179) to work on /home/airflow/.local/lib/python3.12/site-packages/airflow/example_dags/example_sla_dag.py
[2024-10-06T00:51:18.650+0000] {processor.py:914} INFO - Processing file /home/airflow/.local/lib/python3.12/site-packages/airflow/example_dags/example_sla_dag.py for tasks to queue
[2024-10-06T00:51:18.652+0000] {logging_mixin.py:190} INFO - [2024-10-06T00:51:18.651+0000] {dagbag.py:587} INFO - Filling up the DagBag from /home/airflow/.local/lib/python3.12/site-packages/airflow/example_dags/example_sla_dag.py
[2024-10-06T00:51:18.669+0000] {processor.py:925} INFO - DAG(s) 'example_sla_dag' retrieved from /home/airflow/.local/lib/python3.12/site-packages/airflow/example_dags/example_sla_dag.py
[2024-10-06T00:51:18.687+0000] {logging_mixin.py:190} INFO - [2024-10-06T00:51:18.687+0000] {dag.py:3229} INFO - Sync 1 DAGs
[2024-10-06T00:51:18.700+0000] {logging_mixin.py:190} INFO - [2024-10-06T00:51:18.700+0000] {dag.py:4156} INFO - Setting next_dagrun for example_sla_dag to 2024-10-06 00:48:00+00:00, run_after=2024-10-06 00:50:00+00:00
[2024-10-06T00:51:18.719+0000] {processor.py:208} INFO - Processing /home/airflow/.local/lib/python3.12/site-packages/airflow/example_dags/example_sla_dag.py took 0.075 seconds
[2024-10-06T01:51:42.758+0000] {processor.py:186} INFO - Started process (PID=24248) to work on /home/airflow/.local/lib/python3.12/site-packages/airflow/example_dags/example_sla_dag.py
[2024-10-06T01:51:42.758+0000] {processor.py:914} INFO - Processing file /home/airflow/.local/lib/python3.12/site-packages/airflow/example_dags/example_sla_dag.py for tasks to queue
[2024-10-06T01:51:42.759+0000] {logging_mixin.py:190} INFO - [2024-10-06T01:51:42.759+0000] {dagbag.py:587} INFO - Filling up the DagBag from /home/airflow/.local/lib/python3.12/site-packages/airflow/example_dags/example_sla_dag.py
[2024-10-06T01:51:42.765+0000] {processor.py:925} INFO - DAG(s) 'example_sla_dag' retrieved from /home/airflow/.local/lib/python3.12/site-packages/airflow/example_dags/example_sla_dag.py
[2024-10-06T01:51:42.781+0000] {logging_mixin.py:190} INFO - [2024-10-06T01:51:42.781+0000] {dag.py:3229} INFO - Sync 1 DAGs
[2024-10-06T01:51:42.793+0000] {logging_mixin.py:190} INFO - [2024-10-06T01:51:42.793+0000] {dag.py:4156} INFO - Setting next_dagrun for example_sla_dag to 2024-10-06 01:48:00+00:00, run_after=2024-10-06 01:50:00+00:00
[2024-10-06T01:51:42.800+0000] {processor.py:208} INFO - Processing /home/airflow/.local/lib/python3.12/site-packages/airflow/example_dags/example_sla_dag.py took 0.045 seconds
[2024-10-06T02:42:32.683+0000] {processor.py:186} INFO - Started process (PID=24317) to work on /home/airflow/.local/lib/python3.12/site-packages/airflow/example_dags/example_sla_dag.py
[2024-10-06T02:42:32.683+0000] {processor.py:914} INFO - Processing file /home/airflow/.local/lib/python3.12/site-packages/airflow/example_dags/example_sla_dag.py for tasks to queue
[2024-10-06T02:42:32.684+0000] {logging_mixin.py:190} INFO - [2024-10-06T02:42:32.684+0000] {dagbag.py:587} INFO - Filling up the DagBag from /home/airflow/.local/lib/python3.12/site-packages/airflow/example_dags/example_sla_dag.py
[2024-10-06T02:42:32.689+0000] {processor.py:925} INFO - DAG(s) 'example_sla_dag' retrieved from /home/airflow/.local/lib/python3.12/site-packages/airflow/example_dags/example_sla_dag.py
[2024-10-06T02:42:32.697+0000] {logging_mixin.py:190} INFO - [2024-10-06T02:42:32.697+0000] {dag.py:3229} INFO - Sync 1 DAGs
[2024-10-06T02:42:32.708+0000] {logging_mixin.py:190} INFO - [2024-10-06T02:42:32.708+0000] {dag.py:4156} INFO - Setting next_dagrun for example_sla_dag to 2024-10-06 02:40:00+00:00, run_after=2024-10-06 02:42:00+00:00
[2024-10-06T02:42:32.717+0000] {processor.py:208} INFO - Processing /home/airflow/.local/lib/python3.12/site-packages/airflow/example_dags/example_sla_dag.py took 0.037 seconds
[2024-10-06T03:10:37.424+0000] {processor.py:186} INFO - Started process (PID=24387) to work on /home/airflow/.local/lib/python3.12/site-packages/airflow/example_dags/example_sla_dag.py
[2024-10-06T03:10:37.426+0000] {processor.py:914} INFO - Processing file /home/airflow/.local/lib/python3.12/site-packages/airflow/example_dags/example_sla_dag.py for tasks to queue
[2024-10-06T03:10:37.427+0000] {logging_mixin.py:190} INFO - [2024-10-06T03:10:37.427+0000] {dagbag.py:587} INFO - Filling up the DagBag from /home/airflow/.local/lib/python3.12/site-packages/airflow/example_dags/example_sla_dag.py
[2024-10-06T03:10:37.436+0000] {processor.py:925} INFO - DAG(s) 'example_sla_dag' retrieved from /home/airflow/.local/lib/python3.12/site-packages/airflow/example_dags/example_sla_dag.py
[2024-10-06T03:10:37.454+0000] {logging_mixin.py:190} INFO - [2024-10-06T03:10:37.454+0000] {dag.py:3229} INFO - Sync 1 DAGs
[2024-10-06T03:10:37.469+0000] {logging_mixin.py:190} INFO - [2024-10-06T03:10:37.469+0000] {dag.py:4156} INFO - Setting next_dagrun for example_sla_dag to 2024-10-06 03:08:00+00:00, run_after=2024-10-06 03:10:00+00:00
[2024-10-06T03:10:37.481+0000] {processor.py:208} INFO - Processing /home/airflow/.local/lib/python3.12/site-packages/airflow/example_dags/example_sla_dag.py took 0.064 seconds
[2024-10-06T03:53:54.413+0000] {processor.py:186} INFO - Started process (PID=24457) to work on /home/airflow/.local/lib/python3.12/site-packages/airflow/example_dags/example_sla_dag.py
[2024-10-06T03:53:54.414+0000] {processor.py:914} INFO - Processing file /home/airflow/.local/lib/python3.12/site-packages/airflow/example_dags/example_sla_dag.py for tasks to queue
[2024-10-06T03:53:54.415+0000] {logging_mixin.py:190} INFO - [2024-10-06T03:53:54.414+0000] {dagbag.py:587} INFO - Filling up the DagBag from /home/airflow/.local/lib/python3.12/site-packages/airflow/example_dags/example_sla_dag.py
[2024-10-06T03:53:54.420+0000] {processor.py:925} INFO - DAG(s) 'example_sla_dag' retrieved from /home/airflow/.local/lib/python3.12/site-packages/airflow/example_dags/example_sla_dag.py
[2024-10-06T03:53:54.433+0000] {logging_mixin.py:190} INFO - [2024-10-06T03:53:54.433+0000] {dag.py:3229} INFO - Sync 1 DAGs
[2024-10-06T03:53:54.452+0000] {logging_mixin.py:190} INFO - [2024-10-06T03:53:54.452+0000] {dag.py:4156} INFO - Setting next_dagrun for example_sla_dag to 2024-10-06 03:50:00+00:00, run_after=2024-10-06 03:52:00+00:00
[2024-10-06T03:53:54.470+0000] {processor.py:208} INFO - Processing /home/airflow/.local/lib/python3.12/site-packages/airflow/example_dags/example_sla_dag.py took 0.060 seconds
[2024-10-06T04:44:17.148+0000] {processor.py:186} INFO - Started process (PID=24527) to work on /home/airflow/.local/lib/python3.12/site-packages/airflow/example_dags/example_sla_dag.py
[2024-10-06T04:44:17.150+0000] {processor.py:914} INFO - Processing file /home/airflow/.local/lib/python3.12/site-packages/airflow/example_dags/example_sla_dag.py for tasks to queue
[2024-10-06T04:44:17.152+0000] {logging_mixin.py:190} INFO - [2024-10-06T04:44:17.151+0000] {dagbag.py:587} INFO - Filling up the DagBag from /home/airflow/.local/lib/python3.12/site-packages/airflow/example_dags/example_sla_dag.py
[2024-10-06T04:44:17.159+0000] {processor.py:925} INFO - DAG(s) 'example_sla_dag' retrieved from /home/airflow/.local/lib/python3.12/site-packages/airflow/example_dags/example_sla_dag.py
[2024-10-06T04:44:17.174+0000] {logging_mixin.py:190} INFO - [2024-10-06T04:44:17.174+0000] {dag.py:3229} INFO - Sync 1 DAGs
[2024-10-06T04:44:17.191+0000] {logging_mixin.py:190} INFO - [2024-10-06T04:44:17.191+0000] {dag.py:4156} INFO - Setting next_dagrun for example_sla_dag to 2024-10-06 04:42:00+00:00, run_after=2024-10-06 04:44:00+00:00
[2024-10-06T04:44:17.212+0000] {processor.py:208} INFO - Processing /home/airflow/.local/lib/python3.12/site-packages/airflow/example_dags/example_sla_dag.py took 0.071 seconds
[2024-10-06T05:45:11.251+0000] {processor.py:186} INFO - Started process (PID=24597) to work on /home/airflow/.local/lib/python3.12/site-packages/airflow/example_dags/example_sla_dag.py
[2024-10-06T05:45:11.252+0000] {processor.py:914} INFO - Processing file /home/airflow/.local/lib/python3.12/site-packages/airflow/example_dags/example_sla_dag.py for tasks to queue
[2024-10-06T05:45:11.254+0000] {logging_mixin.py:190} INFO - [2024-10-06T05:45:11.253+0000] {dagbag.py:587} INFO - Filling up the DagBag from /home/airflow/.local/lib/python3.12/site-packages/airflow/example_dags/example_sla_dag.py
[2024-10-06T05:45:11.260+0000] {processor.py:925} INFO - DAG(s) 'example_sla_dag' retrieved from /home/airflow/.local/lib/python3.12/site-packages/airflow/example_dags/example_sla_dag.py
[2024-10-06T05:45:11.272+0000] {logging_mixin.py:190} INFO - [2024-10-06T05:45:11.272+0000] {dag.py:3229} INFO - Sync 1 DAGs
[2024-10-06T05:45:11.284+0000] {logging_mixin.py:190} INFO - [2024-10-06T05:45:11.284+0000] {dag.py:4156} INFO - Setting next_dagrun for example_sla_dag to 2024-10-06 05:42:00+00:00, run_after=2024-10-06 05:44:00+00:00
[2024-10-06T05:45:11.295+0000] {processor.py:208} INFO - Processing /home/airflow/.local/lib/python3.12/site-packages/airflow/example_dags/example_sla_dag.py took 0.047 seconds
[2024-10-06T06:27:11.887+0000] {processor.py:186} INFO - Started process (PID=24667) to work on /home/airflow/.local/lib/python3.12/site-packages/airflow/example_dags/example_sla_dag.py
[2024-10-06T06:27:11.888+0000] {processor.py:914} INFO - Processing file /home/airflow/.local/lib/python3.12/site-packages/airflow/example_dags/example_sla_dag.py for tasks to queue
[2024-10-06T06:27:11.889+0000] {logging_mixin.py:190} INFO - [2024-10-06T06:27:11.889+0000] {dagbag.py:587} INFO - Filling up the DagBag from /home/airflow/.local/lib/python3.12/site-packages/airflow/example_dags/example_sla_dag.py
[2024-10-06T06:27:11.896+0000] {processor.py:925} INFO - DAG(s) 'example_sla_dag' retrieved from /home/airflow/.local/lib/python3.12/site-packages/airflow/example_dags/example_sla_dag.py
[2024-10-06T06:27:11.908+0000] {logging_mixin.py:190} INFO - [2024-10-06T06:27:11.908+0000] {dag.py:3229} INFO - Sync 1 DAGs
[2024-10-06T06:27:11.920+0000] {logging_mixin.py:190} INFO - [2024-10-06T06:27:11.920+0000] {dag.py:4156} INFO - Setting next_dagrun for example_sla_dag to 2024-10-06 06:24:00+00:00, run_after=2024-10-06 06:26:00+00:00
[2024-10-06T06:27:11.929+0000] {processor.py:208} INFO - Processing /home/airflow/.local/lib/python3.12/site-packages/airflow/example_dags/example_sla_dag.py took 0.045 seconds
[2024-10-06T06:56:41.306+0000] {processor.py:186} INFO - Started process (PID=24737) to work on /home/airflow/.local/lib/python3.12/site-packages/airflow/example_dags/example_sla_dag.py
[2024-10-06T06:56:41.309+0000] {processor.py:914} INFO - Processing file /home/airflow/.local/lib/python3.12/site-packages/airflow/example_dags/example_sla_dag.py for tasks to queue
[2024-10-06T06:56:41.309+0000] {logging_mixin.py:190} INFO - [2024-10-06T06:56:41.309+0000] {dagbag.py:587} INFO - Filling up the DagBag from /home/airflow/.local/lib/python3.12/site-packages/airflow/example_dags/example_sla_dag.py
[2024-10-06T06:56:41.317+0000] {processor.py:925} INFO - DAG(s) 'example_sla_dag' retrieved from /home/airflow/.local/lib/python3.12/site-packages/airflow/example_dags/example_sla_dag.py
[2024-10-06T06:56:41.333+0000] {logging_mixin.py:190} INFO - [2024-10-06T06:56:41.333+0000] {dag.py:3229} INFO - Sync 1 DAGs
[2024-10-06T06:56:41.352+0000] {logging_mixin.py:190} INFO - [2024-10-06T06:56:41.352+0000] {dag.py:4156} INFO - Setting next_dagrun for example_sla_dag to 2024-10-06 06:54:00+00:00, run_after=2024-10-06 06:56:00+00:00
[2024-10-06T06:56:41.362+0000] {processor.py:208} INFO - Processing /home/airflow/.local/lib/python3.12/site-packages/airflow/example_dags/example_sla_dag.py took 0.062 seconds
[2024-10-06T07:29:04.691+0000] {processor.py:186} INFO - Started process (PID=24807) to work on /home/airflow/.local/lib/python3.12/site-packages/airflow/example_dags/example_sla_dag.py
[2024-10-06T07:29:04.694+0000] {processor.py:914} INFO - Processing file /home/airflow/.local/lib/python3.12/site-packages/airflow/example_dags/example_sla_dag.py for tasks to queue
[2024-10-06T07:29:04.695+0000] {logging_mixin.py:190} INFO - [2024-10-06T07:29:04.694+0000] {dagbag.py:587} INFO - Filling up the DagBag from /home/airflow/.local/lib/python3.12/site-packages/airflow/example_dags/example_sla_dag.py
[2024-10-06T07:29:04.704+0000] {processor.py:925} INFO - DAG(s) 'example_sla_dag' retrieved from /home/airflow/.local/lib/python3.12/site-packages/airflow/example_dags/example_sla_dag.py
[2024-10-06T07:29:04.716+0000] {logging_mixin.py:190} INFO - [2024-10-06T07:29:04.716+0000] {dag.py:3229} INFO - Sync 1 DAGs
[2024-10-06T07:29:04.730+0000] {logging_mixin.py:190} INFO - [2024-10-06T07:29:04.729+0000] {dag.py:4156} INFO - Setting next_dagrun for example_sla_dag to 2024-10-06 07:26:00+00:00, run_after=2024-10-06 07:28:00+00:00
[2024-10-06T07:29:04.743+0000] {processor.py:208} INFO - Processing /home/airflow/.local/lib/python3.12/site-packages/airflow/example_dags/example_sla_dag.py took 0.057 seconds
[2024-10-06T07:57:58.227+0000] {processor.py:186} INFO - Started process (PID=24877) to work on /home/airflow/.local/lib/python3.12/site-packages/airflow/example_dags/example_sla_dag.py
[2024-10-06T07:57:58.231+0000] {processor.py:914} INFO - Processing file /home/airflow/.local/lib/python3.12/site-packages/airflow/example_dags/example_sla_dag.py for tasks to queue
[2024-10-06T07:57:58.232+0000] {logging_mixin.py:190} INFO - [2024-10-06T07:57:58.231+0000] {dagbag.py:587} INFO - Filling up the DagBag from /home/airflow/.local/lib/python3.12/site-packages/airflow/example_dags/example_sla_dag.py
[2024-10-06T07:57:58.237+0000] {processor.py:925} INFO - DAG(s) 'example_sla_dag' retrieved from /home/airflow/.local/lib/python3.12/site-packages/airflow/example_dags/example_sla_dag.py
[2024-10-06T07:57:58.248+0000] {logging_mixin.py:190} INFO - [2024-10-06T07:57:58.248+0000] {dag.py:3229} INFO - Sync 1 DAGs
[2024-10-06T07:57:58.261+0000] {logging_mixin.py:190} INFO - [2024-10-06T07:57:58.261+0000] {dag.py:4156} INFO - Setting next_dagrun for example_sla_dag to 2024-10-06 07:54:00+00:00, run_after=2024-10-06 07:56:00+00:00
[2024-10-06T07:57:58.269+0000] {processor.py:208} INFO - Processing /home/airflow/.local/lib/python3.12/site-packages/airflow/example_dags/example_sla_dag.py took 0.045 seconds
[2024-10-06T08:03:00.103+0000] {processor.py:186} INFO - Started process (PID=24947) to work on /home/airflow/.local/lib/python3.12/site-packages/airflow/example_dags/example_sla_dag.py
[2024-10-06T08:03:00.106+0000] {processor.py:914} INFO - Processing file /home/airflow/.local/lib/python3.12/site-packages/airflow/example_dags/example_sla_dag.py for tasks to queue
[2024-10-06T08:03:00.107+0000] {logging_mixin.py:190} INFO - [2024-10-06T08:03:00.107+0000] {dagbag.py:587} INFO - Filling up the DagBag from /home/airflow/.local/lib/python3.12/site-packages/airflow/example_dags/example_sla_dag.py
[2024-10-06T08:03:00.112+0000] {processor.py:925} INFO - DAG(s) 'example_sla_dag' retrieved from /home/airflow/.local/lib/python3.12/site-packages/airflow/example_dags/example_sla_dag.py
[2024-10-06T08:03:00.121+0000] {logging_mixin.py:190} INFO - [2024-10-06T08:03:00.120+0000] {dag.py:3229} INFO - Sync 1 DAGs
[2024-10-06T08:03:00.138+0000] {logging_mixin.py:190} INFO - [2024-10-06T08:03:00.138+0000] {dag.py:4156} INFO - Setting next_dagrun for example_sla_dag to 2024-10-06 08:00:00+00:00, run_after=2024-10-06 08:02:00+00:00
[2024-10-06T08:03:00.148+0000] {processor.py:208} INFO - Processing /home/airflow/.local/lib/python3.12/site-packages/airflow/example_dags/example_sla_dag.py took 0.048 seconds
[2024-10-06T08:03:31.430+0000] {processor.py:186} INFO - Started process (PID=25017) to work on /home/airflow/.local/lib/python3.12/site-packages/airflow/example_dags/example_sla_dag.py
[2024-10-06T08:03:31.431+0000] {processor.py:914} INFO - Processing file /home/airflow/.local/lib/python3.12/site-packages/airflow/example_dags/example_sla_dag.py for tasks to queue
[2024-10-06T08:03:31.432+0000] {logging_mixin.py:190} INFO - [2024-10-06T08:03:31.431+0000] {dagbag.py:587} INFO - Filling up the DagBag from /home/airflow/.local/lib/python3.12/site-packages/airflow/example_dags/example_sla_dag.py
[2024-10-06T08:03:31.437+0000] {processor.py:925} INFO - DAG(s) 'example_sla_dag' retrieved from /home/airflow/.local/lib/python3.12/site-packages/airflow/example_dags/example_sla_dag.py
[2024-10-06T08:03:31.448+0000] {logging_mixin.py:190} INFO - [2024-10-06T08:03:31.448+0000] {dag.py:3229} INFO - Sync 1 DAGs
[2024-10-06T08:03:31.460+0000] {logging_mixin.py:190} INFO - [2024-10-06T08:03:31.460+0000] {dag.py:4156} INFO - Setting next_dagrun for example_sla_dag to 2024-10-06 08:00:00+00:00, run_after=2024-10-06 08:02:00+00:00
[2024-10-06T08:03:31.467+0000] {processor.py:208} INFO - Processing /home/airflow/.local/lib/python3.12/site-packages/airflow/example_dags/example_sla_dag.py took 0.041 seconds
[2024-10-06T09:43:49.480+0000] {processor.py:186} INFO - Started process (PID=25087) to work on /home/airflow/.local/lib/python3.12/site-packages/airflow/example_dags/example_sla_dag.py
[2024-10-06T09:43:49.482+0000] {processor.py:914} INFO - Processing file /home/airflow/.local/lib/python3.12/site-packages/airflow/example_dags/example_sla_dag.py for tasks to queue
[2024-10-06T09:43:49.483+0000] {logging_mixin.py:190} INFO - [2024-10-06T09:43:49.482+0000] {dagbag.py:587} INFO - Filling up the DagBag from /home/airflow/.local/lib/python3.12/site-packages/airflow/example_dags/example_sla_dag.py
[2024-10-06T09:43:49.490+0000] {processor.py:925} INFO - DAG(s) 'example_sla_dag' retrieved from /home/airflow/.local/lib/python3.12/site-packages/airflow/example_dags/example_sla_dag.py
[2024-10-06T09:43:49.500+0000] {logging_mixin.py:190} INFO - [2024-10-06T09:43:49.500+0000] {dag.py:3229} INFO - Sync 1 DAGs
[2024-10-06T09:43:49.518+0000] {logging_mixin.py:190} INFO - [2024-10-06T09:43:49.518+0000] {dag.py:4156} INFO - Setting next_dagrun for example_sla_dag to 2024-10-06 09:40:00+00:00, run_after=2024-10-06 09:42:00+00:00
[2024-10-06T09:43:49.530+0000] {processor.py:208} INFO - Processing /home/airflow/.local/lib/python3.12/site-packages/airflow/example_dags/example_sla_dag.py took 0.055 seconds
[2024-10-06T10:16:44.516+0000] {processor.py:186} INFO - Started process (PID=25156) to work on /home/airflow/.local/lib/python3.12/site-packages/airflow/example_dags/example_sla_dag.py
[2024-10-06T10:16:44.518+0000] {processor.py:914} INFO - Processing file /home/airflow/.local/lib/python3.12/site-packages/airflow/example_dags/example_sla_dag.py for tasks to queue
[2024-10-06T10:16:44.519+0000] {logging_mixin.py:190} INFO - [2024-10-06T10:16:44.519+0000] {dagbag.py:587} INFO - Filling up the DagBag from /home/airflow/.local/lib/python3.12/site-packages/airflow/example_dags/example_sla_dag.py
[2024-10-06T10:16:44.525+0000] {processor.py:925} INFO - DAG(s) 'example_sla_dag' retrieved from /home/airflow/.local/lib/python3.12/site-packages/airflow/example_dags/example_sla_dag.py
[2024-10-06T10:16:44.537+0000] {logging_mixin.py:190} INFO - [2024-10-06T10:16:44.537+0000] {dag.py:3229} INFO - Sync 1 DAGs
[2024-10-06T10:16:44.555+0000] {logging_mixin.py:190} INFO - [2024-10-06T10:16:44.555+0000] {dag.py:4156} INFO - Setting next_dagrun for example_sla_dag to 2024-10-06 10:14:00+00:00, run_after=2024-10-06 10:16:00+00:00
[2024-10-06T10:16:44.582+0000] {processor.py:208} INFO - Processing /home/airflow/.local/lib/python3.12/site-packages/airflow/example_dags/example_sla_dag.py took 0.070 seconds
[2024-10-06T11:20:56.854+0000] {processor.py:186} INFO - Started process (PID=25226) to work on /home/airflow/.local/lib/python3.12/site-packages/airflow/example_dags/example_sla_dag.py
[2024-10-06T11:20:56.860+0000] {processor.py:914} INFO - Processing file /home/airflow/.local/lib/python3.12/site-packages/airflow/example_dags/example_sla_dag.py for tasks to queue
[2024-10-06T11:20:56.861+0000] {logging_mixin.py:190} INFO - [2024-10-06T11:20:56.861+0000] {dagbag.py:587} INFO - Filling up the DagBag from /home/airflow/.local/lib/python3.12/site-packages/airflow/example_dags/example_sla_dag.py
[2024-10-06T11:20:56.867+0000] {processor.py:925} INFO - DAG(s) 'example_sla_dag' retrieved from /home/airflow/.local/lib/python3.12/site-packages/airflow/example_dags/example_sla_dag.py
[2024-10-06T11:20:56.898+0000] {logging_mixin.py:190} INFO - [2024-10-06T11:20:56.897+0000] {dag.py:3229} INFO - Sync 1 DAGs
[2024-10-06T11:20:56.915+0000] {logging_mixin.py:190} INFO - [2024-10-06T11:20:56.915+0000] {dag.py:4156} INFO - Setting next_dagrun for example_sla_dag to 2024-10-06 11:18:00+00:00, run_after=2024-10-06 11:20:00+00:00
[2024-10-06T11:20:56.956+0000] {processor.py:208} INFO - Processing /home/airflow/.local/lib/python3.12/site-packages/airflow/example_dags/example_sla_dag.py took 0.108 seconds
[2024-10-06T13:00:05.236+0000] {processor.py:186} INFO - Started process (PID=25296) to work on /home/airflow/.local/lib/python3.12/site-packages/airflow/example_dags/example_sla_dag.py
[2024-10-06T13:00:05.238+0000] {processor.py:914} INFO - Processing file /home/airflow/.local/lib/python3.12/site-packages/airflow/example_dags/example_sla_dag.py for tasks to queue
[2024-10-06T13:00:05.239+0000] {logging_mixin.py:190} INFO - [2024-10-06T13:00:05.239+0000] {dagbag.py:587} INFO - Filling up the DagBag from /home/airflow/.local/lib/python3.12/site-packages/airflow/example_dags/example_sla_dag.py
[2024-10-06T13:00:05.244+0000] {processor.py:925} INFO - DAG(s) 'example_sla_dag' retrieved from /home/airflow/.local/lib/python3.12/site-packages/airflow/example_dags/example_sla_dag.py
[2024-10-06T13:00:05.252+0000] {logging_mixin.py:190} INFO - [2024-10-06T13:00:05.252+0000] {dag.py:3229} INFO - Sync 1 DAGs
[2024-10-06T13:00:05.266+0000] {logging_mixin.py:190} INFO - [2024-10-06T13:00:05.266+0000] {dag.py:4156} INFO - Setting next_dagrun for example_sla_dag to 2024-10-06 12:58:00+00:00, run_after=2024-10-06 13:00:00+00:00
[2024-10-06T13:00:05.273+0000] {processor.py:208} INFO - Processing /home/airflow/.local/lib/python3.12/site-packages/airflow/example_dags/example_sla_dag.py took 0.040 seconds
[2024-10-06T13:48:16.598+0000] {processor.py:186} INFO - Started process (PID=25366) to work on /home/airflow/.local/lib/python3.12/site-packages/airflow/example_dags/example_sla_dag.py
[2024-10-06T13:48:16.599+0000] {processor.py:914} INFO - Processing file /home/airflow/.local/lib/python3.12/site-packages/airflow/example_dags/example_sla_dag.py for tasks to queue
[2024-10-06T13:48:16.599+0000] {logging_mixin.py:190} INFO - [2024-10-06T13:48:16.599+0000] {dagbag.py:587} INFO - Filling up the DagBag from /home/airflow/.local/lib/python3.12/site-packages/airflow/example_dags/example_sla_dag.py
[2024-10-06T13:48:16.604+0000] {processor.py:925} INFO - DAG(s) 'example_sla_dag' retrieved from /home/airflow/.local/lib/python3.12/site-packages/airflow/example_dags/example_sla_dag.py
[2024-10-06T13:48:16.619+0000] {logging_mixin.py:190} INFO - [2024-10-06T13:48:16.619+0000] {dag.py:3229} INFO - Sync 1 DAGs
[2024-10-06T13:48:16.636+0000] {logging_mixin.py:190} INFO - [2024-10-06T13:48:16.636+0000] {dag.py:4156} INFO - Setting next_dagrun for example_sla_dag to 2024-10-06 13:46:00+00:00, run_after=2024-10-06 13:48:00+00:00
[2024-10-06T13:48:16.647+0000] {processor.py:208} INFO - Processing /home/airflow/.local/lib/python3.12/site-packages/airflow/example_dags/example_sla_dag.py took 0.053 seconds
[2024-10-06T13:55:52.326+0000] {processor.py:186} INFO - Started process (PID=25436) to work on /home/airflow/.local/lib/python3.12/site-packages/airflow/example_dags/example_sla_dag.py
[2024-10-06T13:55:52.329+0000] {processor.py:914} INFO - Processing file /home/airflow/.local/lib/python3.12/site-packages/airflow/example_dags/example_sla_dag.py for tasks to queue
[2024-10-06T13:55:52.330+0000] {logging_mixin.py:190} INFO - [2024-10-06T13:55:52.330+0000] {dagbag.py:587} INFO - Filling up the DagBag from /home/airflow/.local/lib/python3.12/site-packages/airflow/example_dags/example_sla_dag.py
[2024-10-06T13:55:52.337+0000] {processor.py:925} INFO - DAG(s) 'example_sla_dag' retrieved from /home/airflow/.local/lib/python3.12/site-packages/airflow/example_dags/example_sla_dag.py
[2024-10-06T13:55:52.357+0000] {logging_mixin.py:190} INFO - [2024-10-06T13:55:52.356+0000] {dag.py:3229} INFO - Sync 1 DAGs
[2024-10-06T13:55:52.374+0000] {logging_mixin.py:190} INFO - [2024-10-06T13:55:52.374+0000] {dag.py:4156} INFO - Setting next_dagrun for example_sla_dag to 2024-10-06 13:52:00+00:00, run_after=2024-10-06 13:54:00+00:00
[2024-10-06T13:55:52.389+0000] {processor.py:208} INFO - Processing /home/airflow/.local/lib/python3.12/site-packages/airflow/example_dags/example_sla_dag.py took 0.067 seconds
[2024-10-06T14:56:51.460+0000] {processor.py:186} INFO - Started process (PID=25506) to work on /home/airflow/.local/lib/python3.12/site-packages/airflow/example_dags/example_sla_dag.py
[2024-10-06T14:56:51.466+0000] {processor.py:914} INFO - Processing file /home/airflow/.local/lib/python3.12/site-packages/airflow/example_dags/example_sla_dag.py for tasks to queue
[2024-10-06T14:56:51.468+0000] {logging_mixin.py:190} INFO - [2024-10-06T14:56:51.468+0000] {dagbag.py:587} INFO - Filling up the DagBag from /home/airflow/.local/lib/python3.12/site-packages/airflow/example_dags/example_sla_dag.py
[2024-10-06T14:56:51.485+0000] {processor.py:925} INFO - DAG(s) 'example_sla_dag' retrieved from /home/airflow/.local/lib/python3.12/site-packages/airflow/example_dags/example_sla_dag.py
[2024-10-06T14:56:51.532+0000] {logging_mixin.py:190} INFO - [2024-10-06T14:56:51.531+0000] {dag.py:3229} INFO - Sync 1 DAGs
[2024-10-06T14:56:51.579+0000] {logging_mixin.py:190} INFO - [2024-10-06T14:56:51.579+0000] {dag.py:4156} INFO - Setting next_dagrun for example_sla_dag to 2024-10-06 14:54:00+00:00, run_after=2024-10-06 14:56:00+00:00
[2024-10-06T14:56:51.603+0000] {processor.py:208} INFO - Processing /home/airflow/.local/lib/python3.12/site-packages/airflow/example_dags/example_sla_dag.py took 0.161 seconds
[2024-10-06T15:41:29.806+0000] {processor.py:186} INFO - Started process (PID=25576) to work on /home/airflow/.local/lib/python3.12/site-packages/airflow/example_dags/example_sla_dag.py
[2024-10-06T15:41:29.807+0000] {processor.py:914} INFO - Processing file /home/airflow/.local/lib/python3.12/site-packages/airflow/example_dags/example_sla_dag.py for tasks to queue
[2024-10-06T15:41:29.807+0000] {logging_mixin.py:190} INFO - [2024-10-06T15:41:29.807+0000] {dagbag.py:587} INFO - Filling up the DagBag from /home/airflow/.local/lib/python3.12/site-packages/airflow/example_dags/example_sla_dag.py
[2024-10-06T15:41:29.813+0000] {processor.py:925} INFO - DAG(s) 'example_sla_dag' retrieved from /home/airflow/.local/lib/python3.12/site-packages/airflow/example_dags/example_sla_dag.py
[2024-10-06T15:41:29.835+0000] {logging_mixin.py:190} INFO - [2024-10-06T15:41:29.834+0000] {dag.py:3229} INFO - Sync 1 DAGs
[2024-10-06T15:41:29.854+0000] {logging_mixin.py:190} INFO - [2024-10-06T15:41:29.854+0000] {dag.py:4156} INFO - Setting next_dagrun for example_sla_dag to 2024-10-06 15:38:00+00:00, run_after=2024-10-06 15:40:00+00:00
[2024-10-06T15:41:29.863+0000] {processor.py:208} INFO - Processing /home/airflow/.local/lib/python3.12/site-packages/airflow/example_dags/example_sla_dag.py took 0.064 seconds
[2024-10-06T16:15:55.642+0000] {processor.py:186} INFO - Started process (PID=25646) to work on /home/airflow/.local/lib/python3.12/site-packages/airflow/example_dags/example_sla_dag.py
[2024-10-06T16:15:55.643+0000] {processor.py:914} INFO - Processing file /home/airflow/.local/lib/python3.12/site-packages/airflow/example_dags/example_sla_dag.py for tasks to queue
[2024-10-06T16:15:55.644+0000] {logging_mixin.py:190} INFO - [2024-10-06T16:15:55.644+0000] {dagbag.py:587} INFO - Filling up the DagBag from /home/airflow/.local/lib/python3.12/site-packages/airflow/example_dags/example_sla_dag.py
[2024-10-06T16:15:55.657+0000] {processor.py:925} INFO - DAG(s) 'example_sla_dag' retrieved from /home/airflow/.local/lib/python3.12/site-packages/airflow/example_dags/example_sla_dag.py
[2024-10-06T16:15:55.673+0000] {logging_mixin.py:190} INFO - [2024-10-06T16:15:55.673+0000] {dag.py:3229} INFO - Sync 1 DAGs
[2024-10-06T16:15:55.688+0000] {logging_mixin.py:190} INFO - [2024-10-06T16:15:55.688+0000] {dag.py:4156} INFO - Setting next_dagrun for example_sla_dag to 2024-10-06 16:12:00+00:00, run_after=2024-10-06 16:14:00+00:00
[2024-10-06T16:15:55.696+0000] {processor.py:208} INFO - Processing /home/airflow/.local/lib/python3.12/site-packages/airflow/example_dags/example_sla_dag.py took 0.059 seconds
[2024-10-06T16:58:36.530+0000] {processor.py:186} INFO - Started process (PID=25716) to work on /home/airflow/.local/lib/python3.12/site-packages/airflow/example_dags/example_sla_dag.py
[2024-10-06T16:58:36.552+0000] {processor.py:914} INFO - Processing file /home/airflow/.local/lib/python3.12/site-packages/airflow/example_dags/example_sla_dag.py for tasks to queue
[2024-10-06T16:58:36.553+0000] {logging_mixin.py:190} INFO - [2024-10-06T16:58:36.553+0000] {dagbag.py:587} INFO - Filling up the DagBag from /home/airflow/.local/lib/python3.12/site-packages/airflow/example_dags/example_sla_dag.py
[2024-10-06T16:58:36.566+0000] {processor.py:925} INFO - DAG(s) 'example_sla_dag' retrieved from /home/airflow/.local/lib/python3.12/site-packages/airflow/example_dags/example_sla_dag.py
[2024-10-06T16:58:36.595+0000] {logging_mixin.py:190} INFO - [2024-10-06T16:58:36.595+0000] {dag.py:3229} INFO - Sync 1 DAGs
[2024-10-06T16:58:36.615+0000] {logging_mixin.py:190} INFO - [2024-10-06T16:58:36.615+0000] {dag.py:4156} INFO - Setting next_dagrun for example_sla_dag to 2024-10-06 16:56:00+00:00, run_after=2024-10-06 16:58:00+00:00
[2024-10-06T16:58:36.633+0000] {processor.py:208} INFO - Processing /home/airflow/.local/lib/python3.12/site-packages/airflow/example_dags/example_sla_dag.py took 0.110 seconds
[2024-10-06T16:59:06.888+0000] {processor.py:186} INFO - Started process (PID=25786) to work on /home/airflow/.local/lib/python3.12/site-packages/airflow/example_dags/example_sla_dag.py
[2024-10-06T16:59:06.889+0000] {processor.py:914} INFO - Processing file /home/airflow/.local/lib/python3.12/site-packages/airflow/example_dags/example_sla_dag.py for tasks to queue
[2024-10-06T16:59:06.890+0000] {logging_mixin.py:190} INFO - [2024-10-06T16:59:06.890+0000] {dagbag.py:587} INFO - Filling up the DagBag from /home/airflow/.local/lib/python3.12/site-packages/airflow/example_dags/example_sla_dag.py
[2024-10-06T16:59:06.895+0000] {processor.py:925} INFO - DAG(s) 'example_sla_dag' retrieved from /home/airflow/.local/lib/python3.12/site-packages/airflow/example_dags/example_sla_dag.py
[2024-10-06T16:59:06.908+0000] {logging_mixin.py:190} INFO - [2024-10-06T16:59:06.908+0000] {dag.py:3229} INFO - Sync 1 DAGs
[2024-10-06T16:59:06.924+0000] {logging_mixin.py:190} INFO - [2024-10-06T16:59:06.924+0000] {dag.py:4156} INFO - Setting next_dagrun for example_sla_dag to 2024-10-06 16:56:00+00:00, run_after=2024-10-06 16:58:00+00:00
[2024-10-06T16:59:06.938+0000] {processor.py:208} INFO - Processing /home/airflow/.local/lib/python3.12/site-packages/airflow/example_dags/example_sla_dag.py took 0.053 seconds
[2024-10-06T17:59:33.030+0000] {processor.py:186} INFO - Started process (PID=25855) to work on /home/airflow/.local/lib/python3.12/site-packages/airflow/example_dags/example_sla_dag.py
[2024-10-06T17:59:33.031+0000] {processor.py:914} INFO - Processing file /home/airflow/.local/lib/python3.12/site-packages/airflow/example_dags/example_sla_dag.py for tasks to queue
[2024-10-06T17:59:33.031+0000] {logging_mixin.py:190} INFO - [2024-10-06T17:59:33.031+0000] {dagbag.py:587} INFO - Filling up the DagBag from /home/airflow/.local/lib/python3.12/site-packages/airflow/example_dags/example_sla_dag.py
[2024-10-06T17:59:33.036+0000] {processor.py:925} INFO - DAG(s) 'example_sla_dag' retrieved from /home/airflow/.local/lib/python3.12/site-packages/airflow/example_dags/example_sla_dag.py
[2024-10-06T17:59:33.044+0000] {logging_mixin.py:190} INFO - [2024-10-06T17:59:33.044+0000] {dag.py:3229} INFO - Sync 1 DAGs
[2024-10-06T17:59:33.054+0000] {logging_mixin.py:190} INFO - [2024-10-06T17:59:33.054+0000] {dag.py:4156} INFO - Setting next_dagrun for example_sla_dag to 2024-10-06 17:56:00+00:00, run_after=2024-10-06 17:58:00+00:00
[2024-10-06T17:59:33.062+0000] {processor.py:208} INFO - Processing /home/airflow/.local/lib/python3.12/site-packages/airflow/example_dags/example_sla_dag.py took 0.034 seconds
[2024-10-06T18:17:01.912+0000] {processor.py:186} INFO - Started process (PID=25925) to work on /home/airflow/.local/lib/python3.12/site-packages/airflow/example_dags/example_sla_dag.py
[2024-10-06T18:17:01.915+0000] {processor.py:914} INFO - Processing file /home/airflow/.local/lib/python3.12/site-packages/airflow/example_dags/example_sla_dag.py for tasks to queue
[2024-10-06T18:17:01.916+0000] {logging_mixin.py:190} INFO - [2024-10-06T18:17:01.916+0000] {dagbag.py:587} INFO - Filling up the DagBag from /home/airflow/.local/lib/python3.12/site-packages/airflow/example_dags/example_sla_dag.py
[2024-10-06T18:17:01.929+0000] {processor.py:925} INFO - DAG(s) 'example_sla_dag' retrieved from /home/airflow/.local/lib/python3.12/site-packages/airflow/example_dags/example_sla_dag.py
[2024-10-06T18:17:01.945+0000] {logging_mixin.py:190} INFO - [2024-10-06T18:17:01.944+0000] {dag.py:3229} INFO - Sync 1 DAGs
[2024-10-06T18:17:01.962+0000] {logging_mixin.py:190} INFO - [2024-10-06T18:17:01.962+0000] {dag.py:4156} INFO - Setting next_dagrun for example_sla_dag to 2024-10-06 18:14:00+00:00, run_after=2024-10-06 18:16:00+00:00
[2024-10-06T18:17:01.976+0000] {processor.py:208} INFO - Processing /home/airflow/.local/lib/python3.12/site-packages/airflow/example_dags/example_sla_dag.py took 0.072 seconds
[2024-10-06T18:49:50.284+0000] {processor.py:186} INFO - Started process (PID=25995) to work on /home/airflow/.local/lib/python3.12/site-packages/airflow/example_dags/example_sla_dag.py
[2024-10-06T18:49:50.286+0000] {processor.py:914} INFO - Processing file /home/airflow/.local/lib/python3.12/site-packages/airflow/example_dags/example_sla_dag.py for tasks to queue
[2024-10-06T18:49:50.286+0000] {logging_mixin.py:190} INFO - [2024-10-06T18:49:50.286+0000] {dagbag.py:587} INFO - Filling up the DagBag from /home/airflow/.local/lib/python3.12/site-packages/airflow/example_dags/example_sla_dag.py
[2024-10-06T18:49:50.292+0000] {processor.py:925} INFO - DAG(s) 'example_sla_dag' retrieved from /home/airflow/.local/lib/python3.12/site-packages/airflow/example_dags/example_sla_dag.py
[2024-10-06T18:49:50.308+0000] {logging_mixin.py:190} INFO - [2024-10-06T18:49:50.308+0000] {dag.py:3229} INFO - Sync 1 DAGs
[2024-10-06T18:49:50.320+0000] {logging_mixin.py:190} INFO - [2024-10-06T18:49:50.320+0000] {dag.py:4156} INFO - Setting next_dagrun for example_sla_dag to 2024-10-06 18:46:00+00:00, run_after=2024-10-06 18:48:00+00:00
[2024-10-06T18:49:50.330+0000] {processor.py:208} INFO - Processing /home/airflow/.local/lib/python3.12/site-packages/airflow/example_dags/example_sla_dag.py took 0.049 seconds
[2024-10-06T19:00:33.897+0000] {processor.py:186} INFO - Started process (PID=26065) to work on /home/airflow/.local/lib/python3.12/site-packages/airflow/example_dags/example_sla_dag.py
[2024-10-06T19:00:33.898+0000] {processor.py:914} INFO - Processing file /home/airflow/.local/lib/python3.12/site-packages/airflow/example_dags/example_sla_dag.py for tasks to queue
[2024-10-06T19:00:33.899+0000] {logging_mixin.py:190} INFO - [2024-10-06T19:00:33.899+0000] {dagbag.py:587} INFO - Filling up the DagBag from /home/airflow/.local/lib/python3.12/site-packages/airflow/example_dags/example_sla_dag.py
[2024-10-06T19:00:33.908+0000] {processor.py:925} INFO - DAG(s) 'example_sla_dag' retrieved from /home/airflow/.local/lib/python3.12/site-packages/airflow/example_dags/example_sla_dag.py
[2024-10-06T19:00:33.922+0000] {logging_mixin.py:190} INFO - [2024-10-06T19:00:33.922+0000] {dag.py:3229} INFO - Sync 1 DAGs
[2024-10-06T19:00:33.934+0000] {logging_mixin.py:190} INFO - [2024-10-06T19:00:33.934+0000] {dag.py:4156} INFO - Setting next_dagrun for example_sla_dag to 2024-10-06 18:58:00+00:00, run_after=2024-10-06 19:00:00+00:00
[2024-10-06T19:00:33.945+0000] {processor.py:208} INFO - Processing /home/airflow/.local/lib/python3.12/site-packages/airflow/example_dags/example_sla_dag.py took 0.051 seconds
[2024-10-06T19:16:46.714+0000] {processor.py:186} INFO - Started process (PID=26135) to work on /home/airflow/.local/lib/python3.12/site-packages/airflow/example_dags/example_sla_dag.py
[2024-10-06T19:16:46.714+0000] {processor.py:914} INFO - Processing file /home/airflow/.local/lib/python3.12/site-packages/airflow/example_dags/example_sla_dag.py for tasks to queue
[2024-10-06T19:16:46.715+0000] {logging_mixin.py:190} INFO - [2024-10-06T19:16:46.715+0000] {dagbag.py:587} INFO - Filling up the DagBag from /home/airflow/.local/lib/python3.12/site-packages/airflow/example_dags/example_sla_dag.py
[2024-10-06T19:16:46.721+0000] {processor.py:925} INFO - DAG(s) 'example_sla_dag' retrieved from /home/airflow/.local/lib/python3.12/site-packages/airflow/example_dags/example_sla_dag.py
[2024-10-06T19:16:46.734+0000] {logging_mixin.py:190} INFO - [2024-10-06T19:16:46.734+0000] {dag.py:3229} INFO - Sync 1 DAGs
[2024-10-06T19:16:46.752+0000] {logging_mixin.py:190} INFO - [2024-10-06T19:16:46.751+0000] {dag.py:4156} INFO - Setting next_dagrun for example_sla_dag to 2024-10-06 19:14:00+00:00, run_after=2024-10-06 19:16:00+00:00
[2024-10-06T19:16:46.762+0000] {processor.py:208} INFO - Processing /home/airflow/.local/lib/python3.12/site-packages/airflow/example_dags/example_sla_dag.py took 0.053 seconds
[2024-10-06T20:01:51.059+0000] {processor.py:186} INFO - Started process (PID=26205) to work on /home/airflow/.local/lib/python3.12/site-packages/airflow/example_dags/example_sla_dag.py
[2024-10-06T20:01:51.061+0000] {processor.py:914} INFO - Processing file /home/airflow/.local/lib/python3.12/site-packages/airflow/example_dags/example_sla_dag.py for tasks to queue
[2024-10-06T20:01:51.062+0000] {logging_mixin.py:190} INFO - [2024-10-06T20:01:51.062+0000] {dagbag.py:587} INFO - Filling up the DagBag from /home/airflow/.local/lib/python3.12/site-packages/airflow/example_dags/example_sla_dag.py
[2024-10-06T20:01:51.075+0000] {processor.py:925} INFO - DAG(s) 'example_sla_dag' retrieved from /home/airflow/.local/lib/python3.12/site-packages/airflow/example_dags/example_sla_dag.py
[2024-10-06T20:01:51.088+0000] {logging_mixin.py:190} INFO - [2024-10-06T20:01:51.088+0000] {dag.py:3229} INFO - Sync 1 DAGs
[2024-10-06T20:01:51.104+0000] {logging_mixin.py:190} INFO - [2024-10-06T20:01:51.104+0000] {dag.py:4156} INFO - Setting next_dagrun for example_sla_dag to 2024-10-06 19:58:00+00:00, run_after=2024-10-06 20:00:00+00:00
[2024-10-06T20:01:51.119+0000] {processor.py:208} INFO - Processing /home/airflow/.local/lib/python3.12/site-packages/airflow/example_dags/example_sla_dag.py took 0.063 seconds
[2024-10-06T20:18:00.438+0000] {processor.py:186} INFO - Started process (PID=26275) to work on /home/airflow/.local/lib/python3.12/site-packages/airflow/example_dags/example_sla_dag.py
[2024-10-06T20:18:00.439+0000] {processor.py:914} INFO - Processing file /home/airflow/.local/lib/python3.12/site-packages/airflow/example_dags/example_sla_dag.py for tasks to queue
[2024-10-06T20:18:00.440+0000] {logging_mixin.py:190} INFO - [2024-10-06T20:18:00.440+0000] {dagbag.py:587} INFO - Filling up the DagBag from /home/airflow/.local/lib/python3.12/site-packages/airflow/example_dags/example_sla_dag.py
[2024-10-06T20:18:00.450+0000] {processor.py:925} INFO - DAG(s) 'example_sla_dag' retrieved from /home/airflow/.local/lib/python3.12/site-packages/airflow/example_dags/example_sla_dag.py
[2024-10-06T20:18:00.468+0000] {logging_mixin.py:190} INFO - [2024-10-06T20:18:00.468+0000] {dag.py:3229} INFO - Sync 1 DAGs
[2024-10-06T20:18:00.483+0000] {logging_mixin.py:190} INFO - [2024-10-06T20:18:00.483+0000] {dag.py:4156} INFO - Setting next_dagrun for example_sla_dag to 2024-10-06 20:16:00+00:00, run_after=2024-10-06 20:18:00+00:00
[2024-10-06T20:18:00.499+0000] {processor.py:208} INFO - Processing /home/airflow/.local/lib/python3.12/site-packages/airflow/example_dags/example_sla_dag.py took 0.064 seconds
[2024-10-06T20:51:50.219+0000] {processor.py:186} INFO - Started process (PID=26344) to work on /home/airflow/.local/lib/python3.12/site-packages/airflow/example_dags/example_sla_dag.py
[2024-10-06T20:51:50.219+0000] {processor.py:914} INFO - Processing file /home/airflow/.local/lib/python3.12/site-packages/airflow/example_dags/example_sla_dag.py for tasks to queue
[2024-10-06T20:51:50.220+0000] {logging_mixin.py:190} INFO - [2024-10-06T20:51:50.220+0000] {dagbag.py:587} INFO - Filling up the DagBag from /home/airflow/.local/lib/python3.12/site-packages/airflow/example_dags/example_sla_dag.py
[2024-10-06T20:51:50.228+0000] {processor.py:925} INFO - DAG(s) 'example_sla_dag' retrieved from /home/airflow/.local/lib/python3.12/site-packages/airflow/example_dags/example_sla_dag.py
[2024-10-06T20:51:50.240+0000] {logging_mixin.py:190} INFO - [2024-10-06T20:51:50.240+0000] {dag.py:3229} INFO - Sync 1 DAGs
[2024-10-06T20:51:50.255+0000] {logging_mixin.py:190} INFO - [2024-10-06T20:51:50.255+0000] {dag.py:4156} INFO - Setting next_dagrun for example_sla_dag to 2024-10-06 20:48:00+00:00, run_after=2024-10-06 20:50:00+00:00
[2024-10-06T20:51:50.271+0000] {processor.py:208} INFO - Processing /home/airflow/.local/lib/python3.12/site-packages/airflow/example_dags/example_sla_dag.py took 0.055 seconds
[2024-10-06T20:52:22.667+0000] {processor.py:186} INFO - Started process (PID=26415) to work on /home/airflow/.local/lib/python3.12/site-packages/airflow/example_dags/example_sla_dag.py
[2024-10-06T20:52:22.667+0000] {processor.py:914} INFO - Processing file /home/airflow/.local/lib/python3.12/site-packages/airflow/example_dags/example_sla_dag.py for tasks to queue
[2024-10-06T20:52:22.668+0000] {logging_mixin.py:190} INFO - [2024-10-06T20:52:22.668+0000] {dagbag.py:587} INFO - Filling up the DagBag from /home/airflow/.local/lib/python3.12/site-packages/airflow/example_dags/example_sla_dag.py
[2024-10-06T20:52:22.674+0000] {processor.py:925} INFO - DAG(s) 'example_sla_dag' retrieved from /home/airflow/.local/lib/python3.12/site-packages/airflow/example_dags/example_sla_dag.py
[2024-10-06T20:52:22.690+0000] {logging_mixin.py:190} INFO - [2024-10-06T20:52:22.690+0000] {dag.py:3229} INFO - Sync 1 DAGs
[2024-10-06T20:52:22.705+0000] {logging_mixin.py:190} INFO - [2024-10-06T20:52:22.705+0000] {dag.py:4156} INFO - Setting next_dagrun for example_sla_dag to 2024-10-06 20:50:00+00:00, run_after=2024-10-06 20:52:00+00:00
[2024-10-06T20:52:22.729+0000] {processor.py:208} INFO - Processing /home/airflow/.local/lib/python3.12/site-packages/airflow/example_dags/example_sla_dag.py took 0.065 seconds
[2024-10-06T21:19:21.361+0000] {processor.py:186} INFO - Started process (PID=26485) to work on /home/airflow/.local/lib/python3.12/site-packages/airflow/example_dags/example_sla_dag.py
[2024-10-06T21:19:21.364+0000] {processor.py:914} INFO - Processing file /home/airflow/.local/lib/python3.12/site-packages/airflow/example_dags/example_sla_dag.py for tasks to queue
[2024-10-06T21:19:21.366+0000] {logging_mixin.py:190} INFO - [2024-10-06T21:19:21.365+0000] {dagbag.py:587} INFO - Filling up the DagBag from /home/airflow/.local/lib/python3.12/site-packages/airflow/example_dags/example_sla_dag.py
[2024-10-06T21:19:21.372+0000] {processor.py:925} INFO - DAG(s) 'example_sla_dag' retrieved from /home/airflow/.local/lib/python3.12/site-packages/airflow/example_dags/example_sla_dag.py
[2024-10-06T21:19:21.386+0000] {logging_mixin.py:190} INFO - [2024-10-06T21:19:21.386+0000] {dag.py:3229} INFO - Sync 1 DAGs
[2024-10-06T21:19:21.404+0000] {logging_mixin.py:190} INFO - [2024-10-06T21:19:21.403+0000] {dag.py:4156} INFO - Setting next_dagrun for example_sla_dag to 2024-10-06 21:16:00+00:00, run_after=2024-10-06 21:18:00+00:00
[2024-10-06T21:19:21.424+0000] {processor.py:208} INFO - Processing /home/airflow/.local/lib/python3.12/site-packages/airflow/example_dags/example_sla_dag.py took 0.066 seconds
[2024-10-06T21:52:08.969+0000] {processor.py:186} INFO - Started process (PID=26555) to work on /home/airflow/.local/lib/python3.12/site-packages/airflow/example_dags/example_sla_dag.py
[2024-10-06T21:52:08.972+0000] {processor.py:914} INFO - Processing file /home/airflow/.local/lib/python3.12/site-packages/airflow/example_dags/example_sla_dag.py for tasks to queue
[2024-10-06T21:52:08.973+0000] {logging_mixin.py:190} INFO - [2024-10-06T21:52:08.973+0000] {dagbag.py:587} INFO - Filling up the DagBag from /home/airflow/.local/lib/python3.12/site-packages/airflow/example_dags/example_sla_dag.py
[2024-10-06T21:52:08.979+0000] {processor.py:925} INFO - DAG(s) 'example_sla_dag' retrieved from /home/airflow/.local/lib/python3.12/site-packages/airflow/example_dags/example_sla_dag.py
[2024-10-06T21:52:08.995+0000] {logging_mixin.py:190} INFO - [2024-10-06T21:52:08.995+0000] {dag.py:3229} INFO - Sync 1 DAGs
[2024-10-06T21:52:09.017+0000] {logging_mixin.py:190} INFO - [2024-10-06T21:52:09.017+0000] {dag.py:4156} INFO - Setting next_dagrun for example_sla_dag to 2024-10-06 21:50:00+00:00, run_after=2024-10-06 21:52:00+00:00
[2024-10-06T21:52:09.028+0000] {processor.py:208} INFO - Processing /home/airflow/.local/lib/python3.12/site-packages/airflow/example_dags/example_sla_dag.py took 0.062 seconds
[2024-10-06T22:53:03.864+0000] {processor.py:186} INFO - Started process (PID=26625) to work on /home/airflow/.local/lib/python3.12/site-packages/airflow/example_dags/example_sla_dag.py
[2024-10-06T22:53:03.865+0000] {processor.py:914} INFO - Processing file /home/airflow/.local/lib/python3.12/site-packages/airflow/example_dags/example_sla_dag.py for tasks to queue
[2024-10-06T22:53:03.866+0000] {logging_mixin.py:190} INFO - [2024-10-06T22:53:03.866+0000] {dagbag.py:587} INFO - Filling up the DagBag from /home/airflow/.local/lib/python3.12/site-packages/airflow/example_dags/example_sla_dag.py
[2024-10-06T22:53:03.873+0000] {processor.py:925} INFO - DAG(s) 'example_sla_dag' retrieved from /home/airflow/.local/lib/python3.12/site-packages/airflow/example_dags/example_sla_dag.py
[2024-10-06T22:53:03.891+0000] {logging_mixin.py:190} INFO - [2024-10-06T22:53:03.891+0000] {dag.py:3229} INFO - Sync 1 DAGs
[2024-10-06T22:53:03.907+0000] {logging_mixin.py:190} INFO - [2024-10-06T22:53:03.907+0000] {dag.py:4156} INFO - Setting next_dagrun for example_sla_dag to 2024-10-06 22:50:00+00:00, run_after=2024-10-06 22:52:00+00:00
[2024-10-06T22:53:03.916+0000] {processor.py:208} INFO - Processing /home/airflow/.local/lib/python3.12/site-packages/airflow/example_dags/example_sla_dag.py took 0.055 seconds
[2024-10-06T23:21:12.558+0000] {processor.py:186} INFO - Started process (PID=26695) to work on /home/airflow/.local/lib/python3.12/site-packages/airflow/example_dags/example_sla_dag.py
[2024-10-06T23:21:12.559+0000] {processor.py:914} INFO - Processing file /home/airflow/.local/lib/python3.12/site-packages/airflow/example_dags/example_sla_dag.py for tasks to queue
[2024-10-06T23:21:12.560+0000] {logging_mixin.py:190} INFO - [2024-10-06T23:21:12.560+0000] {dagbag.py:587} INFO - Filling up the DagBag from /home/airflow/.local/lib/python3.12/site-packages/airflow/example_dags/example_sla_dag.py
[2024-10-06T23:21:12.569+0000] {processor.py:925} INFO - DAG(s) 'example_sla_dag' retrieved from /home/airflow/.local/lib/python3.12/site-packages/airflow/example_dags/example_sla_dag.py
[2024-10-06T23:21:12.578+0000] {logging_mixin.py:190} INFO - [2024-10-06T23:21:12.578+0000] {dag.py:3229} INFO - Sync 1 DAGs
[2024-10-06T23:21:12.591+0000] {logging_mixin.py:190} INFO - [2024-10-06T23:21:12.591+0000] {dag.py:4156} INFO - Setting next_dagrun for example_sla_dag to 2024-10-06 23:18:00+00:00, run_after=2024-10-06 23:20:00+00:00
[2024-10-06T23:21:12.601+0000] {processor.py:208} INFO - Processing /home/airflow/.local/lib/python3.12/site-packages/airflow/example_dags/example_sla_dag.py took 0.049 seconds
[2024-10-06T23:39:13.823+0000] {processor.py:186} INFO - Started process (PID=26765) to work on /home/airflow/.local/lib/python3.12/site-packages/airflow/example_dags/example_sla_dag.py
[2024-10-06T23:39:13.824+0000] {processor.py:914} INFO - Processing file /home/airflow/.local/lib/python3.12/site-packages/airflow/example_dags/example_sla_dag.py for tasks to queue
[2024-10-06T23:39:13.825+0000] {logging_mixin.py:190} INFO - [2024-10-06T23:39:13.825+0000] {dagbag.py:587} INFO - Filling up the DagBag from /home/airflow/.local/lib/python3.12/site-packages/airflow/example_dags/example_sla_dag.py
[2024-10-06T23:39:13.835+0000] {processor.py:925} INFO - DAG(s) 'example_sla_dag' retrieved from /home/airflow/.local/lib/python3.12/site-packages/airflow/example_dags/example_sla_dag.py
[2024-10-06T23:39:13.848+0000] {logging_mixin.py:190} INFO - [2024-10-06T23:39:13.847+0000] {dag.py:3229} INFO - Sync 1 DAGs
[2024-10-06T23:39:13.860+0000] {logging_mixin.py:190} INFO - [2024-10-06T23:39:13.860+0000] {dag.py:4156} INFO - Setting next_dagrun for example_sla_dag to 2024-10-06 23:36:00+00:00, run_after=2024-10-06 23:38:00+00:00
[2024-10-06T23:39:13.880+0000] {processor.py:208} INFO - Processing /home/airflow/.local/lib/python3.12/site-packages/airflow/example_dags/example_sla_dag.py took 0.063 seconds
