[2024-10-06T00:50:47.918+0000] {processor.py:186} INFO - Started process (PID=24106) to work on /home/airflow/.local/lib/python3.12/site-packages/airflow/example_dags/example_python_operator.py
[2024-10-06T00:50:47.919+0000] {processor.py:914} INFO - Processing file /home/airflow/.local/lib/python3.12/site-packages/airflow/example_dags/example_python_operator.py for tasks to queue
[2024-10-06T00:50:47.920+0000] {logging_mixin.py:190} INFO - [2024-10-06T00:50:47.920+0000] {dagbag.py:587} INFO - Filling up the DagBag from /home/airflow/.local/lib/python3.12/site-packages/airflow/example_dags/example_python_operator.py
[2024-10-06T00:50:47.934+0000] {processor.py:925} INFO - DAG(s) 'example_python_operator' retrieved from /home/airflow/.local/lib/python3.12/site-packages/airflow/example_dags/example_python_operator.py
[2024-10-06T00:50:47.953+0000] {logging_mixin.py:190} INFO - [2024-10-06T00:50:47.953+0000] {dag.py:3229} INFO - Sync 1 DAGs
[2024-10-06T00:50:47.961+0000] {logging_mixin.py:190} INFO - [2024-10-06T00:50:47.961+0000] {dag.py:4156} INFO - Setting next_dagrun for example_python_operator to None, run_after=None
[2024-10-06T00:50:47.970+0000] {processor.py:208} INFO - Processing /home/airflow/.local/lib/python3.12/site-packages/airflow/example_dags/example_python_operator.py took 0.056 seconds
[2024-10-06T00:51:18.555+0000] {processor.py:186} INFO - Started process (PID=24176) to work on /home/airflow/.local/lib/python3.12/site-packages/airflow/example_dags/example_python_operator.py
[2024-10-06T00:51:18.557+0000] {processor.py:914} INFO - Processing file /home/airflow/.local/lib/python3.12/site-packages/airflow/example_dags/example_python_operator.py for tasks to queue
[2024-10-06T00:51:18.558+0000] {logging_mixin.py:190} INFO - [2024-10-06T00:51:18.558+0000] {dagbag.py:587} INFO - Filling up the DagBag from /home/airflow/.local/lib/python3.12/site-packages/airflow/example_dags/example_python_operator.py
[2024-10-06T00:51:18.564+0000] {processor.py:925} INFO - DAG(s) 'example_python_operator' retrieved from /home/airflow/.local/lib/python3.12/site-packages/airflow/example_dags/example_python_operator.py
[2024-10-06T00:51:18.576+0000] {logging_mixin.py:190} INFO - [2024-10-06T00:51:18.576+0000] {dag.py:3229} INFO - Sync 1 DAGs
[2024-10-06T00:51:18.584+0000] {logging_mixin.py:190} INFO - [2024-10-06T00:51:18.584+0000] {dag.py:4156} INFO - Setting next_dagrun for example_python_operator to None, run_after=None
[2024-10-06T00:51:18.598+0000] {processor.py:208} INFO - Processing /home/airflow/.local/lib/python3.12/site-packages/airflow/example_dags/example_python_operator.py took 0.045 seconds
[2024-10-06T01:51:42.695+0000] {processor.py:186} INFO - Started process (PID=24245) to work on /home/airflow/.local/lib/python3.12/site-packages/airflow/example_dags/example_python_operator.py
[2024-10-06T01:51:42.696+0000] {processor.py:914} INFO - Processing file /home/airflow/.local/lib/python3.12/site-packages/airflow/example_dags/example_python_operator.py for tasks to queue
[2024-10-06T01:51:42.696+0000] {logging_mixin.py:190} INFO - [2024-10-06T01:51:42.696+0000] {dagbag.py:587} INFO - Filling up the DagBag from /home/airflow/.local/lib/python3.12/site-packages/airflow/example_dags/example_python_operator.py
[2024-10-06T01:51:42.703+0000] {processor.py:925} INFO - DAG(s) 'example_python_operator' retrieved from /home/airflow/.local/lib/python3.12/site-packages/airflow/example_dags/example_python_operator.py
[2024-10-06T01:51:42.715+0000] {logging_mixin.py:190} INFO - [2024-10-06T01:51:42.715+0000] {dag.py:3229} INFO - Sync 1 DAGs
[2024-10-06T01:51:42.723+0000] {logging_mixin.py:190} INFO - [2024-10-06T01:51:42.723+0000] {dag.py:4156} INFO - Setting next_dagrun for example_python_operator to None, run_after=None
[2024-10-06T01:51:42.736+0000] {processor.py:208} INFO - Processing /home/airflow/.local/lib/python3.12/site-packages/airflow/example_dags/example_python_operator.py took 0.043 seconds
[2024-10-06T02:42:32.567+0000] {processor.py:186} INFO - Started process (PID=24314) to work on /home/airflow/.local/lib/python3.12/site-packages/airflow/example_dags/example_python_operator.py
[2024-10-06T02:42:32.568+0000] {processor.py:914} INFO - Processing file /home/airflow/.local/lib/python3.12/site-packages/airflow/example_dags/example_python_operator.py for tasks to queue
[2024-10-06T02:42:32.569+0000] {logging_mixin.py:190} INFO - [2024-10-06T02:42:32.569+0000] {dagbag.py:587} INFO - Filling up the DagBag from /home/airflow/.local/lib/python3.12/site-packages/airflow/example_dags/example_python_operator.py
[2024-10-06T02:42:32.575+0000] {processor.py:925} INFO - DAG(s) 'example_python_operator' retrieved from /home/airflow/.local/lib/python3.12/site-packages/airflow/example_dags/example_python_operator.py
[2024-10-06T02:42:32.587+0000] {logging_mixin.py:190} INFO - [2024-10-06T02:42:32.587+0000] {dag.py:3229} INFO - Sync 1 DAGs
[2024-10-06T02:42:32.593+0000] {logging_mixin.py:190} INFO - [2024-10-06T02:42:32.593+0000] {dag.py:4156} INFO - Setting next_dagrun for example_python_operator to None, run_after=None
[2024-10-06T02:42:32.602+0000] {processor.py:208} INFO - Processing /home/airflow/.local/lib/python3.12/site-packages/airflow/example_dags/example_python_operator.py took 0.038 seconds
[2024-10-06T03:10:37.273+0000] {processor.py:186} INFO - Started process (PID=24384) to work on /home/airflow/.local/lib/python3.12/site-packages/airflow/example_dags/example_python_operator.py
[2024-10-06T03:10:37.276+0000] {processor.py:914} INFO - Processing file /home/airflow/.local/lib/python3.12/site-packages/airflow/example_dags/example_python_operator.py for tasks to queue
[2024-10-06T03:10:37.280+0000] {logging_mixin.py:190} INFO - [2024-10-06T03:10:37.279+0000] {dagbag.py:587} INFO - Filling up the DagBag from /home/airflow/.local/lib/python3.12/site-packages/airflow/example_dags/example_python_operator.py
[2024-10-06T03:10:37.309+0000] {processor.py:925} INFO - DAG(s) 'example_python_operator' retrieved from /home/airflow/.local/lib/python3.12/site-packages/airflow/example_dags/example_python_operator.py
[2024-10-06T03:10:37.328+0000] {logging_mixin.py:190} INFO - [2024-10-06T03:10:37.328+0000] {dag.py:3229} INFO - Sync 1 DAGs
[2024-10-06T03:10:37.335+0000] {logging_mixin.py:190} INFO - [2024-10-06T03:10:37.335+0000] {dag.py:4156} INFO - Setting next_dagrun for example_python_operator to None, run_after=None
[2024-10-06T03:10:37.343+0000] {processor.py:208} INFO - Processing /home/airflow/.local/lib/python3.12/site-packages/airflow/example_dags/example_python_operator.py took 0.075 seconds
[2024-10-06T03:53:54.301+0000] {processor.py:186} INFO - Started process (PID=24454) to work on /home/airflow/.local/lib/python3.12/site-packages/airflow/example_dags/example_python_operator.py
[2024-10-06T03:53:54.304+0000] {processor.py:914} INFO - Processing file /home/airflow/.local/lib/python3.12/site-packages/airflow/example_dags/example_python_operator.py for tasks to queue
[2024-10-06T03:53:54.305+0000] {logging_mixin.py:190} INFO - [2024-10-06T03:53:54.305+0000] {dagbag.py:587} INFO - Filling up the DagBag from /home/airflow/.local/lib/python3.12/site-packages/airflow/example_dags/example_python_operator.py
[2024-10-06T03:53:54.313+0000] {processor.py:925} INFO - DAG(s) 'example_python_operator' retrieved from /home/airflow/.local/lib/python3.12/site-packages/airflow/example_dags/example_python_operator.py
[2024-10-06T03:53:54.336+0000] {logging_mixin.py:190} INFO - [2024-10-06T03:53:54.336+0000] {dag.py:3229} INFO - Sync 1 DAGs
[2024-10-06T03:53:54.345+0000] {logging_mixin.py:190} INFO - [2024-10-06T03:53:54.345+0000] {dag.py:4156} INFO - Setting next_dagrun for example_python_operator to None, run_after=None
[2024-10-06T03:53:54.355+0000] {processor.py:208} INFO - Processing /home/airflow/.local/lib/python3.12/site-packages/airflow/example_dags/example_python_operator.py took 0.057 seconds
[2024-10-06T04:44:16.989+0000] {processor.py:186} INFO - Started process (PID=24524) to work on /home/airflow/.local/lib/python3.12/site-packages/airflow/example_dags/example_python_operator.py
[2024-10-06T04:44:16.990+0000] {processor.py:914} INFO - Processing file /home/airflow/.local/lib/python3.12/site-packages/airflow/example_dags/example_python_operator.py for tasks to queue
[2024-10-06T04:44:16.992+0000] {logging_mixin.py:190} INFO - [2024-10-06T04:44:16.992+0000] {dagbag.py:587} INFO - Filling up the DagBag from /home/airflow/.local/lib/python3.12/site-packages/airflow/example_dags/example_python_operator.py
[2024-10-06T04:44:17.000+0000] {processor.py:925} INFO - DAG(s) 'example_python_operator' retrieved from /home/airflow/.local/lib/python3.12/site-packages/airflow/example_dags/example_python_operator.py
[2024-10-06T04:44:17.017+0000] {logging_mixin.py:190} INFO - [2024-10-06T04:44:17.017+0000] {dag.py:3229} INFO - Sync 1 DAGs
[2024-10-06T04:44:17.026+0000] {logging_mixin.py:190} INFO - [2024-10-06T04:44:17.026+0000] {dag.py:4156} INFO - Setting next_dagrun for example_python_operator to None, run_after=None
[2024-10-06T04:44:17.036+0000] {processor.py:208} INFO - Processing /home/airflow/.local/lib/python3.12/site-packages/airflow/example_dags/example_python_operator.py took 0.050 seconds
[2024-10-06T05:45:11.160+0000] {processor.py:186} INFO - Started process (PID=24594) to work on /home/airflow/.local/lib/python3.12/site-packages/airflow/example_dags/example_python_operator.py
[2024-10-06T05:45:11.162+0000] {processor.py:914} INFO - Processing file /home/airflow/.local/lib/python3.12/site-packages/airflow/example_dags/example_python_operator.py for tasks to queue
[2024-10-06T05:45:11.163+0000] {logging_mixin.py:190} INFO - [2024-10-06T05:45:11.163+0000] {dagbag.py:587} INFO - Filling up the DagBag from /home/airflow/.local/lib/python3.12/site-packages/airflow/example_dags/example_python_operator.py
[2024-10-06T05:45:11.169+0000] {processor.py:925} INFO - DAG(s) 'example_python_operator' retrieved from /home/airflow/.local/lib/python3.12/site-packages/airflow/example_dags/example_python_operator.py
[2024-10-06T05:45:11.190+0000] {logging_mixin.py:190} INFO - [2024-10-06T05:45:11.190+0000] {dag.py:3229} INFO - Sync 1 DAGs
[2024-10-06T05:45:11.197+0000] {logging_mixin.py:190} INFO - [2024-10-06T05:45:11.197+0000] {dag.py:4156} INFO - Setting next_dagrun for example_python_operator to None, run_after=None
[2024-10-06T05:45:11.209+0000] {processor.py:208} INFO - Processing /home/airflow/.local/lib/python3.12/site-packages/airflow/example_dags/example_python_operator.py took 0.052 seconds
[2024-10-06T06:27:11.741+0000] {processor.py:186} INFO - Started process (PID=24664) to work on /home/airflow/.local/lib/python3.12/site-packages/airflow/example_dags/example_python_operator.py
[2024-10-06T06:27:11.743+0000] {processor.py:914} INFO - Processing file /home/airflow/.local/lib/python3.12/site-packages/airflow/example_dags/example_python_operator.py for tasks to queue
[2024-10-06T06:27:11.744+0000] {logging_mixin.py:190} INFO - [2024-10-06T06:27:11.743+0000] {dagbag.py:587} INFO - Filling up the DagBag from /home/airflow/.local/lib/python3.12/site-packages/airflow/example_dags/example_python_operator.py
[2024-10-06T06:27:11.751+0000] {processor.py:925} INFO - DAG(s) 'example_python_operator' retrieved from /home/airflow/.local/lib/python3.12/site-packages/airflow/example_dags/example_python_operator.py
[2024-10-06T06:27:11.820+0000] {logging_mixin.py:190} INFO - [2024-10-06T06:27:11.820+0000] {dag.py:3229} INFO - Sync 1 DAGs
[2024-10-06T06:27:11.827+0000] {logging_mixin.py:190} INFO - [2024-10-06T06:27:11.827+0000] {dag.py:4156} INFO - Setting next_dagrun for example_python_operator to None, run_after=None
[2024-10-06T06:27:11.836+0000] {processor.py:208} INFO - Processing /home/airflow/.local/lib/python3.12/site-packages/airflow/example_dags/example_python_operator.py took 0.098 seconds
[2024-10-06T06:56:40.969+0000] {processor.py:186} INFO - Started process (PID=24734) to work on /home/airflow/.local/lib/python3.12/site-packages/airflow/example_dags/example_python_operator.py
[2024-10-06T06:56:40.971+0000] {processor.py:914} INFO - Processing file /home/airflow/.local/lib/python3.12/site-packages/airflow/example_dags/example_python_operator.py for tasks to queue
[2024-10-06T06:56:40.972+0000] {logging_mixin.py:190} INFO - [2024-10-06T06:56:40.971+0000] {dagbag.py:587} INFO - Filling up the DagBag from /home/airflow/.local/lib/python3.12/site-packages/airflow/example_dags/example_python_operator.py
[2024-10-06T06:56:40.993+0000] {processor.py:925} INFO - DAG(s) 'example_python_operator' retrieved from /home/airflow/.local/lib/python3.12/site-packages/airflow/example_dags/example_python_operator.py
[2024-10-06T06:56:41.028+0000] {logging_mixin.py:190} INFO - [2024-10-06T06:56:41.028+0000] {dag.py:3229} INFO - Sync 1 DAGs
[2024-10-06T06:56:41.042+0000] {logging_mixin.py:190} INFO - [2024-10-06T06:56:41.042+0000] {dag.py:4156} INFO - Setting next_dagrun for example_python_operator to None, run_after=None
[2024-10-06T06:56:41.051+0000] {processor.py:208} INFO - Processing /home/airflow/.local/lib/python3.12/site-packages/airflow/example_dags/example_python_operator.py took 0.087 seconds
[2024-10-06T07:29:04.562+0000] {processor.py:186} INFO - Started process (PID=24804) to work on /home/airflow/.local/lib/python3.12/site-packages/airflow/example_dags/example_python_operator.py
[2024-10-06T07:29:04.563+0000] {processor.py:914} INFO - Processing file /home/airflow/.local/lib/python3.12/site-packages/airflow/example_dags/example_python_operator.py for tasks to queue
[2024-10-06T07:29:04.563+0000] {logging_mixin.py:190} INFO - [2024-10-06T07:29:04.563+0000] {dagbag.py:587} INFO - Filling up the DagBag from /home/airflow/.local/lib/python3.12/site-packages/airflow/example_dags/example_python_operator.py
[2024-10-06T07:29:04.569+0000] {processor.py:925} INFO - DAG(s) 'example_python_operator' retrieved from /home/airflow/.local/lib/python3.12/site-packages/airflow/example_dags/example_python_operator.py
[2024-10-06T07:29:04.586+0000] {logging_mixin.py:190} INFO - [2024-10-06T07:29:04.586+0000] {dag.py:3229} INFO - Sync 1 DAGs
[2024-10-06T07:29:04.593+0000] {logging_mixin.py:190} INFO - [2024-10-06T07:29:04.593+0000] {dag.py:4156} INFO - Setting next_dagrun for example_python_operator to None, run_after=None
[2024-10-06T07:29:04.603+0000] {processor.py:208} INFO - Processing /home/airflow/.local/lib/python3.12/site-packages/airflow/example_dags/example_python_operator.py took 0.044 seconds
[2024-10-06T07:57:58.106+0000] {processor.py:186} INFO - Started process (PID=24874) to work on /home/airflow/.local/lib/python3.12/site-packages/airflow/example_dags/example_python_operator.py
[2024-10-06T07:57:58.106+0000] {processor.py:914} INFO - Processing file /home/airflow/.local/lib/python3.12/site-packages/airflow/example_dags/example_python_operator.py for tasks to queue
[2024-10-06T07:57:58.107+0000] {logging_mixin.py:190} INFO - [2024-10-06T07:57:58.107+0000] {dagbag.py:587} INFO - Filling up the DagBag from /home/airflow/.local/lib/python3.12/site-packages/airflow/example_dags/example_python_operator.py
[2024-10-06T07:57:58.114+0000] {processor.py:925} INFO - DAG(s) 'example_python_operator' retrieved from /home/airflow/.local/lib/python3.12/site-packages/airflow/example_dags/example_python_operator.py
[2024-10-06T07:57:58.127+0000] {logging_mixin.py:190} INFO - [2024-10-06T07:57:58.127+0000] {dag.py:3229} INFO - Sync 1 DAGs
[2024-10-06T07:57:58.136+0000] {logging_mixin.py:190} INFO - [2024-10-06T07:57:58.136+0000] {dag.py:4156} INFO - Setting next_dagrun for example_python_operator to None, run_after=None
[2024-10-06T07:57:58.148+0000] {processor.py:208} INFO - Processing /home/airflow/.local/lib/python3.12/site-packages/airflow/example_dags/example_python_operator.py took 0.046 seconds
[2024-10-06T08:02:59.992+0000] {processor.py:186} INFO - Started process (PID=24944) to work on /home/airflow/.local/lib/python3.12/site-packages/airflow/example_dags/example_python_operator.py
[2024-10-06T08:02:59.994+0000] {processor.py:914} INFO - Processing file /home/airflow/.local/lib/python3.12/site-packages/airflow/example_dags/example_python_operator.py for tasks to queue
[2024-10-06T08:02:59.995+0000] {logging_mixin.py:190} INFO - [2024-10-06T08:02:59.995+0000] {dagbag.py:587} INFO - Filling up the DagBag from /home/airflow/.local/lib/python3.12/site-packages/airflow/example_dags/example_python_operator.py
[2024-10-06T08:03:00.002+0000] {processor.py:925} INFO - DAG(s) 'example_python_operator' retrieved from /home/airflow/.local/lib/python3.12/site-packages/airflow/example_dags/example_python_operator.py
[2024-10-06T08:03:00.018+0000] {logging_mixin.py:190} INFO - [2024-10-06T08:03:00.018+0000] {dag.py:3229} INFO - Sync 1 DAGs
[2024-10-06T08:03:00.028+0000] {logging_mixin.py:190} INFO - [2024-10-06T08:03:00.028+0000] {dag.py:4156} INFO - Setting next_dagrun for example_python_operator to None, run_after=None
[2024-10-06T08:03:00.037+0000] {processor.py:208} INFO - Processing /home/airflow/.local/lib/python3.12/site-packages/airflow/example_dags/example_python_operator.py took 0.049 seconds
[2024-10-06T08:03:31.122+0000] {processor.py:186} INFO - Started process (PID=25014) to work on /home/airflow/.local/lib/python3.12/site-packages/airflow/example_dags/example_python_operator.py
[2024-10-06T08:03:31.123+0000] {processor.py:914} INFO - Processing file /home/airflow/.local/lib/python3.12/site-packages/airflow/example_dags/example_python_operator.py for tasks to queue
[2024-10-06T08:03:31.123+0000] {logging_mixin.py:190} INFO - [2024-10-06T08:03:31.123+0000] {dagbag.py:587} INFO - Filling up the DagBag from /home/airflow/.local/lib/python3.12/site-packages/airflow/example_dags/example_python_operator.py
[2024-10-06T08:03:31.129+0000] {processor.py:925} INFO - DAG(s) 'example_python_operator' retrieved from /home/airflow/.local/lib/python3.12/site-packages/airflow/example_dags/example_python_operator.py
[2024-10-06T08:03:31.154+0000] {logging_mixin.py:190} INFO - [2024-10-06T08:03:31.153+0000] {dag.py:3229} INFO - Sync 1 DAGs
[2024-10-06T08:03:31.188+0000] {logging_mixin.py:190} INFO - [2024-10-06T08:03:31.187+0000] {dag.py:4156} INFO - Setting next_dagrun for example_python_operator to None, run_after=None
[2024-10-06T08:03:31.215+0000] {processor.py:208} INFO - Processing /home/airflow/.local/lib/python3.12/site-packages/airflow/example_dags/example_python_operator.py took 0.097 seconds
[2024-10-06T09:43:49.355+0000] {processor.py:186} INFO - Started process (PID=25084) to work on /home/airflow/.local/lib/python3.12/site-packages/airflow/example_dags/example_python_operator.py
[2024-10-06T09:43:49.356+0000] {processor.py:914} INFO - Processing file /home/airflow/.local/lib/python3.12/site-packages/airflow/example_dags/example_python_operator.py for tasks to queue
[2024-10-06T09:43:49.357+0000] {logging_mixin.py:190} INFO - [2024-10-06T09:43:49.356+0000] {dagbag.py:587} INFO - Filling up the DagBag from /home/airflow/.local/lib/python3.12/site-packages/airflow/example_dags/example_python_operator.py
[2024-10-06T09:43:49.365+0000] {processor.py:925} INFO - DAG(s) 'example_python_operator' retrieved from /home/airflow/.local/lib/python3.12/site-packages/airflow/example_dags/example_python_operator.py
[2024-10-06T09:43:49.385+0000] {logging_mixin.py:190} INFO - [2024-10-06T09:43:49.385+0000] {dag.py:3229} INFO - Sync 1 DAGs
[2024-10-06T09:43:49.394+0000] {logging_mixin.py:190} INFO - [2024-10-06T09:43:49.394+0000] {dag.py:4156} INFO - Setting next_dagrun for example_python_operator to None, run_after=None
[2024-10-06T09:43:49.404+0000] {processor.py:208} INFO - Processing /home/airflow/.local/lib/python3.12/site-packages/airflow/example_dags/example_python_operator.py took 0.054 seconds
[2024-10-06T10:16:44.399+0000] {processor.py:186} INFO - Started process (PID=25153) to work on /home/airflow/.local/lib/python3.12/site-packages/airflow/example_dags/example_python_operator.py
[2024-10-06T10:16:44.400+0000] {processor.py:914} INFO - Processing file /home/airflow/.local/lib/python3.12/site-packages/airflow/example_dags/example_python_operator.py for tasks to queue
[2024-10-06T10:16:44.401+0000] {logging_mixin.py:190} INFO - [2024-10-06T10:16:44.401+0000] {dagbag.py:587} INFO - Filling up the DagBag from /home/airflow/.local/lib/python3.12/site-packages/airflow/example_dags/example_python_operator.py
[2024-10-06T10:16:44.415+0000] {processor.py:925} INFO - DAG(s) 'example_python_operator' retrieved from /home/airflow/.local/lib/python3.12/site-packages/airflow/example_dags/example_python_operator.py
[2024-10-06T10:16:44.429+0000] {logging_mixin.py:190} INFO - [2024-10-06T10:16:44.429+0000] {dag.py:3229} INFO - Sync 1 DAGs
[2024-10-06T10:16:44.438+0000] {logging_mixin.py:190} INFO - [2024-10-06T10:16:44.438+0000] {dag.py:4156} INFO - Setting next_dagrun for example_python_operator to None, run_after=None
[2024-10-06T10:16:44.449+0000] {processor.py:208} INFO - Processing /home/airflow/.local/lib/python3.12/site-packages/airflow/example_dags/example_python_operator.py took 0.052 seconds
[2024-10-06T11:20:56.706+0000] {processor.py:186} INFO - Started process (PID=25223) to work on /home/airflow/.local/lib/python3.12/site-packages/airflow/example_dags/example_python_operator.py
[2024-10-06T11:20:56.707+0000] {processor.py:914} INFO - Processing file /home/airflow/.local/lib/python3.12/site-packages/airflow/example_dags/example_python_operator.py for tasks to queue
[2024-10-06T11:20:56.708+0000] {logging_mixin.py:190} INFO - [2024-10-06T11:20:56.708+0000] {dagbag.py:587} INFO - Filling up the DagBag from /home/airflow/.local/lib/python3.12/site-packages/airflow/example_dags/example_python_operator.py
[2024-10-06T11:20:56.717+0000] {processor.py:925} INFO - DAG(s) 'example_python_operator' retrieved from /home/airflow/.local/lib/python3.12/site-packages/airflow/example_dags/example_python_operator.py
[2024-10-06T11:20:56.729+0000] {logging_mixin.py:190} INFO - [2024-10-06T11:20:56.729+0000] {dag.py:3229} INFO - Sync 1 DAGs
[2024-10-06T11:20:56.743+0000] {logging_mixin.py:190} INFO - [2024-10-06T11:20:56.743+0000] {dag.py:4156} INFO - Setting next_dagrun for example_python_operator to None, run_after=None
[2024-10-06T11:20:56.757+0000] {processor.py:208} INFO - Processing /home/airflow/.local/lib/python3.12/site-packages/airflow/example_dags/example_python_operator.py took 0.057 seconds
[2024-10-06T13:00:05.136+0000] {processor.py:186} INFO - Started process (PID=25293) to work on /home/airflow/.local/lib/python3.12/site-packages/airflow/example_dags/example_python_operator.py
[2024-10-06T13:00:05.137+0000] {processor.py:914} INFO - Processing file /home/airflow/.local/lib/python3.12/site-packages/airflow/example_dags/example_python_operator.py for tasks to queue
[2024-10-06T13:00:05.138+0000] {logging_mixin.py:190} INFO - [2024-10-06T13:00:05.137+0000] {dagbag.py:587} INFO - Filling up the DagBag from /home/airflow/.local/lib/python3.12/site-packages/airflow/example_dags/example_python_operator.py
[2024-10-06T13:00:05.145+0000] {processor.py:925} INFO - DAG(s) 'example_python_operator' retrieved from /home/airflow/.local/lib/python3.12/site-packages/airflow/example_dags/example_python_operator.py
[2024-10-06T13:00:05.160+0000] {logging_mixin.py:190} INFO - [2024-10-06T13:00:05.160+0000] {dag.py:3229} INFO - Sync 1 DAGs
[2024-10-06T13:00:05.169+0000] {logging_mixin.py:190} INFO - [2024-10-06T13:00:05.169+0000] {dag.py:4156} INFO - Setting next_dagrun for example_python_operator to None, run_after=None
[2024-10-06T13:00:05.178+0000] {processor.py:208} INFO - Processing /home/airflow/.local/lib/python3.12/site-packages/airflow/example_dags/example_python_operator.py took 0.045 seconds
[2024-10-06T13:48:16.533+0000] {processor.py:186} INFO - Started process (PID=25363) to work on /home/airflow/.local/lib/python3.12/site-packages/airflow/example_dags/example_python_operator.py
[2024-10-06T13:48:16.534+0000] {processor.py:914} INFO - Processing file /home/airflow/.local/lib/python3.12/site-packages/airflow/example_dags/example_python_operator.py for tasks to queue
[2024-10-06T13:48:16.535+0000] {logging_mixin.py:190} INFO - [2024-10-06T13:48:16.534+0000] {dagbag.py:587} INFO - Filling up the DagBag from /home/airflow/.local/lib/python3.12/site-packages/airflow/example_dags/example_python_operator.py
[2024-10-06T13:48:16.541+0000] {processor.py:925} INFO - DAG(s) 'example_python_operator' retrieved from /home/airflow/.local/lib/python3.12/site-packages/airflow/example_dags/example_python_operator.py
[2024-10-06T13:48:16.556+0000] {logging_mixin.py:190} INFO - [2024-10-06T13:48:16.556+0000] {dag.py:3229} INFO - Sync 1 DAGs
[2024-10-06T13:48:16.563+0000] {logging_mixin.py:190} INFO - [2024-10-06T13:48:16.562+0000] {dag.py:4156} INFO - Setting next_dagrun for example_python_operator to None, run_after=None
[2024-10-06T13:48:16.570+0000] {processor.py:208} INFO - Processing /home/airflow/.local/lib/python3.12/site-packages/airflow/example_dags/example_python_operator.py took 0.040 seconds
[2024-10-06T13:55:52.180+0000] {processor.py:186} INFO - Started process (PID=25433) to work on /home/airflow/.local/lib/python3.12/site-packages/airflow/example_dags/example_python_operator.py
[2024-10-06T13:55:52.182+0000] {processor.py:914} INFO - Processing file /home/airflow/.local/lib/python3.12/site-packages/airflow/example_dags/example_python_operator.py for tasks to queue
[2024-10-06T13:55:52.183+0000] {logging_mixin.py:190} INFO - [2024-10-06T13:55:52.183+0000] {dagbag.py:587} INFO - Filling up the DagBag from /home/airflow/.local/lib/python3.12/site-packages/airflow/example_dags/example_python_operator.py
[2024-10-06T13:55:52.191+0000] {processor.py:925} INFO - DAG(s) 'example_python_operator' retrieved from /home/airflow/.local/lib/python3.12/site-packages/airflow/example_dags/example_python_operator.py
[2024-10-06T13:55:52.214+0000] {logging_mixin.py:190} INFO - [2024-10-06T13:55:52.213+0000] {dag.py:3229} INFO - Sync 1 DAGs
[2024-10-06T13:55:52.224+0000] {logging_mixin.py:190} INFO - [2024-10-06T13:55:52.224+0000] {dag.py:4156} INFO - Setting next_dagrun for example_python_operator to None, run_after=None
[2024-10-06T13:55:52.234+0000] {processor.py:208} INFO - Processing /home/airflow/.local/lib/python3.12/site-packages/airflow/example_dags/example_python_operator.py took 0.063 seconds
[2024-10-06T14:56:51.029+0000] {processor.py:186} INFO - Started process (PID=25503) to work on /home/airflow/.local/lib/python3.12/site-packages/airflow/example_dags/example_python_operator.py
[2024-10-06T14:56:51.032+0000] {processor.py:914} INFO - Processing file /home/airflow/.local/lib/python3.12/site-packages/airflow/example_dags/example_python_operator.py for tasks to queue
[2024-10-06T14:56:51.033+0000] {logging_mixin.py:190} INFO - [2024-10-06T14:56:51.033+0000] {dagbag.py:587} INFO - Filling up the DagBag from /home/airflow/.local/lib/python3.12/site-packages/airflow/example_dags/example_python_operator.py
[2024-10-06T14:56:51.084+0000] {processor.py:925} INFO - DAG(s) 'example_python_operator' retrieved from /home/airflow/.local/lib/python3.12/site-packages/airflow/example_dags/example_python_operator.py
[2024-10-06T14:56:51.123+0000] {logging_mixin.py:190} INFO - [2024-10-06T14:56:51.122+0000] {dag.py:3229} INFO - Sync 1 DAGs
[2024-10-06T14:56:51.139+0000] {logging_mixin.py:190} INFO - [2024-10-06T14:56:51.139+0000] {dag.py:4156} INFO - Setting next_dagrun for example_python_operator to None, run_after=None
[2024-10-06T14:56:51.158+0000] {processor.py:208} INFO - Processing /home/airflow/.local/lib/python3.12/site-packages/airflow/example_dags/example_python_operator.py took 0.136 seconds
[2024-10-06T15:41:29.705+0000] {processor.py:186} INFO - Started process (PID=25573) to work on /home/airflow/.local/lib/python3.12/site-packages/airflow/example_dags/example_python_operator.py
[2024-10-06T15:41:29.707+0000] {processor.py:914} INFO - Processing file /home/airflow/.local/lib/python3.12/site-packages/airflow/example_dags/example_python_operator.py for tasks to queue
[2024-10-06T15:41:29.708+0000] {logging_mixin.py:190} INFO - [2024-10-06T15:41:29.707+0000] {dagbag.py:587} INFO - Filling up the DagBag from /home/airflow/.local/lib/python3.12/site-packages/airflow/example_dags/example_python_operator.py
[2024-10-06T15:41:29.717+0000] {processor.py:925} INFO - DAG(s) 'example_python_operator' retrieved from /home/airflow/.local/lib/python3.12/site-packages/airflow/example_dags/example_python_operator.py
[2024-10-06T15:41:29.742+0000] {logging_mixin.py:190} INFO - [2024-10-06T15:41:29.742+0000] {dag.py:3229} INFO - Sync 1 DAGs
[2024-10-06T15:41:29.751+0000] {logging_mixin.py:190} INFO - [2024-10-06T15:41:29.751+0000] {dag.py:4156} INFO - Setting next_dagrun for example_python_operator to None, run_after=None
[2024-10-06T15:41:29.762+0000] {processor.py:208} INFO - Processing /home/airflow/.local/lib/python3.12/site-packages/airflow/example_dags/example_python_operator.py took 0.062 seconds
[2024-10-06T16:15:55.375+0000] {processor.py:186} INFO - Started process (PID=25643) to work on /home/airflow/.local/lib/python3.12/site-packages/airflow/example_dags/example_python_operator.py
[2024-10-06T16:15:55.377+0000] {processor.py:914} INFO - Processing file /home/airflow/.local/lib/python3.12/site-packages/airflow/example_dags/example_python_operator.py for tasks to queue
[2024-10-06T16:15:55.378+0000] {logging_mixin.py:190} INFO - [2024-10-06T16:15:55.377+0000] {dagbag.py:587} INFO - Filling up the DagBag from /home/airflow/.local/lib/python3.12/site-packages/airflow/example_dags/example_python_operator.py
[2024-10-06T16:15:55.390+0000] {processor.py:925} INFO - DAG(s) 'example_python_operator' retrieved from /home/airflow/.local/lib/python3.12/site-packages/airflow/example_dags/example_python_operator.py
[2024-10-06T16:15:55.406+0000] {logging_mixin.py:190} INFO - [2024-10-06T16:15:55.406+0000] {dag.py:3229} INFO - Sync 1 DAGs
[2024-10-06T16:15:55.415+0000] {logging_mixin.py:190} INFO - [2024-10-06T16:15:55.415+0000] {dag.py:4156} INFO - Setting next_dagrun for example_python_operator to None, run_after=None
[2024-10-06T16:15:55.425+0000] {processor.py:208} INFO - Processing /home/airflow/.local/lib/python3.12/site-packages/airflow/example_dags/example_python_operator.py took 0.055 seconds
[2024-10-06T16:58:36.144+0000] {processor.py:186} INFO - Started process (PID=25713) to work on /home/airflow/.local/lib/python3.12/site-packages/airflow/example_dags/example_python_operator.py
[2024-10-06T16:58:36.147+0000] {processor.py:914} INFO - Processing file /home/airflow/.local/lib/python3.12/site-packages/airflow/example_dags/example_python_operator.py for tasks to queue
[2024-10-06T16:58:36.149+0000] {logging_mixin.py:190} INFO - [2024-10-06T16:58:36.148+0000] {dagbag.py:587} INFO - Filling up the DagBag from /home/airflow/.local/lib/python3.12/site-packages/airflow/example_dags/example_python_operator.py
[2024-10-06T16:58:36.177+0000] {processor.py:925} INFO - DAG(s) 'example_python_operator' retrieved from /home/airflow/.local/lib/python3.12/site-packages/airflow/example_dags/example_python_operator.py
[2024-10-06T16:58:36.250+0000] {logging_mixin.py:190} INFO - [2024-10-06T16:58:36.249+0000] {dag.py:3229} INFO - Sync 1 DAGs
[2024-10-06T16:58:36.312+0000] {logging_mixin.py:190} INFO - [2024-10-06T16:58:36.312+0000] {dag.py:4156} INFO - Setting next_dagrun for example_python_operator to None, run_after=None
[2024-10-06T16:58:36.369+0000] {processor.py:208} INFO - Processing /home/airflow/.local/lib/python3.12/site-packages/airflow/example_dags/example_python_operator.py took 0.229 seconds
[2024-10-06T16:59:06.789+0000] {processor.py:186} INFO - Started process (PID=25783) to work on /home/airflow/.local/lib/python3.12/site-packages/airflow/example_dags/example_python_operator.py
[2024-10-06T16:59:06.790+0000] {processor.py:914} INFO - Processing file /home/airflow/.local/lib/python3.12/site-packages/airflow/example_dags/example_python_operator.py for tasks to queue
[2024-10-06T16:59:06.791+0000] {logging_mixin.py:190} INFO - [2024-10-06T16:59:06.790+0000] {dagbag.py:587} INFO - Filling up the DagBag from /home/airflow/.local/lib/python3.12/site-packages/airflow/example_dags/example_python_operator.py
[2024-10-06T16:59:06.803+0000] {processor.py:925} INFO - DAG(s) 'example_python_operator' retrieved from /home/airflow/.local/lib/python3.12/site-packages/airflow/example_dags/example_python_operator.py
[2024-10-06T16:59:06.814+0000] {logging_mixin.py:190} INFO - [2024-10-06T16:59:06.814+0000] {dag.py:3229} INFO - Sync 1 DAGs
[2024-10-06T16:59:06.822+0000] {logging_mixin.py:190} INFO - [2024-10-06T16:59:06.822+0000] {dag.py:4156} INFO - Setting next_dagrun for example_python_operator to None, run_after=None
[2024-10-06T16:59:06.833+0000] {processor.py:208} INFO - Processing /home/airflow/.local/lib/python3.12/site-packages/airflow/example_dags/example_python_operator.py took 0.047 seconds
[2024-10-06T17:59:32.932+0000] {processor.py:186} INFO - Started process (PID=25852) to work on /home/airflow/.local/lib/python3.12/site-packages/airflow/example_dags/example_python_operator.py
[2024-10-06T17:59:32.932+0000] {processor.py:914} INFO - Processing file /home/airflow/.local/lib/python3.12/site-packages/airflow/example_dags/example_python_operator.py for tasks to queue
[2024-10-06T17:59:32.933+0000] {logging_mixin.py:190} INFO - [2024-10-06T17:59:32.933+0000] {dagbag.py:587} INFO - Filling up the DagBag from /home/airflow/.local/lib/python3.12/site-packages/airflow/example_dags/example_python_operator.py
[2024-10-06T17:59:32.939+0000] {processor.py:925} INFO - DAG(s) 'example_python_operator' retrieved from /home/airflow/.local/lib/python3.12/site-packages/airflow/example_dags/example_python_operator.py
[2024-10-06T17:59:32.949+0000] {logging_mixin.py:190} INFO - [2024-10-06T17:59:32.949+0000] {dag.py:3229} INFO - Sync 1 DAGs
[2024-10-06T17:59:32.957+0000] {logging_mixin.py:190} INFO - [2024-10-06T17:59:32.957+0000] {dag.py:4156} INFO - Setting next_dagrun for example_python_operator to None, run_after=None
[2024-10-06T17:59:32.966+0000] {processor.py:208} INFO - Processing /home/airflow/.local/lib/python3.12/site-packages/airflow/example_dags/example_python_operator.py took 0.038 seconds
[2024-10-06T18:17:01.775+0000] {processor.py:186} INFO - Started process (PID=25922) to work on /home/airflow/.local/lib/python3.12/site-packages/airflow/example_dags/example_python_operator.py
[2024-10-06T18:17:01.775+0000] {processor.py:914} INFO - Processing file /home/airflow/.local/lib/python3.12/site-packages/airflow/example_dags/example_python_operator.py for tasks to queue
[2024-10-06T18:17:01.776+0000] {logging_mixin.py:190} INFO - [2024-10-06T18:17:01.776+0000] {dagbag.py:587} INFO - Filling up the DagBag from /home/airflow/.local/lib/python3.12/site-packages/airflow/example_dags/example_python_operator.py
[2024-10-06T18:17:01.783+0000] {processor.py:925} INFO - DAG(s) 'example_python_operator' retrieved from /home/airflow/.local/lib/python3.12/site-packages/airflow/example_dags/example_python_operator.py
[2024-10-06T18:17:01.798+0000] {logging_mixin.py:190} INFO - [2024-10-06T18:17:01.798+0000] {dag.py:3229} INFO - Sync 1 DAGs
[2024-10-06T18:17:01.810+0000] {logging_mixin.py:190} INFO - [2024-10-06T18:17:01.810+0000] {dag.py:4156} INFO - Setting next_dagrun for example_python_operator to None, run_after=None
[2024-10-06T18:17:01.821+0000] {processor.py:208} INFO - Processing /home/airflow/.local/lib/python3.12/site-packages/airflow/example_dags/example_python_operator.py took 0.049 seconds
[2024-10-06T18:49:50.195+0000] {processor.py:186} INFO - Started process (PID=25992) to work on /home/airflow/.local/lib/python3.12/site-packages/airflow/example_dags/example_python_operator.py
[2024-10-06T18:49:50.197+0000] {processor.py:914} INFO - Processing file /home/airflow/.local/lib/python3.12/site-packages/airflow/example_dags/example_python_operator.py for tasks to queue
[2024-10-06T18:49:50.197+0000] {logging_mixin.py:190} INFO - [2024-10-06T18:49:50.197+0000] {dagbag.py:587} INFO - Filling up the DagBag from /home/airflow/.local/lib/python3.12/site-packages/airflow/example_dags/example_python_operator.py
[2024-10-06T18:49:50.203+0000] {processor.py:925} INFO - DAG(s) 'example_python_operator' retrieved from /home/airflow/.local/lib/python3.12/site-packages/airflow/example_dags/example_python_operator.py
[2024-10-06T18:49:50.216+0000] {logging_mixin.py:190} INFO - [2024-10-06T18:49:50.216+0000] {dag.py:3229} INFO - Sync 1 DAGs
[2024-10-06T18:49:50.223+0000] {logging_mixin.py:190} INFO - [2024-10-06T18:49:50.223+0000] {dag.py:4156} INFO - Setting next_dagrun for example_python_operator to None, run_after=None
[2024-10-06T18:49:50.238+0000] {processor.py:208} INFO - Processing /home/airflow/.local/lib/python3.12/site-packages/airflow/example_dags/example_python_operator.py took 0.046 seconds
[2024-10-06T19:00:33.808+0000] {processor.py:186} INFO - Started process (PID=26062) to work on /home/airflow/.local/lib/python3.12/site-packages/airflow/example_dags/example_python_operator.py
[2024-10-06T19:00:33.810+0000] {processor.py:914} INFO - Processing file /home/airflow/.local/lib/python3.12/site-packages/airflow/example_dags/example_python_operator.py for tasks to queue
[2024-10-06T19:00:33.811+0000] {logging_mixin.py:190} INFO - [2024-10-06T19:00:33.811+0000] {dagbag.py:587} INFO - Filling up the DagBag from /home/airflow/.local/lib/python3.12/site-packages/airflow/example_dags/example_python_operator.py
[2024-10-06T19:00:33.821+0000] {processor.py:925} INFO - DAG(s) 'example_python_operator' retrieved from /home/airflow/.local/lib/python3.12/site-packages/airflow/example_dags/example_python_operator.py
[2024-10-06T19:00:33.832+0000] {logging_mixin.py:190} INFO - [2024-10-06T19:00:33.832+0000] {dag.py:3229} INFO - Sync 1 DAGs
[2024-10-06T19:00:33.839+0000] {logging_mixin.py:190} INFO - [2024-10-06T19:00:33.838+0000] {dag.py:4156} INFO - Setting next_dagrun for example_python_operator to None, run_after=None
[2024-10-06T19:00:33.846+0000] {processor.py:208} INFO - Processing /home/airflow/.local/lib/python3.12/site-packages/airflow/example_dags/example_python_operator.py took 0.041 seconds
[2024-10-06T19:16:46.636+0000] {processor.py:186} INFO - Started process (PID=26132) to work on /home/airflow/.local/lib/python3.12/site-packages/airflow/example_dags/example_python_operator.py
[2024-10-06T19:16:46.637+0000] {processor.py:914} INFO - Processing file /home/airflow/.local/lib/python3.12/site-packages/airflow/example_dags/example_python_operator.py for tasks to queue
[2024-10-06T19:16:46.637+0000] {logging_mixin.py:190} INFO - [2024-10-06T19:16:46.637+0000] {dagbag.py:587} INFO - Filling up the DagBag from /home/airflow/.local/lib/python3.12/site-packages/airflow/example_dags/example_python_operator.py
[2024-10-06T19:16:46.644+0000] {processor.py:925} INFO - DAG(s) 'example_python_operator' retrieved from /home/airflow/.local/lib/python3.12/site-packages/airflow/example_dags/example_python_operator.py
[2024-10-06T19:16:46.658+0000] {logging_mixin.py:190} INFO - [2024-10-06T19:16:46.658+0000] {dag.py:3229} INFO - Sync 1 DAGs
[2024-10-06T19:16:46.667+0000] {logging_mixin.py:190} INFO - [2024-10-06T19:16:46.667+0000] {dag.py:4156} INFO - Setting next_dagrun for example_python_operator to None, run_after=None
[2024-10-06T19:16:46.679+0000] {processor.py:208} INFO - Processing /home/airflow/.local/lib/python3.12/site-packages/airflow/example_dags/example_python_operator.py took 0.046 seconds
[2024-10-06T20:01:50.951+0000] {processor.py:186} INFO - Started process (PID=26202) to work on /home/airflow/.local/lib/python3.12/site-packages/airflow/example_dags/example_python_operator.py
[2024-10-06T20:01:50.952+0000] {processor.py:914} INFO - Processing file /home/airflow/.local/lib/python3.12/site-packages/airflow/example_dags/example_python_operator.py for tasks to queue
[2024-10-06T20:01:50.953+0000] {logging_mixin.py:190} INFO - [2024-10-06T20:01:50.952+0000] {dagbag.py:587} INFO - Filling up the DagBag from /home/airflow/.local/lib/python3.12/site-packages/airflow/example_dags/example_python_operator.py
[2024-10-06T20:01:50.959+0000] {processor.py:925} INFO - DAG(s) 'example_python_operator' retrieved from /home/airflow/.local/lib/python3.12/site-packages/airflow/example_dags/example_python_operator.py
[2024-10-06T20:01:50.970+0000] {logging_mixin.py:190} INFO - [2024-10-06T20:01:50.970+0000] {dag.py:3229} INFO - Sync 1 DAGs
[2024-10-06T20:01:50.978+0000] {logging_mixin.py:190} INFO - [2024-10-06T20:01:50.978+0000] {dag.py:4156} INFO - Setting next_dagrun for example_python_operator to None, run_after=None
[2024-10-06T20:01:50.986+0000] {processor.py:208} INFO - Processing /home/airflow/.local/lib/python3.12/site-packages/airflow/example_dags/example_python_operator.py took 0.039 seconds
[2024-10-06T20:18:00.351+0000] {processor.py:186} INFO - Started process (PID=26272) to work on /home/airflow/.local/lib/python3.12/site-packages/airflow/example_dags/example_python_operator.py
[2024-10-06T20:18:00.353+0000] {processor.py:914} INFO - Processing file /home/airflow/.local/lib/python3.12/site-packages/airflow/example_dags/example_python_operator.py for tasks to queue
[2024-10-06T20:18:00.353+0000] {logging_mixin.py:190} INFO - [2024-10-06T20:18:00.353+0000] {dagbag.py:587} INFO - Filling up the DagBag from /home/airflow/.local/lib/python3.12/site-packages/airflow/example_dags/example_python_operator.py
[2024-10-06T20:18:00.362+0000] {processor.py:925} INFO - DAG(s) 'example_python_operator' retrieved from /home/airflow/.local/lib/python3.12/site-packages/airflow/example_dags/example_python_operator.py
[2024-10-06T20:18:00.389+0000] {logging_mixin.py:190} INFO - [2024-10-06T20:18:00.389+0000] {dag.py:3229} INFO - Sync 1 DAGs
[2024-10-06T20:18:00.399+0000] {logging_mixin.py:190} INFO - [2024-10-06T20:18:00.399+0000] {dag.py:4156} INFO - Setting next_dagrun for example_python_operator to None, run_after=None
[2024-10-06T20:18:00.410+0000] {processor.py:208} INFO - Processing /home/airflow/.local/lib/python3.12/site-packages/airflow/example_dags/example_python_operator.py took 0.063 seconds
[2024-10-06T20:51:50.098+0000] {processor.py:186} INFO - Started process (PID=26341) to work on /home/airflow/.local/lib/python3.12/site-packages/airflow/example_dags/example_python_operator.py
[2024-10-06T20:51:50.100+0000] {processor.py:914} INFO - Processing file /home/airflow/.local/lib/python3.12/site-packages/airflow/example_dags/example_python_operator.py for tasks to queue
[2024-10-06T20:51:50.101+0000] {logging_mixin.py:190} INFO - [2024-10-06T20:51:50.100+0000] {dagbag.py:587} INFO - Filling up the DagBag from /home/airflow/.local/lib/python3.12/site-packages/airflow/example_dags/example_python_operator.py
[2024-10-06T20:51:50.111+0000] {processor.py:925} INFO - DAG(s) 'example_python_operator' retrieved from /home/airflow/.local/lib/python3.12/site-packages/airflow/example_dags/example_python_operator.py
[2024-10-06T20:51:50.130+0000] {logging_mixin.py:190} INFO - [2024-10-06T20:51:50.130+0000] {dag.py:3229} INFO - Sync 1 DAGs
[2024-10-06T20:51:50.138+0000] {logging_mixin.py:190} INFO - [2024-10-06T20:51:50.138+0000] {dag.py:4156} INFO - Setting next_dagrun for example_python_operator to None, run_after=None
[2024-10-06T20:51:50.150+0000] {processor.py:208} INFO - Processing /home/airflow/.local/lib/python3.12/site-packages/airflow/example_dags/example_python_operator.py took 0.055 seconds
[2024-10-06T20:52:22.513+0000] {processor.py:186} INFO - Started process (PID=26412) to work on /home/airflow/.local/lib/python3.12/site-packages/airflow/example_dags/example_python_operator.py
[2024-10-06T20:52:22.515+0000] {processor.py:914} INFO - Processing file /home/airflow/.local/lib/python3.12/site-packages/airflow/example_dags/example_python_operator.py for tasks to queue
[2024-10-06T20:52:22.517+0000] {logging_mixin.py:190} INFO - [2024-10-06T20:52:22.516+0000] {dagbag.py:587} INFO - Filling up the DagBag from /home/airflow/.local/lib/python3.12/site-packages/airflow/example_dags/example_python_operator.py
[2024-10-06T20:52:22.530+0000] {processor.py:925} INFO - DAG(s) 'example_python_operator' retrieved from /home/airflow/.local/lib/python3.12/site-packages/airflow/example_dags/example_python_operator.py
[2024-10-06T20:52:22.552+0000] {logging_mixin.py:190} INFO - [2024-10-06T20:52:22.552+0000] {dag.py:3229} INFO - Sync 1 DAGs
[2024-10-06T20:52:22.562+0000] {logging_mixin.py:190} INFO - [2024-10-06T20:52:22.562+0000] {dag.py:4156} INFO - Setting next_dagrun for example_python_operator to None, run_after=None
[2024-10-06T20:52:22.574+0000] {processor.py:208} INFO - Processing /home/airflow/.local/lib/python3.12/site-packages/airflow/example_dags/example_python_operator.py took 0.070 seconds
[2024-10-06T21:19:21.260+0000] {processor.py:186} INFO - Started process (PID=26482) to work on /home/airflow/.local/lib/python3.12/site-packages/airflow/example_dags/example_python_operator.py
[2024-10-06T21:19:21.261+0000] {processor.py:914} INFO - Processing file /home/airflow/.local/lib/python3.12/site-packages/airflow/example_dags/example_python_operator.py for tasks to queue
[2024-10-06T21:19:21.262+0000] {logging_mixin.py:190} INFO - [2024-10-06T21:19:21.262+0000] {dagbag.py:587} INFO - Filling up the DagBag from /home/airflow/.local/lib/python3.12/site-packages/airflow/example_dags/example_python_operator.py
[2024-10-06T21:19:21.270+0000] {processor.py:925} INFO - DAG(s) 'example_python_operator' retrieved from /home/airflow/.local/lib/python3.12/site-packages/airflow/example_dags/example_python_operator.py
[2024-10-06T21:19:21.282+0000] {logging_mixin.py:190} INFO - [2024-10-06T21:19:21.282+0000] {dag.py:3229} INFO - Sync 1 DAGs
[2024-10-06T21:19:21.292+0000] {logging_mixin.py:190} INFO - [2024-10-06T21:19:21.291+0000] {dag.py:4156} INFO - Setting next_dagrun for example_python_operator to None, run_after=None
[2024-10-06T21:19:21.309+0000] {processor.py:208} INFO - Processing /home/airflow/.local/lib/python3.12/site-packages/airflow/example_dags/example_python_operator.py took 0.054 seconds
[2024-10-06T21:52:08.859+0000] {processor.py:186} INFO - Started process (PID=26552) to work on /home/airflow/.local/lib/python3.12/site-packages/airflow/example_dags/example_python_operator.py
[2024-10-06T21:52:08.860+0000] {processor.py:914} INFO - Processing file /home/airflow/.local/lib/python3.12/site-packages/airflow/example_dags/example_python_operator.py for tasks to queue
[2024-10-06T21:52:08.861+0000] {logging_mixin.py:190} INFO - [2024-10-06T21:52:08.861+0000] {dagbag.py:587} INFO - Filling up the DagBag from /home/airflow/.local/lib/python3.12/site-packages/airflow/example_dags/example_python_operator.py
[2024-10-06T21:52:08.868+0000] {processor.py:925} INFO - DAG(s) 'example_python_operator' retrieved from /home/airflow/.local/lib/python3.12/site-packages/airflow/example_dags/example_python_operator.py
[2024-10-06T21:52:08.882+0000] {logging_mixin.py:190} INFO - [2024-10-06T21:52:08.882+0000] {dag.py:3229} INFO - Sync 1 DAGs
[2024-10-06T21:52:08.888+0000] {logging_mixin.py:190} INFO - [2024-10-06T21:52:08.888+0000] {dag.py:4156} INFO - Setting next_dagrun for example_python_operator to None, run_after=None
[2024-10-06T21:52:08.901+0000] {processor.py:208} INFO - Processing /home/airflow/.local/lib/python3.12/site-packages/airflow/example_dags/example_python_operator.py took 0.047 seconds
[2024-10-06T22:53:03.740+0000] {processor.py:186} INFO - Started process (PID=26622) to work on /home/airflow/.local/lib/python3.12/site-packages/airflow/example_dags/example_python_operator.py
[2024-10-06T22:53:03.743+0000] {processor.py:914} INFO - Processing file /home/airflow/.local/lib/python3.12/site-packages/airflow/example_dags/example_python_operator.py for tasks to queue
[2024-10-06T22:53:03.744+0000] {logging_mixin.py:190} INFO - [2024-10-06T22:53:03.744+0000] {dagbag.py:587} INFO - Filling up the DagBag from /home/airflow/.local/lib/python3.12/site-packages/airflow/example_dags/example_python_operator.py
[2024-10-06T22:53:03.754+0000] {processor.py:925} INFO - DAG(s) 'example_python_operator' retrieved from /home/airflow/.local/lib/python3.12/site-packages/airflow/example_dags/example_python_operator.py
[2024-10-06T22:53:03.771+0000] {logging_mixin.py:190} INFO - [2024-10-06T22:53:03.771+0000] {dag.py:3229} INFO - Sync 1 DAGs
[2024-10-06T22:53:03.780+0000] {logging_mixin.py:190} INFO - [2024-10-06T22:53:03.780+0000] {dag.py:4156} INFO - Setting next_dagrun for example_python_operator to None, run_after=None
[2024-10-06T22:53:03.800+0000] {processor.py:208} INFO - Processing /home/airflow/.local/lib/python3.12/site-packages/airflow/example_dags/example_python_operator.py took 0.065 seconds
[2024-10-06T23:21:12.417+0000] {processor.py:186} INFO - Started process (PID=26692) to work on /home/airflow/.local/lib/python3.12/site-packages/airflow/example_dags/example_python_operator.py
[2024-10-06T23:21:12.418+0000] {processor.py:914} INFO - Processing file /home/airflow/.local/lib/python3.12/site-packages/airflow/example_dags/example_python_operator.py for tasks to queue
[2024-10-06T23:21:12.419+0000] {logging_mixin.py:190} INFO - [2024-10-06T23:21:12.418+0000] {dagbag.py:587} INFO - Filling up the DagBag from /home/airflow/.local/lib/python3.12/site-packages/airflow/example_dags/example_python_operator.py
[2024-10-06T23:21:12.426+0000] {processor.py:925} INFO - DAG(s) 'example_python_operator' retrieved from /home/airflow/.local/lib/python3.12/site-packages/airflow/example_dags/example_python_operator.py
[2024-10-06T23:21:12.441+0000] {logging_mixin.py:190} INFO - [2024-10-06T23:21:12.441+0000] {dag.py:3229} INFO - Sync 1 DAGs
[2024-10-06T23:21:12.450+0000] {logging_mixin.py:190} INFO - [2024-10-06T23:21:12.450+0000] {dag.py:4156} INFO - Setting next_dagrun for example_python_operator to None, run_after=None
[2024-10-06T23:21:12.461+0000] {processor.py:208} INFO - Processing /home/airflow/.local/lib/python3.12/site-packages/airflow/example_dags/example_python_operator.py took 0.049 seconds
[2024-10-06T23:39:13.703+0000] {processor.py:186} INFO - Started process (PID=26762) to work on /home/airflow/.local/lib/python3.12/site-packages/airflow/example_dags/example_python_operator.py
[2024-10-06T23:39:13.707+0000] {processor.py:914} INFO - Processing file /home/airflow/.local/lib/python3.12/site-packages/airflow/example_dags/example_python_operator.py for tasks to queue
[2024-10-06T23:39:13.709+0000] {logging_mixin.py:190} INFO - [2024-10-06T23:39:13.709+0000] {dagbag.py:587} INFO - Filling up the DagBag from /home/airflow/.local/lib/python3.12/site-packages/airflow/example_dags/example_python_operator.py
[2024-10-06T23:39:13.730+0000] {processor.py:925} INFO - DAG(s) 'example_python_operator' retrieved from /home/airflow/.local/lib/python3.12/site-packages/airflow/example_dags/example_python_operator.py
[2024-10-06T23:39:13.746+0000] {logging_mixin.py:190} INFO - [2024-10-06T23:39:13.746+0000] {dag.py:3229} INFO - Sync 1 DAGs
[2024-10-06T23:39:13.753+0000] {logging_mixin.py:190} INFO - [2024-10-06T23:39:13.753+0000] {dag.py:4156} INFO - Setting next_dagrun for example_python_operator to None, run_after=None
[2024-10-06T23:39:13.766+0000] {processor.py:208} INFO - Processing /home/airflow/.local/lib/python3.12/site-packages/airflow/example_dags/example_python_operator.py took 0.070 seconds
