[2024-10-06T00:50:48.628+0000] {processor.py:186} INFO - Started process (PID=24122) to work on /home/airflow/.local/lib/python3.12/site-packages/airflow/example_dags/example_task_group_decorator.py
[2024-10-06T00:50:48.629+0000] {processor.py:914} INFO - Processing file /home/airflow/.local/lib/python3.12/site-packages/airflow/example_dags/example_task_group_decorator.py for tasks to queue
[2024-10-06T00:50:48.629+0000] {logging_mixin.py:190} INFO - [2024-10-06T00:50:48.629+0000] {dagbag.py:587} INFO - Filling up the DagBag from /home/airflow/.local/lib/python3.12/site-packages/airflow/example_dags/example_task_group_decorator.py
[2024-10-06T00:50:48.644+0000] {processor.py:925} INFO - DAG(s) 'example_task_group_decorator' retrieved from /home/airflow/.local/lib/python3.12/site-packages/airflow/example_dags/example_task_group_decorator.py
[2024-10-06T00:50:48.658+0000] {logging_mixin.py:190} INFO - [2024-10-06T00:50:48.658+0000] {dag.py:3229} INFO - Sync 1 DAGs
[2024-10-06T00:50:48.665+0000] {logging_mixin.py:190} INFO - [2024-10-06T00:50:48.665+0000] {dag.py:4156} INFO - Setting next_dagrun for example_task_group_decorator to None, run_after=None
[2024-10-06T00:50:48.681+0000] {processor.py:208} INFO - Processing /home/airflow/.local/lib/python3.12/site-packages/airflow/example_dags/example_task_group_decorator.py took 0.056 seconds
[2024-10-06T00:51:19.081+0000] {processor.py:186} INFO - Started process (PID=24192) to work on /home/airflow/.local/lib/python3.12/site-packages/airflow/example_dags/example_task_group_decorator.py
[2024-10-06T00:51:19.082+0000] {processor.py:914} INFO - Processing file /home/airflow/.local/lib/python3.12/site-packages/airflow/example_dags/example_task_group_decorator.py for tasks to queue
[2024-10-06T00:51:19.083+0000] {logging_mixin.py:190} INFO - [2024-10-06T00:51:19.082+0000] {dagbag.py:587} INFO - Filling up the DagBag from /home/airflow/.local/lib/python3.12/site-packages/airflow/example_dags/example_task_group_decorator.py
[2024-10-06T00:51:19.090+0000] {processor.py:925} INFO - DAG(s) 'example_task_group_decorator' retrieved from /home/airflow/.local/lib/python3.12/site-packages/airflow/example_dags/example_task_group_decorator.py
[2024-10-06T00:51:19.109+0000] {logging_mixin.py:190} INFO - [2024-10-06T00:51:19.109+0000] {dag.py:3229} INFO - Sync 1 DAGs
[2024-10-06T00:51:19.117+0000] {logging_mixin.py:190} INFO - [2024-10-06T00:51:19.117+0000] {dag.py:4156} INFO - Setting next_dagrun for example_task_group_decorator to None, run_after=None
[2024-10-06T00:51:19.127+0000] {processor.py:208} INFO - Processing /home/airflow/.local/lib/python3.12/site-packages/airflow/example_dags/example_task_group_decorator.py took 0.049 seconds
[2024-10-06T01:51:43.179+0000] {processor.py:186} INFO - Started process (PID=24261) to work on /home/airflow/.local/lib/python3.12/site-packages/airflow/example_dags/example_task_group_decorator.py
[2024-10-06T01:51:43.182+0000] {processor.py:914} INFO - Processing file /home/airflow/.local/lib/python3.12/site-packages/airflow/example_dags/example_task_group_decorator.py for tasks to queue
[2024-10-06T01:51:43.183+0000] {logging_mixin.py:190} INFO - [2024-10-06T01:51:43.183+0000] {dagbag.py:587} INFO - Filling up the DagBag from /home/airflow/.local/lib/python3.12/site-packages/airflow/example_dags/example_task_group_decorator.py
[2024-10-06T01:51:43.193+0000] {processor.py:925} INFO - DAG(s) 'example_task_group_decorator' retrieved from /home/airflow/.local/lib/python3.12/site-packages/airflow/example_dags/example_task_group_decorator.py
[2024-10-06T01:51:43.207+0000] {logging_mixin.py:190} INFO - [2024-10-06T01:51:43.207+0000] {dag.py:3229} INFO - Sync 1 DAGs
[2024-10-06T01:51:43.214+0000] {logging_mixin.py:190} INFO - [2024-10-06T01:51:43.214+0000] {dag.py:4156} INFO - Setting next_dagrun for example_task_group_decorator to None, run_after=None
[2024-10-06T01:51:43.221+0000] {processor.py:208} INFO - Processing /home/airflow/.local/lib/python3.12/site-packages/airflow/example_dags/example_task_group_decorator.py took 0.045 seconds
[2024-10-06T02:42:33.109+0000] {processor.py:186} INFO - Started process (PID=24330) to work on /home/airflow/.local/lib/python3.12/site-packages/airflow/example_dags/example_task_group_decorator.py
[2024-10-06T02:42:33.111+0000] {processor.py:914} INFO - Processing file /home/airflow/.local/lib/python3.12/site-packages/airflow/example_dags/example_task_group_decorator.py for tasks to queue
[2024-10-06T02:42:33.111+0000] {logging_mixin.py:190} INFO - [2024-10-06T02:42:33.111+0000] {dagbag.py:587} INFO - Filling up the DagBag from /home/airflow/.local/lib/python3.12/site-packages/airflow/example_dags/example_task_group_decorator.py
[2024-10-06T02:42:33.119+0000] {processor.py:925} INFO - DAG(s) 'example_task_group_decorator' retrieved from /home/airflow/.local/lib/python3.12/site-packages/airflow/example_dags/example_task_group_decorator.py
[2024-10-06T02:42:33.131+0000] {logging_mixin.py:190} INFO - [2024-10-06T02:42:33.131+0000] {dag.py:3229} INFO - Sync 1 DAGs
[2024-10-06T02:42:33.138+0000] {logging_mixin.py:190} INFO - [2024-10-06T02:42:33.138+0000] {dag.py:4156} INFO - Setting next_dagrun for example_task_group_decorator to None, run_after=None
[2024-10-06T02:42:33.159+0000] {processor.py:208} INFO - Processing /home/airflow/.local/lib/python3.12/site-packages/airflow/example_dags/example_task_group_decorator.py took 0.052 seconds
[2024-10-06T03:10:37.905+0000] {processor.py:186} INFO - Started process (PID=24400) to work on /home/airflow/.local/lib/python3.12/site-packages/airflow/example_dags/example_task_group_decorator.py
[2024-10-06T03:10:37.906+0000] {processor.py:914} INFO - Processing file /home/airflow/.local/lib/python3.12/site-packages/airflow/example_dags/example_task_group_decorator.py for tasks to queue
[2024-10-06T03:10:37.906+0000] {logging_mixin.py:190} INFO - [2024-10-06T03:10:37.906+0000] {dagbag.py:587} INFO - Filling up the DagBag from /home/airflow/.local/lib/python3.12/site-packages/airflow/example_dags/example_task_group_decorator.py
[2024-10-06T03:10:37.914+0000] {processor.py:925} INFO - DAG(s) 'example_task_group_decorator' retrieved from /home/airflow/.local/lib/python3.12/site-packages/airflow/example_dags/example_task_group_decorator.py
[2024-10-06T03:10:37.928+0000] {logging_mixin.py:190} INFO - [2024-10-06T03:10:37.928+0000] {dag.py:3229} INFO - Sync 1 DAGs
[2024-10-06T03:10:37.936+0000] {logging_mixin.py:190} INFO - [2024-10-06T03:10:37.936+0000] {dag.py:4156} INFO - Setting next_dagrun for example_task_group_decorator to None, run_after=None
[2024-10-06T03:10:37.947+0000] {processor.py:208} INFO - Processing /home/airflow/.local/lib/python3.12/site-packages/airflow/example_dags/example_task_group_decorator.py took 0.045 seconds
[2024-10-06T03:53:55.016+0000] {processor.py:186} INFO - Started process (PID=24470) to work on /home/airflow/.local/lib/python3.12/site-packages/airflow/example_dags/example_task_group_decorator.py
[2024-10-06T03:53:55.018+0000] {processor.py:914} INFO - Processing file /home/airflow/.local/lib/python3.12/site-packages/airflow/example_dags/example_task_group_decorator.py for tasks to queue
[2024-10-06T03:53:55.019+0000] {logging_mixin.py:190} INFO - [2024-10-06T03:53:55.018+0000] {dagbag.py:587} INFO - Filling up the DagBag from /home/airflow/.local/lib/python3.12/site-packages/airflow/example_dags/example_task_group_decorator.py
[2024-10-06T03:53:55.035+0000] {processor.py:925} INFO - DAG(s) 'example_task_group_decorator' retrieved from /home/airflow/.local/lib/python3.12/site-packages/airflow/example_dags/example_task_group_decorator.py
[2024-10-06T03:53:55.057+0000] {logging_mixin.py:190} INFO - [2024-10-06T03:53:55.056+0000] {dag.py:3229} INFO - Sync 1 DAGs
[2024-10-06T03:53:55.067+0000] {logging_mixin.py:190} INFO - [2024-10-06T03:53:55.067+0000] {dag.py:4156} INFO - Setting next_dagrun for example_task_group_decorator to None, run_after=None
[2024-10-06T03:53:55.088+0000] {processor.py:208} INFO - Processing /home/airflow/.local/lib/python3.12/site-packages/airflow/example_dags/example_task_group_decorator.py took 0.076 seconds
[2024-10-06T04:44:17.820+0000] {processor.py:186} INFO - Started process (PID=24540) to work on /home/airflow/.local/lib/python3.12/site-packages/airflow/example_dags/example_task_group_decorator.py
[2024-10-06T04:44:17.825+0000] {processor.py:914} INFO - Processing file /home/airflow/.local/lib/python3.12/site-packages/airflow/example_dags/example_task_group_decorator.py for tasks to queue
[2024-10-06T04:44:17.827+0000] {logging_mixin.py:190} INFO - [2024-10-06T04:44:17.826+0000] {dagbag.py:587} INFO - Filling up the DagBag from /home/airflow/.local/lib/python3.12/site-packages/airflow/example_dags/example_task_group_decorator.py
[2024-10-06T04:44:17.844+0000] {processor.py:925} INFO - DAG(s) 'example_task_group_decorator' retrieved from /home/airflow/.local/lib/python3.12/site-packages/airflow/example_dags/example_task_group_decorator.py
[2024-10-06T04:44:17.875+0000] {logging_mixin.py:190} INFO - [2024-10-06T04:44:17.875+0000] {dag.py:3229} INFO - Sync 1 DAGs
[2024-10-06T04:44:17.884+0000] {logging_mixin.py:190} INFO - [2024-10-06T04:44:17.884+0000] {dag.py:4156} INFO - Setting next_dagrun for example_task_group_decorator to None, run_after=None
[2024-10-06T04:44:17.898+0000] {processor.py:208} INFO - Processing /home/airflow/.local/lib/python3.12/site-packages/airflow/example_dags/example_task_group_decorator.py took 0.092 seconds
[2024-10-06T05:45:11.639+0000] {processor.py:186} INFO - Started process (PID=24610) to work on /home/airflow/.local/lib/python3.12/site-packages/airflow/example_dags/example_task_group_decorator.py
[2024-10-06T05:45:11.640+0000] {processor.py:914} INFO - Processing file /home/airflow/.local/lib/python3.12/site-packages/airflow/example_dags/example_task_group_decorator.py for tasks to queue
[2024-10-06T05:45:11.641+0000] {logging_mixin.py:190} INFO - [2024-10-06T05:45:11.641+0000] {dagbag.py:587} INFO - Filling up the DagBag from /home/airflow/.local/lib/python3.12/site-packages/airflow/example_dags/example_task_group_decorator.py
[2024-10-06T05:45:11.648+0000] {processor.py:925} INFO - DAG(s) 'example_task_group_decorator' retrieved from /home/airflow/.local/lib/python3.12/site-packages/airflow/example_dags/example_task_group_decorator.py
[2024-10-06T05:45:11.662+0000] {logging_mixin.py:190} INFO - [2024-10-06T05:45:11.662+0000] {dag.py:3229} INFO - Sync 1 DAGs
[2024-10-06T05:45:11.670+0000] {logging_mixin.py:190} INFO - [2024-10-06T05:45:11.669+0000] {dag.py:4156} INFO - Setting next_dagrun for example_task_group_decorator to None, run_after=None
[2024-10-06T05:45:11.676+0000] {processor.py:208} INFO - Processing /home/airflow/.local/lib/python3.12/site-packages/airflow/example_dags/example_task_group_decorator.py took 0.040 seconds
[2024-10-06T06:27:12.312+0000] {processor.py:186} INFO - Started process (PID=24680) to work on /home/airflow/.local/lib/python3.12/site-packages/airflow/example_dags/example_task_group_decorator.py
[2024-10-06T06:27:12.314+0000] {processor.py:914} INFO - Processing file /home/airflow/.local/lib/python3.12/site-packages/airflow/example_dags/example_task_group_decorator.py for tasks to queue
[2024-10-06T06:27:12.315+0000] {logging_mixin.py:190} INFO - [2024-10-06T06:27:12.315+0000] {dagbag.py:587} INFO - Filling up the DagBag from /home/airflow/.local/lib/python3.12/site-packages/airflow/example_dags/example_task_group_decorator.py
[2024-10-06T06:27:12.326+0000] {processor.py:925} INFO - DAG(s) 'example_task_group_decorator' retrieved from /home/airflow/.local/lib/python3.12/site-packages/airflow/example_dags/example_task_group_decorator.py
[2024-10-06T06:27:12.344+0000] {logging_mixin.py:190} INFO - [2024-10-06T06:27:12.344+0000] {dag.py:3229} INFO - Sync 1 DAGs
[2024-10-06T06:27:12.353+0000] {logging_mixin.py:190} INFO - [2024-10-06T06:27:12.353+0000] {dag.py:4156} INFO - Setting next_dagrun for example_task_group_decorator to None, run_after=None
[2024-10-06T06:27:12.364+0000] {processor.py:208} INFO - Processing /home/airflow/.local/lib/python3.12/site-packages/airflow/example_dags/example_task_group_decorator.py took 0.057 seconds
[2024-10-06T06:56:41.892+0000] {processor.py:186} INFO - Started process (PID=24750) to work on /home/airflow/.local/lib/python3.12/site-packages/airflow/example_dags/example_task_group_decorator.py
[2024-10-06T06:56:41.893+0000] {processor.py:914} INFO - Processing file /home/airflow/.local/lib/python3.12/site-packages/airflow/example_dags/example_task_group_decorator.py for tasks to queue
[2024-10-06T06:56:41.894+0000] {logging_mixin.py:190} INFO - [2024-10-06T06:56:41.894+0000] {dagbag.py:587} INFO - Filling up the DagBag from /home/airflow/.local/lib/python3.12/site-packages/airflow/example_dags/example_task_group_decorator.py
[2024-10-06T06:56:41.908+0000] {processor.py:925} INFO - DAG(s) 'example_task_group_decorator' retrieved from /home/airflow/.local/lib/python3.12/site-packages/airflow/example_dags/example_task_group_decorator.py
[2024-10-06T06:56:41.923+0000] {logging_mixin.py:190} INFO - [2024-10-06T06:56:41.923+0000] {dag.py:3229} INFO - Sync 1 DAGs
[2024-10-06T06:56:41.930+0000] {logging_mixin.py:190} INFO - [2024-10-06T06:56:41.930+0000] {dag.py:4156} INFO - Setting next_dagrun for example_task_group_decorator to None, run_after=None
[2024-10-06T06:56:41.944+0000] {processor.py:208} INFO - Processing /home/airflow/.local/lib/python3.12/site-packages/airflow/example_dags/example_task_group_decorator.py took 0.055 seconds
[2024-10-06T07:29:05.330+0000] {processor.py:186} INFO - Started process (PID=24820) to work on /home/airflow/.local/lib/python3.12/site-packages/airflow/example_dags/example_task_group_decorator.py
[2024-10-06T07:29:05.331+0000] {processor.py:914} INFO - Processing file /home/airflow/.local/lib/python3.12/site-packages/airflow/example_dags/example_task_group_decorator.py for tasks to queue
[2024-10-06T07:29:05.332+0000] {logging_mixin.py:190} INFO - [2024-10-06T07:29:05.332+0000] {dagbag.py:587} INFO - Filling up the DagBag from /home/airflow/.local/lib/python3.12/site-packages/airflow/example_dags/example_task_group_decorator.py
[2024-10-06T07:29:05.351+0000] {processor.py:925} INFO - DAG(s) 'example_task_group_decorator' retrieved from /home/airflow/.local/lib/python3.12/site-packages/airflow/example_dags/example_task_group_decorator.py
[2024-10-06T07:29:05.372+0000] {logging_mixin.py:190} INFO - [2024-10-06T07:29:05.372+0000] {dag.py:3229} INFO - Sync 1 DAGs
[2024-10-06T07:29:05.381+0000] {logging_mixin.py:190} INFO - [2024-10-06T07:29:05.381+0000] {dag.py:4156} INFO - Setting next_dagrun for example_task_group_decorator to None, run_after=None
[2024-10-06T07:29:05.403+0000] {processor.py:208} INFO - Processing /home/airflow/.local/lib/python3.12/site-packages/airflow/example_dags/example_task_group_decorator.py took 0.080 seconds
[2024-10-06T07:57:58.667+0000] {processor.py:186} INFO - Started process (PID=24890) to work on /home/airflow/.local/lib/python3.12/site-packages/airflow/example_dags/example_task_group_decorator.py
[2024-10-06T07:57:58.667+0000] {processor.py:914} INFO - Processing file /home/airflow/.local/lib/python3.12/site-packages/airflow/example_dags/example_task_group_decorator.py for tasks to queue
[2024-10-06T07:57:58.668+0000] {logging_mixin.py:190} INFO - [2024-10-06T07:57:58.668+0000] {dagbag.py:587} INFO - Filling up the DagBag from /home/airflow/.local/lib/python3.12/site-packages/airflow/example_dags/example_task_group_decorator.py
[2024-10-06T07:57:58.675+0000] {processor.py:925} INFO - DAG(s) 'example_task_group_decorator' retrieved from /home/airflow/.local/lib/python3.12/site-packages/airflow/example_dags/example_task_group_decorator.py
[2024-10-06T07:57:58.686+0000] {logging_mixin.py:190} INFO - [2024-10-06T07:57:58.686+0000] {dag.py:3229} INFO - Sync 1 DAGs
[2024-10-06T07:57:58.692+0000] {logging_mixin.py:190} INFO - [2024-10-06T07:57:58.692+0000] {dag.py:4156} INFO - Setting next_dagrun for example_task_group_decorator to None, run_after=None
[2024-10-06T07:57:58.699+0000] {processor.py:208} INFO - Processing /home/airflow/.local/lib/python3.12/site-packages/airflow/example_dags/example_task_group_decorator.py took 0.036 seconds
[2024-10-06T08:03:00.548+0000] {processor.py:186} INFO - Started process (PID=24960) to work on /home/airflow/.local/lib/python3.12/site-packages/airflow/example_dags/example_task_group_decorator.py
[2024-10-06T08:03:00.549+0000] {processor.py:914} INFO - Processing file /home/airflow/.local/lib/python3.12/site-packages/airflow/example_dags/example_task_group_decorator.py for tasks to queue
[2024-10-06T08:03:00.550+0000] {logging_mixin.py:190} INFO - [2024-10-06T08:03:00.550+0000] {dagbag.py:587} INFO - Filling up the DagBag from /home/airflow/.local/lib/python3.12/site-packages/airflow/example_dags/example_task_group_decorator.py
[2024-10-06T08:03:00.559+0000] {processor.py:925} INFO - DAG(s) 'example_task_group_decorator' retrieved from /home/airflow/.local/lib/python3.12/site-packages/airflow/example_dags/example_task_group_decorator.py
[2024-10-06T08:03:00.576+0000] {logging_mixin.py:190} INFO - [2024-10-06T08:03:00.576+0000] {dag.py:3229} INFO - Sync 1 DAGs
[2024-10-06T08:03:00.587+0000] {logging_mixin.py:190} INFO - [2024-10-06T08:03:00.586+0000] {dag.py:4156} INFO - Setting next_dagrun for example_task_group_decorator to None, run_after=None
[2024-10-06T08:03:00.599+0000] {processor.py:208} INFO - Processing /home/airflow/.local/lib/python3.12/site-packages/airflow/example_dags/example_task_group_decorator.py took 0.053 seconds
[2024-10-06T08:03:32.004+0000] {processor.py:186} INFO - Started process (PID=25030) to work on /home/airflow/.local/lib/python3.12/site-packages/airflow/example_dags/example_task_group_decorator.py
[2024-10-06T08:03:32.005+0000] {processor.py:914} INFO - Processing file /home/airflow/.local/lib/python3.12/site-packages/airflow/example_dags/example_task_group_decorator.py for tasks to queue
[2024-10-06T08:03:32.006+0000] {logging_mixin.py:190} INFO - [2024-10-06T08:03:32.006+0000] {dagbag.py:587} INFO - Filling up the DagBag from /home/airflow/.local/lib/python3.12/site-packages/airflow/example_dags/example_task_group_decorator.py
[2024-10-06T08:03:32.020+0000] {processor.py:925} INFO - DAG(s) 'example_task_group_decorator' retrieved from /home/airflow/.local/lib/python3.12/site-packages/airflow/example_dags/example_task_group_decorator.py
[2024-10-06T08:03:32.043+0000] {logging_mixin.py:190} INFO - [2024-10-06T08:03:32.042+0000] {dag.py:3229} INFO - Sync 1 DAGs
[2024-10-06T08:03:32.057+0000] {logging_mixin.py:190} INFO - [2024-10-06T08:03:32.057+0000] {dag.py:4156} INFO - Setting next_dagrun for example_task_group_decorator to None, run_after=None
[2024-10-06T08:03:32.078+0000] {processor.py:208} INFO - Processing /home/airflow/.local/lib/python3.12/site-packages/airflow/example_dags/example_task_group_decorator.py took 0.076 seconds
[2024-10-06T09:43:49.926+0000] {processor.py:186} INFO - Started process (PID=25100) to work on /home/airflow/.local/lib/python3.12/site-packages/airflow/example_dags/example_task_group_decorator.py
[2024-10-06T09:43:49.927+0000] {processor.py:914} INFO - Processing file /home/airflow/.local/lib/python3.12/site-packages/airflow/example_dags/example_task_group_decorator.py for tasks to queue
[2024-10-06T09:43:49.928+0000] {logging_mixin.py:190} INFO - [2024-10-06T09:43:49.928+0000] {dagbag.py:587} INFO - Filling up the DagBag from /home/airflow/.local/lib/python3.12/site-packages/airflow/example_dags/example_task_group_decorator.py
[2024-10-06T09:43:49.935+0000] {processor.py:925} INFO - DAG(s) 'example_task_group_decorator' retrieved from /home/airflow/.local/lib/python3.12/site-packages/airflow/example_dags/example_task_group_decorator.py
[2024-10-06T09:43:49.951+0000] {logging_mixin.py:190} INFO - [2024-10-06T09:43:49.951+0000] {dag.py:3229} INFO - Sync 1 DAGs
[2024-10-06T09:43:49.959+0000] {logging_mixin.py:190} INFO - [2024-10-06T09:43:49.959+0000] {dag.py:4156} INFO - Setting next_dagrun for example_task_group_decorator to None, run_after=None
[2024-10-06T09:43:49.968+0000] {processor.py:208} INFO - Processing /home/airflow/.local/lib/python3.12/site-packages/airflow/example_dags/example_task_group_decorator.py took 0.045 seconds
[2024-10-06T10:16:45.033+0000] {processor.py:186} INFO - Started process (PID=25169) to work on /home/airflow/.local/lib/python3.12/site-packages/airflow/example_dags/example_task_group_decorator.py
[2024-10-06T10:16:45.033+0000] {processor.py:914} INFO - Processing file /home/airflow/.local/lib/python3.12/site-packages/airflow/example_dags/example_task_group_decorator.py for tasks to queue
[2024-10-06T10:16:45.034+0000] {logging_mixin.py:190} INFO - [2024-10-06T10:16:45.034+0000] {dagbag.py:587} INFO - Filling up the DagBag from /home/airflow/.local/lib/python3.12/site-packages/airflow/example_dags/example_task_group_decorator.py
[2024-10-06T10:16:45.044+0000] {processor.py:925} INFO - DAG(s) 'example_task_group_decorator' retrieved from /home/airflow/.local/lib/python3.12/site-packages/airflow/example_dags/example_task_group_decorator.py
[2024-10-06T10:16:45.056+0000] {logging_mixin.py:190} INFO - [2024-10-06T10:16:45.056+0000] {dag.py:3229} INFO - Sync 1 DAGs
[2024-10-06T10:16:45.065+0000] {logging_mixin.py:190} INFO - [2024-10-06T10:16:45.065+0000] {dag.py:4156} INFO - Setting next_dagrun for example_task_group_decorator to None, run_after=None
[2024-10-06T10:16:45.075+0000] {processor.py:208} INFO - Processing /home/airflow/.local/lib/python3.12/site-packages/airflow/example_dags/example_task_group_decorator.py took 0.046 seconds
[2024-10-06T11:20:57.693+0000] {processor.py:186} INFO - Started process (PID=25239) to work on /home/airflow/.local/lib/python3.12/site-packages/airflow/example_dags/example_task_group_decorator.py
[2024-10-06T11:20:57.694+0000] {processor.py:914} INFO - Processing file /home/airflow/.local/lib/python3.12/site-packages/airflow/example_dags/example_task_group_decorator.py for tasks to queue
[2024-10-06T11:20:57.694+0000] {logging_mixin.py:190} INFO - [2024-10-06T11:20:57.694+0000] {dagbag.py:587} INFO - Filling up the DagBag from /home/airflow/.local/lib/python3.12/site-packages/airflow/example_dags/example_task_group_decorator.py
[2024-10-06T11:20:57.701+0000] {processor.py:925} INFO - DAG(s) 'example_task_group_decorator' retrieved from /home/airflow/.local/lib/python3.12/site-packages/airflow/example_dags/example_task_group_decorator.py
[2024-10-06T11:20:57.720+0000] {logging_mixin.py:190} INFO - [2024-10-06T11:20:57.720+0000] {dag.py:3229} INFO - Sync 1 DAGs
[2024-10-06T11:20:57.729+0000] {logging_mixin.py:190} INFO - [2024-10-06T11:20:57.729+0000] {dag.py:4156} INFO - Setting next_dagrun for example_task_group_decorator to None, run_after=None
[2024-10-06T11:20:57.745+0000] {processor.py:208} INFO - Processing /home/airflow/.local/lib/python3.12/site-packages/airflow/example_dags/example_task_group_decorator.py took 0.056 seconds
[2024-10-06T13:00:05.604+0000] {processor.py:186} INFO - Started process (PID=25309) to work on /home/airflow/.local/lib/python3.12/site-packages/airflow/example_dags/example_task_group_decorator.py
[2024-10-06T13:00:05.604+0000] {processor.py:914} INFO - Processing file /home/airflow/.local/lib/python3.12/site-packages/airflow/example_dags/example_task_group_decorator.py for tasks to queue
[2024-10-06T13:00:05.606+0000] {logging_mixin.py:190} INFO - [2024-10-06T13:00:05.606+0000] {dagbag.py:587} INFO - Filling up the DagBag from /home/airflow/.local/lib/python3.12/site-packages/airflow/example_dags/example_task_group_decorator.py
[2024-10-06T13:00:05.614+0000] {processor.py:925} INFO - DAG(s) 'example_task_group_decorator' retrieved from /home/airflow/.local/lib/python3.12/site-packages/airflow/example_dags/example_task_group_decorator.py
[2024-10-06T13:00:05.627+0000] {logging_mixin.py:190} INFO - [2024-10-06T13:00:05.627+0000] {dag.py:3229} INFO - Sync 1 DAGs
[2024-10-06T13:00:05.635+0000] {logging_mixin.py:190} INFO - [2024-10-06T13:00:05.635+0000] {dag.py:4156} INFO - Setting next_dagrun for example_task_group_decorator to None, run_after=None
[2024-10-06T13:00:05.643+0000] {processor.py:208} INFO - Processing /home/airflow/.local/lib/python3.12/site-packages/airflow/example_dags/example_task_group_decorator.py took 0.042 seconds
[2024-10-06T13:48:17.123+0000] {processor.py:186} INFO - Started process (PID=25379) to work on /home/airflow/.local/lib/python3.12/site-packages/airflow/example_dags/example_task_group_decorator.py
[2024-10-06T13:48:17.124+0000] {processor.py:914} INFO - Processing file /home/airflow/.local/lib/python3.12/site-packages/airflow/example_dags/example_task_group_decorator.py for tasks to queue
[2024-10-06T13:48:17.124+0000] {logging_mixin.py:190} INFO - [2024-10-06T13:48:17.124+0000] {dagbag.py:587} INFO - Filling up the DagBag from /home/airflow/.local/lib/python3.12/site-packages/airflow/example_dags/example_task_group_decorator.py
[2024-10-06T13:48:17.131+0000] {processor.py:925} INFO - DAG(s) 'example_task_group_decorator' retrieved from /home/airflow/.local/lib/python3.12/site-packages/airflow/example_dags/example_task_group_decorator.py
[2024-10-06T13:48:17.142+0000] {logging_mixin.py:190} INFO - [2024-10-06T13:48:17.142+0000] {dag.py:3229} INFO - Sync 1 DAGs
[2024-10-06T13:48:17.149+0000] {logging_mixin.py:190} INFO - [2024-10-06T13:48:17.148+0000] {dag.py:4156} INFO - Setting next_dagrun for example_task_group_decorator to None, run_after=None
[2024-10-06T13:48:17.155+0000] {processor.py:208} INFO - Processing /home/airflow/.local/lib/python3.12/site-packages/airflow/example_dags/example_task_group_decorator.py took 0.035 seconds
[2024-10-06T13:55:52.847+0000] {processor.py:186} INFO - Started process (PID=25449) to work on /home/airflow/.local/lib/python3.12/site-packages/airflow/example_dags/example_task_group_decorator.py
[2024-10-06T13:55:52.848+0000] {processor.py:914} INFO - Processing file /home/airflow/.local/lib/python3.12/site-packages/airflow/example_dags/example_task_group_decorator.py for tasks to queue
[2024-10-06T13:55:52.849+0000] {logging_mixin.py:190} INFO - [2024-10-06T13:55:52.849+0000] {dagbag.py:587} INFO - Filling up the DagBag from /home/airflow/.local/lib/python3.12/site-packages/airflow/example_dags/example_task_group_decorator.py
[2024-10-06T13:55:52.857+0000] {processor.py:925} INFO - DAG(s) 'example_task_group_decorator' retrieved from /home/airflow/.local/lib/python3.12/site-packages/airflow/example_dags/example_task_group_decorator.py
[2024-10-06T13:55:52.873+0000] {logging_mixin.py:190} INFO - [2024-10-06T13:55:52.873+0000] {dag.py:3229} INFO - Sync 1 DAGs
[2024-10-06T13:55:52.881+0000] {logging_mixin.py:190} INFO - [2024-10-06T13:55:52.881+0000] {dag.py:4156} INFO - Setting next_dagrun for example_task_group_decorator to None, run_after=None
[2024-10-06T13:55:52.894+0000] {processor.py:208} INFO - Processing /home/airflow/.local/lib/python3.12/site-packages/airflow/example_dags/example_task_group_decorator.py took 0.052 seconds
[2024-10-06T14:56:52.594+0000] {processor.py:186} INFO - Started process (PID=25519) to work on /home/airflow/.local/lib/python3.12/site-packages/airflow/example_dags/example_task_group_decorator.py
[2024-10-06T14:56:52.597+0000] {processor.py:914} INFO - Processing file /home/airflow/.local/lib/python3.12/site-packages/airflow/example_dags/example_task_group_decorator.py for tasks to queue
[2024-10-06T14:56:52.600+0000] {logging_mixin.py:190} INFO - [2024-10-06T14:56:52.599+0000] {dagbag.py:587} INFO - Filling up the DagBag from /home/airflow/.local/lib/python3.12/site-packages/airflow/example_dags/example_task_group_decorator.py
[2024-10-06T14:56:52.614+0000] {processor.py:925} INFO - DAG(s) 'example_task_group_decorator' retrieved from /home/airflow/.local/lib/python3.12/site-packages/airflow/example_dags/example_task_group_decorator.py
[2024-10-06T14:56:52.651+0000] {logging_mixin.py:190} INFO - [2024-10-06T14:56:52.651+0000] {dag.py:3229} INFO - Sync 1 DAGs
[2024-10-06T14:56:52.666+0000] {logging_mixin.py:190} INFO - [2024-10-06T14:56:52.666+0000] {dag.py:4156} INFO - Setting next_dagrun for example_task_group_decorator to None, run_after=None
[2024-10-06T14:56:52.693+0000] {processor.py:208} INFO - Processing /home/airflow/.local/lib/python3.12/site-packages/airflow/example_dags/example_task_group_decorator.py took 0.107 seconds
[2024-10-06T15:41:30.549+0000] {processor.py:186} INFO - Started process (PID=25589) to work on /home/airflow/.local/lib/python3.12/site-packages/airflow/example_dags/example_task_group_decorator.py
[2024-10-06T15:41:30.550+0000] {processor.py:914} INFO - Processing file /home/airflow/.local/lib/python3.12/site-packages/airflow/example_dags/example_task_group_decorator.py for tasks to queue
[2024-10-06T15:41:30.551+0000] {logging_mixin.py:190} INFO - [2024-10-06T15:41:30.551+0000] {dagbag.py:587} INFO - Filling up the DagBag from /home/airflow/.local/lib/python3.12/site-packages/airflow/example_dags/example_task_group_decorator.py
[2024-10-06T15:41:30.562+0000] {processor.py:925} INFO - DAG(s) 'example_task_group_decorator' retrieved from /home/airflow/.local/lib/python3.12/site-packages/airflow/example_dags/example_task_group_decorator.py
[2024-10-06T15:41:30.591+0000] {logging_mixin.py:190} INFO - [2024-10-06T15:41:30.591+0000] {dag.py:3229} INFO - Sync 1 DAGs
[2024-10-06T15:41:30.609+0000] {logging_mixin.py:190} INFO - [2024-10-06T15:41:30.609+0000] {dag.py:4156} INFO - Setting next_dagrun for example_task_group_decorator to None, run_after=None
[2024-10-06T15:41:30.633+0000] {processor.py:208} INFO - Processing /home/airflow/.local/lib/python3.12/site-packages/airflow/example_dags/example_task_group_decorator.py took 0.089 seconds
[2024-10-06T16:15:56.363+0000] {processor.py:186} INFO - Started process (PID=25659) to work on /home/airflow/.local/lib/python3.12/site-packages/airflow/example_dags/example_task_group_decorator.py
[2024-10-06T16:15:56.364+0000] {processor.py:914} INFO - Processing file /home/airflow/.local/lib/python3.12/site-packages/airflow/example_dags/example_task_group_decorator.py for tasks to queue
[2024-10-06T16:15:56.366+0000] {logging_mixin.py:190} INFO - [2024-10-06T16:15:56.366+0000] {dagbag.py:587} INFO - Filling up the DagBag from /home/airflow/.local/lib/python3.12/site-packages/airflow/example_dags/example_task_group_decorator.py
[2024-10-06T16:15:56.374+0000] {processor.py:925} INFO - DAG(s) 'example_task_group_decorator' retrieved from /home/airflow/.local/lib/python3.12/site-packages/airflow/example_dags/example_task_group_decorator.py
[2024-10-06T16:15:56.402+0000] {logging_mixin.py:190} INFO - [2024-10-06T16:15:56.402+0000] {dag.py:3229} INFO - Sync 1 DAGs
[2024-10-06T16:15:56.414+0000] {logging_mixin.py:190} INFO - [2024-10-06T16:15:56.414+0000] {dag.py:4156} INFO - Setting next_dagrun for example_task_group_decorator to None, run_after=None
[2024-10-06T16:15:56.422+0000] {processor.py:208} INFO - Processing /home/airflow/.local/lib/python3.12/site-packages/airflow/example_dags/example_task_group_decorator.py took 0.063 seconds
[2024-10-06T16:58:37.349+0000] {processor.py:186} INFO - Started process (PID=25729) to work on /home/airflow/.local/lib/python3.12/site-packages/airflow/example_dags/example_task_group_decorator.py
[2024-10-06T16:58:37.350+0000] {processor.py:914} INFO - Processing file /home/airflow/.local/lib/python3.12/site-packages/airflow/example_dags/example_task_group_decorator.py for tasks to queue
[2024-10-06T16:58:37.351+0000] {logging_mixin.py:190} INFO - [2024-10-06T16:58:37.351+0000] {dagbag.py:587} INFO - Filling up the DagBag from /home/airflow/.local/lib/python3.12/site-packages/airflow/example_dags/example_task_group_decorator.py
[2024-10-06T16:58:37.360+0000] {processor.py:925} INFO - DAG(s) 'example_task_group_decorator' retrieved from /home/airflow/.local/lib/python3.12/site-packages/airflow/example_dags/example_task_group_decorator.py
[2024-10-06T16:58:37.381+0000] {logging_mixin.py:190} INFO - [2024-10-06T16:58:37.381+0000] {dag.py:3229} INFO - Sync 1 DAGs
[2024-10-06T16:58:37.393+0000] {logging_mixin.py:190} INFO - [2024-10-06T16:58:37.393+0000] {dag.py:4156} INFO - Setting next_dagrun for example_task_group_decorator to None, run_after=None
[2024-10-06T16:58:37.401+0000] {processor.py:208} INFO - Processing /home/airflow/.local/lib/python3.12/site-packages/airflow/example_dags/example_task_group_decorator.py took 0.054 seconds
[2024-10-06T16:59:08.460+0000] {processor.py:186} INFO - Started process (PID=25799) to work on /home/airflow/.local/lib/python3.12/site-packages/airflow/example_dags/example_task_group_decorator.py
[2024-10-06T16:59:08.461+0000] {processor.py:914} INFO - Processing file /home/airflow/.local/lib/python3.12/site-packages/airflow/example_dags/example_task_group_decorator.py for tasks to queue
[2024-10-06T16:59:08.462+0000] {logging_mixin.py:190} INFO - [2024-10-06T16:59:08.461+0000] {dagbag.py:587} INFO - Filling up the DagBag from /home/airflow/.local/lib/python3.12/site-packages/airflow/example_dags/example_task_group_decorator.py
[2024-10-06T16:59:08.475+0000] {processor.py:925} INFO - DAG(s) 'example_task_group_decorator' retrieved from /home/airflow/.local/lib/python3.12/site-packages/airflow/example_dags/example_task_group_decorator.py
[2024-10-06T16:59:08.500+0000] {logging_mixin.py:190} INFO - [2024-10-06T16:59:08.499+0000] {dag.py:3229} INFO - Sync 1 DAGs
[2024-10-06T16:59:08.531+0000] {logging_mixin.py:190} INFO - [2024-10-06T16:59:08.531+0000] {dag.py:4156} INFO - Setting next_dagrun for example_task_group_decorator to None, run_after=None
[2024-10-06T16:59:08.560+0000] {processor.py:208} INFO - Processing /home/airflow/.local/lib/python3.12/site-packages/airflow/example_dags/example_task_group_decorator.py took 0.104 seconds
[2024-10-06T17:59:33.529+0000] {processor.py:186} INFO - Started process (PID=25868) to work on /home/airflow/.local/lib/python3.12/site-packages/airflow/example_dags/example_task_group_decorator.py
[2024-10-06T17:59:33.530+0000] {processor.py:914} INFO - Processing file /home/airflow/.local/lib/python3.12/site-packages/airflow/example_dags/example_task_group_decorator.py for tasks to queue
[2024-10-06T17:59:33.531+0000] {logging_mixin.py:190} INFO - [2024-10-06T17:59:33.531+0000] {dagbag.py:587} INFO - Filling up the DagBag from /home/airflow/.local/lib/python3.12/site-packages/airflow/example_dags/example_task_group_decorator.py
[2024-10-06T17:59:33.538+0000] {processor.py:925} INFO - DAG(s) 'example_task_group_decorator' retrieved from /home/airflow/.local/lib/python3.12/site-packages/airflow/example_dags/example_task_group_decorator.py
[2024-10-06T17:59:33.553+0000] {logging_mixin.py:190} INFO - [2024-10-06T17:59:33.553+0000] {dag.py:3229} INFO - Sync 1 DAGs
[2024-10-06T17:59:33.561+0000] {logging_mixin.py:190} INFO - [2024-10-06T17:59:33.560+0000] {dag.py:4156} INFO - Setting next_dagrun for example_task_group_decorator to None, run_after=None
[2024-10-06T17:59:33.582+0000] {processor.py:208} INFO - Processing /home/airflow/.local/lib/python3.12/site-packages/airflow/example_dags/example_task_group_decorator.py took 0.057 seconds
[2024-10-06T18:17:02.565+0000] {processor.py:186} INFO - Started process (PID=25938) to work on /home/airflow/.local/lib/python3.12/site-packages/airflow/example_dags/example_task_group_decorator.py
[2024-10-06T18:17:02.566+0000] {processor.py:914} INFO - Processing file /home/airflow/.local/lib/python3.12/site-packages/airflow/example_dags/example_task_group_decorator.py for tasks to queue
[2024-10-06T18:17:02.567+0000] {logging_mixin.py:190} INFO - [2024-10-06T18:17:02.567+0000] {dagbag.py:587} INFO - Filling up the DagBag from /home/airflow/.local/lib/python3.12/site-packages/airflow/example_dags/example_task_group_decorator.py
[2024-10-06T18:17:02.575+0000] {processor.py:925} INFO - DAG(s) 'example_task_group_decorator' retrieved from /home/airflow/.local/lib/python3.12/site-packages/airflow/example_dags/example_task_group_decorator.py
[2024-10-06T18:17:02.594+0000] {logging_mixin.py:190} INFO - [2024-10-06T18:17:02.594+0000] {dag.py:3229} INFO - Sync 1 DAGs
[2024-10-06T18:17:02.606+0000] {logging_mixin.py:190} INFO - [2024-10-06T18:17:02.606+0000] {dag.py:4156} INFO - Setting next_dagrun for example_task_group_decorator to None, run_after=None
[2024-10-06T18:17:02.618+0000] {processor.py:208} INFO - Processing /home/airflow/.local/lib/python3.12/site-packages/airflow/example_dags/example_task_group_decorator.py took 0.056 seconds
[2024-10-06T18:49:50.673+0000] {processor.py:186} INFO - Started process (PID=26008) to work on /home/airflow/.local/lib/python3.12/site-packages/airflow/example_dags/example_task_group_decorator.py
[2024-10-06T18:49:50.676+0000] {processor.py:914} INFO - Processing file /home/airflow/.local/lib/python3.12/site-packages/airflow/example_dags/example_task_group_decorator.py for tasks to queue
[2024-10-06T18:49:50.679+0000] {logging_mixin.py:190} INFO - [2024-10-06T18:49:50.679+0000] {dagbag.py:587} INFO - Filling up the DagBag from /home/airflow/.local/lib/python3.12/site-packages/airflow/example_dags/example_task_group_decorator.py
[2024-10-06T18:49:50.692+0000] {processor.py:925} INFO - DAG(s) 'example_task_group_decorator' retrieved from /home/airflow/.local/lib/python3.12/site-packages/airflow/example_dags/example_task_group_decorator.py
[2024-10-06T18:49:50.712+0000] {logging_mixin.py:190} INFO - [2024-10-06T18:49:50.711+0000] {dag.py:3229} INFO - Sync 1 DAGs
[2024-10-06T18:49:50.719+0000] {logging_mixin.py:190} INFO - [2024-10-06T18:49:50.719+0000] {dag.py:4156} INFO - Setting next_dagrun for example_task_group_decorator to None, run_after=None
[2024-10-06T18:49:50.732+0000] {processor.py:208} INFO - Processing /home/airflow/.local/lib/python3.12/site-packages/airflow/example_dags/example_task_group_decorator.py took 0.063 seconds
[2024-10-06T19:00:34.341+0000] {processor.py:186} INFO - Started process (PID=26078) to work on /home/airflow/.local/lib/python3.12/site-packages/airflow/example_dags/example_task_group_decorator.py
[2024-10-06T19:00:34.342+0000] {processor.py:914} INFO - Processing file /home/airflow/.local/lib/python3.12/site-packages/airflow/example_dags/example_task_group_decorator.py for tasks to queue
[2024-10-06T19:00:34.342+0000] {logging_mixin.py:190} INFO - [2024-10-06T19:00:34.342+0000] {dagbag.py:587} INFO - Filling up the DagBag from /home/airflow/.local/lib/python3.12/site-packages/airflow/example_dags/example_task_group_decorator.py
[2024-10-06T19:00:34.350+0000] {processor.py:925} INFO - DAG(s) 'example_task_group_decorator' retrieved from /home/airflow/.local/lib/python3.12/site-packages/airflow/example_dags/example_task_group_decorator.py
[2024-10-06T19:00:34.363+0000] {logging_mixin.py:190} INFO - [2024-10-06T19:00:34.363+0000] {dag.py:3229} INFO - Sync 1 DAGs
[2024-10-06T19:00:34.373+0000] {logging_mixin.py:190} INFO - [2024-10-06T19:00:34.373+0000] {dag.py:4156} INFO - Setting next_dagrun for example_task_group_decorator to None, run_after=None
[2024-10-06T19:00:34.382+0000] {processor.py:208} INFO - Processing /home/airflow/.local/lib/python3.12/site-packages/airflow/example_dags/example_task_group_decorator.py took 0.044 seconds
[2024-10-06T19:16:47.263+0000] {processor.py:186} INFO - Started process (PID=26148) to work on /home/airflow/.local/lib/python3.12/site-packages/airflow/example_dags/example_task_group_decorator.py
[2024-10-06T19:16:47.268+0000] {processor.py:914} INFO - Processing file /home/airflow/.local/lib/python3.12/site-packages/airflow/example_dags/example_task_group_decorator.py for tasks to queue
[2024-10-06T19:16:47.268+0000] {logging_mixin.py:190} INFO - [2024-10-06T19:16:47.268+0000] {dagbag.py:587} INFO - Filling up the DagBag from /home/airflow/.local/lib/python3.12/site-packages/airflow/example_dags/example_task_group_decorator.py
[2024-10-06T19:16:47.277+0000] {processor.py:925} INFO - DAG(s) 'example_task_group_decorator' retrieved from /home/airflow/.local/lib/python3.12/site-packages/airflow/example_dags/example_task_group_decorator.py
[2024-10-06T19:16:47.293+0000] {logging_mixin.py:190} INFO - [2024-10-06T19:16:47.293+0000] {dag.py:3229} INFO - Sync 1 DAGs
[2024-10-06T19:16:47.300+0000] {logging_mixin.py:190} INFO - [2024-10-06T19:16:47.300+0000] {dag.py:4156} INFO - Setting next_dagrun for example_task_group_decorator to None, run_after=None
[2024-10-06T19:16:47.307+0000] {processor.py:208} INFO - Processing /home/airflow/.local/lib/python3.12/site-packages/airflow/example_dags/example_task_group_decorator.py took 0.047 seconds
[2024-10-06T20:01:51.498+0000] {processor.py:186} INFO - Started process (PID=26218) to work on /home/airflow/.local/lib/python3.12/site-packages/airflow/example_dags/example_task_group_decorator.py
[2024-10-06T20:01:51.500+0000] {processor.py:914} INFO - Processing file /home/airflow/.local/lib/python3.12/site-packages/airflow/example_dags/example_task_group_decorator.py for tasks to queue
[2024-10-06T20:01:51.501+0000] {logging_mixin.py:190} INFO - [2024-10-06T20:01:51.500+0000] {dagbag.py:587} INFO - Filling up the DagBag from /home/airflow/.local/lib/python3.12/site-packages/airflow/example_dags/example_task_group_decorator.py
[2024-10-06T20:01:51.511+0000] {processor.py:925} INFO - DAG(s) 'example_task_group_decorator' retrieved from /home/airflow/.local/lib/python3.12/site-packages/airflow/example_dags/example_task_group_decorator.py
[2024-10-06T20:01:51.526+0000] {logging_mixin.py:190} INFO - [2024-10-06T20:01:51.526+0000] {dag.py:3229} INFO - Sync 1 DAGs
[2024-10-06T20:01:51.534+0000] {logging_mixin.py:190} INFO - [2024-10-06T20:01:51.534+0000] {dag.py:4156} INFO - Setting next_dagrun for example_task_group_decorator to None, run_after=None
[2024-10-06T20:01:51.544+0000] {processor.py:208} INFO - Processing /home/airflow/.local/lib/python3.12/site-packages/airflow/example_dags/example_task_group_decorator.py took 0.052 seconds
[2024-10-06T20:18:00.907+0000] {processor.py:186} INFO - Started process (PID=26288) to work on /home/airflow/.local/lib/python3.12/site-packages/airflow/example_dags/example_task_group_decorator.py
[2024-10-06T20:18:00.909+0000] {processor.py:914} INFO - Processing file /home/airflow/.local/lib/python3.12/site-packages/airflow/example_dags/example_task_group_decorator.py for tasks to queue
[2024-10-06T20:18:00.910+0000] {logging_mixin.py:190} INFO - [2024-10-06T20:18:00.910+0000] {dagbag.py:587} INFO - Filling up the DagBag from /home/airflow/.local/lib/python3.12/site-packages/airflow/example_dags/example_task_group_decorator.py
[2024-10-06T20:18:00.918+0000] {processor.py:925} INFO - DAG(s) 'example_task_group_decorator' retrieved from /home/airflow/.local/lib/python3.12/site-packages/airflow/example_dags/example_task_group_decorator.py
[2024-10-06T20:18:00.932+0000] {logging_mixin.py:190} INFO - [2024-10-06T20:18:00.932+0000] {dag.py:3229} INFO - Sync 1 DAGs
[2024-10-06T20:18:00.942+0000] {logging_mixin.py:190} INFO - [2024-10-06T20:18:00.942+0000] {dag.py:4156} INFO - Setting next_dagrun for example_task_group_decorator to None, run_after=None
[2024-10-06T20:18:00.951+0000] {processor.py:208} INFO - Processing /home/airflow/.local/lib/python3.12/site-packages/airflow/example_dags/example_task_group_decorator.py took 0.047 seconds
[2024-10-06T20:51:50.777+0000] {processor.py:186} INFO - Started process (PID=26357) to work on /home/airflow/.local/lib/python3.12/site-packages/airflow/example_dags/example_task_group_decorator.py
[2024-10-06T20:51:50.778+0000] {processor.py:914} INFO - Processing file /home/airflow/.local/lib/python3.12/site-packages/airflow/example_dags/example_task_group_decorator.py for tasks to queue
[2024-10-06T20:51:50.779+0000] {logging_mixin.py:190} INFO - [2024-10-06T20:51:50.779+0000] {dagbag.py:587} INFO - Filling up the DagBag from /home/airflow/.local/lib/python3.12/site-packages/airflow/example_dags/example_task_group_decorator.py
[2024-10-06T20:51:50.791+0000] {processor.py:925} INFO - DAG(s) 'example_task_group_decorator' retrieved from /home/airflow/.local/lib/python3.12/site-packages/airflow/example_dags/example_task_group_decorator.py
[2024-10-06T20:51:50.818+0000] {logging_mixin.py:190} INFO - [2024-10-06T20:51:50.818+0000] {dag.py:3229} INFO - Sync 1 DAGs
[2024-10-06T20:51:50.830+0000] {logging_mixin.py:190} INFO - [2024-10-06T20:51:50.830+0000] {dag.py:4156} INFO - Setting next_dagrun for example_task_group_decorator to None, run_after=None
[2024-10-06T20:51:50.840+0000] {processor.py:208} INFO - Processing /home/airflow/.local/lib/python3.12/site-packages/airflow/example_dags/example_task_group_decorator.py took 0.066 seconds
[2024-10-06T20:52:23.169+0000] {processor.py:186} INFO - Started process (PID=26428) to work on /home/airflow/.local/lib/python3.12/site-packages/airflow/example_dags/example_task_group_decorator.py
[2024-10-06T20:52:23.169+0000] {processor.py:914} INFO - Processing file /home/airflow/.local/lib/python3.12/site-packages/airflow/example_dags/example_task_group_decorator.py for tasks to queue
[2024-10-06T20:52:23.170+0000] {logging_mixin.py:190} INFO - [2024-10-06T20:52:23.170+0000] {dagbag.py:587} INFO - Filling up the DagBag from /home/airflow/.local/lib/python3.12/site-packages/airflow/example_dags/example_task_group_decorator.py
[2024-10-06T20:52:23.179+0000] {processor.py:925} INFO - DAG(s) 'example_task_group_decorator' retrieved from /home/airflow/.local/lib/python3.12/site-packages/airflow/example_dags/example_task_group_decorator.py
[2024-10-06T20:52:23.199+0000] {logging_mixin.py:190} INFO - [2024-10-06T20:52:23.199+0000] {dag.py:3229} INFO - Sync 1 DAGs
[2024-10-06T20:52:23.212+0000] {logging_mixin.py:190} INFO - [2024-10-06T20:52:23.212+0000] {dag.py:4156} INFO - Setting next_dagrun for example_task_group_decorator to None, run_after=None
[2024-10-06T20:52:23.225+0000] {processor.py:208} INFO - Processing /home/airflow/.local/lib/python3.12/site-packages/airflow/example_dags/example_task_group_decorator.py took 0.059 seconds
[2024-10-06T21:19:21.959+0000] {processor.py:186} INFO - Started process (PID=26498) to work on /home/airflow/.local/lib/python3.12/site-packages/airflow/example_dags/example_task_group_decorator.py
[2024-10-06T21:19:21.960+0000] {processor.py:914} INFO - Processing file /home/airflow/.local/lib/python3.12/site-packages/airflow/example_dags/example_task_group_decorator.py for tasks to queue
[2024-10-06T21:19:21.961+0000] {logging_mixin.py:190} INFO - [2024-10-06T21:19:21.960+0000] {dagbag.py:587} INFO - Filling up the DagBag from /home/airflow/.local/lib/python3.12/site-packages/airflow/example_dags/example_task_group_decorator.py
[2024-10-06T21:19:21.975+0000] {processor.py:925} INFO - DAG(s) 'example_task_group_decorator' retrieved from /home/airflow/.local/lib/python3.12/site-packages/airflow/example_dags/example_task_group_decorator.py
[2024-10-06T21:19:22.001+0000] {logging_mixin.py:190} INFO - [2024-10-06T21:19:22.001+0000] {dag.py:3229} INFO - Sync 1 DAGs
[2024-10-06T21:19:22.019+0000] {logging_mixin.py:190} INFO - [2024-10-06T21:19:22.019+0000] {dag.py:4156} INFO - Setting next_dagrun for example_task_group_decorator to None, run_after=None
[2024-10-06T21:19:22.036+0000] {processor.py:208} INFO - Processing /home/airflow/.local/lib/python3.12/site-packages/airflow/example_dags/example_task_group_decorator.py took 0.081 seconds
[2024-10-06T21:52:09.473+0000] {processor.py:186} INFO - Started process (PID=26568) to work on /home/airflow/.local/lib/python3.12/site-packages/airflow/example_dags/example_task_group_decorator.py
[2024-10-06T21:52:09.474+0000] {processor.py:914} INFO - Processing file /home/airflow/.local/lib/python3.12/site-packages/airflow/example_dags/example_task_group_decorator.py for tasks to queue
[2024-10-06T21:52:09.475+0000] {logging_mixin.py:190} INFO - [2024-10-06T21:52:09.474+0000] {dagbag.py:587} INFO - Filling up the DagBag from /home/airflow/.local/lib/python3.12/site-packages/airflow/example_dags/example_task_group_decorator.py
[2024-10-06T21:52:09.482+0000] {processor.py:925} INFO - DAG(s) 'example_task_group_decorator' retrieved from /home/airflow/.local/lib/python3.12/site-packages/airflow/example_dags/example_task_group_decorator.py
[2024-10-06T21:52:09.493+0000] {logging_mixin.py:190} INFO - [2024-10-06T21:52:09.493+0000] {dag.py:3229} INFO - Sync 1 DAGs
[2024-10-06T21:52:09.499+0000] {logging_mixin.py:190} INFO - [2024-10-06T21:52:09.499+0000] {dag.py:4156} INFO - Setting next_dagrun for example_task_group_decorator to None, run_after=None
[2024-10-06T21:52:09.508+0000] {processor.py:208} INFO - Processing /home/airflow/.local/lib/python3.12/site-packages/airflow/example_dags/example_task_group_decorator.py took 0.037 seconds
[2024-10-06T22:53:04.287+0000] {processor.py:186} INFO - Started process (PID=26638) to work on /home/airflow/.local/lib/python3.12/site-packages/airflow/example_dags/example_task_group_decorator.py
[2024-10-06T22:53:04.287+0000] {processor.py:914} INFO - Processing file /home/airflow/.local/lib/python3.12/site-packages/airflow/example_dags/example_task_group_decorator.py for tasks to queue
[2024-10-06T22:53:04.288+0000] {logging_mixin.py:190} INFO - [2024-10-06T22:53:04.288+0000] {dagbag.py:587} INFO - Filling up the DagBag from /home/airflow/.local/lib/python3.12/site-packages/airflow/example_dags/example_task_group_decorator.py
[2024-10-06T22:53:04.298+0000] {processor.py:925} INFO - DAG(s) 'example_task_group_decorator' retrieved from /home/airflow/.local/lib/python3.12/site-packages/airflow/example_dags/example_task_group_decorator.py
[2024-10-06T22:53:04.318+0000] {logging_mixin.py:190} INFO - [2024-10-06T22:53:04.318+0000] {dag.py:3229} INFO - Sync 1 DAGs
[2024-10-06T22:53:04.329+0000] {logging_mixin.py:190} INFO - [2024-10-06T22:53:04.329+0000] {dag.py:4156} INFO - Setting next_dagrun for example_task_group_decorator to None, run_after=None
[2024-10-06T22:53:04.342+0000] {processor.py:208} INFO - Processing /home/airflow/.local/lib/python3.12/site-packages/airflow/example_dags/example_task_group_decorator.py took 0.058 seconds
[2024-10-06T23:21:13.026+0000] {processor.py:186} INFO - Started process (PID=26708) to work on /home/airflow/.local/lib/python3.12/site-packages/airflow/example_dags/example_task_group_decorator.py
[2024-10-06T23:21:13.028+0000] {processor.py:914} INFO - Processing file /home/airflow/.local/lib/python3.12/site-packages/airflow/example_dags/example_task_group_decorator.py for tasks to queue
[2024-10-06T23:21:13.028+0000] {logging_mixin.py:190} INFO - [2024-10-06T23:21:13.028+0000] {dagbag.py:587} INFO - Filling up the DagBag from /home/airflow/.local/lib/python3.12/site-packages/airflow/example_dags/example_task_group_decorator.py
[2024-10-06T23:21:13.036+0000] {processor.py:925} INFO - DAG(s) 'example_task_group_decorator' retrieved from /home/airflow/.local/lib/python3.12/site-packages/airflow/example_dags/example_task_group_decorator.py
[2024-10-06T23:21:13.048+0000] {logging_mixin.py:190} INFO - [2024-10-06T23:21:13.047+0000] {dag.py:3229} INFO - Sync 1 DAGs
[2024-10-06T23:21:13.057+0000] {logging_mixin.py:190} INFO - [2024-10-06T23:21:13.057+0000] {dag.py:4156} INFO - Setting next_dagrun for example_task_group_decorator to None, run_after=None
[2024-10-06T23:21:13.065+0000] {processor.py:208} INFO - Processing /home/airflow/.local/lib/python3.12/site-packages/airflow/example_dags/example_task_group_decorator.py took 0.041 seconds
[2024-10-06T23:39:14.386+0000] {processor.py:186} INFO - Started process (PID=26778) to work on /home/airflow/.local/lib/python3.12/site-packages/airflow/example_dags/example_task_group_decorator.py
[2024-10-06T23:39:14.387+0000] {processor.py:914} INFO - Processing file /home/airflow/.local/lib/python3.12/site-packages/airflow/example_dags/example_task_group_decorator.py for tasks to queue
[2024-10-06T23:39:14.388+0000] {logging_mixin.py:190} INFO - [2024-10-06T23:39:14.388+0000] {dagbag.py:587} INFO - Filling up the DagBag from /home/airflow/.local/lib/python3.12/site-packages/airflow/example_dags/example_task_group_decorator.py
[2024-10-06T23:39:14.412+0000] {processor.py:925} INFO - DAG(s) 'example_task_group_decorator' retrieved from /home/airflow/.local/lib/python3.12/site-packages/airflow/example_dags/example_task_group_decorator.py
[2024-10-06T23:39:14.431+0000] {logging_mixin.py:190} INFO - [2024-10-06T23:39:14.431+0000] {dag.py:3229} INFO - Sync 1 DAGs
[2024-10-06T23:39:14.440+0000] {logging_mixin.py:190} INFO - [2024-10-06T23:39:14.440+0000] {dag.py:4156} INFO - Setting next_dagrun for example_task_group_decorator to None, run_after=None
[2024-10-06T23:39:14.450+0000] {processor.py:208} INFO - Processing /home/airflow/.local/lib/python3.12/site-packages/airflow/example_dags/example_task_group_decorator.py took 0.069 seconds
