[2024-10-06T00:50:47.851+0000] {processor.py:186} INFO - Started process (PID=24104) to work on /home/airflow/.local/lib/python3.12/site-packages/airflow/example_dags/example_short_circuit_operator.py
[2024-10-06T00:50:47.852+0000] {processor.py:914} INFO - Processing file /home/airflow/.local/lib/python3.12/site-packages/airflow/example_dags/example_short_circuit_operator.py for tasks to queue
[2024-10-06T00:50:47.853+0000] {logging_mixin.py:190} INFO - [2024-10-06T00:50:47.852+0000] {dagbag.py:587} INFO - Filling up the DagBag from /home/airflow/.local/lib/python3.12/site-packages/airflow/example_dags/example_short_circuit_operator.py
[2024-10-06T00:50:47.859+0000] {processor.py:925} INFO - DAG(s) 'example_short_circuit_operator' retrieved from /home/airflow/.local/lib/python3.12/site-packages/airflow/example_dags/example_short_circuit_operator.py
[2024-10-06T00:50:47.882+0000] {logging_mixin.py:190} INFO - [2024-10-06T00:50:47.882+0000] {dag.py:3229} INFO - Sync 1 DAGs
[2024-10-06T00:50:47.892+0000] {logging_mixin.py:190} INFO - [2024-10-06T00:50:47.892+0000] {dag.py:4156} INFO - Setting next_dagrun for example_short_circuit_operator to None, run_after=None
[2024-10-06T00:50:47.900+0000] {processor.py:208} INFO - Processing /home/airflow/.local/lib/python3.12/site-packages/airflow/example_dags/example_short_circuit_operator.py took 0.052 seconds
[2024-10-06T00:51:18.488+0000] {processor.py:186} INFO - Started process (PID=24174) to work on /home/airflow/.local/lib/python3.12/site-packages/airflow/example_dags/example_short_circuit_operator.py
[2024-10-06T00:51:18.489+0000] {processor.py:914} INFO - Processing file /home/airflow/.local/lib/python3.12/site-packages/airflow/example_dags/example_short_circuit_operator.py for tasks to queue
[2024-10-06T00:51:18.490+0000] {logging_mixin.py:190} INFO - [2024-10-06T00:51:18.490+0000] {dagbag.py:587} INFO - Filling up the DagBag from /home/airflow/.local/lib/python3.12/site-packages/airflow/example_dags/example_short_circuit_operator.py
[2024-10-06T00:51:18.500+0000] {processor.py:925} INFO - DAG(s) 'example_short_circuit_operator' retrieved from /home/airflow/.local/lib/python3.12/site-packages/airflow/example_dags/example_short_circuit_operator.py
[2024-10-06T00:51:18.518+0000] {logging_mixin.py:190} INFO - [2024-10-06T00:51:18.518+0000] {dag.py:3229} INFO - Sync 1 DAGs
[2024-10-06T00:51:18.526+0000] {logging_mixin.py:190} INFO - [2024-10-06T00:51:18.526+0000] {dag.py:4156} INFO - Setting next_dagrun for example_short_circuit_operator to None, run_after=None
[2024-10-06T00:51:18.538+0000] {processor.py:208} INFO - Processing /home/airflow/.local/lib/python3.12/site-packages/airflow/example_dags/example_short_circuit_operator.py took 0.053 seconds
[2024-10-06T01:51:42.589+0000] {processor.py:186} INFO - Started process (PID=24243) to work on /home/airflow/.local/lib/python3.12/site-packages/airflow/example_dags/example_short_circuit_operator.py
[2024-10-06T01:51:42.589+0000] {processor.py:914} INFO - Processing file /home/airflow/.local/lib/python3.12/site-packages/airflow/example_dags/example_short_circuit_operator.py for tasks to queue
[2024-10-06T01:51:42.592+0000] {logging_mixin.py:190} INFO - [2024-10-06T01:51:42.591+0000] {dagbag.py:587} INFO - Filling up the DagBag from /home/airflow/.local/lib/python3.12/site-packages/airflow/example_dags/example_short_circuit_operator.py
[2024-10-06T01:51:42.600+0000] {processor.py:925} INFO - DAG(s) 'example_short_circuit_operator' retrieved from /home/airflow/.local/lib/python3.12/site-packages/airflow/example_dags/example_short_circuit_operator.py
[2024-10-06T01:51:42.618+0000] {logging_mixin.py:190} INFO - [2024-10-06T01:51:42.618+0000] {dag.py:3229} INFO - Sync 1 DAGs
[2024-10-06T01:51:42.628+0000] {logging_mixin.py:190} INFO - [2024-10-06T01:51:42.628+0000] {dag.py:4156} INFO - Setting next_dagrun for example_short_circuit_operator to None, run_after=None
[2024-10-06T01:51:42.642+0000] {processor.py:208} INFO - Processing /home/airflow/.local/lib/python3.12/site-packages/airflow/example_dags/example_short_circuit_operator.py took 0.057 seconds
[2024-10-06T02:42:32.513+0000] {processor.py:186} INFO - Started process (PID=24312) to work on /home/airflow/.local/lib/python3.12/site-packages/airflow/example_dags/example_short_circuit_operator.py
[2024-10-06T02:42:32.516+0000] {processor.py:914} INFO - Processing file /home/airflow/.local/lib/python3.12/site-packages/airflow/example_dags/example_short_circuit_operator.py for tasks to queue
[2024-10-06T02:42:32.517+0000] {logging_mixin.py:190} INFO - [2024-10-06T02:42:32.517+0000] {dagbag.py:587} INFO - Filling up the DagBag from /home/airflow/.local/lib/python3.12/site-packages/airflow/example_dags/example_short_circuit_operator.py
[2024-10-06T02:42:32.522+0000] {processor.py:925} INFO - DAG(s) 'example_short_circuit_operator' retrieved from /home/airflow/.local/lib/python3.12/site-packages/airflow/example_dags/example_short_circuit_operator.py
[2024-10-06T02:42:32.536+0000] {logging_mixin.py:190} INFO - [2024-10-06T02:42:32.536+0000] {dag.py:3229} INFO - Sync 1 DAGs
[2024-10-06T02:42:32.545+0000] {logging_mixin.py:190} INFO - [2024-10-06T02:42:32.545+0000] {dag.py:4156} INFO - Setting next_dagrun for example_short_circuit_operator to None, run_after=None
[2024-10-06T02:42:32.552+0000] {processor.py:208} INFO - Processing /home/airflow/.local/lib/python3.12/site-packages/airflow/example_dags/example_short_circuit_operator.py took 0.042 seconds
[2024-10-06T03:10:37.134+0000] {processor.py:186} INFO - Started process (PID=24382) to work on /home/airflow/.local/lib/python3.12/site-packages/airflow/example_dags/example_short_circuit_operator.py
[2024-10-06T03:10:37.136+0000] {processor.py:914} INFO - Processing file /home/airflow/.local/lib/python3.12/site-packages/airflow/example_dags/example_short_circuit_operator.py for tasks to queue
[2024-10-06T03:10:37.137+0000] {logging_mixin.py:190} INFO - [2024-10-06T03:10:37.137+0000] {dagbag.py:587} INFO - Filling up the DagBag from /home/airflow/.local/lib/python3.12/site-packages/airflow/example_dags/example_short_circuit_operator.py
[2024-10-06T03:10:37.147+0000] {processor.py:925} INFO - DAG(s) 'example_short_circuit_operator' retrieved from /home/airflow/.local/lib/python3.12/site-packages/airflow/example_dags/example_short_circuit_operator.py
[2024-10-06T03:10:37.168+0000] {logging_mixin.py:190} INFO - [2024-10-06T03:10:37.168+0000] {dag.py:3229} INFO - Sync 1 DAGs
[2024-10-06T03:10:37.178+0000] {logging_mixin.py:190} INFO - [2024-10-06T03:10:37.177+0000] {dag.py:4156} INFO - Setting next_dagrun for example_short_circuit_operator to None, run_after=None
[2024-10-06T03:10:37.190+0000] {processor.py:208} INFO - Processing /home/airflow/.local/lib/python3.12/site-packages/airflow/example_dags/example_short_circuit_operator.py took 0.064 seconds
[2024-10-06T03:53:54.248+0000] {processor.py:186} INFO - Started process (PID=24452) to work on /home/airflow/.local/lib/python3.12/site-packages/airflow/example_dags/example_short_circuit_operator.py
[2024-10-06T03:53:54.249+0000] {processor.py:914} INFO - Processing file /home/airflow/.local/lib/python3.12/site-packages/airflow/example_dags/example_short_circuit_operator.py for tasks to queue
[2024-10-06T03:53:54.250+0000] {logging_mixin.py:190} INFO - [2024-10-06T03:53:54.250+0000] {dagbag.py:587} INFO - Filling up the DagBag from /home/airflow/.local/lib/python3.12/site-packages/airflow/example_dags/example_short_circuit_operator.py
[2024-10-06T03:53:54.255+0000] {processor.py:925} INFO - DAG(s) 'example_short_circuit_operator' retrieved from /home/airflow/.local/lib/python3.12/site-packages/airflow/example_dags/example_short_circuit_operator.py
[2024-10-06T03:53:54.270+0000] {logging_mixin.py:190} INFO - [2024-10-06T03:53:54.270+0000] {dag.py:3229} INFO - Sync 1 DAGs
[2024-10-06T03:53:54.277+0000] {logging_mixin.py:190} INFO - [2024-10-06T03:53:54.276+0000] {dag.py:4156} INFO - Setting next_dagrun for example_short_circuit_operator to None, run_after=None
[2024-10-06T03:53:54.284+0000] {processor.py:208} INFO - Processing /home/airflow/.local/lib/python3.12/site-packages/airflow/example_dags/example_short_circuit_operator.py took 0.039 seconds
[2024-10-06T04:44:16.890+0000] {processor.py:186} INFO - Started process (PID=24522) to work on /home/airflow/.local/lib/python3.12/site-packages/airflow/example_dags/example_short_circuit_operator.py
[2024-10-06T04:44:16.891+0000] {processor.py:914} INFO - Processing file /home/airflow/.local/lib/python3.12/site-packages/airflow/example_dags/example_short_circuit_operator.py for tasks to queue
[2024-10-06T04:44:16.893+0000] {logging_mixin.py:190} INFO - [2024-10-06T04:44:16.892+0000] {dagbag.py:587} INFO - Filling up the DagBag from /home/airflow/.local/lib/python3.12/site-packages/airflow/example_dags/example_short_circuit_operator.py
[2024-10-06T04:44:16.898+0000] {processor.py:925} INFO - DAG(s) 'example_short_circuit_operator' retrieved from /home/airflow/.local/lib/python3.12/site-packages/airflow/example_dags/example_short_circuit_operator.py
[2024-10-06T04:44:16.919+0000] {logging_mixin.py:190} INFO - [2024-10-06T04:44:16.919+0000] {dag.py:3229} INFO - Sync 1 DAGs
[2024-10-06T04:44:16.945+0000] {logging_mixin.py:190} INFO - [2024-10-06T04:44:16.945+0000] {dag.py:4156} INFO - Setting next_dagrun for example_short_circuit_operator to None, run_after=None
[2024-10-06T04:44:16.966+0000] {processor.py:208} INFO - Processing /home/airflow/.local/lib/python3.12/site-packages/airflow/example_dags/example_short_circuit_operator.py took 0.081 seconds
[2024-10-06T05:45:11.099+0000] {processor.py:186} INFO - Started process (PID=24592) to work on /home/airflow/.local/lib/python3.12/site-packages/airflow/example_dags/example_short_circuit_operator.py
[2024-10-06T05:45:11.100+0000] {processor.py:914} INFO - Processing file /home/airflow/.local/lib/python3.12/site-packages/airflow/example_dags/example_short_circuit_operator.py for tasks to queue
[2024-10-06T05:45:11.102+0000] {logging_mixin.py:190} INFO - [2024-10-06T05:45:11.102+0000] {dagbag.py:587} INFO - Filling up the DagBag from /home/airflow/.local/lib/python3.12/site-packages/airflow/example_dags/example_short_circuit_operator.py
[2024-10-06T05:45:11.110+0000] {processor.py:925} INFO - DAG(s) 'example_short_circuit_operator' retrieved from /home/airflow/.local/lib/python3.12/site-packages/airflow/example_dags/example_short_circuit_operator.py
[2024-10-06T05:45:11.127+0000] {logging_mixin.py:190} INFO - [2024-10-06T05:45:11.127+0000] {dag.py:3229} INFO - Sync 1 DAGs
[2024-10-06T05:45:11.136+0000] {logging_mixin.py:190} INFO - [2024-10-06T05:45:11.136+0000] {dag.py:4156} INFO - Setting next_dagrun for example_short_circuit_operator to None, run_after=None
[2024-10-06T05:45:11.146+0000] {processor.py:208} INFO - Processing /home/airflow/.local/lib/python3.12/site-packages/airflow/example_dags/example_short_circuit_operator.py took 0.052 seconds
[2024-10-06T06:27:11.695+0000] {processor.py:186} INFO - Started process (PID=24662) to work on /home/airflow/.local/lib/python3.12/site-packages/airflow/example_dags/example_short_circuit_operator.py
[2024-10-06T06:27:11.696+0000] {processor.py:914} INFO - Processing file /home/airflow/.local/lib/python3.12/site-packages/airflow/example_dags/example_short_circuit_operator.py for tasks to queue
[2024-10-06T06:27:11.697+0000] {logging_mixin.py:190} INFO - [2024-10-06T06:27:11.697+0000] {dagbag.py:587} INFO - Filling up the DagBag from /home/airflow/.local/lib/python3.12/site-packages/airflow/example_dags/example_short_circuit_operator.py
[2024-10-06T06:27:11.701+0000] {processor.py:925} INFO - DAG(s) 'example_short_circuit_operator' retrieved from /home/airflow/.local/lib/python3.12/site-packages/airflow/example_dags/example_short_circuit_operator.py
[2024-10-06T06:27:11.711+0000] {logging_mixin.py:190} INFO - [2024-10-06T06:27:11.711+0000] {dag.py:3229} INFO - Sync 1 DAGs
[2024-10-06T06:27:11.718+0000] {logging_mixin.py:190} INFO - [2024-10-06T06:27:11.718+0000] {dag.py:4156} INFO - Setting next_dagrun for example_short_circuit_operator to None, run_after=None
[2024-10-06T06:27:11.728+0000] {processor.py:208} INFO - Processing /home/airflow/.local/lib/python3.12/site-packages/airflow/example_dags/example_short_circuit_operator.py took 0.036 seconds
[2024-10-06T06:56:40.754+0000] {processor.py:186} INFO - Started process (PID=24732) to work on /home/airflow/.local/lib/python3.12/site-packages/airflow/example_dags/example_short_circuit_operator.py
[2024-10-06T06:56:40.758+0000] {processor.py:914} INFO - Processing file /home/airflow/.local/lib/python3.12/site-packages/airflow/example_dags/example_short_circuit_operator.py for tasks to queue
[2024-10-06T06:56:40.759+0000] {logging_mixin.py:190} INFO - [2024-10-06T06:56:40.758+0000] {dagbag.py:587} INFO - Filling up the DagBag from /home/airflow/.local/lib/python3.12/site-packages/airflow/example_dags/example_short_circuit_operator.py
[2024-10-06T06:56:40.768+0000] {processor.py:925} INFO - DAG(s) 'example_short_circuit_operator' retrieved from /home/airflow/.local/lib/python3.12/site-packages/airflow/example_dags/example_short_circuit_operator.py
[2024-10-06T06:56:40.802+0000] {logging_mixin.py:190} INFO - [2024-10-06T06:56:40.801+0000] {dag.py:3229} INFO - Sync 1 DAGs
[2024-10-06T06:56:40.819+0000] {logging_mixin.py:190} INFO - [2024-10-06T06:56:40.819+0000] {dag.py:4156} INFO - Setting next_dagrun for example_short_circuit_operator to None, run_after=None
[2024-10-06T06:56:40.938+0000] {processor.py:208} INFO - Processing /home/airflow/.local/lib/python3.12/site-packages/airflow/example_dags/example_short_circuit_operator.py took 0.193 seconds
[2024-10-06T07:29:04.498+0000] {processor.py:186} INFO - Started process (PID=24802) to work on /home/airflow/.local/lib/python3.12/site-packages/airflow/example_dags/example_short_circuit_operator.py
[2024-10-06T07:29:04.498+0000] {processor.py:914} INFO - Processing file /home/airflow/.local/lib/python3.12/site-packages/airflow/example_dags/example_short_circuit_operator.py for tasks to queue
[2024-10-06T07:29:04.499+0000] {logging_mixin.py:190} INFO - [2024-10-06T07:29:04.499+0000] {dagbag.py:587} INFO - Filling up the DagBag from /home/airflow/.local/lib/python3.12/site-packages/airflow/example_dags/example_short_circuit_operator.py
[2024-10-06T07:29:04.503+0000] {processor.py:925} INFO - DAG(s) 'example_short_circuit_operator' retrieved from /home/airflow/.local/lib/python3.12/site-packages/airflow/example_dags/example_short_circuit_operator.py
[2024-10-06T07:29:04.523+0000] {logging_mixin.py:190} INFO - [2024-10-06T07:29:04.522+0000] {dag.py:3229} INFO - Sync 1 DAGs
[2024-10-06T07:29:04.536+0000] {logging_mixin.py:190} INFO - [2024-10-06T07:29:04.535+0000] {dag.py:4156} INFO - Setting next_dagrun for example_short_circuit_operator to None, run_after=None
[2024-10-06T07:29:04.548+0000] {processor.py:208} INFO - Processing /home/airflow/.local/lib/python3.12/site-packages/airflow/example_dags/example_short_circuit_operator.py took 0.054 seconds
[2024-10-06T07:57:58.033+0000] {processor.py:186} INFO - Started process (PID=24872) to work on /home/airflow/.local/lib/python3.12/site-packages/airflow/example_dags/example_short_circuit_operator.py
[2024-10-06T07:57:58.034+0000] {processor.py:914} INFO - Processing file /home/airflow/.local/lib/python3.12/site-packages/airflow/example_dags/example_short_circuit_operator.py for tasks to queue
[2024-10-06T07:57:58.035+0000] {logging_mixin.py:190} INFO - [2024-10-06T07:57:58.035+0000] {dagbag.py:587} INFO - Filling up the DagBag from /home/airflow/.local/lib/python3.12/site-packages/airflow/example_dags/example_short_circuit_operator.py
[2024-10-06T07:57:58.040+0000] {processor.py:925} INFO - DAG(s) 'example_short_circuit_operator' retrieved from /home/airflow/.local/lib/python3.12/site-packages/airflow/example_dags/example_short_circuit_operator.py
[2024-10-06T07:57:58.055+0000] {logging_mixin.py:190} INFO - [2024-10-06T07:57:58.055+0000] {dag.py:3229} INFO - Sync 1 DAGs
[2024-10-06T07:57:58.065+0000] {logging_mixin.py:190} INFO - [2024-10-06T07:57:58.065+0000] {dag.py:4156} INFO - Setting next_dagrun for example_short_circuit_operator to None, run_after=None
[2024-10-06T07:57:58.077+0000] {processor.py:208} INFO - Processing /home/airflow/.local/lib/python3.12/site-packages/airflow/example_dags/example_short_circuit_operator.py took 0.048 seconds
[2024-10-06T08:02:59.928+0000] {processor.py:186} INFO - Started process (PID=24942) to work on /home/airflow/.local/lib/python3.12/site-packages/airflow/example_dags/example_short_circuit_operator.py
[2024-10-06T08:02:59.930+0000] {processor.py:914} INFO - Processing file /home/airflow/.local/lib/python3.12/site-packages/airflow/example_dags/example_short_circuit_operator.py for tasks to queue
[2024-10-06T08:02:59.931+0000] {logging_mixin.py:190} INFO - [2024-10-06T08:02:59.931+0000] {dagbag.py:587} INFO - Filling up the DagBag from /home/airflow/.local/lib/python3.12/site-packages/airflow/example_dags/example_short_circuit_operator.py
[2024-10-06T08:02:59.935+0000] {processor.py:925} INFO - DAG(s) 'example_short_circuit_operator' retrieved from /home/airflow/.local/lib/python3.12/site-packages/airflow/example_dags/example_short_circuit_operator.py
[2024-10-06T08:02:59.953+0000] {logging_mixin.py:190} INFO - [2024-10-06T08:02:59.953+0000] {dag.py:3229} INFO - Sync 1 DAGs
[2024-10-06T08:02:59.963+0000] {logging_mixin.py:190} INFO - [2024-10-06T08:02:59.963+0000] {dag.py:4156} INFO - Setting next_dagrun for example_short_circuit_operator to None, run_after=None
[2024-10-06T08:02:59.972+0000] {processor.py:208} INFO - Processing /home/airflow/.local/lib/python3.12/site-packages/airflow/example_dags/example_short_circuit_operator.py took 0.047 seconds
[2024-10-06T08:03:31.015+0000] {processor.py:186} INFO - Started process (PID=25012) to work on /home/airflow/.local/lib/python3.12/site-packages/airflow/example_dags/example_short_circuit_operator.py
[2024-10-06T08:03:31.019+0000] {processor.py:914} INFO - Processing file /home/airflow/.local/lib/python3.12/site-packages/airflow/example_dags/example_short_circuit_operator.py for tasks to queue
[2024-10-06T08:03:31.020+0000] {logging_mixin.py:190} INFO - [2024-10-06T08:03:31.019+0000] {dagbag.py:587} INFO - Filling up the DagBag from /home/airflow/.local/lib/python3.12/site-packages/airflow/example_dags/example_short_circuit_operator.py
[2024-10-06T08:03:31.024+0000] {processor.py:925} INFO - DAG(s) 'example_short_circuit_operator' retrieved from /home/airflow/.local/lib/python3.12/site-packages/airflow/example_dags/example_short_circuit_operator.py
[2024-10-06T08:03:31.041+0000] {logging_mixin.py:190} INFO - [2024-10-06T08:03:31.041+0000] {dag.py:3229} INFO - Sync 1 DAGs
[2024-10-06T08:03:31.049+0000] {logging_mixin.py:190} INFO - [2024-10-06T08:03:31.049+0000] {dag.py:4156} INFO - Setting next_dagrun for example_short_circuit_operator to None, run_after=None
[2024-10-06T08:03:31.061+0000] {processor.py:208} INFO - Processing /home/airflow/.local/lib/python3.12/site-packages/airflow/example_dags/example_short_circuit_operator.py took 0.049 seconds
[2024-10-06T09:43:49.281+0000] {processor.py:186} INFO - Started process (PID=25082) to work on /home/airflow/.local/lib/python3.12/site-packages/airflow/example_dags/example_short_circuit_operator.py
[2024-10-06T09:43:49.281+0000] {processor.py:914} INFO - Processing file /home/airflow/.local/lib/python3.12/site-packages/airflow/example_dags/example_short_circuit_operator.py for tasks to queue
[2024-10-06T09:43:49.282+0000] {logging_mixin.py:190} INFO - [2024-10-06T09:43:49.282+0000] {dagbag.py:587} INFO - Filling up the DagBag from /home/airflow/.local/lib/python3.12/site-packages/airflow/example_dags/example_short_circuit_operator.py
[2024-10-06T09:43:49.291+0000] {processor.py:925} INFO - DAG(s) 'example_short_circuit_operator' retrieved from /home/airflow/.local/lib/python3.12/site-packages/airflow/example_dags/example_short_circuit_operator.py
[2024-10-06T09:43:49.318+0000] {logging_mixin.py:190} INFO - [2024-10-06T09:43:49.318+0000] {dag.py:3229} INFO - Sync 1 DAGs
[2024-10-06T09:43:49.327+0000] {logging_mixin.py:190} INFO - [2024-10-06T09:43:49.326+0000] {dag.py:4156} INFO - Setting next_dagrun for example_short_circuit_operator to None, run_after=None
[2024-10-06T09:43:49.337+0000] {processor.py:208} INFO - Processing /home/airflow/.local/lib/python3.12/site-packages/airflow/example_dags/example_short_circuit_operator.py took 0.059 seconds
[2024-10-06T10:16:44.350+0000] {processor.py:186} INFO - Started process (PID=25151) to work on /home/airflow/.local/lib/python3.12/site-packages/airflow/example_dags/example_short_circuit_operator.py
[2024-10-06T10:16:44.351+0000] {processor.py:914} INFO - Processing file /home/airflow/.local/lib/python3.12/site-packages/airflow/example_dags/example_short_circuit_operator.py for tasks to queue
[2024-10-06T10:16:44.352+0000] {logging_mixin.py:190} INFO - [2024-10-06T10:16:44.352+0000] {dagbag.py:587} INFO - Filling up the DagBag from /home/airflow/.local/lib/python3.12/site-packages/airflow/example_dags/example_short_circuit_operator.py
[2024-10-06T10:16:44.358+0000] {processor.py:925} INFO - DAG(s) 'example_short_circuit_operator' retrieved from /home/airflow/.local/lib/python3.12/site-packages/airflow/example_dags/example_short_circuit_operator.py
[2024-10-06T10:16:44.370+0000] {logging_mixin.py:190} INFO - [2024-10-06T10:16:44.370+0000] {dag.py:3229} INFO - Sync 1 DAGs
[2024-10-06T10:16:44.378+0000] {logging_mixin.py:190} INFO - [2024-10-06T10:16:44.378+0000] {dag.py:4156} INFO - Setting next_dagrun for example_short_circuit_operator to None, run_after=None
[2024-10-06T10:16:44.384+0000] {processor.py:208} INFO - Processing /home/airflow/.local/lib/python3.12/site-packages/airflow/example_dags/example_short_circuit_operator.py took 0.039 seconds
[2024-10-06T11:20:56.613+0000] {processor.py:186} INFO - Started process (PID=25221) to work on /home/airflow/.local/lib/python3.12/site-packages/airflow/example_dags/example_short_circuit_operator.py
[2024-10-06T11:20:56.615+0000] {processor.py:914} INFO - Processing file /home/airflow/.local/lib/python3.12/site-packages/airflow/example_dags/example_short_circuit_operator.py for tasks to queue
[2024-10-06T11:20:56.617+0000] {logging_mixin.py:190} INFO - [2024-10-06T11:20:56.616+0000] {dagbag.py:587} INFO - Filling up the DagBag from /home/airflow/.local/lib/python3.12/site-packages/airflow/example_dags/example_short_circuit_operator.py
[2024-10-06T11:20:56.625+0000] {processor.py:925} INFO - DAG(s) 'example_short_circuit_operator' retrieved from /home/airflow/.local/lib/python3.12/site-packages/airflow/example_dags/example_short_circuit_operator.py
[2024-10-06T11:20:56.646+0000] {logging_mixin.py:190} INFO - [2024-10-06T11:20:56.646+0000] {dag.py:3229} INFO - Sync 1 DAGs
[2024-10-06T11:20:56.661+0000] {logging_mixin.py:190} INFO - [2024-10-06T11:20:56.661+0000] {dag.py:4156} INFO - Setting next_dagrun for example_short_circuit_operator to None, run_after=None
[2024-10-06T11:20:56.673+0000] {processor.py:208} INFO - Processing /home/airflow/.local/lib/python3.12/site-packages/airflow/example_dags/example_short_circuit_operator.py took 0.070 seconds
[2024-10-06T13:00:05.086+0000] {processor.py:186} INFO - Started process (PID=25291) to work on /home/airflow/.local/lib/python3.12/site-packages/airflow/example_dags/example_short_circuit_operator.py
[2024-10-06T13:00:05.089+0000] {processor.py:914} INFO - Processing file /home/airflow/.local/lib/python3.12/site-packages/airflow/example_dags/example_short_circuit_operator.py for tasks to queue
[2024-10-06T13:00:05.090+0000] {logging_mixin.py:190} INFO - [2024-10-06T13:00:05.090+0000] {dagbag.py:587} INFO - Filling up the DagBag from /home/airflow/.local/lib/python3.12/site-packages/airflow/example_dags/example_short_circuit_operator.py
[2024-10-06T13:00:05.095+0000] {processor.py:925} INFO - DAG(s) 'example_short_circuit_operator' retrieved from /home/airflow/.local/lib/python3.12/site-packages/airflow/example_dags/example_short_circuit_operator.py
[2024-10-06T13:00:05.106+0000] {logging_mixin.py:190} INFO - [2024-10-06T13:00:05.106+0000] {dag.py:3229} INFO - Sync 1 DAGs
[2024-10-06T13:00:05.112+0000] {logging_mixin.py:190} INFO - [2024-10-06T13:00:05.112+0000] {dag.py:4156} INFO - Setting next_dagrun for example_short_circuit_operator to None, run_after=None
[2024-10-06T13:00:05.120+0000] {processor.py:208} INFO - Processing /home/airflow/.local/lib/python3.12/site-packages/airflow/example_dags/example_short_circuit_operator.py took 0.037 seconds
[2024-10-06T13:48:16.471+0000] {processor.py:186} INFO - Started process (PID=25361) to work on /home/airflow/.local/lib/python3.12/site-packages/airflow/example_dags/example_short_circuit_operator.py
[2024-10-06T13:48:16.473+0000] {processor.py:914} INFO - Processing file /home/airflow/.local/lib/python3.12/site-packages/airflow/example_dags/example_short_circuit_operator.py for tasks to queue
[2024-10-06T13:48:16.474+0000] {logging_mixin.py:190} INFO - [2024-10-06T13:48:16.474+0000] {dagbag.py:587} INFO - Filling up the DagBag from /home/airflow/.local/lib/python3.12/site-packages/airflow/example_dags/example_short_circuit_operator.py
[2024-10-06T13:48:16.480+0000] {processor.py:925} INFO - DAG(s) 'example_short_circuit_operator' retrieved from /home/airflow/.local/lib/python3.12/site-packages/airflow/example_dags/example_short_circuit_operator.py
[2024-10-06T13:48:16.495+0000] {logging_mixin.py:190} INFO - [2024-10-06T13:48:16.495+0000] {dag.py:3229} INFO - Sync 1 DAGs
[2024-10-06T13:48:16.502+0000] {logging_mixin.py:190} INFO - [2024-10-06T13:48:16.502+0000] {dag.py:4156} INFO - Setting next_dagrun for example_short_circuit_operator to None, run_after=None
[2024-10-06T13:48:16.518+0000] {processor.py:208} INFO - Processing /home/airflow/.local/lib/python3.12/site-packages/airflow/example_dags/example_short_circuit_operator.py took 0.050 seconds
[2024-10-06T13:55:52.109+0000] {processor.py:186} INFO - Started process (PID=25431) to work on /home/airflow/.local/lib/python3.12/site-packages/airflow/example_dags/example_short_circuit_operator.py
[2024-10-06T13:55:52.111+0000] {processor.py:914} INFO - Processing file /home/airflow/.local/lib/python3.12/site-packages/airflow/example_dags/example_short_circuit_operator.py for tasks to queue
[2024-10-06T13:55:52.112+0000] {logging_mixin.py:190} INFO - [2024-10-06T13:55:52.111+0000] {dagbag.py:587} INFO - Filling up the DagBag from /home/airflow/.local/lib/python3.12/site-packages/airflow/example_dags/example_short_circuit_operator.py
[2024-10-06T13:55:52.118+0000] {processor.py:925} INFO - DAG(s) 'example_short_circuit_operator' retrieved from /home/airflow/.local/lib/python3.12/site-packages/airflow/example_dags/example_short_circuit_operator.py
[2024-10-06T13:55:52.134+0000] {logging_mixin.py:190} INFO - [2024-10-06T13:55:52.134+0000] {dag.py:3229} INFO - Sync 1 DAGs
[2024-10-06T13:55:52.142+0000] {logging_mixin.py:190} INFO - [2024-10-06T13:55:52.142+0000] {dag.py:4156} INFO - Setting next_dagrun for example_short_circuit_operator to None, run_after=None
[2024-10-06T13:55:52.150+0000] {processor.py:208} INFO - Processing /home/airflow/.local/lib/python3.12/site-packages/airflow/example_dags/example_short_circuit_operator.py took 0.049 seconds
[2024-10-06T14:56:50.855+0000] {processor.py:186} INFO - Started process (PID=25501) to work on /home/airflow/.local/lib/python3.12/site-packages/airflow/example_dags/example_short_circuit_operator.py
[2024-10-06T14:56:50.858+0000] {processor.py:914} INFO - Processing file /home/airflow/.local/lib/python3.12/site-packages/airflow/example_dags/example_short_circuit_operator.py for tasks to queue
[2024-10-06T14:56:50.862+0000] {logging_mixin.py:190} INFO - [2024-10-06T14:56:50.861+0000] {dagbag.py:587} INFO - Filling up the DagBag from /home/airflow/.local/lib/python3.12/site-packages/airflow/example_dags/example_short_circuit_operator.py
[2024-10-06T14:56:50.869+0000] {processor.py:925} INFO - DAG(s) 'example_short_circuit_operator' retrieved from /home/airflow/.local/lib/python3.12/site-packages/airflow/example_dags/example_short_circuit_operator.py
[2024-10-06T14:56:50.944+0000] {logging_mixin.py:190} INFO - [2024-10-06T14:56:50.944+0000] {dag.py:3229} INFO - Sync 1 DAGs
[2024-10-06T14:56:50.956+0000] {logging_mixin.py:190} INFO - [2024-10-06T14:56:50.956+0000] {dag.py:4156} INFO - Setting next_dagrun for example_short_circuit_operator to None, run_after=None
[2024-10-06T14:56:50.980+0000] {processor.py:208} INFO - Processing /home/airflow/.local/lib/python3.12/site-packages/airflow/example_dags/example_short_circuit_operator.py took 0.134 seconds
[2024-10-06T15:41:29.505+0000] {processor.py:186} INFO - Started process (PID=25571) to work on /home/airflow/.local/lib/python3.12/site-packages/airflow/example_dags/example_short_circuit_operator.py
[2024-10-06T15:41:29.506+0000] {processor.py:914} INFO - Processing file /home/airflow/.local/lib/python3.12/site-packages/airflow/example_dags/example_short_circuit_operator.py for tasks to queue
[2024-10-06T15:41:29.507+0000] {logging_mixin.py:190} INFO - [2024-10-06T15:41:29.507+0000] {dagbag.py:587} INFO - Filling up the DagBag from /home/airflow/.local/lib/python3.12/site-packages/airflow/example_dags/example_short_circuit_operator.py
[2024-10-06T15:41:29.515+0000] {processor.py:925} INFO - DAG(s) 'example_short_circuit_operator' retrieved from /home/airflow/.local/lib/python3.12/site-packages/airflow/example_dags/example_short_circuit_operator.py
[2024-10-06T15:41:29.537+0000] {logging_mixin.py:190} INFO - [2024-10-06T15:41:29.537+0000] {dag.py:3229} INFO - Sync 1 DAGs
[2024-10-06T15:41:29.553+0000] {logging_mixin.py:190} INFO - [2024-10-06T15:41:29.552+0000] {dag.py:4156} INFO - Setting next_dagrun for example_short_circuit_operator to None, run_after=None
[2024-10-06T15:41:29.574+0000] {processor.py:208} INFO - Processing /home/airflow/.local/lib/python3.12/site-packages/airflow/example_dags/example_short_circuit_operator.py took 0.072 seconds
[2024-10-06T16:15:55.264+0000] {processor.py:186} INFO - Started process (PID=25641) to work on /home/airflow/.local/lib/python3.12/site-packages/airflow/example_dags/example_short_circuit_operator.py
[2024-10-06T16:15:55.265+0000] {processor.py:914} INFO - Processing file /home/airflow/.local/lib/python3.12/site-packages/airflow/example_dags/example_short_circuit_operator.py for tasks to queue
[2024-10-06T16:15:55.266+0000] {logging_mixin.py:190} INFO - [2024-10-06T16:15:55.266+0000] {dagbag.py:587} INFO - Filling up the DagBag from /home/airflow/.local/lib/python3.12/site-packages/airflow/example_dags/example_short_circuit_operator.py
[2024-10-06T16:15:55.273+0000] {processor.py:925} INFO - DAG(s) 'example_short_circuit_operator' retrieved from /home/airflow/.local/lib/python3.12/site-packages/airflow/example_dags/example_short_circuit_operator.py
[2024-10-06T16:15:55.317+0000] {logging_mixin.py:190} INFO - [2024-10-06T16:15:55.316+0000] {dag.py:3229} INFO - Sync 1 DAGs
[2024-10-06T16:15:55.334+0000] {logging_mixin.py:190} INFO - [2024-10-06T16:15:55.334+0000] {dag.py:4156} INFO - Setting next_dagrun for example_short_circuit_operator to None, run_after=None
[2024-10-06T16:15:55.351+0000] {processor.py:208} INFO - Processing /home/airflow/.local/lib/python3.12/site-packages/airflow/example_dags/example_short_circuit_operator.py took 0.104 seconds
[2024-10-06T16:58:35.965+0000] {processor.py:186} INFO - Started process (PID=25711) to work on /home/airflow/.local/lib/python3.12/site-packages/airflow/example_dags/example_short_circuit_operator.py
[2024-10-06T16:58:35.970+0000] {processor.py:914} INFO - Processing file /home/airflow/.local/lib/python3.12/site-packages/airflow/example_dags/example_short_circuit_operator.py for tasks to queue
[2024-10-06T16:58:35.973+0000] {logging_mixin.py:190} INFO - [2024-10-06T16:58:35.972+0000] {dagbag.py:587} INFO - Filling up the DagBag from /home/airflow/.local/lib/python3.12/site-packages/airflow/example_dags/example_short_circuit_operator.py
[2024-10-06T16:58:35.993+0000] {processor.py:925} INFO - DAG(s) 'example_short_circuit_operator' retrieved from /home/airflow/.local/lib/python3.12/site-packages/airflow/example_dags/example_short_circuit_operator.py
[2024-10-06T16:58:36.059+0000] {logging_mixin.py:190} INFO - [2024-10-06T16:58:36.057+0000] {dag.py:3229} INFO - Sync 1 DAGs
[2024-10-06T16:58:36.079+0000] {logging_mixin.py:190} INFO - [2024-10-06T16:58:36.078+0000] {dag.py:4156} INFO - Setting next_dagrun for example_short_circuit_operator to None, run_after=None
[2024-10-06T16:58:36.109+0000] {processor.py:208} INFO - Processing /home/airflow/.local/lib/python3.12/site-packages/airflow/example_dags/example_short_circuit_operator.py took 0.164 seconds
[2024-10-06T16:59:06.711+0000] {processor.py:186} INFO - Started process (PID=25781) to work on /home/airflow/.local/lib/python3.12/site-packages/airflow/example_dags/example_short_circuit_operator.py
[2024-10-06T16:59:06.712+0000] {processor.py:914} INFO - Processing file /home/airflow/.local/lib/python3.12/site-packages/airflow/example_dags/example_short_circuit_operator.py for tasks to queue
[2024-10-06T16:59:06.713+0000] {logging_mixin.py:190} INFO - [2024-10-06T16:59:06.713+0000] {dagbag.py:587} INFO - Filling up the DagBag from /home/airflow/.local/lib/python3.12/site-packages/airflow/example_dags/example_short_circuit_operator.py
[2024-10-06T16:59:06.721+0000] {processor.py:925} INFO - DAG(s) 'example_short_circuit_operator' retrieved from /home/airflow/.local/lib/python3.12/site-packages/airflow/example_dags/example_short_circuit_operator.py
[2024-10-06T16:59:06.737+0000] {logging_mixin.py:190} INFO - [2024-10-06T16:59:06.737+0000] {dag.py:3229} INFO - Sync 1 DAGs
[2024-10-06T16:59:06.745+0000] {logging_mixin.py:190} INFO - [2024-10-06T16:59:06.744+0000] {dag.py:4156} INFO - Setting next_dagrun for example_short_circuit_operator to None, run_after=None
[2024-10-06T16:59:06.769+0000] {processor.py:208} INFO - Processing /home/airflow/.local/lib/python3.12/site-packages/airflow/example_dags/example_short_circuit_operator.py took 0.062 seconds
[2024-10-06T17:59:32.867+0000] {processor.py:186} INFO - Started process (PID=25850) to work on /home/airflow/.local/lib/python3.12/site-packages/airflow/example_dags/example_short_circuit_operator.py
[2024-10-06T17:59:32.870+0000] {processor.py:914} INFO - Processing file /home/airflow/.local/lib/python3.12/site-packages/airflow/example_dags/example_short_circuit_operator.py for tasks to queue
[2024-10-06T17:59:32.871+0000] {logging_mixin.py:190} INFO - [2024-10-06T17:59:32.871+0000] {dagbag.py:587} INFO - Filling up the DagBag from /home/airflow/.local/lib/python3.12/site-packages/airflow/example_dags/example_short_circuit_operator.py
[2024-10-06T17:59:32.875+0000] {processor.py:925} INFO - DAG(s) 'example_short_circuit_operator' retrieved from /home/airflow/.local/lib/python3.12/site-packages/airflow/example_dags/example_short_circuit_operator.py
[2024-10-06T17:59:32.894+0000] {logging_mixin.py:190} INFO - [2024-10-06T17:59:32.894+0000] {dag.py:3229} INFO - Sync 1 DAGs
[2024-10-06T17:59:32.906+0000] {logging_mixin.py:190} INFO - [2024-10-06T17:59:32.906+0000] {dag.py:4156} INFO - Setting next_dagrun for example_short_circuit_operator to None, run_after=None
[2024-10-06T17:59:32.913+0000] {processor.py:208} INFO - Processing /home/airflow/.local/lib/python3.12/site-packages/airflow/example_dags/example_short_circuit_operator.py took 0.049 seconds
[2024-10-06T18:17:01.703+0000] {processor.py:186} INFO - Started process (PID=25920) to work on /home/airflow/.local/lib/python3.12/site-packages/airflow/example_dags/example_short_circuit_operator.py
[2024-10-06T18:17:01.704+0000] {processor.py:914} INFO - Processing file /home/airflow/.local/lib/python3.12/site-packages/airflow/example_dags/example_short_circuit_operator.py for tasks to queue
[2024-10-06T18:17:01.705+0000] {logging_mixin.py:190} INFO - [2024-10-06T18:17:01.704+0000] {dagbag.py:587} INFO - Filling up the DagBag from /home/airflow/.local/lib/python3.12/site-packages/airflow/example_dags/example_short_circuit_operator.py
[2024-10-06T18:17:01.710+0000] {processor.py:925} INFO - DAG(s) 'example_short_circuit_operator' retrieved from /home/airflow/.local/lib/python3.12/site-packages/airflow/example_dags/example_short_circuit_operator.py
[2024-10-06T18:17:01.728+0000] {logging_mixin.py:190} INFO - [2024-10-06T18:17:01.727+0000] {dag.py:3229} INFO - Sync 1 DAGs
[2024-10-06T18:17:01.739+0000] {logging_mixin.py:190} INFO - [2024-10-06T18:17:01.739+0000] {dag.py:4156} INFO - Setting next_dagrun for example_short_circuit_operator to None, run_after=None
[2024-10-06T18:17:01.755+0000] {processor.py:208} INFO - Processing /home/airflow/.local/lib/python3.12/site-packages/airflow/example_dags/example_short_circuit_operator.py took 0.055 seconds
[2024-10-06T18:49:50.125+0000] {processor.py:186} INFO - Started process (PID=25990) to work on /home/airflow/.local/lib/python3.12/site-packages/airflow/example_dags/example_short_circuit_operator.py
[2024-10-06T18:49:50.126+0000] {processor.py:914} INFO - Processing file /home/airflow/.local/lib/python3.12/site-packages/airflow/example_dags/example_short_circuit_operator.py for tasks to queue
[2024-10-06T18:49:50.127+0000] {logging_mixin.py:190} INFO - [2024-10-06T18:49:50.127+0000] {dagbag.py:587} INFO - Filling up the DagBag from /home/airflow/.local/lib/python3.12/site-packages/airflow/example_dags/example_short_circuit_operator.py
[2024-10-06T18:49:50.133+0000] {processor.py:925} INFO - DAG(s) 'example_short_circuit_operator' retrieved from /home/airflow/.local/lib/python3.12/site-packages/airflow/example_dags/example_short_circuit_operator.py
[2024-10-06T18:49:50.150+0000] {logging_mixin.py:190} INFO - [2024-10-06T18:49:50.150+0000] {dag.py:3229} INFO - Sync 1 DAGs
[2024-10-06T18:49:50.160+0000] {logging_mixin.py:190} INFO - [2024-10-06T18:49:50.160+0000] {dag.py:4156} INFO - Setting next_dagrun for example_short_circuit_operator to None, run_after=None
[2024-10-06T18:49:50.176+0000] {processor.py:208} INFO - Processing /home/airflow/.local/lib/python3.12/site-packages/airflow/example_dags/example_short_circuit_operator.py took 0.054 seconds
[2024-10-06T19:00:33.757+0000] {processor.py:186} INFO - Started process (PID=26060) to work on /home/airflow/.local/lib/python3.12/site-packages/airflow/example_dags/example_short_circuit_operator.py
[2024-10-06T19:00:33.759+0000] {processor.py:914} INFO - Processing file /home/airflow/.local/lib/python3.12/site-packages/airflow/example_dags/example_short_circuit_operator.py for tasks to queue
[2024-10-06T19:00:33.760+0000] {logging_mixin.py:190} INFO - [2024-10-06T19:00:33.760+0000] {dagbag.py:587} INFO - Filling up the DagBag from /home/airflow/.local/lib/python3.12/site-packages/airflow/example_dags/example_short_circuit_operator.py
[2024-10-06T19:00:33.764+0000] {processor.py:925} INFO - DAG(s) 'example_short_circuit_operator' retrieved from /home/airflow/.local/lib/python3.12/site-packages/airflow/example_dags/example_short_circuit_operator.py
[2024-10-06T19:00:33.775+0000] {logging_mixin.py:190} INFO - [2024-10-06T19:00:33.775+0000] {dag.py:3229} INFO - Sync 1 DAGs
[2024-10-06T19:00:33.783+0000] {logging_mixin.py:190} INFO - [2024-10-06T19:00:33.783+0000] {dag.py:4156} INFO - Setting next_dagrun for example_short_circuit_operator to None, run_after=None
[2024-10-06T19:00:33.791+0000] {processor.py:208} INFO - Processing /home/airflow/.local/lib/python3.12/site-packages/airflow/example_dags/example_short_circuit_operator.py took 0.036 seconds
[2024-10-06T19:16:46.529+0000] {processor.py:186} INFO - Started process (PID=26130) to work on /home/airflow/.local/lib/python3.12/site-packages/airflow/example_dags/example_short_circuit_operator.py
[2024-10-06T19:16:46.530+0000] {processor.py:914} INFO - Processing file /home/airflow/.local/lib/python3.12/site-packages/airflow/example_dags/example_short_circuit_operator.py for tasks to queue
[2024-10-06T19:16:46.530+0000] {logging_mixin.py:190} INFO - [2024-10-06T19:16:46.530+0000] {dagbag.py:587} INFO - Filling up the DagBag from /home/airflow/.local/lib/python3.12/site-packages/airflow/example_dags/example_short_circuit_operator.py
[2024-10-06T19:16:46.540+0000] {processor.py:925} INFO - DAG(s) 'example_short_circuit_operator' retrieved from /home/airflow/.local/lib/python3.12/site-packages/airflow/example_dags/example_short_circuit_operator.py
[2024-10-06T19:16:46.561+0000] {logging_mixin.py:190} INFO - [2024-10-06T19:16:46.561+0000] {dag.py:3229} INFO - Sync 1 DAGs
[2024-10-06T19:16:46.571+0000] {logging_mixin.py:190} INFO - [2024-10-06T19:16:46.571+0000] {dag.py:4156} INFO - Setting next_dagrun for example_short_circuit_operator to None, run_after=None
[2024-10-06T19:16:46.582+0000] {processor.py:208} INFO - Processing /home/airflow/.local/lib/python3.12/site-packages/airflow/example_dags/example_short_circuit_operator.py took 0.056 seconds
[2024-10-06T20:01:50.881+0000] {processor.py:186} INFO - Started process (PID=26200) to work on /home/airflow/.local/lib/python3.12/site-packages/airflow/example_dags/example_short_circuit_operator.py
[2024-10-06T20:01:50.887+0000] {processor.py:914} INFO - Processing file /home/airflow/.local/lib/python3.12/site-packages/airflow/example_dags/example_short_circuit_operator.py for tasks to queue
[2024-10-06T20:01:50.889+0000] {logging_mixin.py:190} INFO - [2024-10-06T20:01:50.889+0000] {dagbag.py:587} INFO - Filling up the DagBag from /home/airflow/.local/lib/python3.12/site-packages/airflow/example_dags/example_short_circuit_operator.py
[2024-10-06T20:01:50.896+0000] {processor.py:925} INFO - DAG(s) 'example_short_circuit_operator' retrieved from /home/airflow/.local/lib/python3.12/site-packages/airflow/example_dags/example_short_circuit_operator.py
[2024-10-06T20:01:50.912+0000] {logging_mixin.py:190} INFO - [2024-10-06T20:01:50.912+0000] {dag.py:3229} INFO - Sync 1 DAGs
[2024-10-06T20:01:50.924+0000] {logging_mixin.py:190} INFO - [2024-10-06T20:01:50.924+0000] {dag.py:4156} INFO - Setting next_dagrun for example_short_circuit_operator to None, run_after=None
[2024-10-06T20:01:50.933+0000] {processor.py:208} INFO - Processing /home/airflow/.local/lib/python3.12/site-packages/airflow/example_dags/example_short_circuit_operator.py took 0.062 seconds
[2024-10-06T20:18:00.276+0000] {processor.py:186} INFO - Started process (PID=26270) to work on /home/airflow/.local/lib/python3.12/site-packages/airflow/example_dags/example_short_circuit_operator.py
[2024-10-06T20:18:00.278+0000] {processor.py:914} INFO - Processing file /home/airflow/.local/lib/python3.12/site-packages/airflow/example_dags/example_short_circuit_operator.py for tasks to queue
[2024-10-06T20:18:00.278+0000] {logging_mixin.py:190} INFO - [2024-10-06T20:18:00.278+0000] {dagbag.py:587} INFO - Filling up the DagBag from /home/airflow/.local/lib/python3.12/site-packages/airflow/example_dags/example_short_circuit_operator.py
[2024-10-06T20:18:00.283+0000] {processor.py:925} INFO - DAG(s) 'example_short_circuit_operator' retrieved from /home/airflow/.local/lib/python3.12/site-packages/airflow/example_dags/example_short_circuit_operator.py
[2024-10-06T20:18:00.303+0000] {logging_mixin.py:190} INFO - [2024-10-06T20:18:00.302+0000] {dag.py:3229} INFO - Sync 1 DAGs
[2024-10-06T20:18:00.318+0000] {logging_mixin.py:190} INFO - [2024-10-06T20:18:00.318+0000] {dag.py:4156} INFO - Setting next_dagrun for example_short_circuit_operator to None, run_after=None
[2024-10-06T20:18:00.329+0000] {processor.py:208} INFO - Processing /home/airflow/.local/lib/python3.12/site-packages/airflow/example_dags/example_short_circuit_operator.py took 0.059 seconds
[2024-10-06T20:51:50.037+0000] {processor.py:186} INFO - Started process (PID=26339) to work on /home/airflow/.local/lib/python3.12/site-packages/airflow/example_dags/example_short_circuit_operator.py
[2024-10-06T20:51:50.038+0000] {processor.py:914} INFO - Processing file /home/airflow/.local/lib/python3.12/site-packages/airflow/example_dags/example_short_circuit_operator.py for tasks to queue
[2024-10-06T20:51:50.039+0000] {logging_mixin.py:190} INFO - [2024-10-06T20:51:50.039+0000] {dagbag.py:587} INFO - Filling up the DagBag from /home/airflow/.local/lib/python3.12/site-packages/airflow/example_dags/example_short_circuit_operator.py
[2024-10-06T20:51:50.046+0000] {processor.py:925} INFO - DAG(s) 'example_short_circuit_operator' retrieved from /home/airflow/.local/lib/python3.12/site-packages/airflow/example_dags/example_short_circuit_operator.py
[2024-10-06T20:51:50.062+0000] {logging_mixin.py:190} INFO - [2024-10-06T20:51:50.062+0000] {dag.py:3229} INFO - Sync 1 DAGs
[2024-10-06T20:51:50.072+0000] {logging_mixin.py:190} INFO - [2024-10-06T20:51:50.072+0000] {dag.py:4156} INFO - Setting next_dagrun for example_short_circuit_operator to None, run_after=None
[2024-10-06T20:51:50.082+0000] {processor.py:208} INFO - Processing /home/airflow/.local/lib/python3.12/site-packages/airflow/example_dags/example_short_circuit_operator.py took 0.050 seconds
[2024-10-06T20:52:22.431+0000] {processor.py:186} INFO - Started process (PID=26410) to work on /home/airflow/.local/lib/python3.12/site-packages/airflow/example_dags/example_short_circuit_operator.py
[2024-10-06T20:52:22.436+0000] {processor.py:914} INFO - Processing file /home/airflow/.local/lib/python3.12/site-packages/airflow/example_dags/example_short_circuit_operator.py for tasks to queue
[2024-10-06T20:52:22.437+0000] {logging_mixin.py:190} INFO - [2024-10-06T20:52:22.436+0000] {dagbag.py:587} INFO - Filling up the DagBag from /home/airflow/.local/lib/python3.12/site-packages/airflow/example_dags/example_short_circuit_operator.py
[2024-10-06T20:52:22.443+0000] {processor.py:925} INFO - DAG(s) 'example_short_circuit_operator' retrieved from /home/airflow/.local/lib/python3.12/site-packages/airflow/example_dags/example_short_circuit_operator.py
[2024-10-06T20:52:22.458+0000] {logging_mixin.py:190} INFO - [2024-10-06T20:52:22.458+0000] {dag.py:3229} INFO - Sync 1 DAGs
[2024-10-06T20:52:22.468+0000] {logging_mixin.py:190} INFO - [2024-10-06T20:52:22.468+0000] {dag.py:4156} INFO - Setting next_dagrun for example_short_circuit_operator to None, run_after=None
[2024-10-06T20:52:22.484+0000] {processor.py:208} INFO - Processing /home/airflow/.local/lib/python3.12/site-packages/airflow/example_dags/example_short_circuit_operator.py took 0.058 seconds
[2024-10-06T21:19:21.185+0000] {processor.py:186} INFO - Started process (PID=26480) to work on /home/airflow/.local/lib/python3.12/site-packages/airflow/example_dags/example_short_circuit_operator.py
[2024-10-06T21:19:21.187+0000] {processor.py:914} INFO - Processing file /home/airflow/.local/lib/python3.12/site-packages/airflow/example_dags/example_short_circuit_operator.py for tasks to queue
[2024-10-06T21:19:21.188+0000] {logging_mixin.py:190} INFO - [2024-10-06T21:19:21.188+0000] {dagbag.py:587} INFO - Filling up the DagBag from /home/airflow/.local/lib/python3.12/site-packages/airflow/example_dags/example_short_circuit_operator.py
[2024-10-06T21:19:21.194+0000] {processor.py:925} INFO - DAG(s) 'example_short_circuit_operator' retrieved from /home/airflow/.local/lib/python3.12/site-packages/airflow/example_dags/example_short_circuit_operator.py
[2024-10-06T21:19:21.219+0000] {logging_mixin.py:190} INFO - [2024-10-06T21:19:21.218+0000] {dag.py:3229} INFO - Sync 1 DAGs
[2024-10-06T21:19:21.227+0000] {logging_mixin.py:190} INFO - [2024-10-06T21:19:21.227+0000] {dag.py:4156} INFO - Setting next_dagrun for example_short_circuit_operator to None, run_after=None
[2024-10-06T21:19:21.236+0000] {processor.py:208} INFO - Processing /home/airflow/.local/lib/python3.12/site-packages/airflow/example_dags/example_short_circuit_operator.py took 0.057 seconds
[2024-10-06T21:52:08.730+0000] {processor.py:186} INFO - Started process (PID=26550) to work on /home/airflow/.local/lib/python3.12/site-packages/airflow/example_dags/example_short_circuit_operator.py
[2024-10-06T21:52:08.731+0000] {processor.py:914} INFO - Processing file /home/airflow/.local/lib/python3.12/site-packages/airflow/example_dags/example_short_circuit_operator.py for tasks to queue
[2024-10-06T21:52:08.731+0000] {logging_mixin.py:190} INFO - [2024-10-06T21:52:08.731+0000] {dagbag.py:587} INFO - Filling up the DagBag from /home/airflow/.local/lib/python3.12/site-packages/airflow/example_dags/example_short_circuit_operator.py
[2024-10-06T21:52:08.736+0000] {processor.py:925} INFO - DAG(s) 'example_short_circuit_operator' retrieved from /home/airflow/.local/lib/python3.12/site-packages/airflow/example_dags/example_short_circuit_operator.py
[2024-10-06T21:52:08.754+0000] {logging_mixin.py:190} INFO - [2024-10-06T21:52:08.753+0000] {dag.py:3229} INFO - Sync 1 DAGs
[2024-10-06T21:52:08.764+0000] {logging_mixin.py:190} INFO - [2024-10-06T21:52:08.764+0000] {dag.py:4156} INFO - Setting next_dagrun for example_short_circuit_operator to None, run_after=None
[2024-10-06T21:52:08.784+0000] {processor.py:208} INFO - Processing /home/airflow/.local/lib/python3.12/site-packages/airflow/example_dags/example_short_circuit_operator.py took 0.057 seconds
[2024-10-06T22:53:03.641+0000] {processor.py:186} INFO - Started process (PID=26620) to work on /home/airflow/.local/lib/python3.12/site-packages/airflow/example_dags/example_short_circuit_operator.py
[2024-10-06T22:53:03.642+0000] {processor.py:914} INFO - Processing file /home/airflow/.local/lib/python3.12/site-packages/airflow/example_dags/example_short_circuit_operator.py for tasks to queue
[2024-10-06T22:53:03.643+0000] {logging_mixin.py:190} INFO - [2024-10-06T22:53:03.643+0000] {dagbag.py:587} INFO - Filling up the DagBag from /home/airflow/.local/lib/python3.12/site-packages/airflow/example_dags/example_short_circuit_operator.py
[2024-10-06T22:53:03.648+0000] {processor.py:925} INFO - DAG(s) 'example_short_circuit_operator' retrieved from /home/airflow/.local/lib/python3.12/site-packages/airflow/example_dags/example_short_circuit_operator.py
[2024-10-06T22:53:03.660+0000] {logging_mixin.py:190} INFO - [2024-10-06T22:53:03.660+0000] {dag.py:3229} INFO - Sync 1 DAGs
[2024-10-06T22:53:03.668+0000] {logging_mixin.py:190} INFO - [2024-10-06T22:53:03.667+0000] {dag.py:4156} INFO - Setting next_dagrun for example_short_circuit_operator to None, run_after=None
[2024-10-06T22:53:03.678+0000] {processor.py:208} INFO - Processing /home/airflow/.local/lib/python3.12/site-packages/airflow/example_dags/example_short_circuit_operator.py took 0.040 seconds
[2024-10-06T23:21:12.340+0000] {processor.py:186} INFO - Started process (PID=26690) to work on /home/airflow/.local/lib/python3.12/site-packages/airflow/example_dags/example_short_circuit_operator.py
[2024-10-06T23:21:12.342+0000] {processor.py:914} INFO - Processing file /home/airflow/.local/lib/python3.12/site-packages/airflow/example_dags/example_short_circuit_operator.py for tasks to queue
[2024-10-06T23:21:12.343+0000] {logging_mixin.py:190} INFO - [2024-10-06T23:21:12.343+0000] {dagbag.py:587} INFO - Filling up the DagBag from /home/airflow/.local/lib/python3.12/site-packages/airflow/example_dags/example_short_circuit_operator.py
[2024-10-06T23:21:12.348+0000] {processor.py:925} INFO - DAG(s) 'example_short_circuit_operator' retrieved from /home/airflow/.local/lib/python3.12/site-packages/airflow/example_dags/example_short_circuit_operator.py
[2024-10-06T23:21:12.381+0000] {logging_mixin.py:190} INFO - [2024-10-06T23:21:12.381+0000] {dag.py:3229} INFO - Sync 1 DAGs
[2024-10-06T23:21:12.391+0000] {logging_mixin.py:190} INFO - [2024-10-06T23:21:12.391+0000] {dag.py:4156} INFO - Setting next_dagrun for example_short_circuit_operator to None, run_after=None
[2024-10-06T23:21:12.399+0000] {processor.py:208} INFO - Processing /home/airflow/.local/lib/python3.12/site-packages/airflow/example_dags/example_short_circuit_operator.py took 0.063 seconds
[2024-10-06T23:39:13.628+0000] {processor.py:186} INFO - Started process (PID=26760) to work on /home/airflow/.local/lib/python3.12/site-packages/airflow/example_dags/example_short_circuit_operator.py
[2024-10-06T23:39:13.631+0000] {processor.py:914} INFO - Processing file /home/airflow/.local/lib/python3.12/site-packages/airflow/example_dags/example_short_circuit_operator.py for tasks to queue
[2024-10-06T23:39:13.632+0000] {logging_mixin.py:190} INFO - [2024-10-06T23:39:13.632+0000] {dagbag.py:587} INFO - Filling up the DagBag from /home/airflow/.local/lib/python3.12/site-packages/airflow/example_dags/example_short_circuit_operator.py
[2024-10-06T23:39:13.641+0000] {processor.py:925} INFO - DAG(s) 'example_short_circuit_operator' retrieved from /home/airflow/.local/lib/python3.12/site-packages/airflow/example_dags/example_short_circuit_operator.py
[2024-10-06T23:39:13.653+0000] {logging_mixin.py:190} INFO - [2024-10-06T23:39:13.653+0000] {dag.py:3229} INFO - Sync 1 DAGs
[2024-10-06T23:39:13.663+0000] {logging_mixin.py:190} INFO - [2024-10-06T23:39:13.663+0000] {dag.py:4156} INFO - Setting next_dagrun for example_short_circuit_operator to None, run_after=None
[2024-10-06T23:39:13.671+0000] {processor.py:208} INFO - Processing /home/airflow/.local/lib/python3.12/site-packages/airflow/example_dags/example_short_circuit_operator.py took 0.048 seconds
