[2024-10-06T00:50:46.746+0000] {processor.py:186} INFO - Started process (PID=24084) to work on /home/airflow/.local/lib/python3.12/site-packages/airflow/example_dags/example_dataset_alias_with_no_taskflow.py
[2024-10-06T00:50:46.747+0000] {processor.py:914} INFO - Processing file /home/airflow/.local/lib/python3.12/site-packages/airflow/example_dags/example_dataset_alias_with_no_taskflow.py for tasks to queue
[2024-10-06T00:50:46.748+0000] {logging_mixin.py:190} INFO - [2024-10-06T00:50:46.748+0000] {dagbag.py:587} INFO - Filling up the DagBag from /home/airflow/.local/lib/python3.12/site-packages/airflow/example_dags/example_dataset_alias_with_no_taskflow.py
[2024-10-06T00:50:46.856+0000] {processor.py:925} INFO - DAG(s) 'dataset_s3_bucket_producer_with_no_taskflow', 'dataset_alias_example_alias_producer_with_no_taskflow', 'dataset_alias_example_alias_consumer_with_no_taskflow', 'dataset_s3_bucket_consumer_with_no_taskflow' retrieved from /home/airflow/.local/lib/python3.12/site-packages/airflow/example_dags/example_dataset_alias_with_no_taskflow.py
[2024-10-06T00:50:46.869+0000] {logging_mixin.py:190} INFO - [2024-10-06T00:50:46.868+0000] {dag.py:3229} INFO - Sync 4 DAGs
[2024-10-06T00:50:46.881+0000] {logging_mixin.py:190} INFO - [2024-10-06T00:50:46.881+0000] {dag.py:4156} INFO - Setting next_dagrun for dataset_alias_example_alias_consumer_with_no_taskflow to None, run_after=None
[2024-10-06T00:50:46.896+0000] {logging_mixin.py:190} INFO - [2024-10-06T00:50:46.896+0000] {dag.py:4156} INFO - Setting next_dagrun for dataset_alias_example_alias_producer_with_no_taskflow to None, run_after=None
[2024-10-06T00:50:46.901+0000] {logging_mixin.py:190} INFO - [2024-10-06T00:50:46.900+0000] {dag.py:4156} INFO - Setting next_dagrun for dataset_s3_bucket_consumer_with_no_taskflow to None, run_after=None
[2024-10-06T00:50:46.903+0000] {logging_mixin.py:190} INFO - [2024-10-06T00:50:46.903+0000] {dag.py:4156} INFO - Setting next_dagrun for dataset_s3_bucket_producer_with_no_taskflow to None, run_after=None
[2024-10-06T00:50:46.918+0000] {processor.py:208} INFO - Processing /home/airflow/.local/lib/python3.12/site-packages/airflow/example_dags/example_dataset_alias_with_no_taskflow.py took 0.176 seconds
[2024-10-06T00:51:17.467+0000] {processor.py:186} INFO - Started process (PID=24154) to work on /home/airflow/.local/lib/python3.12/site-packages/airflow/example_dags/example_dataset_alias_with_no_taskflow.py
[2024-10-06T00:51:17.471+0000] {processor.py:914} INFO - Processing file /home/airflow/.local/lib/python3.12/site-packages/airflow/example_dags/example_dataset_alias_with_no_taskflow.py for tasks to queue
[2024-10-06T00:51:17.471+0000] {logging_mixin.py:190} INFO - [2024-10-06T00:51:17.471+0000] {dagbag.py:587} INFO - Filling up the DagBag from /home/airflow/.local/lib/python3.12/site-packages/airflow/example_dags/example_dataset_alias_with_no_taskflow.py
[2024-10-06T00:51:17.575+0000] {processor.py:925} INFO - DAG(s) 'dataset_alias_example_alias_producer_with_no_taskflow', 'dataset_s3_bucket_consumer_with_no_taskflow', 'dataset_alias_example_alias_consumer_with_no_taskflow', 'dataset_s3_bucket_producer_with_no_taskflow' retrieved from /home/airflow/.local/lib/python3.12/site-packages/airflow/example_dags/example_dataset_alias_with_no_taskflow.py
[2024-10-06T00:51:17.594+0000] {logging_mixin.py:190} INFO - [2024-10-06T00:51:17.594+0000] {dag.py:3229} INFO - Sync 4 DAGs
[2024-10-06T00:51:17.622+0000] {logging_mixin.py:190} INFO - [2024-10-06T00:51:17.622+0000] {dag.py:4156} INFO - Setting next_dagrun for dataset_alias_example_alias_consumer_with_no_taskflow to None, run_after=None
[2024-10-06T00:51:17.624+0000] {logging_mixin.py:190} INFO - [2024-10-06T00:51:17.624+0000] {dag.py:4156} INFO - Setting next_dagrun for dataset_alias_example_alias_producer_with_no_taskflow to None, run_after=None
[2024-10-06T00:51:17.625+0000] {logging_mixin.py:190} INFO - [2024-10-06T00:51:17.625+0000] {dag.py:4156} INFO - Setting next_dagrun for dataset_s3_bucket_consumer_with_no_taskflow to None, run_after=None
[2024-10-06T00:51:17.625+0000] {logging_mixin.py:190} INFO - [2024-10-06T00:51:17.625+0000] {dag.py:4156} INFO - Setting next_dagrun for dataset_s3_bucket_producer_with_no_taskflow to None, run_after=None
[2024-10-06T00:51:17.640+0000] {processor.py:208} INFO - Processing /home/airflow/.local/lib/python3.12/site-packages/airflow/example_dags/example_dataset_alias_with_no_taskflow.py took 0.176 seconds
[2024-10-06T01:51:41.621+0000] {processor.py:186} INFO - Started process (PID=24223) to work on /home/airflow/.local/lib/python3.12/site-packages/airflow/example_dags/example_dataset_alias_with_no_taskflow.py
[2024-10-06T01:51:41.622+0000] {processor.py:914} INFO - Processing file /home/airflow/.local/lib/python3.12/site-packages/airflow/example_dags/example_dataset_alias_with_no_taskflow.py for tasks to queue
[2024-10-06T01:51:41.624+0000] {logging_mixin.py:190} INFO - [2024-10-06T01:51:41.623+0000] {dagbag.py:587} INFO - Filling up the DagBag from /home/airflow/.local/lib/python3.12/site-packages/airflow/example_dags/example_dataset_alias_with_no_taskflow.py
[2024-10-06T01:51:41.738+0000] {processor.py:925} INFO - DAG(s) 'dataset_alias_example_alias_producer_with_no_taskflow', 'dataset_s3_bucket_consumer_with_no_taskflow', 'dataset_s3_bucket_producer_with_no_taskflow', 'dataset_alias_example_alias_consumer_with_no_taskflow' retrieved from /home/airflow/.local/lib/python3.12/site-packages/airflow/example_dags/example_dataset_alias_with_no_taskflow.py
[2024-10-06T01:51:41.752+0000] {logging_mixin.py:190} INFO - [2024-10-06T01:51:41.752+0000] {dag.py:3229} INFO - Sync 4 DAGs
[2024-10-06T01:51:41.763+0000] {logging_mixin.py:190} INFO - [2024-10-06T01:51:41.763+0000] {dag.py:4156} INFO - Setting next_dagrun for dataset_alias_example_alias_consumer_with_no_taskflow to None, run_after=None
[2024-10-06T01:51:41.764+0000] {logging_mixin.py:190} INFO - [2024-10-06T01:51:41.764+0000] {dag.py:4156} INFO - Setting next_dagrun for dataset_alias_example_alias_producer_with_no_taskflow to None, run_after=None
[2024-10-06T01:51:41.765+0000] {logging_mixin.py:190} INFO - [2024-10-06T01:51:41.765+0000] {dag.py:4156} INFO - Setting next_dagrun for dataset_s3_bucket_consumer_with_no_taskflow to None, run_after=None
[2024-10-06T01:51:41.765+0000] {logging_mixin.py:190} INFO - [2024-10-06T01:51:41.765+0000] {dag.py:4156} INFO - Setting next_dagrun for dataset_s3_bucket_producer_with_no_taskflow to None, run_after=None
[2024-10-06T01:51:41.779+0000] {processor.py:208} INFO - Processing /home/airflow/.local/lib/python3.12/site-packages/airflow/example_dags/example_dataset_alias_with_no_taskflow.py took 0.161 seconds
[2024-10-06T02:42:31.636+0000] {processor.py:186} INFO - Started process (PID=24292) to work on /home/airflow/.local/lib/python3.12/site-packages/airflow/example_dags/example_dataset_alias_with_no_taskflow.py
[2024-10-06T02:42:31.638+0000] {processor.py:914} INFO - Processing file /home/airflow/.local/lib/python3.12/site-packages/airflow/example_dags/example_dataset_alias_with_no_taskflow.py for tasks to queue
[2024-10-06T02:42:31.639+0000] {logging_mixin.py:190} INFO - [2024-10-06T02:42:31.639+0000] {dagbag.py:587} INFO - Filling up the DagBag from /home/airflow/.local/lib/python3.12/site-packages/airflow/example_dags/example_dataset_alias_with_no_taskflow.py
[2024-10-06T02:42:31.774+0000] {processor.py:925} INFO - DAG(s) 'dataset_alias_example_alias_consumer_with_no_taskflow', 'dataset_s3_bucket_consumer_with_no_taskflow', 'dataset_alias_example_alias_producer_with_no_taskflow', 'dataset_s3_bucket_producer_with_no_taskflow' retrieved from /home/airflow/.local/lib/python3.12/site-packages/airflow/example_dags/example_dataset_alias_with_no_taskflow.py
[2024-10-06T02:42:31.792+0000] {logging_mixin.py:190} INFO - [2024-10-06T02:42:31.792+0000] {dag.py:3229} INFO - Sync 4 DAGs
[2024-10-06T02:42:31.804+0000] {logging_mixin.py:190} INFO - [2024-10-06T02:42:31.804+0000] {dag.py:4156} INFO - Setting next_dagrun for dataset_alias_example_alias_consumer_with_no_taskflow to None, run_after=None
[2024-10-06T02:42:31.806+0000] {logging_mixin.py:190} INFO - [2024-10-06T02:42:31.806+0000] {dag.py:4156} INFO - Setting next_dagrun for dataset_alias_example_alias_producer_with_no_taskflow to None, run_after=None
[2024-10-06T02:42:31.808+0000] {logging_mixin.py:190} INFO - [2024-10-06T02:42:31.808+0000] {dag.py:4156} INFO - Setting next_dagrun for dataset_s3_bucket_consumer_with_no_taskflow to None, run_after=None
[2024-10-06T02:42:31.809+0000] {logging_mixin.py:190} INFO - [2024-10-06T02:42:31.809+0000] {dag.py:4156} INFO - Setting next_dagrun for dataset_s3_bucket_producer_with_no_taskflow to None, run_after=None
[2024-10-06T02:42:31.831+0000] {processor.py:208} INFO - Processing /home/airflow/.local/lib/python3.12/site-packages/airflow/example_dags/example_dataset_alias_with_no_taskflow.py took 0.200 seconds
[2024-10-06T03:10:35.602+0000] {processor.py:186} INFO - Started process (PID=24362) to work on /home/airflow/.local/lib/python3.12/site-packages/airflow/example_dags/example_dataset_alias_with_no_taskflow.py
[2024-10-06T03:10:35.605+0000] {processor.py:914} INFO - Processing file /home/airflow/.local/lib/python3.12/site-packages/airflow/example_dags/example_dataset_alias_with_no_taskflow.py for tasks to queue
[2024-10-06T03:10:35.609+0000] {logging_mixin.py:190} INFO - [2024-10-06T03:10:35.608+0000] {dagbag.py:587} INFO - Filling up the DagBag from /home/airflow/.local/lib/python3.12/site-packages/airflow/example_dags/example_dataset_alias_with_no_taskflow.py
[2024-10-06T03:10:35.803+0000] {processor.py:925} INFO - DAG(s) 'dataset_alias_example_alias_consumer_with_no_taskflow', 'dataset_s3_bucket_consumer_with_no_taskflow', 'dataset_s3_bucket_producer_with_no_taskflow', 'dataset_alias_example_alias_producer_with_no_taskflow' retrieved from /home/airflow/.local/lib/python3.12/site-packages/airflow/example_dags/example_dataset_alias_with_no_taskflow.py
[2024-10-06T03:10:35.820+0000] {logging_mixin.py:190} INFO - [2024-10-06T03:10:35.820+0000] {dag.py:3229} INFO - Sync 4 DAGs
[2024-10-06T03:10:35.833+0000] {logging_mixin.py:190} INFO - [2024-10-06T03:10:35.833+0000] {dag.py:4156} INFO - Setting next_dagrun for dataset_alias_example_alias_consumer_with_no_taskflow to None, run_after=None
[2024-10-06T03:10:35.834+0000] {logging_mixin.py:190} INFO - [2024-10-06T03:10:35.834+0000] {dag.py:4156} INFO - Setting next_dagrun for dataset_alias_example_alias_producer_with_no_taskflow to None, run_after=None
[2024-10-06T03:10:35.835+0000] {logging_mixin.py:190} INFO - [2024-10-06T03:10:35.835+0000] {dag.py:4156} INFO - Setting next_dagrun for dataset_s3_bucket_consumer_with_no_taskflow to None, run_after=None
[2024-10-06T03:10:35.836+0000] {logging_mixin.py:190} INFO - [2024-10-06T03:10:35.836+0000] {dag.py:4156} INFO - Setting next_dagrun for dataset_s3_bucket_producer_with_no_taskflow to None, run_after=None
[2024-10-06T03:10:35.868+0000] {processor.py:208} INFO - Processing /home/airflow/.local/lib/python3.12/site-packages/airflow/example_dags/example_dataset_alias_with_no_taskflow.py took 0.270 seconds
[2024-10-06T03:53:52.372+0000] {processor.py:186} INFO - Started process (PID=24432) to work on /home/airflow/.local/lib/python3.12/site-packages/airflow/example_dags/example_dataset_alias_with_no_taskflow.py
[2024-10-06T03:53:52.374+0000] {processor.py:914} INFO - Processing file /home/airflow/.local/lib/python3.12/site-packages/airflow/example_dags/example_dataset_alias_with_no_taskflow.py for tasks to queue
[2024-10-06T03:53:52.376+0000] {logging_mixin.py:190} INFO - [2024-10-06T03:53:52.375+0000] {dagbag.py:587} INFO - Filling up the DagBag from /home/airflow/.local/lib/python3.12/site-packages/airflow/example_dags/example_dataset_alias_with_no_taskflow.py
[2024-10-06T03:53:52.860+0000] {processor.py:925} INFO - DAG(s) 'dataset_s3_bucket_producer_with_no_taskflow', 'dataset_s3_bucket_consumer_with_no_taskflow', 'dataset_alias_example_alias_consumer_with_no_taskflow', 'dataset_alias_example_alias_producer_with_no_taskflow' retrieved from /home/airflow/.local/lib/python3.12/site-packages/airflow/example_dags/example_dataset_alias_with_no_taskflow.py
[2024-10-06T03:53:52.888+0000] {logging_mixin.py:190} INFO - [2024-10-06T03:53:52.886+0000] {dag.py:3229} INFO - Sync 4 DAGs
[2024-10-06T03:53:52.915+0000] {logging_mixin.py:190} INFO - [2024-10-06T03:53:52.915+0000] {dag.py:4156} INFO - Setting next_dagrun for dataset_alias_example_alias_consumer_with_no_taskflow to None, run_after=None
[2024-10-06T03:53:52.917+0000] {logging_mixin.py:190} INFO - [2024-10-06T03:53:52.917+0000] {dag.py:4156} INFO - Setting next_dagrun for dataset_alias_example_alias_producer_with_no_taskflow to None, run_after=None
[2024-10-06T03:53:52.918+0000] {logging_mixin.py:190} INFO - [2024-10-06T03:53:52.917+0000] {dag.py:4156} INFO - Setting next_dagrun for dataset_s3_bucket_consumer_with_no_taskflow to None, run_after=None
[2024-10-06T03:53:52.918+0000] {logging_mixin.py:190} INFO - [2024-10-06T03:53:52.918+0000] {dag.py:4156} INFO - Setting next_dagrun for dataset_s3_bucket_producer_with_no_taskflow to None, run_after=None
[2024-10-06T03:53:52.945+0000] {processor.py:208} INFO - Processing /home/airflow/.local/lib/python3.12/site-packages/airflow/example_dags/example_dataset_alias_with_no_taskflow.py took 0.586 seconds
[2024-10-06T04:44:15.192+0000] {processor.py:186} INFO - Started process (PID=24502) to work on /home/airflow/.local/lib/python3.12/site-packages/airflow/example_dags/example_dataset_alias_with_no_taskflow.py
[2024-10-06T04:44:15.194+0000] {processor.py:914} INFO - Processing file /home/airflow/.local/lib/python3.12/site-packages/airflow/example_dags/example_dataset_alias_with_no_taskflow.py for tasks to queue
[2024-10-06T04:44:15.195+0000] {logging_mixin.py:190} INFO - [2024-10-06T04:44:15.195+0000] {dagbag.py:587} INFO - Filling up the DagBag from /home/airflow/.local/lib/python3.12/site-packages/airflow/example_dags/example_dataset_alias_with_no_taskflow.py
[2024-10-06T04:44:15.300+0000] {processor.py:925} INFO - DAG(s) 'dataset_alias_example_alias_producer_with_no_taskflow', 'dataset_alias_example_alias_consumer_with_no_taskflow', 'dataset_s3_bucket_producer_with_no_taskflow', 'dataset_s3_bucket_consumer_with_no_taskflow' retrieved from /home/airflow/.local/lib/python3.12/site-packages/airflow/example_dags/example_dataset_alias_with_no_taskflow.py
[2024-10-06T04:44:15.322+0000] {logging_mixin.py:190} INFO - [2024-10-06T04:44:15.322+0000] {dag.py:3229} INFO - Sync 4 DAGs
[2024-10-06T04:44:15.336+0000] {logging_mixin.py:190} INFO - [2024-10-06T04:44:15.336+0000] {dag.py:4156} INFO - Setting next_dagrun for dataset_alias_example_alias_consumer_with_no_taskflow to None, run_after=None
[2024-10-06T04:44:15.339+0000] {logging_mixin.py:190} INFO - [2024-10-06T04:44:15.339+0000] {dag.py:4156} INFO - Setting next_dagrun for dataset_alias_example_alias_producer_with_no_taskflow to None, run_after=None
[2024-10-06T04:44:15.340+0000] {logging_mixin.py:190} INFO - [2024-10-06T04:44:15.340+0000] {dag.py:4156} INFO - Setting next_dagrun for dataset_s3_bucket_consumer_with_no_taskflow to None, run_after=None
[2024-10-06T04:44:15.341+0000] {logging_mixin.py:190} INFO - [2024-10-06T04:44:15.341+0000] {dag.py:4156} INFO - Setting next_dagrun for dataset_s3_bucket_producer_with_no_taskflow to None, run_after=None
[2024-10-06T04:44:15.353+0000] {processor.py:208} INFO - Processing /home/airflow/.local/lib/python3.12/site-packages/airflow/example_dags/example_dataset_alias_with_no_taskflow.py took 0.164 seconds
[2024-10-06T05:45:10.161+0000] {processor.py:186} INFO - Started process (PID=24572) to work on /home/airflow/.local/lib/python3.12/site-packages/airflow/example_dags/example_dataset_alias_with_no_taskflow.py
[2024-10-06T05:45:10.162+0000] {processor.py:914} INFO - Processing file /home/airflow/.local/lib/python3.12/site-packages/airflow/example_dags/example_dataset_alias_with_no_taskflow.py for tasks to queue
[2024-10-06T05:45:10.163+0000] {logging_mixin.py:190} INFO - [2024-10-06T05:45:10.163+0000] {dagbag.py:587} INFO - Filling up the DagBag from /home/airflow/.local/lib/python3.12/site-packages/airflow/example_dags/example_dataset_alias_with_no_taskflow.py
[2024-10-06T05:45:10.264+0000] {processor.py:925} INFO - DAG(s) 'dataset_alias_example_alias_producer_with_no_taskflow', 'dataset_alias_example_alias_consumer_with_no_taskflow', 'dataset_s3_bucket_producer_with_no_taskflow', 'dataset_s3_bucket_consumer_with_no_taskflow' retrieved from /home/airflow/.local/lib/python3.12/site-packages/airflow/example_dags/example_dataset_alias_with_no_taskflow.py
[2024-10-06T05:45:10.279+0000] {logging_mixin.py:190} INFO - [2024-10-06T05:45:10.278+0000] {dag.py:3229} INFO - Sync 4 DAGs
[2024-10-06T05:45:10.292+0000] {logging_mixin.py:190} INFO - [2024-10-06T05:45:10.292+0000] {dag.py:4156} INFO - Setting next_dagrun for dataset_alias_example_alias_consumer_with_no_taskflow to None, run_after=None
[2024-10-06T05:45:10.293+0000] {logging_mixin.py:190} INFO - [2024-10-06T05:45:10.293+0000] {dag.py:4156} INFO - Setting next_dagrun for dataset_alias_example_alias_producer_with_no_taskflow to None, run_after=None
[2024-10-06T05:45:10.294+0000] {logging_mixin.py:190} INFO - [2024-10-06T05:45:10.294+0000] {dag.py:4156} INFO - Setting next_dagrun for dataset_s3_bucket_consumer_with_no_taskflow to None, run_after=None
[2024-10-06T05:45:10.294+0000] {logging_mixin.py:190} INFO - [2024-10-06T05:45:10.294+0000] {dag.py:4156} INFO - Setting next_dagrun for dataset_s3_bucket_producer_with_no_taskflow to None, run_after=None
[2024-10-06T05:45:10.311+0000] {processor.py:208} INFO - Processing /home/airflow/.local/lib/python3.12/site-packages/airflow/example_dags/example_dataset_alias_with_no_taskflow.py took 0.153 seconds
[2024-10-06T06:27:10.737+0000] {processor.py:186} INFO - Started process (PID=24642) to work on /home/airflow/.local/lib/python3.12/site-packages/airflow/example_dags/example_dataset_alias_with_no_taskflow.py
[2024-10-06T06:27:10.739+0000] {processor.py:914} INFO - Processing file /home/airflow/.local/lib/python3.12/site-packages/airflow/example_dags/example_dataset_alias_with_no_taskflow.py for tasks to queue
[2024-10-06T06:27:10.739+0000] {logging_mixin.py:190} INFO - [2024-10-06T06:27:10.739+0000] {dagbag.py:587} INFO - Filling up the DagBag from /home/airflow/.local/lib/python3.12/site-packages/airflow/example_dags/example_dataset_alias_with_no_taskflow.py
[2024-10-06T06:27:10.883+0000] {processor.py:925} INFO - DAG(s) 'dataset_alias_example_alias_consumer_with_no_taskflow', 'dataset_s3_bucket_producer_with_no_taskflow', 'dataset_alias_example_alias_producer_with_no_taskflow', 'dataset_s3_bucket_consumer_with_no_taskflow' retrieved from /home/airflow/.local/lib/python3.12/site-packages/airflow/example_dags/example_dataset_alias_with_no_taskflow.py
[2024-10-06T06:27:10.893+0000] {logging_mixin.py:190} INFO - [2024-10-06T06:27:10.893+0000] {dag.py:3229} INFO - Sync 4 DAGs
[2024-10-06T06:27:10.912+0000] {logging_mixin.py:190} INFO - [2024-10-06T06:27:10.912+0000] {dag.py:4156} INFO - Setting next_dagrun for dataset_alias_example_alias_consumer_with_no_taskflow to None, run_after=None
[2024-10-06T06:27:10.915+0000] {logging_mixin.py:190} INFO - [2024-10-06T06:27:10.915+0000] {dag.py:4156} INFO - Setting next_dagrun for dataset_alias_example_alias_producer_with_no_taskflow to None, run_after=None
[2024-10-06T06:27:10.917+0000] {logging_mixin.py:190} INFO - [2024-10-06T06:27:10.917+0000] {dag.py:4156} INFO - Setting next_dagrun for dataset_s3_bucket_consumer_with_no_taskflow to None, run_after=None
[2024-10-06T06:27:10.918+0000] {logging_mixin.py:190} INFO - [2024-10-06T06:27:10.918+0000] {dag.py:4156} INFO - Setting next_dagrun for dataset_s3_bucket_producer_with_no_taskflow to None, run_after=None
[2024-10-06T06:27:10.932+0000] {processor.py:208} INFO - Processing /home/airflow/.local/lib/python3.12/site-packages/airflow/example_dags/example_dataset_alias_with_no_taskflow.py took 0.200 seconds
[2024-10-06T06:56:39.409+0000] {processor.py:186} INFO - Started process (PID=24712) to work on /home/airflow/.local/lib/python3.12/site-packages/airflow/example_dags/example_dataset_alias_with_no_taskflow.py
[2024-10-06T06:56:39.410+0000] {processor.py:914} INFO - Processing file /home/airflow/.local/lib/python3.12/site-packages/airflow/example_dags/example_dataset_alias_with_no_taskflow.py for tasks to queue
[2024-10-06T06:56:39.411+0000] {logging_mixin.py:190} INFO - [2024-10-06T06:56:39.411+0000] {dagbag.py:587} INFO - Filling up the DagBag from /home/airflow/.local/lib/python3.12/site-packages/airflow/example_dags/example_dataset_alias_with_no_taskflow.py
[2024-10-06T06:56:39.497+0000] {processor.py:925} INFO - DAG(s) 'dataset_alias_example_alias_producer_with_no_taskflow', 'dataset_alias_example_alias_consumer_with_no_taskflow', 'dataset_s3_bucket_consumer_with_no_taskflow', 'dataset_s3_bucket_producer_with_no_taskflow' retrieved from /home/airflow/.local/lib/python3.12/site-packages/airflow/example_dags/example_dataset_alias_with_no_taskflow.py
[2024-10-06T06:56:39.506+0000] {logging_mixin.py:190} INFO - [2024-10-06T06:56:39.506+0000] {dag.py:3229} INFO - Sync 4 DAGs
[2024-10-06T06:56:39.517+0000] {logging_mixin.py:190} INFO - [2024-10-06T06:56:39.517+0000] {dag.py:4156} INFO - Setting next_dagrun for dataset_alias_example_alias_consumer_with_no_taskflow to None, run_after=None
[2024-10-06T06:56:39.520+0000] {logging_mixin.py:190} INFO - [2024-10-06T06:56:39.519+0000] {dag.py:4156} INFO - Setting next_dagrun for dataset_alias_example_alias_producer_with_no_taskflow to None, run_after=None
[2024-10-06T06:56:39.520+0000] {logging_mixin.py:190} INFO - [2024-10-06T06:56:39.520+0000] {dag.py:4156} INFO - Setting next_dagrun for dataset_s3_bucket_consumer_with_no_taskflow to None, run_after=None
[2024-10-06T06:56:39.521+0000] {logging_mixin.py:190} INFO - [2024-10-06T06:56:39.520+0000] {dag.py:4156} INFO - Setting next_dagrun for dataset_s3_bucket_producer_with_no_taskflow to None, run_after=None
[2024-10-06T06:56:39.530+0000] {processor.py:208} INFO - Processing /home/airflow/.local/lib/python3.12/site-packages/airflow/example_dags/example_dataset_alias_with_no_taskflow.py took 0.124 seconds
[2024-10-06T07:29:03.058+0000] {processor.py:186} INFO - Started process (PID=24782) to work on /home/airflow/.local/lib/python3.12/site-packages/airflow/example_dags/example_dataset_alias_with_no_taskflow.py
[2024-10-06T07:29:03.060+0000] {processor.py:914} INFO - Processing file /home/airflow/.local/lib/python3.12/site-packages/airflow/example_dags/example_dataset_alias_with_no_taskflow.py for tasks to queue
[2024-10-06T07:29:03.061+0000] {logging_mixin.py:190} INFO - [2024-10-06T07:29:03.061+0000] {dagbag.py:587} INFO - Filling up the DagBag from /home/airflow/.local/lib/python3.12/site-packages/airflow/example_dags/example_dataset_alias_with_no_taskflow.py
[2024-10-06T07:29:03.321+0000] {processor.py:925} INFO - DAG(s) 'dataset_s3_bucket_consumer_with_no_taskflow', 'dataset_s3_bucket_producer_with_no_taskflow', 'dataset_alias_example_alias_consumer_with_no_taskflow', 'dataset_alias_example_alias_producer_with_no_taskflow' retrieved from /home/airflow/.local/lib/python3.12/site-packages/airflow/example_dags/example_dataset_alias_with_no_taskflow.py
[2024-10-06T07:29:03.339+0000] {logging_mixin.py:190} INFO - [2024-10-06T07:29:03.339+0000] {dag.py:3229} INFO - Sync 4 DAGs
[2024-10-06T07:29:03.361+0000] {logging_mixin.py:190} INFO - [2024-10-06T07:29:03.361+0000] {dag.py:4156} INFO - Setting next_dagrun for dataset_alias_example_alias_consumer_with_no_taskflow to None, run_after=None
[2024-10-06T07:29:03.363+0000] {logging_mixin.py:190} INFO - [2024-10-06T07:29:03.363+0000] {dag.py:4156} INFO - Setting next_dagrun for dataset_alias_example_alias_producer_with_no_taskflow to None, run_after=None
[2024-10-06T07:29:03.366+0000] {logging_mixin.py:190} INFO - [2024-10-06T07:29:03.366+0000] {dag.py:4156} INFO - Setting next_dagrun for dataset_s3_bucket_consumer_with_no_taskflow to None, run_after=None
[2024-10-06T07:29:03.367+0000] {logging_mixin.py:190} INFO - [2024-10-06T07:29:03.367+0000] {dag.py:4156} INFO - Setting next_dagrun for dataset_s3_bucket_producer_with_no_taskflow to None, run_after=None
[2024-10-06T07:29:03.381+0000] {processor.py:208} INFO - Processing /home/airflow/.local/lib/python3.12/site-packages/airflow/example_dags/example_dataset_alias_with_no_taskflow.py took 0.332 seconds
[2024-10-06T07:57:57.216+0000] {processor.py:186} INFO - Started process (PID=24852) to work on /home/airflow/.local/lib/python3.12/site-packages/airflow/example_dags/example_dataset_alias_with_no_taskflow.py
[2024-10-06T07:57:57.217+0000] {processor.py:914} INFO - Processing file /home/airflow/.local/lib/python3.12/site-packages/airflow/example_dags/example_dataset_alias_with_no_taskflow.py for tasks to queue
[2024-10-06T07:57:57.218+0000] {logging_mixin.py:190} INFO - [2024-10-06T07:57:57.218+0000] {dagbag.py:587} INFO - Filling up the DagBag from /home/airflow/.local/lib/python3.12/site-packages/airflow/example_dags/example_dataset_alias_with_no_taskflow.py
[2024-10-06T07:57:57.309+0000] {processor.py:925} INFO - DAG(s) 'dataset_alias_example_alias_producer_with_no_taskflow', 'dataset_alias_example_alias_consumer_with_no_taskflow', 'dataset_s3_bucket_producer_with_no_taskflow', 'dataset_s3_bucket_consumer_with_no_taskflow' retrieved from /home/airflow/.local/lib/python3.12/site-packages/airflow/example_dags/example_dataset_alias_with_no_taskflow.py
[2024-10-06T07:57:57.318+0000] {logging_mixin.py:190} INFO - [2024-10-06T07:57:57.318+0000] {dag.py:3229} INFO - Sync 4 DAGs
[2024-10-06T07:57:57.329+0000] {logging_mixin.py:190} INFO - [2024-10-06T07:57:57.329+0000] {dag.py:4156} INFO - Setting next_dagrun for dataset_alias_example_alias_consumer_with_no_taskflow to None, run_after=None
[2024-10-06T07:57:57.330+0000] {logging_mixin.py:190} INFO - [2024-10-06T07:57:57.330+0000] {dag.py:4156} INFO - Setting next_dagrun for dataset_alias_example_alias_producer_with_no_taskflow to None, run_after=None
[2024-10-06T07:57:57.331+0000] {logging_mixin.py:190} INFO - [2024-10-06T07:57:57.331+0000] {dag.py:4156} INFO - Setting next_dagrun for dataset_s3_bucket_consumer_with_no_taskflow to None, run_after=None
[2024-10-06T07:57:57.332+0000] {logging_mixin.py:190} INFO - [2024-10-06T07:57:57.332+0000] {dag.py:4156} INFO - Setting next_dagrun for dataset_s3_bucket_producer_with_no_taskflow to None, run_after=None
[2024-10-06T07:57:57.343+0000] {processor.py:208} INFO - Processing /home/airflow/.local/lib/python3.12/site-packages/airflow/example_dags/example_dataset_alias_with_no_taskflow.py took 0.130 seconds
[2024-10-06T08:02:59.109+0000] {processor.py:186} INFO - Started process (PID=24922) to work on /home/airflow/.local/lib/python3.12/site-packages/airflow/example_dags/example_dataset_alias_with_no_taskflow.py
[2024-10-06T08:02:59.111+0000] {processor.py:914} INFO - Processing file /home/airflow/.local/lib/python3.12/site-packages/airflow/example_dags/example_dataset_alias_with_no_taskflow.py for tasks to queue
[2024-10-06T08:02:59.112+0000] {logging_mixin.py:190} INFO - [2024-10-06T08:02:59.112+0000] {dagbag.py:587} INFO - Filling up the DagBag from /home/airflow/.local/lib/python3.12/site-packages/airflow/example_dags/example_dataset_alias_with_no_taskflow.py
[2024-10-06T08:02:59.198+0000] {processor.py:925} INFO - DAG(s) 'dataset_s3_bucket_consumer_with_no_taskflow', 'dataset_alias_example_alias_producer_with_no_taskflow', 'dataset_alias_example_alias_consumer_with_no_taskflow', 'dataset_s3_bucket_producer_with_no_taskflow' retrieved from /home/airflow/.local/lib/python3.12/site-packages/airflow/example_dags/example_dataset_alias_with_no_taskflow.py
[2024-10-06T08:02:59.214+0000] {logging_mixin.py:190} INFO - [2024-10-06T08:02:59.213+0000] {dag.py:3229} INFO - Sync 4 DAGs
[2024-10-06T08:02:59.226+0000] {logging_mixin.py:190} INFO - [2024-10-06T08:02:59.226+0000] {dag.py:4156} INFO - Setting next_dagrun for dataset_alias_example_alias_consumer_with_no_taskflow to None, run_after=None
[2024-10-06T08:02:59.227+0000] {logging_mixin.py:190} INFO - [2024-10-06T08:02:59.227+0000] {dag.py:4156} INFO - Setting next_dagrun for dataset_alias_example_alias_producer_with_no_taskflow to None, run_after=None
[2024-10-06T08:02:59.228+0000] {logging_mixin.py:190} INFO - [2024-10-06T08:02:59.228+0000] {dag.py:4156} INFO - Setting next_dagrun for dataset_s3_bucket_consumer_with_no_taskflow to None, run_after=None
[2024-10-06T08:02:59.228+0000] {logging_mixin.py:190} INFO - [2024-10-06T08:02:59.228+0000] {dag.py:4156} INFO - Setting next_dagrun for dataset_s3_bucket_producer_with_no_taskflow to None, run_after=None
[2024-10-06T08:02:59.243+0000] {processor.py:208} INFO - Processing /home/airflow/.local/lib/python3.12/site-packages/airflow/example_dags/example_dataset_alias_with_no_taskflow.py took 0.138 seconds
[2024-10-06T08:03:29.941+0000] {processor.py:186} INFO - Started process (PID=24992) to work on /home/airflow/.local/lib/python3.12/site-packages/airflow/example_dags/example_dataset_alias_with_no_taskflow.py
[2024-10-06T08:03:29.942+0000] {processor.py:914} INFO - Processing file /home/airflow/.local/lib/python3.12/site-packages/airflow/example_dags/example_dataset_alias_with_no_taskflow.py for tasks to queue
[2024-10-06T08:03:29.942+0000] {logging_mixin.py:190} INFO - [2024-10-06T08:03:29.942+0000] {dagbag.py:587} INFO - Filling up the DagBag from /home/airflow/.local/lib/python3.12/site-packages/airflow/example_dags/example_dataset_alias_with_no_taskflow.py
[2024-10-06T08:03:30.037+0000] {processor.py:925} INFO - DAG(s) 'dataset_s3_bucket_producer_with_no_taskflow', 'dataset_s3_bucket_consumer_with_no_taskflow', 'dataset_alias_example_alias_consumer_with_no_taskflow', 'dataset_alias_example_alias_producer_with_no_taskflow' retrieved from /home/airflow/.local/lib/python3.12/site-packages/airflow/example_dags/example_dataset_alias_with_no_taskflow.py
[2024-10-06T08:03:30.050+0000] {logging_mixin.py:190} INFO - [2024-10-06T08:03:30.050+0000] {dag.py:3229} INFO - Sync 4 DAGs
[2024-10-06T08:03:30.068+0000] {logging_mixin.py:190} INFO - [2024-10-06T08:03:30.068+0000] {dag.py:4156} INFO - Setting next_dagrun for dataset_alias_example_alias_consumer_with_no_taskflow to None, run_after=None
[2024-10-06T08:03:30.070+0000] {logging_mixin.py:190} INFO - [2024-10-06T08:03:30.070+0000] {dag.py:4156} INFO - Setting next_dagrun for dataset_alias_example_alias_producer_with_no_taskflow to None, run_after=None
[2024-10-06T08:03:30.070+0000] {logging_mixin.py:190} INFO - [2024-10-06T08:03:30.070+0000] {dag.py:4156} INFO - Setting next_dagrun for dataset_s3_bucket_consumer_with_no_taskflow to None, run_after=None
[2024-10-06T08:03:30.071+0000] {logging_mixin.py:190} INFO - [2024-10-06T08:03:30.071+0000] {dag.py:4156} INFO - Setting next_dagrun for dataset_s3_bucket_producer_with_no_taskflow to None, run_after=None
[2024-10-06T08:03:30.080+0000] {processor.py:208} INFO - Processing /home/airflow/.local/lib/python3.12/site-packages/airflow/example_dags/example_dataset_alias_with_no_taskflow.py took 0.142 seconds
[2024-10-06T09:43:48.151+0000] {processor.py:186} INFO - Started process (PID=25062) to work on /home/airflow/.local/lib/python3.12/site-packages/airflow/example_dags/example_dataset_alias_with_no_taskflow.py
[2024-10-06T09:43:48.152+0000] {processor.py:914} INFO - Processing file /home/airflow/.local/lib/python3.12/site-packages/airflow/example_dags/example_dataset_alias_with_no_taskflow.py for tasks to queue
[2024-10-06T09:43:48.152+0000] {logging_mixin.py:190} INFO - [2024-10-06T09:43:48.152+0000] {dagbag.py:587} INFO - Filling up the DagBag from /home/airflow/.local/lib/python3.12/site-packages/airflow/example_dags/example_dataset_alias_with_no_taskflow.py
[2024-10-06T09:43:48.265+0000] {processor.py:925} INFO - DAG(s) 'dataset_s3_bucket_consumer_with_no_taskflow', 'dataset_alias_example_alias_consumer_with_no_taskflow', 'dataset_s3_bucket_producer_with_no_taskflow', 'dataset_alias_example_alias_producer_with_no_taskflow' retrieved from /home/airflow/.local/lib/python3.12/site-packages/airflow/example_dags/example_dataset_alias_with_no_taskflow.py
[2024-10-06T09:43:48.282+0000] {logging_mixin.py:190} INFO - [2024-10-06T09:43:48.281+0000] {dag.py:3229} INFO - Sync 4 DAGs
[2024-10-06T09:43:48.305+0000] {logging_mixin.py:190} INFO - [2024-10-06T09:43:48.304+0000] {dag.py:4156} INFO - Setting next_dagrun for dataset_alias_example_alias_consumer_with_no_taskflow to None, run_after=None
[2024-10-06T09:43:48.308+0000] {logging_mixin.py:190} INFO - [2024-10-06T09:43:48.308+0000] {dag.py:4156} INFO - Setting next_dagrun for dataset_alias_example_alias_producer_with_no_taskflow to None, run_after=None
[2024-10-06T09:43:48.310+0000] {logging_mixin.py:190} INFO - [2024-10-06T09:43:48.310+0000] {dag.py:4156} INFO - Setting next_dagrun for dataset_s3_bucket_consumer_with_no_taskflow to None, run_after=None
[2024-10-06T09:43:48.311+0000] {logging_mixin.py:190} INFO - [2024-10-06T09:43:48.311+0000] {dag.py:4156} INFO - Setting next_dagrun for dataset_s3_bucket_producer_with_no_taskflow to None, run_after=None
[2024-10-06T09:43:48.326+0000] {processor.py:208} INFO - Processing /home/airflow/.local/lib/python3.12/site-packages/airflow/example_dags/example_dataset_alias_with_no_taskflow.py took 0.179 seconds
[2024-10-06T10:16:41.555+0000] {processor.py:186} INFO - Started process (PID=25131) to work on /home/airflow/.local/lib/python3.12/site-packages/airflow/example_dags/example_dataset_alias_with_no_taskflow.py
[2024-10-06T10:16:41.555+0000] {processor.py:914} INFO - Processing file /home/airflow/.local/lib/python3.12/site-packages/airflow/example_dags/example_dataset_alias_with_no_taskflow.py for tasks to queue
[2024-10-06T10:16:41.556+0000] {logging_mixin.py:190} INFO - [2024-10-06T10:16:41.556+0000] {dagbag.py:587} INFO - Filling up the DagBag from /home/airflow/.local/lib/python3.12/site-packages/airflow/example_dags/example_dataset_alias_with_no_taskflow.py
[2024-10-06T10:16:41.628+0000] {processor.py:925} INFO - DAG(s) 'dataset_s3_bucket_consumer_with_no_taskflow', 'dataset_alias_example_alias_consumer_with_no_taskflow', 'dataset_s3_bucket_producer_with_no_taskflow', 'dataset_alias_example_alias_producer_with_no_taskflow' retrieved from /home/airflow/.local/lib/python3.12/site-packages/airflow/example_dags/example_dataset_alias_with_no_taskflow.py
[2024-10-06T10:16:41.638+0000] {logging_mixin.py:190} INFO - [2024-10-06T10:16:41.638+0000] {dag.py:3229} INFO - Sync 4 DAGs
[2024-10-06T10:16:41.648+0000] {logging_mixin.py:190} INFO - [2024-10-06T10:16:41.647+0000] {dag.py:4156} INFO - Setting next_dagrun for dataset_alias_example_alias_consumer_with_no_taskflow to None, run_after=None
[2024-10-06T10:16:41.649+0000] {logging_mixin.py:190} INFO - [2024-10-06T10:16:41.648+0000] {dag.py:4156} INFO - Setting next_dagrun for dataset_alias_example_alias_producer_with_no_taskflow to None, run_after=None
[2024-10-06T10:16:41.649+0000] {logging_mixin.py:190} INFO - [2024-10-06T10:16:41.649+0000] {dag.py:4156} INFO - Setting next_dagrun for dataset_s3_bucket_consumer_with_no_taskflow to None, run_after=None
[2024-10-06T10:16:41.649+0000] {logging_mixin.py:190} INFO - [2024-10-06T10:16:41.649+0000] {dag.py:4156} INFO - Setting next_dagrun for dataset_s3_bucket_producer_with_no_taskflow to None, run_after=None
[2024-10-06T10:16:41.657+0000] {processor.py:208} INFO - Processing /home/airflow/.local/lib/python3.12/site-packages/airflow/example_dags/example_dataset_alias_with_no_taskflow.py took 0.105 seconds
[2024-10-06T11:20:54.999+0000] {processor.py:186} INFO - Started process (PID=25201) to work on /home/airflow/.local/lib/python3.12/site-packages/airflow/example_dags/example_dataset_alias_with_no_taskflow.py
[2024-10-06T11:20:55.003+0000] {processor.py:914} INFO - Processing file /home/airflow/.local/lib/python3.12/site-packages/airflow/example_dags/example_dataset_alias_with_no_taskflow.py for tasks to queue
[2024-10-06T11:20:55.004+0000] {logging_mixin.py:190} INFO - [2024-10-06T11:20:55.004+0000] {dagbag.py:587} INFO - Filling up the DagBag from /home/airflow/.local/lib/python3.12/site-packages/airflow/example_dags/example_dataset_alias_with_no_taskflow.py
[2024-10-06T11:20:55.338+0000] {processor.py:925} INFO - DAG(s) 'dataset_alias_example_alias_consumer_with_no_taskflow', 'dataset_s3_bucket_consumer_with_no_taskflow', 'dataset_alias_example_alias_producer_with_no_taskflow', 'dataset_s3_bucket_producer_with_no_taskflow' retrieved from /home/airflow/.local/lib/python3.12/site-packages/airflow/example_dags/example_dataset_alias_with_no_taskflow.py
[2024-10-06T11:20:55.357+0000] {logging_mixin.py:190} INFO - [2024-10-06T11:20:55.357+0000] {dag.py:3229} INFO - Sync 4 DAGs
[2024-10-06T11:20:55.414+0000] {logging_mixin.py:190} INFO - [2024-10-06T11:20:55.413+0000] {dag.py:4156} INFO - Setting next_dagrun for dataset_alias_example_alias_consumer_with_no_taskflow to None, run_after=None
[2024-10-06T11:20:55.416+0000] {logging_mixin.py:190} INFO - [2024-10-06T11:20:55.416+0000] {dag.py:4156} INFO - Setting next_dagrun for dataset_alias_example_alias_producer_with_no_taskflow to None, run_after=None
[2024-10-06T11:20:55.421+0000] {logging_mixin.py:190} INFO - [2024-10-06T11:20:55.420+0000] {dag.py:4156} INFO - Setting next_dagrun for dataset_s3_bucket_consumer_with_no_taskflow to None, run_after=None
[2024-10-06T11:20:55.423+0000] {logging_mixin.py:190} INFO - [2024-10-06T11:20:55.423+0000] {dag.py:4156} INFO - Setting next_dagrun for dataset_s3_bucket_producer_with_no_taskflow to None, run_after=None
[2024-10-06T11:20:55.445+0000] {processor.py:208} INFO - Processing /home/airflow/.local/lib/python3.12/site-packages/airflow/example_dags/example_dataset_alias_with_no_taskflow.py took 0.477 seconds
[2024-10-06T13:00:04.125+0000] {processor.py:186} INFO - Started process (PID=25271) to work on /home/airflow/.local/lib/python3.12/site-packages/airflow/example_dags/example_dataset_alias_with_no_taskflow.py
[2024-10-06T13:00:04.125+0000] {processor.py:914} INFO - Processing file /home/airflow/.local/lib/python3.12/site-packages/airflow/example_dags/example_dataset_alias_with_no_taskflow.py for tasks to queue
[2024-10-06T13:00:04.126+0000] {logging_mixin.py:190} INFO - [2024-10-06T13:00:04.126+0000] {dagbag.py:587} INFO - Filling up the DagBag from /home/airflow/.local/lib/python3.12/site-packages/airflow/example_dags/example_dataset_alias_with_no_taskflow.py
[2024-10-06T13:00:04.212+0000] {processor.py:925} INFO - DAG(s) 'dataset_alias_example_alias_producer_with_no_taskflow', 'dataset_s3_bucket_consumer_with_no_taskflow', 'dataset_alias_example_alias_consumer_with_no_taskflow', 'dataset_s3_bucket_producer_with_no_taskflow' retrieved from /home/airflow/.local/lib/python3.12/site-packages/airflow/example_dags/example_dataset_alias_with_no_taskflow.py
[2024-10-06T13:00:04.220+0000] {logging_mixin.py:190} INFO - [2024-10-06T13:00:04.220+0000] {dag.py:3229} INFO - Sync 4 DAGs
[2024-10-06T13:00:04.230+0000] {logging_mixin.py:190} INFO - [2024-10-06T13:00:04.230+0000] {dag.py:4156} INFO - Setting next_dagrun for dataset_alias_example_alias_consumer_with_no_taskflow to None, run_after=None
[2024-10-06T13:00:04.231+0000] {logging_mixin.py:190} INFO - [2024-10-06T13:00:04.231+0000] {dag.py:4156} INFO - Setting next_dagrun for dataset_alias_example_alias_producer_with_no_taskflow to None, run_after=None
[2024-10-06T13:00:04.232+0000] {logging_mixin.py:190} INFO - [2024-10-06T13:00:04.232+0000] {dag.py:4156} INFO - Setting next_dagrun for dataset_s3_bucket_consumer_with_no_taskflow to None, run_after=None
[2024-10-06T13:00:04.232+0000] {logging_mixin.py:190} INFO - [2024-10-06T13:00:04.232+0000] {dag.py:4156} INFO - Setting next_dagrun for dataset_s3_bucket_producer_with_no_taskflow to None, run_after=None
[2024-10-06T13:00:04.241+0000] {processor.py:208} INFO - Processing /home/airflow/.local/lib/python3.12/site-packages/airflow/example_dags/example_dataset_alias_with_no_taskflow.py took 0.119 seconds
[2024-10-06T13:48:15.534+0000] {processor.py:186} INFO - Started process (PID=25341) to work on /home/airflow/.local/lib/python3.12/site-packages/airflow/example_dags/example_dataset_alias_with_no_taskflow.py
[2024-10-06T13:48:15.535+0000] {processor.py:914} INFO - Processing file /home/airflow/.local/lib/python3.12/site-packages/airflow/example_dags/example_dataset_alias_with_no_taskflow.py for tasks to queue
[2024-10-06T13:48:15.536+0000] {logging_mixin.py:190} INFO - [2024-10-06T13:48:15.536+0000] {dagbag.py:587} INFO - Filling up the DagBag from /home/airflow/.local/lib/python3.12/site-packages/airflow/example_dags/example_dataset_alias_with_no_taskflow.py
[2024-10-06T13:48:15.658+0000] {processor.py:925} INFO - DAG(s) 'dataset_alias_example_alias_producer_with_no_taskflow', 'dataset_alias_example_alias_consumer_with_no_taskflow', 'dataset_s3_bucket_consumer_with_no_taskflow', 'dataset_s3_bucket_producer_with_no_taskflow' retrieved from /home/airflow/.local/lib/python3.12/site-packages/airflow/example_dags/example_dataset_alias_with_no_taskflow.py
[2024-10-06T13:48:15.676+0000] {logging_mixin.py:190} INFO - [2024-10-06T13:48:15.676+0000] {dag.py:3229} INFO - Sync 4 DAGs
[2024-10-06T13:48:15.687+0000] {logging_mixin.py:190} INFO - [2024-10-06T13:48:15.687+0000] {dag.py:4156} INFO - Setting next_dagrun for dataset_alias_example_alias_consumer_with_no_taskflow to None, run_after=None
[2024-10-06T13:48:15.689+0000] {logging_mixin.py:190} INFO - [2024-10-06T13:48:15.689+0000] {dag.py:4156} INFO - Setting next_dagrun for dataset_alias_example_alias_producer_with_no_taskflow to None, run_after=None
[2024-10-06T13:48:15.690+0000] {logging_mixin.py:190} INFO - [2024-10-06T13:48:15.690+0000] {dag.py:4156} INFO - Setting next_dagrun for dataset_s3_bucket_consumer_with_no_taskflow to None, run_after=None
[2024-10-06T13:48:15.691+0000] {logging_mixin.py:190} INFO - [2024-10-06T13:48:15.691+0000] {dag.py:4156} INFO - Setting next_dagrun for dataset_s3_bucket_producer_with_no_taskflow to None, run_after=None
[2024-10-06T13:48:15.705+0000] {processor.py:208} INFO - Processing /home/airflow/.local/lib/python3.12/site-packages/airflow/example_dags/example_dataset_alias_with_no_taskflow.py took 0.174 seconds
[2024-10-06T13:55:50.330+0000] {processor.py:186} INFO - Started process (PID=25411) to work on /home/airflow/.local/lib/python3.12/site-packages/airflow/example_dags/example_dataset_alias_with_no_taskflow.py
[2024-10-06T13:55:50.342+0000] {processor.py:914} INFO - Processing file /home/airflow/.local/lib/python3.12/site-packages/airflow/example_dags/example_dataset_alias_with_no_taskflow.py for tasks to queue
[2024-10-06T13:55:50.347+0000] {logging_mixin.py:190} INFO - [2024-10-06T13:55:50.346+0000] {dagbag.py:587} INFO - Filling up the DagBag from /home/airflow/.local/lib/python3.12/site-packages/airflow/example_dags/example_dataset_alias_with_no_taskflow.py
[2024-10-06T13:55:50.803+0000] {processor.py:925} INFO - DAG(s) 'dataset_alias_example_alias_consumer_with_no_taskflow', 'dataset_s3_bucket_producer_with_no_taskflow', 'dataset_alias_example_alias_producer_with_no_taskflow', 'dataset_s3_bucket_consumer_with_no_taskflow' retrieved from /home/airflow/.local/lib/python3.12/site-packages/airflow/example_dags/example_dataset_alias_with_no_taskflow.py
[2024-10-06T13:55:50.838+0000] {logging_mixin.py:190} INFO - [2024-10-06T13:55:50.838+0000] {dag.py:3229} INFO - Sync 4 DAGs
[2024-10-06T13:55:50.861+0000] {logging_mixin.py:190} INFO - [2024-10-06T13:55:50.861+0000] {dag.py:4156} INFO - Setting next_dagrun for dataset_alias_example_alias_consumer_with_no_taskflow to None, run_after=None
[2024-10-06T13:55:50.866+0000] {logging_mixin.py:190} INFO - [2024-10-06T13:55:50.865+0000] {dag.py:4156} INFO - Setting next_dagrun for dataset_alias_example_alias_producer_with_no_taskflow to None, run_after=None
[2024-10-06T13:55:50.867+0000] {logging_mixin.py:190} INFO - [2024-10-06T13:55:50.866+0000] {dag.py:4156} INFO - Setting next_dagrun for dataset_s3_bucket_consumer_with_no_taskflow to None, run_after=None
[2024-10-06T13:55:50.867+0000] {logging_mixin.py:190} INFO - [2024-10-06T13:55:50.867+0000] {dag.py:4156} INFO - Setting next_dagrun for dataset_s3_bucket_producer_with_no_taskflow to None, run_after=None
[2024-10-06T13:55:50.879+0000] {processor.py:208} INFO - Processing /home/airflow/.local/lib/python3.12/site-packages/airflow/example_dags/example_dataset_alias_with_no_taskflow.py took 0.573 seconds
[2024-10-06T14:56:48.685+0000] {processor.py:186} INFO - Started process (PID=25481) to work on /home/airflow/.local/lib/python3.12/site-packages/airflow/example_dags/example_dataset_alias_with_no_taskflow.py
[2024-10-06T14:56:48.687+0000] {processor.py:914} INFO - Processing file /home/airflow/.local/lib/python3.12/site-packages/airflow/example_dags/example_dataset_alias_with_no_taskflow.py for tasks to queue
[2024-10-06T14:56:48.690+0000] {logging_mixin.py:190} INFO - [2024-10-06T14:56:48.690+0000] {dagbag.py:587} INFO - Filling up the DagBag from /home/airflow/.local/lib/python3.12/site-packages/airflow/example_dags/example_dataset_alias_with_no_taskflow.py
[2024-10-06T14:56:48.773+0000] {processor.py:925} INFO - DAG(s) 'dataset_s3_bucket_consumer_with_no_taskflow', 'dataset_alias_example_alias_consumer_with_no_taskflow', 'dataset_alias_example_alias_producer_with_no_taskflow', 'dataset_s3_bucket_producer_with_no_taskflow' retrieved from /home/airflow/.local/lib/python3.12/site-packages/airflow/example_dags/example_dataset_alias_with_no_taskflow.py
[2024-10-06T14:56:48.790+0000] {logging_mixin.py:190} INFO - [2024-10-06T14:56:48.790+0000] {dag.py:3229} INFO - Sync 4 DAGs
[2024-10-06T14:56:48.807+0000] {logging_mixin.py:190} INFO - [2024-10-06T14:56:48.806+0000] {dag.py:4156} INFO - Setting next_dagrun for dataset_alias_example_alias_consumer_with_no_taskflow to None, run_after=None
[2024-10-06T14:56:48.808+0000] {logging_mixin.py:190} INFO - [2024-10-06T14:56:48.808+0000] {dag.py:4156} INFO - Setting next_dagrun for dataset_alias_example_alias_producer_with_no_taskflow to None, run_after=None
[2024-10-06T14:56:48.808+0000] {logging_mixin.py:190} INFO - [2024-10-06T14:56:48.808+0000] {dag.py:4156} INFO - Setting next_dagrun for dataset_s3_bucket_consumer_with_no_taskflow to None, run_after=None
[2024-10-06T14:56:48.809+0000] {logging_mixin.py:190} INFO - [2024-10-06T14:56:48.809+0000] {dag.py:4156} INFO - Setting next_dagrun for dataset_s3_bucket_producer_with_no_taskflow to None, run_after=None
[2024-10-06T14:56:48.821+0000] {processor.py:208} INFO - Processing /home/airflow/.local/lib/python3.12/site-packages/airflow/example_dags/example_dataset_alias_with_no_taskflow.py took 0.139 seconds
[2024-10-06T15:41:27.560+0000] {processor.py:186} INFO - Started process (PID=25551) to work on /home/airflow/.local/lib/python3.12/site-packages/airflow/example_dags/example_dataset_alias_with_no_taskflow.py
[2024-10-06T15:41:27.561+0000] {processor.py:914} INFO - Processing file /home/airflow/.local/lib/python3.12/site-packages/airflow/example_dags/example_dataset_alias_with_no_taskflow.py for tasks to queue
[2024-10-06T15:41:27.562+0000] {logging_mixin.py:190} INFO - [2024-10-06T15:41:27.562+0000] {dagbag.py:587} INFO - Filling up the DagBag from /home/airflow/.local/lib/python3.12/site-packages/airflow/example_dags/example_dataset_alias_with_no_taskflow.py
[2024-10-06T15:41:27.906+0000] {processor.py:925} INFO - DAG(s) 'dataset_alias_example_alias_producer_with_no_taskflow', 'dataset_s3_bucket_producer_with_no_taskflow', 'dataset_alias_example_alias_consumer_with_no_taskflow', 'dataset_s3_bucket_consumer_with_no_taskflow' retrieved from /home/airflow/.local/lib/python3.12/site-packages/airflow/example_dags/example_dataset_alias_with_no_taskflow.py
[2024-10-06T15:41:27.930+0000] {logging_mixin.py:190} INFO - [2024-10-06T15:41:27.930+0000] {dag.py:3229} INFO - Sync 4 DAGs
[2024-10-06T15:41:27.963+0000] {logging_mixin.py:190} INFO - [2024-10-06T15:41:27.963+0000] {dag.py:4156} INFO - Setting next_dagrun for dataset_alias_example_alias_consumer_with_no_taskflow to None, run_after=None
[2024-10-06T15:41:27.966+0000] {logging_mixin.py:190} INFO - [2024-10-06T15:41:27.966+0000] {dag.py:4156} INFO - Setting next_dagrun for dataset_alias_example_alias_producer_with_no_taskflow to None, run_after=None
[2024-10-06T15:41:27.968+0000] {logging_mixin.py:190} INFO - [2024-10-06T15:41:27.968+0000] {dag.py:4156} INFO - Setting next_dagrun for dataset_s3_bucket_consumer_with_no_taskflow to None, run_after=None
[2024-10-06T15:41:27.971+0000] {logging_mixin.py:190} INFO - [2024-10-06T15:41:27.970+0000] {dag.py:4156} INFO - Setting next_dagrun for dataset_s3_bucket_producer_with_no_taskflow to None, run_after=None
[2024-10-06T15:41:27.991+0000] {processor.py:208} INFO - Processing /home/airflow/.local/lib/python3.12/site-packages/airflow/example_dags/example_dataset_alias_with_no_taskflow.py took 0.437 seconds
[2024-10-06T16:15:54.137+0000] {processor.py:186} INFO - Started process (PID=25621) to work on /home/airflow/.local/lib/python3.12/site-packages/airflow/example_dags/example_dataset_alias_with_no_taskflow.py
[2024-10-06T16:15:54.139+0000] {processor.py:914} INFO - Processing file /home/airflow/.local/lib/python3.12/site-packages/airflow/example_dags/example_dataset_alias_with_no_taskflow.py for tasks to queue
[2024-10-06T16:15:54.140+0000] {logging_mixin.py:190} INFO - [2024-10-06T16:15:54.140+0000] {dagbag.py:587} INFO - Filling up the DagBag from /home/airflow/.local/lib/python3.12/site-packages/airflow/example_dags/example_dataset_alias_with_no_taskflow.py
[2024-10-06T16:15:54.221+0000] {processor.py:925} INFO - DAG(s) 'dataset_alias_example_alias_producer_with_no_taskflow', 'dataset_s3_bucket_consumer_with_no_taskflow', 'dataset_s3_bucket_producer_with_no_taskflow', 'dataset_alias_example_alias_consumer_with_no_taskflow' retrieved from /home/airflow/.local/lib/python3.12/site-packages/airflow/example_dags/example_dataset_alias_with_no_taskflow.py
[2024-10-06T16:15:54.237+0000] {logging_mixin.py:190} INFO - [2024-10-06T16:15:54.236+0000] {dag.py:3229} INFO - Sync 4 DAGs
[2024-10-06T16:15:54.253+0000] {logging_mixin.py:190} INFO - [2024-10-06T16:15:54.253+0000] {dag.py:4156} INFO - Setting next_dagrun for dataset_alias_example_alias_consumer_with_no_taskflow to None, run_after=None
[2024-10-06T16:15:54.255+0000] {logging_mixin.py:190} INFO - [2024-10-06T16:15:54.255+0000] {dag.py:4156} INFO - Setting next_dagrun for dataset_alias_example_alias_producer_with_no_taskflow to None, run_after=None
[2024-10-06T16:15:54.256+0000] {logging_mixin.py:190} INFO - [2024-10-06T16:15:54.256+0000] {dag.py:4156} INFO - Setting next_dagrun for dataset_s3_bucket_consumer_with_no_taskflow to None, run_after=None
[2024-10-06T16:15:54.257+0000] {logging_mixin.py:190} INFO - [2024-10-06T16:15:54.256+0000] {dag.py:4156} INFO - Setting next_dagrun for dataset_s3_bucket_producer_with_no_taskflow to None, run_after=None
[2024-10-06T16:15:54.271+0000] {processor.py:208} INFO - Processing /home/airflow/.local/lib/python3.12/site-packages/airflow/example_dags/example_dataset_alias_with_no_taskflow.py took 0.137 seconds
[2024-10-06T16:58:34.903+0000] {processor.py:186} INFO - Started process (PID=25691) to work on /home/airflow/.local/lib/python3.12/site-packages/airflow/example_dags/example_dataset_alias_with_no_taskflow.py
[2024-10-06T16:58:34.903+0000] {processor.py:914} INFO - Processing file /home/airflow/.local/lib/python3.12/site-packages/airflow/example_dags/example_dataset_alias_with_no_taskflow.py for tasks to queue
[2024-10-06T16:58:34.904+0000] {logging_mixin.py:190} INFO - [2024-10-06T16:58:34.904+0000] {dagbag.py:587} INFO - Filling up the DagBag from /home/airflow/.local/lib/python3.12/site-packages/airflow/example_dags/example_dataset_alias_with_no_taskflow.py
[2024-10-06T16:58:35.017+0000] {processor.py:925} INFO - DAG(s) 'dataset_alias_example_alias_consumer_with_no_taskflow', 'dataset_alias_example_alias_producer_with_no_taskflow', 'dataset_s3_bucket_producer_with_no_taskflow', 'dataset_s3_bucket_consumer_with_no_taskflow' retrieved from /home/airflow/.local/lib/python3.12/site-packages/airflow/example_dags/example_dataset_alias_with_no_taskflow.py
[2024-10-06T16:58:35.028+0000] {logging_mixin.py:190} INFO - [2024-10-06T16:58:35.027+0000] {dag.py:3229} INFO - Sync 4 DAGs
[2024-10-06T16:58:35.043+0000] {logging_mixin.py:190} INFO - [2024-10-06T16:58:35.043+0000] {dag.py:4156} INFO - Setting next_dagrun for dataset_alias_example_alias_consumer_with_no_taskflow to None, run_after=None
[2024-10-06T16:58:35.045+0000] {logging_mixin.py:190} INFO - [2024-10-06T16:58:35.045+0000] {dag.py:4156} INFO - Setting next_dagrun for dataset_alias_example_alias_producer_with_no_taskflow to None, run_after=None
[2024-10-06T16:58:35.046+0000] {logging_mixin.py:190} INFO - [2024-10-06T16:58:35.045+0000] {dag.py:4156} INFO - Setting next_dagrun for dataset_s3_bucket_consumer_with_no_taskflow to None, run_after=None
[2024-10-06T16:58:35.046+0000] {logging_mixin.py:190} INFO - [2024-10-06T16:58:35.046+0000] {dag.py:4156} INFO - Setting next_dagrun for dataset_s3_bucket_producer_with_no_taskflow to None, run_after=None
[2024-10-06T16:58:35.055+0000] {processor.py:208} INFO - Processing /home/airflow/.local/lib/python3.12/site-packages/airflow/example_dags/example_dataset_alias_with_no_taskflow.py took 0.155 seconds
[2024-10-06T16:59:05.876+0000] {processor.py:186} INFO - Started process (PID=25761) to work on /home/airflow/.local/lib/python3.12/site-packages/airflow/example_dags/example_dataset_alias_with_no_taskflow.py
[2024-10-06T16:59:05.877+0000] {processor.py:914} INFO - Processing file /home/airflow/.local/lib/python3.12/site-packages/airflow/example_dags/example_dataset_alias_with_no_taskflow.py for tasks to queue
[2024-10-06T16:59:05.877+0000] {logging_mixin.py:190} INFO - [2024-10-06T16:59:05.877+0000] {dagbag.py:587} INFO - Filling up the DagBag from /home/airflow/.local/lib/python3.12/site-packages/airflow/example_dags/example_dataset_alias_with_no_taskflow.py
[2024-10-06T16:59:05.970+0000] {processor.py:925} INFO - DAG(s) 'dataset_alias_example_alias_consumer_with_no_taskflow', 'dataset_alias_example_alias_producer_with_no_taskflow', 'dataset_s3_bucket_consumer_with_no_taskflow', 'dataset_s3_bucket_producer_with_no_taskflow' retrieved from /home/airflow/.local/lib/python3.12/site-packages/airflow/example_dags/example_dataset_alias_with_no_taskflow.py
[2024-10-06T16:59:05.981+0000] {logging_mixin.py:190} INFO - [2024-10-06T16:59:05.981+0000] {dag.py:3229} INFO - Sync 4 DAGs
[2024-10-06T16:59:05.995+0000] {logging_mixin.py:190} INFO - [2024-10-06T16:59:05.995+0000] {dag.py:4156} INFO - Setting next_dagrun for dataset_alias_example_alias_consumer_with_no_taskflow to None, run_after=None
[2024-10-06T16:59:05.998+0000] {logging_mixin.py:190} INFO - [2024-10-06T16:59:05.997+0000] {dag.py:4156} INFO - Setting next_dagrun for dataset_alias_example_alias_producer_with_no_taskflow to None, run_after=None
[2024-10-06T16:59:05.999+0000] {logging_mixin.py:190} INFO - [2024-10-06T16:59:05.999+0000] {dag.py:4156} INFO - Setting next_dagrun for dataset_s3_bucket_consumer_with_no_taskflow to None, run_after=None
[2024-10-06T16:59:06.000+0000] {logging_mixin.py:190} INFO - [2024-10-06T16:59:06.000+0000] {dag.py:4156} INFO - Setting next_dagrun for dataset_s3_bucket_producer_with_no_taskflow to None, run_after=None
[2024-10-06T16:59:06.011+0000] {processor.py:208} INFO - Processing /home/airflow/.local/lib/python3.12/site-packages/airflow/example_dags/example_dataset_alias_with_no_taskflow.py took 0.138 seconds
[2024-10-06T17:59:32.052+0000] {processor.py:186} INFO - Started process (PID=25830) to work on /home/airflow/.local/lib/python3.12/site-packages/airflow/example_dags/example_dataset_alias_with_no_taskflow.py
[2024-10-06T17:59:32.054+0000] {processor.py:914} INFO - Processing file /home/airflow/.local/lib/python3.12/site-packages/airflow/example_dags/example_dataset_alias_with_no_taskflow.py for tasks to queue
[2024-10-06T17:59:32.054+0000] {logging_mixin.py:190} INFO - [2024-10-06T17:59:32.054+0000] {dagbag.py:587} INFO - Filling up the DagBag from /home/airflow/.local/lib/python3.12/site-packages/airflow/example_dags/example_dataset_alias_with_no_taskflow.py
[2024-10-06T17:59:32.133+0000] {processor.py:925} INFO - DAG(s) 'dataset_s3_bucket_producer_with_no_taskflow', 'dataset_alias_example_alias_producer_with_no_taskflow', 'dataset_s3_bucket_consumer_with_no_taskflow', 'dataset_alias_example_alias_consumer_with_no_taskflow' retrieved from /home/airflow/.local/lib/python3.12/site-packages/airflow/example_dags/example_dataset_alias_with_no_taskflow.py
[2024-10-06T17:59:32.146+0000] {logging_mixin.py:190} INFO - [2024-10-06T17:59:32.146+0000] {dag.py:3229} INFO - Sync 4 DAGs
[2024-10-06T17:59:32.158+0000] {logging_mixin.py:190} INFO - [2024-10-06T17:59:32.158+0000] {dag.py:4156} INFO - Setting next_dagrun for dataset_alias_example_alias_consumer_with_no_taskflow to None, run_after=None
[2024-10-06T17:59:32.160+0000] {logging_mixin.py:190} INFO - [2024-10-06T17:59:32.160+0000] {dag.py:4156} INFO - Setting next_dagrun for dataset_alias_example_alias_producer_with_no_taskflow to None, run_after=None
[2024-10-06T17:59:32.162+0000] {logging_mixin.py:190} INFO - [2024-10-06T17:59:32.162+0000] {dag.py:4156} INFO - Setting next_dagrun for dataset_s3_bucket_consumer_with_no_taskflow to None, run_after=None
[2024-10-06T17:59:32.163+0000] {logging_mixin.py:190} INFO - [2024-10-06T17:59:32.163+0000] {dag.py:4156} INFO - Setting next_dagrun for dataset_s3_bucket_producer_with_no_taskflow to None, run_after=None
[2024-10-06T17:59:32.178+0000] {processor.py:208} INFO - Processing /home/airflow/.local/lib/python3.12/site-packages/airflow/example_dags/example_dataset_alias_with_no_taskflow.py took 0.130 seconds
[2024-10-06T18:17:00.452+0000] {processor.py:186} INFO - Started process (PID=25900) to work on /home/airflow/.local/lib/python3.12/site-packages/airflow/example_dags/example_dataset_alias_with_no_taskflow.py
[2024-10-06T18:17:00.457+0000] {processor.py:914} INFO - Processing file /home/airflow/.local/lib/python3.12/site-packages/airflow/example_dags/example_dataset_alias_with_no_taskflow.py for tasks to queue
[2024-10-06T18:17:00.458+0000] {logging_mixin.py:190} INFO - [2024-10-06T18:17:00.457+0000] {dagbag.py:587} INFO - Filling up the DagBag from /home/airflow/.local/lib/python3.12/site-packages/airflow/example_dags/example_dataset_alias_with_no_taskflow.py
[2024-10-06T18:17:00.677+0000] {processor.py:925} INFO - DAG(s) 'dataset_s3_bucket_consumer_with_no_taskflow', 'dataset_s3_bucket_producer_with_no_taskflow', 'dataset_alias_example_alias_consumer_with_no_taskflow', 'dataset_alias_example_alias_producer_with_no_taskflow' retrieved from /home/airflow/.local/lib/python3.12/site-packages/airflow/example_dags/example_dataset_alias_with_no_taskflow.py
[2024-10-06T18:17:00.694+0000] {logging_mixin.py:190} INFO - [2024-10-06T18:17:00.693+0000] {dag.py:3229} INFO - Sync 4 DAGs
[2024-10-06T18:17:00.707+0000] {logging_mixin.py:190} INFO - [2024-10-06T18:17:00.707+0000] {dag.py:4156} INFO - Setting next_dagrun for dataset_alias_example_alias_consumer_with_no_taskflow to None, run_after=None
[2024-10-06T18:17:00.708+0000] {logging_mixin.py:190} INFO - [2024-10-06T18:17:00.708+0000] {dag.py:4156} INFO - Setting next_dagrun for dataset_alias_example_alias_producer_with_no_taskflow to None, run_after=None
[2024-10-06T18:17:00.708+0000] {logging_mixin.py:190} INFO - [2024-10-06T18:17:00.708+0000] {dag.py:4156} INFO - Setting next_dagrun for dataset_s3_bucket_consumer_with_no_taskflow to None, run_after=None
[2024-10-06T18:17:00.709+0000] {logging_mixin.py:190} INFO - [2024-10-06T18:17:00.709+0000] {dag.py:4156} INFO - Setting next_dagrun for dataset_s3_bucket_producer_with_no_taskflow to None, run_after=None
[2024-10-06T18:17:00.731+0000] {processor.py:208} INFO - Processing /home/airflow/.local/lib/python3.12/site-packages/airflow/example_dags/example_dataset_alias_with_no_taskflow.py took 0.283 seconds
[2024-10-06T18:49:49.266+0000] {processor.py:186} INFO - Started process (PID=25970) to work on /home/airflow/.local/lib/python3.12/site-packages/airflow/example_dags/example_dataset_alias_with_no_taskflow.py
[2024-10-06T18:49:49.267+0000] {processor.py:914} INFO - Processing file /home/airflow/.local/lib/python3.12/site-packages/airflow/example_dags/example_dataset_alias_with_no_taskflow.py for tasks to queue
[2024-10-06T18:49:49.267+0000] {logging_mixin.py:190} INFO - [2024-10-06T18:49:49.267+0000] {dagbag.py:587} INFO - Filling up the DagBag from /home/airflow/.local/lib/python3.12/site-packages/airflow/example_dags/example_dataset_alias_with_no_taskflow.py
[2024-10-06T18:49:49.360+0000] {processor.py:925} INFO - DAG(s) 'dataset_alias_example_alias_producer_with_no_taskflow', 'dataset_s3_bucket_producer_with_no_taskflow', 'dataset_alias_example_alias_consumer_with_no_taskflow', 'dataset_s3_bucket_consumer_with_no_taskflow' retrieved from /home/airflow/.local/lib/python3.12/site-packages/airflow/example_dags/example_dataset_alias_with_no_taskflow.py
[2024-10-06T18:49:49.375+0000] {logging_mixin.py:190} INFO - [2024-10-06T18:49:49.375+0000] {dag.py:3229} INFO - Sync 4 DAGs
[2024-10-06T18:49:49.399+0000] {logging_mixin.py:190} INFO - [2024-10-06T18:49:49.399+0000] {dag.py:4156} INFO - Setting next_dagrun for dataset_alias_example_alias_consumer_with_no_taskflow to None, run_after=None
[2024-10-06T18:49:49.401+0000] {logging_mixin.py:190} INFO - [2024-10-06T18:49:49.401+0000] {dag.py:4156} INFO - Setting next_dagrun for dataset_alias_example_alias_producer_with_no_taskflow to None, run_after=None
[2024-10-06T18:49:49.402+0000] {logging_mixin.py:190} INFO - [2024-10-06T18:49:49.402+0000] {dag.py:4156} INFO - Setting next_dagrun for dataset_s3_bucket_consumer_with_no_taskflow to None, run_after=None
[2024-10-06T18:49:49.403+0000] {logging_mixin.py:190} INFO - [2024-10-06T18:49:49.403+0000] {dag.py:4156} INFO - Setting next_dagrun for dataset_s3_bucket_producer_with_no_taskflow to None, run_after=None
[2024-10-06T18:49:49.415+0000] {processor.py:208} INFO - Processing /home/airflow/.local/lib/python3.12/site-packages/airflow/example_dags/example_dataset_alias_with_no_taskflow.py took 0.153 seconds
[2024-10-06T19:00:33.000+0000] {processor.py:186} INFO - Started process (PID=26040) to work on /home/airflow/.local/lib/python3.12/site-packages/airflow/example_dags/example_dataset_alias_with_no_taskflow.py
[2024-10-06T19:00:33.001+0000] {processor.py:914} INFO - Processing file /home/airflow/.local/lib/python3.12/site-packages/airflow/example_dags/example_dataset_alias_with_no_taskflow.py for tasks to queue
[2024-10-06T19:00:33.002+0000] {logging_mixin.py:190} INFO - [2024-10-06T19:00:33.002+0000] {dagbag.py:587} INFO - Filling up the DagBag from /home/airflow/.local/lib/python3.12/site-packages/airflow/example_dags/example_dataset_alias_with_no_taskflow.py
[2024-10-06T19:00:33.101+0000] {processor.py:925} INFO - DAG(s) 'dataset_alias_example_alias_consumer_with_no_taskflow', 'dataset_s3_bucket_consumer_with_no_taskflow', 'dataset_alias_example_alias_producer_with_no_taskflow', 'dataset_s3_bucket_producer_with_no_taskflow' retrieved from /home/airflow/.local/lib/python3.12/site-packages/airflow/example_dags/example_dataset_alias_with_no_taskflow.py
[2024-10-06T19:00:33.109+0000] {logging_mixin.py:190} INFO - [2024-10-06T19:00:33.109+0000] {dag.py:3229} INFO - Sync 4 DAGs
[2024-10-06T19:00:33.120+0000] {logging_mixin.py:190} INFO - [2024-10-06T19:00:33.119+0000] {dag.py:4156} INFO - Setting next_dagrun for dataset_alias_example_alias_consumer_with_no_taskflow to None, run_after=None
[2024-10-06T19:00:33.120+0000] {logging_mixin.py:190} INFO - [2024-10-06T19:00:33.120+0000] {dag.py:4156} INFO - Setting next_dagrun for dataset_alias_example_alias_producer_with_no_taskflow to None, run_after=None
[2024-10-06T19:00:33.121+0000] {logging_mixin.py:190} INFO - [2024-10-06T19:00:33.121+0000] {dag.py:4156} INFO - Setting next_dagrun for dataset_s3_bucket_consumer_with_no_taskflow to None, run_after=None
[2024-10-06T19:00:33.122+0000] {logging_mixin.py:190} INFO - [2024-10-06T19:00:33.122+0000] {dag.py:4156} INFO - Setting next_dagrun for dataset_s3_bucket_producer_with_no_taskflow to None, run_after=None
[2024-10-06T19:00:33.136+0000] {processor.py:208} INFO - Processing /home/airflow/.local/lib/python3.12/site-packages/airflow/example_dags/example_dataset_alias_with_no_taskflow.py took 0.141 seconds
[2024-10-06T19:16:45.007+0000] {processor.py:186} INFO - Started process (PID=26110) to work on /home/airflow/.local/lib/python3.12/site-packages/airflow/example_dags/example_dataset_alias_with_no_taskflow.py
[2024-10-06T19:16:45.009+0000] {processor.py:914} INFO - Processing file /home/airflow/.local/lib/python3.12/site-packages/airflow/example_dags/example_dataset_alias_with_no_taskflow.py for tasks to queue
[2024-10-06T19:16:45.010+0000] {logging_mixin.py:190} INFO - [2024-10-06T19:16:45.009+0000] {dagbag.py:587} INFO - Filling up the DagBag from /home/airflow/.local/lib/python3.12/site-packages/airflow/example_dags/example_dataset_alias_with_no_taskflow.py
[2024-10-06T19:16:45.332+0000] {processor.py:925} INFO - DAG(s) 'dataset_alias_example_alias_consumer_with_no_taskflow', 'dataset_s3_bucket_producer_with_no_taskflow', 'dataset_s3_bucket_consumer_with_no_taskflow', 'dataset_alias_example_alias_producer_with_no_taskflow' retrieved from /home/airflow/.local/lib/python3.12/site-packages/airflow/example_dags/example_dataset_alias_with_no_taskflow.py
[2024-10-06T19:16:45.348+0000] {logging_mixin.py:190} INFO - [2024-10-06T19:16:45.348+0000] {dag.py:3229} INFO - Sync 4 DAGs
[2024-10-06T19:16:45.376+0000] {logging_mixin.py:190} INFO - [2024-10-06T19:16:45.376+0000] {dag.py:4156} INFO - Setting next_dagrun for dataset_alias_example_alias_consumer_with_no_taskflow to None, run_after=None
[2024-10-06T19:16:45.377+0000] {logging_mixin.py:190} INFO - [2024-10-06T19:16:45.377+0000] {dag.py:4156} INFO - Setting next_dagrun for dataset_alias_example_alias_producer_with_no_taskflow to None, run_after=None
[2024-10-06T19:16:45.378+0000] {logging_mixin.py:190} INFO - [2024-10-06T19:16:45.378+0000] {dag.py:4156} INFO - Setting next_dagrun for dataset_s3_bucket_consumer_with_no_taskflow to None, run_after=None
[2024-10-06T19:16:45.378+0000] {logging_mixin.py:190} INFO - [2024-10-06T19:16:45.378+0000] {dag.py:4156} INFO - Setting next_dagrun for dataset_s3_bucket_producer_with_no_taskflow to None, run_after=None
[2024-10-06T19:16:45.391+0000] {processor.py:208} INFO - Processing /home/airflow/.local/lib/python3.12/site-packages/airflow/example_dags/example_dataset_alias_with_no_taskflow.py took 0.387 seconds
[2024-10-06T20:01:50.024+0000] {processor.py:186} INFO - Started process (PID=26180) to work on /home/airflow/.local/lib/python3.12/site-packages/airflow/example_dags/example_dataset_alias_with_no_taskflow.py
[2024-10-06T20:01:50.026+0000] {processor.py:914} INFO - Processing file /home/airflow/.local/lib/python3.12/site-packages/airflow/example_dags/example_dataset_alias_with_no_taskflow.py for tasks to queue
[2024-10-06T20:01:50.026+0000] {logging_mixin.py:190} INFO - [2024-10-06T20:01:50.026+0000] {dagbag.py:587} INFO - Filling up the DagBag from /home/airflow/.local/lib/python3.12/site-packages/airflow/example_dags/example_dataset_alias_with_no_taskflow.py
[2024-10-06T20:01:50.120+0000] {processor.py:925} INFO - DAG(s) 'dataset_s3_bucket_producer_with_no_taskflow', 'dataset_alias_example_alias_producer_with_no_taskflow', 'dataset_alias_example_alias_consumer_with_no_taskflow', 'dataset_s3_bucket_consumer_with_no_taskflow' retrieved from /home/airflow/.local/lib/python3.12/site-packages/airflow/example_dags/example_dataset_alias_with_no_taskflow.py
[2024-10-06T20:01:50.130+0000] {logging_mixin.py:190} INFO - [2024-10-06T20:01:50.130+0000] {dag.py:3229} INFO - Sync 4 DAGs
[2024-10-06T20:01:50.143+0000] {logging_mixin.py:190} INFO - [2024-10-06T20:01:50.143+0000] {dag.py:4156} INFO - Setting next_dagrun for dataset_alias_example_alias_consumer_with_no_taskflow to None, run_after=None
[2024-10-06T20:01:50.145+0000] {logging_mixin.py:190} INFO - [2024-10-06T20:01:50.145+0000] {dag.py:4156} INFO - Setting next_dagrun for dataset_alias_example_alias_producer_with_no_taskflow to None, run_after=None
[2024-10-06T20:01:50.146+0000] {logging_mixin.py:190} INFO - [2024-10-06T20:01:50.145+0000] {dag.py:4156} INFO - Setting next_dagrun for dataset_s3_bucket_consumer_with_no_taskflow to None, run_after=None
[2024-10-06T20:01:50.146+0000] {logging_mixin.py:190} INFO - [2024-10-06T20:01:50.146+0000] {dag.py:4156} INFO - Setting next_dagrun for dataset_s3_bucket_producer_with_no_taskflow to None, run_after=None
[2024-10-06T20:01:50.158+0000] {processor.py:208} INFO - Processing /home/airflow/.local/lib/python3.12/site-packages/airflow/example_dags/example_dataset_alias_with_no_taskflow.py took 0.138 seconds
[2024-10-06T20:17:59.216+0000] {processor.py:186} INFO - Started process (PID=26250) to work on /home/airflow/.local/lib/python3.12/site-packages/airflow/example_dags/example_dataset_alias_with_no_taskflow.py
[2024-10-06T20:17:59.222+0000] {processor.py:914} INFO - Processing file /home/airflow/.local/lib/python3.12/site-packages/airflow/example_dags/example_dataset_alias_with_no_taskflow.py for tasks to queue
[2024-10-06T20:17:59.226+0000] {logging_mixin.py:190} INFO - [2024-10-06T20:17:59.226+0000] {dagbag.py:587} INFO - Filling up the DagBag from /home/airflow/.local/lib/python3.12/site-packages/airflow/example_dags/example_dataset_alias_with_no_taskflow.py
[2024-10-06T20:17:59.327+0000] {processor.py:925} INFO - DAG(s) 'dataset_s3_bucket_consumer_with_no_taskflow', 'dataset_s3_bucket_producer_with_no_taskflow', 'dataset_alias_example_alias_producer_with_no_taskflow', 'dataset_alias_example_alias_consumer_with_no_taskflow' retrieved from /home/airflow/.local/lib/python3.12/site-packages/airflow/example_dags/example_dataset_alias_with_no_taskflow.py
[2024-10-06T20:17:59.338+0000] {logging_mixin.py:190} INFO - [2024-10-06T20:17:59.338+0000] {dag.py:3229} INFO - Sync 4 DAGs
[2024-10-06T20:17:59.350+0000] {logging_mixin.py:190} INFO - [2024-10-06T20:17:59.350+0000] {dag.py:4156} INFO - Setting next_dagrun for dataset_alias_example_alias_consumer_with_no_taskflow to None, run_after=None
[2024-10-06T20:17:59.352+0000] {logging_mixin.py:190} INFO - [2024-10-06T20:17:59.352+0000] {dag.py:4156} INFO - Setting next_dagrun for dataset_alias_example_alias_producer_with_no_taskflow to None, run_after=None
[2024-10-06T20:17:59.353+0000] {logging_mixin.py:190} INFO - [2024-10-06T20:17:59.353+0000] {dag.py:4156} INFO - Setting next_dagrun for dataset_s3_bucket_consumer_with_no_taskflow to None, run_after=None
[2024-10-06T20:17:59.354+0000] {logging_mixin.py:190} INFO - [2024-10-06T20:17:59.354+0000] {dag.py:4156} INFO - Setting next_dagrun for dataset_s3_bucket_producer_with_no_taskflow to None, run_after=None
[2024-10-06T20:17:59.370+0000] {processor.py:208} INFO - Processing /home/airflow/.local/lib/python3.12/site-packages/airflow/example_dags/example_dataset_alias_with_no_taskflow.py took 0.158 seconds
[2024-10-06T20:51:49.023+0000] {processor.py:186} INFO - Started process (PID=26319) to work on /home/airflow/.local/lib/python3.12/site-packages/airflow/example_dags/example_dataset_alias_with_no_taskflow.py
[2024-10-06T20:51:49.026+0000] {processor.py:914} INFO - Processing file /home/airflow/.local/lib/python3.12/site-packages/airflow/example_dags/example_dataset_alias_with_no_taskflow.py for tasks to queue
[2024-10-06T20:51:49.026+0000] {logging_mixin.py:190} INFO - [2024-10-06T20:51:49.026+0000] {dagbag.py:587} INFO - Filling up the DagBag from /home/airflow/.local/lib/python3.12/site-packages/airflow/example_dags/example_dataset_alias_with_no_taskflow.py
[2024-10-06T20:51:49.132+0000] {processor.py:925} INFO - DAG(s) 'dataset_s3_bucket_producer_with_no_taskflow', 'dataset_alias_example_alias_producer_with_no_taskflow', 'dataset_s3_bucket_consumer_with_no_taskflow', 'dataset_alias_example_alias_consumer_with_no_taskflow' retrieved from /home/airflow/.local/lib/python3.12/site-packages/airflow/example_dags/example_dataset_alias_with_no_taskflow.py
[2024-10-06T20:51:49.140+0000] {logging_mixin.py:190} INFO - [2024-10-06T20:51:49.140+0000] {dag.py:3229} INFO - Sync 4 DAGs
[2024-10-06T20:51:49.151+0000] {logging_mixin.py:190} INFO - [2024-10-06T20:51:49.151+0000] {dag.py:4156} INFO - Setting next_dagrun for dataset_alias_example_alias_consumer_with_no_taskflow to None, run_after=None
[2024-10-06T20:51:49.152+0000] {logging_mixin.py:190} INFO - [2024-10-06T20:51:49.152+0000] {dag.py:4156} INFO - Setting next_dagrun for dataset_alias_example_alias_producer_with_no_taskflow to None, run_after=None
[2024-10-06T20:51:49.153+0000] {logging_mixin.py:190} INFO - [2024-10-06T20:51:49.153+0000] {dag.py:4156} INFO - Setting next_dagrun for dataset_s3_bucket_consumer_with_no_taskflow to None, run_after=None
[2024-10-06T20:51:49.154+0000] {logging_mixin.py:190} INFO - [2024-10-06T20:51:49.154+0000] {dag.py:4156} INFO - Setting next_dagrun for dataset_s3_bucket_producer_with_no_taskflow to None, run_after=None
[2024-10-06T20:51:49.179+0000] {processor.py:208} INFO - Processing /home/airflow/.local/lib/python3.12/site-packages/airflow/example_dags/example_dataset_alias_with_no_taskflow.py took 0.166 seconds
[2024-10-06T20:52:20.334+0000] {processor.py:186} INFO - Started process (PID=26390) to work on /home/airflow/.local/lib/python3.12/site-packages/airflow/example_dags/example_dataset_alias_with_no_taskflow.py
[2024-10-06T20:52:20.337+0000] {processor.py:914} INFO - Processing file /home/airflow/.local/lib/python3.12/site-packages/airflow/example_dags/example_dataset_alias_with_no_taskflow.py for tasks to queue
[2024-10-06T20:52:20.339+0000] {logging_mixin.py:190} INFO - [2024-10-06T20:52:20.338+0000] {dagbag.py:587} INFO - Filling up the DagBag from /home/airflow/.local/lib/python3.12/site-packages/airflow/example_dags/example_dataset_alias_with_no_taskflow.py
[2024-10-06T20:52:20.492+0000] {processor.py:925} INFO - DAG(s) 'dataset_s3_bucket_consumer_with_no_taskflow', 'dataset_alias_example_alias_producer_with_no_taskflow', 'dataset_s3_bucket_producer_with_no_taskflow', 'dataset_alias_example_alias_consumer_with_no_taskflow' retrieved from /home/airflow/.local/lib/python3.12/site-packages/airflow/example_dags/example_dataset_alias_with_no_taskflow.py
[2024-10-06T20:52:20.517+0000] {logging_mixin.py:190} INFO - [2024-10-06T20:52:20.517+0000] {dag.py:3229} INFO - Sync 4 DAGs
[2024-10-06T20:52:20.533+0000] {logging_mixin.py:190} INFO - [2024-10-06T20:52:20.533+0000] {dag.py:4156} INFO - Setting next_dagrun for dataset_alias_example_alias_consumer_with_no_taskflow to None, run_after=None
[2024-10-06T20:52:20.536+0000] {logging_mixin.py:190} INFO - [2024-10-06T20:52:20.536+0000] {dag.py:4156} INFO - Setting next_dagrun for dataset_alias_example_alias_producer_with_no_taskflow to None, run_after=None
[2024-10-06T20:52:20.538+0000] {logging_mixin.py:190} INFO - [2024-10-06T20:52:20.538+0000] {dag.py:4156} INFO - Setting next_dagrun for dataset_s3_bucket_consumer_with_no_taskflow to None, run_after=None
[2024-10-06T20:52:20.539+0000] {logging_mixin.py:190} INFO - [2024-10-06T20:52:20.539+0000] {dag.py:4156} INFO - Setting next_dagrun for dataset_s3_bucket_producer_with_no_taskflow to None, run_after=None
[2024-10-06T20:52:20.560+0000] {processor.py:208} INFO - Processing /home/airflow/.local/lib/python3.12/site-packages/airflow/example_dags/example_dataset_alias_with_no_taskflow.py took 0.237 seconds
[2024-10-06T21:19:19.916+0000] {processor.py:186} INFO - Started process (PID=26460) to work on /home/airflow/.local/lib/python3.12/site-packages/airflow/example_dags/example_dataset_alias_with_no_taskflow.py
[2024-10-06T21:19:19.924+0000] {processor.py:914} INFO - Processing file /home/airflow/.local/lib/python3.12/site-packages/airflow/example_dags/example_dataset_alias_with_no_taskflow.py for tasks to queue
[2024-10-06T21:19:19.926+0000] {logging_mixin.py:190} INFO - [2024-10-06T21:19:19.926+0000] {dagbag.py:587} INFO - Filling up the DagBag from /home/airflow/.local/lib/python3.12/site-packages/airflow/example_dags/example_dataset_alias_with_no_taskflow.py
[2024-10-06T21:19:20.133+0000] {processor.py:925} INFO - DAG(s) 'dataset_s3_bucket_consumer_with_no_taskflow', 'dataset_alias_example_alias_consumer_with_no_taskflow', 'dataset_s3_bucket_producer_with_no_taskflow', 'dataset_alias_example_alias_producer_with_no_taskflow' retrieved from /home/airflow/.local/lib/python3.12/site-packages/airflow/example_dags/example_dataset_alias_with_no_taskflow.py
[2024-10-06T21:19:20.159+0000] {logging_mixin.py:190} INFO - [2024-10-06T21:19:20.158+0000] {dag.py:3229} INFO - Sync 4 DAGs
[2024-10-06T21:19:20.173+0000] {logging_mixin.py:190} INFO - [2024-10-06T21:19:20.173+0000] {dag.py:4156} INFO - Setting next_dagrun for dataset_alias_example_alias_consumer_with_no_taskflow to None, run_after=None
[2024-10-06T21:19:20.174+0000] {logging_mixin.py:190} INFO - [2024-10-06T21:19:20.174+0000] {dag.py:4156} INFO - Setting next_dagrun for dataset_alias_example_alias_producer_with_no_taskflow to None, run_after=None
[2024-10-06T21:19:20.175+0000] {logging_mixin.py:190} INFO - [2024-10-06T21:19:20.174+0000] {dag.py:4156} INFO - Setting next_dagrun for dataset_s3_bucket_consumer_with_no_taskflow to None, run_after=None
[2024-10-06T21:19:20.175+0000] {logging_mixin.py:190} INFO - [2024-10-06T21:19:20.175+0000] {dag.py:4156} INFO - Setting next_dagrun for dataset_s3_bucket_producer_with_no_taskflow to None, run_after=None
[2024-10-06T21:19:20.189+0000] {processor.py:208} INFO - Processing /home/airflow/.local/lib/python3.12/site-packages/airflow/example_dags/example_dataset_alias_with_no_taskflow.py took 0.290 seconds
[2024-10-06T21:52:07.712+0000] {processor.py:186} INFO - Started process (PID=26530) to work on /home/airflow/.local/lib/python3.12/site-packages/airflow/example_dags/example_dataset_alias_with_no_taskflow.py
[2024-10-06T21:52:07.716+0000] {processor.py:914} INFO - Processing file /home/airflow/.local/lib/python3.12/site-packages/airflow/example_dags/example_dataset_alias_with_no_taskflow.py for tasks to queue
[2024-10-06T21:52:07.717+0000] {logging_mixin.py:190} INFO - [2024-10-06T21:52:07.717+0000] {dagbag.py:587} INFO - Filling up the DagBag from /home/airflow/.local/lib/python3.12/site-packages/airflow/example_dags/example_dataset_alias_with_no_taskflow.py
[2024-10-06T21:52:07.848+0000] {processor.py:925} INFO - DAG(s) 'dataset_s3_bucket_consumer_with_no_taskflow', 'dataset_s3_bucket_producer_with_no_taskflow', 'dataset_alias_example_alias_producer_with_no_taskflow', 'dataset_alias_example_alias_consumer_with_no_taskflow' retrieved from /home/airflow/.local/lib/python3.12/site-packages/airflow/example_dags/example_dataset_alias_with_no_taskflow.py
[2024-10-06T21:52:07.872+0000] {logging_mixin.py:190} INFO - [2024-10-06T21:52:07.871+0000] {dag.py:3229} INFO - Sync 4 DAGs
[2024-10-06T21:52:07.889+0000] {logging_mixin.py:190} INFO - [2024-10-06T21:52:07.888+0000] {dag.py:4156} INFO - Setting next_dagrun for dataset_alias_example_alias_consumer_with_no_taskflow to None, run_after=None
[2024-10-06T21:52:07.891+0000] {logging_mixin.py:190} INFO - [2024-10-06T21:52:07.891+0000] {dag.py:4156} INFO - Setting next_dagrun for dataset_alias_example_alias_producer_with_no_taskflow to None, run_after=None
[2024-10-06T21:52:07.892+0000] {logging_mixin.py:190} INFO - [2024-10-06T21:52:07.892+0000] {dag.py:4156} INFO - Setting next_dagrun for dataset_s3_bucket_consumer_with_no_taskflow to None, run_after=None
[2024-10-06T21:52:07.892+0000] {logging_mixin.py:190} INFO - [2024-10-06T21:52:07.892+0000] {dag.py:4156} INFO - Setting next_dagrun for dataset_s3_bucket_producer_with_no_taskflow to None, run_after=None
[2024-10-06T21:52:07.908+0000] {processor.py:208} INFO - Processing /home/airflow/.local/lib/python3.12/site-packages/airflow/example_dags/example_dataset_alias_with_no_taskflow.py took 0.200 seconds
[2024-10-06T22:53:02.791+0000] {processor.py:186} INFO - Started process (PID=26600) to work on /home/airflow/.local/lib/python3.12/site-packages/airflow/example_dags/example_dataset_alias_with_no_taskflow.py
[2024-10-06T22:53:02.793+0000] {processor.py:914} INFO - Processing file /home/airflow/.local/lib/python3.12/site-packages/airflow/example_dags/example_dataset_alias_with_no_taskflow.py for tasks to queue
[2024-10-06T22:53:02.794+0000] {logging_mixin.py:190} INFO - [2024-10-06T22:53:02.794+0000] {dagbag.py:587} INFO - Filling up the DagBag from /home/airflow/.local/lib/python3.12/site-packages/airflow/example_dags/example_dataset_alias_with_no_taskflow.py
[2024-10-06T22:53:02.885+0000] {processor.py:925} INFO - DAG(s) 'dataset_alias_example_alias_consumer_with_no_taskflow', 'dataset_s3_bucket_producer_with_no_taskflow', 'dataset_s3_bucket_consumer_with_no_taskflow', 'dataset_alias_example_alias_producer_with_no_taskflow' retrieved from /home/airflow/.local/lib/python3.12/site-packages/airflow/example_dags/example_dataset_alias_with_no_taskflow.py
[2024-10-06T22:53:02.898+0000] {logging_mixin.py:190} INFO - [2024-10-06T22:53:02.898+0000] {dag.py:3229} INFO - Sync 4 DAGs
[2024-10-06T22:53:02.913+0000] {logging_mixin.py:190} INFO - [2024-10-06T22:53:02.913+0000] {dag.py:4156} INFO - Setting next_dagrun for dataset_alias_example_alias_consumer_with_no_taskflow to None, run_after=None
[2024-10-06T22:53:02.914+0000] {logging_mixin.py:190} INFO - [2024-10-06T22:53:02.914+0000] {dag.py:4156} INFO - Setting next_dagrun for dataset_alias_example_alias_producer_with_no_taskflow to None, run_after=None
[2024-10-06T22:53:02.914+0000] {logging_mixin.py:190} INFO - [2024-10-06T22:53:02.914+0000] {dag.py:4156} INFO - Setting next_dagrun for dataset_s3_bucket_consumer_with_no_taskflow to None, run_after=None
[2024-10-06T22:53:02.915+0000] {logging_mixin.py:190} INFO - [2024-10-06T22:53:02.915+0000] {dag.py:4156} INFO - Setting next_dagrun for dataset_s3_bucket_producer_with_no_taskflow to None, run_after=None
[2024-10-06T22:53:02.923+0000] {processor.py:208} INFO - Processing /home/airflow/.local/lib/python3.12/site-packages/airflow/example_dags/example_dataset_alias_with_no_taskflow.py took 0.135 seconds
[2024-10-06T23:21:10.680+0000] {processor.py:186} INFO - Started process (PID=26670) to work on /home/airflow/.local/lib/python3.12/site-packages/airflow/example_dags/example_dataset_alias_with_no_taskflow.py
[2024-10-06T23:21:10.684+0000] {processor.py:914} INFO - Processing file /home/airflow/.local/lib/python3.12/site-packages/airflow/example_dags/example_dataset_alias_with_no_taskflow.py for tasks to queue
[2024-10-06T23:21:10.685+0000] {logging_mixin.py:190} INFO - [2024-10-06T23:21:10.685+0000] {dagbag.py:587} INFO - Filling up the DagBag from /home/airflow/.local/lib/python3.12/site-packages/airflow/example_dags/example_dataset_alias_with_no_taskflow.py
[2024-10-06T23:21:10.844+0000] {processor.py:925} INFO - DAG(s) 'dataset_alias_example_alias_producer_with_no_taskflow', 'dataset_alias_example_alias_consumer_with_no_taskflow', 'dataset_s3_bucket_producer_with_no_taskflow', 'dataset_s3_bucket_consumer_with_no_taskflow' retrieved from /home/airflow/.local/lib/python3.12/site-packages/airflow/example_dags/example_dataset_alias_with_no_taskflow.py
[2024-10-06T23:21:10.864+0000] {logging_mixin.py:190} INFO - [2024-10-06T23:21:10.864+0000] {dag.py:3229} INFO - Sync 4 DAGs
[2024-10-06T23:21:10.877+0000] {logging_mixin.py:190} INFO - [2024-10-06T23:21:10.876+0000] {dag.py:4156} INFO - Setting next_dagrun for dataset_alias_example_alias_consumer_with_no_taskflow to None, run_after=None
[2024-10-06T23:21:10.879+0000] {logging_mixin.py:190} INFO - [2024-10-06T23:21:10.879+0000] {dag.py:4156} INFO - Setting next_dagrun for dataset_alias_example_alias_producer_with_no_taskflow to None, run_after=None
[2024-10-06T23:21:10.879+0000] {logging_mixin.py:190} INFO - [2024-10-06T23:21:10.879+0000] {dag.py:4156} INFO - Setting next_dagrun for dataset_s3_bucket_consumer_with_no_taskflow to None, run_after=None
[2024-10-06T23:21:10.880+0000] {logging_mixin.py:190} INFO - [2024-10-06T23:21:10.880+0000] {dag.py:4156} INFO - Setting next_dagrun for dataset_s3_bucket_producer_with_no_taskflow to None, run_after=None
[2024-10-06T23:21:10.895+0000] {processor.py:208} INFO - Processing /home/airflow/.local/lib/python3.12/site-packages/airflow/example_dags/example_dataset_alias_with_no_taskflow.py took 0.220 seconds
[2024-10-06T23:39:12.058+0000] {processor.py:186} INFO - Started process (PID=26740) to work on /home/airflow/.local/lib/python3.12/site-packages/airflow/example_dags/example_dataset_alias_with_no_taskflow.py
[2024-10-06T23:39:12.060+0000] {processor.py:914} INFO - Processing file /home/airflow/.local/lib/python3.12/site-packages/airflow/example_dags/example_dataset_alias_with_no_taskflow.py for tasks to queue
[2024-10-06T23:39:12.060+0000] {logging_mixin.py:190} INFO - [2024-10-06T23:39:12.060+0000] {dagbag.py:587} INFO - Filling up the DagBag from /home/airflow/.local/lib/python3.12/site-packages/airflow/example_dags/example_dataset_alias_with_no_taskflow.py
[2024-10-06T23:39:12.250+0000] {processor.py:925} INFO - DAG(s) 'dataset_alias_example_alias_consumer_with_no_taskflow', 'dataset_alias_example_alias_producer_with_no_taskflow', 'dataset_s3_bucket_producer_with_no_taskflow', 'dataset_s3_bucket_consumer_with_no_taskflow' retrieved from /home/airflow/.local/lib/python3.12/site-packages/airflow/example_dags/example_dataset_alias_with_no_taskflow.py
[2024-10-06T23:39:12.270+0000] {logging_mixin.py:190} INFO - [2024-10-06T23:39:12.270+0000] {dag.py:3229} INFO - Sync 4 DAGs
[2024-10-06T23:39:12.324+0000] {logging_mixin.py:190} INFO - [2024-10-06T23:39:12.324+0000] {dag.py:4156} INFO - Setting next_dagrun for dataset_alias_example_alias_consumer_with_no_taskflow to None, run_after=None
[2024-10-06T23:39:12.328+0000] {logging_mixin.py:190} INFO - [2024-10-06T23:39:12.328+0000] {dag.py:4156} INFO - Setting next_dagrun for dataset_alias_example_alias_producer_with_no_taskflow to None, run_after=None
[2024-10-06T23:39:12.331+0000] {logging_mixin.py:190} INFO - [2024-10-06T23:39:12.331+0000] {dag.py:4156} INFO - Setting next_dagrun for dataset_s3_bucket_consumer_with_no_taskflow to None, run_after=None
[2024-10-06T23:39:12.332+0000] {logging_mixin.py:190} INFO - [2024-10-06T23:39:12.332+0000] {dag.py:4156} INFO - Setting next_dagrun for dataset_s3_bucket_producer_with_no_taskflow to None, run_after=None
[2024-10-06T23:39:12.352+0000] {processor.py:208} INFO - Processing /home/airflow/.local/lib/python3.12/site-packages/airflow/example_dags/example_dataset_alias_with_no_taskflow.py took 0.297 seconds
