[2024-10-06T00:50:48.924+0000] {processor.py:186} INFO - Started process (PID=24128) to work on /home/airflow/.local/lib/python3.12/site-packages/airflow/example_dags/example_workday_timetable.py
[2024-10-06T00:50:48.925+0000] {processor.py:914} INFO - Processing file /home/airflow/.local/lib/python3.12/site-packages/airflow/example_dags/example_workday_timetable.py for tasks to queue
[2024-10-06T00:50:48.927+0000] {logging_mixin.py:190} INFO - [2024-10-06T00:50:48.926+0000] {dagbag.py:587} INFO - Filling up the DagBag from /home/airflow/.local/lib/python3.12/site-packages/airflow/example_dags/example_workday_timetable.py
[2024-10-06T00:50:48.930+0000] {processor.py:925} INFO - DAG(s) 'example_workday_timetable' retrieved from /home/airflow/.local/lib/python3.12/site-packages/airflow/example_dags/example_workday_timetable.py
[2024-10-06T00:50:48.943+0000] {logging_mixin.py:190} INFO - [2024-10-06T00:50:48.942+0000] {dag.py:3229} INFO - Sync 1 DAGs
[2024-10-06T00:50:49.007+0000] {logging_mixin.py:190} INFO - [2024-10-06T00:50:49.007+0000] {dag.py:4156} INFO - Setting next_dagrun for example_workday_timetable to 2021-01-04 00:00:00+00:00, run_after=2021-01-05 00:00:00+00:00
[2024-10-06T00:50:49.023+0000] {processor.py:208} INFO - Processing /home/airflow/.local/lib/python3.12/site-packages/airflow/example_dags/example_workday_timetable.py took 0.102 seconds
[2024-10-06T00:51:19.302+0000] {processor.py:186} INFO - Started process (PID=24198) to work on /home/airflow/.local/lib/python3.12/site-packages/airflow/example_dags/example_workday_timetable.py
[2024-10-06T00:51:19.304+0000] {processor.py:914} INFO - Processing file /home/airflow/.local/lib/python3.12/site-packages/airflow/example_dags/example_workday_timetable.py for tasks to queue
[2024-10-06T00:51:19.308+0000] {logging_mixin.py:190} INFO - [2024-10-06T00:51:19.307+0000] {dagbag.py:587} INFO - Filling up the DagBag from /home/airflow/.local/lib/python3.12/site-packages/airflow/example_dags/example_workday_timetable.py
[2024-10-06T00:51:19.322+0000] {processor.py:925} INFO - DAG(s) 'example_workday_timetable' retrieved from /home/airflow/.local/lib/python3.12/site-packages/airflow/example_dags/example_workday_timetable.py
[2024-10-06T00:51:19.342+0000] {logging_mixin.py:190} INFO - [2024-10-06T00:51:19.342+0000] {dag.py:3229} INFO - Sync 1 DAGs
[2024-10-06T00:51:19.391+0000] {logging_mixin.py:190} INFO - [2024-10-06T00:51:19.391+0000] {dag.py:4156} INFO - Setting next_dagrun for example_workday_timetable to 2021-01-04 00:00:00+00:00, run_after=2021-01-05 00:00:00+00:00
[2024-10-06T00:51:19.408+0000] {processor.py:208} INFO - Processing /home/airflow/.local/lib/python3.12/site-packages/airflow/example_dags/example_workday_timetable.py took 0.112 seconds
[2024-10-06T01:51:43.393+0000] {processor.py:186} INFO - Started process (PID=24267) to work on /home/airflow/.local/lib/python3.12/site-packages/airflow/example_dags/example_workday_timetable.py
[2024-10-06T01:51:43.394+0000] {processor.py:914} INFO - Processing file /home/airflow/.local/lib/python3.12/site-packages/airflow/example_dags/example_workday_timetable.py for tasks to queue
[2024-10-06T01:51:43.395+0000] {logging_mixin.py:190} INFO - [2024-10-06T01:51:43.395+0000] {dagbag.py:587} INFO - Filling up the DagBag from /home/airflow/.local/lib/python3.12/site-packages/airflow/example_dags/example_workday_timetable.py
[2024-10-06T01:51:43.398+0000] {processor.py:925} INFO - DAG(s) 'example_workday_timetable' retrieved from /home/airflow/.local/lib/python3.12/site-packages/airflow/example_dags/example_workday_timetable.py
[2024-10-06T01:51:43.410+0000] {logging_mixin.py:190} INFO - [2024-10-06T01:51:43.410+0000] {dag.py:3229} INFO - Sync 1 DAGs
[2024-10-06T01:51:43.467+0000] {logging_mixin.py:190} INFO - [2024-10-06T01:51:43.467+0000] {dag.py:4156} INFO - Setting next_dagrun for example_workday_timetable to 2021-01-04 00:00:00+00:00, run_after=2021-01-05 00:00:00+00:00
[2024-10-06T01:51:43.493+0000] {processor.py:208} INFO - Processing /home/airflow/.local/lib/python3.12/site-packages/airflow/example_dags/example_workday_timetable.py took 0.103 seconds
[2024-10-06T02:42:33.330+0000] {processor.py:186} INFO - Started process (PID=24336) to work on /home/airflow/.local/lib/python3.12/site-packages/airflow/example_dags/example_workday_timetable.py
[2024-10-06T02:42:33.333+0000] {processor.py:914} INFO - Processing file /home/airflow/.local/lib/python3.12/site-packages/airflow/example_dags/example_workday_timetable.py for tasks to queue
[2024-10-06T02:42:33.335+0000] {logging_mixin.py:190} INFO - [2024-10-06T02:42:33.335+0000] {dagbag.py:587} INFO - Filling up the DagBag from /home/airflow/.local/lib/python3.12/site-packages/airflow/example_dags/example_workday_timetable.py
[2024-10-06T02:42:33.343+0000] {processor.py:925} INFO - DAG(s) 'example_workday_timetable' retrieved from /home/airflow/.local/lib/python3.12/site-packages/airflow/example_dags/example_workday_timetable.py
[2024-10-06T02:42:33.358+0000] {logging_mixin.py:190} INFO - [2024-10-06T02:42:33.358+0000] {dag.py:3229} INFO - Sync 1 DAGs
[2024-10-06T02:42:33.395+0000] {logging_mixin.py:190} INFO - [2024-10-06T02:42:33.394+0000] {dag.py:4156} INFO - Setting next_dagrun for example_workday_timetable to 2021-01-04 00:00:00+00:00, run_after=2021-01-05 00:00:00+00:00
[2024-10-06T02:42:33.402+0000] {processor.py:208} INFO - Processing /home/airflow/.local/lib/python3.12/site-packages/airflow/example_dags/example_workday_timetable.py took 0.075 seconds
[2024-10-06T03:10:38.118+0000] {processor.py:186} INFO - Started process (PID=24406) to work on /home/airflow/.local/lib/python3.12/site-packages/airflow/example_dags/example_workday_timetable.py
[2024-10-06T03:10:38.119+0000] {processor.py:914} INFO - Processing file /home/airflow/.local/lib/python3.12/site-packages/airflow/example_dags/example_workday_timetable.py for tasks to queue
[2024-10-06T03:10:38.120+0000] {logging_mixin.py:190} INFO - [2024-10-06T03:10:38.120+0000] {dagbag.py:587} INFO - Filling up the DagBag from /home/airflow/.local/lib/python3.12/site-packages/airflow/example_dags/example_workday_timetable.py
[2024-10-06T03:10:38.124+0000] {processor.py:925} INFO - DAG(s) 'example_workday_timetable' retrieved from /home/airflow/.local/lib/python3.12/site-packages/airflow/example_dags/example_workday_timetable.py
[2024-10-06T03:10:38.136+0000] {logging_mixin.py:190} INFO - [2024-10-06T03:10:38.136+0000] {dag.py:3229} INFO - Sync 1 DAGs
[2024-10-06T03:10:38.177+0000] {logging_mixin.py:190} INFO - [2024-10-06T03:10:38.177+0000] {dag.py:4156} INFO - Setting next_dagrun for example_workday_timetable to 2021-01-04 00:00:00+00:00, run_after=2021-01-05 00:00:00+00:00
[2024-10-06T03:10:38.188+0000] {processor.py:208} INFO - Processing /home/airflow/.local/lib/python3.12/site-packages/airflow/example_dags/example_workday_timetable.py took 0.075 seconds
[2024-10-06T03:53:55.385+0000] {processor.py:186} INFO - Started process (PID=24476) to work on /home/airflow/.local/lib/python3.12/site-packages/airflow/example_dags/example_workday_timetable.py
[2024-10-06T03:53:55.389+0000] {processor.py:914} INFO - Processing file /home/airflow/.local/lib/python3.12/site-packages/airflow/example_dags/example_workday_timetable.py for tasks to queue
[2024-10-06T03:53:55.392+0000] {logging_mixin.py:190} INFO - [2024-10-06T03:53:55.391+0000] {dagbag.py:587} INFO - Filling up the DagBag from /home/airflow/.local/lib/python3.12/site-packages/airflow/example_dags/example_workday_timetable.py
[2024-10-06T03:53:55.397+0000] {processor.py:925} INFO - DAG(s) 'example_workday_timetable' retrieved from /home/airflow/.local/lib/python3.12/site-packages/airflow/example_dags/example_workday_timetable.py
[2024-10-06T03:53:55.414+0000] {logging_mixin.py:190} INFO - [2024-10-06T03:53:55.414+0000] {dag.py:3229} INFO - Sync 1 DAGs
[2024-10-06T03:53:55.477+0000] {logging_mixin.py:190} INFO - [2024-10-06T03:53:55.477+0000] {dag.py:4156} INFO - Setting next_dagrun for example_workday_timetable to 2021-01-04 00:00:00+00:00, run_after=2021-01-05 00:00:00+00:00
[2024-10-06T03:53:55.511+0000] {processor.py:208} INFO - Processing /home/airflow/.local/lib/python3.12/site-packages/airflow/example_dags/example_workday_timetable.py took 0.142 seconds
[2024-10-06T04:44:18.179+0000] {processor.py:186} INFO - Started process (PID=24546) to work on /home/airflow/.local/lib/python3.12/site-packages/airflow/example_dags/example_workday_timetable.py
[2024-10-06T04:44:18.180+0000] {processor.py:914} INFO - Processing file /home/airflow/.local/lib/python3.12/site-packages/airflow/example_dags/example_workday_timetable.py for tasks to queue
[2024-10-06T04:44:18.182+0000] {logging_mixin.py:190} INFO - [2024-10-06T04:44:18.182+0000] {dagbag.py:587} INFO - Filling up the DagBag from /home/airflow/.local/lib/python3.12/site-packages/airflow/example_dags/example_workday_timetable.py
[2024-10-06T04:44:18.187+0000] {processor.py:925} INFO - DAG(s) 'example_workday_timetable' retrieved from /home/airflow/.local/lib/python3.12/site-packages/airflow/example_dags/example_workday_timetable.py
[2024-10-06T04:44:18.209+0000] {logging_mixin.py:190} INFO - [2024-10-06T04:44:18.209+0000] {dag.py:3229} INFO - Sync 1 DAGs
[2024-10-06T04:44:18.273+0000] {logging_mixin.py:190} INFO - [2024-10-06T04:44:18.273+0000] {dag.py:4156} INFO - Setting next_dagrun for example_workday_timetable to 2021-01-04 00:00:00+00:00, run_after=2021-01-05 00:00:00+00:00
[2024-10-06T04:44:18.287+0000] {processor.py:208} INFO - Processing /home/airflow/.local/lib/python3.12/site-packages/airflow/example_dags/example_workday_timetable.py took 0.116 seconds
[2024-10-06T05:45:11.847+0000] {processor.py:186} INFO - Started process (PID=24616) to work on /home/airflow/.local/lib/python3.12/site-packages/airflow/example_dags/example_workday_timetable.py
[2024-10-06T05:45:11.848+0000] {processor.py:914} INFO - Processing file /home/airflow/.local/lib/python3.12/site-packages/airflow/example_dags/example_workday_timetable.py for tasks to queue
[2024-10-06T05:45:11.849+0000] {logging_mixin.py:190} INFO - [2024-10-06T05:45:11.848+0000] {dagbag.py:587} INFO - Filling up the DagBag from /home/airflow/.local/lib/python3.12/site-packages/airflow/example_dags/example_workday_timetable.py
[2024-10-06T05:45:11.852+0000] {processor.py:925} INFO - DAG(s) 'example_workday_timetable' retrieved from /home/airflow/.local/lib/python3.12/site-packages/airflow/example_dags/example_workday_timetable.py
[2024-10-06T05:45:11.861+0000] {logging_mixin.py:190} INFO - [2024-10-06T05:45:11.860+0000] {dag.py:3229} INFO - Sync 1 DAGs
[2024-10-06T05:45:11.893+0000] {logging_mixin.py:190} INFO - [2024-10-06T05:45:11.893+0000] {dag.py:4156} INFO - Setting next_dagrun for example_workday_timetable to 2021-01-04 00:00:00+00:00, run_after=2021-01-05 00:00:00+00:00
[2024-10-06T05:45:11.905+0000] {processor.py:208} INFO - Processing /home/airflow/.local/lib/python3.12/site-packages/airflow/example_dags/example_workday_timetable.py took 0.062 seconds
[2024-10-06T06:27:12.493+0000] {processor.py:186} INFO - Started process (PID=24686) to work on /home/airflow/.local/lib/python3.12/site-packages/airflow/example_dags/example_workday_timetable.py
[2024-10-06T06:27:12.497+0000] {processor.py:914} INFO - Processing file /home/airflow/.local/lib/python3.12/site-packages/airflow/example_dags/example_workday_timetable.py for tasks to queue
[2024-10-06T06:27:12.498+0000] {logging_mixin.py:190} INFO - [2024-10-06T06:27:12.498+0000] {dagbag.py:587} INFO - Filling up the DagBag from /home/airflow/.local/lib/python3.12/site-packages/airflow/example_dags/example_workday_timetable.py
[2024-10-06T06:27:12.500+0000] {processor.py:925} INFO - DAG(s) 'example_workday_timetable' retrieved from /home/airflow/.local/lib/python3.12/site-packages/airflow/example_dags/example_workday_timetable.py
[2024-10-06T06:27:12.513+0000] {logging_mixin.py:190} INFO - [2024-10-06T06:27:12.513+0000] {dag.py:3229} INFO - Sync 1 DAGs
[2024-10-06T06:27:12.575+0000] {logging_mixin.py:190} INFO - [2024-10-06T06:27:12.575+0000] {dag.py:4156} INFO - Setting next_dagrun for example_workday_timetable to 2021-01-04 00:00:00+00:00, run_after=2021-01-05 00:00:00+00:00
[2024-10-06T06:27:12.586+0000] {processor.py:208} INFO - Processing /home/airflow/.local/lib/python3.12/site-packages/airflow/example_dags/example_workday_timetable.py took 0.096 seconds
[2024-10-06T06:56:42.218+0000] {processor.py:186} INFO - Started process (PID=24756) to work on /home/airflow/.local/lib/python3.12/site-packages/airflow/example_dags/example_workday_timetable.py
[2024-10-06T06:56:42.219+0000] {processor.py:914} INFO - Processing file /home/airflow/.local/lib/python3.12/site-packages/airflow/example_dags/example_workday_timetable.py for tasks to queue
[2024-10-06T06:56:42.219+0000] {logging_mixin.py:190} INFO - [2024-10-06T06:56:42.219+0000] {dagbag.py:587} INFO - Filling up the DagBag from /home/airflow/.local/lib/python3.12/site-packages/airflow/example_dags/example_workday_timetable.py
[2024-10-06T06:56:42.224+0000] {processor.py:925} INFO - DAG(s) 'example_workday_timetable' retrieved from /home/airflow/.local/lib/python3.12/site-packages/airflow/example_dags/example_workday_timetable.py
[2024-10-06T06:56:42.240+0000] {logging_mixin.py:190} INFO - [2024-10-06T06:56:42.240+0000] {dag.py:3229} INFO - Sync 1 DAGs
[2024-10-06T06:56:42.324+0000] {logging_mixin.py:190} INFO - [2024-10-06T06:56:42.323+0000] {dag.py:4156} INFO - Setting next_dagrun for example_workday_timetable to 2021-01-04 00:00:00+00:00, run_after=2021-01-05 00:00:00+00:00
[2024-10-06T06:56:42.375+0000] {processor.py:208} INFO - Processing /home/airflow/.local/lib/python3.12/site-packages/airflow/example_dags/example_workday_timetable.py took 0.162 seconds
[2024-10-06T07:29:05.597+0000] {processor.py:186} INFO - Started process (PID=24826) to work on /home/airflow/.local/lib/python3.12/site-packages/airflow/example_dags/example_workday_timetable.py
[2024-10-06T07:29:05.603+0000] {processor.py:914} INFO - Processing file /home/airflow/.local/lib/python3.12/site-packages/airflow/example_dags/example_workday_timetable.py for tasks to queue
[2024-10-06T07:29:05.608+0000] {logging_mixin.py:190} INFO - [2024-10-06T07:29:05.607+0000] {dagbag.py:587} INFO - Filling up the DagBag from /home/airflow/.local/lib/python3.12/site-packages/airflow/example_dags/example_workday_timetable.py
[2024-10-06T07:29:05.618+0000] {processor.py:925} INFO - DAG(s) 'example_workday_timetable' retrieved from /home/airflow/.local/lib/python3.12/site-packages/airflow/example_dags/example_workday_timetable.py
[2024-10-06T07:29:05.635+0000] {logging_mixin.py:190} INFO - [2024-10-06T07:29:05.634+0000] {dag.py:3229} INFO - Sync 1 DAGs
[2024-10-06T07:29:05.705+0000] {logging_mixin.py:190} INFO - [2024-10-06T07:29:05.705+0000] {dag.py:4156} INFO - Setting next_dagrun for example_workday_timetable to 2021-01-04 00:00:00+00:00, run_after=2021-01-05 00:00:00+00:00
[2024-10-06T07:29:05.719+0000] {processor.py:208} INFO - Processing /home/airflow/.local/lib/python3.12/site-packages/airflow/example_dags/example_workday_timetable.py took 0.126 seconds
[2024-10-06T07:57:58.925+0000] {processor.py:186} INFO - Started process (PID=24896) to work on /home/airflow/.local/lib/python3.12/site-packages/airflow/example_dags/example_workday_timetable.py
[2024-10-06T07:57:58.926+0000] {processor.py:914} INFO - Processing file /home/airflow/.local/lib/python3.12/site-packages/airflow/example_dags/example_workday_timetable.py for tasks to queue
[2024-10-06T07:57:58.927+0000] {logging_mixin.py:190} INFO - [2024-10-06T07:57:58.926+0000] {dagbag.py:587} INFO - Filling up the DagBag from /home/airflow/.local/lib/python3.12/site-packages/airflow/example_dags/example_workday_timetable.py
[2024-10-06T07:57:58.930+0000] {processor.py:925} INFO - DAG(s) 'example_workday_timetable' retrieved from /home/airflow/.local/lib/python3.12/site-packages/airflow/example_dags/example_workday_timetable.py
[2024-10-06T07:57:58.940+0000] {logging_mixin.py:190} INFO - [2024-10-06T07:57:58.940+0000] {dag.py:3229} INFO - Sync 1 DAGs
[2024-10-06T07:57:58.982+0000] {logging_mixin.py:190} INFO - [2024-10-06T07:57:58.982+0000] {dag.py:4156} INFO - Setting next_dagrun for example_workday_timetable to 2021-01-04 00:00:00+00:00, run_after=2021-01-05 00:00:00+00:00
[2024-10-06T07:57:58.993+0000] {processor.py:208} INFO - Processing /home/airflow/.local/lib/python3.12/site-packages/airflow/example_dags/example_workday_timetable.py took 0.071 seconds
[2024-10-06T08:03:00.784+0000] {processor.py:186} INFO - Started process (PID=24966) to work on /home/airflow/.local/lib/python3.12/site-packages/airflow/example_dags/example_workday_timetable.py
[2024-10-06T08:03:00.785+0000] {processor.py:914} INFO - Processing file /home/airflow/.local/lib/python3.12/site-packages/airflow/example_dags/example_workday_timetable.py for tasks to queue
[2024-10-06T08:03:00.786+0000] {logging_mixin.py:190} INFO - [2024-10-06T08:03:00.785+0000] {dagbag.py:587} INFO - Filling up the DagBag from /home/airflow/.local/lib/python3.12/site-packages/airflow/example_dags/example_workday_timetable.py
[2024-10-06T08:03:00.789+0000] {processor.py:925} INFO - DAG(s) 'example_workday_timetable' retrieved from /home/airflow/.local/lib/python3.12/site-packages/airflow/example_dags/example_workday_timetable.py
[2024-10-06T08:03:00.800+0000] {logging_mixin.py:190} INFO - [2024-10-06T08:03:00.800+0000] {dag.py:3229} INFO - Sync 1 DAGs
[2024-10-06T08:03:00.844+0000] {logging_mixin.py:190} INFO - [2024-10-06T08:03:00.844+0000] {dag.py:4156} INFO - Setting next_dagrun for example_workday_timetable to 2021-01-04 00:00:00+00:00, run_after=2021-01-05 00:00:00+00:00
[2024-10-06T08:03:00.854+0000] {processor.py:208} INFO - Processing /home/airflow/.local/lib/python3.12/site-packages/airflow/example_dags/example_workday_timetable.py took 0.073 seconds
[2024-10-06T08:03:32.297+0000] {processor.py:186} INFO - Started process (PID=25036) to work on /home/airflow/.local/lib/python3.12/site-packages/airflow/example_dags/example_workday_timetable.py
[2024-10-06T08:03:32.297+0000] {processor.py:914} INFO - Processing file /home/airflow/.local/lib/python3.12/site-packages/airflow/example_dags/example_workday_timetable.py for tasks to queue
[2024-10-06T08:03:32.298+0000] {logging_mixin.py:190} INFO - [2024-10-06T08:03:32.298+0000] {dagbag.py:587} INFO - Filling up the DagBag from /home/airflow/.local/lib/python3.12/site-packages/airflow/example_dags/example_workday_timetable.py
[2024-10-06T08:03:32.301+0000] {processor.py:925} INFO - DAG(s) 'example_workday_timetable' retrieved from /home/airflow/.local/lib/python3.12/site-packages/airflow/example_dags/example_workday_timetable.py
[2024-10-06T08:03:32.311+0000] {logging_mixin.py:190} INFO - [2024-10-06T08:03:32.311+0000] {dag.py:3229} INFO - Sync 1 DAGs
[2024-10-06T08:03:32.359+0000] {logging_mixin.py:190} INFO - [2024-10-06T08:03:32.359+0000] {dag.py:4156} INFO - Setting next_dagrun for example_workday_timetable to 2021-01-04 00:00:00+00:00, run_after=2021-01-05 00:00:00+00:00
[2024-10-06T08:03:32.375+0000] {processor.py:208} INFO - Processing /home/airflow/.local/lib/python3.12/site-packages/airflow/example_dags/example_workday_timetable.py took 0.082 seconds
[2024-10-06T09:43:50.118+0000] {processor.py:186} INFO - Started process (PID=25106) to work on /home/airflow/.local/lib/python3.12/site-packages/airflow/example_dags/example_workday_timetable.py
[2024-10-06T09:43:50.119+0000] {processor.py:914} INFO - Processing file /home/airflow/.local/lib/python3.12/site-packages/airflow/example_dags/example_workday_timetable.py for tasks to queue
[2024-10-06T09:43:50.120+0000] {logging_mixin.py:190} INFO - [2024-10-06T09:43:50.120+0000] {dagbag.py:587} INFO - Filling up the DagBag from /home/airflow/.local/lib/python3.12/site-packages/airflow/example_dags/example_workday_timetable.py
[2024-10-06T09:43:50.123+0000] {processor.py:925} INFO - DAG(s) 'example_workday_timetable' retrieved from /home/airflow/.local/lib/python3.12/site-packages/airflow/example_dags/example_workday_timetable.py
[2024-10-06T09:43:50.140+0000] {logging_mixin.py:190} INFO - [2024-10-06T09:43:50.139+0000] {dag.py:3229} INFO - Sync 1 DAGs
[2024-10-06T09:43:50.179+0000] {logging_mixin.py:190} INFO - [2024-10-06T09:43:50.179+0000] {dag.py:4156} INFO - Setting next_dagrun for example_workday_timetable to 2021-01-04 00:00:00+00:00, run_after=2021-01-05 00:00:00+00:00
[2024-10-06T09:43:50.197+0000] {processor.py:208} INFO - Processing /home/airflow/.local/lib/python3.12/site-packages/airflow/example_dags/example_workday_timetable.py took 0.082 seconds
[2024-10-06T10:16:45.286+0000] {processor.py:186} INFO - Started process (PID=25175) to work on /home/airflow/.local/lib/python3.12/site-packages/airflow/example_dags/example_workday_timetable.py
[2024-10-06T10:16:45.288+0000] {processor.py:914} INFO - Processing file /home/airflow/.local/lib/python3.12/site-packages/airflow/example_dags/example_workday_timetable.py for tasks to queue
[2024-10-06T10:16:45.288+0000] {logging_mixin.py:190} INFO - [2024-10-06T10:16:45.288+0000] {dagbag.py:587} INFO - Filling up the DagBag from /home/airflow/.local/lib/python3.12/site-packages/airflow/example_dags/example_workday_timetable.py
[2024-10-06T10:16:45.292+0000] {processor.py:925} INFO - DAG(s) 'example_workday_timetable' retrieved from /home/airflow/.local/lib/python3.12/site-packages/airflow/example_dags/example_workday_timetable.py
[2024-10-06T10:16:45.309+0000] {logging_mixin.py:190} INFO - [2024-10-06T10:16:45.309+0000] {dag.py:3229} INFO - Sync 1 DAGs
[2024-10-06T10:16:45.361+0000] {logging_mixin.py:190} INFO - [2024-10-06T10:16:45.361+0000] {dag.py:4156} INFO - Setting next_dagrun for example_workday_timetable to 2021-01-04 00:00:00+00:00, run_after=2021-01-05 00:00:00+00:00
[2024-10-06T10:16:45.376+0000] {processor.py:208} INFO - Processing /home/airflow/.local/lib/python3.12/site-packages/airflow/example_dags/example_workday_timetable.py took 0.094 seconds
[2024-10-06T11:20:57.955+0000] {processor.py:186} INFO - Started process (PID=25245) to work on /home/airflow/.local/lib/python3.12/site-packages/airflow/example_dags/example_workday_timetable.py
[2024-10-06T11:20:57.956+0000] {processor.py:914} INFO - Processing file /home/airflow/.local/lib/python3.12/site-packages/airflow/example_dags/example_workday_timetable.py for tasks to queue
[2024-10-06T11:20:57.957+0000] {logging_mixin.py:190} INFO - [2024-10-06T11:20:57.956+0000] {dagbag.py:587} INFO - Filling up the DagBag from /home/airflow/.local/lib/python3.12/site-packages/airflow/example_dags/example_workday_timetable.py
[2024-10-06T11:20:57.961+0000] {processor.py:925} INFO - DAG(s) 'example_workday_timetable' retrieved from /home/airflow/.local/lib/python3.12/site-packages/airflow/example_dags/example_workday_timetable.py
[2024-10-06T11:20:57.974+0000] {logging_mixin.py:190} INFO - [2024-10-06T11:20:57.974+0000] {dag.py:3229} INFO - Sync 1 DAGs
[2024-10-06T11:20:58.047+0000] {logging_mixin.py:190} INFO - [2024-10-06T11:20:58.047+0000] {dag.py:4156} INFO - Setting next_dagrun for example_workday_timetable to 2021-01-04 00:00:00+00:00, run_after=2021-01-05 00:00:00+00:00
[2024-10-06T11:20:58.059+0000] {processor.py:208} INFO - Processing /home/airflow/.local/lib/python3.12/site-packages/airflow/example_dags/example_workday_timetable.py took 0.110 seconds
[2024-10-06T13:00:05.800+0000] {processor.py:186} INFO - Started process (PID=25315) to work on /home/airflow/.local/lib/python3.12/site-packages/airflow/example_dags/example_workday_timetable.py
[2024-10-06T13:00:05.802+0000] {processor.py:914} INFO - Processing file /home/airflow/.local/lib/python3.12/site-packages/airflow/example_dags/example_workday_timetable.py for tasks to queue
[2024-10-06T13:00:05.803+0000] {logging_mixin.py:190} INFO - [2024-10-06T13:00:05.803+0000] {dagbag.py:587} INFO - Filling up the DagBag from /home/airflow/.local/lib/python3.12/site-packages/airflow/example_dags/example_workday_timetable.py
[2024-10-06T13:00:05.805+0000] {processor.py:925} INFO - DAG(s) 'example_workday_timetable' retrieved from /home/airflow/.local/lib/python3.12/site-packages/airflow/example_dags/example_workday_timetable.py
[2024-10-06T13:00:05.815+0000] {logging_mixin.py:190} INFO - [2024-10-06T13:00:05.814+0000] {dag.py:3229} INFO - Sync 1 DAGs
[2024-10-06T13:00:05.863+0000] {logging_mixin.py:190} INFO - [2024-10-06T13:00:05.862+0000] {dag.py:4156} INFO - Setting next_dagrun for example_workday_timetable to 2021-01-04 00:00:00+00:00, run_after=2021-01-05 00:00:00+00:00
[2024-10-06T13:00:05.874+0000] {processor.py:208} INFO - Processing /home/airflow/.local/lib/python3.12/site-packages/airflow/example_dags/example_workday_timetable.py took 0.076 seconds
[2024-10-06T13:48:17.390+0000] {processor.py:186} INFO - Started process (PID=25385) to work on /home/airflow/.local/lib/python3.12/site-packages/airflow/example_dags/example_workday_timetable.py
[2024-10-06T13:48:17.392+0000] {processor.py:914} INFO - Processing file /home/airflow/.local/lib/python3.12/site-packages/airflow/example_dags/example_workday_timetable.py for tasks to queue
[2024-10-06T13:48:17.392+0000] {logging_mixin.py:190} INFO - [2024-10-06T13:48:17.392+0000] {dagbag.py:587} INFO - Filling up the DagBag from /home/airflow/.local/lib/python3.12/site-packages/airflow/example_dags/example_workday_timetable.py
[2024-10-06T13:48:17.396+0000] {processor.py:925} INFO - DAG(s) 'example_workday_timetable' retrieved from /home/airflow/.local/lib/python3.12/site-packages/airflow/example_dags/example_workday_timetable.py
[2024-10-06T13:48:17.408+0000] {logging_mixin.py:190} INFO - [2024-10-06T13:48:17.408+0000] {dag.py:3229} INFO - Sync 1 DAGs
[2024-10-06T13:48:17.446+0000] {logging_mixin.py:190} INFO - [2024-10-06T13:48:17.446+0000] {dag.py:4156} INFO - Setting next_dagrun for example_workday_timetable to 2021-01-04 00:00:00+00:00, run_after=2021-01-05 00:00:00+00:00
[2024-10-06T13:48:17.457+0000] {processor.py:208} INFO - Processing /home/airflow/.local/lib/python3.12/site-packages/airflow/example_dags/example_workday_timetable.py took 0.071 seconds
[2024-10-06T13:55:53.078+0000] {processor.py:186} INFO - Started process (PID=25455) to work on /home/airflow/.local/lib/python3.12/site-packages/airflow/example_dags/example_workday_timetable.py
[2024-10-06T13:55:53.079+0000] {processor.py:914} INFO - Processing file /home/airflow/.local/lib/python3.12/site-packages/airflow/example_dags/example_workday_timetable.py for tasks to queue
[2024-10-06T13:55:53.083+0000] {logging_mixin.py:190} INFO - [2024-10-06T13:55:53.083+0000] {dagbag.py:587} INFO - Filling up the DagBag from /home/airflow/.local/lib/python3.12/site-packages/airflow/example_dags/example_workday_timetable.py
[2024-10-06T13:55:53.087+0000] {processor.py:925} INFO - DAG(s) 'example_workday_timetable' retrieved from /home/airflow/.local/lib/python3.12/site-packages/airflow/example_dags/example_workday_timetable.py
[2024-10-06T13:55:53.100+0000] {logging_mixin.py:190} INFO - [2024-10-06T13:55:53.100+0000] {dag.py:3229} INFO - Sync 1 DAGs
[2024-10-06T13:55:53.150+0000] {logging_mixin.py:190} INFO - [2024-10-06T13:55:53.150+0000] {dag.py:4156} INFO - Setting next_dagrun for example_workday_timetable to 2021-01-04 00:00:00+00:00, run_after=2021-01-05 00:00:00+00:00
[2024-10-06T13:55:53.162+0000] {processor.py:208} INFO - Processing /home/airflow/.local/lib/python3.12/site-packages/airflow/example_dags/example_workday_timetable.py took 0.088 seconds
[2024-10-06T14:56:53.091+0000] {processor.py:186} INFO - Started process (PID=25525) to work on /home/airflow/.local/lib/python3.12/site-packages/airflow/example_dags/example_workday_timetable.py
[2024-10-06T14:56:53.097+0000] {processor.py:914} INFO - Processing file /home/airflow/.local/lib/python3.12/site-packages/airflow/example_dags/example_workday_timetable.py for tasks to queue
[2024-10-06T14:56:53.099+0000] {logging_mixin.py:190} INFO - [2024-10-06T14:56:53.098+0000] {dagbag.py:587} INFO - Filling up the DagBag from /home/airflow/.local/lib/python3.12/site-packages/airflow/example_dags/example_workday_timetable.py
[2024-10-06T14:56:53.107+0000] {processor.py:925} INFO - DAG(s) 'example_workday_timetable' retrieved from /home/airflow/.local/lib/python3.12/site-packages/airflow/example_dags/example_workday_timetable.py
[2024-10-06T14:56:53.136+0000] {logging_mixin.py:190} INFO - [2024-10-06T14:56:53.135+0000] {dag.py:3229} INFO - Sync 1 DAGs
[2024-10-06T14:56:53.235+0000] {logging_mixin.py:190} INFO - [2024-10-06T14:56:53.235+0000] {dag.py:4156} INFO - Setting next_dagrun for example_workday_timetable to 2021-01-04 00:00:00+00:00, run_after=2021-01-05 00:00:00+00:00
[2024-10-06T14:56:53.261+0000] {processor.py:208} INFO - Processing /home/airflow/.local/lib/python3.12/site-packages/airflow/example_dags/example_workday_timetable.py took 0.199 seconds
[2024-10-06T15:41:30.816+0000] {processor.py:186} INFO - Started process (PID=25595) to work on /home/airflow/.local/lib/python3.12/site-packages/airflow/example_dags/example_workday_timetable.py
[2024-10-06T15:41:30.818+0000] {processor.py:914} INFO - Processing file /home/airflow/.local/lib/python3.12/site-packages/airflow/example_dags/example_workday_timetable.py for tasks to queue
[2024-10-06T15:41:30.819+0000] {logging_mixin.py:190} INFO - [2024-10-06T15:41:30.819+0000] {dagbag.py:587} INFO - Filling up the DagBag from /home/airflow/.local/lib/python3.12/site-packages/airflow/example_dags/example_workday_timetable.py
[2024-10-06T15:41:30.822+0000] {processor.py:925} INFO - DAG(s) 'example_workday_timetable' retrieved from /home/airflow/.local/lib/python3.12/site-packages/airflow/example_dags/example_workday_timetable.py
[2024-10-06T15:41:30.835+0000] {logging_mixin.py:190} INFO - [2024-10-06T15:41:30.834+0000] {dag.py:3229} INFO - Sync 1 DAGs
[2024-10-06T15:41:30.884+0000] {logging_mixin.py:190} INFO - [2024-10-06T15:41:30.883+0000] {dag.py:4156} INFO - Setting next_dagrun for example_workday_timetable to 2021-01-04 00:00:00+00:00, run_after=2021-01-05 00:00:00+00:00
[2024-10-06T15:41:30.939+0000] {processor.py:208} INFO - Processing /home/airflow/.local/lib/python3.12/site-packages/airflow/example_dags/example_workday_timetable.py took 0.127 seconds
[2024-10-06T16:15:56.636+0000] {processor.py:186} INFO - Started process (PID=25665) to work on /home/airflow/.local/lib/python3.12/site-packages/airflow/example_dags/example_workday_timetable.py
[2024-10-06T16:15:56.636+0000] {processor.py:914} INFO - Processing file /home/airflow/.local/lib/python3.12/site-packages/airflow/example_dags/example_workday_timetable.py for tasks to queue
[2024-10-06T16:15:56.637+0000] {logging_mixin.py:190} INFO - [2024-10-06T16:15:56.637+0000] {dagbag.py:587} INFO - Filling up the DagBag from /home/airflow/.local/lib/python3.12/site-packages/airflow/example_dags/example_workday_timetable.py
[2024-10-06T16:15:56.641+0000] {processor.py:925} INFO - DAG(s) 'example_workday_timetable' retrieved from /home/airflow/.local/lib/python3.12/site-packages/airflow/example_dags/example_workday_timetable.py
[2024-10-06T16:15:56.656+0000] {logging_mixin.py:190} INFO - [2024-10-06T16:15:56.656+0000] {dag.py:3229} INFO - Sync 1 DAGs
[2024-10-06T16:15:56.688+0000] {logging_mixin.py:190} INFO - [2024-10-06T16:15:56.688+0000] {dag.py:4156} INFO - Setting next_dagrun for example_workday_timetable to 2021-01-04 00:00:00+00:00, run_after=2021-01-05 00:00:00+00:00
[2024-10-06T16:15:56.696+0000] {processor.py:208} INFO - Processing /home/airflow/.local/lib/python3.12/site-packages/airflow/example_dags/example_workday_timetable.py took 0.063 seconds
[2024-10-06T16:58:37.624+0000] {processor.py:186} INFO - Started process (PID=25735) to work on /home/airflow/.local/lib/python3.12/site-packages/airflow/example_dags/example_workday_timetable.py
[2024-10-06T16:58:37.626+0000] {processor.py:914} INFO - Processing file /home/airflow/.local/lib/python3.12/site-packages/airflow/example_dags/example_workday_timetable.py for tasks to queue
[2024-10-06T16:58:37.627+0000] {logging_mixin.py:190} INFO - [2024-10-06T16:58:37.627+0000] {dagbag.py:587} INFO - Filling up the DagBag from /home/airflow/.local/lib/python3.12/site-packages/airflow/example_dags/example_workday_timetable.py
[2024-10-06T16:58:37.630+0000] {processor.py:925} INFO - DAG(s) 'example_workday_timetable' retrieved from /home/airflow/.local/lib/python3.12/site-packages/airflow/example_dags/example_workday_timetable.py
[2024-10-06T16:58:37.645+0000] {logging_mixin.py:190} INFO - [2024-10-06T16:58:37.645+0000] {dag.py:3229} INFO - Sync 1 DAGs
[2024-10-06T16:58:37.705+0000] {logging_mixin.py:190} INFO - [2024-10-06T16:58:37.705+0000] {dag.py:4156} INFO - Setting next_dagrun for example_workday_timetable to 2021-01-04 00:00:00+00:00, run_after=2021-01-05 00:00:00+00:00
[2024-10-06T16:58:37.726+0000] {processor.py:208} INFO - Processing /home/airflow/.local/lib/python3.12/site-packages/airflow/example_dags/example_workday_timetable.py took 0.107 seconds
[2024-10-06T16:59:08.959+0000] {processor.py:186} INFO - Started process (PID=25805) to work on /home/airflow/.local/lib/python3.12/site-packages/airflow/example_dags/example_workday_timetable.py
[2024-10-06T16:59:08.960+0000] {processor.py:914} INFO - Processing file /home/airflow/.local/lib/python3.12/site-packages/airflow/example_dags/example_workday_timetable.py for tasks to queue
[2024-10-06T16:59:08.961+0000] {logging_mixin.py:190} INFO - [2024-10-06T16:59:08.961+0000] {dagbag.py:587} INFO - Filling up the DagBag from /home/airflow/.local/lib/python3.12/site-packages/airflow/example_dags/example_workday_timetable.py
[2024-10-06T16:59:08.965+0000] {processor.py:925} INFO - DAG(s) 'example_workday_timetable' retrieved from /home/airflow/.local/lib/python3.12/site-packages/airflow/example_dags/example_workday_timetable.py
[2024-10-06T16:59:08.977+0000] {logging_mixin.py:190} INFO - [2024-10-06T16:59:08.976+0000] {dag.py:3229} INFO - Sync 1 DAGs
[2024-10-06T16:59:09.020+0000] {logging_mixin.py:190} INFO - [2024-10-06T16:59:09.020+0000] {dag.py:4156} INFO - Setting next_dagrun for example_workday_timetable to 2021-01-04 00:00:00+00:00, run_after=2021-01-05 00:00:00+00:00
[2024-10-06T16:59:09.031+0000] {processor.py:208} INFO - Processing /home/airflow/.local/lib/python3.12/site-packages/airflow/example_dags/example_workday_timetable.py took 0.079 seconds
[2024-10-06T17:59:33.729+0000] {processor.py:186} INFO - Started process (PID=25874) to work on /home/airflow/.local/lib/python3.12/site-packages/airflow/example_dags/example_workday_timetable.py
[2024-10-06T17:59:33.731+0000] {processor.py:914} INFO - Processing file /home/airflow/.local/lib/python3.12/site-packages/airflow/example_dags/example_workday_timetable.py for tasks to queue
[2024-10-06T17:59:33.732+0000] {logging_mixin.py:190} INFO - [2024-10-06T17:59:33.732+0000] {dagbag.py:587} INFO - Filling up the DagBag from /home/airflow/.local/lib/python3.12/site-packages/airflow/example_dags/example_workday_timetable.py
[2024-10-06T17:59:33.736+0000] {processor.py:925} INFO - DAG(s) 'example_workday_timetable' retrieved from /home/airflow/.local/lib/python3.12/site-packages/airflow/example_dags/example_workday_timetable.py
[2024-10-06T17:59:33.756+0000] {logging_mixin.py:190} INFO - [2024-10-06T17:59:33.755+0000] {dag.py:3229} INFO - Sync 1 DAGs
[2024-10-06T17:59:33.803+0000] {logging_mixin.py:190} INFO - [2024-10-06T17:59:33.803+0000] {dag.py:4156} INFO - Setting next_dagrun for example_workday_timetable to 2021-01-04 00:00:00+00:00, run_after=2021-01-05 00:00:00+00:00
[2024-10-06T17:59:33.818+0000] {processor.py:208} INFO - Processing /home/airflow/.local/lib/python3.12/site-packages/airflow/example_dags/example_workday_timetable.py took 0.100 seconds
[2024-10-06T18:17:02.759+0000] {processor.py:186} INFO - Started process (PID=25944) to work on /home/airflow/.local/lib/python3.12/site-packages/airflow/example_dags/example_workday_timetable.py
[2024-10-06T18:17:02.760+0000] {processor.py:914} INFO - Processing file /home/airflow/.local/lib/python3.12/site-packages/airflow/example_dags/example_workday_timetable.py for tasks to queue
[2024-10-06T18:17:02.761+0000] {logging_mixin.py:190} INFO - [2024-10-06T18:17:02.761+0000] {dagbag.py:587} INFO - Filling up the DagBag from /home/airflow/.local/lib/python3.12/site-packages/airflow/example_dags/example_workday_timetable.py
[2024-10-06T18:17:02.764+0000] {processor.py:925} INFO - DAG(s) 'example_workday_timetable' retrieved from /home/airflow/.local/lib/python3.12/site-packages/airflow/example_dags/example_workday_timetable.py
[2024-10-06T18:17:02.776+0000] {logging_mixin.py:190} INFO - [2024-10-06T18:17:02.776+0000] {dag.py:3229} INFO - Sync 1 DAGs
[2024-10-06T18:17:02.821+0000] {logging_mixin.py:190} INFO - [2024-10-06T18:17:02.821+0000] {dag.py:4156} INFO - Setting next_dagrun for example_workday_timetable to 2021-01-04 00:00:00+00:00, run_after=2021-01-05 00:00:00+00:00
[2024-10-06T18:17:02.834+0000] {processor.py:208} INFO - Processing /home/airflow/.local/lib/python3.12/site-packages/airflow/example_dags/example_workday_timetable.py took 0.078 seconds
[2024-10-06T18:49:50.918+0000] {processor.py:186} INFO - Started process (PID=26014) to work on /home/airflow/.local/lib/python3.12/site-packages/airflow/example_dags/example_workday_timetable.py
[2024-10-06T18:49:50.919+0000] {processor.py:914} INFO - Processing file /home/airflow/.local/lib/python3.12/site-packages/airflow/example_dags/example_workday_timetable.py for tasks to queue
[2024-10-06T18:49:50.919+0000] {logging_mixin.py:190} INFO - [2024-10-06T18:49:50.919+0000] {dagbag.py:587} INFO - Filling up the DagBag from /home/airflow/.local/lib/python3.12/site-packages/airflow/example_dags/example_workday_timetable.py
[2024-10-06T18:49:50.922+0000] {processor.py:925} INFO - DAG(s) 'example_workday_timetable' retrieved from /home/airflow/.local/lib/python3.12/site-packages/airflow/example_dags/example_workday_timetable.py
[2024-10-06T18:49:50.931+0000] {logging_mixin.py:190} INFO - [2024-10-06T18:49:50.931+0000] {dag.py:3229} INFO - Sync 1 DAGs
[2024-10-06T18:49:50.977+0000] {logging_mixin.py:190} INFO - [2024-10-06T18:49:50.977+0000] {dag.py:4156} INFO - Setting next_dagrun for example_workday_timetable to 2021-01-04 00:00:00+00:00, run_after=2021-01-05 00:00:00+00:00
[2024-10-06T18:49:50.986+0000] {processor.py:208} INFO - Processing /home/airflow/.local/lib/python3.12/site-packages/airflow/example_dags/example_workday_timetable.py took 0.071 seconds
[2024-10-06T19:00:34.584+0000] {processor.py:186} INFO - Started process (PID=26084) to work on /home/airflow/.local/lib/python3.12/site-packages/airflow/example_dags/example_workday_timetable.py
[2024-10-06T19:00:34.585+0000] {processor.py:914} INFO - Processing file /home/airflow/.local/lib/python3.12/site-packages/airflow/example_dags/example_workday_timetable.py for tasks to queue
[2024-10-06T19:00:34.586+0000] {logging_mixin.py:190} INFO - [2024-10-06T19:00:34.586+0000] {dagbag.py:587} INFO - Filling up the DagBag from /home/airflow/.local/lib/python3.12/site-packages/airflow/example_dags/example_workday_timetable.py
[2024-10-06T19:00:34.588+0000] {processor.py:925} INFO - DAG(s) 'example_workday_timetable' retrieved from /home/airflow/.local/lib/python3.12/site-packages/airflow/example_dags/example_workday_timetable.py
[2024-10-06T19:00:34.597+0000] {logging_mixin.py:190} INFO - [2024-10-06T19:00:34.597+0000] {dag.py:3229} INFO - Sync 1 DAGs
[2024-10-06T19:00:34.627+0000] {logging_mixin.py:190} INFO - [2024-10-06T19:00:34.626+0000] {dag.py:4156} INFO - Setting next_dagrun for example_workday_timetable to 2021-01-04 00:00:00+00:00, run_after=2021-01-05 00:00:00+00:00
[2024-10-06T19:00:34.633+0000] {processor.py:208} INFO - Processing /home/airflow/.local/lib/python3.12/site-packages/airflow/example_dags/example_workday_timetable.py took 0.052 seconds
[2024-10-06T19:16:47.504+0000] {processor.py:186} INFO - Started process (PID=26154) to work on /home/airflow/.local/lib/python3.12/site-packages/airflow/example_dags/example_workday_timetable.py
[2024-10-06T19:16:47.505+0000] {processor.py:914} INFO - Processing file /home/airflow/.local/lib/python3.12/site-packages/airflow/example_dags/example_workday_timetable.py for tasks to queue
[2024-10-06T19:16:47.505+0000] {logging_mixin.py:190} INFO - [2024-10-06T19:16:47.505+0000] {dagbag.py:587} INFO - Filling up the DagBag from /home/airflow/.local/lib/python3.12/site-packages/airflow/example_dags/example_workday_timetable.py
[2024-10-06T19:16:47.508+0000] {processor.py:925} INFO - DAG(s) 'example_workday_timetable' retrieved from /home/airflow/.local/lib/python3.12/site-packages/airflow/example_dags/example_workday_timetable.py
[2024-10-06T19:16:47.518+0000] {logging_mixin.py:190} INFO - [2024-10-06T19:16:47.518+0000] {dag.py:3229} INFO - Sync 1 DAGs
[2024-10-06T19:16:47.557+0000] {logging_mixin.py:190} INFO - [2024-10-06T19:16:47.557+0000] {dag.py:4156} INFO - Setting next_dagrun for example_workday_timetable to 2021-01-04 00:00:00+00:00, run_after=2021-01-05 00:00:00+00:00
[2024-10-06T19:16:47.566+0000] {processor.py:208} INFO - Processing /home/airflow/.local/lib/python3.12/site-packages/airflow/example_dags/example_workday_timetable.py took 0.065 seconds
[2024-10-06T20:01:51.726+0000] {processor.py:186} INFO - Started process (PID=26224) to work on /home/airflow/.local/lib/python3.12/site-packages/airflow/example_dags/example_workday_timetable.py
[2024-10-06T20:01:51.727+0000] {processor.py:914} INFO - Processing file /home/airflow/.local/lib/python3.12/site-packages/airflow/example_dags/example_workday_timetable.py for tasks to queue
[2024-10-06T20:01:51.728+0000] {logging_mixin.py:190} INFO - [2024-10-06T20:01:51.728+0000] {dagbag.py:587} INFO - Filling up the DagBag from /home/airflow/.local/lib/python3.12/site-packages/airflow/example_dags/example_workday_timetable.py
[2024-10-06T20:01:51.731+0000] {processor.py:925} INFO - DAG(s) 'example_workday_timetable' retrieved from /home/airflow/.local/lib/python3.12/site-packages/airflow/example_dags/example_workday_timetable.py
[2024-10-06T20:01:51.740+0000] {logging_mixin.py:190} INFO - [2024-10-06T20:01:51.740+0000] {dag.py:3229} INFO - Sync 1 DAGs
[2024-10-06T20:01:51.789+0000] {logging_mixin.py:190} INFO - [2024-10-06T20:01:51.789+0000] {dag.py:4156} INFO - Setting next_dagrun for example_workday_timetable to 2021-01-04 00:00:00+00:00, run_after=2021-01-05 00:00:00+00:00
[2024-10-06T20:01:51.809+0000] {processor.py:208} INFO - Processing /home/airflow/.local/lib/python3.12/site-packages/airflow/example_dags/example_workday_timetable.py took 0.087 seconds
[2024-10-06T20:18:01.177+0000] {processor.py:186} INFO - Started process (PID=26294) to work on /home/airflow/.local/lib/python3.12/site-packages/airflow/example_dags/example_workday_timetable.py
[2024-10-06T20:18:01.180+0000] {processor.py:914} INFO - Processing file /home/airflow/.local/lib/python3.12/site-packages/airflow/example_dags/example_workday_timetable.py for tasks to queue
[2024-10-06T20:18:01.182+0000] {logging_mixin.py:190} INFO - [2024-10-06T20:18:01.181+0000] {dagbag.py:587} INFO - Filling up the DagBag from /home/airflow/.local/lib/python3.12/site-packages/airflow/example_dags/example_workday_timetable.py
[2024-10-06T20:18:01.186+0000] {processor.py:925} INFO - DAG(s) 'example_workday_timetable' retrieved from /home/airflow/.local/lib/python3.12/site-packages/airflow/example_dags/example_workday_timetable.py
[2024-10-06T20:18:01.199+0000] {logging_mixin.py:190} INFO - [2024-10-06T20:18:01.199+0000] {dag.py:3229} INFO - Sync 1 DAGs
[2024-10-06T20:18:01.235+0000] {logging_mixin.py:190} INFO - [2024-10-06T20:18:01.235+0000] {dag.py:4156} INFO - Setting next_dagrun for example_workday_timetable to 2021-01-04 00:00:00+00:00, run_after=2021-01-05 00:00:00+00:00
[2024-10-06T20:18:01.253+0000] {processor.py:208} INFO - Processing /home/airflow/.local/lib/python3.12/site-packages/airflow/example_dags/example_workday_timetable.py took 0.081 seconds
[2024-10-06T20:51:50.975+0000] {processor.py:186} INFO - Started process (PID=26363) to work on /home/airflow/.local/lib/python3.12/site-packages/airflow/example_dags/example_workday_timetable.py
[2024-10-06T20:51:50.976+0000] {processor.py:914} INFO - Processing file /home/airflow/.local/lib/python3.12/site-packages/airflow/example_dags/example_workday_timetable.py for tasks to queue
[2024-10-06T20:51:50.977+0000] {logging_mixin.py:190} INFO - [2024-10-06T20:51:50.977+0000] {dagbag.py:587} INFO - Filling up the DagBag from /home/airflow/.local/lib/python3.12/site-packages/airflow/example_dags/example_workday_timetable.py
[2024-10-06T20:51:50.980+0000] {processor.py:925} INFO - DAG(s) 'example_workday_timetable' retrieved from /home/airflow/.local/lib/python3.12/site-packages/airflow/example_dags/example_workday_timetable.py
[2024-10-06T20:51:50.991+0000] {logging_mixin.py:190} INFO - [2024-10-06T20:51:50.991+0000] {dag.py:3229} INFO - Sync 1 DAGs
[2024-10-06T20:51:51.043+0000] {logging_mixin.py:190} INFO - [2024-10-06T20:51:51.043+0000] {dag.py:4156} INFO - Setting next_dagrun for example_workday_timetable to 2021-01-04 00:00:00+00:00, run_after=2021-01-05 00:00:00+00:00
[2024-10-06T20:51:51.062+0000] {processor.py:208} INFO - Processing /home/airflow/.local/lib/python3.12/site-packages/airflow/example_dags/example_workday_timetable.py took 0.090 seconds
[2024-10-06T20:52:23.418+0000] {processor.py:186} INFO - Started process (PID=26434) to work on /home/airflow/.local/lib/python3.12/site-packages/airflow/example_dags/example_workday_timetable.py
[2024-10-06T20:52:23.419+0000] {processor.py:914} INFO - Processing file /home/airflow/.local/lib/python3.12/site-packages/airflow/example_dags/example_workday_timetable.py for tasks to queue
[2024-10-06T20:52:23.419+0000] {logging_mixin.py:190} INFO - [2024-10-06T20:52:23.419+0000] {dagbag.py:587} INFO - Filling up the DagBag from /home/airflow/.local/lib/python3.12/site-packages/airflow/example_dags/example_workday_timetable.py
[2024-10-06T20:52:23.422+0000] {processor.py:925} INFO - DAG(s) 'example_workday_timetable' retrieved from /home/airflow/.local/lib/python3.12/site-packages/airflow/example_dags/example_workday_timetable.py
[2024-10-06T20:52:23.432+0000] {logging_mixin.py:190} INFO - [2024-10-06T20:52:23.432+0000] {dag.py:3229} INFO - Sync 1 DAGs
[2024-10-06T20:52:23.496+0000] {logging_mixin.py:190} INFO - [2024-10-06T20:52:23.496+0000] {dag.py:4156} INFO - Setting next_dagrun for example_workday_timetable to 2021-01-04 00:00:00+00:00, run_after=2021-01-05 00:00:00+00:00
[2024-10-06T20:52:23.511+0000] {processor.py:208} INFO - Processing /home/airflow/.local/lib/python3.12/site-packages/airflow/example_dags/example_workday_timetable.py took 0.097 seconds
[2024-10-06T21:19:22.277+0000] {processor.py:186} INFO - Started process (PID=26504) to work on /home/airflow/.local/lib/python3.12/site-packages/airflow/example_dags/example_workday_timetable.py
[2024-10-06T21:19:22.278+0000] {processor.py:914} INFO - Processing file /home/airflow/.local/lib/python3.12/site-packages/airflow/example_dags/example_workday_timetable.py for tasks to queue
[2024-10-06T21:19:22.279+0000] {logging_mixin.py:190} INFO - [2024-10-06T21:19:22.279+0000] {dagbag.py:587} INFO - Filling up the DagBag from /home/airflow/.local/lib/python3.12/site-packages/airflow/example_dags/example_workday_timetable.py
[2024-10-06T21:19:22.283+0000] {processor.py:925} INFO - DAG(s) 'example_workday_timetable' retrieved from /home/airflow/.local/lib/python3.12/site-packages/airflow/example_dags/example_workday_timetable.py
[2024-10-06T21:19:22.296+0000] {logging_mixin.py:190} INFO - [2024-10-06T21:19:22.296+0000] {dag.py:3229} INFO - Sync 1 DAGs
[2024-10-06T21:19:22.353+0000] {logging_mixin.py:190} INFO - [2024-10-06T21:19:22.353+0000] {dag.py:4156} INFO - Setting next_dagrun for example_workday_timetable to 2021-01-04 00:00:00+00:00, run_after=2021-01-05 00:00:00+00:00
[2024-10-06T21:19:22.369+0000] {processor.py:208} INFO - Processing /home/airflow/.local/lib/python3.12/site-packages/airflow/example_dags/example_workday_timetable.py took 0.095 seconds
[2024-10-06T21:52:09.725+0000] {processor.py:186} INFO - Started process (PID=26574) to work on /home/airflow/.local/lib/python3.12/site-packages/airflow/example_dags/example_workday_timetable.py
[2024-10-06T21:52:09.725+0000] {processor.py:914} INFO - Processing file /home/airflow/.local/lib/python3.12/site-packages/airflow/example_dags/example_workday_timetable.py for tasks to queue
[2024-10-06T21:52:09.726+0000] {logging_mixin.py:190} INFO - [2024-10-06T21:52:09.726+0000] {dagbag.py:587} INFO - Filling up the DagBag from /home/airflow/.local/lib/python3.12/site-packages/airflow/example_dags/example_workday_timetable.py
[2024-10-06T21:52:09.729+0000] {processor.py:925} INFO - DAG(s) 'example_workday_timetable' retrieved from /home/airflow/.local/lib/python3.12/site-packages/airflow/example_dags/example_workday_timetable.py
[2024-10-06T21:52:09.737+0000] {logging_mixin.py:190} INFO - [2024-10-06T21:52:09.737+0000] {dag.py:3229} INFO - Sync 1 DAGs
[2024-10-06T21:52:09.775+0000] {logging_mixin.py:190} INFO - [2024-10-06T21:52:09.775+0000] {dag.py:4156} INFO - Setting next_dagrun for example_workday_timetable to 2021-01-04 00:00:00+00:00, run_after=2021-01-05 00:00:00+00:00
[2024-10-06T21:52:09.785+0000] {processor.py:208} INFO - Processing /home/airflow/.local/lib/python3.12/site-packages/airflow/example_dags/example_workday_timetable.py took 0.063 seconds
[2024-10-06T22:53:04.798+0000] {processor.py:186} INFO - Started process (PID=26644) to work on /home/airflow/.local/lib/python3.12/site-packages/airflow/example_dags/example_workday_timetable.py
[2024-10-06T22:53:04.800+0000] {processor.py:914} INFO - Processing file /home/airflow/.local/lib/python3.12/site-packages/airflow/example_dags/example_workday_timetable.py for tasks to queue
[2024-10-06T22:53:04.801+0000] {logging_mixin.py:190} INFO - [2024-10-06T22:53:04.800+0000] {dagbag.py:587} INFO - Filling up the DagBag from /home/airflow/.local/lib/python3.12/site-packages/airflow/example_dags/example_workday_timetable.py
[2024-10-06T22:53:04.807+0000] {processor.py:925} INFO - DAG(s) 'example_workday_timetable' retrieved from /home/airflow/.local/lib/python3.12/site-packages/airflow/example_dags/example_workday_timetable.py
[2024-10-06T22:53:04.833+0000] {logging_mixin.py:190} INFO - [2024-10-06T22:53:04.833+0000] {dag.py:3229} INFO - Sync 1 DAGs
[2024-10-06T22:53:04.892+0000] {logging_mixin.py:190} INFO - [2024-10-06T22:53:04.892+0000] {dag.py:4156} INFO - Setting next_dagrun for example_workday_timetable to 2021-01-04 00:00:00+00:00, run_after=2021-01-05 00:00:00+00:00
[2024-10-06T22:53:04.903+0000] {processor.py:208} INFO - Processing /home/airflow/.local/lib/python3.12/site-packages/airflow/example_dags/example_workday_timetable.py took 0.112 seconds
[2024-10-06T23:21:13.247+0000] {processor.py:186} INFO - Started process (PID=26714) to work on /home/airflow/.local/lib/python3.12/site-packages/airflow/example_dags/example_workday_timetable.py
[2024-10-06T23:21:13.251+0000] {processor.py:914} INFO - Processing file /home/airflow/.local/lib/python3.12/site-packages/airflow/example_dags/example_workday_timetable.py for tasks to queue
[2024-10-06T23:21:13.252+0000] {logging_mixin.py:190} INFO - [2024-10-06T23:21:13.252+0000] {dagbag.py:587} INFO - Filling up the DagBag from /home/airflow/.local/lib/python3.12/site-packages/airflow/example_dags/example_workday_timetable.py
[2024-10-06T23:21:13.255+0000] {processor.py:925} INFO - DAG(s) 'example_workday_timetable' retrieved from /home/airflow/.local/lib/python3.12/site-packages/airflow/example_dags/example_workday_timetable.py
[2024-10-06T23:21:13.273+0000] {logging_mixin.py:190} INFO - [2024-10-06T23:21:13.273+0000] {dag.py:3229} INFO - Sync 1 DAGs
[2024-10-06T23:21:13.328+0000] {logging_mixin.py:190} INFO - [2024-10-06T23:21:13.328+0000] {dag.py:4156} INFO - Setting next_dagrun for example_workday_timetable to 2021-01-04 00:00:00+00:00, run_after=2021-01-05 00:00:00+00:00
[2024-10-06T23:21:13.338+0000] {processor.py:208} INFO - Processing /home/airflow/.local/lib/python3.12/site-packages/airflow/example_dags/example_workday_timetable.py took 0.097 seconds
[2024-10-06T23:39:14.661+0000] {processor.py:186} INFO - Started process (PID=26784) to work on /home/airflow/.local/lib/python3.12/site-packages/airflow/example_dags/example_workday_timetable.py
[2024-10-06T23:39:14.663+0000] {processor.py:914} INFO - Processing file /home/airflow/.local/lib/python3.12/site-packages/airflow/example_dags/example_workday_timetable.py for tasks to queue
[2024-10-06T23:39:14.664+0000] {logging_mixin.py:190} INFO - [2024-10-06T23:39:14.664+0000] {dagbag.py:587} INFO - Filling up the DagBag from /home/airflow/.local/lib/python3.12/site-packages/airflow/example_dags/example_workday_timetable.py
[2024-10-06T23:39:14.667+0000] {processor.py:925} INFO - DAG(s) 'example_workday_timetable' retrieved from /home/airflow/.local/lib/python3.12/site-packages/airflow/example_dags/example_workday_timetable.py
[2024-10-06T23:39:14.683+0000] {logging_mixin.py:190} INFO - [2024-10-06T23:39:14.682+0000] {dag.py:3229} INFO - Sync 1 DAGs
[2024-10-06T23:39:14.729+0000] {logging_mixin.py:190} INFO - [2024-10-06T23:39:14.729+0000] {dag.py:4156} INFO - Setting next_dagrun for example_workday_timetable to 2021-01-04 00:00:00+00:00, run_after=2021-01-05 00:00:00+00:00
[2024-10-06T23:39:14.740+0000] {processor.py:208} INFO - Processing /home/airflow/.local/lib/python3.12/site-packages/airflow/example_dags/example_workday_timetable.py took 0.083 seconds
