[2024-10-06T00:50:46.800+0000] {processor.py:186} INFO - Started process (PID=24085) to work on /home/airflow/.local/lib/python3.12/site-packages/airflow/example_dags/example_branch_operator.py
[2024-10-06T00:50:46.800+0000] {processor.py:914} INFO - Processing file /home/airflow/.local/lib/python3.12/site-packages/airflow/example_dags/example_branch_operator.py for tasks to queue
[2024-10-06T00:50:46.801+0000] {logging_mixin.py:190} INFO - [2024-10-06T00:50:46.801+0000] {dagbag.py:587} INFO - Filling up the DagBag from /home/airflow/.local/lib/python3.12/site-packages/airflow/example_dags/example_branch_operator.py
[2024-10-06T00:50:46.811+0000] {processor.py:925} INFO - DAG(s) 'example_branch_operator' retrieved from /home/airflow/.local/lib/python3.12/site-packages/airflow/example_dags/example_branch_operator.py
[2024-10-06T00:50:46.832+0000] {logging_mixin.py:190} INFO - [2024-10-06T00:50:46.832+0000] {dag.py:3229} INFO - Sync 1 DAGs
[2024-10-06T00:50:46.845+0000] {logging_mixin.py:190} INFO - [2024-10-06T00:50:46.845+0000] {dag.py:4156} INFO - Setting next_dagrun for example_branch_operator to 2024-10-05 00:00:00+00:00, run_after=2024-10-06 00:00:00+00:00
[2024-10-06T00:50:46.855+0000] {processor.py:208} INFO - Processing /home/airflow/.local/lib/python3.12/site-packages/airflow/example_dags/example_branch_operator.py took 0.059 seconds
[2024-10-06T00:51:17.484+0000] {processor.py:186} INFO - Started process (PID=24155) to work on /home/airflow/.local/lib/python3.12/site-packages/airflow/example_dags/example_branch_operator.py
[2024-10-06T00:51:17.485+0000] {processor.py:914} INFO - Processing file /home/airflow/.local/lib/python3.12/site-packages/airflow/example_dags/example_branch_operator.py for tasks to queue
[2024-10-06T00:51:17.487+0000] {logging_mixin.py:190} INFO - [2024-10-06T00:51:17.487+0000] {dagbag.py:587} INFO - Filling up the DagBag from /home/airflow/.local/lib/python3.12/site-packages/airflow/example_dags/example_branch_operator.py
[2024-10-06T00:51:17.495+0000] {processor.py:925} INFO - DAG(s) 'example_branch_operator' retrieved from /home/airflow/.local/lib/python3.12/site-packages/airflow/example_dags/example_branch_operator.py
[2024-10-06T00:51:17.513+0000] {logging_mixin.py:190} INFO - [2024-10-06T00:51:17.513+0000] {dag.py:3229} INFO - Sync 1 DAGs
[2024-10-06T00:51:17.530+0000] {logging_mixin.py:190} INFO - [2024-10-06T00:51:17.530+0000] {dag.py:4156} INFO - Setting next_dagrun for example_branch_operator to 2024-10-05 00:00:00+00:00, run_after=2024-10-06 00:00:00+00:00
[2024-10-06T00:51:17.550+0000] {processor.py:208} INFO - Processing /home/airflow/.local/lib/python3.12/site-packages/airflow/example_dags/example_branch_operator.py took 0.069 seconds
[2024-10-06T01:51:41.664+0000] {processor.py:186} INFO - Started process (PID=24224) to work on /home/airflow/.local/lib/python3.12/site-packages/airflow/example_dags/example_branch_operator.py
[2024-10-06T01:51:41.665+0000] {processor.py:914} INFO - Processing file /home/airflow/.local/lib/python3.12/site-packages/airflow/example_dags/example_branch_operator.py for tasks to queue
[2024-10-06T01:51:41.666+0000] {logging_mixin.py:190} INFO - [2024-10-06T01:51:41.666+0000] {dagbag.py:587} INFO - Filling up the DagBag from /home/airflow/.local/lib/python3.12/site-packages/airflow/example_dags/example_branch_operator.py
[2024-10-06T01:51:41.675+0000] {processor.py:925} INFO - DAG(s) 'example_branch_operator' retrieved from /home/airflow/.local/lib/python3.12/site-packages/airflow/example_dags/example_branch_operator.py
[2024-10-06T01:51:41.690+0000] {logging_mixin.py:190} INFO - [2024-10-06T01:51:41.689+0000] {dag.py:3229} INFO - Sync 1 DAGs
[2024-10-06T01:51:41.709+0000] {logging_mixin.py:190} INFO - [2024-10-06T01:51:41.708+0000] {dag.py:4156} INFO - Setting next_dagrun for example_branch_operator to 2024-10-05 00:00:00+00:00, run_after=2024-10-06 00:00:00+00:00
[2024-10-06T01:51:41.725+0000] {processor.py:208} INFO - Processing /home/airflow/.local/lib/python3.12/site-packages/airflow/example_dags/example_branch_operator.py took 0.064 seconds
[2024-10-06T02:42:31.668+0000] {processor.py:186} INFO - Started process (PID=24293) to work on /home/airflow/.local/lib/python3.12/site-packages/airflow/example_dags/example_branch_operator.py
[2024-10-06T02:42:31.671+0000] {processor.py:914} INFO - Processing file /home/airflow/.local/lib/python3.12/site-packages/airflow/example_dags/example_branch_operator.py for tasks to queue
[2024-10-06T02:42:31.672+0000] {logging_mixin.py:190} INFO - [2024-10-06T02:42:31.671+0000] {dagbag.py:587} INFO - Filling up the DagBag from /home/airflow/.local/lib/python3.12/site-packages/airflow/example_dags/example_branch_operator.py
[2024-10-06T02:42:31.682+0000] {processor.py:925} INFO - DAG(s) 'example_branch_operator' retrieved from /home/airflow/.local/lib/python3.12/site-packages/airflow/example_dags/example_branch_operator.py
[2024-10-06T02:42:31.725+0000] {logging_mixin.py:190} INFO - [2024-10-06T02:42:31.725+0000] {dag.py:3229} INFO - Sync 1 DAGs
[2024-10-06T02:42:31.749+0000] {logging_mixin.py:190} INFO - [2024-10-06T02:42:31.749+0000] {dag.py:4156} INFO - Setting next_dagrun for example_branch_operator to 2024-10-05 00:00:00+00:00, run_after=2024-10-06 00:00:00+00:00
[2024-10-06T02:42:31.758+0000] {processor.py:208} INFO - Processing /home/airflow/.local/lib/python3.12/site-packages/airflow/example_dags/example_branch_operator.py took 0.094 seconds
[2024-10-06T03:10:35.660+0000] {processor.py:186} INFO - Started process (PID=24363) to work on /home/airflow/.local/lib/python3.12/site-packages/airflow/example_dags/example_branch_operator.py
[2024-10-06T03:10:35.662+0000] {processor.py:914} INFO - Processing file /home/airflow/.local/lib/python3.12/site-packages/airflow/example_dags/example_branch_operator.py for tasks to queue
[2024-10-06T03:10:35.665+0000] {logging_mixin.py:190} INFO - [2024-10-06T03:10:35.664+0000] {dagbag.py:587} INFO - Filling up the DagBag from /home/airflow/.local/lib/python3.12/site-packages/airflow/example_dags/example_branch_operator.py
[2024-10-06T03:10:35.679+0000] {processor.py:925} INFO - DAG(s) 'example_branch_operator' retrieved from /home/airflow/.local/lib/python3.12/site-packages/airflow/example_dags/example_branch_operator.py
[2024-10-06T03:10:35.697+0000] {logging_mixin.py:190} INFO - [2024-10-06T03:10:35.697+0000] {dag.py:3229} INFO - Sync 1 DAGs
[2024-10-06T03:10:35.726+0000] {logging_mixin.py:190} INFO - [2024-10-06T03:10:35.725+0000] {dag.py:4156} INFO - Setting next_dagrun for example_branch_operator to 2024-10-05 00:00:00+00:00, run_after=2024-10-06 00:00:00+00:00
[2024-10-06T03:10:35.736+0000] {processor.py:208} INFO - Processing /home/airflow/.local/lib/python3.12/site-packages/airflow/example_dags/example_branch_operator.py took 0.083 seconds
[2024-10-06T03:53:53.010+0000] {processor.py:186} INFO - Started process (PID=24433) to work on /home/airflow/.local/lib/python3.12/site-packages/airflow/example_dags/example_branch_operator.py
[2024-10-06T03:53:53.012+0000] {processor.py:914} INFO - Processing file /home/airflow/.local/lib/python3.12/site-packages/airflow/example_dags/example_branch_operator.py for tasks to queue
[2024-10-06T03:53:53.016+0000] {logging_mixin.py:190} INFO - [2024-10-06T03:53:53.015+0000] {dagbag.py:587} INFO - Filling up the DagBag from /home/airflow/.local/lib/python3.12/site-packages/airflow/example_dags/example_branch_operator.py
[2024-10-06T03:53:53.041+0000] {processor.py:925} INFO - DAG(s) 'example_branch_operator' retrieved from /home/airflow/.local/lib/python3.12/site-packages/airflow/example_dags/example_branch_operator.py
[2024-10-06T03:53:53.072+0000] {logging_mixin.py:190} INFO - [2024-10-06T03:53:53.072+0000] {dag.py:3229} INFO - Sync 1 DAGs
[2024-10-06T03:53:53.154+0000] {logging_mixin.py:190} INFO - [2024-10-06T03:53:53.154+0000] {dag.py:4156} INFO - Setting next_dagrun for example_branch_operator to 2024-10-05 00:00:00+00:00, run_after=2024-10-06 00:00:00+00:00
[2024-10-06T03:53:53.195+0000] {processor.py:208} INFO - Processing /home/airflow/.local/lib/python3.12/site-packages/airflow/example_dags/example_branch_operator.py took 0.208 seconds
[2024-10-06T04:44:15.218+0000] {processor.py:186} INFO - Started process (PID=24503) to work on /home/airflow/.local/lib/python3.12/site-packages/airflow/example_dags/example_branch_operator.py
[2024-10-06T04:44:15.219+0000] {processor.py:914} INFO - Processing file /home/airflow/.local/lib/python3.12/site-packages/airflow/example_dags/example_branch_operator.py for tasks to queue
[2024-10-06T04:44:15.219+0000] {logging_mixin.py:190} INFO - [2024-10-06T04:44:15.219+0000] {dagbag.py:587} INFO - Filling up the DagBag from /home/airflow/.local/lib/python3.12/site-packages/airflow/example_dags/example_branch_operator.py
[2024-10-06T04:44:15.233+0000] {processor.py:925} INFO - DAG(s) 'example_branch_operator' retrieved from /home/airflow/.local/lib/python3.12/site-packages/airflow/example_dags/example_branch_operator.py
[2024-10-06T04:44:15.250+0000] {logging_mixin.py:190} INFO - [2024-10-06T04:44:15.250+0000] {dag.py:3229} INFO - Sync 1 DAGs
[2024-10-06T04:44:15.262+0000] {logging_mixin.py:190} INFO - [2024-10-06T04:44:15.262+0000] {dag.py:4156} INFO - Setting next_dagrun for example_branch_operator to 2024-10-05 00:00:00+00:00, run_after=2024-10-06 00:00:00+00:00
[2024-10-06T04:44:15.271+0000] {processor.py:208} INFO - Processing /home/airflow/.local/lib/python3.12/site-packages/airflow/example_dags/example_branch_operator.py took 0.056 seconds
[2024-10-06T05:45:10.181+0000] {processor.py:186} INFO - Started process (PID=24573) to work on /home/airflow/.local/lib/python3.12/site-packages/airflow/example_dags/example_branch_operator.py
[2024-10-06T05:45:10.182+0000] {processor.py:914} INFO - Processing file /home/airflow/.local/lib/python3.12/site-packages/airflow/example_dags/example_branch_operator.py for tasks to queue
[2024-10-06T05:45:10.183+0000] {logging_mixin.py:190} INFO - [2024-10-06T05:45:10.183+0000] {dagbag.py:587} INFO - Filling up the DagBag from /home/airflow/.local/lib/python3.12/site-packages/airflow/example_dags/example_branch_operator.py
[2024-10-06T05:45:10.193+0000] {processor.py:925} INFO - DAG(s) 'example_branch_operator' retrieved from /home/airflow/.local/lib/python3.12/site-packages/airflow/example_dags/example_branch_operator.py
[2024-10-06T05:45:10.214+0000] {logging_mixin.py:190} INFO - [2024-10-06T05:45:10.214+0000] {dag.py:3229} INFO - Sync 1 DAGs
[2024-10-06T05:45:10.227+0000] {logging_mixin.py:190} INFO - [2024-10-06T05:45:10.226+0000] {dag.py:4156} INFO - Setting next_dagrun for example_branch_operator to 2024-10-05 00:00:00+00:00, run_after=2024-10-06 00:00:00+00:00
[2024-10-06T05:45:10.234+0000] {processor.py:208} INFO - Processing /home/airflow/.local/lib/python3.12/site-packages/airflow/example_dags/example_branch_operator.py took 0.056 seconds
[2024-10-06T06:27:10.777+0000] {processor.py:186} INFO - Started process (PID=24643) to work on /home/airflow/.local/lib/python3.12/site-packages/airflow/example_dags/example_branch_operator.py
[2024-10-06T06:27:10.781+0000] {processor.py:914} INFO - Processing file /home/airflow/.local/lib/python3.12/site-packages/airflow/example_dags/example_branch_operator.py for tasks to queue
[2024-10-06T06:27:10.783+0000] {logging_mixin.py:190} INFO - [2024-10-06T06:27:10.783+0000] {dagbag.py:587} INFO - Filling up the DagBag from /home/airflow/.local/lib/python3.12/site-packages/airflow/example_dags/example_branch_operator.py
[2024-10-06T06:27:10.795+0000] {processor.py:925} INFO - DAG(s) 'example_branch_operator' retrieved from /home/airflow/.local/lib/python3.12/site-packages/airflow/example_dags/example_branch_operator.py
[2024-10-06T06:27:10.826+0000] {logging_mixin.py:190} INFO - [2024-10-06T06:27:10.825+0000] {dag.py:3229} INFO - Sync 1 DAGs
[2024-10-06T06:27:10.867+0000] {logging_mixin.py:190} INFO - [2024-10-06T06:27:10.866+0000] {dag.py:4156} INFO - Setting next_dagrun for example_branch_operator to 2024-10-05 00:00:00+00:00, run_after=2024-10-06 00:00:00+00:00
[2024-10-06T06:27:10.878+0000] {processor.py:208} INFO - Processing /home/airflow/.local/lib/python3.12/site-packages/airflow/example_dags/example_branch_operator.py took 0.107 seconds
[2024-10-06T06:56:39.419+0000] {processor.py:186} INFO - Started process (PID=24713) to work on /home/airflow/.local/lib/python3.12/site-packages/airflow/example_dags/example_branch_operator.py
[2024-10-06T06:56:39.421+0000] {processor.py:914} INFO - Processing file /home/airflow/.local/lib/python3.12/site-packages/airflow/example_dags/example_branch_operator.py for tasks to queue
[2024-10-06T06:56:39.422+0000] {logging_mixin.py:190} INFO - [2024-10-06T06:56:39.421+0000] {dagbag.py:587} INFO - Filling up the DagBag from /home/airflow/.local/lib/python3.12/site-packages/airflow/example_dags/example_branch_operator.py
[2024-10-06T06:56:39.441+0000] {processor.py:925} INFO - DAG(s) 'example_branch_operator' retrieved from /home/airflow/.local/lib/python3.12/site-packages/airflow/example_dags/example_branch_operator.py
[2024-10-06T06:56:39.466+0000] {logging_mixin.py:190} INFO - [2024-10-06T06:56:39.466+0000] {dag.py:3229} INFO - Sync 1 DAGs
[2024-10-06T06:56:39.479+0000] {logging_mixin.py:190} INFO - [2024-10-06T06:56:39.479+0000] {dag.py:4156} INFO - Setting next_dagrun for example_branch_operator to 2024-10-05 00:00:00+00:00, run_after=2024-10-06 00:00:00+00:00
[2024-10-06T06:56:39.487+0000] {processor.py:208} INFO - Processing /home/airflow/.local/lib/python3.12/site-packages/airflow/example_dags/example_branch_operator.py took 0.072 seconds
[2024-10-06T07:29:03.102+0000] {processor.py:186} INFO - Started process (PID=24783) to work on /home/airflow/.local/lib/python3.12/site-packages/airflow/example_dags/example_branch_operator.py
[2024-10-06T07:29:03.104+0000] {processor.py:914} INFO - Processing file /home/airflow/.local/lib/python3.12/site-packages/airflow/example_dags/example_branch_operator.py for tasks to queue
[2024-10-06T07:29:03.105+0000] {logging_mixin.py:190} INFO - [2024-10-06T07:29:03.105+0000] {dagbag.py:587} INFO - Filling up the DagBag from /home/airflow/.local/lib/python3.12/site-packages/airflow/example_dags/example_branch_operator.py
[2024-10-06T07:29:03.124+0000] {processor.py:925} INFO - DAG(s) 'example_branch_operator' retrieved from /home/airflow/.local/lib/python3.12/site-packages/airflow/example_dags/example_branch_operator.py
[2024-10-06T07:29:03.174+0000] {logging_mixin.py:190} INFO - [2024-10-06T07:29:03.174+0000] {dag.py:3229} INFO - Sync 1 DAGs
[2024-10-06T07:29:03.214+0000] {logging_mixin.py:190} INFO - [2024-10-06T07:29:03.212+0000] {dag.py:4156} INFO - Setting next_dagrun for example_branch_operator to 2024-10-05 00:00:00+00:00, run_after=2024-10-06 00:00:00+00:00
[2024-10-06T07:29:03.248+0000] {processor.py:208} INFO - Processing /home/airflow/.local/lib/python3.12/site-packages/airflow/example_dags/example_branch_operator.py took 0.153 seconds
[2024-10-06T07:57:57.237+0000] {processor.py:186} INFO - Started process (PID=24853) to work on /home/airflow/.local/lib/python3.12/site-packages/airflow/example_dags/example_branch_operator.py
[2024-10-06T07:57:57.238+0000] {processor.py:914} INFO - Processing file /home/airflow/.local/lib/python3.12/site-packages/airflow/example_dags/example_branch_operator.py for tasks to queue
[2024-10-06T07:57:57.238+0000] {logging_mixin.py:190} INFO - [2024-10-06T07:57:57.238+0000] {dagbag.py:587} INFO - Filling up the DagBag from /home/airflow/.local/lib/python3.12/site-packages/airflow/example_dags/example_branch_operator.py
[2024-10-06T07:57:57.248+0000] {processor.py:925} INFO - DAG(s) 'example_branch_operator' retrieved from /home/airflow/.local/lib/python3.12/site-packages/airflow/example_dags/example_branch_operator.py
[2024-10-06T07:57:57.263+0000] {logging_mixin.py:190} INFO - [2024-10-06T07:57:57.263+0000] {dag.py:3229} INFO - Sync 1 DAGs
[2024-10-06T07:57:57.288+0000] {logging_mixin.py:190} INFO - [2024-10-06T07:57:57.288+0000] {dag.py:4156} INFO - Setting next_dagrun for example_branch_operator to 2024-10-05 00:00:00+00:00, run_after=2024-10-06 00:00:00+00:00
[2024-10-06T07:57:57.300+0000] {processor.py:208} INFO - Processing /home/airflow/.local/lib/python3.12/site-packages/airflow/example_dags/example_branch_operator.py took 0.066 seconds
[2024-10-06T08:02:59.125+0000] {processor.py:186} INFO - Started process (PID=24923) to work on /home/airflow/.local/lib/python3.12/site-packages/airflow/example_dags/example_branch_operator.py
[2024-10-06T08:02:59.128+0000] {processor.py:914} INFO - Processing file /home/airflow/.local/lib/python3.12/site-packages/airflow/example_dags/example_branch_operator.py for tasks to queue
[2024-10-06T08:02:59.129+0000] {logging_mixin.py:190} INFO - [2024-10-06T08:02:59.129+0000] {dagbag.py:587} INFO - Filling up the DagBag from /home/airflow/.local/lib/python3.12/site-packages/airflow/example_dags/example_branch_operator.py
[2024-10-06T08:02:59.137+0000] {processor.py:925} INFO - DAG(s) 'example_branch_operator' retrieved from /home/airflow/.local/lib/python3.12/site-packages/airflow/example_dags/example_branch_operator.py
[2024-10-06T08:02:59.155+0000] {logging_mixin.py:190} INFO - [2024-10-06T08:02:59.155+0000] {dag.py:3229} INFO - Sync 1 DAGs
[2024-10-06T08:02:59.165+0000] {logging_mixin.py:190} INFO - [2024-10-06T08:02:59.165+0000] {dag.py:4156} INFO - Setting next_dagrun for example_branch_operator to 2024-10-05 00:00:00+00:00, run_after=2024-10-06 00:00:00+00:00
[2024-10-06T08:02:59.172+0000] {processor.py:208} INFO - Processing /home/airflow/.local/lib/python3.12/site-packages/airflow/example_dags/example_branch_operator.py took 0.053 seconds
[2024-10-06T08:03:29.966+0000] {processor.py:186} INFO - Started process (PID=24993) to work on /home/airflow/.local/lib/python3.12/site-packages/airflow/example_dags/example_branch_operator.py
[2024-10-06T08:03:29.968+0000] {processor.py:914} INFO - Processing file /home/airflow/.local/lib/python3.12/site-packages/airflow/example_dags/example_branch_operator.py for tasks to queue
[2024-10-06T08:03:29.969+0000] {logging_mixin.py:190} INFO - [2024-10-06T08:03:29.969+0000] {dagbag.py:587} INFO - Filling up the DagBag from /home/airflow/.local/lib/python3.12/site-packages/airflow/example_dags/example_branch_operator.py
[2024-10-06T08:03:29.977+0000] {processor.py:925} INFO - DAG(s) 'example_branch_operator' retrieved from /home/airflow/.local/lib/python3.12/site-packages/airflow/example_dags/example_branch_operator.py
[2024-10-06T08:03:29.998+0000] {logging_mixin.py:190} INFO - [2024-10-06T08:03:29.997+0000] {dag.py:3229} INFO - Sync 1 DAGs
[2024-10-06T08:03:30.017+0000] {logging_mixin.py:190} INFO - [2024-10-06T08:03:30.017+0000] {dag.py:4156} INFO - Setting next_dagrun for example_branch_operator to 2024-10-05 00:00:00+00:00, run_after=2024-10-06 00:00:00+00:00
[2024-10-06T08:03:30.031+0000] {processor.py:208} INFO - Processing /home/airflow/.local/lib/python3.12/site-packages/airflow/example_dags/example_branch_operator.py took 0.072 seconds
[2024-10-06T09:43:48.167+0000] {processor.py:186} INFO - Started process (PID=25063) to work on /home/airflow/.local/lib/python3.12/site-packages/airflow/example_dags/example_branch_operator.py
[2024-10-06T09:43:48.168+0000] {processor.py:914} INFO - Processing file /home/airflow/.local/lib/python3.12/site-packages/airflow/example_dags/example_branch_operator.py for tasks to queue
[2024-10-06T09:43:48.170+0000] {logging_mixin.py:190} INFO - [2024-10-06T09:43:48.170+0000] {dagbag.py:587} INFO - Filling up the DagBag from /home/airflow/.local/lib/python3.12/site-packages/airflow/example_dags/example_branch_operator.py
[2024-10-06T09:43:48.183+0000] {processor.py:925} INFO - DAG(s) 'example_branch_operator' retrieved from /home/airflow/.local/lib/python3.12/site-packages/airflow/example_dags/example_branch_operator.py
[2024-10-06T09:43:48.210+0000] {logging_mixin.py:190} INFO - [2024-10-06T09:43:48.210+0000] {dag.py:3229} INFO - Sync 1 DAGs
[2024-10-06T09:43:48.223+0000] {logging_mixin.py:190} INFO - [2024-10-06T09:43:48.223+0000] {dag.py:4156} INFO - Setting next_dagrun for example_branch_operator to 2024-10-05 00:00:00+00:00, run_after=2024-10-06 00:00:00+00:00
[2024-10-06T09:43:48.232+0000] {processor.py:208} INFO - Processing /home/airflow/.local/lib/python3.12/site-packages/airflow/example_dags/example_branch_operator.py took 0.071 seconds
[2024-10-06T10:16:41.676+0000] {processor.py:186} INFO - Started process (PID=25132) to work on /home/airflow/.local/lib/python3.12/site-packages/airflow/example_dags/example_branch_operator.py
[2024-10-06T10:16:41.679+0000] {processor.py:914} INFO - Processing file /home/airflow/.local/lib/python3.12/site-packages/airflow/example_dags/example_branch_operator.py for tasks to queue
[2024-10-06T10:16:41.680+0000] {logging_mixin.py:190} INFO - [2024-10-06T10:16:41.680+0000] {dagbag.py:587} INFO - Filling up the DagBag from /home/airflow/.local/lib/python3.12/site-packages/airflow/example_dags/example_branch_operator.py
[2024-10-06T10:16:41.689+0000] {processor.py:925} INFO - DAG(s) 'example_branch_operator' retrieved from /home/airflow/.local/lib/python3.12/site-packages/airflow/example_dags/example_branch_operator.py
[2024-10-06T10:16:41.706+0000] {logging_mixin.py:190} INFO - [2024-10-06T10:16:41.706+0000] {dag.py:3229} INFO - Sync 1 DAGs
[2024-10-06T10:16:41.718+0000] {logging_mixin.py:190} INFO - [2024-10-06T10:16:41.718+0000] {dag.py:4156} INFO - Setting next_dagrun for example_branch_operator to 2024-10-05 00:00:00+00:00, run_after=2024-10-06 00:00:00+00:00
[2024-10-06T10:16:41.728+0000] {processor.py:208} INFO - Processing /home/airflow/.local/lib/python3.12/site-packages/airflow/example_dags/example_branch_operator.py took 0.056 seconds
[2024-10-06T11:20:55.075+0000] {processor.py:186} INFO - Started process (PID=25202) to work on /home/airflow/.local/lib/python3.12/site-packages/airflow/example_dags/example_branch_operator.py
[2024-10-06T11:20:55.078+0000] {processor.py:914} INFO - Processing file /home/airflow/.local/lib/python3.12/site-packages/airflow/example_dags/example_branch_operator.py for tasks to queue
[2024-10-06T11:20:55.082+0000] {logging_mixin.py:190} INFO - [2024-10-06T11:20:55.080+0000] {dagbag.py:587} INFO - Filling up the DagBag from /home/airflow/.local/lib/python3.12/site-packages/airflow/example_dags/example_branch_operator.py
[2024-10-06T11:20:55.162+0000] {processor.py:925} INFO - DAG(s) 'example_branch_operator' retrieved from /home/airflow/.local/lib/python3.12/site-packages/airflow/example_dags/example_branch_operator.py
[2024-10-06T11:20:55.218+0000] {logging_mixin.py:190} INFO - [2024-10-06T11:20:55.218+0000] {dag.py:3229} INFO - Sync 1 DAGs
[2024-10-06T11:20:55.261+0000] {logging_mixin.py:190} INFO - [2024-10-06T11:20:55.261+0000] {dag.py:4156} INFO - Setting next_dagrun for example_branch_operator to 2024-10-05 00:00:00+00:00, run_after=2024-10-06 00:00:00+00:00
[2024-10-06T11:20:55.288+0000] {processor.py:208} INFO - Processing /home/airflow/.local/lib/python3.12/site-packages/airflow/example_dags/example_branch_operator.py took 0.228 seconds
[2024-10-06T13:00:04.257+0000] {processor.py:186} INFO - Started process (PID=25272) to work on /home/airflow/.local/lib/python3.12/site-packages/airflow/example_dags/example_branch_operator.py
[2024-10-06T13:00:04.258+0000] {processor.py:914} INFO - Processing file /home/airflow/.local/lib/python3.12/site-packages/airflow/example_dags/example_branch_operator.py for tasks to queue
[2024-10-06T13:00:04.259+0000] {logging_mixin.py:190} INFO - [2024-10-06T13:00:04.259+0000] {dagbag.py:587} INFO - Filling up the DagBag from /home/airflow/.local/lib/python3.12/site-packages/airflow/example_dags/example_branch_operator.py
[2024-10-06T13:00:04.272+0000] {processor.py:925} INFO - DAG(s) 'example_branch_operator' retrieved from /home/airflow/.local/lib/python3.12/site-packages/airflow/example_dags/example_branch_operator.py
[2024-10-06T13:00:04.286+0000] {logging_mixin.py:190} INFO - [2024-10-06T13:00:04.286+0000] {dag.py:3229} INFO - Sync 1 DAGs
[2024-10-06T13:00:04.296+0000] {logging_mixin.py:190} INFO - [2024-10-06T13:00:04.296+0000] {dag.py:4156} INFO - Setting next_dagrun for example_branch_operator to 2024-10-05 00:00:00+00:00, run_after=2024-10-06 00:00:00+00:00
[2024-10-06T13:00:04.305+0000] {processor.py:208} INFO - Processing /home/airflow/.local/lib/python3.12/site-packages/airflow/example_dags/example_branch_operator.py took 0.052 seconds
[2024-10-06T13:48:15.578+0000] {processor.py:186} INFO - Started process (PID=25342) to work on /home/airflow/.local/lib/python3.12/site-packages/airflow/example_dags/example_branch_operator.py
[2024-10-06T13:48:15.578+0000] {processor.py:914} INFO - Processing file /home/airflow/.local/lib/python3.12/site-packages/airflow/example_dags/example_branch_operator.py for tasks to queue
[2024-10-06T13:48:15.579+0000] {logging_mixin.py:190} INFO - [2024-10-06T13:48:15.579+0000] {dagbag.py:587} INFO - Filling up the DagBag from /home/airflow/.local/lib/python3.12/site-packages/airflow/example_dags/example_branch_operator.py
[2024-10-06T13:48:15.588+0000] {processor.py:925} INFO - DAG(s) 'example_branch_operator' retrieved from /home/airflow/.local/lib/python3.12/site-packages/airflow/example_dags/example_branch_operator.py
[2024-10-06T13:48:15.600+0000] {logging_mixin.py:190} INFO - [2024-10-06T13:48:15.600+0000] {dag.py:3229} INFO - Sync 1 DAGs
[2024-10-06T13:48:15.610+0000] {logging_mixin.py:190} INFO - [2024-10-06T13:48:15.610+0000] {dag.py:4156} INFO - Setting next_dagrun for example_branch_operator to 2024-10-05 00:00:00+00:00, run_after=2024-10-06 00:00:00+00:00
[2024-10-06T13:48:15.617+0000] {processor.py:208} INFO - Processing /home/airflow/.local/lib/python3.12/site-packages/airflow/example_dags/example_branch_operator.py took 0.043 seconds
[2024-10-06T13:55:50.345+0000] {processor.py:186} INFO - Started process (PID=25412) to work on /home/airflow/.local/lib/python3.12/site-packages/airflow/example_dags/example_branch_operator.py
[2024-10-06T13:55:50.347+0000] {processor.py:914} INFO - Processing file /home/airflow/.local/lib/python3.12/site-packages/airflow/example_dags/example_branch_operator.py for tasks to queue
[2024-10-06T13:55:50.349+0000] {logging_mixin.py:190} INFO - [2024-10-06T13:55:50.349+0000] {dagbag.py:587} INFO - Filling up the DagBag from /home/airflow/.local/lib/python3.12/site-packages/airflow/example_dags/example_branch_operator.py
[2024-10-06T13:55:50.402+0000] {processor.py:925} INFO - DAG(s) 'example_branch_operator' retrieved from /home/airflow/.local/lib/python3.12/site-packages/airflow/example_dags/example_branch_operator.py
[2024-10-06T13:55:50.476+0000] {logging_mixin.py:190} INFO - [2024-10-06T13:55:50.476+0000] {dag.py:3229} INFO - Sync 1 DAGs
[2024-10-06T13:55:50.530+0000] {logging_mixin.py:190} INFO - [2024-10-06T13:55:50.530+0000] {dag.py:4156} INFO - Setting next_dagrun for example_branch_operator to 2024-10-05 00:00:00+00:00, run_after=2024-10-06 00:00:00+00:00
[2024-10-06T13:55:50.632+0000] {processor.py:208} INFO - Processing /home/airflow/.local/lib/python3.12/site-packages/airflow/example_dags/example_branch_operator.py took 0.302 seconds
[2024-10-06T14:56:48.707+0000] {processor.py:186} INFO - Started process (PID=25482) to work on /home/airflow/.local/lib/python3.12/site-packages/airflow/example_dags/example_branch_operator.py
[2024-10-06T14:56:48.708+0000] {processor.py:914} INFO - Processing file /home/airflow/.local/lib/python3.12/site-packages/airflow/example_dags/example_branch_operator.py for tasks to queue
[2024-10-06T14:56:48.709+0000] {logging_mixin.py:190} INFO - [2024-10-06T14:56:48.709+0000] {dagbag.py:587} INFO - Filling up the DagBag from /home/airflow/.local/lib/python3.12/site-packages/airflow/example_dags/example_branch_operator.py
[2024-10-06T14:56:48.720+0000] {processor.py:925} INFO - DAG(s) 'example_branch_operator' retrieved from /home/airflow/.local/lib/python3.12/site-packages/airflow/example_dags/example_branch_operator.py
[2024-10-06T14:56:48.736+0000] {logging_mixin.py:190} INFO - [2024-10-06T14:56:48.736+0000] {dag.py:3229} INFO - Sync 1 DAGs
[2024-10-06T14:56:48.748+0000] {logging_mixin.py:190} INFO - [2024-10-06T14:56:48.748+0000] {dag.py:4156} INFO - Setting next_dagrun for example_branch_operator to 2024-10-05 00:00:00+00:00, run_after=2024-10-06 00:00:00+00:00
[2024-10-06T14:56:48.756+0000] {processor.py:208} INFO - Processing /home/airflow/.local/lib/python3.12/site-packages/airflow/example_dags/example_branch_operator.py took 0.056 seconds
[2024-10-06T15:41:27.608+0000] {processor.py:186} INFO - Started process (PID=25552) to work on /home/airflow/.local/lib/python3.12/site-packages/airflow/example_dags/example_branch_operator.py
[2024-10-06T15:41:27.612+0000] {processor.py:914} INFO - Processing file /home/airflow/.local/lib/python3.12/site-packages/airflow/example_dags/example_branch_operator.py for tasks to queue
[2024-10-06T15:41:27.613+0000] {logging_mixin.py:190} INFO - [2024-10-06T15:41:27.613+0000] {dagbag.py:587} INFO - Filling up the DagBag from /home/airflow/.local/lib/python3.12/site-packages/airflow/example_dags/example_branch_operator.py
[2024-10-06T15:41:27.626+0000] {processor.py:925} INFO - DAG(s) 'example_branch_operator' retrieved from /home/airflow/.local/lib/python3.12/site-packages/airflow/example_dags/example_branch_operator.py
[2024-10-06T15:41:27.647+0000] {logging_mixin.py:190} INFO - [2024-10-06T15:41:27.647+0000] {dag.py:3229} INFO - Sync 1 DAGs
[2024-10-06T15:41:27.848+0000] {logging_mixin.py:190} INFO - [2024-10-06T15:41:27.847+0000] {dag.py:4156} INFO - Setting next_dagrun for example_branch_operator to 2024-10-05 00:00:00+00:00, run_after=2024-10-06 00:00:00+00:00
[2024-10-06T15:41:27.883+0000] {processor.py:208} INFO - Processing /home/airflow/.local/lib/python3.12/site-packages/airflow/example_dags/example_branch_operator.py took 0.286 seconds
[2024-10-06T16:15:54.150+0000] {processor.py:186} INFO - Started process (PID=25622) to work on /home/airflow/.local/lib/python3.12/site-packages/airflow/example_dags/example_branch_operator.py
[2024-10-06T16:15:54.151+0000] {processor.py:914} INFO - Processing file /home/airflow/.local/lib/python3.12/site-packages/airflow/example_dags/example_branch_operator.py for tasks to queue
[2024-10-06T16:15:54.151+0000] {logging_mixin.py:190} INFO - [2024-10-06T16:15:54.151+0000] {dagbag.py:587} INFO - Filling up the DagBag from /home/airflow/.local/lib/python3.12/site-packages/airflow/example_dags/example_branch_operator.py
[2024-10-06T16:15:54.161+0000] {processor.py:925} INFO - DAG(s) 'example_branch_operator' retrieved from /home/airflow/.local/lib/python3.12/site-packages/airflow/example_dags/example_branch_operator.py
[2024-10-06T16:15:54.179+0000] {logging_mixin.py:190} INFO - [2024-10-06T16:15:54.179+0000] {dag.py:3229} INFO - Sync 1 DAGs
[2024-10-06T16:15:54.194+0000] {logging_mixin.py:190} INFO - [2024-10-06T16:15:54.194+0000] {dag.py:4156} INFO - Setting next_dagrun for example_branch_operator to 2024-10-05 00:00:00+00:00, run_after=2024-10-06 00:00:00+00:00
[2024-10-06T16:15:54.201+0000] {processor.py:208} INFO - Processing /home/airflow/.local/lib/python3.12/site-packages/airflow/example_dags/example_branch_operator.py took 0.053 seconds
[2024-10-06T16:58:34.982+0000] {processor.py:186} INFO - Started process (PID=25692) to work on /home/airflow/.local/lib/python3.12/site-packages/airflow/example_dags/example_branch_operator.py
[2024-10-06T16:58:34.983+0000] {processor.py:914} INFO - Processing file /home/airflow/.local/lib/python3.12/site-packages/airflow/example_dags/example_branch_operator.py for tasks to queue
[2024-10-06T16:58:34.984+0000] {logging_mixin.py:190} INFO - [2024-10-06T16:58:34.984+0000] {dagbag.py:587} INFO - Filling up the DagBag from /home/airflow/.local/lib/python3.12/site-packages/airflow/example_dags/example_branch_operator.py
[2024-10-06T16:58:34.996+0000] {processor.py:925} INFO - DAG(s) 'example_branch_operator' retrieved from /home/airflow/.local/lib/python3.12/site-packages/airflow/example_dags/example_branch_operator.py
[2024-10-06T16:58:35.013+0000] {logging_mixin.py:190} INFO - [2024-10-06T16:58:35.013+0000] {dag.py:3229} INFO - Sync 1 DAGs
[2024-10-06T16:58:35.024+0000] {logging_mixin.py:190} INFO - [2024-10-06T16:58:35.024+0000] {dag.py:4156} INFO - Setting next_dagrun for example_branch_operator to 2024-10-05 00:00:00+00:00, run_after=2024-10-06 00:00:00+00:00
[2024-10-06T16:58:35.036+0000] {processor.py:208} INFO - Processing /home/airflow/.local/lib/python3.12/site-packages/airflow/example_dags/example_branch_operator.py took 0.056 seconds
[2024-10-06T16:59:05.925+0000] {processor.py:186} INFO - Started process (PID=25762) to work on /home/airflow/.local/lib/python3.12/site-packages/airflow/example_dags/example_branch_operator.py
[2024-10-06T16:59:05.926+0000] {processor.py:914} INFO - Processing file /home/airflow/.local/lib/python3.12/site-packages/airflow/example_dags/example_branch_operator.py for tasks to queue
[2024-10-06T16:59:05.926+0000] {logging_mixin.py:190} INFO - [2024-10-06T16:59:05.926+0000] {dagbag.py:587} INFO - Filling up the DagBag from /home/airflow/.local/lib/python3.12/site-packages/airflow/example_dags/example_branch_operator.py
[2024-10-06T16:59:05.939+0000] {processor.py:925} INFO - DAG(s) 'example_branch_operator' retrieved from /home/airflow/.local/lib/python3.12/site-packages/airflow/example_dags/example_branch_operator.py
[2024-10-06T16:59:05.955+0000] {logging_mixin.py:190} INFO - [2024-10-06T16:59:05.955+0000] {dag.py:3229} INFO - Sync 1 DAGs
[2024-10-06T16:59:05.969+0000] {logging_mixin.py:190} INFO - [2024-10-06T16:59:05.969+0000] {dag.py:4156} INFO - Setting next_dagrun for example_branch_operator to 2024-10-05 00:00:00+00:00, run_after=2024-10-06 00:00:00+00:00
[2024-10-06T16:59:05.982+0000] {processor.py:208} INFO - Processing /home/airflow/.local/lib/python3.12/site-packages/airflow/example_dags/example_branch_operator.py took 0.060 seconds
[2024-10-06T17:59:32.082+0000] {processor.py:186} INFO - Started process (PID=25831) to work on /home/airflow/.local/lib/python3.12/site-packages/airflow/example_dags/example_branch_operator.py
[2024-10-06T17:59:32.083+0000] {processor.py:914} INFO - Processing file /home/airflow/.local/lib/python3.12/site-packages/airflow/example_dags/example_branch_operator.py for tasks to queue
[2024-10-06T17:59:32.084+0000] {logging_mixin.py:190} INFO - [2024-10-06T17:59:32.084+0000] {dagbag.py:587} INFO - Filling up the DagBag from /home/airflow/.local/lib/python3.12/site-packages/airflow/example_dags/example_branch_operator.py
[2024-10-06T17:59:32.092+0000] {processor.py:925} INFO - DAG(s) 'example_branch_operator' retrieved from /home/airflow/.local/lib/python3.12/site-packages/airflow/example_dags/example_branch_operator.py
[2024-10-06T17:59:32.104+0000] {logging_mixin.py:190} INFO - [2024-10-06T17:59:32.104+0000] {dag.py:3229} INFO - Sync 1 DAGs
[2024-10-06T17:59:32.114+0000] {logging_mixin.py:190} INFO - [2024-10-06T17:59:32.114+0000] {dag.py:4156} INFO - Setting next_dagrun for example_branch_operator to 2024-10-05 00:00:00+00:00, run_after=2024-10-06 00:00:00+00:00
[2024-10-06T17:59:32.121+0000] {processor.py:208} INFO - Processing /home/airflow/.local/lib/python3.12/site-packages/airflow/example_dags/example_branch_operator.py took 0.042 seconds
[2024-10-06T18:17:00.476+0000] {processor.py:186} INFO - Started process (PID=25901) to work on /home/airflow/.local/lib/python3.12/site-packages/airflow/example_dags/example_branch_operator.py
[2024-10-06T18:17:00.477+0000] {processor.py:914} INFO - Processing file /home/airflow/.local/lib/python3.12/site-packages/airflow/example_dags/example_branch_operator.py for tasks to queue
[2024-10-06T18:17:00.481+0000] {logging_mixin.py:190} INFO - [2024-10-06T18:17:00.480+0000] {dagbag.py:587} INFO - Filling up the DagBag from /home/airflow/.local/lib/python3.12/site-packages/airflow/example_dags/example_branch_operator.py
[2024-10-06T18:17:00.502+0000] {processor.py:925} INFO - DAG(s) 'example_branch_operator' retrieved from /home/airflow/.local/lib/python3.12/site-packages/airflow/example_dags/example_branch_operator.py
[2024-10-06T18:17:00.538+0000] {logging_mixin.py:190} INFO - [2024-10-06T18:17:00.538+0000] {dag.py:3229} INFO - Sync 1 DAGs
[2024-10-06T18:17:00.558+0000] {logging_mixin.py:190} INFO - [2024-10-06T18:17:00.557+0000] {dag.py:4156} INFO - Setting next_dagrun for example_branch_operator to 2024-10-05 00:00:00+00:00, run_after=2024-10-06 00:00:00+00:00
[2024-10-06T18:17:00.573+0000] {processor.py:208} INFO - Processing /home/airflow/.local/lib/python3.12/site-packages/airflow/example_dags/example_branch_operator.py took 0.111 seconds
[2024-10-06T18:49:49.279+0000] {processor.py:186} INFO - Started process (PID=25971) to work on /home/airflow/.local/lib/python3.12/site-packages/airflow/example_dags/example_branch_operator.py
[2024-10-06T18:49:49.283+0000] {processor.py:914} INFO - Processing file /home/airflow/.local/lib/python3.12/site-packages/airflow/example_dags/example_branch_operator.py for tasks to queue
[2024-10-06T18:49:49.284+0000] {logging_mixin.py:190} INFO - [2024-10-06T18:49:49.284+0000] {dagbag.py:587} INFO - Filling up the DagBag from /home/airflow/.local/lib/python3.12/site-packages/airflow/example_dags/example_branch_operator.py
[2024-10-06T18:49:49.293+0000] {processor.py:925} INFO - DAG(s) 'example_branch_operator' retrieved from /home/airflow/.local/lib/python3.12/site-packages/airflow/example_dags/example_branch_operator.py
[2024-10-06T18:49:49.312+0000] {logging_mixin.py:190} INFO - [2024-10-06T18:49:49.312+0000] {dag.py:3229} INFO - Sync 1 DAGs
[2024-10-06T18:49:49.323+0000] {logging_mixin.py:190} INFO - [2024-10-06T18:49:49.323+0000] {dag.py:4156} INFO - Setting next_dagrun for example_branch_operator to 2024-10-05 00:00:00+00:00, run_after=2024-10-06 00:00:00+00:00
[2024-10-06T18:49:49.329+0000] {processor.py:208} INFO - Processing /home/airflow/.local/lib/python3.12/site-packages/airflow/example_dags/example_branch_operator.py took 0.053 seconds
[2024-10-06T19:00:33.023+0000] {processor.py:186} INFO - Started process (PID=26041) to work on /home/airflow/.local/lib/python3.12/site-packages/airflow/example_dags/example_branch_operator.py
[2024-10-06T19:00:33.024+0000] {processor.py:914} INFO - Processing file /home/airflow/.local/lib/python3.12/site-packages/airflow/example_dags/example_branch_operator.py for tasks to queue
[2024-10-06T19:00:33.024+0000] {logging_mixin.py:190} INFO - [2024-10-06T19:00:33.024+0000] {dagbag.py:587} INFO - Filling up the DagBag from /home/airflow/.local/lib/python3.12/site-packages/airflow/example_dags/example_branch_operator.py
[2024-10-06T19:00:33.033+0000] {processor.py:925} INFO - DAG(s) 'example_branch_operator' retrieved from /home/airflow/.local/lib/python3.12/site-packages/airflow/example_dags/example_branch_operator.py
[2024-10-06T19:00:33.047+0000] {logging_mixin.py:190} INFO - [2024-10-06T19:00:33.047+0000] {dag.py:3229} INFO - Sync 1 DAGs
[2024-10-06T19:00:33.062+0000] {logging_mixin.py:190} INFO - [2024-10-06T19:00:33.062+0000] {dag.py:4156} INFO - Setting next_dagrun for example_branch_operator to 2024-10-05 00:00:00+00:00, run_after=2024-10-06 00:00:00+00:00
[2024-10-06T19:00:33.070+0000] {processor.py:208} INFO - Processing /home/airflow/.local/lib/python3.12/site-packages/airflow/example_dags/example_branch_operator.py took 0.050 seconds
[2024-10-06T19:16:45.427+0000] {processor.py:186} INFO - Started process (PID=26111) to work on /home/airflow/.local/lib/python3.12/site-packages/airflow/example_dags/example_branch_operator.py
[2024-10-06T19:16:45.428+0000] {processor.py:914} INFO - Processing file /home/airflow/.local/lib/python3.12/site-packages/airflow/example_dags/example_branch_operator.py for tasks to queue
[2024-10-06T19:16:45.429+0000] {logging_mixin.py:190} INFO - [2024-10-06T19:16:45.428+0000] {dagbag.py:587} INFO - Filling up the DagBag from /home/airflow/.local/lib/python3.12/site-packages/airflow/example_dags/example_branch_operator.py
[2024-10-06T19:16:45.440+0000] {processor.py:925} INFO - DAG(s) 'example_branch_operator' retrieved from /home/airflow/.local/lib/python3.12/site-packages/airflow/example_dags/example_branch_operator.py
[2024-10-06T19:16:45.472+0000] {logging_mixin.py:190} INFO - [2024-10-06T19:16:45.472+0000] {dag.py:3229} INFO - Sync 1 DAGs
[2024-10-06T19:16:45.493+0000] {logging_mixin.py:190} INFO - [2024-10-06T19:16:45.493+0000] {dag.py:4156} INFO - Setting next_dagrun for example_branch_operator to 2024-10-05 00:00:00+00:00, run_after=2024-10-06 00:00:00+00:00
[2024-10-06T19:16:45.517+0000] {processor.py:208} INFO - Processing /home/airflow/.local/lib/python3.12/site-packages/airflow/example_dags/example_branch_operator.py took 0.096 seconds
[2024-10-06T20:01:50.058+0000] {processor.py:186} INFO - Started process (PID=26181) to work on /home/airflow/.local/lib/python3.12/site-packages/airflow/example_dags/example_branch_operator.py
[2024-10-06T20:01:50.059+0000] {processor.py:914} INFO - Processing file /home/airflow/.local/lib/python3.12/site-packages/airflow/example_dags/example_branch_operator.py for tasks to queue
[2024-10-06T20:01:50.059+0000] {logging_mixin.py:190} INFO - [2024-10-06T20:01:50.059+0000] {dagbag.py:587} INFO - Filling up the DagBag from /home/airflow/.local/lib/python3.12/site-packages/airflow/example_dags/example_branch_operator.py
[2024-10-06T20:01:50.068+0000] {processor.py:925} INFO - DAG(s) 'example_branch_operator' retrieved from /home/airflow/.local/lib/python3.12/site-packages/airflow/example_dags/example_branch_operator.py
[2024-10-06T20:01:50.085+0000] {logging_mixin.py:190} INFO - [2024-10-06T20:01:50.085+0000] {dag.py:3229} INFO - Sync 1 DAGs
[2024-10-06T20:01:50.105+0000] {logging_mixin.py:190} INFO - [2024-10-06T20:01:50.105+0000] {dag.py:4156} INFO - Setting next_dagrun for example_branch_operator to 2024-10-05 00:00:00+00:00, run_after=2024-10-06 00:00:00+00:00
[2024-10-06T20:01:50.115+0000] {processor.py:208} INFO - Processing /home/airflow/.local/lib/python3.12/site-packages/airflow/example_dags/example_branch_operator.py took 0.060 seconds
[2024-10-06T20:17:59.311+0000] {processor.py:186} INFO - Started process (PID=26251) to work on /home/airflow/.local/lib/python3.12/site-packages/airflow/example_dags/example_branch_operator.py
[2024-10-06T20:17:59.313+0000] {processor.py:914} INFO - Processing file /home/airflow/.local/lib/python3.12/site-packages/airflow/example_dags/example_branch_operator.py for tasks to queue
[2024-10-06T20:17:59.313+0000] {logging_mixin.py:190} INFO - [2024-10-06T20:17:59.313+0000] {dagbag.py:587} INFO - Filling up the DagBag from /home/airflow/.local/lib/python3.12/site-packages/airflow/example_dags/example_branch_operator.py
[2024-10-06T20:17:59.323+0000] {processor.py:925} INFO - DAG(s) 'example_branch_operator' retrieved from /home/airflow/.local/lib/python3.12/site-packages/airflow/example_dags/example_branch_operator.py
[2024-10-06T20:17:59.342+0000] {logging_mixin.py:190} INFO - [2024-10-06T20:17:59.342+0000] {dag.py:3229} INFO - Sync 1 DAGs
[2024-10-06T20:17:59.357+0000] {logging_mixin.py:190} INFO - [2024-10-06T20:17:59.357+0000] {dag.py:4156} INFO - Setting next_dagrun for example_branch_operator to 2024-10-05 00:00:00+00:00, run_after=2024-10-06 00:00:00+00:00
[2024-10-06T20:17:59.375+0000] {processor.py:208} INFO - Processing /home/airflow/.local/lib/python3.12/site-packages/airflow/example_dags/example_branch_operator.py took 0.067 seconds
[2024-10-06T20:51:49.199+0000] {processor.py:186} INFO - Started process (PID=26320) to work on /home/airflow/.local/lib/python3.12/site-packages/airflow/example_dags/example_branch_operator.py
[2024-10-06T20:51:49.208+0000] {processor.py:914} INFO - Processing file /home/airflow/.local/lib/python3.12/site-packages/airflow/example_dags/example_branch_operator.py for tasks to queue
[2024-10-06T20:51:49.209+0000] {logging_mixin.py:190} INFO - [2024-10-06T20:51:49.209+0000] {dagbag.py:587} INFO - Filling up the DagBag from /home/airflow/.local/lib/python3.12/site-packages/airflow/example_dags/example_branch_operator.py
[2024-10-06T20:51:49.222+0000] {processor.py:925} INFO - DAG(s) 'example_branch_operator' retrieved from /home/airflow/.local/lib/python3.12/site-packages/airflow/example_dags/example_branch_operator.py
[2024-10-06T20:51:49.243+0000] {logging_mixin.py:190} INFO - [2024-10-06T20:51:49.243+0000] {dag.py:3229} INFO - Sync 1 DAGs
[2024-10-06T20:51:49.255+0000] {logging_mixin.py:190} INFO - [2024-10-06T20:51:49.255+0000] {dag.py:4156} INFO - Setting next_dagrun for example_branch_operator to 2024-10-05 00:00:00+00:00, run_after=2024-10-06 00:00:00+00:00
[2024-10-06T20:51:49.274+0000] {processor.py:208} INFO - Processing /home/airflow/.local/lib/python3.12/site-packages/airflow/example_dags/example_branch_operator.py took 0.079 seconds
[2024-10-06T20:52:20.592+0000] {processor.py:186} INFO - Started process (PID=26391) to work on /home/airflow/.local/lib/python3.12/site-packages/airflow/example_dags/example_branch_operator.py
[2024-10-06T20:52:20.594+0000] {processor.py:914} INFO - Processing file /home/airflow/.local/lib/python3.12/site-packages/airflow/example_dags/example_branch_operator.py for tasks to queue
[2024-10-06T20:52:20.599+0000] {logging_mixin.py:190} INFO - [2024-10-06T20:52:20.598+0000] {dagbag.py:587} INFO - Filling up the DagBag from /home/airflow/.local/lib/python3.12/site-packages/airflow/example_dags/example_branch_operator.py
[2024-10-06T20:52:20.642+0000] {processor.py:925} INFO - DAG(s) 'example_branch_operator' retrieved from /home/airflow/.local/lib/python3.12/site-packages/airflow/example_dags/example_branch_operator.py
[2024-10-06T20:52:20.681+0000] {logging_mixin.py:190} INFO - [2024-10-06T20:52:20.681+0000] {dag.py:3229} INFO - Sync 1 DAGs
[2024-10-06T20:52:20.728+0000] {logging_mixin.py:190} INFO - [2024-10-06T20:52:20.728+0000] {dag.py:4156} INFO - Setting next_dagrun for example_branch_operator to 2024-10-05 00:00:00+00:00, run_after=2024-10-06 00:00:00+00:00
[2024-10-06T20:52:20.765+0000] {processor.py:208} INFO - Processing /home/airflow/.local/lib/python3.12/site-packages/airflow/example_dags/example_branch_operator.py took 0.182 seconds
[2024-10-06T21:19:19.925+0000] {processor.py:186} INFO - Started process (PID=26461) to work on /home/airflow/.local/lib/python3.12/site-packages/airflow/example_dags/example_branch_operator.py
[2024-10-06T21:19:19.932+0000] {processor.py:914} INFO - Processing file /home/airflow/.local/lib/python3.12/site-packages/airflow/example_dags/example_branch_operator.py for tasks to queue
[2024-10-06T21:19:19.936+0000] {logging_mixin.py:190} INFO - [2024-10-06T21:19:19.936+0000] {dagbag.py:587} INFO - Filling up the DagBag from /home/airflow/.local/lib/python3.12/site-packages/airflow/example_dags/example_branch_operator.py
[2024-10-06T21:19:19.949+0000] {processor.py:925} INFO - DAG(s) 'example_branch_operator' retrieved from /home/airflow/.local/lib/python3.12/site-packages/airflow/example_dags/example_branch_operator.py
[2024-10-06T21:19:19.979+0000] {logging_mixin.py:190} INFO - [2024-10-06T21:19:19.979+0000] {dag.py:3229} INFO - Sync 1 DAGs
[2024-10-06T21:19:20.009+0000] {logging_mixin.py:190} INFO - [2024-10-06T21:19:20.009+0000] {dag.py:4156} INFO - Setting next_dagrun for example_branch_operator to 2024-10-05 00:00:00+00:00, run_after=2024-10-06 00:00:00+00:00
[2024-10-06T21:19:20.020+0000] {processor.py:208} INFO - Processing /home/airflow/.local/lib/python3.12/site-packages/airflow/example_dags/example_branch_operator.py took 0.101 seconds
[2024-10-06T21:52:07.773+0000] {processor.py:186} INFO - Started process (PID=26531) to work on /home/airflow/.local/lib/python3.12/site-packages/airflow/example_dags/example_branch_operator.py
[2024-10-06T21:52:07.776+0000] {processor.py:914} INFO - Processing file /home/airflow/.local/lib/python3.12/site-packages/airflow/example_dags/example_branch_operator.py for tasks to queue
[2024-10-06T21:52:07.777+0000] {logging_mixin.py:190} INFO - [2024-10-06T21:52:07.777+0000] {dagbag.py:587} INFO - Filling up the DagBag from /home/airflow/.local/lib/python3.12/site-packages/airflow/example_dags/example_branch_operator.py
[2024-10-06T21:52:07.793+0000] {processor.py:925} INFO - DAG(s) 'example_branch_operator' retrieved from /home/airflow/.local/lib/python3.12/site-packages/airflow/example_dags/example_branch_operator.py
[2024-10-06T21:52:07.818+0000] {logging_mixin.py:190} INFO - [2024-10-06T21:52:07.817+0000] {dag.py:3229} INFO - Sync 1 DAGs
[2024-10-06T21:52:07.832+0000] {logging_mixin.py:190} INFO - [2024-10-06T21:52:07.832+0000] {dag.py:4156} INFO - Setting next_dagrun for example_branch_operator to 2024-10-05 00:00:00+00:00, run_after=2024-10-06 00:00:00+00:00
[2024-10-06T21:52:07.845+0000] {processor.py:208} INFO - Processing /home/airflow/.local/lib/python3.12/site-packages/airflow/example_dags/example_branch_operator.py took 0.079 seconds
[2024-10-06T22:53:02.831+0000] {processor.py:186} INFO - Started process (PID=26601) to work on /home/airflow/.local/lib/python3.12/site-packages/airflow/example_dags/example_branch_operator.py
[2024-10-06T22:53:02.831+0000] {processor.py:914} INFO - Processing file /home/airflow/.local/lib/python3.12/site-packages/airflow/example_dags/example_branch_operator.py for tasks to queue
[2024-10-06T22:53:02.832+0000] {logging_mixin.py:190} INFO - [2024-10-06T22:53:02.832+0000] {dagbag.py:587} INFO - Filling up the DagBag from /home/airflow/.local/lib/python3.12/site-packages/airflow/example_dags/example_branch_operator.py
[2024-10-06T22:53:02.841+0000] {processor.py:925} INFO - DAG(s) 'example_branch_operator' retrieved from /home/airflow/.local/lib/python3.12/site-packages/airflow/example_dags/example_branch_operator.py
[2024-10-06T22:53:02.855+0000] {logging_mixin.py:190} INFO - [2024-10-06T22:53:02.855+0000] {dag.py:3229} INFO - Sync 1 DAGs
[2024-10-06T22:53:02.868+0000] {logging_mixin.py:190} INFO - [2024-10-06T22:53:02.868+0000] {dag.py:4156} INFO - Setting next_dagrun for example_branch_operator to 2024-10-05 00:00:00+00:00, run_after=2024-10-06 00:00:00+00:00
[2024-10-06T22:53:02.881+0000] {processor.py:208} INFO - Processing /home/airflow/.local/lib/python3.12/site-packages/airflow/example_dags/example_branch_operator.py took 0.053 seconds
[2024-10-06T23:21:10.735+0000] {processor.py:186} INFO - Started process (PID=26671) to work on /home/airflow/.local/lib/python3.12/site-packages/airflow/example_dags/example_branch_operator.py
[2024-10-06T23:21:10.736+0000] {processor.py:914} INFO - Processing file /home/airflow/.local/lib/python3.12/site-packages/airflow/example_dags/example_branch_operator.py for tasks to queue
[2024-10-06T23:21:10.737+0000] {logging_mixin.py:190} INFO - [2024-10-06T23:21:10.736+0000] {dagbag.py:587} INFO - Filling up the DagBag from /home/airflow/.local/lib/python3.12/site-packages/airflow/example_dags/example_branch_operator.py
[2024-10-06T23:21:10.747+0000] {processor.py:925} INFO - DAG(s) 'example_branch_operator' retrieved from /home/airflow/.local/lib/python3.12/site-packages/airflow/example_dags/example_branch_operator.py
[2024-10-06T23:21:10.778+0000] {logging_mixin.py:190} INFO - [2024-10-06T23:21:10.778+0000] {dag.py:3229} INFO - Sync 1 DAGs
[2024-10-06T23:21:10.792+0000] {logging_mixin.py:190} INFO - [2024-10-06T23:21:10.792+0000] {dag.py:4156} INFO - Setting next_dagrun for example_branch_operator to 2024-10-05 00:00:00+00:00, run_after=2024-10-06 00:00:00+00:00
[2024-10-06T23:21:10.806+0000] {processor.py:208} INFO - Processing /home/airflow/.local/lib/python3.12/site-packages/airflow/example_dags/example_branch_operator.py took 0.076 seconds
[2024-10-06T23:39:12.152+0000] {processor.py:186} INFO - Started process (PID=26741) to work on /home/airflow/.local/lib/python3.12/site-packages/airflow/example_dags/example_branch_operator.py
[2024-10-06T23:39:12.154+0000] {processor.py:914} INFO - Processing file /home/airflow/.local/lib/python3.12/site-packages/airflow/example_dags/example_branch_operator.py for tasks to queue
[2024-10-06T23:39:12.160+0000] {logging_mixin.py:190} INFO - [2024-10-06T23:39:12.159+0000] {dagbag.py:587} INFO - Filling up the DagBag from /home/airflow/.local/lib/python3.12/site-packages/airflow/example_dags/example_branch_operator.py
[2024-10-06T23:39:12.185+0000] {processor.py:925} INFO - DAG(s) 'example_branch_operator' retrieved from /home/airflow/.local/lib/python3.12/site-packages/airflow/example_dags/example_branch_operator.py
[2024-10-06T23:39:12.224+0000] {logging_mixin.py:190} INFO - [2024-10-06T23:39:12.224+0000] {dag.py:3229} INFO - Sync 1 DAGs
[2024-10-06T23:39:12.254+0000] {logging_mixin.py:190} INFO - [2024-10-06T23:39:12.254+0000] {dag.py:4156} INFO - Setting next_dagrun for example_branch_operator to 2024-10-05 00:00:00+00:00, run_after=2024-10-06 00:00:00+00:00
[2024-10-06T23:39:12.286+0000] {processor.py:208} INFO - Processing /home/airflow/.local/lib/python3.12/site-packages/airflow/example_dags/example_branch_operator.py took 0.142 seconds
