[2024-10-06T00:50:47.488+0000] {processor.py:186} INFO - Started process (PID=24097) to work on /home/airflow/.local/lib/python3.12/site-packages/airflow/example_dags/example_params_ui_tutorial.py
[2024-10-06T00:50:47.489+0000] {processor.py:914} INFO - Processing file /home/airflow/.local/lib/python3.12/site-packages/airflow/example_dags/example_params_ui_tutorial.py for tasks to queue
[2024-10-06T00:50:47.490+0000] {logging_mixin.py:190} INFO - [2024-10-06T00:50:47.489+0000] {dagbag.py:587} INFO - Filling up the DagBag from /home/airflow/.local/lib/python3.12/site-packages/airflow/example_dags/example_params_ui_tutorial.py
[2024-10-06T00:50:47.495+0000] {processor.py:925} INFO - DAG(s) 'example_params_ui_tutorial' retrieved from /home/airflow/.local/lib/python3.12/site-packages/airflow/example_dags/example_params_ui_tutorial.py
[2024-10-06T00:50:47.562+0000] {logging_mixin.py:190} INFO - [2024-10-06T00:50:47.562+0000] {dag.py:3229} INFO - Sync 1 DAGs
[2024-10-06T00:50:47.568+0000] {logging_mixin.py:190} INFO - [2024-10-06T00:50:47.568+0000] {dag.py:4156} INFO - Setting next_dagrun for example_params_ui_tutorial to None, run_after=None
[2024-10-06T00:50:47.578+0000] {processor.py:208} INFO - Processing /home/airflow/.local/lib/python3.12/site-packages/airflow/example_dags/example_params_ui_tutorial.py took 0.097 seconds
[2024-10-06T00:51:18.147+0000] {processor.py:186} INFO - Started process (PID=24167) to work on /home/airflow/.local/lib/python3.12/site-packages/airflow/example_dags/example_params_ui_tutorial.py
[2024-10-06T00:51:18.147+0000] {processor.py:914} INFO - Processing file /home/airflow/.local/lib/python3.12/site-packages/airflow/example_dags/example_params_ui_tutorial.py for tasks to queue
[2024-10-06T00:51:18.148+0000] {logging_mixin.py:190} INFO - [2024-10-06T00:51:18.148+0000] {dagbag.py:587} INFO - Filling up the DagBag from /home/airflow/.local/lib/python3.12/site-packages/airflow/example_dags/example_params_ui_tutorial.py
[2024-10-06T00:51:18.154+0000] {processor.py:925} INFO - DAG(s) 'example_params_ui_tutorial' retrieved from /home/airflow/.local/lib/python3.12/site-packages/airflow/example_dags/example_params_ui_tutorial.py
[2024-10-06T00:51:18.174+0000] {logging_mixin.py:190} INFO - [2024-10-06T00:51:18.174+0000] {dag.py:3229} INFO - Sync 1 DAGs
[2024-10-06T00:51:18.182+0000] {logging_mixin.py:190} INFO - [2024-10-06T00:51:18.182+0000] {dag.py:4156} INFO - Setting next_dagrun for example_params_ui_tutorial to None, run_after=None
[2024-10-06T00:51:18.195+0000] {processor.py:208} INFO - Processing /home/airflow/.local/lib/python3.12/site-packages/airflow/example_dags/example_params_ui_tutorial.py took 0.052 seconds
[2024-10-06T01:51:42.200+0000] {processor.py:186} INFO - Started process (PID=24236) to work on /home/airflow/.local/lib/python3.12/site-packages/airflow/example_dags/example_params_ui_tutorial.py
[2024-10-06T01:51:42.271+0000] {processor.py:914} INFO - Processing file /home/airflow/.local/lib/python3.12/site-packages/airflow/example_dags/example_params_ui_tutorial.py for tasks to queue
[2024-10-06T01:51:42.274+0000] {logging_mixin.py:190} INFO - [2024-10-06T01:51:42.273+0000] {dagbag.py:587} INFO - Filling up the DagBag from /home/airflow/.local/lib/python3.12/site-packages/airflow/example_dags/example_params_ui_tutorial.py
[2024-10-06T01:51:42.282+0000] {processor.py:925} INFO - DAG(s) 'example_params_ui_tutorial' retrieved from /home/airflow/.local/lib/python3.12/site-packages/airflow/example_dags/example_params_ui_tutorial.py
[2024-10-06T01:51:42.318+0000] {logging_mixin.py:190} INFO - [2024-10-06T01:51:42.317+0000] {dag.py:3229} INFO - Sync 1 DAGs
[2024-10-06T01:51:42.340+0000] {logging_mixin.py:190} INFO - [2024-10-06T01:51:42.339+0000] {dag.py:4156} INFO - Setting next_dagrun for example_params_ui_tutorial to None, run_after=None
[2024-10-06T01:51:42.352+0000] {processor.py:208} INFO - Processing /home/airflow/.local/lib/python3.12/site-packages/airflow/example_dags/example_params_ui_tutorial.py took 0.156 seconds
[2024-10-06T02:42:32.279+0000] {processor.py:186} INFO - Started process (PID=24305) to work on /home/airflow/.local/lib/python3.12/site-packages/airflow/example_dags/example_params_ui_tutorial.py
[2024-10-06T02:42:32.281+0000] {processor.py:914} INFO - Processing file /home/airflow/.local/lib/python3.12/site-packages/airflow/example_dags/example_params_ui_tutorial.py for tasks to queue
[2024-10-06T02:42:32.281+0000] {logging_mixin.py:190} INFO - [2024-10-06T02:42:32.281+0000] {dagbag.py:587} INFO - Filling up the DagBag from /home/airflow/.local/lib/python3.12/site-packages/airflow/example_dags/example_params_ui_tutorial.py
[2024-10-06T02:42:32.287+0000] {processor.py:925} INFO - DAG(s) 'example_params_ui_tutorial' retrieved from /home/airflow/.local/lib/python3.12/site-packages/airflow/example_dags/example_params_ui_tutorial.py
[2024-10-06T02:42:32.312+0000] {logging_mixin.py:190} INFO - [2024-10-06T02:42:32.312+0000] {dag.py:3229} INFO - Sync 1 DAGs
[2024-10-06T02:42:32.323+0000] {logging_mixin.py:190} INFO - [2024-10-06T02:42:32.322+0000] {dag.py:4156} INFO - Setting next_dagrun for example_params_ui_tutorial to None, run_after=None
[2024-10-06T02:42:32.331+0000] {processor.py:208} INFO - Processing /home/airflow/.local/lib/python3.12/site-packages/airflow/example_dags/example_params_ui_tutorial.py took 0.054 seconds
[2024-10-06T03:10:36.635+0000] {processor.py:186} INFO - Started process (PID=24375) to work on /home/airflow/.local/lib/python3.12/site-packages/airflow/example_dags/example_params_ui_tutorial.py
[2024-10-06T03:10:36.638+0000] {processor.py:914} INFO - Processing file /home/airflow/.local/lib/python3.12/site-packages/airflow/example_dags/example_params_ui_tutorial.py for tasks to queue
[2024-10-06T03:10:36.643+0000] {logging_mixin.py:190} INFO - [2024-10-06T03:10:36.642+0000] {dagbag.py:587} INFO - Filling up the DagBag from /home/airflow/.local/lib/python3.12/site-packages/airflow/example_dags/example_params_ui_tutorial.py
[2024-10-06T03:10:36.667+0000] {processor.py:925} INFO - DAG(s) 'example_params_ui_tutorial' retrieved from /home/airflow/.local/lib/python3.12/site-packages/airflow/example_dags/example_params_ui_tutorial.py
[2024-10-06T03:10:36.715+0000] {logging_mixin.py:190} INFO - [2024-10-06T03:10:36.715+0000] {dag.py:3229} INFO - Sync 1 DAGs
[2024-10-06T03:10:36.732+0000] {logging_mixin.py:190} INFO - [2024-10-06T03:10:36.732+0000] {dag.py:4156} INFO - Setting next_dagrun for example_params_ui_tutorial to None, run_after=None
[2024-10-06T03:10:36.762+0000] {processor.py:208} INFO - Processing /home/airflow/.local/lib/python3.12/site-packages/airflow/example_dags/example_params_ui_tutorial.py took 0.138 seconds
[2024-10-06T03:53:53.970+0000] {processor.py:186} INFO - Started process (PID=24445) to work on /home/airflow/.local/lib/python3.12/site-packages/airflow/example_dags/example_params_ui_tutorial.py
[2024-10-06T03:53:53.970+0000] {processor.py:914} INFO - Processing file /home/airflow/.local/lib/python3.12/site-packages/airflow/example_dags/example_params_ui_tutorial.py for tasks to queue
[2024-10-06T03:53:53.971+0000] {logging_mixin.py:190} INFO - [2024-10-06T03:53:53.971+0000] {dagbag.py:587} INFO - Filling up the DagBag from /home/airflow/.local/lib/python3.12/site-packages/airflow/example_dags/example_params_ui_tutorial.py
[2024-10-06T03:53:53.976+0000] {processor.py:925} INFO - DAG(s) 'example_params_ui_tutorial' retrieved from /home/airflow/.local/lib/python3.12/site-packages/airflow/example_dags/example_params_ui_tutorial.py
[2024-10-06T03:53:53.999+0000] {logging_mixin.py:190} INFO - [2024-10-06T03:53:53.999+0000] {dag.py:3229} INFO - Sync 1 DAGs
[2024-10-06T03:53:54.008+0000] {logging_mixin.py:190} INFO - [2024-10-06T03:53:54.008+0000] {dag.py:4156} INFO - Setting next_dagrun for example_params_ui_tutorial to None, run_after=None
[2024-10-06T03:53:54.015+0000] {processor.py:208} INFO - Processing /home/airflow/.local/lib/python3.12/site-packages/airflow/example_dags/example_params_ui_tutorial.py took 0.049 seconds
[2024-10-06T04:44:16.343+0000] {processor.py:186} INFO - Started process (PID=24515) to work on /home/airflow/.local/lib/python3.12/site-packages/airflow/example_dags/example_params_ui_tutorial.py
[2024-10-06T04:44:16.344+0000] {processor.py:914} INFO - Processing file /home/airflow/.local/lib/python3.12/site-packages/airflow/example_dags/example_params_ui_tutorial.py for tasks to queue
[2024-10-06T04:44:16.346+0000] {logging_mixin.py:190} INFO - [2024-10-06T04:44:16.345+0000] {dagbag.py:587} INFO - Filling up the DagBag from /home/airflow/.local/lib/python3.12/site-packages/airflow/example_dags/example_params_ui_tutorial.py
[2024-10-06T04:44:16.351+0000] {processor.py:925} INFO - DAG(s) 'example_params_ui_tutorial' retrieved from /home/airflow/.local/lib/python3.12/site-packages/airflow/example_dags/example_params_ui_tutorial.py
[2024-10-06T04:44:16.369+0000] {logging_mixin.py:190} INFO - [2024-10-06T04:44:16.369+0000] {dag.py:3229} INFO - Sync 1 DAGs
[2024-10-06T04:44:16.376+0000] {logging_mixin.py:190} INFO - [2024-10-06T04:44:16.376+0000] {dag.py:4156} INFO - Setting next_dagrun for example_params_ui_tutorial to None, run_after=None
[2024-10-06T04:44:16.385+0000] {processor.py:208} INFO - Processing /home/airflow/.local/lib/python3.12/site-packages/airflow/example_dags/example_params_ui_tutorial.py took 0.045 seconds
[2024-10-06T05:45:10.790+0000] {processor.py:186} INFO - Started process (PID=24585) to work on /home/airflow/.local/lib/python3.12/site-packages/airflow/example_dags/example_params_ui_tutorial.py
[2024-10-06T05:45:10.793+0000] {processor.py:914} INFO - Processing file /home/airflow/.local/lib/python3.12/site-packages/airflow/example_dags/example_params_ui_tutorial.py for tasks to queue
[2024-10-06T05:45:10.794+0000] {logging_mixin.py:190} INFO - [2024-10-06T05:45:10.793+0000] {dagbag.py:587} INFO - Filling up the DagBag from /home/airflow/.local/lib/python3.12/site-packages/airflow/example_dags/example_params_ui_tutorial.py
[2024-10-06T05:45:10.798+0000] {processor.py:925} INFO - DAG(s) 'example_params_ui_tutorial' retrieved from /home/airflow/.local/lib/python3.12/site-packages/airflow/example_dags/example_params_ui_tutorial.py
[2024-10-06T05:45:10.818+0000] {logging_mixin.py:190} INFO - [2024-10-06T05:45:10.818+0000] {dag.py:3229} INFO - Sync 1 DAGs
[2024-10-06T05:45:10.826+0000] {logging_mixin.py:190} INFO - [2024-10-06T05:45:10.825+0000] {dag.py:4156} INFO - Setting next_dagrun for example_params_ui_tutorial to None, run_after=None
[2024-10-06T05:45:10.839+0000] {processor.py:208} INFO - Processing /home/airflow/.local/lib/python3.12/site-packages/airflow/example_dags/example_params_ui_tutorial.py took 0.052 seconds
[2024-10-06T06:27:11.422+0000] {processor.py:186} INFO - Started process (PID=24655) to work on /home/airflow/.local/lib/python3.12/site-packages/airflow/example_dags/example_params_ui_tutorial.py
[2024-10-06T06:27:11.423+0000] {processor.py:914} INFO - Processing file /home/airflow/.local/lib/python3.12/site-packages/airflow/example_dags/example_params_ui_tutorial.py for tasks to queue
[2024-10-06T06:27:11.423+0000] {logging_mixin.py:190} INFO - [2024-10-06T06:27:11.423+0000] {dagbag.py:587} INFO - Filling up the DagBag from /home/airflow/.local/lib/python3.12/site-packages/airflow/example_dags/example_params_ui_tutorial.py
[2024-10-06T06:27:11.428+0000] {processor.py:925} INFO - DAG(s) 'example_params_ui_tutorial' retrieved from /home/airflow/.local/lib/python3.12/site-packages/airflow/example_dags/example_params_ui_tutorial.py
[2024-10-06T06:27:11.457+0000] {logging_mixin.py:190} INFO - [2024-10-06T06:27:11.457+0000] {dag.py:3229} INFO - Sync 1 DAGs
[2024-10-06T06:27:11.467+0000] {logging_mixin.py:190} INFO - [2024-10-06T06:27:11.467+0000] {dag.py:4156} INFO - Setting next_dagrun for example_params_ui_tutorial to None, run_after=None
[2024-10-06T06:27:11.477+0000] {processor.py:208} INFO - Processing /home/airflow/.local/lib/python3.12/site-packages/airflow/example_dags/example_params_ui_tutorial.py took 0.057 seconds
[2024-10-06T06:56:40.008+0000] {processor.py:186} INFO - Started process (PID=24725) to work on /home/airflow/.local/lib/python3.12/site-packages/airflow/example_dags/example_params_ui_tutorial.py
[2024-10-06T06:56:40.010+0000] {processor.py:914} INFO - Processing file /home/airflow/.local/lib/python3.12/site-packages/airflow/example_dags/example_params_ui_tutorial.py for tasks to queue
[2024-10-06T06:56:40.013+0000] {logging_mixin.py:190} INFO - [2024-10-06T06:56:40.012+0000] {dagbag.py:587} INFO - Filling up the DagBag from /home/airflow/.local/lib/python3.12/site-packages/airflow/example_dags/example_params_ui_tutorial.py
[2024-10-06T06:56:40.025+0000] {processor.py:925} INFO - DAG(s) 'example_params_ui_tutorial' retrieved from /home/airflow/.local/lib/python3.12/site-packages/airflow/example_dags/example_params_ui_tutorial.py
[2024-10-06T06:56:40.052+0000] {logging_mixin.py:190} INFO - [2024-10-06T06:56:40.052+0000] {dag.py:3229} INFO - Sync 1 DAGs
[2024-10-06T06:56:40.061+0000] {logging_mixin.py:190} INFO - [2024-10-06T06:56:40.061+0000] {dag.py:4156} INFO - Setting next_dagrun for example_params_ui_tutorial to None, run_after=None
[2024-10-06T06:56:40.070+0000] {processor.py:208} INFO - Processing /home/airflow/.local/lib/python3.12/site-packages/airflow/example_dags/example_params_ui_tutorial.py took 0.073 seconds
[2024-10-06T07:29:04.098+0000] {processor.py:186} INFO - Started process (PID=24795) to work on /home/airflow/.local/lib/python3.12/site-packages/airflow/example_dags/example_params_ui_tutorial.py
[2024-10-06T07:29:04.100+0000] {processor.py:914} INFO - Processing file /home/airflow/.local/lib/python3.12/site-packages/airflow/example_dags/example_params_ui_tutorial.py for tasks to queue
[2024-10-06T07:29:04.101+0000] {logging_mixin.py:190} INFO - [2024-10-06T07:29:04.101+0000] {dagbag.py:587} INFO - Filling up the DagBag from /home/airflow/.local/lib/python3.12/site-packages/airflow/example_dags/example_params_ui_tutorial.py
[2024-10-06T07:29:04.107+0000] {processor.py:925} INFO - DAG(s) 'example_params_ui_tutorial' retrieved from /home/airflow/.local/lib/python3.12/site-packages/airflow/example_dags/example_params_ui_tutorial.py
[2024-10-06T07:29:04.131+0000] {logging_mixin.py:190} INFO - [2024-10-06T07:29:04.130+0000] {dag.py:3229} INFO - Sync 1 DAGs
[2024-10-06T07:29:04.141+0000] {logging_mixin.py:190} INFO - [2024-10-06T07:29:04.140+0000] {dag.py:4156} INFO - Setting next_dagrun for example_params_ui_tutorial to None, run_after=None
[2024-10-06T07:29:04.151+0000] {processor.py:208} INFO - Processing /home/airflow/.local/lib/python3.12/site-packages/airflow/example_dags/example_params_ui_tutorial.py took 0.057 seconds
[2024-10-06T07:57:57.788+0000] {processor.py:186} INFO - Started process (PID=24865) to work on /home/airflow/.local/lib/python3.12/site-packages/airflow/example_dags/example_params_ui_tutorial.py
[2024-10-06T07:57:57.789+0000] {processor.py:914} INFO - Processing file /home/airflow/.local/lib/python3.12/site-packages/airflow/example_dags/example_params_ui_tutorial.py for tasks to queue
[2024-10-06T07:57:57.790+0000] {logging_mixin.py:190} INFO - [2024-10-06T07:57:57.790+0000] {dagbag.py:587} INFO - Filling up the DagBag from /home/airflow/.local/lib/python3.12/site-packages/airflow/example_dags/example_params_ui_tutorial.py
[2024-10-06T07:57:57.797+0000] {processor.py:925} INFO - DAG(s) 'example_params_ui_tutorial' retrieved from /home/airflow/.local/lib/python3.12/site-packages/airflow/example_dags/example_params_ui_tutorial.py
[2024-10-06T07:57:57.819+0000] {logging_mixin.py:190} INFO - [2024-10-06T07:57:57.819+0000] {dag.py:3229} INFO - Sync 1 DAGs
[2024-10-06T07:57:57.828+0000] {logging_mixin.py:190} INFO - [2024-10-06T07:57:57.828+0000] {dag.py:4156} INFO - Setting next_dagrun for example_params_ui_tutorial to None, run_after=None
[2024-10-06T07:57:57.836+0000] {processor.py:208} INFO - Processing /home/airflow/.local/lib/python3.12/site-packages/airflow/example_dags/example_params_ui_tutorial.py took 0.052 seconds
[2024-10-06T08:02:59.669+0000] {processor.py:186} INFO - Started process (PID=24935) to work on /home/airflow/.local/lib/python3.12/site-packages/airflow/example_dags/example_params_ui_tutorial.py
[2024-10-06T08:02:59.670+0000] {processor.py:914} INFO - Processing file /home/airflow/.local/lib/python3.12/site-packages/airflow/example_dags/example_params_ui_tutorial.py for tasks to queue
[2024-10-06T08:02:59.671+0000] {logging_mixin.py:190} INFO - [2024-10-06T08:02:59.671+0000] {dagbag.py:587} INFO - Filling up the DagBag from /home/airflow/.local/lib/python3.12/site-packages/airflow/example_dags/example_params_ui_tutorial.py
[2024-10-06T08:02:59.677+0000] {processor.py:925} INFO - DAG(s) 'example_params_ui_tutorial' retrieved from /home/airflow/.local/lib/python3.12/site-packages/airflow/example_dags/example_params_ui_tutorial.py
[2024-10-06T08:02:59.699+0000] {logging_mixin.py:190} INFO - [2024-10-06T08:02:59.699+0000] {dag.py:3229} INFO - Sync 1 DAGs
[2024-10-06T08:02:59.706+0000] {logging_mixin.py:190} INFO - [2024-10-06T08:02:59.706+0000] {dag.py:4156} INFO - Setting next_dagrun for example_params_ui_tutorial to None, run_after=None
[2024-10-06T08:02:59.719+0000] {processor.py:208} INFO - Processing /home/airflow/.local/lib/python3.12/site-packages/airflow/example_dags/example_params_ui_tutorial.py took 0.053 seconds
[2024-10-06T08:03:30.448+0000] {processor.py:186} INFO - Started process (PID=25005) to work on /home/airflow/.local/lib/python3.12/site-packages/airflow/example_dags/example_params_ui_tutorial.py
[2024-10-06T08:03:30.450+0000] {processor.py:914} INFO - Processing file /home/airflow/.local/lib/python3.12/site-packages/airflow/example_dags/example_params_ui_tutorial.py for tasks to queue
[2024-10-06T08:03:30.451+0000] {logging_mixin.py:190} INFO - [2024-10-06T08:03:30.451+0000] {dagbag.py:587} INFO - Filling up the DagBag from /home/airflow/.local/lib/python3.12/site-packages/airflow/example_dags/example_params_ui_tutorial.py
[2024-10-06T08:03:30.458+0000] {processor.py:925} INFO - DAG(s) 'example_params_ui_tutorial' retrieved from /home/airflow/.local/lib/python3.12/site-packages/airflow/example_dags/example_params_ui_tutorial.py
[2024-10-06T08:03:30.701+0000] {logging_mixin.py:190} INFO - [2024-10-06T08:03:30.701+0000] {dag.py:3229} INFO - Sync 1 DAGs
[2024-10-06T08:03:30.718+0000] {logging_mixin.py:190} INFO - [2024-10-06T08:03:30.718+0000] {dag.py:4156} INFO - Setting next_dagrun for example_params_ui_tutorial to None, run_after=None
[2024-10-06T08:03:30.734+0000] {processor.py:208} INFO - Processing /home/airflow/.local/lib/python3.12/site-packages/airflow/example_dags/example_params_ui_tutorial.py took 0.289 seconds
[2024-10-06T09:43:48.952+0000] {processor.py:186} INFO - Started process (PID=25075) to work on /home/airflow/.local/lib/python3.12/site-packages/airflow/example_dags/example_params_ui_tutorial.py
[2024-10-06T09:43:48.953+0000] {processor.py:914} INFO - Processing file /home/airflow/.local/lib/python3.12/site-packages/airflow/example_dags/example_params_ui_tutorial.py for tasks to queue
[2024-10-06T09:43:48.956+0000] {logging_mixin.py:190} INFO - [2024-10-06T09:43:48.955+0000] {dagbag.py:587} INFO - Filling up the DagBag from /home/airflow/.local/lib/python3.12/site-packages/airflow/example_dags/example_params_ui_tutorial.py
[2024-10-06T09:43:48.969+0000] {processor.py:925} INFO - DAG(s) 'example_params_ui_tutorial' retrieved from /home/airflow/.local/lib/python3.12/site-packages/airflow/example_dags/example_params_ui_tutorial.py
[2024-10-06T09:43:48.994+0000] {logging_mixin.py:190} INFO - [2024-10-06T09:43:48.994+0000] {dag.py:3229} INFO - Sync 1 DAGs
[2024-10-06T09:43:49.005+0000] {logging_mixin.py:190} INFO - [2024-10-06T09:43:49.005+0000] {dag.py:4156} INFO - Setting next_dagrun for example_params_ui_tutorial to None, run_after=None
[2024-10-06T09:43:49.015+0000] {processor.py:208} INFO - Processing /home/airflow/.local/lib/python3.12/site-packages/airflow/example_dags/example_params_ui_tutorial.py took 0.068 seconds
[2024-10-06T10:16:43.611+0000] {processor.py:186} INFO - Started process (PID=25144) to work on /home/airflow/.local/lib/python3.12/site-packages/airflow/example_dags/example_params_ui_tutorial.py
[2024-10-06T10:16:43.614+0000] {processor.py:914} INFO - Processing file /home/airflow/.local/lib/python3.12/site-packages/airflow/example_dags/example_params_ui_tutorial.py for tasks to queue
[2024-10-06T10:16:43.618+0000] {logging_mixin.py:190} INFO - [2024-10-06T10:16:43.617+0000] {dagbag.py:587} INFO - Filling up the DagBag from /home/airflow/.local/lib/python3.12/site-packages/airflow/example_dags/example_params_ui_tutorial.py
[2024-10-06T10:16:43.676+0000] {processor.py:925} INFO - DAG(s) 'example_params_ui_tutorial' retrieved from /home/airflow/.local/lib/python3.12/site-packages/airflow/example_dags/example_params_ui_tutorial.py
[2024-10-06T10:16:43.904+0000] {logging_mixin.py:190} INFO - [2024-10-06T10:16:43.904+0000] {dag.py:3229} INFO - Sync 1 DAGs
[2024-10-06T10:16:43.926+0000] {logging_mixin.py:190} INFO - [2024-10-06T10:16:43.926+0000] {dag.py:4156} INFO - Setting next_dagrun for example_params_ui_tutorial to None, run_after=None
[2024-10-06T10:16:43.958+0000] {processor.py:208} INFO - Processing /home/airflow/.local/lib/python3.12/site-packages/airflow/example_dags/example_params_ui_tutorial.py took 0.359 seconds
[2024-10-06T11:20:56.248+0000] {processor.py:186} INFO - Started process (PID=25214) to work on /home/airflow/.local/lib/python3.12/site-packages/airflow/example_dags/example_params_ui_tutorial.py
[2024-10-06T11:20:56.249+0000] {processor.py:914} INFO - Processing file /home/airflow/.local/lib/python3.12/site-packages/airflow/example_dags/example_params_ui_tutorial.py for tasks to queue
[2024-10-06T11:20:56.249+0000] {logging_mixin.py:190} INFO - [2024-10-06T11:20:56.249+0000] {dagbag.py:587} INFO - Filling up the DagBag from /home/airflow/.local/lib/python3.12/site-packages/airflow/example_dags/example_params_ui_tutorial.py
[2024-10-06T11:20:56.254+0000] {processor.py:925} INFO - DAG(s) 'example_params_ui_tutorial' retrieved from /home/airflow/.local/lib/python3.12/site-packages/airflow/example_dags/example_params_ui_tutorial.py
[2024-10-06T11:20:56.274+0000] {logging_mixin.py:190} INFO - [2024-10-06T11:20:56.273+0000] {dag.py:3229} INFO - Sync 1 DAGs
[2024-10-06T11:20:56.280+0000] {logging_mixin.py:190} INFO - [2024-10-06T11:20:56.279+0000] {dag.py:4156} INFO - Setting next_dagrun for example_params_ui_tutorial to None, run_after=None
[2024-10-06T11:20:56.289+0000] {processor.py:208} INFO - Processing /home/airflow/.local/lib/python3.12/site-packages/airflow/example_dags/example_params_ui_tutorial.py took 0.043 seconds
[2024-10-06T13:00:04.817+0000] {processor.py:186} INFO - Started process (PID=25284) to work on /home/airflow/.local/lib/python3.12/site-packages/airflow/example_dags/example_params_ui_tutorial.py
[2024-10-06T13:00:04.819+0000] {processor.py:914} INFO - Processing file /home/airflow/.local/lib/python3.12/site-packages/airflow/example_dags/example_params_ui_tutorial.py for tasks to queue
[2024-10-06T13:00:04.820+0000] {logging_mixin.py:190} INFO - [2024-10-06T13:00:04.819+0000] {dagbag.py:587} INFO - Filling up the DagBag from /home/airflow/.local/lib/python3.12/site-packages/airflow/example_dags/example_params_ui_tutorial.py
[2024-10-06T13:00:04.824+0000] {processor.py:925} INFO - DAG(s) 'example_params_ui_tutorial' retrieved from /home/airflow/.local/lib/python3.12/site-packages/airflow/example_dags/example_params_ui_tutorial.py
[2024-10-06T13:00:04.854+0000] {logging_mixin.py:190} INFO - [2024-10-06T13:00:04.854+0000] {dag.py:3229} INFO - Sync 1 DAGs
[2024-10-06T13:00:04.866+0000] {logging_mixin.py:190} INFO - [2024-10-06T13:00:04.866+0000] {dag.py:4156} INFO - Setting next_dagrun for example_params_ui_tutorial to None, run_after=None
[2024-10-06T13:00:04.878+0000] {processor.py:208} INFO - Processing /home/airflow/.local/lib/python3.12/site-packages/airflow/example_dags/example_params_ui_tutorial.py took 0.067 seconds
[2024-10-06T13:48:16.166+0000] {processor.py:186} INFO - Started process (PID=25354) to work on /home/airflow/.local/lib/python3.12/site-packages/airflow/example_dags/example_params_ui_tutorial.py
[2024-10-06T13:48:16.168+0000] {processor.py:914} INFO - Processing file /home/airflow/.local/lib/python3.12/site-packages/airflow/example_dags/example_params_ui_tutorial.py for tasks to queue
[2024-10-06T13:48:16.169+0000] {logging_mixin.py:190} INFO - [2024-10-06T13:48:16.169+0000] {dagbag.py:587} INFO - Filling up the DagBag from /home/airflow/.local/lib/python3.12/site-packages/airflow/example_dags/example_params_ui_tutorial.py
[2024-10-06T13:48:16.175+0000] {processor.py:925} INFO - DAG(s) 'example_params_ui_tutorial' retrieved from /home/airflow/.local/lib/python3.12/site-packages/airflow/example_dags/example_params_ui_tutorial.py
[2024-10-06T13:48:16.201+0000] {logging_mixin.py:190} INFO - [2024-10-06T13:48:16.200+0000] {dag.py:3229} INFO - Sync 1 DAGs
[2024-10-06T13:48:16.208+0000] {logging_mixin.py:190} INFO - [2024-10-06T13:48:16.207+0000] {dag.py:4156} INFO - Setting next_dagrun for example_params_ui_tutorial to None, run_after=None
[2024-10-06T13:48:16.215+0000] {processor.py:208} INFO - Processing /home/airflow/.local/lib/python3.12/site-packages/airflow/example_dags/example_params_ui_tutorial.py took 0.052 seconds
[2024-10-06T13:55:51.770+0000] {processor.py:186} INFO - Started process (PID=25424) to work on /home/airflow/.local/lib/python3.12/site-packages/airflow/example_dags/example_params_ui_tutorial.py
[2024-10-06T13:55:51.771+0000] {processor.py:914} INFO - Processing file /home/airflow/.local/lib/python3.12/site-packages/airflow/example_dags/example_params_ui_tutorial.py for tasks to queue
[2024-10-06T13:55:51.772+0000] {logging_mixin.py:190} INFO - [2024-10-06T13:55:51.772+0000] {dagbag.py:587} INFO - Filling up the DagBag from /home/airflow/.local/lib/python3.12/site-packages/airflow/example_dags/example_params_ui_tutorial.py
[2024-10-06T13:55:51.781+0000] {processor.py:925} INFO - DAG(s) 'example_params_ui_tutorial' retrieved from /home/airflow/.local/lib/python3.12/site-packages/airflow/example_dags/example_params_ui_tutorial.py
[2024-10-06T13:55:51.813+0000] {logging_mixin.py:190} INFO - [2024-10-06T13:55:51.812+0000] {dag.py:3229} INFO - Sync 1 DAGs
[2024-10-06T13:55:51.825+0000] {logging_mixin.py:190} INFO - [2024-10-06T13:55:51.825+0000] {dag.py:4156} INFO - Setting next_dagrun for example_params_ui_tutorial to None, run_after=None
[2024-10-06T13:55:51.836+0000] {processor.py:208} INFO - Processing /home/airflow/.local/lib/python3.12/site-packages/airflow/example_dags/example_params_ui_tutorial.py took 0.070 seconds
[2024-10-06T14:56:49.224+0000] {processor.py:186} INFO - Started process (PID=25494) to work on /home/airflow/.local/lib/python3.12/site-packages/airflow/example_dags/example_params_ui_tutorial.py
[2024-10-06T14:56:49.225+0000] {processor.py:914} INFO - Processing file /home/airflow/.local/lib/python3.12/site-packages/airflow/example_dags/example_params_ui_tutorial.py for tasks to queue
[2024-10-06T14:56:49.227+0000] {logging_mixin.py:190} INFO - [2024-10-06T14:56:49.226+0000] {dagbag.py:587} INFO - Filling up the DagBag from /home/airflow/.local/lib/python3.12/site-packages/airflow/example_dags/example_params_ui_tutorial.py
[2024-10-06T14:56:49.236+0000] {processor.py:925} INFO - DAG(s) 'example_params_ui_tutorial' retrieved from /home/airflow/.local/lib/python3.12/site-packages/airflow/example_dags/example_params_ui_tutorial.py
[2024-10-06T14:56:49.946+0000] {logging_mixin.py:190} INFO - [2024-10-06T14:56:49.943+0000] {dag.py:3229} INFO - Sync 1 DAGs
[2024-10-06T14:56:50.039+0000] {logging_mixin.py:190} INFO - [2024-10-06T14:56:50.038+0000] {dag.py:4156} INFO - Setting next_dagrun for example_params_ui_tutorial to None, run_after=None
[2024-10-06T14:56:50.154+0000] {processor.py:208} INFO - Processing /home/airflow/.local/lib/python3.12/site-packages/airflow/example_dags/example_params_ui_tutorial.py took 0.933 seconds
[2024-10-06T15:41:29.024+0000] {processor.py:186} INFO - Started process (PID=25564) to work on /home/airflow/.local/lib/python3.12/site-packages/airflow/example_dags/example_params_ui_tutorial.py
[2024-10-06T15:41:29.026+0000] {processor.py:914} INFO - Processing file /home/airflow/.local/lib/python3.12/site-packages/airflow/example_dags/example_params_ui_tutorial.py for tasks to queue
[2024-10-06T15:41:29.027+0000] {logging_mixin.py:190} INFO - [2024-10-06T15:41:29.027+0000] {dagbag.py:587} INFO - Filling up the DagBag from /home/airflow/.local/lib/python3.12/site-packages/airflow/example_dags/example_params_ui_tutorial.py
[2024-10-06T15:41:29.037+0000] {processor.py:925} INFO - DAG(s) 'example_params_ui_tutorial' retrieved from /home/airflow/.local/lib/python3.12/site-packages/airflow/example_dags/example_params_ui_tutorial.py
[2024-10-06T15:41:29.101+0000] {logging_mixin.py:190} INFO - [2024-10-06T15:41:29.100+0000] {dag.py:3229} INFO - Sync 1 DAGs
[2024-10-06T15:41:29.114+0000] {logging_mixin.py:190} INFO - [2024-10-06T15:41:29.113+0000] {dag.py:4156} INFO - Setting next_dagrun for example_params_ui_tutorial to None, run_after=None
[2024-10-06T15:41:29.123+0000] {processor.py:208} INFO - Processing /home/airflow/.local/lib/python3.12/site-packages/airflow/example_dags/example_params_ui_tutorial.py took 0.106 seconds
[2024-10-06T16:15:54.644+0000] {processor.py:186} INFO - Started process (PID=25634) to work on /home/airflow/.local/lib/python3.12/site-packages/airflow/example_dags/example_params_ui_tutorial.py
[2024-10-06T16:15:54.646+0000] {processor.py:914} INFO - Processing file /home/airflow/.local/lib/python3.12/site-packages/airflow/example_dags/example_params_ui_tutorial.py for tasks to queue
[2024-10-06T16:15:54.647+0000] {logging_mixin.py:190} INFO - [2024-10-06T16:15:54.646+0000] {dagbag.py:587} INFO - Filling up the DagBag from /home/airflow/.local/lib/python3.12/site-packages/airflow/example_dags/example_params_ui_tutorial.py
[2024-10-06T16:15:54.651+0000] {processor.py:925} INFO - DAG(s) 'example_params_ui_tutorial' retrieved from /home/airflow/.local/lib/python3.12/site-packages/airflow/example_dags/example_params_ui_tutorial.py
[2024-10-06T16:15:54.673+0000] {logging_mixin.py:190} INFO - [2024-10-06T16:15:54.673+0000] {dag.py:3229} INFO - Sync 1 DAGs
[2024-10-06T16:15:54.679+0000] {logging_mixin.py:190} INFO - [2024-10-06T16:15:54.679+0000] {dag.py:4156} INFO - Setting next_dagrun for example_params_ui_tutorial to None, run_after=None
[2024-10-06T16:15:54.690+0000] {processor.py:208} INFO - Processing /home/airflow/.local/lib/python3.12/site-packages/airflow/example_dags/example_params_ui_tutorial.py took 0.049 seconds
[2024-10-06T16:58:35.469+0000] {processor.py:186} INFO - Started process (PID=25704) to work on /home/airflow/.local/lib/python3.12/site-packages/airflow/example_dags/example_params_ui_tutorial.py
[2024-10-06T16:58:35.470+0000] {processor.py:914} INFO - Processing file /home/airflow/.local/lib/python3.12/site-packages/airflow/example_dags/example_params_ui_tutorial.py for tasks to queue
[2024-10-06T16:58:35.471+0000] {logging_mixin.py:190} INFO - [2024-10-06T16:58:35.471+0000] {dagbag.py:587} INFO - Filling up the DagBag from /home/airflow/.local/lib/python3.12/site-packages/airflow/example_dags/example_params_ui_tutorial.py
[2024-10-06T16:58:35.480+0000] {processor.py:925} INFO - DAG(s) 'example_params_ui_tutorial' retrieved from /home/airflow/.local/lib/python3.12/site-packages/airflow/example_dags/example_params_ui_tutorial.py
[2024-10-06T16:58:35.515+0000] {logging_mixin.py:190} INFO - [2024-10-06T16:58:35.515+0000] {dag.py:3229} INFO - Sync 1 DAGs
[2024-10-06T16:58:35.523+0000] {logging_mixin.py:190} INFO - [2024-10-06T16:58:35.523+0000] {dag.py:4156} INFO - Setting next_dagrun for example_params_ui_tutorial to None, run_after=None
[2024-10-06T16:58:35.533+0000] {processor.py:208} INFO - Processing /home/airflow/.local/lib/python3.12/site-packages/airflow/example_dags/example_params_ui_tutorial.py took 0.067 seconds
[2024-10-06T16:59:06.394+0000] {processor.py:186} INFO - Started process (PID=25774) to work on /home/airflow/.local/lib/python3.12/site-packages/airflow/example_dags/example_params_ui_tutorial.py
[2024-10-06T16:59:06.396+0000] {processor.py:914} INFO - Processing file /home/airflow/.local/lib/python3.12/site-packages/airflow/example_dags/example_params_ui_tutorial.py for tasks to queue
[2024-10-06T16:59:06.398+0000] {logging_mixin.py:190} INFO - [2024-10-06T16:59:06.398+0000] {dagbag.py:587} INFO - Filling up the DagBag from /home/airflow/.local/lib/python3.12/site-packages/airflow/example_dags/example_params_ui_tutorial.py
[2024-10-06T16:59:06.406+0000] {processor.py:925} INFO - DAG(s) 'example_params_ui_tutorial' retrieved from /home/airflow/.local/lib/python3.12/site-packages/airflow/example_dags/example_params_ui_tutorial.py
[2024-10-06T16:59:06.448+0000] {logging_mixin.py:190} INFO - [2024-10-06T16:59:06.448+0000] {dag.py:3229} INFO - Sync 1 DAGs
[2024-10-06T16:59:06.461+0000] {logging_mixin.py:190} INFO - [2024-10-06T16:59:06.461+0000] {dag.py:4156} INFO - Setting next_dagrun for example_params_ui_tutorial to None, run_after=None
[2024-10-06T16:59:06.483+0000] {processor.py:208} INFO - Processing /home/airflow/.local/lib/python3.12/site-packages/airflow/example_dags/example_params_ui_tutorial.py took 0.095 seconds
[2024-10-06T17:59:32.610+0000] {processor.py:186} INFO - Started process (PID=25843) to work on /home/airflow/.local/lib/python3.12/site-packages/airflow/example_dags/example_params_ui_tutorial.py
[2024-10-06T17:59:32.611+0000] {processor.py:914} INFO - Processing file /home/airflow/.local/lib/python3.12/site-packages/airflow/example_dags/example_params_ui_tutorial.py for tasks to queue
[2024-10-06T17:59:32.612+0000] {logging_mixin.py:190} INFO - [2024-10-06T17:59:32.612+0000] {dagbag.py:587} INFO - Filling up the DagBag from /home/airflow/.local/lib/python3.12/site-packages/airflow/example_dags/example_params_ui_tutorial.py
[2024-10-06T17:59:32.620+0000] {processor.py:925} INFO - DAG(s) 'example_params_ui_tutorial' retrieved from /home/airflow/.local/lib/python3.12/site-packages/airflow/example_dags/example_params_ui_tutorial.py
[2024-10-06T17:59:32.652+0000] {logging_mixin.py:190} INFO - [2024-10-06T17:59:32.652+0000] {dag.py:3229} INFO - Sync 1 DAGs
[2024-10-06T17:59:32.660+0000] {logging_mixin.py:190} INFO - [2024-10-06T17:59:32.660+0000] {dag.py:4156} INFO - Setting next_dagrun for example_params_ui_tutorial to None, run_after=None
[2024-10-06T17:59:32.671+0000] {processor.py:208} INFO - Processing /home/airflow/.local/lib/python3.12/site-packages/airflow/example_dags/example_params_ui_tutorial.py took 0.065 seconds
[2024-10-06T18:17:01.323+0000] {processor.py:186} INFO - Started process (PID=25913) to work on /home/airflow/.local/lib/python3.12/site-packages/airflow/example_dags/example_params_ui_tutorial.py
[2024-10-06T18:17:01.325+0000] {processor.py:914} INFO - Processing file /home/airflow/.local/lib/python3.12/site-packages/airflow/example_dags/example_params_ui_tutorial.py for tasks to queue
[2024-10-06T18:17:01.326+0000] {logging_mixin.py:190} INFO - [2024-10-06T18:17:01.326+0000] {dagbag.py:587} INFO - Filling up the DagBag from /home/airflow/.local/lib/python3.12/site-packages/airflow/example_dags/example_params_ui_tutorial.py
[2024-10-06T18:17:01.336+0000] {processor.py:925} INFO - DAG(s) 'example_params_ui_tutorial' retrieved from /home/airflow/.local/lib/python3.12/site-packages/airflow/example_dags/example_params_ui_tutorial.py
[2024-10-06T18:17:01.364+0000] {logging_mixin.py:190} INFO - [2024-10-06T18:17:01.364+0000] {dag.py:3229} INFO - Sync 1 DAGs
[2024-10-06T18:17:01.381+0000] {logging_mixin.py:190} INFO - [2024-10-06T18:17:01.381+0000] {dag.py:4156} INFO - Setting next_dagrun for example_params_ui_tutorial to None, run_after=None
[2024-10-06T18:17:01.396+0000] {processor.py:208} INFO - Processing /home/airflow/.local/lib/python3.12/site-packages/airflow/example_dags/example_params_ui_tutorial.py took 0.078 seconds
[2024-10-06T18:49:49.817+0000] {processor.py:186} INFO - Started process (PID=25983) to work on /home/airflow/.local/lib/python3.12/site-packages/airflow/example_dags/example_params_ui_tutorial.py
[2024-10-06T18:49:49.817+0000] {processor.py:914} INFO - Processing file /home/airflow/.local/lib/python3.12/site-packages/airflow/example_dags/example_params_ui_tutorial.py for tasks to queue
[2024-10-06T18:49:49.818+0000] {logging_mixin.py:190} INFO - [2024-10-06T18:49:49.818+0000] {dagbag.py:587} INFO - Filling up the DagBag from /home/airflow/.local/lib/python3.12/site-packages/airflow/example_dags/example_params_ui_tutorial.py
[2024-10-06T18:49:49.826+0000] {processor.py:925} INFO - DAG(s) 'example_params_ui_tutorial' retrieved from /home/airflow/.local/lib/python3.12/site-packages/airflow/example_dags/example_params_ui_tutorial.py
[2024-10-06T18:49:49.849+0000] {logging_mixin.py:190} INFO - [2024-10-06T18:49:49.849+0000] {dag.py:3229} INFO - Sync 1 DAGs
[2024-10-06T18:49:49.856+0000] {logging_mixin.py:190} INFO - [2024-10-06T18:49:49.856+0000] {dag.py:4156} INFO - Setting next_dagrun for example_params_ui_tutorial to None, run_after=None
[2024-10-06T18:49:49.863+0000] {processor.py:208} INFO - Processing /home/airflow/.local/lib/python3.12/site-packages/airflow/example_dags/example_params_ui_tutorial.py took 0.049 seconds
[2024-10-06T19:00:33.522+0000] {processor.py:186} INFO - Started process (PID=26053) to work on /home/airflow/.local/lib/python3.12/site-packages/airflow/example_dags/example_params_ui_tutorial.py
[2024-10-06T19:00:33.523+0000] {processor.py:914} INFO - Processing file /home/airflow/.local/lib/python3.12/site-packages/airflow/example_dags/example_params_ui_tutorial.py for tasks to queue
[2024-10-06T19:00:33.524+0000] {logging_mixin.py:190} INFO - [2024-10-06T19:00:33.523+0000] {dagbag.py:587} INFO - Filling up the DagBag from /home/airflow/.local/lib/python3.12/site-packages/airflow/example_dags/example_params_ui_tutorial.py
[2024-10-06T19:00:33.528+0000] {processor.py:925} INFO - DAG(s) 'example_params_ui_tutorial' retrieved from /home/airflow/.local/lib/python3.12/site-packages/airflow/example_dags/example_params_ui_tutorial.py
[2024-10-06T19:00:33.549+0000] {logging_mixin.py:190} INFO - [2024-10-06T19:00:33.549+0000] {dag.py:3229} INFO - Sync 1 DAGs
[2024-10-06T19:00:33.557+0000] {logging_mixin.py:190} INFO - [2024-10-06T19:00:33.557+0000] {dag.py:4156} INFO - Setting next_dagrun for example_params_ui_tutorial to None, run_after=None
[2024-10-06T19:00:33.570+0000] {processor.py:208} INFO - Processing /home/airflow/.local/lib/python3.12/site-packages/airflow/example_dags/example_params_ui_tutorial.py took 0.050 seconds
[2024-10-06T19:16:46.174+0000] {processor.py:186} INFO - Started process (PID=26123) to work on /home/airflow/.local/lib/python3.12/site-packages/airflow/example_dags/example_params_ui_tutorial.py
[2024-10-06T19:16:46.175+0000] {processor.py:914} INFO - Processing file /home/airflow/.local/lib/python3.12/site-packages/airflow/example_dags/example_params_ui_tutorial.py for tasks to queue
[2024-10-06T19:16:46.178+0000] {logging_mixin.py:190} INFO - [2024-10-06T19:16:46.178+0000] {dagbag.py:587} INFO - Filling up the DagBag from /home/airflow/.local/lib/python3.12/site-packages/airflow/example_dags/example_params_ui_tutorial.py
[2024-10-06T19:16:46.187+0000] {processor.py:925} INFO - DAG(s) 'example_params_ui_tutorial' retrieved from /home/airflow/.local/lib/python3.12/site-packages/airflow/example_dags/example_params_ui_tutorial.py
[2024-10-06T19:16:46.224+0000] {logging_mixin.py:190} INFO - [2024-10-06T19:16:46.224+0000] {dag.py:3229} INFO - Sync 1 DAGs
[2024-10-06T19:16:46.238+0000] {logging_mixin.py:190} INFO - [2024-10-06T19:16:46.238+0000] {dag.py:4156} INFO - Setting next_dagrun for example_params_ui_tutorial to None, run_after=None
[2024-10-06T19:16:46.262+0000] {processor.py:208} INFO - Processing /home/airflow/.local/lib/python3.12/site-packages/airflow/example_dags/example_params_ui_tutorial.py took 0.098 seconds
[2024-10-06T20:01:50.585+0000] {processor.py:186} INFO - Started process (PID=26193) to work on /home/airflow/.local/lib/python3.12/site-packages/airflow/example_dags/example_params_ui_tutorial.py
[2024-10-06T20:01:50.585+0000] {processor.py:914} INFO - Processing file /home/airflow/.local/lib/python3.12/site-packages/airflow/example_dags/example_params_ui_tutorial.py for tasks to queue
[2024-10-06T20:01:50.586+0000] {logging_mixin.py:190} INFO - [2024-10-06T20:01:50.586+0000] {dagbag.py:587} INFO - Filling up the DagBag from /home/airflow/.local/lib/python3.12/site-packages/airflow/example_dags/example_params_ui_tutorial.py
[2024-10-06T20:01:50.594+0000] {processor.py:925} INFO - DAG(s) 'example_params_ui_tutorial' retrieved from /home/airflow/.local/lib/python3.12/site-packages/airflow/example_dags/example_params_ui_tutorial.py
[2024-10-06T20:01:50.622+0000] {logging_mixin.py:190} INFO - [2024-10-06T20:01:50.622+0000] {dag.py:3229} INFO - Sync 1 DAGs
[2024-10-06T20:01:50.633+0000] {logging_mixin.py:190} INFO - [2024-10-06T20:01:50.632+0000] {dag.py:4156} INFO - Setting next_dagrun for example_params_ui_tutorial to None, run_after=None
[2024-10-06T20:01:50.643+0000] {processor.py:208} INFO - Processing /home/airflow/.local/lib/python3.12/site-packages/airflow/example_dags/example_params_ui_tutorial.py took 0.062 seconds
[2024-10-06T20:17:59.919+0000] {processor.py:186} INFO - Started process (PID=26263) to work on /home/airflow/.local/lib/python3.12/site-packages/airflow/example_dags/example_params_ui_tutorial.py
[2024-10-06T20:17:59.920+0000] {processor.py:914} INFO - Processing file /home/airflow/.local/lib/python3.12/site-packages/airflow/example_dags/example_params_ui_tutorial.py for tasks to queue
[2024-10-06T20:17:59.921+0000] {logging_mixin.py:190} INFO - [2024-10-06T20:17:59.921+0000] {dagbag.py:587} INFO - Filling up the DagBag from /home/airflow/.local/lib/python3.12/site-packages/airflow/example_dags/example_params_ui_tutorial.py
[2024-10-06T20:17:59.927+0000] {processor.py:925} INFO - DAG(s) 'example_params_ui_tutorial' retrieved from /home/airflow/.local/lib/python3.12/site-packages/airflow/example_dags/example_params_ui_tutorial.py
[2024-10-06T20:17:59.954+0000] {logging_mixin.py:190} INFO - [2024-10-06T20:17:59.953+0000] {dag.py:3229} INFO - Sync 1 DAGs
[2024-10-06T20:17:59.964+0000] {logging_mixin.py:190} INFO - [2024-10-06T20:17:59.964+0000] {dag.py:4156} INFO - Setting next_dagrun for example_params_ui_tutorial to None, run_after=None
[2024-10-06T20:17:59.976+0000] {processor.py:208} INFO - Processing /home/airflow/.local/lib/python3.12/site-packages/airflow/example_dags/example_params_ui_tutorial.py took 0.061 seconds
[2024-10-06T20:51:49.753+0000] {processor.py:186} INFO - Started process (PID=26332) to work on /home/airflow/.local/lib/python3.12/site-packages/airflow/example_dags/example_params_ui_tutorial.py
[2024-10-06T20:51:49.754+0000] {processor.py:914} INFO - Processing file /home/airflow/.local/lib/python3.12/site-packages/airflow/example_dags/example_params_ui_tutorial.py for tasks to queue
[2024-10-06T20:51:49.756+0000] {logging_mixin.py:190} INFO - [2024-10-06T20:51:49.756+0000] {dagbag.py:587} INFO - Filling up the DagBag from /home/airflow/.local/lib/python3.12/site-packages/airflow/example_dags/example_params_ui_tutorial.py
[2024-10-06T20:51:49.763+0000] {processor.py:925} INFO - DAG(s) 'example_params_ui_tutorial' retrieved from /home/airflow/.local/lib/python3.12/site-packages/airflow/example_dags/example_params_ui_tutorial.py
[2024-10-06T20:51:49.791+0000] {logging_mixin.py:190} INFO - [2024-10-06T20:51:49.791+0000] {dag.py:3229} INFO - Sync 1 DAGs
[2024-10-06T20:51:49.800+0000] {logging_mixin.py:190} INFO - [2024-10-06T20:51:49.800+0000] {dag.py:4156} INFO - Setting next_dagrun for example_params_ui_tutorial to None, run_after=None
[2024-10-06T20:51:49.811+0000] {processor.py:208} INFO - Processing /home/airflow/.local/lib/python3.12/site-packages/airflow/example_dags/example_params_ui_tutorial.py took 0.062 seconds
[2024-10-06T20:52:22.019+0000] {processor.py:186} INFO - Started process (PID=26403) to work on /home/airflow/.local/lib/python3.12/site-packages/airflow/example_dags/example_params_ui_tutorial.py
[2024-10-06T20:52:22.023+0000] {processor.py:914} INFO - Processing file /home/airflow/.local/lib/python3.12/site-packages/airflow/example_dags/example_params_ui_tutorial.py for tasks to queue
[2024-10-06T20:52:22.025+0000] {logging_mixin.py:190} INFO - [2024-10-06T20:52:22.024+0000] {dagbag.py:587} INFO - Filling up the DagBag from /home/airflow/.local/lib/python3.12/site-packages/airflow/example_dags/example_params_ui_tutorial.py
[2024-10-06T20:52:22.032+0000] {processor.py:925} INFO - DAG(s) 'example_params_ui_tutorial' retrieved from /home/airflow/.local/lib/python3.12/site-packages/airflow/example_dags/example_params_ui_tutorial.py
[2024-10-06T20:52:22.065+0000] {logging_mixin.py:190} INFO - [2024-10-06T20:52:22.065+0000] {dag.py:3229} INFO - Sync 1 DAGs
[2024-10-06T20:52:22.086+0000] {logging_mixin.py:190} INFO - [2024-10-06T20:52:22.086+0000] {dag.py:4156} INFO - Setting next_dagrun for example_params_ui_tutorial to None, run_after=None
[2024-10-06T20:52:22.105+0000] {processor.py:208} INFO - Processing /home/airflow/.local/lib/python3.12/site-packages/airflow/example_dags/example_params_ui_tutorial.py took 0.094 seconds
[2024-10-06T21:19:20.697+0000] {processor.py:186} INFO - Started process (PID=26473) to work on /home/airflow/.local/lib/python3.12/site-packages/airflow/example_dags/example_params_ui_tutorial.py
[2024-10-06T21:19:20.698+0000] {processor.py:914} INFO - Processing file /home/airflow/.local/lib/python3.12/site-packages/airflow/example_dags/example_params_ui_tutorial.py for tasks to queue
[2024-10-06T21:19:20.699+0000] {logging_mixin.py:190} INFO - [2024-10-06T21:19:20.699+0000] {dagbag.py:587} INFO - Filling up the DagBag from /home/airflow/.local/lib/python3.12/site-packages/airflow/example_dags/example_params_ui_tutorial.py
[2024-10-06T21:19:20.707+0000] {processor.py:925} INFO - DAG(s) 'example_params_ui_tutorial' retrieved from /home/airflow/.local/lib/python3.12/site-packages/airflow/example_dags/example_params_ui_tutorial.py
[2024-10-06T21:19:20.731+0000] {logging_mixin.py:190} INFO - [2024-10-06T21:19:20.731+0000] {dag.py:3229} INFO - Sync 1 DAGs
[2024-10-06T21:19:20.739+0000] {logging_mixin.py:190} INFO - [2024-10-06T21:19:20.739+0000] {dag.py:4156} INFO - Setting next_dagrun for example_params_ui_tutorial to None, run_after=None
[2024-10-06T21:19:20.756+0000] {processor.py:208} INFO - Processing /home/airflow/.local/lib/python3.12/site-packages/airflow/example_dags/example_params_ui_tutorial.py took 0.069 seconds
[2024-10-06T21:52:08.469+0000] {processor.py:186} INFO - Started process (PID=26543) to work on /home/airflow/.local/lib/python3.12/site-packages/airflow/example_dags/example_params_ui_tutorial.py
[2024-10-06T21:52:08.471+0000] {processor.py:914} INFO - Processing file /home/airflow/.local/lib/python3.12/site-packages/airflow/example_dags/example_params_ui_tutorial.py for tasks to queue
[2024-10-06T21:52:08.471+0000] {logging_mixin.py:190} INFO - [2024-10-06T21:52:08.471+0000] {dagbag.py:587} INFO - Filling up the DagBag from /home/airflow/.local/lib/python3.12/site-packages/airflow/example_dags/example_params_ui_tutorial.py
[2024-10-06T21:52:08.477+0000] {processor.py:925} INFO - DAG(s) 'example_params_ui_tutorial' retrieved from /home/airflow/.local/lib/python3.12/site-packages/airflow/example_dags/example_params_ui_tutorial.py
[2024-10-06T21:52:08.501+0000] {logging_mixin.py:190} INFO - [2024-10-06T21:52:08.501+0000] {dag.py:3229} INFO - Sync 1 DAGs
[2024-10-06T21:52:08.515+0000] {logging_mixin.py:190} INFO - [2024-10-06T21:52:08.515+0000] {dag.py:4156} INFO - Setting next_dagrun for example_params_ui_tutorial to None, run_after=None
[2024-10-06T21:52:08.529+0000] {processor.py:208} INFO - Processing /home/airflow/.local/lib/python3.12/site-packages/airflow/example_dags/example_params_ui_tutorial.py took 0.064 seconds
[2024-10-06T22:53:03.349+0000] {processor.py:186} INFO - Started process (PID=26613) to work on /home/airflow/.local/lib/python3.12/site-packages/airflow/example_dags/example_params_ui_tutorial.py
[2024-10-06T22:53:03.350+0000] {processor.py:914} INFO - Processing file /home/airflow/.local/lib/python3.12/site-packages/airflow/example_dags/example_params_ui_tutorial.py for tasks to queue
[2024-10-06T22:53:03.351+0000] {logging_mixin.py:190} INFO - [2024-10-06T22:53:03.351+0000] {dagbag.py:587} INFO - Filling up the DagBag from /home/airflow/.local/lib/python3.12/site-packages/airflow/example_dags/example_params_ui_tutorial.py
[2024-10-06T22:53:03.359+0000] {processor.py:925} INFO - DAG(s) 'example_params_ui_tutorial' retrieved from /home/airflow/.local/lib/python3.12/site-packages/airflow/example_dags/example_params_ui_tutorial.py
[2024-10-06T22:53:03.381+0000] {logging_mixin.py:190} INFO - [2024-10-06T22:53:03.381+0000] {dag.py:3229} INFO - Sync 1 DAGs
[2024-10-06T22:53:03.388+0000] {logging_mixin.py:190} INFO - [2024-10-06T22:53:03.388+0000] {dag.py:4156} INFO - Setting next_dagrun for example_params_ui_tutorial to None, run_after=None
[2024-10-06T22:53:03.398+0000] {processor.py:208} INFO - Processing /home/airflow/.local/lib/python3.12/site-packages/airflow/example_dags/example_params_ui_tutorial.py took 0.053 seconds
[2024-10-06T23:21:11.565+0000] {processor.py:186} INFO - Started process (PID=26683) to work on /home/airflow/.local/lib/python3.12/site-packages/airflow/example_dags/example_params_ui_tutorial.py
[2024-10-06T23:21:11.567+0000] {processor.py:914} INFO - Processing file /home/airflow/.local/lib/python3.12/site-packages/airflow/example_dags/example_params_ui_tutorial.py for tasks to queue
[2024-10-06T23:21:11.569+0000] {logging_mixin.py:190} INFO - [2024-10-06T23:21:11.569+0000] {dagbag.py:587} INFO - Filling up the DagBag from /home/airflow/.local/lib/python3.12/site-packages/airflow/example_dags/example_params_ui_tutorial.py
[2024-10-06T23:21:11.584+0000] {processor.py:925} INFO - DAG(s) 'example_params_ui_tutorial' retrieved from /home/airflow/.local/lib/python3.12/site-packages/airflow/example_dags/example_params_ui_tutorial.py
[2024-10-06T23:21:11.617+0000] {logging_mixin.py:190} INFO - [2024-10-06T23:21:11.617+0000] {dag.py:3229} INFO - Sync 1 DAGs
[2024-10-06T23:21:11.629+0000] {logging_mixin.py:190} INFO - [2024-10-06T23:21:11.629+0000] {dag.py:4156} INFO - Setting next_dagrun for example_params_ui_tutorial to None, run_after=None
[2024-10-06T23:21:11.884+0000] {processor.py:208} INFO - Processing /home/airflow/.local/lib/python3.12/site-packages/airflow/example_dags/example_params_ui_tutorial.py took 0.324 seconds
[2024-10-06T23:39:13.210+0000] {processor.py:186} INFO - Started process (PID=26753) to work on /home/airflow/.local/lib/python3.12/site-packages/airflow/example_dags/example_params_ui_tutorial.py
[2024-10-06T23:39:13.211+0000] {processor.py:914} INFO - Processing file /home/airflow/.local/lib/python3.12/site-packages/airflow/example_dags/example_params_ui_tutorial.py for tasks to queue
[2024-10-06T23:39:13.212+0000] {logging_mixin.py:190} INFO - [2024-10-06T23:39:13.212+0000] {dagbag.py:587} INFO - Filling up the DagBag from /home/airflow/.local/lib/python3.12/site-packages/airflow/example_dags/example_params_ui_tutorial.py
[2024-10-06T23:39:13.219+0000] {processor.py:925} INFO - DAG(s) 'example_params_ui_tutorial' retrieved from /home/airflow/.local/lib/python3.12/site-packages/airflow/example_dags/example_params_ui_tutorial.py
[2024-10-06T23:39:13.252+0000] {logging_mixin.py:190} INFO - [2024-10-06T23:39:13.252+0000] {dag.py:3229} INFO - Sync 1 DAGs
[2024-10-06T23:39:13.261+0000] {logging_mixin.py:190} INFO - [2024-10-06T23:39:13.261+0000] {dag.py:4156} INFO - Setting next_dagrun for example_params_ui_tutorial to None, run_after=None
[2024-10-06T23:39:13.270+0000] {processor.py:208} INFO - Processing /home/airflow/.local/lib/python3.12/site-packages/airflow/example_dags/example_params_ui_tutorial.py took 0.066 seconds
