[2024-10-06T00:50:46.675+0000] {processor.py:186} INFO - Started process (PID=24082) to work on /home/airflow/.local/lib/python3.12/site-packages/airflow/example_dags/example_kubernetes_executor.py
[2024-10-06T00:50:46.675+0000] {processor.py:914} INFO - Processing file /home/airflow/.local/lib/python3.12/site-packages/airflow/example_dags/example_kubernetes_executor.py for tasks to queue
[2024-10-06T00:50:46.676+0000] {logging_mixin.py:190} INFO - [2024-10-06T00:50:46.676+0000] {dagbag.py:587} INFO - Filling up the DagBag from /home/airflow/.local/lib/python3.12/site-packages/airflow/example_dags/example_kubernetes_executor.py
[2024-10-06T00:50:46.685+0000] {processor.py:925} INFO - DAG(s) 'example_kubernetes_executor' retrieved from /home/airflow/.local/lib/python3.12/site-packages/airflow/example_dags/example_kubernetes_executor.py
[2024-10-06T00:50:46.704+0000] {logging_mixin.py:190} INFO - [2024-10-06T00:50:46.703+0000] {dag.py:3229} INFO - Sync 1 DAGs
[2024-10-06T00:50:46.714+0000] {logging_mixin.py:190} INFO - [2024-10-06T00:50:46.714+0000] {dag.py:4156} INFO - Setting next_dagrun for example_kubernetes_executor to None, run_after=None
[2024-10-06T00:50:46.723+0000] {processor.py:208} INFO - Processing /home/airflow/.local/lib/python3.12/site-packages/airflow/example_dags/example_kubernetes_executor.py took 0.051 seconds
[2024-10-06T00:51:17.374+0000] {processor.py:186} INFO - Started process (PID=24152) to work on /home/airflow/.local/lib/python3.12/site-packages/airflow/example_dags/example_kubernetes_executor.py
[2024-10-06T00:51:17.376+0000] {processor.py:914} INFO - Processing file /home/airflow/.local/lib/python3.12/site-packages/airflow/example_dags/example_kubernetes_executor.py for tasks to queue
[2024-10-06T00:51:17.378+0000] {logging_mixin.py:190} INFO - [2024-10-06T00:51:17.378+0000] {dagbag.py:587} INFO - Filling up the DagBag from /home/airflow/.local/lib/python3.12/site-packages/airflow/example_dags/example_kubernetes_executor.py
[2024-10-06T00:51:17.392+0000] {processor.py:925} INFO - DAG(s) 'example_kubernetes_executor' retrieved from /home/airflow/.local/lib/python3.12/site-packages/airflow/example_dags/example_kubernetes_executor.py
[2024-10-06T00:51:17.419+0000] {logging_mixin.py:190} INFO - [2024-10-06T00:51:17.419+0000] {dag.py:3229} INFO - Sync 1 DAGs
[2024-10-06T00:51:17.427+0000] {logging_mixin.py:190} INFO - [2024-10-06T00:51:17.427+0000] {dag.py:4156} INFO - Setting next_dagrun for example_kubernetes_executor to None, run_after=None
[2024-10-06T00:51:17.447+0000] {processor.py:208} INFO - Processing /home/airflow/.local/lib/python3.12/site-packages/airflow/example_dags/example_kubernetes_executor.py took 0.076 seconds
[2024-10-06T01:51:41.506+0000] {processor.py:186} INFO - Started process (PID=24221) to work on /home/airflow/.local/lib/python3.12/site-packages/airflow/example_dags/example_kubernetes_executor.py
[2024-10-06T01:51:41.507+0000] {processor.py:914} INFO - Processing file /home/airflow/.local/lib/python3.12/site-packages/airflow/example_dags/example_kubernetes_executor.py for tasks to queue
[2024-10-06T01:51:41.509+0000] {logging_mixin.py:190} INFO - [2024-10-06T01:51:41.509+0000] {dagbag.py:587} INFO - Filling up the DagBag from /home/airflow/.local/lib/python3.12/site-packages/airflow/example_dags/example_kubernetes_executor.py
[2024-10-06T01:51:41.531+0000] {processor.py:925} INFO - DAG(s) 'example_kubernetes_executor' retrieved from /home/airflow/.local/lib/python3.12/site-packages/airflow/example_dags/example_kubernetes_executor.py
[2024-10-06T01:51:41.564+0000] {logging_mixin.py:190} INFO - [2024-10-06T01:51:41.564+0000] {dag.py:3229} INFO - Sync 1 DAGs
[2024-10-06T01:51:41.573+0000] {logging_mixin.py:190} INFO - [2024-10-06T01:51:41.573+0000] {dag.py:4156} INFO - Setting next_dagrun for example_kubernetes_executor to None, run_after=None
[2024-10-06T01:51:41.590+0000] {processor.py:208} INFO - Processing /home/airflow/.local/lib/python3.12/site-packages/airflow/example_dags/example_kubernetes_executor.py took 0.086 seconds
[2024-10-06T02:42:31.539+0000] {processor.py:186} INFO - Started process (PID=24290) to work on /home/airflow/.local/lib/python3.12/site-packages/airflow/example_dags/example_kubernetes_executor.py
[2024-10-06T02:42:31.541+0000] {processor.py:914} INFO - Processing file /home/airflow/.local/lib/python3.12/site-packages/airflow/example_dags/example_kubernetes_executor.py for tasks to queue
[2024-10-06T02:42:31.544+0000] {logging_mixin.py:190} INFO - [2024-10-06T02:42:31.544+0000] {dagbag.py:587} INFO - Filling up the DagBag from /home/airflow/.local/lib/python3.12/site-packages/airflow/example_dags/example_kubernetes_executor.py
[2024-10-06T02:42:31.555+0000] {processor.py:925} INFO - DAG(s) 'example_kubernetes_executor' retrieved from /home/airflow/.local/lib/python3.12/site-packages/airflow/example_dags/example_kubernetes_executor.py
[2024-10-06T02:42:31.594+0000] {logging_mixin.py:190} INFO - [2024-10-06T02:42:31.594+0000] {dag.py:3229} INFO - Sync 1 DAGs
[2024-10-06T02:42:31.603+0000] {logging_mixin.py:190} INFO - [2024-10-06T02:42:31.603+0000] {dag.py:4156} INFO - Setting next_dagrun for example_kubernetes_executor to None, run_after=None
[2024-10-06T02:42:31.611+0000] {processor.py:208} INFO - Processing /home/airflow/.local/lib/python3.12/site-packages/airflow/example_dags/example_kubernetes_executor.py took 0.075 seconds
[2024-10-06T03:10:35.469+0000] {processor.py:186} INFO - Started process (PID=24360) to work on /home/airflow/.local/lib/python3.12/site-packages/airflow/example_dags/example_kubernetes_executor.py
[2024-10-06T03:10:35.471+0000] {processor.py:914} INFO - Processing file /home/airflow/.local/lib/python3.12/site-packages/airflow/example_dags/example_kubernetes_executor.py for tasks to queue
[2024-10-06T03:10:35.472+0000] {logging_mixin.py:190} INFO - [2024-10-06T03:10:35.472+0000] {dagbag.py:587} INFO - Filling up the DagBag from /home/airflow/.local/lib/python3.12/site-packages/airflow/example_dags/example_kubernetes_executor.py
[2024-10-06T03:10:35.493+0000] {processor.py:925} INFO - DAG(s) 'example_kubernetes_executor' retrieved from /home/airflow/.local/lib/python3.12/site-packages/airflow/example_dags/example_kubernetes_executor.py
[2024-10-06T03:10:35.544+0000] {logging_mixin.py:190} INFO - [2024-10-06T03:10:35.543+0000] {dag.py:3229} INFO - Sync 1 DAGs
[2024-10-06T03:10:35.560+0000] {logging_mixin.py:190} INFO - [2024-10-06T03:10:35.560+0000] {dag.py:4156} INFO - Setting next_dagrun for example_kubernetes_executor to None, run_after=None
[2024-10-06T03:10:35.577+0000] {processor.py:208} INFO - Processing /home/airflow/.local/lib/python3.12/site-packages/airflow/example_dags/example_kubernetes_executor.py took 0.112 seconds
[2024-10-06T03:53:52.260+0000] {processor.py:186} INFO - Started process (PID=24430) to work on /home/airflow/.local/lib/python3.12/site-packages/airflow/example_dags/example_kubernetes_executor.py
[2024-10-06T03:53:52.261+0000] {processor.py:914} INFO - Processing file /home/airflow/.local/lib/python3.12/site-packages/airflow/example_dags/example_kubernetes_executor.py for tasks to queue
[2024-10-06T03:53:52.262+0000] {logging_mixin.py:190} INFO - [2024-10-06T03:53:52.262+0000] {dagbag.py:587} INFO - Filling up the DagBag from /home/airflow/.local/lib/python3.12/site-packages/airflow/example_dags/example_kubernetes_executor.py
[2024-10-06T03:53:52.275+0000] {processor.py:925} INFO - DAG(s) 'example_kubernetes_executor' retrieved from /home/airflow/.local/lib/python3.12/site-packages/airflow/example_dags/example_kubernetes_executor.py
[2024-10-06T03:53:52.301+0000] {logging_mixin.py:190} INFO - [2024-10-06T03:53:52.301+0000] {dag.py:3229} INFO - Sync 1 DAGs
[2024-10-06T03:53:52.320+0000] {logging_mixin.py:190} INFO - [2024-10-06T03:53:52.320+0000] {dag.py:4156} INFO - Setting next_dagrun for example_kubernetes_executor to None, run_after=None
[2024-10-06T03:53:52.342+0000] {processor.py:208} INFO - Processing /home/airflow/.local/lib/python3.12/site-packages/airflow/example_dags/example_kubernetes_executor.py took 0.085 seconds
[2024-10-06T04:44:15.114+0000] {processor.py:186} INFO - Started process (PID=24500) to work on /home/airflow/.local/lib/python3.12/site-packages/airflow/example_dags/example_kubernetes_executor.py
[2024-10-06T04:44:15.116+0000] {processor.py:914} INFO - Processing file /home/airflow/.local/lib/python3.12/site-packages/airflow/example_dags/example_kubernetes_executor.py for tasks to queue
[2024-10-06T04:44:15.117+0000] {logging_mixin.py:190} INFO - [2024-10-06T04:44:15.117+0000] {dagbag.py:587} INFO - Filling up the DagBag from /home/airflow/.local/lib/python3.12/site-packages/airflow/example_dags/example_kubernetes_executor.py
[2024-10-06T04:44:15.138+0000] {processor.py:925} INFO - DAG(s) 'example_kubernetes_executor' retrieved from /home/airflow/.local/lib/python3.12/site-packages/airflow/example_dags/example_kubernetes_executor.py
[2024-10-06T04:44:15.163+0000] {logging_mixin.py:190} INFO - [2024-10-06T04:44:15.163+0000] {dag.py:3229} INFO - Sync 1 DAGs
[2024-10-06T04:44:15.170+0000] {logging_mixin.py:190} INFO - [2024-10-06T04:44:15.170+0000] {dag.py:4156} INFO - Setting next_dagrun for example_kubernetes_executor to None, run_after=None
[2024-10-06T04:44:15.177+0000] {processor.py:208} INFO - Processing /home/airflow/.local/lib/python3.12/site-packages/airflow/example_dags/example_kubernetes_executor.py took 0.065 seconds
[2024-10-06T05:45:10.079+0000] {processor.py:186} INFO - Started process (PID=24570) to work on /home/airflow/.local/lib/python3.12/site-packages/airflow/example_dags/example_kubernetes_executor.py
[2024-10-06T05:45:10.080+0000] {processor.py:914} INFO - Processing file /home/airflow/.local/lib/python3.12/site-packages/airflow/example_dags/example_kubernetes_executor.py for tasks to queue
[2024-10-06T05:45:10.081+0000] {logging_mixin.py:190} INFO - [2024-10-06T05:45:10.081+0000] {dagbag.py:587} INFO - Filling up the DagBag from /home/airflow/.local/lib/python3.12/site-packages/airflow/example_dags/example_kubernetes_executor.py
[2024-10-06T05:45:10.090+0000] {processor.py:925} INFO - DAG(s) 'example_kubernetes_executor' retrieved from /home/airflow/.local/lib/python3.12/site-packages/airflow/example_dags/example_kubernetes_executor.py
[2024-10-06T05:45:10.113+0000] {logging_mixin.py:190} INFO - [2024-10-06T05:45:10.113+0000] {dag.py:3229} INFO - Sync 1 DAGs
[2024-10-06T05:45:10.126+0000] {logging_mixin.py:190} INFO - [2024-10-06T05:45:10.126+0000] {dag.py:4156} INFO - Setting next_dagrun for example_kubernetes_executor to None, run_after=None
[2024-10-06T05:45:10.137+0000] {processor.py:208} INFO - Processing /home/airflow/.local/lib/python3.12/site-packages/airflow/example_dags/example_kubernetes_executor.py took 0.062 seconds
[2024-10-06T06:27:10.660+0000] {processor.py:186} INFO - Started process (PID=24640) to work on /home/airflow/.local/lib/python3.12/site-packages/airflow/example_dags/example_kubernetes_executor.py
[2024-10-06T06:27:10.664+0000] {processor.py:914} INFO - Processing file /home/airflow/.local/lib/python3.12/site-packages/airflow/example_dags/example_kubernetes_executor.py for tasks to queue
[2024-10-06T06:27:10.665+0000] {logging_mixin.py:190} INFO - [2024-10-06T06:27:10.665+0000] {dagbag.py:587} INFO - Filling up the DagBag from /home/airflow/.local/lib/python3.12/site-packages/airflow/example_dags/example_kubernetes_executor.py
[2024-10-06T06:27:10.678+0000] {processor.py:925} INFO - DAG(s) 'example_kubernetes_executor' retrieved from /home/airflow/.local/lib/python3.12/site-packages/airflow/example_dags/example_kubernetes_executor.py
[2024-10-06T06:27:10.698+0000] {logging_mixin.py:190} INFO - [2024-10-06T06:27:10.697+0000] {dag.py:3229} INFO - Sync 1 DAGs
[2024-10-06T06:27:10.704+0000] {logging_mixin.py:190} INFO - [2024-10-06T06:27:10.704+0000] {dag.py:4156} INFO - Setting next_dagrun for example_kubernetes_executor to None, run_after=None
[2024-10-06T06:27:10.715+0000] {processor.py:208} INFO - Processing /home/airflow/.local/lib/python3.12/site-packages/airflow/example_dags/example_kubernetes_executor.py took 0.058 seconds
[2024-10-06T06:56:39.343+0000] {processor.py:186} INFO - Started process (PID=24710) to work on /home/airflow/.local/lib/python3.12/site-packages/airflow/example_dags/example_kubernetes_executor.py
[2024-10-06T06:56:39.344+0000] {processor.py:914} INFO - Processing file /home/airflow/.local/lib/python3.12/site-packages/airflow/example_dags/example_kubernetes_executor.py for tasks to queue
[2024-10-06T06:56:39.344+0000] {logging_mixin.py:190} INFO - [2024-10-06T06:56:39.344+0000] {dagbag.py:587} INFO - Filling up the DagBag from /home/airflow/.local/lib/python3.12/site-packages/airflow/example_dags/example_kubernetes_executor.py
[2024-10-06T06:56:39.353+0000] {processor.py:925} INFO - DAG(s) 'example_kubernetes_executor' retrieved from /home/airflow/.local/lib/python3.12/site-packages/airflow/example_dags/example_kubernetes_executor.py
[2024-10-06T06:56:39.379+0000] {logging_mixin.py:190} INFO - [2024-10-06T06:56:39.379+0000] {dag.py:3229} INFO - Sync 1 DAGs
[2024-10-06T06:56:39.388+0000] {logging_mixin.py:190} INFO - [2024-10-06T06:56:39.388+0000] {dag.py:4156} INFO - Setting next_dagrun for example_kubernetes_executor to None, run_after=None
[2024-10-06T06:56:39.400+0000] {processor.py:208} INFO - Processing /home/airflow/.local/lib/python3.12/site-packages/airflow/example_dags/example_kubernetes_executor.py took 0.061 seconds
[2024-10-06T07:29:02.727+0000] {processor.py:186} INFO - Started process (PID=24780) to work on /home/airflow/.local/lib/python3.12/site-packages/airflow/example_dags/example_kubernetes_executor.py
[2024-10-06T07:29:02.728+0000] {processor.py:914} INFO - Processing file /home/airflow/.local/lib/python3.12/site-packages/airflow/example_dags/example_kubernetes_executor.py for tasks to queue
[2024-10-06T07:29:02.730+0000] {logging_mixin.py:190} INFO - [2024-10-06T07:29:02.729+0000] {dagbag.py:587} INFO - Filling up the DagBag from /home/airflow/.local/lib/python3.12/site-packages/airflow/example_dags/example_kubernetes_executor.py
[2024-10-06T07:29:02.748+0000] {processor.py:925} INFO - DAG(s) 'example_kubernetes_executor' retrieved from /home/airflow/.local/lib/python3.12/site-packages/airflow/example_dags/example_kubernetes_executor.py
[2024-10-06T07:29:02.912+0000] {logging_mixin.py:190} INFO - [2024-10-06T07:29:02.912+0000] {dag.py:3229} INFO - Sync 1 DAGs
[2024-10-06T07:29:02.954+0000] {logging_mixin.py:190} INFO - [2024-10-06T07:29:02.954+0000] {dag.py:4156} INFO - Setting next_dagrun for example_kubernetes_executor to None, run_after=None
[2024-10-06T07:29:03.005+0000] {processor.py:208} INFO - Processing /home/airflow/.local/lib/python3.12/site-packages/airflow/example_dags/example_kubernetes_executor.py took 0.282 seconds
[2024-10-06T07:57:57.158+0000] {processor.py:186} INFO - Started process (PID=24850) to work on /home/airflow/.local/lib/python3.12/site-packages/airflow/example_dags/example_kubernetes_executor.py
[2024-10-06T07:57:57.161+0000] {processor.py:914} INFO - Processing file /home/airflow/.local/lib/python3.12/site-packages/airflow/example_dags/example_kubernetes_executor.py for tasks to queue
[2024-10-06T07:57:57.161+0000] {logging_mixin.py:190} INFO - [2024-10-06T07:57:57.161+0000] {dagbag.py:587} INFO - Filling up the DagBag from /home/airflow/.local/lib/python3.12/site-packages/airflow/example_dags/example_kubernetes_executor.py
[2024-10-06T07:57:57.170+0000] {processor.py:925} INFO - DAG(s) 'example_kubernetes_executor' retrieved from /home/airflow/.local/lib/python3.12/site-packages/airflow/example_dags/example_kubernetes_executor.py
[2024-10-06T07:57:57.187+0000] {logging_mixin.py:190} INFO - [2024-10-06T07:57:57.187+0000] {dag.py:3229} INFO - Sync 1 DAGs
[2024-10-06T07:57:57.194+0000] {logging_mixin.py:190} INFO - [2024-10-06T07:57:57.193+0000] {dag.py:4156} INFO - Setting next_dagrun for example_kubernetes_executor to None, run_after=None
[2024-10-06T07:57:57.201+0000] {processor.py:208} INFO - Processing /home/airflow/.local/lib/python3.12/site-packages/airflow/example_dags/example_kubernetes_executor.py took 0.046 seconds
[2024-10-06T08:02:59.035+0000] {processor.py:186} INFO - Started process (PID=24920) to work on /home/airflow/.local/lib/python3.12/site-packages/airflow/example_dags/example_kubernetes_executor.py
[2024-10-06T08:02:59.036+0000] {processor.py:914} INFO - Processing file /home/airflow/.local/lib/python3.12/site-packages/airflow/example_dags/example_kubernetes_executor.py for tasks to queue
[2024-10-06T08:02:59.037+0000] {logging_mixin.py:190} INFO - [2024-10-06T08:02:59.036+0000] {dagbag.py:587} INFO - Filling up the DagBag from /home/airflow/.local/lib/python3.12/site-packages/airflow/example_dags/example_kubernetes_executor.py
[2024-10-06T08:02:59.045+0000] {processor.py:925} INFO - DAG(s) 'example_kubernetes_executor' retrieved from /home/airflow/.local/lib/python3.12/site-packages/airflow/example_dags/example_kubernetes_executor.py
[2024-10-06T08:02:59.064+0000] {logging_mixin.py:190} INFO - [2024-10-06T08:02:59.063+0000] {dag.py:3229} INFO - Sync 1 DAGs
[2024-10-06T08:02:59.074+0000] {logging_mixin.py:190} INFO - [2024-10-06T08:02:59.074+0000] {dag.py:4156} INFO - Setting next_dagrun for example_kubernetes_executor to None, run_after=None
[2024-10-06T08:02:59.088+0000] {processor.py:208} INFO - Processing /home/airflow/.local/lib/python3.12/site-packages/airflow/example_dags/example_kubernetes_executor.py took 0.056 seconds
[2024-10-06T08:03:29.875+0000] {processor.py:186} INFO - Started process (PID=24990) to work on /home/airflow/.local/lib/python3.12/site-packages/airflow/example_dags/example_kubernetes_executor.py
[2024-10-06T08:03:29.876+0000] {processor.py:914} INFO - Processing file /home/airflow/.local/lib/python3.12/site-packages/airflow/example_dags/example_kubernetes_executor.py for tasks to queue
[2024-10-06T08:03:29.877+0000] {logging_mixin.py:190} INFO - [2024-10-06T08:03:29.876+0000] {dagbag.py:587} INFO - Filling up the DagBag from /home/airflow/.local/lib/python3.12/site-packages/airflow/example_dags/example_kubernetes_executor.py
[2024-10-06T08:03:29.885+0000] {processor.py:925} INFO - DAG(s) 'example_kubernetes_executor' retrieved from /home/airflow/.local/lib/python3.12/site-packages/airflow/example_dags/example_kubernetes_executor.py
[2024-10-06T08:03:29.905+0000] {logging_mixin.py:190} INFO - [2024-10-06T08:03:29.905+0000] {dag.py:3229} INFO - Sync 1 DAGs
[2024-10-06T08:03:29.915+0000] {logging_mixin.py:190} INFO - [2024-10-06T08:03:29.915+0000] {dag.py:4156} INFO - Setting next_dagrun for example_kubernetes_executor to None, run_after=None
[2024-10-06T08:03:29.924+0000] {processor.py:208} INFO - Processing /home/airflow/.local/lib/python3.12/site-packages/airflow/example_dags/example_kubernetes_executor.py took 0.053 seconds
[2024-10-06T09:43:48.049+0000] {processor.py:186} INFO - Started process (PID=25060) to work on /home/airflow/.local/lib/python3.12/site-packages/airflow/example_dags/example_kubernetes_executor.py
[2024-10-06T09:43:48.052+0000] {processor.py:914} INFO - Processing file /home/airflow/.local/lib/python3.12/site-packages/airflow/example_dags/example_kubernetes_executor.py for tasks to queue
[2024-10-06T09:43:48.052+0000] {logging_mixin.py:190} INFO - [2024-10-06T09:43:48.052+0000] {dagbag.py:587} INFO - Filling up the DagBag from /home/airflow/.local/lib/python3.12/site-packages/airflow/example_dags/example_kubernetes_executor.py
[2024-10-06T09:43:48.071+0000] {processor.py:925} INFO - DAG(s) 'example_kubernetes_executor' retrieved from /home/airflow/.local/lib/python3.12/site-packages/airflow/example_dags/example_kubernetes_executor.py
[2024-10-06T09:43:48.096+0000] {logging_mixin.py:190} INFO - [2024-10-06T09:43:48.095+0000] {dag.py:3229} INFO - Sync 1 DAGs
[2024-10-06T09:43:48.108+0000] {logging_mixin.py:190} INFO - [2024-10-06T09:43:48.108+0000] {dag.py:4156} INFO - Setting next_dagrun for example_kubernetes_executor to None, run_after=None
[2024-10-06T09:43:48.126+0000] {processor.py:208} INFO - Processing /home/airflow/.local/lib/python3.12/site-packages/airflow/example_dags/example_kubernetes_executor.py took 0.080 seconds
[2024-10-06T10:16:41.492+0000] {processor.py:186} INFO - Started process (PID=25129) to work on /home/airflow/.local/lib/python3.12/site-packages/airflow/example_dags/example_kubernetes_executor.py
[2024-10-06T10:16:41.493+0000] {processor.py:914} INFO - Processing file /home/airflow/.local/lib/python3.12/site-packages/airflow/example_dags/example_kubernetes_executor.py for tasks to queue
[2024-10-06T10:16:41.493+0000] {logging_mixin.py:190} INFO - [2024-10-06T10:16:41.493+0000] {dagbag.py:587} INFO - Filling up the DagBag from /home/airflow/.local/lib/python3.12/site-packages/airflow/example_dags/example_kubernetes_executor.py
[2024-10-06T10:16:41.503+0000] {processor.py:925} INFO - DAG(s) 'example_kubernetes_executor' retrieved from /home/airflow/.local/lib/python3.12/site-packages/airflow/example_dags/example_kubernetes_executor.py
[2024-10-06T10:16:41.524+0000] {logging_mixin.py:190} INFO - [2024-10-06T10:16:41.524+0000] {dag.py:3229} INFO - Sync 1 DAGs
[2024-10-06T10:16:41.533+0000] {logging_mixin.py:190} INFO - [2024-10-06T10:16:41.533+0000] {dag.py:4156} INFO - Setting next_dagrun for example_kubernetes_executor to None, run_after=None
[2024-10-06T10:16:41.542+0000] {processor.py:208} INFO - Processing /home/airflow/.local/lib/python3.12/site-packages/airflow/example_dags/example_kubernetes_executor.py took 0.054 seconds
[2024-10-06T11:20:54.552+0000] {processor.py:186} INFO - Started process (PID=25199) to work on /home/airflow/.local/lib/python3.12/site-packages/airflow/example_dags/example_kubernetes_executor.py
[2024-10-06T11:20:54.554+0000] {processor.py:914} INFO - Processing file /home/airflow/.local/lib/python3.12/site-packages/airflow/example_dags/example_kubernetes_executor.py for tasks to queue
[2024-10-06T11:20:54.555+0000] {logging_mixin.py:190} INFO - [2024-10-06T11:20:54.554+0000] {dagbag.py:587} INFO - Filling up the DagBag from /home/airflow/.local/lib/python3.12/site-packages/airflow/example_dags/example_kubernetes_executor.py
[2024-10-06T11:20:54.572+0000] {processor.py:925} INFO - DAG(s) 'example_kubernetes_executor' retrieved from /home/airflow/.local/lib/python3.12/site-packages/airflow/example_dags/example_kubernetes_executor.py
[2024-10-06T11:20:54.594+0000] {logging_mixin.py:190} INFO - [2024-10-06T11:20:54.594+0000] {dag.py:3229} INFO - Sync 1 DAGs
[2024-10-06T11:20:54.610+0000] {logging_mixin.py:190} INFO - [2024-10-06T11:20:54.609+0000] {dag.py:4156} INFO - Setting next_dagrun for example_kubernetes_executor to None, run_after=None
[2024-10-06T11:20:54.637+0000] {processor.py:208} INFO - Processing /home/airflow/.local/lib/python3.12/site-packages/airflow/example_dags/example_kubernetes_executor.py took 0.089 seconds
[2024-10-06T13:00:04.038+0000] {processor.py:186} INFO - Started process (PID=25269) to work on /home/airflow/.local/lib/python3.12/site-packages/airflow/example_dags/example_kubernetes_executor.py
[2024-10-06T13:00:04.039+0000] {processor.py:914} INFO - Processing file /home/airflow/.local/lib/python3.12/site-packages/airflow/example_dags/example_kubernetes_executor.py for tasks to queue
[2024-10-06T13:00:04.042+0000] {logging_mixin.py:190} INFO - [2024-10-06T13:00:04.042+0000] {dagbag.py:587} INFO - Filling up the DagBag from /home/airflow/.local/lib/python3.12/site-packages/airflow/example_dags/example_kubernetes_executor.py
[2024-10-06T13:00:04.054+0000] {processor.py:925} INFO - DAG(s) 'example_kubernetes_executor' retrieved from /home/airflow/.local/lib/python3.12/site-packages/airflow/example_dags/example_kubernetes_executor.py
[2024-10-06T13:00:04.081+0000] {logging_mixin.py:190} INFO - [2024-10-06T13:00:04.081+0000] {dag.py:3229} INFO - Sync 1 DAGs
[2024-10-06T13:00:04.091+0000] {logging_mixin.py:190} INFO - [2024-10-06T13:00:04.090+0000] {dag.py:4156} INFO - Setting next_dagrun for example_kubernetes_executor to None, run_after=None
[2024-10-06T13:00:04.110+0000] {processor.py:208} INFO - Processing /home/airflow/.local/lib/python3.12/site-packages/airflow/example_dags/example_kubernetes_executor.py took 0.078 seconds
[2024-10-06T13:48:15.465+0000] {processor.py:186} INFO - Started process (PID=25339) to work on /home/airflow/.local/lib/python3.12/site-packages/airflow/example_dags/example_kubernetes_executor.py
[2024-10-06T13:48:15.466+0000] {processor.py:914} INFO - Processing file /home/airflow/.local/lib/python3.12/site-packages/airflow/example_dags/example_kubernetes_executor.py for tasks to queue
[2024-10-06T13:48:15.466+0000] {logging_mixin.py:190} INFO - [2024-10-06T13:48:15.466+0000] {dagbag.py:587} INFO - Filling up the DagBag from /home/airflow/.local/lib/python3.12/site-packages/airflow/example_dags/example_kubernetes_executor.py
[2024-10-06T13:48:15.475+0000] {processor.py:925} INFO - DAG(s) 'example_kubernetes_executor' retrieved from /home/airflow/.local/lib/python3.12/site-packages/airflow/example_dags/example_kubernetes_executor.py
[2024-10-06T13:48:15.499+0000] {logging_mixin.py:190} INFO - [2024-10-06T13:48:15.499+0000] {dag.py:3229} INFO - Sync 1 DAGs
[2024-10-06T13:48:15.507+0000] {logging_mixin.py:190} INFO - [2024-10-06T13:48:15.507+0000] {dag.py:4156} INFO - Setting next_dagrun for example_kubernetes_executor to None, run_after=None
[2024-10-06T13:48:15.517+0000] {processor.py:208} INFO - Processing /home/airflow/.local/lib/python3.12/site-packages/airflow/example_dags/example_kubernetes_executor.py took 0.056 seconds
[2024-10-06T13:55:49.756+0000] {processor.py:186} INFO - Started process (PID=25409) to work on /home/airflow/.local/lib/python3.12/site-packages/airflow/example_dags/example_kubernetes_executor.py
[2024-10-06T13:55:49.758+0000] {processor.py:914} INFO - Processing file /home/airflow/.local/lib/python3.12/site-packages/airflow/example_dags/example_kubernetes_executor.py for tasks to queue
[2024-10-06T13:55:49.760+0000] {logging_mixin.py:190} INFO - [2024-10-06T13:55:49.760+0000] {dagbag.py:587} INFO - Filling up the DagBag from /home/airflow/.local/lib/python3.12/site-packages/airflow/example_dags/example_kubernetes_executor.py
[2024-10-06T13:55:49.778+0000] {processor.py:925} INFO - DAG(s) 'example_kubernetes_executor' retrieved from /home/airflow/.local/lib/python3.12/site-packages/airflow/example_dags/example_kubernetes_executor.py
[2024-10-06T13:55:49.814+0000] {logging_mixin.py:190} INFO - [2024-10-06T13:55:49.813+0000] {dag.py:3229} INFO - Sync 1 DAGs
[2024-10-06T13:55:49.825+0000] {logging_mixin.py:190} INFO - [2024-10-06T13:55:49.824+0000] {dag.py:4156} INFO - Setting next_dagrun for example_kubernetes_executor to None, run_after=None
[2024-10-06T13:55:49.842+0000] {processor.py:208} INFO - Processing /home/airflow/.local/lib/python3.12/site-packages/airflow/example_dags/example_kubernetes_executor.py took 0.091 seconds
[2024-10-06T14:56:48.608+0000] {processor.py:186} INFO - Started process (PID=25479) to work on /home/airflow/.local/lib/python3.12/site-packages/airflow/example_dags/example_kubernetes_executor.py
[2024-10-06T14:56:48.612+0000] {processor.py:914} INFO - Processing file /home/airflow/.local/lib/python3.12/site-packages/airflow/example_dags/example_kubernetes_executor.py for tasks to queue
[2024-10-06T14:56:48.613+0000] {logging_mixin.py:190} INFO - [2024-10-06T14:56:48.612+0000] {dagbag.py:587} INFO - Filling up the DagBag from /home/airflow/.local/lib/python3.12/site-packages/airflow/example_dags/example_kubernetes_executor.py
[2024-10-06T14:56:48.634+0000] {processor.py:925} INFO - DAG(s) 'example_kubernetes_executor' retrieved from /home/airflow/.local/lib/python3.12/site-packages/airflow/example_dags/example_kubernetes_executor.py
[2024-10-06T14:56:48.652+0000] {logging_mixin.py:190} INFO - [2024-10-06T14:56:48.652+0000] {dag.py:3229} INFO - Sync 1 DAGs
[2024-10-06T14:56:48.658+0000] {logging_mixin.py:190} INFO - [2024-10-06T14:56:48.658+0000] {dag.py:4156} INFO - Setting next_dagrun for example_kubernetes_executor to None, run_after=None
[2024-10-06T14:56:48.670+0000] {processor.py:208} INFO - Processing /home/airflow/.local/lib/python3.12/site-packages/airflow/example_dags/example_kubernetes_executor.py took 0.066 seconds
[2024-10-06T15:41:27.462+0000] {processor.py:186} INFO - Started process (PID=25549) to work on /home/airflow/.local/lib/python3.12/site-packages/airflow/example_dags/example_kubernetes_executor.py
[2024-10-06T15:41:27.469+0000] {processor.py:914} INFO - Processing file /home/airflow/.local/lib/python3.12/site-packages/airflow/example_dags/example_kubernetes_executor.py for tasks to queue
[2024-10-06T15:41:27.470+0000] {logging_mixin.py:190} INFO - [2024-10-06T15:41:27.470+0000] {dagbag.py:587} INFO - Filling up the DagBag from /home/airflow/.local/lib/python3.12/site-packages/airflow/example_dags/example_kubernetes_executor.py
[2024-10-06T15:41:27.481+0000] {processor.py:925} INFO - DAG(s) 'example_kubernetes_executor' retrieved from /home/airflow/.local/lib/python3.12/site-packages/airflow/example_dags/example_kubernetes_executor.py
[2024-10-06T15:41:27.508+0000] {logging_mixin.py:190} INFO - [2024-10-06T15:41:27.508+0000] {dag.py:3229} INFO - Sync 1 DAGs
[2024-10-06T15:41:27.516+0000] {logging_mixin.py:190} INFO - [2024-10-06T15:41:27.515+0000] {dag.py:4156} INFO - Setting next_dagrun for example_kubernetes_executor to None, run_after=None
[2024-10-06T15:41:27.539+0000] {processor.py:208} INFO - Processing /home/airflow/.local/lib/python3.12/site-packages/airflow/example_dags/example_kubernetes_executor.py took 0.083 seconds
[2024-10-06T16:15:54.050+0000] {processor.py:186} INFO - Started process (PID=25619) to work on /home/airflow/.local/lib/python3.12/site-packages/airflow/example_dags/example_kubernetes_executor.py
[2024-10-06T16:15:54.052+0000] {processor.py:914} INFO - Processing file /home/airflow/.local/lib/python3.12/site-packages/airflow/example_dags/example_kubernetes_executor.py for tasks to queue
[2024-10-06T16:15:54.054+0000] {logging_mixin.py:190} INFO - [2024-10-06T16:15:54.054+0000] {dagbag.py:587} INFO - Filling up the DagBag from /home/airflow/.local/lib/python3.12/site-packages/airflow/example_dags/example_kubernetes_executor.py
[2024-10-06T16:15:54.065+0000] {processor.py:925} INFO - DAG(s) 'example_kubernetes_executor' retrieved from /home/airflow/.local/lib/python3.12/site-packages/airflow/example_dags/example_kubernetes_executor.py
[2024-10-06T16:15:54.097+0000] {logging_mixin.py:190} INFO - [2024-10-06T16:15:54.097+0000] {dag.py:3229} INFO - Sync 1 DAGs
[2024-10-06T16:15:54.105+0000] {logging_mixin.py:190} INFO - [2024-10-06T16:15:54.105+0000] {dag.py:4156} INFO - Setting next_dagrun for example_kubernetes_executor to None, run_after=None
[2024-10-06T16:15:54.120+0000] {processor.py:208} INFO - Processing /home/airflow/.local/lib/python3.12/site-packages/airflow/example_dags/example_kubernetes_executor.py took 0.077 seconds
[2024-10-06T16:58:34.845+0000] {processor.py:186} INFO - Started process (PID=25689) to work on /home/airflow/.local/lib/python3.12/site-packages/airflow/example_dags/example_kubernetes_executor.py
[2024-10-06T16:58:34.846+0000] {processor.py:914} INFO - Processing file /home/airflow/.local/lib/python3.12/site-packages/airflow/example_dags/example_kubernetes_executor.py for tasks to queue
[2024-10-06T16:58:34.847+0000] {logging_mixin.py:190} INFO - [2024-10-06T16:58:34.846+0000] {dagbag.py:587} INFO - Filling up the DagBag from /home/airflow/.local/lib/python3.12/site-packages/airflow/example_dags/example_kubernetes_executor.py
[2024-10-06T16:58:34.858+0000] {processor.py:925} INFO - DAG(s) 'example_kubernetes_executor' retrieved from /home/airflow/.local/lib/python3.12/site-packages/airflow/example_dags/example_kubernetes_executor.py
[2024-10-06T16:58:34.875+0000] {logging_mixin.py:190} INFO - [2024-10-06T16:58:34.875+0000] {dag.py:3229} INFO - Sync 1 DAGs
[2024-10-06T16:58:34.881+0000] {logging_mixin.py:190} INFO - [2024-10-06T16:58:34.881+0000] {dag.py:4156} INFO - Setting next_dagrun for example_kubernetes_executor to None, run_after=None
[2024-10-06T16:58:34.888+0000] {processor.py:208} INFO - Processing /home/airflow/.local/lib/python3.12/site-packages/airflow/example_dags/example_kubernetes_executor.py took 0.047 seconds
[2024-10-06T16:59:05.808+0000] {processor.py:186} INFO - Started process (PID=25759) to work on /home/airflow/.local/lib/python3.12/site-packages/airflow/example_dags/example_kubernetes_executor.py
[2024-10-06T16:59:05.809+0000] {processor.py:914} INFO - Processing file /home/airflow/.local/lib/python3.12/site-packages/airflow/example_dags/example_kubernetes_executor.py for tasks to queue
[2024-10-06T16:59:05.811+0000] {logging_mixin.py:190} INFO - [2024-10-06T16:59:05.811+0000] {dagbag.py:587} INFO - Filling up the DagBag from /home/airflow/.local/lib/python3.12/site-packages/airflow/example_dags/example_kubernetes_executor.py
[2024-10-06T16:59:05.822+0000] {processor.py:925} INFO - DAG(s) 'example_kubernetes_executor' retrieved from /home/airflow/.local/lib/python3.12/site-packages/airflow/example_dags/example_kubernetes_executor.py
[2024-10-06T16:59:05.844+0000] {logging_mixin.py:190} INFO - [2024-10-06T16:59:05.844+0000] {dag.py:3229} INFO - Sync 1 DAGs
[2024-10-06T16:59:05.853+0000] {logging_mixin.py:190} INFO - [2024-10-06T16:59:05.853+0000] {dag.py:4156} INFO - Setting next_dagrun for example_kubernetes_executor to None, run_after=None
[2024-10-06T16:59:05.860+0000] {processor.py:208} INFO - Processing /home/airflow/.local/lib/python3.12/site-packages/airflow/example_dags/example_kubernetes_executor.py took 0.055 seconds
[2024-10-06T17:59:31.974+0000] {processor.py:186} INFO - Started process (PID=25828) to work on /home/airflow/.local/lib/python3.12/site-packages/airflow/example_dags/example_kubernetes_executor.py
[2024-10-06T17:59:31.975+0000] {processor.py:914} INFO - Processing file /home/airflow/.local/lib/python3.12/site-packages/airflow/example_dags/example_kubernetes_executor.py for tasks to queue
[2024-10-06T17:59:31.976+0000] {logging_mixin.py:190} INFO - [2024-10-06T17:59:31.976+0000] {dagbag.py:587} INFO - Filling up the DagBag from /home/airflow/.local/lib/python3.12/site-packages/airflow/example_dags/example_kubernetes_executor.py
[2024-10-06T17:59:31.988+0000] {processor.py:925} INFO - DAG(s) 'example_kubernetes_executor' retrieved from /home/airflow/.local/lib/python3.12/site-packages/airflow/example_dags/example_kubernetes_executor.py
[2024-10-06T17:59:32.013+0000] {logging_mixin.py:190} INFO - [2024-10-06T17:59:32.013+0000] {dag.py:3229} INFO - Sync 1 DAGs
[2024-10-06T17:59:32.023+0000] {logging_mixin.py:190} INFO - [2024-10-06T17:59:32.023+0000] {dag.py:4156} INFO - Setting next_dagrun for example_kubernetes_executor to None, run_after=None
[2024-10-06T17:59:32.034+0000] {processor.py:208} INFO - Processing /home/airflow/.local/lib/python3.12/site-packages/airflow/example_dags/example_kubernetes_executor.py took 0.063 seconds
[2024-10-06T18:17:00.306+0000] {processor.py:186} INFO - Started process (PID=25898) to work on /home/airflow/.local/lib/python3.12/site-packages/airflow/example_dags/example_kubernetes_executor.py
[2024-10-06T18:17:00.309+0000] {processor.py:914} INFO - Processing file /home/airflow/.local/lib/python3.12/site-packages/airflow/example_dags/example_kubernetes_executor.py for tasks to queue
[2024-10-06T18:17:00.311+0000] {logging_mixin.py:190} INFO - [2024-10-06T18:17:00.311+0000] {dagbag.py:587} INFO - Filling up the DagBag from /home/airflow/.local/lib/python3.12/site-packages/airflow/example_dags/example_kubernetes_executor.py
[2024-10-06T18:17:00.346+0000] {processor.py:925} INFO - DAG(s) 'example_kubernetes_executor' retrieved from /home/airflow/.local/lib/python3.12/site-packages/airflow/example_dags/example_kubernetes_executor.py
[2024-10-06T18:17:00.404+0000] {logging_mixin.py:190} INFO - [2024-10-06T18:17:00.403+0000] {dag.py:3229} INFO - Sync 1 DAGs
[2024-10-06T18:17:00.426+0000] {logging_mixin.py:190} INFO - [2024-10-06T18:17:00.426+0000] {dag.py:4156} INFO - Setting next_dagrun for example_kubernetes_executor to None, run_after=None
[2024-10-06T18:17:00.440+0000] {processor.py:208} INFO - Processing /home/airflow/.local/lib/python3.12/site-packages/airflow/example_dags/example_kubernetes_executor.py took 0.142 seconds
[2024-10-06T18:49:49.190+0000] {processor.py:186} INFO - Started process (PID=25968) to work on /home/airflow/.local/lib/python3.12/site-packages/airflow/example_dags/example_kubernetes_executor.py
[2024-10-06T18:49:49.192+0000] {processor.py:914} INFO - Processing file /home/airflow/.local/lib/python3.12/site-packages/airflow/example_dags/example_kubernetes_executor.py for tasks to queue
[2024-10-06T18:49:49.194+0000] {logging_mixin.py:190} INFO - [2024-10-06T18:49:49.194+0000] {dagbag.py:587} INFO - Filling up the DagBag from /home/airflow/.local/lib/python3.12/site-packages/airflow/example_dags/example_kubernetes_executor.py
[2024-10-06T18:49:49.207+0000] {processor.py:925} INFO - DAG(s) 'example_kubernetes_executor' retrieved from /home/airflow/.local/lib/python3.12/site-packages/airflow/example_dags/example_kubernetes_executor.py
[2024-10-06T18:49:49.235+0000] {logging_mixin.py:190} INFO - [2024-10-06T18:49:49.235+0000] {dag.py:3229} INFO - Sync 1 DAGs
[2024-10-06T18:49:49.247+0000] {logging_mixin.py:190} INFO - [2024-10-06T18:49:49.246+0000] {dag.py:4156} INFO - Setting next_dagrun for example_kubernetes_executor to None, run_after=None
[2024-10-06T18:49:49.260+0000] {processor.py:208} INFO - Processing /home/airflow/.local/lib/python3.12/site-packages/airflow/example_dags/example_kubernetes_executor.py took 0.073 seconds
[2024-10-06T19:00:32.935+0000] {processor.py:186} INFO - Started process (PID=26038) to work on /home/airflow/.local/lib/python3.12/site-packages/airflow/example_dags/example_kubernetes_executor.py
[2024-10-06T19:00:32.937+0000] {processor.py:914} INFO - Processing file /home/airflow/.local/lib/python3.12/site-packages/airflow/example_dags/example_kubernetes_executor.py for tasks to queue
[2024-10-06T19:00:32.938+0000] {logging_mixin.py:190} INFO - [2024-10-06T19:00:32.937+0000] {dagbag.py:587} INFO - Filling up the DagBag from /home/airflow/.local/lib/python3.12/site-packages/airflow/example_dags/example_kubernetes_executor.py
[2024-10-06T19:00:32.945+0000] {processor.py:925} INFO - DAG(s) 'example_kubernetes_executor' retrieved from /home/airflow/.local/lib/python3.12/site-packages/airflow/example_dags/example_kubernetes_executor.py
[2024-10-06T19:00:32.964+0000] {logging_mixin.py:190} INFO - [2024-10-06T19:00:32.964+0000] {dag.py:3229} INFO - Sync 1 DAGs
[2024-10-06T19:00:32.975+0000] {logging_mixin.py:190} INFO - [2024-10-06T19:00:32.975+0000] {dag.py:4156} INFO - Setting next_dagrun for example_kubernetes_executor to None, run_after=None
[2024-10-06T19:00:32.983+0000] {processor.py:208} INFO - Processing /home/airflow/.local/lib/python3.12/site-packages/airflow/example_dags/example_kubernetes_executor.py took 0.051 seconds
[2024-10-06T19:16:44.881+0000] {processor.py:186} INFO - Started process (PID=26108) to work on /home/airflow/.local/lib/python3.12/site-packages/airflow/example_dags/example_kubernetes_executor.py
[2024-10-06T19:16:44.883+0000] {processor.py:914} INFO - Processing file /home/airflow/.local/lib/python3.12/site-packages/airflow/example_dags/example_kubernetes_executor.py for tasks to queue
[2024-10-06T19:16:44.884+0000] {logging_mixin.py:190} INFO - [2024-10-06T19:16:44.884+0000] {dagbag.py:587} INFO - Filling up the DagBag from /home/airflow/.local/lib/python3.12/site-packages/airflow/example_dags/example_kubernetes_executor.py
[2024-10-06T19:16:44.920+0000] {processor.py:925} INFO - DAG(s) 'example_kubernetes_executor' retrieved from /home/airflow/.local/lib/python3.12/site-packages/airflow/example_dags/example_kubernetes_executor.py
[2024-10-06T19:16:44.956+0000] {logging_mixin.py:190} INFO - [2024-10-06T19:16:44.956+0000] {dag.py:3229} INFO - Sync 1 DAGs
[2024-10-06T19:16:44.970+0000] {logging_mixin.py:190} INFO - [2024-10-06T19:16:44.970+0000] {dag.py:4156} INFO - Setting next_dagrun for example_kubernetes_executor to None, run_after=None
[2024-10-06T19:16:44.987+0000] {processor.py:208} INFO - Processing /home/airflow/.local/lib/python3.12/site-packages/airflow/example_dags/example_kubernetes_executor.py took 0.114 seconds
[2024-10-06T20:01:49.942+0000] {processor.py:186} INFO - Started process (PID=26178) to work on /home/airflow/.local/lib/python3.12/site-packages/airflow/example_dags/example_kubernetes_executor.py
[2024-10-06T20:01:49.947+0000] {processor.py:914} INFO - Processing file /home/airflow/.local/lib/python3.12/site-packages/airflow/example_dags/example_kubernetes_executor.py for tasks to queue
[2024-10-06T20:01:49.949+0000] {logging_mixin.py:190} INFO - [2024-10-06T20:01:49.949+0000] {dagbag.py:587} INFO - Filling up the DagBag from /home/airflow/.local/lib/python3.12/site-packages/airflow/example_dags/example_kubernetes_executor.py
[2024-10-06T20:01:49.963+0000] {processor.py:925} INFO - DAG(s) 'example_kubernetes_executor' retrieved from /home/airflow/.local/lib/python3.12/site-packages/airflow/example_dags/example_kubernetes_executor.py
[2024-10-06T20:01:49.982+0000] {logging_mixin.py:190} INFO - [2024-10-06T20:01:49.982+0000] {dag.py:3229} INFO - Sync 1 DAGs
[2024-10-06T20:01:49.989+0000] {logging_mixin.py:190} INFO - [2024-10-06T20:01:49.989+0000] {dag.py:4156} INFO - Setting next_dagrun for example_kubernetes_executor to None, run_after=None
[2024-10-06T20:01:50.001+0000] {processor.py:208} INFO - Processing /home/airflow/.local/lib/python3.12/site-packages/airflow/example_dags/example_kubernetes_executor.py took 0.064 seconds
[2024-10-06T20:17:59.126+0000] {processor.py:186} INFO - Started process (PID=26248) to work on /home/airflow/.local/lib/python3.12/site-packages/airflow/example_dags/example_kubernetes_executor.py
[2024-10-06T20:17:59.127+0000] {processor.py:914} INFO - Processing file /home/airflow/.local/lib/python3.12/site-packages/airflow/example_dags/example_kubernetes_executor.py for tasks to queue
[2024-10-06T20:17:59.127+0000] {logging_mixin.py:190} INFO - [2024-10-06T20:17:59.127+0000] {dagbag.py:587} INFO - Filling up the DagBag from /home/airflow/.local/lib/python3.12/site-packages/airflow/example_dags/example_kubernetes_executor.py
[2024-10-06T20:17:59.136+0000] {processor.py:925} INFO - DAG(s) 'example_kubernetes_executor' retrieved from /home/airflow/.local/lib/python3.12/site-packages/airflow/example_dags/example_kubernetes_executor.py
[2024-10-06T20:17:59.178+0000] {logging_mixin.py:190} INFO - [2024-10-06T20:17:59.178+0000] {dag.py:3229} INFO - Sync 1 DAGs
[2024-10-06T20:17:59.190+0000] {logging_mixin.py:190} INFO - [2024-10-06T20:17:59.189+0000] {dag.py:4156} INFO - Setting next_dagrun for example_kubernetes_executor to None, run_after=None
[2024-10-06T20:17:59.197+0000] {processor.py:208} INFO - Processing /home/airflow/.local/lib/python3.12/site-packages/airflow/example_dags/example_kubernetes_executor.py took 0.074 seconds
[2024-10-06T20:51:48.894+0000] {processor.py:186} INFO - Started process (PID=26317) to work on /home/airflow/.local/lib/python3.12/site-packages/airflow/example_dags/example_kubernetes_executor.py
[2024-10-06T20:51:48.896+0000] {processor.py:914} INFO - Processing file /home/airflow/.local/lib/python3.12/site-packages/airflow/example_dags/example_kubernetes_executor.py for tasks to queue
[2024-10-06T20:51:48.897+0000] {logging_mixin.py:190} INFO - [2024-10-06T20:51:48.896+0000] {dagbag.py:587} INFO - Filling up the DagBag from /home/airflow/.local/lib/python3.12/site-packages/airflow/example_dags/example_kubernetes_executor.py
[2024-10-06T20:51:48.913+0000] {processor.py:925} INFO - DAG(s) 'example_kubernetes_executor' retrieved from /home/airflow/.local/lib/python3.12/site-packages/airflow/example_dags/example_kubernetes_executor.py
[2024-10-06T20:51:48.954+0000] {logging_mixin.py:190} INFO - [2024-10-06T20:51:48.953+0000] {dag.py:3229} INFO - Sync 1 DAGs
[2024-10-06T20:51:48.977+0000] {logging_mixin.py:190} INFO - [2024-10-06T20:51:48.977+0000] {dag.py:4156} INFO - Setting next_dagrun for example_kubernetes_executor to None, run_after=None
[2024-10-06T20:51:48.997+0000] {processor.py:208} INFO - Processing /home/airflow/.local/lib/python3.12/site-packages/airflow/example_dags/example_kubernetes_executor.py took 0.108 seconds
[2024-10-06T20:52:20.122+0000] {processor.py:186} INFO - Started process (PID=26388) to work on /home/airflow/.local/lib/python3.12/site-packages/airflow/example_dags/example_kubernetes_executor.py
[2024-10-06T20:52:20.124+0000] {processor.py:914} INFO - Processing file /home/airflow/.local/lib/python3.12/site-packages/airflow/example_dags/example_kubernetes_executor.py for tasks to queue
[2024-10-06T20:52:20.127+0000] {logging_mixin.py:190} INFO - [2024-10-06T20:52:20.127+0000] {dagbag.py:587} INFO - Filling up the DagBag from /home/airflow/.local/lib/python3.12/site-packages/airflow/example_dags/example_kubernetes_executor.py
[2024-10-06T20:52:20.160+0000] {processor.py:925} INFO - DAG(s) 'example_kubernetes_executor' retrieved from /home/airflow/.local/lib/python3.12/site-packages/airflow/example_dags/example_kubernetes_executor.py
[2024-10-06T20:52:20.239+0000] {logging_mixin.py:190} INFO - [2024-10-06T20:52:20.239+0000] {dag.py:3229} INFO - Sync 1 DAGs
[2024-10-06T20:52:20.270+0000] {logging_mixin.py:190} INFO - [2024-10-06T20:52:20.270+0000] {dag.py:4156} INFO - Setting next_dagrun for example_kubernetes_executor to None, run_after=None
[2024-10-06T20:52:20.296+0000] {processor.py:208} INFO - Processing /home/airflow/.local/lib/python3.12/site-packages/airflow/example_dags/example_kubernetes_executor.py took 0.178 seconds
[2024-10-06T21:19:19.706+0000] {processor.py:186} INFO - Started process (PID=26458) to work on /home/airflow/.local/lib/python3.12/site-packages/airflow/example_dags/example_kubernetes_executor.py
[2024-10-06T21:19:19.708+0000] {processor.py:914} INFO - Processing file /home/airflow/.local/lib/python3.12/site-packages/airflow/example_dags/example_kubernetes_executor.py for tasks to queue
[2024-10-06T21:19:19.709+0000] {logging_mixin.py:190} INFO - [2024-10-06T21:19:19.709+0000] {dagbag.py:587} INFO - Filling up the DagBag from /home/airflow/.local/lib/python3.12/site-packages/airflow/example_dags/example_kubernetes_executor.py
[2024-10-06T21:19:19.744+0000] {processor.py:925} INFO - DAG(s) 'example_kubernetes_executor' retrieved from /home/airflow/.local/lib/python3.12/site-packages/airflow/example_dags/example_kubernetes_executor.py
[2024-10-06T21:19:19.868+0000] {logging_mixin.py:190} INFO - [2024-10-06T21:19:19.868+0000] {dag.py:3229} INFO - Sync 1 DAGs
[2024-10-06T21:19:19.879+0000] {logging_mixin.py:190} INFO - [2024-10-06T21:19:19.879+0000] {dag.py:4156} INFO - Setting next_dagrun for example_kubernetes_executor to None, run_after=None
[2024-10-06T21:19:19.892+0000] {processor.py:208} INFO - Processing /home/airflow/.local/lib/python3.12/site-packages/airflow/example_dags/example_kubernetes_executor.py took 0.191 seconds
[2024-10-06T21:52:07.635+0000] {processor.py:186} INFO - Started process (PID=26528) to work on /home/airflow/.local/lib/python3.12/site-packages/airflow/example_dags/example_kubernetes_executor.py
[2024-10-06T21:52:07.635+0000] {processor.py:914} INFO - Processing file /home/airflow/.local/lib/python3.12/site-packages/airflow/example_dags/example_kubernetes_executor.py for tasks to queue
[2024-10-06T21:52:07.636+0000] {logging_mixin.py:190} INFO - [2024-10-06T21:52:07.636+0000] {dagbag.py:587} INFO - Filling up the DagBag from /home/airflow/.local/lib/python3.12/site-packages/airflow/example_dags/example_kubernetes_executor.py
[2024-10-06T21:52:07.648+0000] {processor.py:925} INFO - DAG(s) 'example_kubernetes_executor' retrieved from /home/airflow/.local/lib/python3.12/site-packages/airflow/example_dags/example_kubernetes_executor.py
[2024-10-06T21:52:07.679+0000] {logging_mixin.py:190} INFO - [2024-10-06T21:52:07.679+0000] {dag.py:3229} INFO - Sync 1 DAGs
[2024-10-06T21:52:07.688+0000] {logging_mixin.py:190} INFO - [2024-10-06T21:52:07.687+0000] {dag.py:4156} INFO - Setting next_dagrun for example_kubernetes_executor to None, run_after=None
[2024-10-06T21:52:07.695+0000] {processor.py:208} INFO - Processing /home/airflow/.local/lib/python3.12/site-packages/airflow/example_dags/example_kubernetes_executor.py took 0.064 seconds
[2024-10-06T22:53:02.694+0000] {processor.py:186} INFO - Started process (PID=26598) to work on /home/airflow/.local/lib/python3.12/site-packages/airflow/example_dags/example_kubernetes_executor.py
[2024-10-06T22:53:02.698+0000] {processor.py:914} INFO - Processing file /home/airflow/.local/lib/python3.12/site-packages/airflow/example_dags/example_kubernetes_executor.py for tasks to queue
[2024-10-06T22:53:02.700+0000] {logging_mixin.py:190} INFO - [2024-10-06T22:53:02.699+0000] {dagbag.py:587} INFO - Filling up the DagBag from /home/airflow/.local/lib/python3.12/site-packages/airflow/example_dags/example_kubernetes_executor.py
[2024-10-06T22:53:02.725+0000] {processor.py:925} INFO - DAG(s) 'example_kubernetes_executor' retrieved from /home/airflow/.local/lib/python3.12/site-packages/airflow/example_dags/example_kubernetes_executor.py
[2024-10-06T22:53:02.753+0000] {logging_mixin.py:190} INFO - [2024-10-06T22:53:02.752+0000] {dag.py:3229} INFO - Sync 1 DAGs
[2024-10-06T22:53:02.764+0000] {logging_mixin.py:190} INFO - [2024-10-06T22:53:02.764+0000] {dag.py:4156} INFO - Setting next_dagrun for example_kubernetes_executor to None, run_after=None
[2024-10-06T22:53:02.775+0000] {processor.py:208} INFO - Processing /home/airflow/.local/lib/python3.12/site-packages/airflow/example_dags/example_kubernetes_executor.py took 0.087 seconds
[2024-10-06T23:21:10.566+0000] {processor.py:186} INFO - Started process (PID=26668) to work on /home/airflow/.local/lib/python3.12/site-packages/airflow/example_dags/example_kubernetes_executor.py
[2024-10-06T23:21:10.567+0000] {processor.py:914} INFO - Processing file /home/airflow/.local/lib/python3.12/site-packages/airflow/example_dags/example_kubernetes_executor.py for tasks to queue
[2024-10-06T23:21:10.568+0000] {logging_mixin.py:190} INFO - [2024-10-06T23:21:10.568+0000] {dagbag.py:587} INFO - Filling up the DagBag from /home/airflow/.local/lib/python3.12/site-packages/airflow/example_dags/example_kubernetes_executor.py
[2024-10-06T23:21:10.593+0000] {processor.py:925} INFO - DAG(s) 'example_kubernetes_executor' retrieved from /home/airflow/.local/lib/python3.12/site-packages/airflow/example_dags/example_kubernetes_executor.py
[2024-10-06T23:21:10.631+0000] {logging_mixin.py:190} INFO - [2024-10-06T23:21:10.631+0000] {dag.py:3229} INFO - Sync 1 DAGs
[2024-10-06T23:21:10.642+0000] {logging_mixin.py:190} INFO - [2024-10-06T23:21:10.641+0000] {dag.py:4156} INFO - Setting next_dagrun for example_kubernetes_executor to None, run_after=None
[2024-10-06T23:21:10.658+0000] {processor.py:208} INFO - Processing /home/airflow/.local/lib/python3.12/site-packages/airflow/example_dags/example_kubernetes_executor.py took 0.097 seconds
[2024-10-06T23:39:11.947+0000] {processor.py:186} INFO - Started process (PID=26738) to work on /home/airflow/.local/lib/python3.12/site-packages/airflow/example_dags/example_kubernetes_executor.py
[2024-10-06T23:39:11.948+0000] {processor.py:914} INFO - Processing file /home/airflow/.local/lib/python3.12/site-packages/airflow/example_dags/example_kubernetes_executor.py for tasks to queue
[2024-10-06T23:39:11.950+0000] {logging_mixin.py:190} INFO - [2024-10-06T23:39:11.949+0000] {dagbag.py:587} INFO - Filling up the DagBag from /home/airflow/.local/lib/python3.12/site-packages/airflow/example_dags/example_kubernetes_executor.py
[2024-10-06T23:39:11.982+0000] {processor.py:925} INFO - DAG(s) 'example_kubernetes_executor' retrieved from /home/airflow/.local/lib/python3.12/site-packages/airflow/example_dags/example_kubernetes_executor.py
[2024-10-06T23:39:12.011+0000] {logging_mixin.py:190} INFO - [2024-10-06T23:39:12.010+0000] {dag.py:3229} INFO - Sync 1 DAGs
[2024-10-06T23:39:12.020+0000] {logging_mixin.py:190} INFO - [2024-10-06T23:39:12.020+0000] {dag.py:4156} INFO - Setting next_dagrun for example_kubernetes_executor to None, run_after=None
[2024-10-06T23:39:12.029+0000] {processor.py:208} INFO - Processing /home/airflow/.local/lib/python3.12/site-packages/airflow/example_dags/example_kubernetes_executor.py took 0.087 seconds
