[2024-10-06T00:50:47.059+0000] {processor.py:186} INFO - Started process (PID=24090) to work on /home/airflow/.local/lib/python3.12/site-packages/airflow/example_dags/example_inlet_event_extra.py
[2024-10-06T00:50:47.064+0000] {processor.py:914} INFO - Processing file /home/airflow/.local/lib/python3.12/site-packages/airflow/example_dags/example_inlet_event_extra.py for tasks to queue
[2024-10-06T00:50:47.065+0000] {logging_mixin.py:190} INFO - [2024-10-06T00:50:47.064+0000] {dagbag.py:587} INFO - Filling up the DagBag from /home/airflow/.local/lib/python3.12/site-packages/airflow/example_dags/example_inlet_event_extra.py
[2024-10-06T00:50:47.171+0000] {processor.py:925} INFO - DAG(s) 'read_dataset_event_from_classic', 'read_dataset_event' retrieved from /home/airflow/.local/lib/python3.12/site-packages/airflow/example_dags/example_inlet_event_extra.py
[2024-10-06T00:50:47.183+0000] {logging_mixin.py:190} INFO - [2024-10-06T00:50:47.183+0000] {dag.py:3229} INFO - Sync 2 DAGs
[2024-10-06T00:50:47.229+0000] {logging_mixin.py:190} INFO - [2024-10-06T00:50:47.229+0000] {dag.py:4156} INFO - Setting next_dagrun for read_dataset_event to 2024-10-05 00:00:00+00:00, run_after=2024-10-06 00:00:00+00:00
[2024-10-06T00:50:47.232+0000] {logging_mixin.py:190} INFO - [2024-10-06T00:50:47.232+0000] {dag.py:4156} INFO - Setting next_dagrun for read_dataset_event_from_classic to 2024-10-05 00:00:00+00:00, run_after=2024-10-06 00:00:00+00:00
[2024-10-06T00:50:47.244+0000] {processor.py:208} INFO - Processing /home/airflow/.local/lib/python3.12/site-packages/airflow/example_dags/example_inlet_event_extra.py took 0.188 seconds
[2024-10-06T00:51:17.755+0000] {processor.py:186} INFO - Started process (PID=24160) to work on /home/airflow/.local/lib/python3.12/site-packages/airflow/example_dags/example_inlet_event_extra.py
[2024-10-06T00:51:17.756+0000] {processor.py:914} INFO - Processing file /home/airflow/.local/lib/python3.12/site-packages/airflow/example_dags/example_inlet_event_extra.py for tasks to queue
[2024-10-06T00:51:17.756+0000] {logging_mixin.py:190} INFO - [2024-10-06T00:51:17.756+0000] {dagbag.py:587} INFO - Filling up the DagBag from /home/airflow/.local/lib/python3.12/site-packages/airflow/example_dags/example_inlet_event_extra.py
[2024-10-06T00:51:17.824+0000] {processor.py:925} INFO - DAG(s) 'read_dataset_event_from_classic', 'read_dataset_event' retrieved from /home/airflow/.local/lib/python3.12/site-packages/airflow/example_dags/example_inlet_event_extra.py
[2024-10-06T00:51:17.846+0000] {logging_mixin.py:190} INFO - [2024-10-06T00:51:17.846+0000] {dag.py:3229} INFO - Sync 2 DAGs
[2024-10-06T00:51:17.858+0000] {logging_mixin.py:190} INFO - [2024-10-06T00:51:17.857+0000] {dag.py:4156} INFO - Setting next_dagrun for read_dataset_event to 2024-10-05 00:00:00+00:00, run_after=2024-10-06 00:00:00+00:00
[2024-10-06T00:51:17.859+0000] {logging_mixin.py:190} INFO - [2024-10-06T00:51:17.859+0000] {dag.py:4156} INFO - Setting next_dagrun for read_dataset_event_from_classic to 2024-10-05 00:00:00+00:00, run_after=2024-10-06 00:00:00+00:00
[2024-10-06T00:51:17.867+0000] {processor.py:208} INFO - Processing /home/airflow/.local/lib/python3.12/site-packages/airflow/example_dags/example_inlet_event_extra.py took 0.115 seconds
[2024-10-06T01:51:41.895+0000] {processor.py:186} INFO - Started process (PID=24229) to work on /home/airflow/.local/lib/python3.12/site-packages/airflow/example_dags/example_inlet_event_extra.py
[2024-10-06T01:51:41.896+0000] {processor.py:914} INFO - Processing file /home/airflow/.local/lib/python3.12/site-packages/airflow/example_dags/example_inlet_event_extra.py for tasks to queue
[2024-10-06T01:51:41.896+0000] {logging_mixin.py:190} INFO - [2024-10-06T01:51:41.896+0000] {dagbag.py:587} INFO - Filling up the DagBag from /home/airflow/.local/lib/python3.12/site-packages/airflow/example_dags/example_inlet_event_extra.py
[2024-10-06T01:51:41.966+0000] {processor.py:925} INFO - DAG(s) 'read_dataset_event_from_classic', 'read_dataset_event' retrieved from /home/airflow/.local/lib/python3.12/site-packages/airflow/example_dags/example_inlet_event_extra.py
[2024-10-06T01:51:41.978+0000] {logging_mixin.py:190} INFO - [2024-10-06T01:51:41.978+0000] {dag.py:3229} INFO - Sync 2 DAGs
[2024-10-06T01:51:41.993+0000] {logging_mixin.py:190} INFO - [2024-10-06T01:51:41.993+0000] {dag.py:4156} INFO - Setting next_dagrun for read_dataset_event to 2024-10-05 00:00:00+00:00, run_after=2024-10-06 00:00:00+00:00
[2024-10-06T01:51:41.996+0000] {logging_mixin.py:190} INFO - [2024-10-06T01:51:41.996+0000] {dag.py:4156} INFO - Setting next_dagrun for read_dataset_event_from_classic to 2024-10-05 00:00:00+00:00, run_after=2024-10-06 00:00:00+00:00
[2024-10-06T01:51:42.006+0000] {processor.py:208} INFO - Processing /home/airflow/.local/lib/python3.12/site-packages/airflow/example_dags/example_inlet_event_extra.py took 0.114 seconds
[2024-10-06T02:42:31.950+0000] {processor.py:186} INFO - Started process (PID=24298) to work on /home/airflow/.local/lib/python3.12/site-packages/airflow/example_dags/example_inlet_event_extra.py
[2024-10-06T02:42:31.951+0000] {processor.py:914} INFO - Processing file /home/airflow/.local/lib/python3.12/site-packages/airflow/example_dags/example_inlet_event_extra.py for tasks to queue
[2024-10-06T02:42:31.951+0000] {logging_mixin.py:190} INFO - [2024-10-06T02:42:31.951+0000] {dagbag.py:587} INFO - Filling up the DagBag from /home/airflow/.local/lib/python3.12/site-packages/airflow/example_dags/example_inlet_event_extra.py
[2024-10-06T02:42:32.019+0000] {processor.py:925} INFO - DAG(s) 'read_dataset_event_from_classic', 'read_dataset_event' retrieved from /home/airflow/.local/lib/python3.12/site-packages/airflow/example_dags/example_inlet_event_extra.py
[2024-10-06T02:42:32.028+0000] {logging_mixin.py:190} INFO - [2024-10-06T02:42:32.028+0000] {dag.py:3229} INFO - Sync 2 DAGs
[2024-10-06T02:42:32.038+0000] {logging_mixin.py:190} INFO - [2024-10-06T02:42:32.038+0000] {dag.py:4156} INFO - Setting next_dagrun for read_dataset_event to 2024-10-05 00:00:00+00:00, run_after=2024-10-06 00:00:00+00:00
[2024-10-06T02:42:32.040+0000] {logging_mixin.py:190} INFO - [2024-10-06T02:42:32.040+0000] {dag.py:4156} INFO - Setting next_dagrun for read_dataset_event_from_classic to 2024-10-05 00:00:00+00:00, run_after=2024-10-06 00:00:00+00:00
[2024-10-06T02:42:32.047+0000] {processor.py:208} INFO - Processing /home/airflow/.local/lib/python3.12/site-packages/airflow/example_dags/example_inlet_event_extra.py took 0.100 seconds
[2024-10-06T03:10:35.988+0000] {processor.py:186} INFO - Started process (PID=24368) to work on /home/airflow/.local/lib/python3.12/site-packages/airflow/example_dags/example_inlet_event_extra.py
[2024-10-06T03:10:35.989+0000] {processor.py:914} INFO - Processing file /home/airflow/.local/lib/python3.12/site-packages/airflow/example_dags/example_inlet_event_extra.py for tasks to queue
[2024-10-06T03:10:35.990+0000] {logging_mixin.py:190} INFO - [2024-10-06T03:10:35.990+0000] {dagbag.py:587} INFO - Filling up the DagBag from /home/airflow/.local/lib/python3.12/site-packages/airflow/example_dags/example_inlet_event_extra.py
[2024-10-06T03:10:36.087+0000] {processor.py:925} INFO - DAG(s) 'read_dataset_event_from_classic', 'read_dataset_event' retrieved from /home/airflow/.local/lib/python3.12/site-packages/airflow/example_dags/example_inlet_event_extra.py
[2024-10-06T03:10:36.109+0000] {logging_mixin.py:190} INFO - [2024-10-06T03:10:36.109+0000] {dag.py:3229} INFO - Sync 2 DAGs
[2024-10-06T03:10:36.127+0000] {logging_mixin.py:190} INFO - [2024-10-06T03:10:36.127+0000] {dag.py:4156} INFO - Setting next_dagrun for read_dataset_event to 2024-10-05 00:00:00+00:00, run_after=2024-10-06 00:00:00+00:00
[2024-10-06T03:10:36.129+0000] {logging_mixin.py:190} INFO - [2024-10-06T03:10:36.129+0000] {dag.py:4156} INFO - Setting next_dagrun for read_dataset_event_from_classic to 2024-10-05 00:00:00+00:00, run_after=2024-10-06 00:00:00+00:00
[2024-10-06T03:10:36.136+0000] {processor.py:208} INFO - Processing /home/airflow/.local/lib/python3.12/site-packages/airflow/example_dags/example_inlet_event_extra.py took 0.153 seconds
[2024-10-06T03:53:53.473+0000] {processor.py:186} INFO - Started process (PID=24438) to work on /home/airflow/.local/lib/python3.12/site-packages/airflow/example_dags/example_inlet_event_extra.py
[2024-10-06T03:53:53.474+0000] {processor.py:914} INFO - Processing file /home/airflow/.local/lib/python3.12/site-packages/airflow/example_dags/example_inlet_event_extra.py for tasks to queue
[2024-10-06T03:53:53.476+0000] {logging_mixin.py:190} INFO - [2024-10-06T03:53:53.475+0000] {dagbag.py:587} INFO - Filling up the DagBag from /home/airflow/.local/lib/python3.12/site-packages/airflow/example_dags/example_inlet_event_extra.py
[2024-10-06T03:53:53.679+0000] {processor.py:925} INFO - DAG(s) 'read_dataset_event', 'read_dataset_event_from_classic' retrieved from /home/airflow/.local/lib/python3.12/site-packages/airflow/example_dags/example_inlet_event_extra.py
[2024-10-06T03:53:53.698+0000] {logging_mixin.py:190} INFO - [2024-10-06T03:53:53.697+0000] {dag.py:3229} INFO - Sync 2 DAGs
[2024-10-06T03:53:53.720+0000] {logging_mixin.py:190} INFO - [2024-10-06T03:53:53.719+0000] {dag.py:4156} INFO - Setting next_dagrun for read_dataset_event to 2024-10-05 00:00:00+00:00, run_after=2024-10-06 00:00:00+00:00
[2024-10-06T03:53:53.722+0000] {logging_mixin.py:190} INFO - [2024-10-06T03:53:53.722+0000] {dag.py:4156} INFO - Setting next_dagrun for read_dataset_event_from_classic to 2024-10-05 00:00:00+00:00, run_after=2024-10-06 00:00:00+00:00
[2024-10-06T03:53:53.735+0000] {processor.py:208} INFO - Processing /home/airflow/.local/lib/python3.12/site-packages/airflow/example_dags/example_inlet_event_extra.py took 0.269 seconds
[2024-10-06T04:44:15.449+0000] {processor.py:186} INFO - Started process (PID=24508) to work on /home/airflow/.local/lib/python3.12/site-packages/airflow/example_dags/example_inlet_event_extra.py
[2024-10-06T04:44:15.449+0000] {processor.py:914} INFO - Processing file /home/airflow/.local/lib/python3.12/site-packages/airflow/example_dags/example_inlet_event_extra.py for tasks to queue
[2024-10-06T04:44:15.451+0000] {logging_mixin.py:190} INFO - [2024-10-06T04:44:15.451+0000] {dagbag.py:587} INFO - Filling up the DagBag from /home/airflow/.local/lib/python3.12/site-packages/airflow/example_dags/example_inlet_event_extra.py
[2024-10-06T04:44:15.827+0000] {processor.py:925} INFO - DAG(s) 'read_dataset_event_from_classic', 'read_dataset_event' retrieved from /home/airflow/.local/lib/python3.12/site-packages/airflow/example_dags/example_inlet_event_extra.py
[2024-10-06T04:44:15.872+0000] {logging_mixin.py:190} INFO - [2024-10-06T04:44:15.872+0000] {dag.py:3229} INFO - Sync 2 DAGs
[2024-10-06T04:44:15.907+0000] {logging_mixin.py:190} INFO - [2024-10-06T04:44:15.907+0000] {dag.py:4156} INFO - Setting next_dagrun for read_dataset_event to 2024-10-05 00:00:00+00:00, run_after=2024-10-06 00:00:00+00:00
[2024-10-06T04:44:15.912+0000] {logging_mixin.py:190} INFO - [2024-10-06T04:44:15.912+0000] {dag.py:4156} INFO - Setting next_dagrun for read_dataset_event_from_classic to 2024-10-05 00:00:00+00:00, run_after=2024-10-06 00:00:00+00:00
[2024-10-06T04:44:15.934+0000] {processor.py:208} INFO - Processing /home/airflow/.local/lib/python3.12/site-packages/airflow/example_dags/example_inlet_event_extra.py took 0.488 seconds
[2024-10-06T05:45:10.427+0000] {processor.py:186} INFO - Started process (PID=24578) to work on /home/airflow/.local/lib/python3.12/site-packages/airflow/example_dags/example_inlet_event_extra.py
[2024-10-06T05:45:10.428+0000] {processor.py:914} INFO - Processing file /home/airflow/.local/lib/python3.12/site-packages/airflow/example_dags/example_inlet_event_extra.py for tasks to queue
[2024-10-06T05:45:10.429+0000] {logging_mixin.py:190} INFO - [2024-10-06T05:45:10.429+0000] {dagbag.py:587} INFO - Filling up the DagBag from /home/airflow/.local/lib/python3.12/site-packages/airflow/example_dags/example_inlet_event_extra.py
[2024-10-06T05:45:10.514+0000] {processor.py:925} INFO - DAG(s) 'read_dataset_event', 'read_dataset_event_from_classic' retrieved from /home/airflow/.local/lib/python3.12/site-packages/airflow/example_dags/example_inlet_event_extra.py
[2024-10-06T05:45:10.527+0000] {logging_mixin.py:190} INFO - [2024-10-06T05:45:10.527+0000] {dag.py:3229} INFO - Sync 2 DAGs
[2024-10-06T05:45:10.541+0000] {logging_mixin.py:190} INFO - [2024-10-06T05:45:10.541+0000] {dag.py:4156} INFO - Setting next_dagrun for read_dataset_event to 2024-10-05 00:00:00+00:00, run_after=2024-10-06 00:00:00+00:00
[2024-10-06T05:45:10.543+0000] {logging_mixin.py:190} INFO - [2024-10-06T05:45:10.543+0000] {dag.py:4156} INFO - Setting next_dagrun for read_dataset_event_from_classic to 2024-10-05 00:00:00+00:00, run_after=2024-10-06 00:00:00+00:00
[2024-10-06T05:45:10.550+0000] {processor.py:208} INFO - Processing /home/airflow/.local/lib/python3.12/site-packages/airflow/example_dags/example_inlet_event_extra.py took 0.125 seconds
[2024-10-06T06:27:11.080+0000] {processor.py:186} INFO - Started process (PID=24648) to work on /home/airflow/.local/lib/python3.12/site-packages/airflow/example_dags/example_inlet_event_extra.py
[2024-10-06T06:27:11.081+0000] {processor.py:914} INFO - Processing file /home/airflow/.local/lib/python3.12/site-packages/airflow/example_dags/example_inlet_event_extra.py for tasks to queue
[2024-10-06T06:27:11.082+0000] {logging_mixin.py:190} INFO - [2024-10-06T06:27:11.082+0000] {dagbag.py:587} INFO - Filling up the DagBag from /home/airflow/.local/lib/python3.12/site-packages/airflow/example_dags/example_inlet_event_extra.py
[2024-10-06T06:27:11.165+0000] {processor.py:925} INFO - DAG(s) 'read_dataset_event', 'read_dataset_event_from_classic' retrieved from /home/airflow/.local/lib/python3.12/site-packages/airflow/example_dags/example_inlet_event_extra.py
[2024-10-06T06:27:11.183+0000] {logging_mixin.py:190} INFO - [2024-10-06T06:27:11.183+0000] {dag.py:3229} INFO - Sync 2 DAGs
[2024-10-06T06:27:11.204+0000] {logging_mixin.py:190} INFO - [2024-10-06T06:27:11.204+0000] {dag.py:4156} INFO - Setting next_dagrun for read_dataset_event to 2024-10-05 00:00:00+00:00, run_after=2024-10-06 00:00:00+00:00
[2024-10-06T06:27:11.206+0000] {logging_mixin.py:190} INFO - [2024-10-06T06:27:11.206+0000] {dag.py:4156} INFO - Setting next_dagrun for read_dataset_event_from_classic to 2024-10-05 00:00:00+00:00, run_after=2024-10-06 00:00:00+00:00
[2024-10-06T06:27:11.214+0000] {processor.py:208} INFO - Processing /home/airflow/.local/lib/python3.12/site-packages/airflow/example_dags/example_inlet_event_extra.py took 0.137 seconds
[2024-10-06T06:56:39.660+0000] {processor.py:186} INFO - Started process (PID=24718) to work on /home/airflow/.local/lib/python3.12/site-packages/airflow/example_dags/example_inlet_event_extra.py
[2024-10-06T06:56:39.662+0000] {processor.py:914} INFO - Processing file /home/airflow/.local/lib/python3.12/site-packages/airflow/example_dags/example_inlet_event_extra.py for tasks to queue
[2024-10-06T06:56:39.663+0000] {logging_mixin.py:190} INFO - [2024-10-06T06:56:39.663+0000] {dagbag.py:587} INFO - Filling up the DagBag from /home/airflow/.local/lib/python3.12/site-packages/airflow/example_dags/example_inlet_event_extra.py
[2024-10-06T06:56:39.747+0000] {processor.py:925} INFO - DAG(s) 'read_dataset_event_from_classic', 'read_dataset_event' retrieved from /home/airflow/.local/lib/python3.12/site-packages/airflow/example_dags/example_inlet_event_extra.py
[2024-10-06T06:56:39.765+0000] {logging_mixin.py:190} INFO - [2024-10-06T06:56:39.765+0000] {dag.py:3229} INFO - Sync 2 DAGs
[2024-10-06T06:56:39.781+0000] {logging_mixin.py:190} INFO - [2024-10-06T06:56:39.781+0000] {dag.py:4156} INFO - Setting next_dagrun for read_dataset_event to 2024-10-05 00:00:00+00:00, run_after=2024-10-06 00:00:00+00:00
[2024-10-06T06:56:39.785+0000] {logging_mixin.py:190} INFO - [2024-10-06T06:56:39.785+0000] {dag.py:4156} INFO - Setting next_dagrun for read_dataset_event_from_classic to 2024-10-05 00:00:00+00:00, run_after=2024-10-06 00:00:00+00:00
[2024-10-06T06:56:39.795+0000] {processor.py:208} INFO - Processing /home/airflow/.local/lib/python3.12/site-packages/airflow/example_dags/example_inlet_event_extra.py took 0.138 seconds
[2024-10-06T07:29:03.560+0000] {processor.py:186} INFO - Started process (PID=24788) to work on /home/airflow/.local/lib/python3.12/site-packages/airflow/example_dags/example_inlet_event_extra.py
[2024-10-06T07:29:03.561+0000] {processor.py:914} INFO - Processing file /home/airflow/.local/lib/python3.12/site-packages/airflow/example_dags/example_inlet_event_extra.py for tasks to queue
[2024-10-06T07:29:03.562+0000] {logging_mixin.py:190} INFO - [2024-10-06T07:29:03.562+0000] {dagbag.py:587} INFO - Filling up the DagBag from /home/airflow/.local/lib/python3.12/site-packages/airflow/example_dags/example_inlet_event_extra.py
[2024-10-06T07:29:03.688+0000] {processor.py:925} INFO - DAG(s) 'read_dataset_event_from_classic', 'read_dataset_event' retrieved from /home/airflow/.local/lib/python3.12/site-packages/airflow/example_dags/example_inlet_event_extra.py
[2024-10-06T07:29:03.715+0000] {logging_mixin.py:190} INFO - [2024-10-06T07:29:03.715+0000] {dag.py:3229} INFO - Sync 2 DAGs
[2024-10-06T07:29:03.735+0000] {logging_mixin.py:190} INFO - [2024-10-06T07:29:03.735+0000] {dag.py:4156} INFO - Setting next_dagrun for read_dataset_event to 2024-10-05 00:00:00+00:00, run_after=2024-10-06 00:00:00+00:00
[2024-10-06T07:29:03.737+0000] {logging_mixin.py:190} INFO - [2024-10-06T07:29:03.737+0000] {dag.py:4156} INFO - Setting next_dagrun for read_dataset_event_from_classic to 2024-10-05 00:00:00+00:00, run_after=2024-10-06 00:00:00+00:00
[2024-10-06T07:29:03.745+0000] {processor.py:208} INFO - Processing /home/airflow/.local/lib/python3.12/site-packages/airflow/example_dags/example_inlet_event_extra.py took 0.189 seconds
[2024-10-06T07:57:57.430+0000] {processor.py:186} INFO - Started process (PID=24858) to work on /home/airflow/.local/lib/python3.12/site-packages/airflow/example_dags/example_inlet_event_extra.py
[2024-10-06T07:57:57.432+0000] {processor.py:914} INFO - Processing file /home/airflow/.local/lib/python3.12/site-packages/airflow/example_dags/example_inlet_event_extra.py for tasks to queue
[2024-10-06T07:57:57.432+0000] {logging_mixin.py:190} INFO - [2024-10-06T07:57:57.432+0000] {dagbag.py:587} INFO - Filling up the DagBag from /home/airflow/.local/lib/python3.12/site-packages/airflow/example_dags/example_inlet_event_extra.py
[2024-10-06T07:57:57.508+0000] {processor.py:925} INFO - DAG(s) 'read_dataset_event_from_classic', 'read_dataset_event' retrieved from /home/airflow/.local/lib/python3.12/site-packages/airflow/example_dags/example_inlet_event_extra.py
[2024-10-06T07:57:57.523+0000] {logging_mixin.py:190} INFO - [2024-10-06T07:57:57.522+0000] {dag.py:3229} INFO - Sync 2 DAGs
[2024-10-06T07:57:57.543+0000] {logging_mixin.py:190} INFO - [2024-10-06T07:57:57.543+0000] {dag.py:4156} INFO - Setting next_dagrun for read_dataset_event to 2024-10-05 00:00:00+00:00, run_after=2024-10-06 00:00:00+00:00
[2024-10-06T07:57:57.546+0000] {logging_mixin.py:190} INFO - [2024-10-06T07:57:57.546+0000] {dag.py:4156} INFO - Setting next_dagrun for read_dataset_event_from_classic to 2024-10-05 00:00:00+00:00, run_after=2024-10-06 00:00:00+00:00
[2024-10-06T07:57:57.556+0000] {processor.py:208} INFO - Processing /home/airflow/.local/lib/python3.12/site-packages/airflow/example_dags/example_inlet_event_extra.py took 0.132 seconds
[2024-10-06T08:02:59.378+0000] {processor.py:186} INFO - Started process (PID=24928) to work on /home/airflow/.local/lib/python3.12/site-packages/airflow/example_dags/example_inlet_event_extra.py
[2024-10-06T08:02:59.379+0000] {processor.py:914} INFO - Processing file /home/airflow/.local/lib/python3.12/site-packages/airflow/example_dags/example_inlet_event_extra.py for tasks to queue
[2024-10-06T08:02:59.380+0000] {logging_mixin.py:190} INFO - [2024-10-06T08:02:59.380+0000] {dagbag.py:587} INFO - Filling up the DagBag from /home/airflow/.local/lib/python3.12/site-packages/airflow/example_dags/example_inlet_event_extra.py
[2024-10-06T08:02:59.450+0000] {processor.py:925} INFO - DAG(s) 'read_dataset_event', 'read_dataset_event_from_classic' retrieved from /home/airflow/.local/lib/python3.12/site-packages/airflow/example_dags/example_inlet_event_extra.py
[2024-10-06T08:02:59.467+0000] {logging_mixin.py:190} INFO - [2024-10-06T08:02:59.466+0000] {dag.py:3229} INFO - Sync 2 DAGs
[2024-10-06T08:02:59.478+0000] {logging_mixin.py:190} INFO - [2024-10-06T08:02:59.477+0000] {dag.py:4156} INFO - Setting next_dagrun for read_dataset_event to 2024-10-05 00:00:00+00:00, run_after=2024-10-06 00:00:00+00:00
[2024-10-06T08:02:59.479+0000] {logging_mixin.py:190} INFO - [2024-10-06T08:02:59.479+0000] {dag.py:4156} INFO - Setting next_dagrun for read_dataset_event_from_classic to 2024-10-05 00:00:00+00:00, run_after=2024-10-06 00:00:00+00:00
[2024-10-06T08:02:59.485+0000] {processor.py:208} INFO - Processing /home/airflow/.local/lib/python3.12/site-packages/airflow/example_dags/example_inlet_event_extra.py took 0.110 seconds
[2024-10-06T08:03:30.179+0000] {processor.py:186} INFO - Started process (PID=24998) to work on /home/airflow/.local/lib/python3.12/site-packages/airflow/example_dags/example_inlet_event_extra.py
[2024-10-06T08:03:30.180+0000] {processor.py:914} INFO - Processing file /home/airflow/.local/lib/python3.12/site-packages/airflow/example_dags/example_inlet_event_extra.py for tasks to queue
[2024-10-06T08:03:30.181+0000] {logging_mixin.py:190} INFO - [2024-10-06T08:03:30.181+0000] {dagbag.py:587} INFO - Filling up the DagBag from /home/airflow/.local/lib/python3.12/site-packages/airflow/example_dags/example_inlet_event_extra.py
[2024-10-06T08:03:30.257+0000] {processor.py:925} INFO - DAG(s) 'read_dataset_event_from_classic', 'read_dataset_event' retrieved from /home/airflow/.local/lib/python3.12/site-packages/airflow/example_dags/example_inlet_event_extra.py
[2024-10-06T08:03:30.270+0000] {logging_mixin.py:190} INFO - [2024-10-06T08:03:30.270+0000] {dag.py:3229} INFO - Sync 2 DAGs
[2024-10-06T08:03:30.282+0000] {logging_mixin.py:190} INFO - [2024-10-06T08:03:30.282+0000] {dag.py:4156} INFO - Setting next_dagrun for read_dataset_event to 2024-10-05 00:00:00+00:00, run_after=2024-10-06 00:00:00+00:00
[2024-10-06T08:03:30.286+0000] {logging_mixin.py:190} INFO - [2024-10-06T08:03:30.286+0000] {dag.py:4156} INFO - Setting next_dagrun for read_dataset_event_from_classic to 2024-10-05 00:00:00+00:00, run_after=2024-10-06 00:00:00+00:00
[2024-10-06T08:03:30.292+0000] {processor.py:208} INFO - Processing /home/airflow/.local/lib/python3.12/site-packages/airflow/example_dags/example_inlet_event_extra.py took 0.116 seconds
[2024-10-06T09:43:48.440+0000] {processor.py:186} INFO - Started process (PID=25068) to work on /home/airflow/.local/lib/python3.12/site-packages/airflow/example_dags/example_inlet_event_extra.py
[2024-10-06T09:43:48.442+0000] {processor.py:914} INFO - Processing file /home/airflow/.local/lib/python3.12/site-packages/airflow/example_dags/example_inlet_event_extra.py for tasks to queue
[2024-10-06T09:43:48.443+0000] {logging_mixin.py:190} INFO - [2024-10-06T09:43:48.443+0000] {dagbag.py:587} INFO - Filling up the DagBag from /home/airflow/.local/lib/python3.12/site-packages/airflow/example_dags/example_inlet_event_extra.py
[2024-10-06T09:43:48.591+0000] {processor.py:925} INFO - DAG(s) 'read_dataset_event', 'read_dataset_event_from_classic' retrieved from /home/airflow/.local/lib/python3.12/site-packages/airflow/example_dags/example_inlet_event_extra.py
[2024-10-06T09:43:48.606+0000] {logging_mixin.py:190} INFO - [2024-10-06T09:43:48.606+0000] {dag.py:3229} INFO - Sync 2 DAGs
[2024-10-06T09:43:48.622+0000] {logging_mixin.py:190} INFO - [2024-10-06T09:43:48.622+0000] {dag.py:4156} INFO - Setting next_dagrun for read_dataset_event to 2024-10-05 00:00:00+00:00, run_after=2024-10-06 00:00:00+00:00
[2024-10-06T09:43:48.628+0000] {logging_mixin.py:190} INFO - [2024-10-06T09:43:48.628+0000] {dag.py:4156} INFO - Setting next_dagrun for read_dataset_event_from_classic to 2024-10-05 00:00:00+00:00, run_after=2024-10-06 00:00:00+00:00
[2024-10-06T09:43:48.644+0000] {processor.py:208} INFO - Processing /home/airflow/.local/lib/python3.12/site-packages/airflow/example_dags/example_inlet_event_extra.py took 0.207 seconds
[2024-10-06T10:16:41.847+0000] {processor.py:186} INFO - Started process (PID=25137) to work on /home/airflow/.local/lib/python3.12/site-packages/airflow/example_dags/example_inlet_event_extra.py
[2024-10-06T10:16:41.847+0000] {processor.py:914} INFO - Processing file /home/airflow/.local/lib/python3.12/site-packages/airflow/example_dags/example_inlet_event_extra.py for tasks to queue
[2024-10-06T10:16:41.848+0000] {logging_mixin.py:190} INFO - [2024-10-06T10:16:41.848+0000] {dagbag.py:587} INFO - Filling up the DagBag from /home/airflow/.local/lib/python3.12/site-packages/airflow/example_dags/example_inlet_event_extra.py
[2024-10-06T10:16:41.918+0000] {processor.py:925} INFO - DAG(s) 'read_dataset_event_from_classic', 'read_dataset_event' retrieved from /home/airflow/.local/lib/python3.12/site-packages/airflow/example_dags/example_inlet_event_extra.py
[2024-10-06T10:16:41.929+0000] {logging_mixin.py:190} INFO - [2024-10-06T10:16:41.929+0000] {dag.py:3229} INFO - Sync 2 DAGs
[2024-10-06T10:16:41.940+0000] {logging_mixin.py:190} INFO - [2024-10-06T10:16:41.940+0000] {dag.py:4156} INFO - Setting next_dagrun for read_dataset_event to 2024-10-05 00:00:00+00:00, run_after=2024-10-06 00:00:00+00:00
[2024-10-06T10:16:41.942+0000] {logging_mixin.py:190} INFO - [2024-10-06T10:16:41.942+0000] {dag.py:4156} INFO - Setting next_dagrun for read_dataset_event_from_classic to 2024-10-05 00:00:00+00:00, run_after=2024-10-06 00:00:00+00:00
[2024-10-06T10:16:41.948+0000] {processor.py:208} INFO - Processing /home/airflow/.local/lib/python3.12/site-packages/airflow/example_dags/example_inlet_event_extra.py took 0.104 seconds
[2024-10-06T11:20:55.714+0000] {processor.py:186} INFO - Started process (PID=25207) to work on /home/airflow/.local/lib/python3.12/site-packages/airflow/example_dags/example_inlet_event_extra.py
[2024-10-06T11:20:55.715+0000] {processor.py:914} INFO - Processing file /home/airflow/.local/lib/python3.12/site-packages/airflow/example_dags/example_inlet_event_extra.py for tasks to queue
[2024-10-06T11:20:55.716+0000] {logging_mixin.py:190} INFO - [2024-10-06T11:20:55.716+0000] {dagbag.py:587} INFO - Filling up the DagBag from /home/airflow/.local/lib/python3.12/site-packages/airflow/example_dags/example_inlet_event_extra.py
[2024-10-06T11:20:55.931+0000] {processor.py:925} INFO - DAG(s) 'read_dataset_event', 'read_dataset_event_from_classic' retrieved from /home/airflow/.local/lib/python3.12/site-packages/airflow/example_dags/example_inlet_event_extra.py
[2024-10-06T11:20:55.955+0000] {logging_mixin.py:190} INFO - [2024-10-06T11:20:55.955+0000] {dag.py:3229} INFO - Sync 2 DAGs
[2024-10-06T11:20:55.988+0000] {logging_mixin.py:190} INFO - [2024-10-06T11:20:55.988+0000] {dag.py:4156} INFO - Setting next_dagrun for read_dataset_event to 2024-10-05 00:00:00+00:00, run_after=2024-10-06 00:00:00+00:00
[2024-10-06T11:20:55.990+0000] {logging_mixin.py:190} INFO - [2024-10-06T11:20:55.990+0000] {dag.py:4156} INFO - Setting next_dagrun for read_dataset_event_from_classic to 2024-10-05 00:00:00+00:00, run_after=2024-10-06 00:00:00+00:00
[2024-10-06T11:20:55.999+0000] {processor.py:208} INFO - Processing /home/airflow/.local/lib/python3.12/site-packages/airflow/example_dags/example_inlet_event_extra.py took 0.291 seconds
[2024-10-06T13:00:04.465+0000] {processor.py:186} INFO - Started process (PID=25277) to work on /home/airflow/.local/lib/python3.12/site-packages/airflow/example_dags/example_inlet_event_extra.py
[2024-10-06T13:00:04.466+0000] {processor.py:914} INFO - Processing file /home/airflow/.local/lib/python3.12/site-packages/airflow/example_dags/example_inlet_event_extra.py for tasks to queue
[2024-10-06T13:00:04.467+0000] {logging_mixin.py:190} INFO - [2024-10-06T13:00:04.467+0000] {dagbag.py:587} INFO - Filling up the DagBag from /home/airflow/.local/lib/python3.12/site-packages/airflow/example_dags/example_inlet_event_extra.py
[2024-10-06T13:00:04.549+0000] {processor.py:925} INFO - DAG(s) 'read_dataset_event_from_classic', 'read_dataset_event' retrieved from /home/airflow/.local/lib/python3.12/site-packages/airflow/example_dags/example_inlet_event_extra.py
[2024-10-06T13:00:04.559+0000] {logging_mixin.py:190} INFO - [2024-10-06T13:00:04.559+0000] {dag.py:3229} INFO - Sync 2 DAGs
[2024-10-06T13:00:04.571+0000] {logging_mixin.py:190} INFO - [2024-10-06T13:00:04.571+0000] {dag.py:4156} INFO - Setting next_dagrun for read_dataset_event to 2024-10-05 00:00:00+00:00, run_after=2024-10-06 00:00:00+00:00
[2024-10-06T13:00:04.573+0000] {logging_mixin.py:190} INFO - [2024-10-06T13:00:04.573+0000] {dag.py:4156} INFO - Setting next_dagrun for read_dataset_event_from_classic to 2024-10-05 00:00:00+00:00, run_after=2024-10-06 00:00:00+00:00
[2024-10-06T13:00:04.579+0000] {processor.py:208} INFO - Processing /home/airflow/.local/lib/python3.12/site-packages/airflow/example_dags/example_inlet_event_extra.py took 0.117 seconds
[2024-10-06T13:48:15.820+0000] {processor.py:186} INFO - Started process (PID=25347) to work on /home/airflow/.local/lib/python3.12/site-packages/airflow/example_dags/example_inlet_event_extra.py
[2024-10-06T13:48:15.821+0000] {processor.py:914} INFO - Processing file /home/airflow/.local/lib/python3.12/site-packages/airflow/example_dags/example_inlet_event_extra.py for tasks to queue
[2024-10-06T13:48:15.821+0000] {logging_mixin.py:190} INFO - [2024-10-06T13:48:15.821+0000] {dagbag.py:587} INFO - Filling up the DagBag from /home/airflow/.local/lib/python3.12/site-packages/airflow/example_dags/example_inlet_event_extra.py
[2024-10-06T13:48:15.916+0000] {processor.py:925} INFO - DAG(s) 'read_dataset_event_from_classic', 'read_dataset_event' retrieved from /home/airflow/.local/lib/python3.12/site-packages/airflow/example_dags/example_inlet_event_extra.py
[2024-10-06T13:48:15.929+0000] {logging_mixin.py:190} INFO - [2024-10-06T13:48:15.929+0000] {dag.py:3229} INFO - Sync 2 DAGs
[2024-10-06T13:48:15.943+0000] {logging_mixin.py:190} INFO - [2024-10-06T13:48:15.943+0000] {dag.py:4156} INFO - Setting next_dagrun for read_dataset_event to 2024-10-05 00:00:00+00:00, run_after=2024-10-06 00:00:00+00:00
[2024-10-06T13:48:15.945+0000] {logging_mixin.py:190} INFO - [2024-10-06T13:48:15.945+0000] {dag.py:4156} INFO - Setting next_dagrun for read_dataset_event_from_classic to 2024-10-05 00:00:00+00:00, run_after=2024-10-06 00:00:00+00:00
[2024-10-06T13:48:15.961+0000] {processor.py:208} INFO - Processing /home/airflow/.local/lib/python3.12/site-packages/airflow/example_dags/example_inlet_event_extra.py took 0.147 seconds
[2024-10-06T13:55:51.175+0000] {processor.py:186} INFO - Started process (PID=25417) to work on /home/airflow/.local/lib/python3.12/site-packages/airflow/example_dags/example_inlet_event_extra.py
[2024-10-06T13:55:51.176+0000] {processor.py:914} INFO - Processing file /home/airflow/.local/lib/python3.12/site-packages/airflow/example_dags/example_inlet_event_extra.py for tasks to queue
[2024-10-06T13:55:51.177+0000] {logging_mixin.py:190} INFO - [2024-10-06T13:55:51.177+0000] {dagbag.py:587} INFO - Filling up the DagBag from /home/airflow/.local/lib/python3.12/site-packages/airflow/example_dags/example_inlet_event_extra.py
[2024-10-06T13:55:51.335+0000] {processor.py:925} INFO - DAG(s) 'read_dataset_event_from_classic', 'read_dataset_event' retrieved from /home/airflow/.local/lib/python3.12/site-packages/airflow/example_dags/example_inlet_event_extra.py
[2024-10-06T13:55:51.400+0000] {logging_mixin.py:190} INFO - [2024-10-06T13:55:51.400+0000] {dag.py:3229} INFO - Sync 2 DAGs
[2024-10-06T13:55:51.435+0000] {logging_mixin.py:190} INFO - [2024-10-06T13:55:51.435+0000] {dag.py:4156} INFO - Setting next_dagrun for read_dataset_event to 2024-10-05 00:00:00+00:00, run_after=2024-10-06 00:00:00+00:00
[2024-10-06T13:55:51.442+0000] {logging_mixin.py:190} INFO - [2024-10-06T13:55:51.442+0000] {dag.py:4156} INFO - Setting next_dagrun for read_dataset_event_from_classic to 2024-10-05 00:00:00+00:00, run_after=2024-10-06 00:00:00+00:00
[2024-10-06T13:55:51.457+0000] {processor.py:208} INFO - Processing /home/airflow/.local/lib/python3.12/site-packages/airflow/example_dags/example_inlet_event_extra.py took 0.286 seconds
[2024-10-06T14:56:48.916+0000] {processor.py:186} INFO - Started process (PID=25487) to work on /home/airflow/.local/lib/python3.12/site-packages/airflow/example_dags/example_inlet_event_extra.py
[2024-10-06T14:56:48.917+0000] {processor.py:914} INFO - Processing file /home/airflow/.local/lib/python3.12/site-packages/airflow/example_dags/example_inlet_event_extra.py for tasks to queue
[2024-10-06T14:56:48.918+0000] {logging_mixin.py:190} INFO - [2024-10-06T14:56:48.917+0000] {dagbag.py:587} INFO - Filling up the DagBag from /home/airflow/.local/lib/python3.12/site-packages/airflow/example_dags/example_inlet_event_extra.py
[2024-10-06T14:56:48.994+0000] {processor.py:925} INFO - DAG(s) 'read_dataset_event_from_classic', 'read_dataset_event' retrieved from /home/airflow/.local/lib/python3.12/site-packages/airflow/example_dags/example_inlet_event_extra.py
[2024-10-06T14:56:49.004+0000] {logging_mixin.py:190} INFO - [2024-10-06T14:56:49.004+0000] {dag.py:3229} INFO - Sync 2 DAGs
[2024-10-06T14:56:49.016+0000] {logging_mixin.py:190} INFO - [2024-10-06T14:56:49.016+0000] {dag.py:4156} INFO - Setting next_dagrun for read_dataset_event to 2024-10-05 00:00:00+00:00, run_after=2024-10-06 00:00:00+00:00
[2024-10-06T14:56:49.019+0000] {logging_mixin.py:190} INFO - [2024-10-06T14:56:49.019+0000] {dag.py:4156} INFO - Setting next_dagrun for read_dataset_event_from_classic to 2024-10-05 00:00:00+00:00, run_after=2024-10-06 00:00:00+00:00
[2024-10-06T14:56:49.027+0000] {processor.py:208} INFO - Processing /home/airflow/.local/lib/python3.12/site-packages/airflow/example_dags/example_inlet_event_extra.py took 0.114 seconds
[2024-10-06T15:41:28.209+0000] {processor.py:186} INFO - Started process (PID=25557) to work on /home/airflow/.local/lib/python3.12/site-packages/airflow/example_dags/example_inlet_event_extra.py
[2024-10-06T15:41:28.211+0000] {processor.py:914} INFO - Processing file /home/airflow/.local/lib/python3.12/site-packages/airflow/example_dags/example_inlet_event_extra.py for tasks to queue
[2024-10-06T15:41:28.211+0000] {logging_mixin.py:190} INFO - [2024-10-06T15:41:28.211+0000] {dagbag.py:587} INFO - Filling up the DagBag from /home/airflow/.local/lib/python3.12/site-packages/airflow/example_dags/example_inlet_event_extra.py
[2024-10-06T15:41:28.400+0000] {processor.py:925} INFO - DAG(s) 'read_dataset_event_from_classic', 'read_dataset_event' retrieved from /home/airflow/.local/lib/python3.12/site-packages/airflow/example_dags/example_inlet_event_extra.py
[2024-10-06T15:41:28.433+0000] {logging_mixin.py:190} INFO - [2024-10-06T15:41:28.433+0000] {dag.py:3229} INFO - Sync 2 DAGs
[2024-10-06T15:41:28.469+0000] {logging_mixin.py:190} INFO - [2024-10-06T15:41:28.469+0000] {dag.py:4156} INFO - Setting next_dagrun for read_dataset_event to 2024-10-05 00:00:00+00:00, run_after=2024-10-06 00:00:00+00:00
[2024-10-06T15:41:28.476+0000] {logging_mixin.py:190} INFO - [2024-10-06T15:41:28.476+0000] {dag.py:4156} INFO - Setting next_dagrun for read_dataset_event_from_classic to 2024-10-05 00:00:00+00:00, run_after=2024-10-06 00:00:00+00:00
[2024-10-06T15:41:28.522+0000] {processor.py:208} INFO - Processing /home/airflow/.local/lib/python3.12/site-packages/airflow/example_dags/example_inlet_event_extra.py took 0.317 seconds
[2024-10-06T16:15:54.357+0000] {processor.py:186} INFO - Started process (PID=25627) to work on /home/airflow/.local/lib/python3.12/site-packages/airflow/example_dags/example_inlet_event_extra.py
[2024-10-06T16:15:54.358+0000] {processor.py:914} INFO - Processing file /home/airflow/.local/lib/python3.12/site-packages/airflow/example_dags/example_inlet_event_extra.py for tasks to queue
[2024-10-06T16:15:54.359+0000] {logging_mixin.py:190} INFO - [2024-10-06T16:15:54.359+0000] {dagbag.py:587} INFO - Filling up the DagBag from /home/airflow/.local/lib/python3.12/site-packages/airflow/example_dags/example_inlet_event_extra.py
[2024-10-06T16:15:54.442+0000] {processor.py:925} INFO - DAG(s) 'read_dataset_event_from_classic', 'read_dataset_event' retrieved from /home/airflow/.local/lib/python3.12/site-packages/airflow/example_dags/example_inlet_event_extra.py
[2024-10-06T16:15:54.453+0000] {logging_mixin.py:190} INFO - [2024-10-06T16:15:54.453+0000] {dag.py:3229} INFO - Sync 2 DAGs
[2024-10-06T16:15:54.463+0000] {logging_mixin.py:190} INFO - [2024-10-06T16:15:54.463+0000] {dag.py:4156} INFO - Setting next_dagrun for read_dataset_event to 2024-10-05 00:00:00+00:00, run_after=2024-10-06 00:00:00+00:00
[2024-10-06T16:15:54.465+0000] {logging_mixin.py:190} INFO - [2024-10-06T16:15:54.465+0000] {dag.py:4156} INFO - Setting next_dagrun for read_dataset_event_from_classic to 2024-10-05 00:00:00+00:00, run_after=2024-10-06 00:00:00+00:00
[2024-10-06T16:15:54.472+0000] {processor.py:208} INFO - Processing /home/airflow/.local/lib/python3.12/site-packages/airflow/example_dags/example_inlet_event_extra.py took 0.119 seconds
[2024-10-06T16:58:35.171+0000] {processor.py:186} INFO - Started process (PID=25697) to work on /home/airflow/.local/lib/python3.12/site-packages/airflow/example_dags/example_inlet_event_extra.py
[2024-10-06T16:58:35.175+0000] {processor.py:914} INFO - Processing file /home/airflow/.local/lib/python3.12/site-packages/airflow/example_dags/example_inlet_event_extra.py for tasks to queue
[2024-10-06T16:58:35.176+0000] {logging_mixin.py:190} INFO - [2024-10-06T16:58:35.176+0000] {dagbag.py:587} INFO - Filling up the DagBag from /home/airflow/.local/lib/python3.12/site-packages/airflow/example_dags/example_inlet_event_extra.py
[2024-10-06T16:58:35.248+0000] {processor.py:925} INFO - DAG(s) 'read_dataset_event_from_classic', 'read_dataset_event' retrieved from /home/airflow/.local/lib/python3.12/site-packages/airflow/example_dags/example_inlet_event_extra.py
[2024-10-06T16:58:35.263+0000] {logging_mixin.py:190} INFO - [2024-10-06T16:58:35.263+0000] {dag.py:3229} INFO - Sync 2 DAGs
[2024-10-06T16:58:35.274+0000] {logging_mixin.py:190} INFO - [2024-10-06T16:58:35.274+0000] {dag.py:4156} INFO - Setting next_dagrun for read_dataset_event to 2024-10-05 00:00:00+00:00, run_after=2024-10-06 00:00:00+00:00
[2024-10-06T16:58:35.276+0000] {logging_mixin.py:190} INFO - [2024-10-06T16:58:35.276+0000] {dag.py:4156} INFO - Setting next_dagrun for read_dataset_event_from_classic to 2024-10-05 00:00:00+00:00, run_after=2024-10-06 00:00:00+00:00
[2024-10-06T16:58:35.283+0000] {processor.py:208} INFO - Processing /home/airflow/.local/lib/python3.12/site-packages/airflow/example_dags/example_inlet_event_extra.py took 0.114 seconds
[2024-10-06T16:59:06.120+0000] {processor.py:186} INFO - Started process (PID=25767) to work on /home/airflow/.local/lib/python3.12/site-packages/airflow/example_dags/example_inlet_event_extra.py
[2024-10-06T16:59:06.124+0000] {processor.py:914} INFO - Processing file /home/airflow/.local/lib/python3.12/site-packages/airflow/example_dags/example_inlet_event_extra.py for tasks to queue
[2024-10-06T16:59:06.124+0000] {logging_mixin.py:190} INFO - [2024-10-06T16:59:06.124+0000] {dagbag.py:587} INFO - Filling up the DagBag from /home/airflow/.local/lib/python3.12/site-packages/airflow/example_dags/example_inlet_event_extra.py
[2024-10-06T16:59:06.198+0000] {processor.py:925} INFO - DAG(s) 'read_dataset_event_from_classic', 'read_dataset_event' retrieved from /home/airflow/.local/lib/python3.12/site-packages/airflow/example_dags/example_inlet_event_extra.py
[2024-10-06T16:59:06.218+0000] {logging_mixin.py:190} INFO - [2024-10-06T16:59:06.218+0000] {dag.py:3229} INFO - Sync 2 DAGs
[2024-10-06T16:59:06.231+0000] {logging_mixin.py:190} INFO - [2024-10-06T16:59:06.231+0000] {dag.py:4156} INFO - Setting next_dagrun for read_dataset_event to 2024-10-05 00:00:00+00:00, run_after=2024-10-06 00:00:00+00:00
[2024-10-06T16:59:06.233+0000] {logging_mixin.py:190} INFO - [2024-10-06T16:59:06.233+0000] {dag.py:4156} INFO - Setting next_dagrun for read_dataset_event_from_classic to 2024-10-05 00:00:00+00:00, run_after=2024-10-06 00:00:00+00:00
[2024-10-06T16:59:06.239+0000] {processor.py:208} INFO - Processing /home/airflow/.local/lib/python3.12/site-packages/airflow/example_dags/example_inlet_event_extra.py took 0.122 seconds
[2024-10-06T17:59:32.294+0000] {processor.py:186} INFO - Started process (PID=25836) to work on /home/airflow/.local/lib/python3.12/site-packages/airflow/example_dags/example_inlet_event_extra.py
[2024-10-06T17:59:32.295+0000] {processor.py:914} INFO - Processing file /home/airflow/.local/lib/python3.12/site-packages/airflow/example_dags/example_inlet_event_extra.py for tasks to queue
[2024-10-06T17:59:32.296+0000] {logging_mixin.py:190} INFO - [2024-10-06T17:59:32.296+0000] {dagbag.py:587} INFO - Filling up the DagBag from /home/airflow/.local/lib/python3.12/site-packages/airflow/example_dags/example_inlet_event_extra.py
[2024-10-06T17:59:32.379+0000] {processor.py:925} INFO - DAG(s) 'read_dataset_event', 'read_dataset_event_from_classic' retrieved from /home/airflow/.local/lib/python3.12/site-packages/airflow/example_dags/example_inlet_event_extra.py
[2024-10-06T17:59:32.401+0000] {logging_mixin.py:190} INFO - [2024-10-06T17:59:32.401+0000] {dag.py:3229} INFO - Sync 2 DAGs
[2024-10-06T17:59:32.418+0000] {logging_mixin.py:190} INFO - [2024-10-06T17:59:32.418+0000] {dag.py:4156} INFO - Setting next_dagrun for read_dataset_event to 2024-10-05 00:00:00+00:00, run_after=2024-10-06 00:00:00+00:00
[2024-10-06T17:59:32.422+0000] {logging_mixin.py:190} INFO - [2024-10-06T17:59:32.422+0000] {dag.py:4156} INFO - Setting next_dagrun for read_dataset_event_from_classic to 2024-10-05 00:00:00+00:00, run_after=2024-10-06 00:00:00+00:00
[2024-10-06T17:59:32.429+0000] {processor.py:208} INFO - Processing /home/airflow/.local/lib/python3.12/site-packages/airflow/example_dags/example_inlet_event_extra.py took 0.140 seconds
[2024-10-06T18:17:00.845+0000] {processor.py:186} INFO - Started process (PID=25906) to work on /home/airflow/.local/lib/python3.12/site-packages/airflow/example_dags/example_inlet_event_extra.py
[2024-10-06T18:17:00.846+0000] {processor.py:914} INFO - Processing file /home/airflow/.local/lib/python3.12/site-packages/airflow/example_dags/example_inlet_event_extra.py for tasks to queue
[2024-10-06T18:17:00.848+0000] {logging_mixin.py:190} INFO - [2024-10-06T18:17:00.848+0000] {dagbag.py:587} INFO - Filling up the DagBag from /home/airflow/.local/lib/python3.12/site-packages/airflow/example_dags/example_inlet_event_extra.py
[2024-10-06T18:17:00.955+0000] {processor.py:925} INFO - DAG(s) 'read_dataset_event', 'read_dataset_event_from_classic' retrieved from /home/airflow/.local/lib/python3.12/site-packages/airflow/example_dags/example_inlet_event_extra.py
[2024-10-06T18:17:00.975+0000] {logging_mixin.py:190} INFO - [2024-10-06T18:17:00.974+0000] {dag.py:3229} INFO - Sync 2 DAGs
[2024-10-06T18:17:00.993+0000] {logging_mixin.py:190} INFO - [2024-10-06T18:17:00.993+0000] {dag.py:4156} INFO - Setting next_dagrun for read_dataset_event to 2024-10-05 00:00:00+00:00, run_after=2024-10-06 00:00:00+00:00
[2024-10-06T18:17:00.997+0000] {logging_mixin.py:190} INFO - [2024-10-06T18:17:00.997+0000] {dag.py:4156} INFO - Setting next_dagrun for read_dataset_event_from_classic to 2024-10-05 00:00:00+00:00, run_after=2024-10-06 00:00:00+00:00
[2024-10-06T18:17:01.012+0000] {processor.py:208} INFO - Processing /home/airflow/.local/lib/python3.12/site-packages/airflow/example_dags/example_inlet_event_extra.py took 0.173 seconds
[2024-10-06T18:49:49.534+0000] {processor.py:186} INFO - Started process (PID=25976) to work on /home/airflow/.local/lib/python3.12/site-packages/airflow/example_dags/example_inlet_event_extra.py
[2024-10-06T18:49:49.534+0000] {processor.py:914} INFO - Processing file /home/airflow/.local/lib/python3.12/site-packages/airflow/example_dags/example_inlet_event_extra.py for tasks to queue
[2024-10-06T18:49:49.535+0000] {logging_mixin.py:190} INFO - [2024-10-06T18:49:49.535+0000] {dagbag.py:587} INFO - Filling up the DagBag from /home/airflow/.local/lib/python3.12/site-packages/airflow/example_dags/example_inlet_event_extra.py
[2024-10-06T18:49:49.630+0000] {processor.py:925} INFO - DAG(s) 'read_dataset_event', 'read_dataset_event_from_classic' retrieved from /home/airflow/.local/lib/python3.12/site-packages/airflow/example_dags/example_inlet_event_extra.py
[2024-10-06T18:49:49.644+0000] {logging_mixin.py:190} INFO - [2024-10-06T18:49:49.644+0000] {dag.py:3229} INFO - Sync 2 DAGs
[2024-10-06T18:49:49.657+0000] {logging_mixin.py:190} INFO - [2024-10-06T18:49:49.657+0000] {dag.py:4156} INFO - Setting next_dagrun for read_dataset_event to 2024-10-05 00:00:00+00:00, run_after=2024-10-06 00:00:00+00:00
[2024-10-06T18:49:49.663+0000] {logging_mixin.py:190} INFO - [2024-10-06T18:49:49.663+0000] {dag.py:4156} INFO - Setting next_dagrun for read_dataset_event_from_classic to 2024-10-05 00:00:00+00:00, run_after=2024-10-06 00:00:00+00:00
[2024-10-06T18:49:49.671+0000] {processor.py:208} INFO - Processing /home/airflow/.local/lib/python3.12/site-packages/airflow/example_dags/example_inlet_event_extra.py took 0.141 seconds
[2024-10-06T19:00:33.251+0000] {processor.py:186} INFO - Started process (PID=26046) to work on /home/airflow/.local/lib/python3.12/site-packages/airflow/example_dags/example_inlet_event_extra.py
[2024-10-06T19:00:33.252+0000] {processor.py:914} INFO - Processing file /home/airflow/.local/lib/python3.12/site-packages/airflow/example_dags/example_inlet_event_extra.py for tasks to queue
[2024-10-06T19:00:33.252+0000] {logging_mixin.py:190} INFO - [2024-10-06T19:00:33.252+0000] {dagbag.py:587} INFO - Filling up the DagBag from /home/airflow/.local/lib/python3.12/site-packages/airflow/example_dags/example_inlet_event_extra.py
[2024-10-06T19:00:33.323+0000] {processor.py:925} INFO - DAG(s) 'read_dataset_event', 'read_dataset_event_from_classic' retrieved from /home/airflow/.local/lib/python3.12/site-packages/airflow/example_dags/example_inlet_event_extra.py
[2024-10-06T19:00:33.337+0000] {logging_mixin.py:190} INFO - [2024-10-06T19:00:33.337+0000] {dag.py:3229} INFO - Sync 2 DAGs
[2024-10-06T19:00:33.352+0000] {logging_mixin.py:190} INFO - [2024-10-06T19:00:33.352+0000] {dag.py:4156} INFO - Setting next_dagrun for read_dataset_event to 2024-10-05 00:00:00+00:00, run_after=2024-10-06 00:00:00+00:00
[2024-10-06T19:00:33.354+0000] {logging_mixin.py:190} INFO - [2024-10-06T19:00:33.354+0000] {dag.py:4156} INFO - Setting next_dagrun for read_dataset_event_from_classic to 2024-10-05 00:00:00+00:00, run_after=2024-10-06 00:00:00+00:00
[2024-10-06T19:00:33.360+0000] {processor.py:208} INFO - Processing /home/airflow/.local/lib/python3.12/site-packages/airflow/example_dags/example_inlet_event_extra.py took 0.112 seconds
[2024-10-06T19:16:45.692+0000] {processor.py:186} INFO - Started process (PID=26116) to work on /home/airflow/.local/lib/python3.12/site-packages/airflow/example_dags/example_inlet_event_extra.py
[2024-10-06T19:16:45.694+0000] {processor.py:914} INFO - Processing file /home/airflow/.local/lib/python3.12/site-packages/airflow/example_dags/example_inlet_event_extra.py for tasks to queue
[2024-10-06T19:16:45.694+0000] {logging_mixin.py:190} INFO - [2024-10-06T19:16:45.694+0000] {dagbag.py:587} INFO - Filling up the DagBag from /home/airflow/.local/lib/python3.12/site-packages/airflow/example_dags/example_inlet_event_extra.py
[2024-10-06T19:16:45.860+0000] {processor.py:925} INFO - DAG(s) 'read_dataset_event_from_classic', 'read_dataset_event' retrieved from /home/airflow/.local/lib/python3.12/site-packages/airflow/example_dags/example_inlet_event_extra.py
[2024-10-06T19:16:45.895+0000] {logging_mixin.py:190} INFO - [2024-10-06T19:16:45.894+0000] {dag.py:3229} INFO - Sync 2 DAGs
[2024-10-06T19:16:45.916+0000] {logging_mixin.py:190} INFO - [2024-10-06T19:16:45.915+0000] {dag.py:4156} INFO - Setting next_dagrun for read_dataset_event to 2024-10-05 00:00:00+00:00, run_after=2024-10-06 00:00:00+00:00
[2024-10-06T19:16:45.918+0000] {logging_mixin.py:190} INFO - [2024-10-06T19:16:45.918+0000] {dag.py:4156} INFO - Setting next_dagrun for read_dataset_event_from_classic to 2024-10-05 00:00:00+00:00, run_after=2024-10-06 00:00:00+00:00
[2024-10-06T19:16:45.926+0000] {processor.py:208} INFO - Processing /home/airflow/.local/lib/python3.12/site-packages/airflow/example_dags/example_inlet_event_extra.py took 0.237 seconds
[2024-10-06T20:01:50.278+0000] {processor.py:186} INFO - Started process (PID=26186) to work on /home/airflow/.local/lib/python3.12/site-packages/airflow/example_dags/example_inlet_event_extra.py
[2024-10-06T20:01:50.279+0000] {processor.py:914} INFO - Processing file /home/airflow/.local/lib/python3.12/site-packages/airflow/example_dags/example_inlet_event_extra.py for tasks to queue
[2024-10-06T20:01:50.280+0000] {logging_mixin.py:190} INFO - [2024-10-06T20:01:50.279+0000] {dagbag.py:587} INFO - Filling up the DagBag from /home/airflow/.local/lib/python3.12/site-packages/airflow/example_dags/example_inlet_event_extra.py
[2024-10-06T20:01:50.361+0000] {processor.py:925} INFO - DAG(s) 'read_dataset_event_from_classic', 'read_dataset_event' retrieved from /home/airflow/.local/lib/python3.12/site-packages/airflow/example_dags/example_inlet_event_extra.py
[2024-10-06T20:01:50.380+0000] {logging_mixin.py:190} INFO - [2024-10-06T20:01:50.380+0000] {dag.py:3229} INFO - Sync 2 DAGs
[2024-10-06T20:01:50.396+0000] {logging_mixin.py:190} INFO - [2024-10-06T20:01:50.396+0000] {dag.py:4156} INFO - Setting next_dagrun for read_dataset_event to 2024-10-05 00:00:00+00:00, run_after=2024-10-06 00:00:00+00:00
[2024-10-06T20:01:50.400+0000] {logging_mixin.py:190} INFO - [2024-10-06T20:01:50.400+0000] {dag.py:4156} INFO - Setting next_dagrun for read_dataset_event_from_classic to 2024-10-05 00:00:00+00:00, run_after=2024-10-06 00:00:00+00:00
[2024-10-06T20:01:50.408+0000] {processor.py:208} INFO - Processing /home/airflow/.local/lib/python3.12/site-packages/airflow/example_dags/example_inlet_event_extra.py took 0.134 seconds
[2024-10-06T20:17:59.554+0000] {processor.py:186} INFO - Started process (PID=26256) to work on /home/airflow/.local/lib/python3.12/site-packages/airflow/example_dags/example_inlet_event_extra.py
[2024-10-06T20:17:59.559+0000] {processor.py:914} INFO - Processing file /home/airflow/.local/lib/python3.12/site-packages/airflow/example_dags/example_inlet_event_extra.py for tasks to queue
[2024-10-06T20:17:59.560+0000] {logging_mixin.py:190} INFO - [2024-10-06T20:17:59.559+0000] {dagbag.py:587} INFO - Filling up the DagBag from /home/airflow/.local/lib/python3.12/site-packages/airflow/example_dags/example_inlet_event_extra.py
[2024-10-06T20:17:59.685+0000] {processor.py:925} INFO - DAG(s) 'read_dataset_event_from_classic', 'read_dataset_event' retrieved from /home/airflow/.local/lib/python3.12/site-packages/airflow/example_dags/example_inlet_event_extra.py
[2024-10-06T20:17:59.707+0000] {logging_mixin.py:190} INFO - [2024-10-06T20:17:59.707+0000] {dag.py:3229} INFO - Sync 2 DAGs
[2024-10-06T20:17:59.723+0000] {logging_mixin.py:190} INFO - [2024-10-06T20:17:59.723+0000] {dag.py:4156} INFO - Setting next_dagrun for read_dataset_event to 2024-10-05 00:00:00+00:00, run_after=2024-10-06 00:00:00+00:00
[2024-10-06T20:17:59.726+0000] {logging_mixin.py:190} INFO - [2024-10-06T20:17:59.726+0000] {dag.py:4156} INFO - Setting next_dagrun for read_dataset_event_from_classic to 2024-10-05 00:00:00+00:00, run_after=2024-10-06 00:00:00+00:00
[2024-10-06T20:17:59.736+0000] {processor.py:208} INFO - Processing /home/airflow/.local/lib/python3.12/site-packages/airflow/example_dags/example_inlet_event_extra.py took 0.186 seconds
[2024-10-06T20:51:49.405+0000] {processor.py:186} INFO - Started process (PID=26325) to work on /home/airflow/.local/lib/python3.12/site-packages/airflow/example_dags/example_inlet_event_extra.py
[2024-10-06T20:51:49.406+0000] {processor.py:914} INFO - Processing file /home/airflow/.local/lib/python3.12/site-packages/airflow/example_dags/example_inlet_event_extra.py for tasks to queue
[2024-10-06T20:51:49.407+0000] {logging_mixin.py:190} INFO - [2024-10-06T20:51:49.407+0000] {dagbag.py:587} INFO - Filling up the DagBag from /home/airflow/.local/lib/python3.12/site-packages/airflow/example_dags/example_inlet_event_extra.py
[2024-10-06T20:51:49.498+0000] {processor.py:925} INFO - DAG(s) 'read_dataset_event', 'read_dataset_event_from_classic' retrieved from /home/airflow/.local/lib/python3.12/site-packages/airflow/example_dags/example_inlet_event_extra.py
[2024-10-06T20:51:49.519+0000] {logging_mixin.py:190} INFO - [2024-10-06T20:51:49.519+0000] {dag.py:3229} INFO - Sync 2 DAGs
[2024-10-06T20:51:49.534+0000] {logging_mixin.py:190} INFO - [2024-10-06T20:51:49.534+0000] {dag.py:4156} INFO - Setting next_dagrun for read_dataset_event to 2024-10-05 00:00:00+00:00, run_after=2024-10-06 00:00:00+00:00
[2024-10-06T20:51:49.536+0000] {logging_mixin.py:190} INFO - [2024-10-06T20:51:49.536+0000] {dag.py:4156} INFO - Setting next_dagrun for read_dataset_event_from_classic to 2024-10-05 00:00:00+00:00, run_after=2024-10-06 00:00:00+00:00
[2024-10-06T20:51:49.543+0000] {processor.py:208} INFO - Processing /home/airflow/.local/lib/python3.12/site-packages/airflow/example_dags/example_inlet_event_extra.py took 0.141 seconds
[2024-10-06T20:52:21.070+0000] {processor.py:186} INFO - Started process (PID=26396) to work on /home/airflow/.local/lib/python3.12/site-packages/airflow/example_dags/example_inlet_event_extra.py
[2024-10-06T20:52:21.071+0000] {processor.py:914} INFO - Processing file /home/airflow/.local/lib/python3.12/site-packages/airflow/example_dags/example_inlet_event_extra.py for tasks to queue
[2024-10-06T20:52:21.072+0000] {logging_mixin.py:190} INFO - [2024-10-06T20:52:21.072+0000] {dagbag.py:587} INFO - Filling up the DagBag from /home/airflow/.local/lib/python3.12/site-packages/airflow/example_dags/example_inlet_event_extra.py
[2024-10-06T20:52:21.239+0000] {processor.py:925} INFO - DAG(s) 'read_dataset_event', 'read_dataset_event_from_classic' retrieved from /home/airflow/.local/lib/python3.12/site-packages/airflow/example_dags/example_inlet_event_extra.py
[2024-10-06T20:52:21.295+0000] {logging_mixin.py:190} INFO - [2024-10-06T20:52:21.295+0000] {dag.py:3229} INFO - Sync 2 DAGs
[2024-10-06T20:52:21.343+0000] {logging_mixin.py:190} INFO - [2024-10-06T20:52:21.343+0000] {dag.py:4156} INFO - Setting next_dagrun for read_dataset_event to 2024-10-05 00:00:00+00:00, run_after=2024-10-06 00:00:00+00:00
[2024-10-06T20:52:21.346+0000] {logging_mixin.py:190} INFO - [2024-10-06T20:52:21.346+0000] {dag.py:4156} INFO - Setting next_dagrun for read_dataset_event_from_classic to 2024-10-05 00:00:00+00:00, run_after=2024-10-06 00:00:00+00:00
[2024-10-06T20:52:21.377+0000] {processor.py:208} INFO - Processing /home/airflow/.local/lib/python3.12/site-packages/airflow/example_dags/example_inlet_event_extra.py took 0.311 seconds
[2024-10-06T21:19:20.294+0000] {processor.py:186} INFO - Started process (PID=26466) to work on /home/airflow/.local/lib/python3.12/site-packages/airflow/example_dags/example_inlet_event_extra.py
[2024-10-06T21:19:20.297+0000] {processor.py:914} INFO - Processing file /home/airflow/.local/lib/python3.12/site-packages/airflow/example_dags/example_inlet_event_extra.py for tasks to queue
[2024-10-06T21:19:20.297+0000] {logging_mixin.py:190} INFO - [2024-10-06T21:19:20.297+0000] {dagbag.py:587} INFO - Filling up the DagBag from /home/airflow/.local/lib/python3.12/site-packages/airflow/example_dags/example_inlet_event_extra.py
[2024-10-06T21:19:20.452+0000] {processor.py:925} INFO - DAG(s) 'read_dataset_event', 'read_dataset_event_from_classic' retrieved from /home/airflow/.local/lib/python3.12/site-packages/airflow/example_dags/example_inlet_event_extra.py
[2024-10-06T21:19:20.467+0000] {logging_mixin.py:190} INFO - [2024-10-06T21:19:20.467+0000] {dag.py:3229} INFO - Sync 2 DAGs
[2024-10-06T21:19:20.484+0000] {logging_mixin.py:190} INFO - [2024-10-06T21:19:20.483+0000] {dag.py:4156} INFO - Setting next_dagrun for read_dataset_event to 2024-10-05 00:00:00+00:00, run_after=2024-10-06 00:00:00+00:00
[2024-10-06T21:19:20.488+0000] {logging_mixin.py:190} INFO - [2024-10-06T21:19:20.487+0000] {dag.py:4156} INFO - Setting next_dagrun for read_dataset_event_from_classic to 2024-10-05 00:00:00+00:00, run_after=2024-10-06 00:00:00+00:00
[2024-10-06T21:19:20.505+0000] {processor.py:208} INFO - Processing /home/airflow/.local/lib/python3.12/site-packages/airflow/example_dags/example_inlet_event_extra.py took 0.214 seconds
[2024-10-06T21:52:08.070+0000] {processor.py:186} INFO - Started process (PID=26536) to work on /home/airflow/.local/lib/python3.12/site-packages/airflow/example_dags/example_inlet_event_extra.py
[2024-10-06T21:52:08.071+0000] {processor.py:914} INFO - Processing file /home/airflow/.local/lib/python3.12/site-packages/airflow/example_dags/example_inlet_event_extra.py for tasks to queue
[2024-10-06T21:52:08.072+0000] {logging_mixin.py:190} INFO - [2024-10-06T21:52:08.072+0000] {dagbag.py:587} INFO - Filling up the DagBag from /home/airflow/.local/lib/python3.12/site-packages/airflow/example_dags/example_inlet_event_extra.py
[2024-10-06T21:52:08.216+0000] {processor.py:925} INFO - DAG(s) 'read_dataset_event', 'read_dataset_event_from_classic' retrieved from /home/airflow/.local/lib/python3.12/site-packages/airflow/example_dags/example_inlet_event_extra.py
[2024-10-06T21:52:08.239+0000] {logging_mixin.py:190} INFO - [2024-10-06T21:52:08.239+0000] {dag.py:3229} INFO - Sync 2 DAGs
[2024-10-06T21:52:08.256+0000] {logging_mixin.py:190} INFO - [2024-10-06T21:52:08.256+0000] {dag.py:4156} INFO - Setting next_dagrun for read_dataset_event to 2024-10-05 00:00:00+00:00, run_after=2024-10-06 00:00:00+00:00
[2024-10-06T21:52:08.259+0000] {logging_mixin.py:190} INFO - [2024-10-06T21:52:08.259+0000] {dag.py:4156} INFO - Setting next_dagrun for read_dataset_event_from_classic to 2024-10-05 00:00:00+00:00, run_after=2024-10-06 00:00:00+00:00
[2024-10-06T21:52:08.265+0000] {processor.py:208} INFO - Processing /home/airflow/.local/lib/python3.12/site-packages/airflow/example_dags/example_inlet_event_extra.py took 0.199 seconds
[2024-10-06T22:53:03.041+0000] {processor.py:186} INFO - Started process (PID=26606) to work on /home/airflow/.local/lib/python3.12/site-packages/airflow/example_dags/example_inlet_event_extra.py
[2024-10-06T22:53:03.043+0000] {processor.py:914} INFO - Processing file /home/airflow/.local/lib/python3.12/site-packages/airflow/example_dags/example_inlet_event_extra.py for tasks to queue
[2024-10-06T22:53:03.049+0000] {logging_mixin.py:190} INFO - [2024-10-06T22:53:03.048+0000] {dagbag.py:587} INFO - Filling up the DagBag from /home/airflow/.local/lib/python3.12/site-packages/airflow/example_dags/example_inlet_event_extra.py
[2024-10-06T22:53:03.146+0000] {processor.py:925} INFO - DAG(s) 'read_dataset_event_from_classic', 'read_dataset_event' retrieved from /home/airflow/.local/lib/python3.12/site-packages/airflow/example_dags/example_inlet_event_extra.py
[2024-10-06T22:53:03.160+0000] {logging_mixin.py:190} INFO - [2024-10-06T22:53:03.160+0000] {dag.py:3229} INFO - Sync 2 DAGs
[2024-10-06T22:53:03.178+0000] {logging_mixin.py:190} INFO - [2024-10-06T22:53:03.178+0000] {dag.py:4156} INFO - Setting next_dagrun for read_dataset_event to 2024-10-05 00:00:00+00:00, run_after=2024-10-06 00:00:00+00:00
[2024-10-06T22:53:03.180+0000] {logging_mixin.py:190} INFO - [2024-10-06T22:53:03.180+0000] {dag.py:4156} INFO - Setting next_dagrun for read_dataset_event_from_classic to 2024-10-05 00:00:00+00:00, run_after=2024-10-06 00:00:00+00:00
[2024-10-06T22:53:03.192+0000] {processor.py:208} INFO - Processing /home/airflow/.local/lib/python3.12/site-packages/airflow/example_dags/example_inlet_event_extra.py took 0.157 seconds
[2024-10-06T23:21:11.015+0000] {processor.py:186} INFO - Started process (PID=26676) to work on /home/airflow/.local/lib/python3.12/site-packages/airflow/example_dags/example_inlet_event_extra.py
[2024-10-06T23:21:11.019+0000] {processor.py:914} INFO - Processing file /home/airflow/.local/lib/python3.12/site-packages/airflow/example_dags/example_inlet_event_extra.py for tasks to queue
[2024-10-06T23:21:11.020+0000] {logging_mixin.py:190} INFO - [2024-10-06T23:21:11.020+0000] {dagbag.py:587} INFO - Filling up the DagBag from /home/airflow/.local/lib/python3.12/site-packages/airflow/example_dags/example_inlet_event_extra.py
[2024-10-06T23:21:11.118+0000] {processor.py:925} INFO - DAG(s) 'read_dataset_event', 'read_dataset_event_from_classic' retrieved from /home/airflow/.local/lib/python3.12/site-packages/airflow/example_dags/example_inlet_event_extra.py
[2024-10-06T23:21:11.130+0000] {logging_mixin.py:190} INFO - [2024-10-06T23:21:11.130+0000] {dag.py:3229} INFO - Sync 2 DAGs
[2024-10-06T23:21:11.150+0000] {logging_mixin.py:190} INFO - [2024-10-06T23:21:11.150+0000] {dag.py:4156} INFO - Setting next_dagrun for read_dataset_event to 2024-10-05 00:00:00+00:00, run_after=2024-10-06 00:00:00+00:00
[2024-10-06T23:21:11.152+0000] {logging_mixin.py:190} INFO - [2024-10-06T23:21:11.152+0000] {dag.py:4156} INFO - Setting next_dagrun for read_dataset_event_from_classic to 2024-10-05 00:00:00+00:00, run_after=2024-10-06 00:00:00+00:00
[2024-10-06T23:21:11.168+0000] {processor.py:208} INFO - Processing /home/airflow/.local/lib/python3.12/site-packages/airflow/example_dags/example_inlet_event_extra.py took 0.159 seconds
[2024-10-06T23:39:12.589+0000] {processor.py:186} INFO - Started process (PID=26746) to work on /home/airflow/.local/lib/python3.12/site-packages/airflow/example_dags/example_inlet_event_extra.py
[2024-10-06T23:39:12.590+0000] {processor.py:914} INFO - Processing file /home/airflow/.local/lib/python3.12/site-packages/airflow/example_dags/example_inlet_event_extra.py for tasks to queue
[2024-10-06T23:39:12.591+0000] {logging_mixin.py:190} INFO - [2024-10-06T23:39:12.591+0000] {dagbag.py:587} INFO - Filling up the DagBag from /home/airflow/.local/lib/python3.12/site-packages/airflow/example_dags/example_inlet_event_extra.py
[2024-10-06T23:39:12.711+0000] {processor.py:925} INFO - DAG(s) 'read_dataset_event', 'read_dataset_event_from_classic' retrieved from /home/airflow/.local/lib/python3.12/site-packages/airflow/example_dags/example_inlet_event_extra.py
[2024-10-06T23:39:12.734+0000] {logging_mixin.py:190} INFO - [2024-10-06T23:39:12.734+0000] {dag.py:3229} INFO - Sync 2 DAGs
[2024-10-06T23:39:12.751+0000] {logging_mixin.py:190} INFO - [2024-10-06T23:39:12.751+0000] {dag.py:4156} INFO - Setting next_dagrun for read_dataset_event to 2024-10-05 00:00:00+00:00, run_after=2024-10-06 00:00:00+00:00
[2024-10-06T23:39:12.755+0000] {logging_mixin.py:190} INFO - [2024-10-06T23:39:12.755+0000] {dag.py:4156} INFO - Setting next_dagrun for read_dataset_event_from_classic to 2024-10-05 00:00:00+00:00, run_after=2024-10-06 00:00:00+00:00
[2024-10-06T23:39:12.777+0000] {processor.py:208} INFO - Processing /home/airflow/.local/lib/python3.12/site-packages/airflow/example_dags/example_inlet_event_extra.py took 0.191 seconds
