[2024-10-06T00:50:48.153+0000] {processor.py:186} INFO - Started process (PID=24111) to work on /home/airflow/.local/lib/python3.12/site-packages/airflow/example_dags/example_subdag_operator.py
[2024-10-06T00:50:48.154+0000] {processor.py:914} INFO - Processing file /home/airflow/.local/lib/python3.12/site-packages/airflow/example_dags/example_subdag_operator.py for tasks to queue
[2024-10-06T00:50:48.155+0000] {logging_mixin.py:190} INFO - [2024-10-06T00:50:48.154+0000] {dagbag.py:587} INFO - Filling up the DagBag from /home/airflow/.local/lib/python3.12/site-packages/airflow/example_dags/example_subdag_operator.py
[2024-10-06T00:50:48.176+0000] {processor.py:925} INFO - DAG(s) 'example_subdag_operator.section-1', 'example_subdag_operator.section-2', 'example_subdag_operator' retrieved from /home/airflow/.local/lib/python3.12/site-packages/airflow/example_dags/example_subdag_operator.py
[2024-10-06T00:50:48.186+0000] {logging_mixin.py:190} INFO - [2024-10-06T00:50:48.186+0000] {dag.py:3229} INFO - Sync 3 DAGs
[2024-10-06T00:50:48.203+0000] {logging_mixin.py:190} INFO - [2024-10-06T00:50:48.202+0000] {dag.py:4156} INFO - Setting next_dagrun for example_subdag_operator to 2022-01-01 00:00:00+00:00, run_after=2022-01-01 00:00:00+00:00
[2024-10-06T00:50:48.204+0000] {logging_mixin.py:190} INFO - [2024-10-06T00:50:48.204+0000] {dag.py:4156} INFO - Setting next_dagrun for example_subdag_operator.section-1 to None, run_after=None
[2024-10-06T00:50:48.205+0000] {logging_mixin.py:190} INFO - [2024-10-06T00:50:48.205+0000] {dag.py:4156} INFO - Setting next_dagrun for example_subdag_operator.section-2 to None, run_after=None
[2024-10-06T00:50:48.209+0000] {logging_mixin.py:190} INFO - [2024-10-06T00:50:48.209+0000] {dag.py:3229} INFO - Sync 2 DAGs
[2024-10-06T00:50:48.220+0000] {logging_mixin.py:190} INFO - [2024-10-06T00:50:48.220+0000] {dag.py:4156} INFO - Setting next_dagrun for example_subdag_operator.section-1 to None, run_after=None
[2024-10-06T00:50:48.221+0000] {logging_mixin.py:190} INFO - [2024-10-06T00:50:48.221+0000] {dag.py:4156} INFO - Setting next_dagrun for example_subdag_operator.section-2 to None, run_after=None
[2024-10-06T00:50:48.233+0000] {processor.py:208} INFO - Processing /home/airflow/.local/lib/python3.12/site-packages/airflow/example_dags/example_subdag_operator.py took 0.092 seconds
[2024-10-06T00:51:18.735+0000] {processor.py:186} INFO - Started process (PID=24181) to work on /home/airflow/.local/lib/python3.12/site-packages/airflow/example_dags/example_subdag_operator.py
[2024-10-06T00:51:18.737+0000] {processor.py:914} INFO - Processing file /home/airflow/.local/lib/python3.12/site-packages/airflow/example_dags/example_subdag_operator.py for tasks to queue
[2024-10-06T00:51:18.738+0000] {logging_mixin.py:190} INFO - [2024-10-06T00:51:18.738+0000] {dagbag.py:587} INFO - Filling up the DagBag from /home/airflow/.local/lib/python3.12/site-packages/airflow/example_dags/example_subdag_operator.py
[2024-10-06T00:51:18.755+0000] {processor.py:925} INFO - DAG(s) 'example_subdag_operator.section-1', 'example_subdag_operator.section-2', 'example_subdag_operator' retrieved from /home/airflow/.local/lib/python3.12/site-packages/airflow/example_dags/example_subdag_operator.py
[2024-10-06T00:51:18.767+0000] {logging_mixin.py:190} INFO - [2024-10-06T00:51:18.767+0000] {dag.py:3229} INFO - Sync 3 DAGs
[2024-10-06T00:51:18.785+0000] {logging_mixin.py:190} INFO - [2024-10-06T00:51:18.785+0000] {dag.py:4156} INFO - Setting next_dagrun for example_subdag_operator to 2022-01-01 00:00:00+00:00, run_after=2022-01-01 00:00:00+00:00
[2024-10-06T00:51:18.789+0000] {logging_mixin.py:190} INFO - [2024-10-06T00:51:18.789+0000] {dag.py:4156} INFO - Setting next_dagrun for example_subdag_operator.section-1 to None, run_after=None
[2024-10-06T00:51:18.790+0000] {logging_mixin.py:190} INFO - [2024-10-06T00:51:18.790+0000] {dag.py:4156} INFO - Setting next_dagrun for example_subdag_operator.section-2 to None, run_after=None
[2024-10-06T00:51:18.794+0000] {logging_mixin.py:190} INFO - [2024-10-06T00:51:18.794+0000] {dag.py:3229} INFO - Sync 2 DAGs
[2024-10-06T00:51:18.799+0000] {logging_mixin.py:190} INFO - [2024-10-06T00:51:18.799+0000] {dag.py:4156} INFO - Setting next_dagrun for example_subdag_operator.section-1 to None, run_after=None
[2024-10-06T00:51:18.799+0000] {logging_mixin.py:190} INFO - [2024-10-06T00:51:18.799+0000] {dag.py:4156} INFO - Setting next_dagrun for example_subdag_operator.section-2 to None, run_after=None
[2024-10-06T00:51:18.804+0000] {processor.py:208} INFO - Processing /home/airflow/.local/lib/python3.12/site-packages/airflow/example_dags/example_subdag_operator.py took 0.073 seconds
[2024-10-06T01:51:42.815+0000] {processor.py:186} INFO - Started process (PID=24250) to work on /home/airflow/.local/lib/python3.12/site-packages/airflow/example_dags/example_subdag_operator.py
[2024-10-06T01:51:42.816+0000] {processor.py:914} INFO - Processing file /home/airflow/.local/lib/python3.12/site-packages/airflow/example_dags/example_subdag_operator.py for tasks to queue
[2024-10-06T01:51:42.817+0000] {logging_mixin.py:190} INFO - [2024-10-06T01:51:42.817+0000] {dagbag.py:587} INFO - Filling up the DagBag from /home/airflow/.local/lib/python3.12/site-packages/airflow/example_dags/example_subdag_operator.py
[2024-10-06T01:51:42.841+0000] {processor.py:925} INFO - DAG(s) 'example_subdag_operator.section-1', 'example_subdag_operator.section-2', 'example_subdag_operator' retrieved from /home/airflow/.local/lib/python3.12/site-packages/airflow/example_dags/example_subdag_operator.py
[2024-10-06T01:51:42.850+0000] {logging_mixin.py:190} INFO - [2024-10-06T01:51:42.850+0000] {dag.py:3229} INFO - Sync 3 DAGs
[2024-10-06T01:51:42.865+0000] {logging_mixin.py:190} INFO - [2024-10-06T01:51:42.865+0000] {dag.py:4156} INFO - Setting next_dagrun for example_subdag_operator to 2022-01-01 00:00:00+00:00, run_after=2022-01-01 00:00:00+00:00
[2024-10-06T01:51:42.867+0000] {logging_mixin.py:190} INFO - [2024-10-06T01:51:42.867+0000] {dag.py:4156} INFO - Setting next_dagrun for example_subdag_operator.section-1 to None, run_after=None
[2024-10-06T01:51:42.868+0000] {logging_mixin.py:190} INFO - [2024-10-06T01:51:42.868+0000] {dag.py:4156} INFO - Setting next_dagrun for example_subdag_operator.section-2 to None, run_after=None
[2024-10-06T01:51:42.875+0000] {logging_mixin.py:190} INFO - [2024-10-06T01:51:42.875+0000] {dag.py:3229} INFO - Sync 2 DAGs
[2024-10-06T01:51:42.878+0000] {logging_mixin.py:190} INFO - [2024-10-06T01:51:42.878+0000] {dag.py:4156} INFO - Setting next_dagrun for example_subdag_operator.section-1 to None, run_after=None
[2024-10-06T01:51:42.878+0000] {logging_mixin.py:190} INFO - [2024-10-06T01:51:42.878+0000] {dag.py:4156} INFO - Setting next_dagrun for example_subdag_operator.section-2 to None, run_after=None
[2024-10-06T01:51:42.891+0000] {processor.py:208} INFO - Processing /home/airflow/.local/lib/python3.12/site-packages/airflow/example_dags/example_subdag_operator.py took 0.079 seconds
[2024-10-06T02:42:32.735+0000] {processor.py:186} INFO - Started process (PID=24319) to work on /home/airflow/.local/lib/python3.12/site-packages/airflow/example_dags/example_subdag_operator.py
[2024-10-06T02:42:32.736+0000] {processor.py:914} INFO - Processing file /home/airflow/.local/lib/python3.12/site-packages/airflow/example_dags/example_subdag_operator.py for tasks to queue
[2024-10-06T02:42:32.737+0000] {logging_mixin.py:190} INFO - [2024-10-06T02:42:32.737+0000] {dagbag.py:587} INFO - Filling up the DagBag from /home/airflow/.local/lib/python3.12/site-packages/airflow/example_dags/example_subdag_operator.py
[2024-10-06T02:42:32.755+0000] {processor.py:925} INFO - DAG(s) 'example_subdag_operator.section-1', 'example_subdag_operator.section-2', 'example_subdag_operator' retrieved from /home/airflow/.local/lib/python3.12/site-packages/airflow/example_dags/example_subdag_operator.py
[2024-10-06T02:42:32.768+0000] {logging_mixin.py:190} INFO - [2024-10-06T02:42:32.768+0000] {dag.py:3229} INFO - Sync 3 DAGs
[2024-10-06T02:42:32.784+0000] {logging_mixin.py:190} INFO - [2024-10-06T02:42:32.784+0000] {dag.py:4156} INFO - Setting next_dagrun for example_subdag_operator to 2022-01-01 00:00:00+00:00, run_after=2022-01-01 00:00:00+00:00
[2024-10-06T02:42:32.788+0000] {logging_mixin.py:190} INFO - [2024-10-06T02:42:32.788+0000] {dag.py:4156} INFO - Setting next_dagrun for example_subdag_operator.section-1 to None, run_after=None
[2024-10-06T02:42:32.789+0000] {logging_mixin.py:190} INFO - [2024-10-06T02:42:32.789+0000] {dag.py:4156} INFO - Setting next_dagrun for example_subdag_operator.section-2 to None, run_after=None
[2024-10-06T02:42:32.791+0000] {logging_mixin.py:190} INFO - [2024-10-06T02:42:32.791+0000] {dag.py:3229} INFO - Sync 2 DAGs
[2024-10-06T02:42:32.793+0000] {logging_mixin.py:190} INFO - [2024-10-06T02:42:32.793+0000] {dag.py:4156} INFO - Setting next_dagrun for example_subdag_operator.section-1 to None, run_after=None
[2024-10-06T02:42:32.794+0000] {logging_mixin.py:190} INFO - [2024-10-06T02:42:32.794+0000] {dag.py:4156} INFO - Setting next_dagrun for example_subdag_operator.section-2 to None, run_after=None
[2024-10-06T02:42:32.797+0000] {processor.py:208} INFO - Processing /home/airflow/.local/lib/python3.12/site-packages/airflow/example_dags/example_subdag_operator.py took 0.065 seconds
[2024-10-06T03:10:37.498+0000] {processor.py:186} INFO - Started process (PID=24389) to work on /home/airflow/.local/lib/python3.12/site-packages/airflow/example_dags/example_subdag_operator.py
[2024-10-06T03:10:37.498+0000] {processor.py:914} INFO - Processing file /home/airflow/.local/lib/python3.12/site-packages/airflow/example_dags/example_subdag_operator.py for tasks to queue
[2024-10-06T03:10:37.499+0000] {logging_mixin.py:190} INFO - [2024-10-06T03:10:37.499+0000] {dagbag.py:587} INFO - Filling up the DagBag from /home/airflow/.local/lib/python3.12/site-packages/airflow/example_dags/example_subdag_operator.py
[2024-10-06T03:10:37.512+0000] {processor.py:925} INFO - DAG(s) 'example_subdag_operator.section-1', 'example_subdag_operator.section-2', 'example_subdag_operator' retrieved from /home/airflow/.local/lib/python3.12/site-packages/airflow/example_dags/example_subdag_operator.py
[2024-10-06T03:10:37.519+0000] {logging_mixin.py:190} INFO - [2024-10-06T03:10:37.519+0000] {dag.py:3229} INFO - Sync 3 DAGs
[2024-10-06T03:10:37.536+0000] {logging_mixin.py:190} INFO - [2024-10-06T03:10:37.536+0000] {dag.py:4156} INFO - Setting next_dagrun for example_subdag_operator to 2022-01-01 00:00:00+00:00, run_after=2022-01-01 00:00:00+00:00
[2024-10-06T03:10:37.539+0000] {logging_mixin.py:190} INFO - [2024-10-06T03:10:37.539+0000] {dag.py:4156} INFO - Setting next_dagrun for example_subdag_operator.section-1 to None, run_after=None
[2024-10-06T03:10:37.540+0000] {logging_mixin.py:190} INFO - [2024-10-06T03:10:37.540+0000] {dag.py:4156} INFO - Setting next_dagrun for example_subdag_operator.section-2 to None, run_after=None
[2024-10-06T03:10:37.545+0000] {logging_mixin.py:190} INFO - [2024-10-06T03:10:37.545+0000] {dag.py:3229} INFO - Sync 2 DAGs
[2024-10-06T03:10:37.549+0000] {logging_mixin.py:190} INFO - [2024-10-06T03:10:37.549+0000] {dag.py:4156} INFO - Setting next_dagrun for example_subdag_operator.section-1 to None, run_after=None
[2024-10-06T03:10:37.556+0000] {logging_mixin.py:190} INFO - [2024-10-06T03:10:37.556+0000] {dag.py:4156} INFO - Setting next_dagrun for example_subdag_operator.section-2 to None, run_after=None
[2024-10-06T03:10:37.565+0000] {processor.py:208} INFO - Processing /home/airflow/.local/lib/python3.12/site-packages/airflow/example_dags/example_subdag_operator.py took 0.071 seconds
[2024-10-06T03:53:54.500+0000] {processor.py:186} INFO - Started process (PID=24459) to work on /home/airflow/.local/lib/python3.12/site-packages/airflow/example_dags/example_subdag_operator.py
[2024-10-06T03:53:54.504+0000] {processor.py:914} INFO - Processing file /home/airflow/.local/lib/python3.12/site-packages/airflow/example_dags/example_subdag_operator.py for tasks to queue
[2024-10-06T03:53:54.504+0000] {logging_mixin.py:190} INFO - [2024-10-06T03:53:54.504+0000] {dagbag.py:587} INFO - Filling up the DagBag from /home/airflow/.local/lib/python3.12/site-packages/airflow/example_dags/example_subdag_operator.py
[2024-10-06T03:53:54.525+0000] {processor.py:925} INFO - DAG(s) 'example_subdag_operator.section-1', 'example_subdag_operator.section-2', 'example_subdag_operator' retrieved from /home/airflow/.local/lib/python3.12/site-packages/airflow/example_dags/example_subdag_operator.py
[2024-10-06T03:53:54.534+0000] {logging_mixin.py:190} INFO - [2024-10-06T03:53:54.534+0000] {dag.py:3229} INFO - Sync 3 DAGs
[2024-10-06T03:53:54.557+0000] {logging_mixin.py:190} INFO - [2024-10-06T03:53:54.557+0000] {dag.py:4156} INFO - Setting next_dagrun for example_subdag_operator to 2022-01-01 00:00:00+00:00, run_after=2022-01-01 00:00:00+00:00
[2024-10-06T03:53:54.559+0000] {logging_mixin.py:190} INFO - [2024-10-06T03:53:54.559+0000] {dag.py:4156} INFO - Setting next_dagrun for example_subdag_operator.section-1 to None, run_after=None
[2024-10-06T03:53:54.563+0000] {logging_mixin.py:190} INFO - [2024-10-06T03:53:54.563+0000] {dag.py:4156} INFO - Setting next_dagrun for example_subdag_operator.section-2 to None, run_after=None
[2024-10-06T03:53:54.566+0000] {logging_mixin.py:190} INFO - [2024-10-06T03:53:54.566+0000] {dag.py:3229} INFO - Sync 2 DAGs
[2024-10-06T03:53:54.569+0000] {logging_mixin.py:190} INFO - [2024-10-06T03:53:54.569+0000] {dag.py:4156} INFO - Setting next_dagrun for example_subdag_operator.section-1 to None, run_after=None
[2024-10-06T03:53:54.569+0000] {logging_mixin.py:190} INFO - [2024-10-06T03:53:54.569+0000] {dag.py:4156} INFO - Setting next_dagrun for example_subdag_operator.section-2 to None, run_after=None
[2024-10-06T03:53:54.578+0000] {processor.py:208} INFO - Processing /home/airflow/.local/lib/python3.12/site-packages/airflow/example_dags/example_subdag_operator.py took 0.082 seconds
[2024-10-06T04:44:17.239+0000] {processor.py:186} INFO - Started process (PID=24529) to work on /home/airflow/.local/lib/python3.12/site-packages/airflow/example_dags/example_subdag_operator.py
[2024-10-06T04:44:17.241+0000] {processor.py:914} INFO - Processing file /home/airflow/.local/lib/python3.12/site-packages/airflow/example_dags/example_subdag_operator.py for tasks to queue
[2024-10-06T04:44:17.242+0000] {logging_mixin.py:190} INFO - [2024-10-06T04:44:17.242+0000] {dagbag.py:587} INFO - Filling up the DagBag from /home/airflow/.local/lib/python3.12/site-packages/airflow/example_dags/example_subdag_operator.py
[2024-10-06T04:44:17.258+0000] {processor.py:925} INFO - DAG(s) 'example_subdag_operator.section-1', 'example_subdag_operator.section-2', 'example_subdag_operator' retrieved from /home/airflow/.local/lib/python3.12/site-packages/airflow/example_dags/example_subdag_operator.py
[2024-10-06T04:44:17.266+0000] {logging_mixin.py:190} INFO - [2024-10-06T04:44:17.266+0000] {dag.py:3229} INFO - Sync 3 DAGs
[2024-10-06T04:44:17.281+0000] {logging_mixin.py:190} INFO - [2024-10-06T04:44:17.280+0000] {dag.py:4156} INFO - Setting next_dagrun for example_subdag_operator to 2022-01-01 00:00:00+00:00, run_after=2022-01-01 00:00:00+00:00
[2024-10-06T04:44:17.289+0000] {logging_mixin.py:190} INFO - [2024-10-06T04:44:17.289+0000] {dag.py:4156} INFO - Setting next_dagrun for example_subdag_operator.section-1 to None, run_after=None
[2024-10-06T04:44:17.291+0000] {logging_mixin.py:190} INFO - [2024-10-06T04:44:17.291+0000] {dag.py:4156} INFO - Setting next_dagrun for example_subdag_operator.section-2 to None, run_after=None
[2024-10-06T04:44:17.299+0000] {logging_mixin.py:190} INFO - [2024-10-06T04:44:17.299+0000] {dag.py:3229} INFO - Sync 2 DAGs
[2024-10-06T04:44:17.305+0000] {logging_mixin.py:190} INFO - [2024-10-06T04:44:17.305+0000] {dag.py:4156} INFO - Setting next_dagrun for example_subdag_operator.section-1 to None, run_after=None
[2024-10-06T04:44:17.306+0000] {logging_mixin.py:190} INFO - [2024-10-06T04:44:17.306+0000] {dag.py:4156} INFO - Setting next_dagrun for example_subdag_operator.section-2 to None, run_after=None
[2024-10-06T04:44:17.324+0000] {processor.py:208} INFO - Processing /home/airflow/.local/lib/python3.12/site-packages/airflow/example_dags/example_subdag_operator.py took 0.091 seconds
[2024-10-06T05:45:11.313+0000] {processor.py:186} INFO - Started process (PID=24599) to work on /home/airflow/.local/lib/python3.12/site-packages/airflow/example_dags/example_subdag_operator.py
[2024-10-06T05:45:11.316+0000] {processor.py:914} INFO - Processing file /home/airflow/.local/lib/python3.12/site-packages/airflow/example_dags/example_subdag_operator.py for tasks to queue
[2024-10-06T05:45:11.317+0000] {logging_mixin.py:190} INFO - [2024-10-06T05:45:11.317+0000] {dagbag.py:587} INFO - Filling up the DagBag from /home/airflow/.local/lib/python3.12/site-packages/airflow/example_dags/example_subdag_operator.py
[2024-10-06T05:45:11.332+0000] {processor.py:925} INFO - DAG(s) 'example_subdag_operator.section-1', 'example_subdag_operator.section-2', 'example_subdag_operator' retrieved from /home/airflow/.local/lib/python3.12/site-packages/airflow/example_dags/example_subdag_operator.py
[2024-10-06T05:45:11.342+0000] {logging_mixin.py:190} INFO - [2024-10-06T05:45:11.342+0000] {dag.py:3229} INFO - Sync 3 DAGs
[2024-10-06T05:45:11.353+0000] {logging_mixin.py:190} INFO - [2024-10-06T05:45:11.353+0000] {dag.py:4156} INFO - Setting next_dagrun for example_subdag_operator to 2022-01-01 00:00:00+00:00, run_after=2022-01-01 00:00:00+00:00
[2024-10-06T05:45:11.355+0000] {logging_mixin.py:190} INFO - [2024-10-06T05:45:11.355+0000] {dag.py:4156} INFO - Setting next_dagrun for example_subdag_operator.section-1 to None, run_after=None
[2024-10-06T05:45:11.356+0000] {logging_mixin.py:190} INFO - [2024-10-06T05:45:11.356+0000] {dag.py:4156} INFO - Setting next_dagrun for example_subdag_operator.section-2 to None, run_after=None
[2024-10-06T05:45:11.361+0000] {logging_mixin.py:190} INFO - [2024-10-06T05:45:11.361+0000] {dag.py:3229} INFO - Sync 2 DAGs
[2024-10-06T05:45:11.363+0000] {logging_mixin.py:190} INFO - [2024-10-06T05:45:11.363+0000] {dag.py:4156} INFO - Setting next_dagrun for example_subdag_operator.section-1 to None, run_after=None
[2024-10-06T05:45:11.364+0000] {logging_mixin.py:190} INFO - [2024-10-06T05:45:11.364+0000] {dag.py:4156} INFO - Setting next_dagrun for example_subdag_operator.section-2 to None, run_after=None
[2024-10-06T05:45:11.370+0000] {processor.py:208} INFO - Processing /home/airflow/.local/lib/python3.12/site-packages/airflow/example_dags/example_subdag_operator.py took 0.059 seconds
[2024-10-06T06:27:11.947+0000] {processor.py:186} INFO - Started process (PID=24669) to work on /home/airflow/.local/lib/python3.12/site-packages/airflow/example_dags/example_subdag_operator.py
[2024-10-06T06:27:11.947+0000] {processor.py:914} INFO - Processing file /home/airflow/.local/lib/python3.12/site-packages/airflow/example_dags/example_subdag_operator.py for tasks to queue
[2024-10-06T06:27:11.949+0000] {logging_mixin.py:190} INFO - [2024-10-06T06:27:11.948+0000] {dagbag.py:587} INFO - Filling up the DagBag from /home/airflow/.local/lib/python3.12/site-packages/airflow/example_dags/example_subdag_operator.py
[2024-10-06T06:27:11.967+0000] {processor.py:925} INFO - DAG(s) 'example_subdag_operator.section-1', 'example_subdag_operator.section-2', 'example_subdag_operator' retrieved from /home/airflow/.local/lib/python3.12/site-packages/airflow/example_dags/example_subdag_operator.py
[2024-10-06T06:27:11.974+0000] {logging_mixin.py:190} INFO - [2024-10-06T06:27:11.974+0000] {dag.py:3229} INFO - Sync 3 DAGs
[2024-10-06T06:27:11.986+0000] {logging_mixin.py:190} INFO - [2024-10-06T06:27:11.986+0000] {dag.py:4156} INFO - Setting next_dagrun for example_subdag_operator to 2022-01-01 00:00:00+00:00, run_after=2022-01-01 00:00:00+00:00
[2024-10-06T06:27:11.989+0000] {logging_mixin.py:190} INFO - [2024-10-06T06:27:11.989+0000] {dag.py:4156} INFO - Setting next_dagrun for example_subdag_operator.section-1 to None, run_after=None
[2024-10-06T06:27:11.989+0000] {logging_mixin.py:190} INFO - [2024-10-06T06:27:11.989+0000] {dag.py:4156} INFO - Setting next_dagrun for example_subdag_operator.section-2 to None, run_after=None
[2024-10-06T06:27:11.993+0000] {logging_mixin.py:190} INFO - [2024-10-06T06:27:11.993+0000] {dag.py:3229} INFO - Sync 2 DAGs
[2024-10-06T06:27:11.998+0000] {logging_mixin.py:190} INFO - [2024-10-06T06:27:11.998+0000] {dag.py:4156} INFO - Setting next_dagrun for example_subdag_operator.section-1 to None, run_after=None
[2024-10-06T06:27:11.998+0000] {logging_mixin.py:190} INFO - [2024-10-06T06:27:11.998+0000] {dag.py:4156} INFO - Setting next_dagrun for example_subdag_operator.section-2 to None, run_after=None
[2024-10-06T06:27:12.007+0000] {processor.py:208} INFO - Processing /home/airflow/.local/lib/python3.12/site-packages/airflow/example_dags/example_subdag_operator.py took 0.063 seconds
[2024-10-06T06:56:41.385+0000] {processor.py:186} INFO - Started process (PID=24739) to work on /home/airflow/.local/lib/python3.12/site-packages/airflow/example_dags/example_subdag_operator.py
[2024-10-06T06:56:41.390+0000] {processor.py:914} INFO - Processing file /home/airflow/.local/lib/python3.12/site-packages/airflow/example_dags/example_subdag_operator.py for tasks to queue
[2024-10-06T06:56:41.391+0000] {logging_mixin.py:190} INFO - [2024-10-06T06:56:41.390+0000] {dagbag.py:587} INFO - Filling up the DagBag from /home/airflow/.local/lib/python3.12/site-packages/airflow/example_dags/example_subdag_operator.py
[2024-10-06T06:56:41.427+0000] {processor.py:925} INFO - DAG(s) 'example_subdag_operator.section-1', 'example_subdag_operator.section-2', 'example_subdag_operator' retrieved from /home/airflow/.local/lib/python3.12/site-packages/airflow/example_dags/example_subdag_operator.py
[2024-10-06T06:56:41.443+0000] {logging_mixin.py:190} INFO - [2024-10-06T06:56:41.442+0000] {dag.py:3229} INFO - Sync 3 DAGs
[2024-10-06T06:56:41.468+0000] {logging_mixin.py:190} INFO - [2024-10-06T06:56:41.467+0000] {dag.py:4156} INFO - Setting next_dagrun for example_subdag_operator to 2022-01-01 00:00:00+00:00, run_after=2022-01-01 00:00:00+00:00
[2024-10-06T06:56:41.470+0000] {logging_mixin.py:190} INFO - [2024-10-06T06:56:41.470+0000] {dag.py:4156} INFO - Setting next_dagrun for example_subdag_operator.section-1 to None, run_after=None
[2024-10-06T06:56:41.472+0000] {logging_mixin.py:190} INFO - [2024-10-06T06:56:41.472+0000] {dag.py:4156} INFO - Setting next_dagrun for example_subdag_operator.section-2 to None, run_after=None
[2024-10-06T06:56:41.476+0000] {logging_mixin.py:190} INFO - [2024-10-06T06:56:41.476+0000] {dag.py:3229} INFO - Sync 2 DAGs
[2024-10-06T06:56:41.479+0000] {logging_mixin.py:190} INFO - [2024-10-06T06:56:41.479+0000] {dag.py:4156} INFO - Setting next_dagrun for example_subdag_operator.section-1 to None, run_after=None
[2024-10-06T06:56:41.480+0000] {logging_mixin.py:190} INFO - [2024-10-06T06:56:41.480+0000] {dag.py:4156} INFO - Setting next_dagrun for example_subdag_operator.section-2 to None, run_after=None
[2024-10-06T06:56:41.485+0000] {processor.py:208} INFO - Processing /home/airflow/.local/lib/python3.12/site-packages/airflow/example_dags/example_subdag_operator.py took 0.104 seconds
[2024-10-06T07:29:04.783+0000] {processor.py:186} INFO - Started process (PID=24809) to work on /home/airflow/.local/lib/python3.12/site-packages/airflow/example_dags/example_subdag_operator.py
[2024-10-06T07:29:04.785+0000] {processor.py:914} INFO - Processing file /home/airflow/.local/lib/python3.12/site-packages/airflow/example_dags/example_subdag_operator.py for tasks to queue
[2024-10-06T07:29:04.786+0000] {logging_mixin.py:190} INFO - [2024-10-06T07:29:04.786+0000] {dagbag.py:587} INFO - Filling up the DagBag from /home/airflow/.local/lib/python3.12/site-packages/airflow/example_dags/example_subdag_operator.py
[2024-10-06T07:29:04.820+0000] {processor.py:925} INFO - DAG(s) 'example_subdag_operator.section-1', 'example_subdag_operator.section-2', 'example_subdag_operator' retrieved from /home/airflow/.local/lib/python3.12/site-packages/airflow/example_dags/example_subdag_operator.py
[2024-10-06T07:29:04.830+0000] {logging_mixin.py:190} INFO - [2024-10-06T07:29:04.830+0000] {dag.py:3229} INFO - Sync 3 DAGs
[2024-10-06T07:29:04.850+0000] {logging_mixin.py:190} INFO - [2024-10-06T07:29:04.850+0000] {dag.py:4156} INFO - Setting next_dagrun for example_subdag_operator to 2022-01-01 00:00:00+00:00, run_after=2022-01-01 00:00:00+00:00
[2024-10-06T07:29:04.853+0000] {logging_mixin.py:190} INFO - [2024-10-06T07:29:04.853+0000] {dag.py:4156} INFO - Setting next_dagrun for example_subdag_operator.section-1 to None, run_after=None
[2024-10-06T07:29:04.855+0000] {logging_mixin.py:190} INFO - [2024-10-06T07:29:04.855+0000] {dag.py:4156} INFO - Setting next_dagrun for example_subdag_operator.section-2 to None, run_after=None
[2024-10-06T07:29:04.859+0000] {logging_mixin.py:190} INFO - [2024-10-06T07:29:04.859+0000] {dag.py:3229} INFO - Sync 2 DAGs
[2024-10-06T07:29:04.862+0000] {logging_mixin.py:190} INFO - [2024-10-06T07:29:04.862+0000] {dag.py:4156} INFO - Setting next_dagrun for example_subdag_operator.section-1 to None, run_after=None
[2024-10-06T07:29:04.862+0000] {logging_mixin.py:190} INFO - [2024-10-06T07:29:04.862+0000] {dag.py:4156} INFO - Setting next_dagrun for example_subdag_operator.section-2 to None, run_after=None
[2024-10-06T07:29:04.873+0000] {processor.py:208} INFO - Processing /home/airflow/.local/lib/python3.12/site-packages/airflow/example_dags/example_subdag_operator.py took 0.101 seconds
[2024-10-06T07:57:58.286+0000] {processor.py:186} INFO - Started process (PID=24879) to work on /home/airflow/.local/lib/python3.12/site-packages/airflow/example_dags/example_subdag_operator.py
[2024-10-06T07:57:58.287+0000] {processor.py:914} INFO - Processing file /home/airflow/.local/lib/python3.12/site-packages/airflow/example_dags/example_subdag_operator.py for tasks to queue
[2024-10-06T07:57:58.288+0000] {logging_mixin.py:190} INFO - [2024-10-06T07:57:58.288+0000] {dagbag.py:587} INFO - Filling up the DagBag from /home/airflow/.local/lib/python3.12/site-packages/airflow/example_dags/example_subdag_operator.py
[2024-10-06T07:57:58.304+0000] {processor.py:925} INFO - DAG(s) 'example_subdag_operator.section-1', 'example_subdag_operator.section-2', 'example_subdag_operator' retrieved from /home/airflow/.local/lib/python3.12/site-packages/airflow/example_dags/example_subdag_operator.py
[2024-10-06T07:57:58.313+0000] {logging_mixin.py:190} INFO - [2024-10-06T07:57:58.313+0000] {dag.py:3229} INFO - Sync 3 DAGs
[2024-10-06T07:57:58.325+0000] {logging_mixin.py:190} INFO - [2024-10-06T07:57:58.324+0000] {dag.py:4156} INFO - Setting next_dagrun for example_subdag_operator to 2022-01-01 00:00:00+00:00, run_after=2022-01-01 00:00:00+00:00
[2024-10-06T07:57:58.327+0000] {logging_mixin.py:190} INFO - [2024-10-06T07:57:58.327+0000] {dag.py:4156} INFO - Setting next_dagrun for example_subdag_operator.section-1 to None, run_after=None
[2024-10-06T07:57:58.328+0000] {logging_mixin.py:190} INFO - [2024-10-06T07:57:58.328+0000] {dag.py:4156} INFO - Setting next_dagrun for example_subdag_operator.section-2 to None, run_after=None
[2024-10-06T07:57:58.331+0000] {logging_mixin.py:190} INFO - [2024-10-06T07:57:58.331+0000] {dag.py:3229} INFO - Sync 2 DAGs
[2024-10-06T07:57:58.334+0000] {logging_mixin.py:190} INFO - [2024-10-06T07:57:58.334+0000] {dag.py:4156} INFO - Setting next_dagrun for example_subdag_operator.section-1 to None, run_after=None
[2024-10-06T07:57:58.335+0000] {logging_mixin.py:190} INFO - [2024-10-06T07:57:58.335+0000] {dag.py:4156} INFO - Setting next_dagrun for example_subdag_operator.section-2 to None, run_after=None
[2024-10-06T07:57:58.341+0000] {processor.py:208} INFO - Processing /home/airflow/.local/lib/python3.12/site-packages/airflow/example_dags/example_subdag_operator.py took 0.059 seconds
[2024-10-06T08:03:00.161+0000] {processor.py:186} INFO - Started process (PID=24949) to work on /home/airflow/.local/lib/python3.12/site-packages/airflow/example_dags/example_subdag_operator.py
[2024-10-06T08:03:00.161+0000] {processor.py:914} INFO - Processing file /home/airflow/.local/lib/python3.12/site-packages/airflow/example_dags/example_subdag_operator.py for tasks to queue
[2024-10-06T08:03:00.162+0000] {logging_mixin.py:190} INFO - [2024-10-06T08:03:00.162+0000] {dagbag.py:587} INFO - Filling up the DagBag from /home/airflow/.local/lib/python3.12/site-packages/airflow/example_dags/example_subdag_operator.py
[2024-10-06T08:03:00.174+0000] {processor.py:925} INFO - DAG(s) 'example_subdag_operator.section-1', 'example_subdag_operator.section-2', 'example_subdag_operator' retrieved from /home/airflow/.local/lib/python3.12/site-packages/airflow/example_dags/example_subdag_operator.py
[2024-10-06T08:03:00.179+0000] {logging_mixin.py:190} INFO - [2024-10-06T08:03:00.179+0000] {dag.py:3229} INFO - Sync 3 DAGs
[2024-10-06T08:03:00.189+0000] {logging_mixin.py:190} INFO - [2024-10-06T08:03:00.189+0000] {dag.py:4156} INFO - Setting next_dagrun for example_subdag_operator to 2022-01-01 00:00:00+00:00, run_after=2022-01-01 00:00:00+00:00
[2024-10-06T08:03:00.191+0000] {logging_mixin.py:190} INFO - [2024-10-06T08:03:00.191+0000] {dag.py:4156} INFO - Setting next_dagrun for example_subdag_operator.section-1 to None, run_after=None
[2024-10-06T08:03:00.191+0000] {logging_mixin.py:190} INFO - [2024-10-06T08:03:00.191+0000] {dag.py:4156} INFO - Setting next_dagrun for example_subdag_operator.section-2 to None, run_after=None
[2024-10-06T08:03:00.194+0000] {logging_mixin.py:190} INFO - [2024-10-06T08:03:00.194+0000] {dag.py:3229} INFO - Sync 2 DAGs
[2024-10-06T08:03:00.196+0000] {logging_mixin.py:190} INFO - [2024-10-06T08:03:00.196+0000] {dag.py:4156} INFO - Setting next_dagrun for example_subdag_operator.section-1 to None, run_after=None
[2024-10-06T08:03:00.196+0000] {logging_mixin.py:190} INFO - [2024-10-06T08:03:00.196+0000] {dag.py:4156} INFO - Setting next_dagrun for example_subdag_operator.section-2 to None, run_after=None
[2024-10-06T08:03:00.200+0000] {processor.py:208} INFO - Processing /home/airflow/.local/lib/python3.12/site-packages/airflow/example_dags/example_subdag_operator.py took 0.042 seconds
[2024-10-06T08:03:31.492+0000] {processor.py:186} INFO - Started process (PID=25019) to work on /home/airflow/.local/lib/python3.12/site-packages/airflow/example_dags/example_subdag_operator.py
[2024-10-06T08:03:31.493+0000] {processor.py:914} INFO - Processing file /home/airflow/.local/lib/python3.12/site-packages/airflow/example_dags/example_subdag_operator.py for tasks to queue
[2024-10-06T08:03:31.494+0000] {logging_mixin.py:190} INFO - [2024-10-06T08:03:31.493+0000] {dagbag.py:587} INFO - Filling up the DagBag from /home/airflow/.local/lib/python3.12/site-packages/airflow/example_dags/example_subdag_operator.py
[2024-10-06T08:03:31.514+0000] {processor.py:925} INFO - DAG(s) 'example_subdag_operator.section-1', 'example_subdag_operator.section-2', 'example_subdag_operator' retrieved from /home/airflow/.local/lib/python3.12/site-packages/airflow/example_dags/example_subdag_operator.py
[2024-10-06T08:03:31.524+0000] {logging_mixin.py:190} INFO - [2024-10-06T08:03:31.523+0000] {dag.py:3229} INFO - Sync 3 DAGs
[2024-10-06T08:03:31.539+0000] {logging_mixin.py:190} INFO - [2024-10-06T08:03:31.539+0000] {dag.py:4156} INFO - Setting next_dagrun for example_subdag_operator to 2022-01-01 00:00:00+00:00, run_after=2022-01-01 00:00:00+00:00
[2024-10-06T08:03:31.543+0000] {logging_mixin.py:190} INFO - [2024-10-06T08:03:31.543+0000] {dag.py:4156} INFO - Setting next_dagrun for example_subdag_operator.section-1 to None, run_after=None
[2024-10-06T08:03:31.544+0000] {logging_mixin.py:190} INFO - [2024-10-06T08:03:31.544+0000] {dag.py:4156} INFO - Setting next_dagrun for example_subdag_operator.section-2 to None, run_after=None
[2024-10-06T08:03:31.550+0000] {logging_mixin.py:190} INFO - [2024-10-06T08:03:31.550+0000] {dag.py:3229} INFO - Sync 2 DAGs
[2024-10-06T08:03:31.554+0000] {logging_mixin.py:190} INFO - [2024-10-06T08:03:31.554+0000] {dag.py:4156} INFO - Setting next_dagrun for example_subdag_operator.section-1 to None, run_after=None
[2024-10-06T08:03:31.554+0000] {logging_mixin.py:190} INFO - [2024-10-06T08:03:31.554+0000] {dag.py:4156} INFO - Setting next_dagrun for example_subdag_operator.section-2 to None, run_after=None
[2024-10-06T08:03:31.559+0000] {processor.py:208} INFO - Processing /home/airflow/.local/lib/python3.12/site-packages/airflow/example_dags/example_subdag_operator.py took 0.071 seconds
[2024-10-06T09:43:49.550+0000] {processor.py:186} INFO - Started process (PID=25089) to work on /home/airflow/.local/lib/python3.12/site-packages/airflow/example_dags/example_subdag_operator.py
[2024-10-06T09:43:49.552+0000] {processor.py:914} INFO - Processing file /home/airflow/.local/lib/python3.12/site-packages/airflow/example_dags/example_subdag_operator.py for tasks to queue
[2024-10-06T09:43:49.553+0000] {logging_mixin.py:190} INFO - [2024-10-06T09:43:49.552+0000] {dagbag.py:587} INFO - Filling up the DagBag from /home/airflow/.local/lib/python3.12/site-packages/airflow/example_dags/example_subdag_operator.py
[2024-10-06T09:43:49.577+0000] {processor.py:925} INFO - DAG(s) 'example_subdag_operator.section-1', 'example_subdag_operator.section-2', 'example_subdag_operator' retrieved from /home/airflow/.local/lib/python3.12/site-packages/airflow/example_dags/example_subdag_operator.py
[2024-10-06T09:43:49.585+0000] {logging_mixin.py:190} INFO - [2024-10-06T09:43:49.585+0000] {dag.py:3229} INFO - Sync 3 DAGs
[2024-10-06T09:43:49.603+0000] {logging_mixin.py:190} INFO - [2024-10-06T09:43:49.603+0000] {dag.py:4156} INFO - Setting next_dagrun for example_subdag_operator to 2022-01-01 00:00:00+00:00, run_after=2022-01-01 00:00:00+00:00
[2024-10-06T09:43:49.605+0000] {logging_mixin.py:190} INFO - [2024-10-06T09:43:49.605+0000] {dag.py:4156} INFO - Setting next_dagrun for example_subdag_operator.section-1 to None, run_after=None
[2024-10-06T09:43:49.605+0000] {logging_mixin.py:190} INFO - [2024-10-06T09:43:49.605+0000] {dag.py:4156} INFO - Setting next_dagrun for example_subdag_operator.section-2 to None, run_after=None
[2024-10-06T09:43:49.610+0000] {logging_mixin.py:190} INFO - [2024-10-06T09:43:49.610+0000] {dag.py:3229} INFO - Sync 2 DAGs
[2024-10-06T09:43:49.613+0000] {logging_mixin.py:190} INFO - [2024-10-06T09:43:49.613+0000] {dag.py:4156} INFO - Setting next_dagrun for example_subdag_operator.section-1 to None, run_after=None
[2024-10-06T09:43:49.613+0000] {logging_mixin.py:190} INFO - [2024-10-06T09:43:49.613+0000] {dag.py:4156} INFO - Setting next_dagrun for example_subdag_operator.section-2 to None, run_after=None
[2024-10-06T09:43:49.617+0000] {processor.py:208} INFO - Processing /home/airflow/.local/lib/python3.12/site-packages/airflow/example_dags/example_subdag_operator.py took 0.072 seconds
[2024-10-06T10:16:44.644+0000] {processor.py:186} INFO - Started process (PID=25158) to work on /home/airflow/.local/lib/python3.12/site-packages/airflow/example_dags/example_subdag_operator.py
[2024-10-06T10:16:44.645+0000] {processor.py:914} INFO - Processing file /home/airflow/.local/lib/python3.12/site-packages/airflow/example_dags/example_subdag_operator.py for tasks to queue
[2024-10-06T10:16:44.645+0000] {logging_mixin.py:190} INFO - [2024-10-06T10:16:44.645+0000] {dagbag.py:587} INFO - Filling up the DagBag from /home/airflow/.local/lib/python3.12/site-packages/airflow/example_dags/example_subdag_operator.py
[2024-10-06T10:16:44.659+0000] {processor.py:925} INFO - DAG(s) 'example_subdag_operator.section-1', 'example_subdag_operator.section-2', 'example_subdag_operator' retrieved from /home/airflow/.local/lib/python3.12/site-packages/airflow/example_dags/example_subdag_operator.py
[2024-10-06T10:16:44.667+0000] {logging_mixin.py:190} INFO - [2024-10-06T10:16:44.666+0000] {dag.py:3229} INFO - Sync 3 DAGs
[2024-10-06T10:16:44.678+0000] {logging_mixin.py:190} INFO - [2024-10-06T10:16:44.678+0000] {dag.py:4156} INFO - Setting next_dagrun for example_subdag_operator to 2022-01-01 00:00:00+00:00, run_after=2022-01-01 00:00:00+00:00
[2024-10-06T10:16:44.680+0000] {logging_mixin.py:190} INFO - [2024-10-06T10:16:44.680+0000] {dag.py:4156} INFO - Setting next_dagrun for example_subdag_operator.section-1 to None, run_after=None
[2024-10-06T10:16:44.681+0000] {logging_mixin.py:190} INFO - [2024-10-06T10:16:44.681+0000] {dag.py:4156} INFO - Setting next_dagrun for example_subdag_operator.section-2 to None, run_after=None
[2024-10-06T10:16:44.686+0000] {logging_mixin.py:190} INFO - [2024-10-06T10:16:44.686+0000] {dag.py:3229} INFO - Sync 2 DAGs
[2024-10-06T10:16:44.688+0000] {logging_mixin.py:190} INFO - [2024-10-06T10:16:44.688+0000] {dag.py:4156} INFO - Setting next_dagrun for example_subdag_operator.section-1 to None, run_after=None
[2024-10-06T10:16:44.689+0000] {logging_mixin.py:190} INFO - [2024-10-06T10:16:44.689+0000] {dag.py:4156} INFO - Setting next_dagrun for example_subdag_operator.section-2 to None, run_after=None
[2024-10-06T10:16:44.694+0000] {processor.py:208} INFO - Processing /home/airflow/.local/lib/python3.12/site-packages/airflow/example_dags/example_subdag_operator.py took 0.054 seconds
[2024-10-06T11:20:57.050+0000] {processor.py:186} INFO - Started process (PID=25228) to work on /home/airflow/.local/lib/python3.12/site-packages/airflow/example_dags/example_subdag_operator.py
[2024-10-06T11:20:57.063+0000] {processor.py:914} INFO - Processing file /home/airflow/.local/lib/python3.12/site-packages/airflow/example_dags/example_subdag_operator.py for tasks to queue
[2024-10-06T11:20:57.065+0000] {logging_mixin.py:190} INFO - [2024-10-06T11:20:57.065+0000] {dagbag.py:587} INFO - Filling up the DagBag from /home/airflow/.local/lib/python3.12/site-packages/airflow/example_dags/example_subdag_operator.py
[2024-10-06T11:20:57.152+0000] {processor.py:925} INFO - DAG(s) 'example_subdag_operator.section-1', 'example_subdag_operator.section-2', 'example_subdag_operator' retrieved from /home/airflow/.local/lib/python3.12/site-packages/airflow/example_dags/example_subdag_operator.py
[2024-10-06T11:20:57.165+0000] {logging_mixin.py:190} INFO - [2024-10-06T11:20:57.165+0000] {dag.py:3229} INFO - Sync 3 DAGs
[2024-10-06T11:20:57.202+0000] {logging_mixin.py:190} INFO - [2024-10-06T11:20:57.202+0000] {dag.py:4156} INFO - Setting next_dagrun for example_subdag_operator to 2022-01-01 00:00:00+00:00, run_after=2022-01-01 00:00:00+00:00
[2024-10-06T11:20:57.208+0000] {logging_mixin.py:190} INFO - [2024-10-06T11:20:57.208+0000] {dag.py:4156} INFO - Setting next_dagrun for example_subdag_operator.section-1 to None, run_after=None
[2024-10-06T11:20:57.209+0000] {logging_mixin.py:190} INFO - [2024-10-06T11:20:57.209+0000] {dag.py:4156} INFO - Setting next_dagrun for example_subdag_operator.section-2 to None, run_after=None
[2024-10-06T11:20:57.215+0000] {logging_mixin.py:190} INFO - [2024-10-06T11:20:57.215+0000] {dag.py:3229} INFO - Sync 2 DAGs
[2024-10-06T11:20:57.226+0000] {logging_mixin.py:190} INFO - [2024-10-06T11:20:57.225+0000] {dag.py:4156} INFO - Setting next_dagrun for example_subdag_operator.section-1 to None, run_after=None
[2024-10-06T11:20:57.228+0000] {logging_mixin.py:190} INFO - [2024-10-06T11:20:57.228+0000] {dag.py:4156} INFO - Setting next_dagrun for example_subdag_operator.section-2 to None, run_after=None
[2024-10-06T11:20:57.240+0000] {processor.py:208} INFO - Processing /home/airflow/.local/lib/python3.12/site-packages/airflow/example_dags/example_subdag_operator.py took 0.202 seconds
[2024-10-06T13:00:05.289+0000] {processor.py:186} INFO - Started process (PID=25298) to work on /home/airflow/.local/lib/python3.12/site-packages/airflow/example_dags/example_subdag_operator.py
[2024-10-06T13:00:05.290+0000] {processor.py:914} INFO - Processing file /home/airflow/.local/lib/python3.12/site-packages/airflow/example_dags/example_subdag_operator.py for tasks to queue
[2024-10-06T13:00:05.290+0000] {logging_mixin.py:190} INFO - [2024-10-06T13:00:05.290+0000] {dagbag.py:587} INFO - Filling up the DagBag from /home/airflow/.local/lib/python3.12/site-packages/airflow/example_dags/example_subdag_operator.py
[2024-10-06T13:00:05.308+0000] {processor.py:925} INFO - DAG(s) 'example_subdag_operator.section-1', 'example_subdag_operator.section-2', 'example_subdag_operator' retrieved from /home/airflow/.local/lib/python3.12/site-packages/airflow/example_dags/example_subdag_operator.py
[2024-10-06T13:00:05.316+0000] {logging_mixin.py:190} INFO - [2024-10-06T13:00:05.316+0000] {dag.py:3229} INFO - Sync 3 DAGs
[2024-10-06T13:00:05.328+0000] {logging_mixin.py:190} INFO - [2024-10-06T13:00:05.328+0000] {dag.py:4156} INFO - Setting next_dagrun for example_subdag_operator to 2022-01-01 00:00:00+00:00, run_after=2022-01-01 00:00:00+00:00
[2024-10-06T13:00:05.330+0000] {logging_mixin.py:190} INFO - [2024-10-06T13:00:05.330+0000] {dag.py:4156} INFO - Setting next_dagrun for example_subdag_operator.section-1 to None, run_after=None
[2024-10-06T13:00:05.331+0000] {logging_mixin.py:190} INFO - [2024-10-06T13:00:05.331+0000] {dag.py:4156} INFO - Setting next_dagrun for example_subdag_operator.section-2 to None, run_after=None
[2024-10-06T13:00:05.333+0000] {logging_mixin.py:190} INFO - [2024-10-06T13:00:05.333+0000] {dag.py:3229} INFO - Sync 2 DAGs
[2024-10-06T13:00:05.336+0000] {logging_mixin.py:190} INFO - [2024-10-06T13:00:05.336+0000] {dag.py:4156} INFO - Setting next_dagrun for example_subdag_operator.section-1 to None, run_after=None
[2024-10-06T13:00:05.337+0000] {logging_mixin.py:190} INFO - [2024-10-06T13:00:05.337+0000] {dag.py:4156} INFO - Setting next_dagrun for example_subdag_operator.section-2 to None, run_after=None
[2024-10-06T13:00:05.341+0000] {processor.py:208} INFO - Processing /home/airflow/.local/lib/python3.12/site-packages/airflow/example_dags/example_subdag_operator.py took 0.054 seconds
[2024-10-06T13:48:16.707+0000] {processor.py:186} INFO - Started process (PID=25368) to work on /home/airflow/.local/lib/python3.12/site-packages/airflow/example_dags/example_subdag_operator.py
[2024-10-06T13:48:16.707+0000] {processor.py:914} INFO - Processing file /home/airflow/.local/lib/python3.12/site-packages/airflow/example_dags/example_subdag_operator.py for tasks to queue
[2024-10-06T13:48:16.708+0000] {logging_mixin.py:190} INFO - [2024-10-06T13:48:16.708+0000] {dagbag.py:587} INFO - Filling up the DagBag from /home/airflow/.local/lib/python3.12/site-packages/airflow/example_dags/example_subdag_operator.py
[2024-10-06T13:48:16.729+0000] {processor.py:925} INFO - DAG(s) 'example_subdag_operator.section-1', 'example_subdag_operator.section-2', 'example_subdag_operator' retrieved from /home/airflow/.local/lib/python3.12/site-packages/airflow/example_dags/example_subdag_operator.py
[2024-10-06T13:48:16.737+0000] {logging_mixin.py:190} INFO - [2024-10-06T13:48:16.737+0000] {dag.py:3229} INFO - Sync 3 DAGs
[2024-10-06T13:48:16.750+0000] {logging_mixin.py:190} INFO - [2024-10-06T13:48:16.750+0000] {dag.py:4156} INFO - Setting next_dagrun for example_subdag_operator to 2022-01-01 00:00:00+00:00, run_after=2022-01-01 00:00:00+00:00
[2024-10-06T13:48:16.752+0000] {logging_mixin.py:190} INFO - [2024-10-06T13:48:16.752+0000] {dag.py:4156} INFO - Setting next_dagrun for example_subdag_operator.section-1 to None, run_after=None
[2024-10-06T13:48:16.753+0000] {logging_mixin.py:190} INFO - [2024-10-06T13:48:16.753+0000] {dag.py:4156} INFO - Setting next_dagrun for example_subdag_operator.section-2 to None, run_after=None
[2024-10-06T13:48:16.756+0000] {logging_mixin.py:190} INFO - [2024-10-06T13:48:16.756+0000] {dag.py:3229} INFO - Sync 2 DAGs
[2024-10-06T13:48:16.761+0000] {logging_mixin.py:190} INFO - [2024-10-06T13:48:16.761+0000] {dag.py:4156} INFO - Setting next_dagrun for example_subdag_operator.section-1 to None, run_after=None
[2024-10-06T13:48:16.762+0000] {logging_mixin.py:190} INFO - [2024-10-06T13:48:16.761+0000] {dag.py:4156} INFO - Setting next_dagrun for example_subdag_operator.section-2 to None, run_after=None
[2024-10-06T13:48:16.767+0000] {processor.py:208} INFO - Processing /home/airflow/.local/lib/python3.12/site-packages/airflow/example_dags/example_subdag_operator.py took 0.064 seconds
[2024-10-06T13:55:52.410+0000] {processor.py:186} INFO - Started process (PID=25438) to work on /home/airflow/.local/lib/python3.12/site-packages/airflow/example_dags/example_subdag_operator.py
[2024-10-06T13:55:52.411+0000] {processor.py:914} INFO - Processing file /home/airflow/.local/lib/python3.12/site-packages/airflow/example_dags/example_subdag_operator.py for tasks to queue
[2024-10-06T13:55:52.412+0000] {logging_mixin.py:190} INFO - [2024-10-06T13:55:52.411+0000] {dagbag.py:587} INFO - Filling up the DagBag from /home/airflow/.local/lib/python3.12/site-packages/airflow/example_dags/example_subdag_operator.py
[2024-10-06T13:55:52.435+0000] {processor.py:925} INFO - DAG(s) 'example_subdag_operator.section-1', 'example_subdag_operator.section-2', 'example_subdag_operator' retrieved from /home/airflow/.local/lib/python3.12/site-packages/airflow/example_dags/example_subdag_operator.py
[2024-10-06T13:55:52.446+0000] {logging_mixin.py:190} INFO - [2024-10-06T13:55:52.445+0000] {dag.py:3229} INFO - Sync 3 DAGs
[2024-10-06T13:55:52.463+0000] {logging_mixin.py:190} INFO - [2024-10-06T13:55:52.463+0000] {dag.py:4156} INFO - Setting next_dagrun for example_subdag_operator to 2022-01-01 00:00:00+00:00, run_after=2022-01-01 00:00:00+00:00
[2024-10-06T13:55:52.465+0000] {logging_mixin.py:190} INFO - [2024-10-06T13:55:52.465+0000] {dag.py:4156} INFO - Setting next_dagrun for example_subdag_operator.section-1 to None, run_after=None
[2024-10-06T13:55:52.466+0000] {logging_mixin.py:190} INFO - [2024-10-06T13:55:52.466+0000] {dag.py:4156} INFO - Setting next_dagrun for example_subdag_operator.section-2 to None, run_after=None
[2024-10-06T13:55:52.472+0000] {logging_mixin.py:190} INFO - [2024-10-06T13:55:52.471+0000] {dag.py:3229} INFO - Sync 2 DAGs
[2024-10-06T13:55:52.474+0000] {logging_mixin.py:190} INFO - [2024-10-06T13:55:52.474+0000] {dag.py:4156} INFO - Setting next_dagrun for example_subdag_operator.section-1 to None, run_after=None
[2024-10-06T13:55:52.474+0000] {logging_mixin.py:190} INFO - [2024-10-06T13:55:52.474+0000] {dag.py:4156} INFO - Setting next_dagrun for example_subdag_operator.section-2 to None, run_after=None
[2024-10-06T13:55:52.478+0000] {processor.py:208} INFO - Processing /home/airflow/.local/lib/python3.12/site-packages/airflow/example_dags/example_subdag_operator.py took 0.072 seconds
[2024-10-06T14:56:51.656+0000] {processor.py:186} INFO - Started process (PID=25508) to work on /home/airflow/.local/lib/python3.12/site-packages/airflow/example_dags/example_subdag_operator.py
[2024-10-06T14:56:51.661+0000] {processor.py:914} INFO - Processing file /home/airflow/.local/lib/python3.12/site-packages/airflow/example_dags/example_subdag_operator.py for tasks to queue
[2024-10-06T14:56:51.664+0000] {logging_mixin.py:190} INFO - [2024-10-06T14:56:51.664+0000] {dagbag.py:587} INFO - Filling up the DagBag from /home/airflow/.local/lib/python3.12/site-packages/airflow/example_dags/example_subdag_operator.py
[2024-10-06T14:56:51.722+0000] {processor.py:925} INFO - DAG(s) 'example_subdag_operator.section-1', 'example_subdag_operator.section-2', 'example_subdag_operator' retrieved from /home/airflow/.local/lib/python3.12/site-packages/airflow/example_dags/example_subdag_operator.py
[2024-10-06T14:56:51.739+0000] {logging_mixin.py:190} INFO - [2024-10-06T14:56:51.739+0000] {dag.py:3229} INFO - Sync 3 DAGs
[2024-10-06T14:56:51.754+0000] {logging_mixin.py:190} INFO - [2024-10-06T14:56:51.754+0000] {dag.py:4156} INFO - Setting next_dagrun for example_subdag_operator to 2022-01-01 00:00:00+00:00, run_after=2022-01-01 00:00:00+00:00
[2024-10-06T14:56:51.758+0000] {logging_mixin.py:190} INFO - [2024-10-06T14:56:51.758+0000] {dag.py:4156} INFO - Setting next_dagrun for example_subdag_operator.section-1 to None, run_after=None
[2024-10-06T14:56:51.761+0000] {logging_mixin.py:190} INFO - [2024-10-06T14:56:51.761+0000] {dag.py:4156} INFO - Setting next_dagrun for example_subdag_operator.section-2 to None, run_after=None
[2024-10-06T14:56:51.772+0000] {logging_mixin.py:190} INFO - [2024-10-06T14:56:51.772+0000] {dag.py:3229} INFO - Sync 2 DAGs
[2024-10-06T14:56:51.779+0000] {logging_mixin.py:190} INFO - [2024-10-06T14:56:51.779+0000] {dag.py:4156} INFO - Setting next_dagrun for example_subdag_operator.section-1 to None, run_after=None
[2024-10-06T14:56:51.779+0000] {logging_mixin.py:190} INFO - [2024-10-06T14:56:51.779+0000] {dag.py:4156} INFO - Setting next_dagrun for example_subdag_operator.section-2 to None, run_after=None
[2024-10-06T14:56:51.794+0000] {processor.py:208} INFO - Processing /home/airflow/.local/lib/python3.12/site-packages/airflow/example_dags/example_subdag_operator.py took 0.149 seconds
[2024-10-06T15:41:29.877+0000] {processor.py:186} INFO - Started process (PID=25578) to work on /home/airflow/.local/lib/python3.12/site-packages/airflow/example_dags/example_subdag_operator.py
[2024-10-06T15:41:29.878+0000] {processor.py:914} INFO - Processing file /home/airflow/.local/lib/python3.12/site-packages/airflow/example_dags/example_subdag_operator.py for tasks to queue
[2024-10-06T15:41:29.879+0000] {logging_mixin.py:190} INFO - [2024-10-06T15:41:29.879+0000] {dagbag.py:587} INFO - Filling up the DagBag from /home/airflow/.local/lib/python3.12/site-packages/airflow/example_dags/example_subdag_operator.py
[2024-10-06T15:41:29.928+0000] {processor.py:925} INFO - DAG(s) 'example_subdag_operator.section-1', 'example_subdag_operator.section-2', 'example_subdag_operator' retrieved from /home/airflow/.local/lib/python3.12/site-packages/airflow/example_dags/example_subdag_operator.py
[2024-10-06T15:41:29.941+0000] {logging_mixin.py:190} INFO - [2024-10-06T15:41:29.940+0000] {dag.py:3229} INFO - Sync 3 DAGs
[2024-10-06T15:41:29.965+0000] {logging_mixin.py:190} INFO - [2024-10-06T15:41:29.965+0000] {dag.py:4156} INFO - Setting next_dagrun for example_subdag_operator to 2022-01-01 00:00:00+00:00, run_after=2022-01-01 00:00:00+00:00
[2024-10-06T15:41:29.968+0000] {logging_mixin.py:190} INFO - [2024-10-06T15:41:29.968+0000] {dag.py:4156} INFO - Setting next_dagrun for example_subdag_operator.section-1 to None, run_after=None
[2024-10-06T15:41:29.968+0000] {logging_mixin.py:190} INFO - [2024-10-06T15:41:29.968+0000] {dag.py:4156} INFO - Setting next_dagrun for example_subdag_operator.section-2 to None, run_after=None
[2024-10-06T15:41:29.976+0000] {logging_mixin.py:190} INFO - [2024-10-06T15:41:29.976+0000] {dag.py:3229} INFO - Sync 2 DAGs
[2024-10-06T15:41:29.980+0000] {logging_mixin.py:190} INFO - [2024-10-06T15:41:29.980+0000] {dag.py:4156} INFO - Setting next_dagrun for example_subdag_operator.section-1 to None, run_after=None
[2024-10-06T15:41:29.980+0000] {logging_mixin.py:190} INFO - [2024-10-06T15:41:29.980+0000] {dag.py:4156} INFO - Setting next_dagrun for example_subdag_operator.section-2 to None, run_after=None
[2024-10-06T15:41:29.987+0000] {processor.py:208} INFO - Processing /home/airflow/.local/lib/python3.12/site-packages/airflow/example_dags/example_subdag_operator.py took 0.112 seconds
[2024-10-06T16:15:55.720+0000] {processor.py:186} INFO - Started process (PID=25648) to work on /home/airflow/.local/lib/python3.12/site-packages/airflow/example_dags/example_subdag_operator.py
[2024-10-06T16:15:55.721+0000] {processor.py:914} INFO - Processing file /home/airflow/.local/lib/python3.12/site-packages/airflow/example_dags/example_subdag_operator.py for tasks to queue
[2024-10-06T16:15:55.722+0000] {logging_mixin.py:190} INFO - [2024-10-06T16:15:55.722+0000] {dagbag.py:587} INFO - Filling up the DagBag from /home/airflow/.local/lib/python3.12/site-packages/airflow/example_dags/example_subdag_operator.py
[2024-10-06T16:15:55.758+0000] {processor.py:925} INFO - DAG(s) 'example_subdag_operator.section-1', 'example_subdag_operator.section-2', 'example_subdag_operator' retrieved from /home/airflow/.local/lib/python3.12/site-packages/airflow/example_dags/example_subdag_operator.py
[2024-10-06T16:15:55.784+0000] {logging_mixin.py:190} INFO - [2024-10-06T16:15:55.784+0000] {dag.py:3229} INFO - Sync 3 DAGs
[2024-10-06T16:15:55.805+0000] {logging_mixin.py:190} INFO - [2024-10-06T16:15:55.805+0000] {dag.py:4156} INFO - Setting next_dagrun for example_subdag_operator to 2022-01-01 00:00:00+00:00, run_after=2022-01-01 00:00:00+00:00
[2024-10-06T16:15:55.807+0000] {logging_mixin.py:190} INFO - [2024-10-06T16:15:55.807+0000] {dag.py:4156} INFO - Setting next_dagrun for example_subdag_operator.section-1 to None, run_after=None
[2024-10-06T16:15:55.807+0000] {logging_mixin.py:190} INFO - [2024-10-06T16:15:55.807+0000] {dag.py:4156} INFO - Setting next_dagrun for example_subdag_operator.section-2 to None, run_after=None
[2024-10-06T16:15:55.811+0000] {logging_mixin.py:190} INFO - [2024-10-06T16:15:55.811+0000] {dag.py:3229} INFO - Sync 2 DAGs
[2024-10-06T16:15:55.814+0000] {logging_mixin.py:190} INFO - [2024-10-06T16:15:55.814+0000] {dag.py:4156} INFO - Setting next_dagrun for example_subdag_operator.section-1 to None, run_after=None
[2024-10-06T16:15:55.814+0000] {logging_mixin.py:190} INFO - [2024-10-06T16:15:55.814+0000] {dag.py:4156} INFO - Setting next_dagrun for example_subdag_operator.section-2 to None, run_after=None
[2024-10-06T16:15:55.818+0000] {processor.py:208} INFO - Processing /home/airflow/.local/lib/python3.12/site-packages/airflow/example_dags/example_subdag_operator.py took 0.105 seconds
[2024-10-06T16:58:36.656+0000] {processor.py:186} INFO - Started process (PID=25718) to work on /home/airflow/.local/lib/python3.12/site-packages/airflow/example_dags/example_subdag_operator.py
[2024-10-06T16:58:36.659+0000] {processor.py:914} INFO - Processing file /home/airflow/.local/lib/python3.12/site-packages/airflow/example_dags/example_subdag_operator.py for tasks to queue
[2024-10-06T16:58:36.659+0000] {logging_mixin.py:190} INFO - [2024-10-06T16:58:36.659+0000] {dagbag.py:587} INFO - Filling up the DagBag from /home/airflow/.local/lib/python3.12/site-packages/airflow/example_dags/example_subdag_operator.py
[2024-10-06T16:58:36.687+0000] {processor.py:925} INFO - DAG(s) 'example_subdag_operator.section-1', 'example_subdag_operator.section-2', 'example_subdag_operator' retrieved from /home/airflow/.local/lib/python3.12/site-packages/airflow/example_dags/example_subdag_operator.py
[2024-10-06T16:58:36.701+0000] {logging_mixin.py:190} INFO - [2024-10-06T16:58:36.700+0000] {dag.py:3229} INFO - Sync 3 DAGs
[2024-10-06T16:58:36.723+0000] {logging_mixin.py:190} INFO - [2024-10-06T16:58:36.722+0000] {dag.py:4156} INFO - Setting next_dagrun for example_subdag_operator to 2022-01-01 00:00:00+00:00, run_after=2022-01-01 00:00:00+00:00
[2024-10-06T16:58:36.726+0000] {logging_mixin.py:190} INFO - [2024-10-06T16:58:36.726+0000] {dag.py:4156} INFO - Setting next_dagrun for example_subdag_operator.section-1 to None, run_after=None
[2024-10-06T16:58:36.726+0000] {logging_mixin.py:190} INFO - [2024-10-06T16:58:36.726+0000] {dag.py:4156} INFO - Setting next_dagrun for example_subdag_operator.section-2 to None, run_after=None
[2024-10-06T16:58:36.731+0000] {logging_mixin.py:190} INFO - [2024-10-06T16:58:36.731+0000] {dag.py:3229} INFO - Sync 2 DAGs
[2024-10-06T16:58:36.734+0000] {logging_mixin.py:190} INFO - [2024-10-06T16:58:36.734+0000] {dag.py:4156} INFO - Setting next_dagrun for example_subdag_operator.section-1 to None, run_after=None
[2024-10-06T16:58:36.735+0000] {logging_mixin.py:190} INFO - [2024-10-06T16:58:36.735+0000] {dag.py:4156} INFO - Setting next_dagrun for example_subdag_operator.section-2 to None, run_after=None
[2024-10-06T16:58:36.742+0000] {processor.py:208} INFO - Processing /home/airflow/.local/lib/python3.12/site-packages/airflow/example_dags/example_subdag_operator.py took 0.092 seconds
[2024-10-06T16:59:06.957+0000] {processor.py:186} INFO - Started process (PID=25788) to work on /home/airflow/.local/lib/python3.12/site-packages/airflow/example_dags/example_subdag_operator.py
[2024-10-06T16:59:06.958+0000] {processor.py:914} INFO - Processing file /home/airflow/.local/lib/python3.12/site-packages/airflow/example_dags/example_subdag_operator.py for tasks to queue
[2024-10-06T16:59:06.960+0000] {logging_mixin.py:190} INFO - [2024-10-06T16:59:06.960+0000] {dagbag.py:587} INFO - Filling up the DagBag from /home/airflow/.local/lib/python3.12/site-packages/airflow/example_dags/example_subdag_operator.py
[2024-10-06T16:59:06.983+0000] {processor.py:925} INFO - DAG(s) 'example_subdag_operator.section-1', 'example_subdag_operator.section-2', 'example_subdag_operator' retrieved from /home/airflow/.local/lib/python3.12/site-packages/airflow/example_dags/example_subdag_operator.py
[2024-10-06T16:59:06.990+0000] {logging_mixin.py:190} INFO - [2024-10-06T16:59:06.990+0000] {dag.py:3229} INFO - Sync 3 DAGs
[2024-10-06T16:59:07.002+0000] {logging_mixin.py:190} INFO - [2024-10-06T16:59:07.002+0000] {dag.py:4156} INFO - Setting next_dagrun for example_subdag_operator to 2022-01-01 00:00:00+00:00, run_after=2022-01-01 00:00:00+00:00
[2024-10-06T16:59:07.006+0000] {logging_mixin.py:190} INFO - [2024-10-06T16:59:07.006+0000] {dag.py:4156} INFO - Setting next_dagrun for example_subdag_operator.section-1 to None, run_after=None
[2024-10-06T16:59:07.007+0000] {logging_mixin.py:190} INFO - [2024-10-06T16:59:07.007+0000] {dag.py:4156} INFO - Setting next_dagrun for example_subdag_operator.section-2 to None, run_after=None
[2024-10-06T16:59:07.013+0000] {logging_mixin.py:190} INFO - [2024-10-06T16:59:07.013+0000] {dag.py:3229} INFO - Sync 2 DAGs
[2024-10-06T16:59:07.018+0000] {logging_mixin.py:190} INFO - [2024-10-06T16:59:07.018+0000] {dag.py:4156} INFO - Setting next_dagrun for example_subdag_operator.section-1 to None, run_after=None
[2024-10-06T16:59:07.019+0000] {logging_mixin.py:190} INFO - [2024-10-06T16:59:07.019+0000] {dag.py:4156} INFO - Setting next_dagrun for example_subdag_operator.section-2 to None, run_after=None
[2024-10-06T16:59:07.028+0000] {processor.py:208} INFO - Processing /home/airflow/.local/lib/python3.12/site-packages/airflow/example_dags/example_subdag_operator.py took 0.074 seconds
[2024-10-06T17:59:33.081+0000] {processor.py:186} INFO - Started process (PID=25857) to work on /home/airflow/.local/lib/python3.12/site-packages/airflow/example_dags/example_subdag_operator.py
[2024-10-06T17:59:33.083+0000] {processor.py:914} INFO - Processing file /home/airflow/.local/lib/python3.12/site-packages/airflow/example_dags/example_subdag_operator.py for tasks to queue
[2024-10-06T17:59:33.087+0000] {logging_mixin.py:190} INFO - [2024-10-06T17:59:33.087+0000] {dagbag.py:587} INFO - Filling up the DagBag from /home/airflow/.local/lib/python3.12/site-packages/airflow/example_dags/example_subdag_operator.py
[2024-10-06T17:59:33.106+0000] {processor.py:925} INFO - DAG(s) 'example_subdag_operator.section-1', 'example_subdag_operator.section-2', 'example_subdag_operator' retrieved from /home/airflow/.local/lib/python3.12/site-packages/airflow/example_dags/example_subdag_operator.py
[2024-10-06T17:59:33.119+0000] {logging_mixin.py:190} INFO - [2024-10-06T17:59:33.119+0000] {dag.py:3229} INFO - Sync 3 DAGs
[2024-10-06T17:59:33.137+0000] {logging_mixin.py:190} INFO - [2024-10-06T17:59:33.137+0000] {dag.py:4156} INFO - Setting next_dagrun for example_subdag_operator to 2022-01-01 00:00:00+00:00, run_after=2022-01-01 00:00:00+00:00
[2024-10-06T17:59:33.140+0000] {logging_mixin.py:190} INFO - [2024-10-06T17:59:33.140+0000] {dag.py:4156} INFO - Setting next_dagrun for example_subdag_operator.section-1 to None, run_after=None
[2024-10-06T17:59:33.140+0000] {logging_mixin.py:190} INFO - [2024-10-06T17:59:33.140+0000] {dag.py:4156} INFO - Setting next_dagrun for example_subdag_operator.section-2 to None, run_after=None
[2024-10-06T17:59:33.145+0000] {logging_mixin.py:190} INFO - [2024-10-06T17:59:33.145+0000] {dag.py:3229} INFO - Sync 2 DAGs
[2024-10-06T17:59:33.148+0000] {logging_mixin.py:190} INFO - [2024-10-06T17:59:33.148+0000] {dag.py:4156} INFO - Setting next_dagrun for example_subdag_operator.section-1 to None, run_after=None
[2024-10-06T17:59:33.148+0000] {logging_mixin.py:190} INFO - [2024-10-06T17:59:33.148+0000] {dag.py:4156} INFO - Setting next_dagrun for example_subdag_operator.section-2 to None, run_after=None
[2024-10-06T17:59:33.153+0000] {processor.py:208} INFO - Processing /home/airflow/.local/lib/python3.12/site-packages/airflow/example_dags/example_subdag_operator.py took 0.075 seconds
[2024-10-06T18:17:01.988+0000] {processor.py:186} INFO - Started process (PID=25927) to work on /home/airflow/.local/lib/python3.12/site-packages/airflow/example_dags/example_subdag_operator.py
[2024-10-06T18:17:01.991+0000] {processor.py:914} INFO - Processing file /home/airflow/.local/lib/python3.12/site-packages/airflow/example_dags/example_subdag_operator.py for tasks to queue
[2024-10-06T18:17:01.993+0000] {logging_mixin.py:190} INFO - [2024-10-06T18:17:01.992+0000] {dagbag.py:587} INFO - Filling up the DagBag from /home/airflow/.local/lib/python3.12/site-packages/airflow/example_dags/example_subdag_operator.py
[2024-10-06T18:17:02.014+0000] {processor.py:925} INFO - DAG(s) 'example_subdag_operator.section-1', 'example_subdag_operator.section-2', 'example_subdag_operator' retrieved from /home/airflow/.local/lib/python3.12/site-packages/airflow/example_dags/example_subdag_operator.py
[2024-10-06T18:17:02.023+0000] {logging_mixin.py:190} INFO - [2024-10-06T18:17:02.023+0000] {dag.py:3229} INFO - Sync 3 DAGs
[2024-10-06T18:17:02.045+0000] {logging_mixin.py:190} INFO - [2024-10-06T18:17:02.045+0000] {dag.py:4156} INFO - Setting next_dagrun for example_subdag_operator to 2022-01-01 00:00:00+00:00, run_after=2022-01-01 00:00:00+00:00
[2024-10-06T18:17:02.049+0000] {logging_mixin.py:190} INFO - [2024-10-06T18:17:02.049+0000] {dag.py:4156} INFO - Setting next_dagrun for example_subdag_operator.section-1 to None, run_after=None
[2024-10-06T18:17:02.050+0000] {logging_mixin.py:190} INFO - [2024-10-06T18:17:02.050+0000] {dag.py:4156} INFO - Setting next_dagrun for example_subdag_operator.section-2 to None, run_after=None
[2024-10-06T18:17:02.054+0000] {logging_mixin.py:190} INFO - [2024-10-06T18:17:02.054+0000] {dag.py:3229} INFO - Sync 2 DAGs
[2024-10-06T18:17:02.058+0000] {logging_mixin.py:190} INFO - [2024-10-06T18:17:02.058+0000] {dag.py:4156} INFO - Setting next_dagrun for example_subdag_operator.section-1 to None, run_after=None
[2024-10-06T18:17:02.063+0000] {logging_mixin.py:190} INFO - [2024-10-06T18:17:02.063+0000] {dag.py:4156} INFO - Setting next_dagrun for example_subdag_operator.section-2 to None, run_after=None
[2024-10-06T18:17:02.075+0000] {processor.py:208} INFO - Processing /home/airflow/.local/lib/python3.12/site-packages/airflow/example_dags/example_subdag_operator.py took 0.094 seconds
[2024-10-06T18:49:50.346+0000] {processor.py:186} INFO - Started process (PID=25997) to work on /home/airflow/.local/lib/python3.12/site-packages/airflow/example_dags/example_subdag_operator.py
[2024-10-06T18:49:50.347+0000] {processor.py:914} INFO - Processing file /home/airflow/.local/lib/python3.12/site-packages/airflow/example_dags/example_subdag_operator.py for tasks to queue
[2024-10-06T18:49:50.347+0000] {logging_mixin.py:190} INFO - [2024-10-06T18:49:50.347+0000] {dagbag.py:587} INFO - Filling up the DagBag from /home/airflow/.local/lib/python3.12/site-packages/airflow/example_dags/example_subdag_operator.py
[2024-10-06T18:49:50.363+0000] {processor.py:925} INFO - DAG(s) 'example_subdag_operator.section-1', 'example_subdag_operator.section-2', 'example_subdag_operator' retrieved from /home/airflow/.local/lib/python3.12/site-packages/airflow/example_dags/example_subdag_operator.py
[2024-10-06T18:49:50.370+0000] {logging_mixin.py:190} INFO - [2024-10-06T18:49:50.369+0000] {dag.py:3229} INFO - Sync 3 DAGs
[2024-10-06T18:49:50.380+0000] {logging_mixin.py:190} INFO - [2024-10-06T18:49:50.380+0000] {dag.py:4156} INFO - Setting next_dagrun for example_subdag_operator to 2022-01-01 00:00:00+00:00, run_after=2022-01-01 00:00:00+00:00
[2024-10-06T18:49:50.382+0000] {logging_mixin.py:190} INFO - [2024-10-06T18:49:50.382+0000] {dag.py:4156} INFO - Setting next_dagrun for example_subdag_operator.section-1 to None, run_after=None
[2024-10-06T18:49:50.383+0000] {logging_mixin.py:190} INFO - [2024-10-06T18:49:50.383+0000] {dag.py:4156} INFO - Setting next_dagrun for example_subdag_operator.section-2 to None, run_after=None
[2024-10-06T18:49:50.386+0000] {logging_mixin.py:190} INFO - [2024-10-06T18:49:50.386+0000] {dag.py:3229} INFO - Sync 2 DAGs
[2024-10-06T18:49:50.390+0000] {logging_mixin.py:190} INFO - [2024-10-06T18:49:50.390+0000] {dag.py:4156} INFO - Setting next_dagrun for example_subdag_operator.section-1 to None, run_after=None
[2024-10-06T18:49:50.392+0000] {logging_mixin.py:190} INFO - [2024-10-06T18:49:50.392+0000] {dag.py:4156} INFO - Setting next_dagrun for example_subdag_operator.section-2 to None, run_after=None
[2024-10-06T18:49:50.402+0000] {processor.py:208} INFO - Processing /home/airflow/.local/lib/python3.12/site-packages/airflow/example_dags/example_subdag_operator.py took 0.058 seconds
[2024-10-06T19:00:33.962+0000] {processor.py:186} INFO - Started process (PID=26067) to work on /home/airflow/.local/lib/python3.12/site-packages/airflow/example_dags/example_subdag_operator.py
[2024-10-06T19:00:33.964+0000] {processor.py:914} INFO - Processing file /home/airflow/.local/lib/python3.12/site-packages/airflow/example_dags/example_subdag_operator.py for tasks to queue
[2024-10-06T19:00:33.964+0000] {logging_mixin.py:190} INFO - [2024-10-06T19:00:33.964+0000] {dagbag.py:587} INFO - Filling up the DagBag from /home/airflow/.local/lib/python3.12/site-packages/airflow/example_dags/example_subdag_operator.py
[2024-10-06T19:00:33.977+0000] {processor.py:925} INFO - DAG(s) 'example_subdag_operator.section-1', 'example_subdag_operator.section-2', 'example_subdag_operator' retrieved from /home/airflow/.local/lib/python3.12/site-packages/airflow/example_dags/example_subdag_operator.py
[2024-10-06T19:00:33.984+0000] {logging_mixin.py:190} INFO - [2024-10-06T19:00:33.984+0000] {dag.py:3229} INFO - Sync 3 DAGs
[2024-10-06T19:00:33.998+0000] {logging_mixin.py:190} INFO - [2024-10-06T19:00:33.998+0000] {dag.py:4156} INFO - Setting next_dagrun for example_subdag_operator to 2022-01-01 00:00:00+00:00, run_after=2022-01-01 00:00:00+00:00
[2024-10-06T19:00:34.000+0000] {logging_mixin.py:190} INFO - [2024-10-06T19:00:34.000+0000] {dag.py:4156} INFO - Setting next_dagrun for example_subdag_operator.section-1 to None, run_after=None
[2024-10-06T19:00:34.000+0000] {logging_mixin.py:190} INFO - [2024-10-06T19:00:34.000+0000] {dag.py:4156} INFO - Setting next_dagrun for example_subdag_operator.section-2 to None, run_after=None
[2024-10-06T19:00:34.006+0000] {logging_mixin.py:190} INFO - [2024-10-06T19:00:34.006+0000] {dag.py:3229} INFO - Sync 2 DAGs
[2024-10-06T19:00:34.011+0000] {logging_mixin.py:190} INFO - [2024-10-06T19:00:34.011+0000] {dag.py:4156} INFO - Setting next_dagrun for example_subdag_operator.section-1 to None, run_after=None
[2024-10-06T19:00:34.011+0000] {logging_mixin.py:190} INFO - [2024-10-06T19:00:34.011+0000] {dag.py:4156} INFO - Setting next_dagrun for example_subdag_operator.section-2 to None, run_after=None
[2024-10-06T19:00:34.017+0000] {processor.py:208} INFO - Processing /home/airflow/.local/lib/python3.12/site-packages/airflow/example_dags/example_subdag_operator.py took 0.058 seconds
[2024-10-06T19:16:46.826+0000] {processor.py:186} INFO - Started process (PID=26137) to work on /home/airflow/.local/lib/python3.12/site-packages/airflow/example_dags/example_subdag_operator.py
[2024-10-06T19:16:46.830+0000] {processor.py:914} INFO - Processing file /home/airflow/.local/lib/python3.12/site-packages/airflow/example_dags/example_subdag_operator.py for tasks to queue
[2024-10-06T19:16:46.831+0000] {logging_mixin.py:190} INFO - [2024-10-06T19:16:46.831+0000] {dagbag.py:587} INFO - Filling up the DagBag from /home/airflow/.local/lib/python3.12/site-packages/airflow/example_dags/example_subdag_operator.py
[2024-10-06T19:16:46.864+0000] {processor.py:925} INFO - DAG(s) 'example_subdag_operator.section-1', 'example_subdag_operator.section-2', 'example_subdag_operator' retrieved from /home/airflow/.local/lib/python3.12/site-packages/airflow/example_dags/example_subdag_operator.py
[2024-10-06T19:16:46.895+0000] {logging_mixin.py:190} INFO - [2024-10-06T19:16:46.895+0000] {dag.py:3229} INFO - Sync 3 DAGs
[2024-10-06T19:16:46.917+0000] {logging_mixin.py:190} INFO - [2024-10-06T19:16:46.917+0000] {dag.py:4156} INFO - Setting next_dagrun for example_subdag_operator to 2022-01-01 00:00:00+00:00, run_after=2022-01-01 00:00:00+00:00
[2024-10-06T19:16:46.924+0000] {logging_mixin.py:190} INFO - [2024-10-06T19:16:46.924+0000] {dag.py:4156} INFO - Setting next_dagrun for example_subdag_operator.section-1 to None, run_after=None
[2024-10-06T19:16:46.925+0000] {logging_mixin.py:190} INFO - [2024-10-06T19:16:46.925+0000] {dag.py:4156} INFO - Setting next_dagrun for example_subdag_operator.section-2 to None, run_after=None
[2024-10-06T19:16:46.930+0000] {logging_mixin.py:190} INFO - [2024-10-06T19:16:46.930+0000] {dag.py:3229} INFO - Sync 2 DAGs
[2024-10-06T19:16:46.933+0000] {logging_mixin.py:190} INFO - [2024-10-06T19:16:46.933+0000] {dag.py:4156} INFO - Setting next_dagrun for example_subdag_operator.section-1 to None, run_after=None
[2024-10-06T19:16:46.933+0000] {logging_mixin.py:190} INFO - [2024-10-06T19:16:46.933+0000] {dag.py:4156} INFO - Setting next_dagrun for example_subdag_operator.section-2 to None, run_after=None
[2024-10-06T19:16:46.937+0000] {processor.py:208} INFO - Processing /home/airflow/.local/lib/python3.12/site-packages/airflow/example_dags/example_subdag_operator.py took 0.114 seconds
[2024-10-06T20:01:51.136+0000] {processor.py:186} INFO - Started process (PID=26207) to work on /home/airflow/.local/lib/python3.12/site-packages/airflow/example_dags/example_subdag_operator.py
[2024-10-06T20:01:51.137+0000] {processor.py:914} INFO - Processing file /home/airflow/.local/lib/python3.12/site-packages/airflow/example_dags/example_subdag_operator.py for tasks to queue
[2024-10-06T20:01:51.138+0000] {logging_mixin.py:190} INFO - [2024-10-06T20:01:51.138+0000] {dagbag.py:587} INFO - Filling up the DagBag from /home/airflow/.local/lib/python3.12/site-packages/airflow/example_dags/example_subdag_operator.py
[2024-10-06T20:01:51.151+0000] {processor.py:925} INFO - DAG(s) 'example_subdag_operator.section-1', 'example_subdag_operator.section-2', 'example_subdag_operator' retrieved from /home/airflow/.local/lib/python3.12/site-packages/airflow/example_dags/example_subdag_operator.py
[2024-10-06T20:01:51.166+0000] {logging_mixin.py:190} INFO - [2024-10-06T20:01:51.166+0000] {dag.py:3229} INFO - Sync 3 DAGs
[2024-10-06T20:01:51.187+0000] {logging_mixin.py:190} INFO - [2024-10-06T20:01:51.187+0000] {dag.py:4156} INFO - Setting next_dagrun for example_subdag_operator to 2022-01-01 00:00:00+00:00, run_after=2022-01-01 00:00:00+00:00
[2024-10-06T20:01:51.190+0000] {logging_mixin.py:190} INFO - [2024-10-06T20:01:51.190+0000] {dag.py:4156} INFO - Setting next_dagrun for example_subdag_operator.section-1 to None, run_after=None
[2024-10-06T20:01:51.191+0000] {logging_mixin.py:190} INFO - [2024-10-06T20:01:51.191+0000] {dag.py:4156} INFO - Setting next_dagrun for example_subdag_operator.section-2 to None, run_after=None
[2024-10-06T20:01:51.196+0000] {logging_mixin.py:190} INFO - [2024-10-06T20:01:51.196+0000] {dag.py:3229} INFO - Sync 2 DAGs
[2024-10-06T20:01:51.198+0000] {logging_mixin.py:190} INFO - [2024-10-06T20:01:51.198+0000] {dag.py:4156} INFO - Setting next_dagrun for example_subdag_operator.section-1 to None, run_after=None
[2024-10-06T20:01:51.199+0000] {logging_mixin.py:190} INFO - [2024-10-06T20:01:51.198+0000] {dag.py:4156} INFO - Setting next_dagrun for example_subdag_operator.section-2 to None, run_after=None
[2024-10-06T20:01:51.207+0000] {processor.py:208} INFO - Processing /home/airflow/.local/lib/python3.12/site-packages/airflow/example_dags/example_subdag_operator.py took 0.074 seconds
[2024-10-06T20:18:00.517+0000] {processor.py:186} INFO - Started process (PID=26277) to work on /home/airflow/.local/lib/python3.12/site-packages/airflow/example_dags/example_subdag_operator.py
[2024-10-06T20:18:00.520+0000] {processor.py:914} INFO - Processing file /home/airflow/.local/lib/python3.12/site-packages/airflow/example_dags/example_subdag_operator.py for tasks to queue
[2024-10-06T20:18:00.521+0000] {logging_mixin.py:190} INFO - [2024-10-06T20:18:00.521+0000] {dagbag.py:587} INFO - Filling up the DagBag from /home/airflow/.local/lib/python3.12/site-packages/airflow/example_dags/example_subdag_operator.py
[2024-10-06T20:18:00.545+0000] {processor.py:925} INFO - DAG(s) 'example_subdag_operator.section-1', 'example_subdag_operator.section-2', 'example_subdag_operator' retrieved from /home/airflow/.local/lib/python3.12/site-packages/airflow/example_dags/example_subdag_operator.py
[2024-10-06T20:18:00.557+0000] {logging_mixin.py:190} INFO - [2024-10-06T20:18:00.557+0000] {dag.py:3229} INFO - Sync 3 DAGs
[2024-10-06T20:18:00.572+0000] {logging_mixin.py:190} INFO - [2024-10-06T20:18:00.572+0000] {dag.py:4156} INFO - Setting next_dagrun for example_subdag_operator to 2022-01-01 00:00:00+00:00, run_after=2022-01-01 00:00:00+00:00
[2024-10-06T20:18:00.577+0000] {logging_mixin.py:190} INFO - [2024-10-06T20:18:00.577+0000] {dag.py:4156} INFO - Setting next_dagrun for example_subdag_operator.section-1 to None, run_after=None
[2024-10-06T20:18:00.577+0000] {logging_mixin.py:190} INFO - [2024-10-06T20:18:00.577+0000] {dag.py:4156} INFO - Setting next_dagrun for example_subdag_operator.section-2 to None, run_after=None
[2024-10-06T20:18:00.581+0000] {logging_mixin.py:190} INFO - [2024-10-06T20:18:00.580+0000] {dag.py:3229} INFO - Sync 2 DAGs
[2024-10-06T20:18:00.585+0000] {logging_mixin.py:190} INFO - [2024-10-06T20:18:00.585+0000] {dag.py:4156} INFO - Setting next_dagrun for example_subdag_operator.section-1 to None, run_after=None
[2024-10-06T20:18:00.585+0000] {logging_mixin.py:190} INFO - [2024-10-06T20:18:00.585+0000] {dag.py:4156} INFO - Setting next_dagrun for example_subdag_operator.section-2 to None, run_after=None
[2024-10-06T20:18:00.596+0000] {processor.py:208} INFO - Processing /home/airflow/.local/lib/python3.12/site-packages/airflow/example_dags/example_subdag_operator.py took 0.082 seconds
[2024-10-06T20:51:50.367+0000] {processor.py:186} INFO - Started process (PID=26346) to work on /home/airflow/.local/lib/python3.12/site-packages/airflow/example_dags/example_subdag_operator.py
[2024-10-06T20:51:50.368+0000] {processor.py:914} INFO - Processing file /home/airflow/.local/lib/python3.12/site-packages/airflow/example_dags/example_subdag_operator.py for tasks to queue
[2024-10-06T20:51:50.368+0000] {logging_mixin.py:190} INFO - [2024-10-06T20:51:50.368+0000] {dagbag.py:587} INFO - Filling up the DagBag from /home/airflow/.local/lib/python3.12/site-packages/airflow/example_dags/example_subdag_operator.py
[2024-10-06T20:51:50.387+0000] {processor.py:925} INFO - DAG(s) 'example_subdag_operator.section-1', 'example_subdag_operator.section-2', 'example_subdag_operator' retrieved from /home/airflow/.local/lib/python3.12/site-packages/airflow/example_dags/example_subdag_operator.py
[2024-10-06T20:51:50.395+0000] {logging_mixin.py:190} INFO - [2024-10-06T20:51:50.395+0000] {dag.py:3229} INFO - Sync 3 DAGs
[2024-10-06T20:51:50.415+0000] {logging_mixin.py:190} INFO - [2024-10-06T20:51:50.415+0000] {dag.py:4156} INFO - Setting next_dagrun for example_subdag_operator to 2022-01-01 00:00:00+00:00, run_after=2022-01-01 00:00:00+00:00
[2024-10-06T20:51:50.418+0000] {logging_mixin.py:190} INFO - [2024-10-06T20:51:50.418+0000] {dag.py:4156} INFO - Setting next_dagrun for example_subdag_operator.section-1 to None, run_after=None
[2024-10-06T20:51:50.419+0000] {logging_mixin.py:190} INFO - [2024-10-06T20:51:50.419+0000] {dag.py:4156} INFO - Setting next_dagrun for example_subdag_operator.section-2 to None, run_after=None
[2024-10-06T20:51:50.424+0000] {logging_mixin.py:190} INFO - [2024-10-06T20:51:50.424+0000] {dag.py:3229} INFO - Sync 2 DAGs
[2024-10-06T20:51:50.429+0000] {logging_mixin.py:190} INFO - [2024-10-06T20:51:50.429+0000] {dag.py:4156} INFO - Setting next_dagrun for example_subdag_operator.section-1 to None, run_after=None
[2024-10-06T20:51:50.430+0000] {logging_mixin.py:190} INFO - [2024-10-06T20:51:50.430+0000] {dag.py:4156} INFO - Setting next_dagrun for example_subdag_operator.section-2 to None, run_after=None
[2024-10-06T20:51:50.436+0000] {processor.py:208} INFO - Processing /home/airflow/.local/lib/python3.12/site-packages/airflow/example_dags/example_subdag_operator.py took 0.073 seconds
[2024-10-06T20:52:22.742+0000] {processor.py:186} INFO - Started process (PID=26417) to work on /home/airflow/.local/lib/python3.12/site-packages/airflow/example_dags/example_subdag_operator.py
[2024-10-06T20:52:22.745+0000] {processor.py:914} INFO - Processing file /home/airflow/.local/lib/python3.12/site-packages/airflow/example_dags/example_subdag_operator.py for tasks to queue
[2024-10-06T20:52:22.746+0000] {logging_mixin.py:190} INFO - [2024-10-06T20:52:22.746+0000] {dagbag.py:587} INFO - Filling up the DagBag from /home/airflow/.local/lib/python3.12/site-packages/airflow/example_dags/example_subdag_operator.py
[2024-10-06T20:52:22.759+0000] {processor.py:925} INFO - DAG(s) 'example_subdag_operator.section-1', 'example_subdag_operator.section-2', 'example_subdag_operator' retrieved from /home/airflow/.local/lib/python3.12/site-packages/airflow/example_dags/example_subdag_operator.py
[2024-10-06T20:52:22.765+0000] {logging_mixin.py:190} INFO - [2024-10-06T20:52:22.765+0000] {dag.py:3229} INFO - Sync 3 DAGs
[2024-10-06T20:52:22.775+0000] {logging_mixin.py:190} INFO - [2024-10-06T20:52:22.775+0000] {dag.py:4156} INFO - Setting next_dagrun for example_subdag_operator to 2022-01-01 00:00:00+00:00, run_after=2022-01-01 00:00:00+00:00
[2024-10-06T20:52:22.777+0000] {logging_mixin.py:190} INFO - [2024-10-06T20:52:22.777+0000] {dag.py:4156} INFO - Setting next_dagrun for example_subdag_operator.section-1 to None, run_after=None
[2024-10-06T20:52:22.778+0000] {logging_mixin.py:190} INFO - [2024-10-06T20:52:22.778+0000] {dag.py:4156} INFO - Setting next_dagrun for example_subdag_operator.section-2 to None, run_after=None
[2024-10-06T20:52:22.781+0000] {logging_mixin.py:190} INFO - [2024-10-06T20:52:22.781+0000] {dag.py:3229} INFO - Sync 2 DAGs
[2024-10-06T20:52:22.783+0000] {logging_mixin.py:190} INFO - [2024-10-06T20:52:22.783+0000] {dag.py:4156} INFO - Setting next_dagrun for example_subdag_operator.section-1 to None, run_after=None
[2024-10-06T20:52:22.783+0000] {logging_mixin.py:190} INFO - [2024-10-06T20:52:22.783+0000] {dag.py:4156} INFO - Setting next_dagrun for example_subdag_operator.section-2 to None, run_after=None
[2024-10-06T20:52:22.787+0000] {processor.py:208} INFO - Processing /home/airflow/.local/lib/python3.12/site-packages/airflow/example_dags/example_subdag_operator.py took 0.049 seconds
[2024-10-06T21:19:21.443+0000] {processor.py:186} INFO - Started process (PID=26487) to work on /home/airflow/.local/lib/python3.12/site-packages/airflow/example_dags/example_subdag_operator.py
[2024-10-06T21:19:21.446+0000] {processor.py:914} INFO - Processing file /home/airflow/.local/lib/python3.12/site-packages/airflow/example_dags/example_subdag_operator.py for tasks to queue
[2024-10-06T21:19:21.447+0000] {logging_mixin.py:190} INFO - [2024-10-06T21:19:21.447+0000] {dagbag.py:587} INFO - Filling up the DagBag from /home/airflow/.local/lib/python3.12/site-packages/airflow/example_dags/example_subdag_operator.py
[2024-10-06T21:19:21.478+0000] {processor.py:925} INFO - DAG(s) 'example_subdag_operator.section-1', 'example_subdag_operator.section-2', 'example_subdag_operator' retrieved from /home/airflow/.local/lib/python3.12/site-packages/airflow/example_dags/example_subdag_operator.py
[2024-10-06T21:19:21.491+0000] {logging_mixin.py:190} INFO - [2024-10-06T21:19:21.491+0000] {dag.py:3229} INFO - Sync 3 DAGs
[2024-10-06T21:19:21.505+0000] {logging_mixin.py:190} INFO - [2024-10-06T21:19:21.505+0000] {dag.py:4156} INFO - Setting next_dagrun for example_subdag_operator to 2022-01-01 00:00:00+00:00, run_after=2022-01-01 00:00:00+00:00
[2024-10-06T21:19:21.508+0000] {logging_mixin.py:190} INFO - [2024-10-06T21:19:21.508+0000] {dag.py:4156} INFO - Setting next_dagrun for example_subdag_operator.section-1 to None, run_after=None
[2024-10-06T21:19:21.509+0000] {logging_mixin.py:190} INFO - [2024-10-06T21:19:21.509+0000] {dag.py:4156} INFO - Setting next_dagrun for example_subdag_operator.section-2 to None, run_after=None
[2024-10-06T21:19:21.513+0000] {logging_mixin.py:190} INFO - [2024-10-06T21:19:21.513+0000] {dag.py:3229} INFO - Sync 2 DAGs
[2024-10-06T21:19:21.517+0000] {logging_mixin.py:190} INFO - [2024-10-06T21:19:21.517+0000] {dag.py:4156} INFO - Setting next_dagrun for example_subdag_operator.section-1 to None, run_after=None
[2024-10-06T21:19:21.520+0000] {logging_mixin.py:190} INFO - [2024-10-06T21:19:21.519+0000] {dag.py:4156} INFO - Setting next_dagrun for example_subdag_operator.section-2 to None, run_after=None
[2024-10-06T21:19:21.524+0000] {processor.py:208} INFO - Processing /home/airflow/.local/lib/python3.12/site-packages/airflow/example_dags/example_subdag_operator.py took 0.084 seconds
[2024-10-06T21:52:09.044+0000] {processor.py:186} INFO - Started process (PID=26557) to work on /home/airflow/.local/lib/python3.12/site-packages/airflow/example_dags/example_subdag_operator.py
[2024-10-06T21:52:09.047+0000] {processor.py:914} INFO - Processing file /home/airflow/.local/lib/python3.12/site-packages/airflow/example_dags/example_subdag_operator.py for tasks to queue
[2024-10-06T21:52:09.049+0000] {logging_mixin.py:190} INFO - [2024-10-06T21:52:09.049+0000] {dagbag.py:587} INFO - Filling up the DagBag from /home/airflow/.local/lib/python3.12/site-packages/airflow/example_dags/example_subdag_operator.py
[2024-10-06T21:52:09.062+0000] {processor.py:925} INFO - DAG(s) 'example_subdag_operator.section-1', 'example_subdag_operator.section-2', 'example_subdag_operator' retrieved from /home/airflow/.local/lib/python3.12/site-packages/airflow/example_dags/example_subdag_operator.py
[2024-10-06T21:52:09.068+0000] {logging_mixin.py:190} INFO - [2024-10-06T21:52:09.068+0000] {dag.py:3229} INFO - Sync 3 DAGs
[2024-10-06T21:52:09.078+0000] {logging_mixin.py:190} INFO - [2024-10-06T21:52:09.078+0000] {dag.py:4156} INFO - Setting next_dagrun for example_subdag_operator to 2022-01-01 00:00:00+00:00, run_after=2022-01-01 00:00:00+00:00
[2024-10-06T21:52:09.080+0000] {logging_mixin.py:190} INFO - [2024-10-06T21:52:09.080+0000] {dag.py:4156} INFO - Setting next_dagrun for example_subdag_operator.section-1 to None, run_after=None
[2024-10-06T21:52:09.081+0000] {logging_mixin.py:190} INFO - [2024-10-06T21:52:09.081+0000] {dag.py:4156} INFO - Setting next_dagrun for example_subdag_operator.section-2 to None, run_after=None
[2024-10-06T21:52:09.083+0000] {logging_mixin.py:190} INFO - [2024-10-06T21:52:09.083+0000] {dag.py:3229} INFO - Sync 2 DAGs
[2024-10-06T21:52:09.086+0000] {logging_mixin.py:190} INFO - [2024-10-06T21:52:09.086+0000] {dag.py:4156} INFO - Setting next_dagrun for example_subdag_operator.section-1 to None, run_after=None
[2024-10-06T21:52:09.086+0000] {logging_mixin.py:190} INFO - [2024-10-06T21:52:09.086+0000] {dag.py:4156} INFO - Setting next_dagrun for example_subdag_operator.section-2 to None, run_after=None
[2024-10-06T21:52:09.090+0000] {processor.py:208} INFO - Processing /home/airflow/.local/lib/python3.12/site-packages/airflow/example_dags/example_subdag_operator.py took 0.049 seconds
[2024-10-06T22:53:03.930+0000] {processor.py:186} INFO - Started process (PID=26627) to work on /home/airflow/.local/lib/python3.12/site-packages/airflow/example_dags/example_subdag_operator.py
[2024-10-06T22:53:03.931+0000] {processor.py:914} INFO - Processing file /home/airflow/.local/lib/python3.12/site-packages/airflow/example_dags/example_subdag_operator.py for tasks to queue
[2024-10-06T22:53:03.932+0000] {logging_mixin.py:190} INFO - [2024-10-06T22:53:03.931+0000] {dagbag.py:587} INFO - Filling up the DagBag from /home/airflow/.local/lib/python3.12/site-packages/airflow/example_dags/example_subdag_operator.py
[2024-10-06T22:53:03.946+0000] {processor.py:925} INFO - DAG(s) 'example_subdag_operator.section-1', 'example_subdag_operator.section-2', 'example_subdag_operator' retrieved from /home/airflow/.local/lib/python3.12/site-packages/airflow/example_dags/example_subdag_operator.py
[2024-10-06T22:53:03.953+0000] {logging_mixin.py:190} INFO - [2024-10-06T22:53:03.953+0000] {dag.py:3229} INFO - Sync 3 DAGs
[2024-10-06T22:53:03.966+0000] {logging_mixin.py:190} INFO - [2024-10-06T22:53:03.966+0000] {dag.py:4156} INFO - Setting next_dagrun for example_subdag_operator to 2022-01-01 00:00:00+00:00, run_after=2022-01-01 00:00:00+00:00
[2024-10-06T22:53:03.971+0000] {logging_mixin.py:190} INFO - [2024-10-06T22:53:03.971+0000] {dag.py:4156} INFO - Setting next_dagrun for example_subdag_operator.section-1 to None, run_after=None
[2024-10-06T22:53:03.973+0000] {logging_mixin.py:190} INFO - [2024-10-06T22:53:03.973+0000] {dag.py:4156} INFO - Setting next_dagrun for example_subdag_operator.section-2 to None, run_after=None
[2024-10-06T22:53:03.976+0000] {logging_mixin.py:190} INFO - [2024-10-06T22:53:03.976+0000] {dag.py:3229} INFO - Sync 2 DAGs
[2024-10-06T22:53:03.979+0000] {logging_mixin.py:190} INFO - [2024-10-06T22:53:03.979+0000] {dag.py:4156} INFO - Setting next_dagrun for example_subdag_operator.section-1 to None, run_after=None
[2024-10-06T22:53:03.979+0000] {logging_mixin.py:190} INFO - [2024-10-06T22:53:03.979+0000] {dag.py:4156} INFO - Setting next_dagrun for example_subdag_operator.section-2 to None, run_after=None
[2024-10-06T22:53:03.985+0000] {processor.py:208} INFO - Processing /home/airflow/.local/lib/python3.12/site-packages/airflow/example_dags/example_subdag_operator.py took 0.059 seconds
[2024-10-06T23:21:12.621+0000] {processor.py:186} INFO - Started process (PID=26697) to work on /home/airflow/.local/lib/python3.12/site-packages/airflow/example_dags/example_subdag_operator.py
[2024-10-06T23:21:12.623+0000] {processor.py:914} INFO - Processing file /home/airflow/.local/lib/python3.12/site-packages/airflow/example_dags/example_subdag_operator.py for tasks to queue
[2024-10-06T23:21:12.624+0000] {logging_mixin.py:190} INFO - [2024-10-06T23:21:12.623+0000] {dagbag.py:587} INFO - Filling up the DagBag from /home/airflow/.local/lib/python3.12/site-packages/airflow/example_dags/example_subdag_operator.py
[2024-10-06T23:21:12.640+0000] {processor.py:925} INFO - DAG(s) 'example_subdag_operator.section-1', 'example_subdag_operator.section-2', 'example_subdag_operator' retrieved from /home/airflow/.local/lib/python3.12/site-packages/airflow/example_dags/example_subdag_operator.py
[2024-10-06T23:21:12.652+0000] {logging_mixin.py:190} INFO - [2024-10-06T23:21:12.652+0000] {dag.py:3229} INFO - Sync 3 DAGs
[2024-10-06T23:21:12.664+0000] {logging_mixin.py:190} INFO - [2024-10-06T23:21:12.664+0000] {dag.py:4156} INFO - Setting next_dagrun for example_subdag_operator to 2022-01-01 00:00:00+00:00, run_after=2022-01-01 00:00:00+00:00
[2024-10-06T23:21:12.666+0000] {logging_mixin.py:190} INFO - [2024-10-06T23:21:12.666+0000] {dag.py:4156} INFO - Setting next_dagrun for example_subdag_operator.section-1 to None, run_after=None
[2024-10-06T23:21:12.666+0000] {logging_mixin.py:190} INFO - [2024-10-06T23:21:12.666+0000] {dag.py:4156} INFO - Setting next_dagrun for example_subdag_operator.section-2 to None, run_after=None
[2024-10-06T23:21:12.669+0000] {logging_mixin.py:190} INFO - [2024-10-06T23:21:12.669+0000] {dag.py:3229} INFO - Sync 2 DAGs
[2024-10-06T23:21:12.672+0000] {logging_mixin.py:190} INFO - [2024-10-06T23:21:12.671+0000] {dag.py:4156} INFO - Setting next_dagrun for example_subdag_operator.section-1 to None, run_after=None
[2024-10-06T23:21:12.672+0000] {logging_mixin.py:190} INFO - [2024-10-06T23:21:12.672+0000] {dag.py:4156} INFO - Setting next_dagrun for example_subdag_operator.section-2 to None, run_after=None
[2024-10-06T23:21:12.676+0000] {processor.py:208} INFO - Processing /home/airflow/.local/lib/python3.12/site-packages/airflow/example_dags/example_subdag_operator.py took 0.057 seconds
[2024-10-06T23:39:13.900+0000] {processor.py:186} INFO - Started process (PID=26767) to work on /home/airflow/.local/lib/python3.12/site-packages/airflow/example_dags/example_subdag_operator.py
[2024-10-06T23:39:13.901+0000] {processor.py:914} INFO - Processing file /home/airflow/.local/lib/python3.12/site-packages/airflow/example_dags/example_subdag_operator.py for tasks to queue
[2024-10-06T23:39:13.902+0000] {logging_mixin.py:190} INFO - [2024-10-06T23:39:13.902+0000] {dagbag.py:587} INFO - Filling up the DagBag from /home/airflow/.local/lib/python3.12/site-packages/airflow/example_dags/example_subdag_operator.py
[2024-10-06T23:39:13.961+0000] {processor.py:925} INFO - DAG(s) 'example_subdag_operator.section-1', 'example_subdag_operator.section-2', 'example_subdag_operator' retrieved from /home/airflow/.local/lib/python3.12/site-packages/airflow/example_dags/example_subdag_operator.py
[2024-10-06T23:39:13.970+0000] {logging_mixin.py:190} INFO - [2024-10-06T23:39:13.970+0000] {dag.py:3229} INFO - Sync 3 DAGs
[2024-10-06T23:39:13.995+0000] {logging_mixin.py:190} INFO - [2024-10-06T23:39:13.995+0000] {dag.py:4156} INFO - Setting next_dagrun for example_subdag_operator to 2022-01-01 00:00:00+00:00, run_after=2022-01-01 00:00:00+00:00
[2024-10-06T23:39:14.001+0000] {logging_mixin.py:190} INFO - [2024-10-06T23:39:14.000+0000] {dag.py:4156} INFO - Setting next_dagrun for example_subdag_operator.section-1 to None, run_after=None
[2024-10-06T23:39:14.002+0000] {logging_mixin.py:190} INFO - [2024-10-06T23:39:14.001+0000] {dag.py:4156} INFO - Setting next_dagrun for example_subdag_operator.section-2 to None, run_after=None
[2024-10-06T23:39:14.009+0000] {logging_mixin.py:190} INFO - [2024-10-06T23:39:14.009+0000] {dag.py:3229} INFO - Sync 2 DAGs
[2024-10-06T23:39:14.020+0000] {logging_mixin.py:190} INFO - [2024-10-06T23:39:14.019+0000] {dag.py:4156} INFO - Setting next_dagrun for example_subdag_operator.section-1 to None, run_after=None
[2024-10-06T23:39:14.020+0000] {logging_mixin.py:190} INFO - [2024-10-06T23:39:14.020+0000] {dag.py:4156} INFO - Setting next_dagrun for example_subdag_operator.section-2 to None, run_after=None
[2024-10-06T23:39:14.033+0000] {processor.py:208} INFO - Processing /home/airflow/.local/lib/python3.12/site-packages/airflow/example_dags/example_subdag_operator.py took 0.137 seconds
