[2024-10-06T00:50:48.258+0000] {processor.py:186} INFO - Started process (PID=24114) to work on /home/airflow/.local/lib/python3.12/site-packages/airflow/example_dags/example_local_kubernetes_executor.py
[2024-10-06T00:50:48.259+0000] {processor.py:914} INFO - Processing file /home/airflow/.local/lib/python3.12/site-packages/airflow/example_dags/example_local_kubernetes_executor.py for tasks to queue
[2024-10-06T00:50:48.261+0000] {logging_mixin.py:190} INFO - [2024-10-06T00:50:48.260+0000] {dagbag.py:587} INFO - Filling up the DagBag from /home/airflow/.local/lib/python3.12/site-packages/airflow/example_dags/example_local_kubernetes_executor.py
[2024-10-06T00:50:48.270+0000] {processor.py:925} INFO - DAG(s) 'example_local_kubernetes_executor' retrieved from /home/airflow/.local/lib/python3.12/site-packages/airflow/example_dags/example_local_kubernetes_executor.py
[2024-10-06T00:50:48.292+0000] {logging_mixin.py:190} INFO - [2024-10-06T00:50:48.292+0000] {dag.py:3229} INFO - Sync 1 DAGs
[2024-10-06T00:50:48.300+0000] {logging_mixin.py:190} INFO - [2024-10-06T00:50:48.300+0000] {dag.py:4156} INFO - Setting next_dagrun for example_local_kubernetes_executor to None, run_after=None
[2024-10-06T00:50:48.312+0000] {processor.py:208} INFO - Processing /home/airflow/.local/lib/python3.12/site-packages/airflow/example_dags/example_local_kubernetes_executor.py took 0.057 seconds
[2024-10-06T00:51:18.830+0000] {processor.py:186} INFO - Started process (PID=24184) to work on /home/airflow/.local/lib/python3.12/site-packages/airflow/example_dags/example_local_kubernetes_executor.py
[2024-10-06T00:51:18.835+0000] {processor.py:914} INFO - Processing file /home/airflow/.local/lib/python3.12/site-packages/airflow/example_dags/example_local_kubernetes_executor.py for tasks to queue
[2024-10-06T00:51:18.836+0000] {logging_mixin.py:190} INFO - [2024-10-06T00:51:18.836+0000] {dagbag.py:587} INFO - Filling up the DagBag from /home/airflow/.local/lib/python3.12/site-packages/airflow/example_dags/example_local_kubernetes_executor.py
[2024-10-06T00:51:18.847+0000] {processor.py:925} INFO - DAG(s) 'example_local_kubernetes_executor' retrieved from /home/airflow/.local/lib/python3.12/site-packages/airflow/example_dags/example_local_kubernetes_executor.py
[2024-10-06T00:51:18.872+0000] {logging_mixin.py:190} INFO - [2024-10-06T00:51:18.872+0000] {dag.py:3229} INFO - Sync 1 DAGs
[2024-10-06T00:51:18.882+0000] {logging_mixin.py:190} INFO - [2024-10-06T00:51:18.882+0000] {dag.py:4156} INFO - Setting next_dagrun for example_local_kubernetes_executor to None, run_after=None
[2024-10-06T00:51:18.890+0000] {processor.py:208} INFO - Processing /home/airflow/.local/lib/python3.12/site-packages/airflow/example_dags/example_local_kubernetes_executor.py took 0.071 seconds
[2024-10-06T01:51:42.917+0000] {processor.py:186} INFO - Started process (PID=24253) to work on /home/airflow/.local/lib/python3.12/site-packages/airflow/example_dags/example_local_kubernetes_executor.py
[2024-10-06T01:51:42.920+0000] {processor.py:914} INFO - Processing file /home/airflow/.local/lib/python3.12/site-packages/airflow/example_dags/example_local_kubernetes_executor.py for tasks to queue
[2024-10-06T01:51:42.921+0000] {logging_mixin.py:190} INFO - [2024-10-06T01:51:42.921+0000] {dagbag.py:587} INFO - Filling up the DagBag from /home/airflow/.local/lib/python3.12/site-packages/airflow/example_dags/example_local_kubernetes_executor.py
[2024-10-06T01:51:42.928+0000] {processor.py:925} INFO - DAG(s) 'example_local_kubernetes_executor' retrieved from /home/airflow/.local/lib/python3.12/site-packages/airflow/example_dags/example_local_kubernetes_executor.py
[2024-10-06T01:51:42.951+0000] {logging_mixin.py:190} INFO - [2024-10-06T01:51:42.951+0000] {dag.py:3229} INFO - Sync 1 DAGs
[2024-10-06T01:51:42.958+0000] {logging_mixin.py:190} INFO - [2024-10-06T01:51:42.958+0000] {dag.py:4156} INFO - Setting next_dagrun for example_local_kubernetes_executor to None, run_after=None
[2024-10-06T01:51:42.967+0000] {processor.py:208} INFO - Processing /home/airflow/.local/lib/python3.12/site-packages/airflow/example_dags/example_local_kubernetes_executor.py took 0.053 seconds
[2024-10-06T02:42:32.851+0000] {processor.py:186} INFO - Started process (PID=24322) to work on /home/airflow/.local/lib/python3.12/site-packages/airflow/example_dags/example_local_kubernetes_executor.py
[2024-10-06T02:42:32.851+0000] {processor.py:914} INFO - Processing file /home/airflow/.local/lib/python3.12/site-packages/airflow/example_dags/example_local_kubernetes_executor.py for tasks to queue
[2024-10-06T02:42:32.852+0000] {logging_mixin.py:190} INFO - [2024-10-06T02:42:32.852+0000] {dagbag.py:587} INFO - Filling up the DagBag from /home/airflow/.local/lib/python3.12/site-packages/airflow/example_dags/example_local_kubernetes_executor.py
[2024-10-06T02:42:32.857+0000] {processor.py:925} INFO - DAG(s) 'example_local_kubernetes_executor' retrieved from /home/airflow/.local/lib/python3.12/site-packages/airflow/example_dags/example_local_kubernetes_executor.py
[2024-10-06T02:42:32.883+0000] {logging_mixin.py:190} INFO - [2024-10-06T02:42:32.883+0000] {dag.py:3229} INFO - Sync 1 DAGs
[2024-10-06T02:42:32.894+0000] {logging_mixin.py:190} INFO - [2024-10-06T02:42:32.894+0000] {dag.py:4156} INFO - Setting next_dagrun for example_local_kubernetes_executor to None, run_after=None
[2024-10-06T02:42:32.910+0000] {processor.py:208} INFO - Processing /home/airflow/.local/lib/python3.12/site-packages/airflow/example_dags/example_local_kubernetes_executor.py took 0.062 seconds
[2024-10-06T03:10:37.599+0000] {processor.py:186} INFO - Started process (PID=24392) to work on /home/airflow/.local/lib/python3.12/site-packages/airflow/example_dags/example_local_kubernetes_executor.py
[2024-10-06T03:10:37.601+0000] {processor.py:914} INFO - Processing file /home/airflow/.local/lib/python3.12/site-packages/airflow/example_dags/example_local_kubernetes_executor.py for tasks to queue
[2024-10-06T03:10:37.601+0000] {logging_mixin.py:190} INFO - [2024-10-06T03:10:37.601+0000] {dagbag.py:587} INFO - Filling up the DagBag from /home/airflow/.local/lib/python3.12/site-packages/airflow/example_dags/example_local_kubernetes_executor.py
[2024-10-06T03:10:37.614+0000] {processor.py:925} INFO - DAG(s) 'example_local_kubernetes_executor' retrieved from /home/airflow/.local/lib/python3.12/site-packages/airflow/example_dags/example_local_kubernetes_executor.py
[2024-10-06T03:10:37.645+0000] {logging_mixin.py:190} INFO - [2024-10-06T03:10:37.645+0000] {dag.py:3229} INFO - Sync 1 DAGs
[2024-10-06T03:10:37.653+0000] {logging_mixin.py:190} INFO - [2024-10-06T03:10:37.653+0000] {dag.py:4156} INFO - Setting next_dagrun for example_local_kubernetes_executor to None, run_after=None
[2024-10-06T03:10:37.661+0000] {processor.py:208} INFO - Processing /home/airflow/.local/lib/python3.12/site-packages/airflow/example_dags/example_local_kubernetes_executor.py took 0.065 seconds
[2024-10-06T03:53:54.658+0000] {processor.py:186} INFO - Started process (PID=24462) to work on /home/airflow/.local/lib/python3.12/site-packages/airflow/example_dags/example_local_kubernetes_executor.py
[2024-10-06T03:53:54.659+0000] {processor.py:914} INFO - Processing file /home/airflow/.local/lib/python3.12/site-packages/airflow/example_dags/example_local_kubernetes_executor.py for tasks to queue
[2024-10-06T03:53:54.661+0000] {logging_mixin.py:190} INFO - [2024-10-06T03:53:54.660+0000] {dagbag.py:587} INFO - Filling up the DagBag from /home/airflow/.local/lib/python3.12/site-packages/airflow/example_dags/example_local_kubernetes_executor.py
[2024-10-06T03:53:54.673+0000] {processor.py:925} INFO - DAG(s) 'example_local_kubernetes_executor' retrieved from /home/airflow/.local/lib/python3.12/site-packages/airflow/example_dags/example_local_kubernetes_executor.py
[2024-10-06T03:53:54.720+0000] {logging_mixin.py:190} INFO - [2024-10-06T03:53:54.718+0000] {dag.py:3229} INFO - Sync 1 DAGs
[2024-10-06T03:53:54.751+0000] {logging_mixin.py:190} INFO - [2024-10-06T03:53:54.750+0000] {dag.py:4156} INFO - Setting next_dagrun for example_local_kubernetes_executor to None, run_after=None
[2024-10-06T03:53:54.768+0000] {processor.py:208} INFO - Processing /home/airflow/.local/lib/python3.12/site-packages/airflow/example_dags/example_local_kubernetes_executor.py took 0.114 seconds
[2024-10-06T04:44:17.373+0000] {processor.py:186} INFO - Started process (PID=24532) to work on /home/airflow/.local/lib/python3.12/site-packages/airflow/example_dags/example_local_kubernetes_executor.py
[2024-10-06T04:44:17.375+0000] {processor.py:914} INFO - Processing file /home/airflow/.local/lib/python3.12/site-packages/airflow/example_dags/example_local_kubernetes_executor.py for tasks to queue
[2024-10-06T04:44:17.375+0000] {logging_mixin.py:190} INFO - [2024-10-06T04:44:17.375+0000] {dagbag.py:587} INFO - Filling up the DagBag from /home/airflow/.local/lib/python3.12/site-packages/airflow/example_dags/example_local_kubernetes_executor.py
[2024-10-06T04:44:17.389+0000] {processor.py:925} INFO - DAG(s) 'example_local_kubernetes_executor' retrieved from /home/airflow/.local/lib/python3.12/site-packages/airflow/example_dags/example_local_kubernetes_executor.py
[2024-10-06T04:44:17.431+0000] {logging_mixin.py:190} INFO - [2024-10-06T04:44:17.431+0000] {dag.py:3229} INFO - Sync 1 DAGs
[2024-10-06T04:44:17.457+0000] {logging_mixin.py:190} INFO - [2024-10-06T04:44:17.457+0000] {dag.py:4156} INFO - Setting next_dagrun for example_local_kubernetes_executor to None, run_after=None
[2024-10-06T04:44:17.474+0000] {processor.py:208} INFO - Processing /home/airflow/.local/lib/python3.12/site-packages/airflow/example_dags/example_local_kubernetes_executor.py took 0.106 seconds
[2024-10-06T05:45:11.389+0000] {processor.py:186} INFO - Started process (PID=24602) to work on /home/airflow/.local/lib/python3.12/site-packages/airflow/example_dags/example_local_kubernetes_executor.py
[2024-10-06T05:45:11.390+0000] {processor.py:914} INFO - Processing file /home/airflow/.local/lib/python3.12/site-packages/airflow/example_dags/example_local_kubernetes_executor.py for tasks to queue
[2024-10-06T05:45:11.391+0000] {logging_mixin.py:190} INFO - [2024-10-06T05:45:11.391+0000] {dagbag.py:587} INFO - Filling up the DagBag from /home/airflow/.local/lib/python3.12/site-packages/airflow/example_dags/example_local_kubernetes_executor.py
[2024-10-06T05:45:11.396+0000] {processor.py:925} INFO - DAG(s) 'example_local_kubernetes_executor' retrieved from /home/airflow/.local/lib/python3.12/site-packages/airflow/example_dags/example_local_kubernetes_executor.py
[2024-10-06T05:45:11.414+0000] {logging_mixin.py:190} INFO - [2024-10-06T05:45:11.414+0000] {dag.py:3229} INFO - Sync 1 DAGs
[2024-10-06T05:45:11.423+0000] {logging_mixin.py:190} INFO - [2024-10-06T05:45:11.423+0000] {dag.py:4156} INFO - Setting next_dagrun for example_local_kubernetes_executor to None, run_after=None
[2024-10-06T05:45:11.432+0000] {processor.py:208} INFO - Processing /home/airflow/.local/lib/python3.12/site-packages/airflow/example_dags/example_local_kubernetes_executor.py took 0.046 seconds
[2024-10-06T06:27:12.035+0000] {processor.py:186} INFO - Started process (PID=24672) to work on /home/airflow/.local/lib/python3.12/site-packages/airflow/example_dags/example_local_kubernetes_executor.py
[2024-10-06T06:27:12.037+0000] {processor.py:914} INFO - Processing file /home/airflow/.local/lib/python3.12/site-packages/airflow/example_dags/example_local_kubernetes_executor.py for tasks to queue
[2024-10-06T06:27:12.037+0000] {logging_mixin.py:190} INFO - [2024-10-06T06:27:12.037+0000] {dagbag.py:587} INFO - Filling up the DagBag from /home/airflow/.local/lib/python3.12/site-packages/airflow/example_dags/example_local_kubernetes_executor.py
[2024-10-06T06:27:12.045+0000] {processor.py:925} INFO - DAG(s) 'example_local_kubernetes_executor' retrieved from /home/airflow/.local/lib/python3.12/site-packages/airflow/example_dags/example_local_kubernetes_executor.py
[2024-10-06T06:27:12.071+0000] {logging_mixin.py:190} INFO - [2024-10-06T06:27:12.071+0000] {dag.py:3229} INFO - Sync 1 DAGs
[2024-10-06T06:27:12.079+0000] {logging_mixin.py:190} INFO - [2024-10-06T06:27:12.079+0000] {dag.py:4156} INFO - Setting next_dagrun for example_local_kubernetes_executor to None, run_after=None
[2024-10-06T06:27:12.088+0000] {processor.py:208} INFO - Processing /home/airflow/.local/lib/python3.12/site-packages/airflow/example_dags/example_local_kubernetes_executor.py took 0.059 seconds
[2024-10-06T06:56:41.590+0000] {processor.py:186} INFO - Started process (PID=24742) to work on /home/airflow/.local/lib/python3.12/site-packages/airflow/example_dags/example_local_kubernetes_executor.py
[2024-10-06T06:56:41.592+0000] {processor.py:914} INFO - Processing file /home/airflow/.local/lib/python3.12/site-packages/airflow/example_dags/example_local_kubernetes_executor.py for tasks to queue
[2024-10-06T06:56:41.593+0000] {logging_mixin.py:190} INFO - [2024-10-06T06:56:41.593+0000] {dagbag.py:587} INFO - Filling up the DagBag from /home/airflow/.local/lib/python3.12/site-packages/airflow/example_dags/example_local_kubernetes_executor.py
[2024-10-06T06:56:41.601+0000] {processor.py:925} INFO - DAG(s) 'example_local_kubernetes_executor' retrieved from /home/airflow/.local/lib/python3.12/site-packages/airflow/example_dags/example_local_kubernetes_executor.py
[2024-10-06T06:56:41.633+0000] {logging_mixin.py:190} INFO - [2024-10-06T06:56:41.633+0000] {dag.py:3229} INFO - Sync 1 DAGs
[2024-10-06T06:56:41.645+0000] {logging_mixin.py:190} INFO - [2024-10-06T06:56:41.645+0000] {dag.py:4156} INFO - Setting next_dagrun for example_local_kubernetes_executor to None, run_after=None
[2024-10-06T06:56:41.656+0000] {processor.py:208} INFO - Processing /home/airflow/.local/lib/python3.12/site-packages/airflow/example_dags/example_local_kubernetes_executor.py took 0.072 seconds
[2024-10-06T07:29:04.905+0000] {processor.py:186} INFO - Started process (PID=24812) to work on /home/airflow/.local/lib/python3.12/site-packages/airflow/example_dags/example_local_kubernetes_executor.py
[2024-10-06T07:29:04.908+0000] {processor.py:914} INFO - Processing file /home/airflow/.local/lib/python3.12/site-packages/airflow/example_dags/example_local_kubernetes_executor.py for tasks to queue
[2024-10-06T07:29:04.913+0000] {logging_mixin.py:190} INFO - [2024-10-06T07:29:04.913+0000] {dagbag.py:587} INFO - Filling up the DagBag from /home/airflow/.local/lib/python3.12/site-packages/airflow/example_dags/example_local_kubernetes_executor.py
[2024-10-06T07:29:04.927+0000] {processor.py:925} INFO - DAG(s) 'example_local_kubernetes_executor' retrieved from /home/airflow/.local/lib/python3.12/site-packages/airflow/example_dags/example_local_kubernetes_executor.py
[2024-10-06T07:29:04.950+0000] {logging_mixin.py:190} INFO - [2024-10-06T07:29:04.950+0000] {dag.py:3229} INFO - Sync 1 DAGs
[2024-10-06T07:29:04.958+0000] {logging_mixin.py:190} INFO - [2024-10-06T07:29:04.958+0000] {dag.py:4156} INFO - Setting next_dagrun for example_local_kubernetes_executor to None, run_after=None
[2024-10-06T07:29:04.968+0000] {processor.py:208} INFO - Processing /home/airflow/.local/lib/python3.12/site-packages/airflow/example_dags/example_local_kubernetes_executor.py took 0.067 seconds
[2024-10-06T07:57:58.397+0000] {processor.py:186} INFO - Started process (PID=24882) to work on /home/airflow/.local/lib/python3.12/site-packages/airflow/example_dags/example_local_kubernetes_executor.py
[2024-10-06T07:57:58.398+0000] {processor.py:914} INFO - Processing file /home/airflow/.local/lib/python3.12/site-packages/airflow/example_dags/example_local_kubernetes_executor.py for tasks to queue
[2024-10-06T07:57:58.399+0000] {logging_mixin.py:190} INFO - [2024-10-06T07:57:58.399+0000] {dagbag.py:587} INFO - Filling up the DagBag from /home/airflow/.local/lib/python3.12/site-packages/airflow/example_dags/example_local_kubernetes_executor.py
[2024-10-06T07:57:58.406+0000] {processor.py:925} INFO - DAG(s) 'example_local_kubernetes_executor' retrieved from /home/airflow/.local/lib/python3.12/site-packages/airflow/example_dags/example_local_kubernetes_executor.py
[2024-10-06T07:57:58.425+0000] {logging_mixin.py:190} INFO - [2024-10-06T07:57:58.425+0000] {dag.py:3229} INFO - Sync 1 DAGs
[2024-10-06T07:57:58.433+0000] {logging_mixin.py:190} INFO - [2024-10-06T07:57:58.433+0000] {dag.py:4156} INFO - Setting next_dagrun for example_local_kubernetes_executor to None, run_after=None
[2024-10-06T07:57:58.445+0000] {processor.py:208} INFO - Processing /home/airflow/.local/lib/python3.12/site-packages/airflow/example_dags/example_local_kubernetes_executor.py took 0.052 seconds
[2024-10-06T08:03:00.266+0000] {processor.py:186} INFO - Started process (PID=24952) to work on /home/airflow/.local/lib/python3.12/site-packages/airflow/example_dags/example_local_kubernetes_executor.py
[2024-10-06T08:03:00.267+0000] {processor.py:914} INFO - Processing file /home/airflow/.local/lib/python3.12/site-packages/airflow/example_dags/example_local_kubernetes_executor.py for tasks to queue
[2024-10-06T08:03:00.268+0000] {logging_mixin.py:190} INFO - [2024-10-06T08:03:00.267+0000] {dagbag.py:587} INFO - Filling up the DagBag from /home/airflow/.local/lib/python3.12/site-packages/airflow/example_dags/example_local_kubernetes_executor.py
[2024-10-06T08:03:00.273+0000] {processor.py:925} INFO - DAG(s) 'example_local_kubernetes_executor' retrieved from /home/airflow/.local/lib/python3.12/site-packages/airflow/example_dags/example_local_kubernetes_executor.py
[2024-10-06T08:03:00.288+0000] {logging_mixin.py:190} INFO - [2024-10-06T08:03:00.287+0000] {dag.py:3229} INFO - Sync 1 DAGs
[2024-10-06T08:03:00.294+0000] {logging_mixin.py:190} INFO - [2024-10-06T08:03:00.294+0000] {dag.py:4156} INFO - Setting next_dagrun for example_local_kubernetes_executor to None, run_after=None
[2024-10-06T08:03:00.300+0000] {processor.py:208} INFO - Processing /home/airflow/.local/lib/python3.12/site-packages/airflow/example_dags/example_local_kubernetes_executor.py took 0.037 seconds
[2024-10-06T08:03:31.661+0000] {processor.py:186} INFO - Started process (PID=25022) to work on /home/airflow/.local/lib/python3.12/site-packages/airflow/example_dags/example_local_kubernetes_executor.py
[2024-10-06T08:03:31.662+0000] {processor.py:914} INFO - Processing file /home/airflow/.local/lib/python3.12/site-packages/airflow/example_dags/example_local_kubernetes_executor.py for tasks to queue
[2024-10-06T08:03:31.662+0000] {logging_mixin.py:190} INFO - [2024-10-06T08:03:31.662+0000] {dagbag.py:587} INFO - Filling up the DagBag from /home/airflow/.local/lib/python3.12/site-packages/airflow/example_dags/example_local_kubernetes_executor.py
[2024-10-06T08:03:31.673+0000] {processor.py:925} INFO - DAG(s) 'example_local_kubernetes_executor' retrieved from /home/airflow/.local/lib/python3.12/site-packages/airflow/example_dags/example_local_kubernetes_executor.py
[2024-10-06T08:03:31.704+0000] {logging_mixin.py:190} INFO - [2024-10-06T08:03:31.704+0000] {dag.py:3229} INFO - Sync 1 DAGs
[2024-10-06T08:03:31.722+0000] {logging_mixin.py:190} INFO - [2024-10-06T08:03:31.722+0000] {dag.py:4156} INFO - Setting next_dagrun for example_local_kubernetes_executor to None, run_after=None
[2024-10-06T08:03:31.750+0000] {processor.py:208} INFO - Processing /home/airflow/.local/lib/python3.12/site-packages/airflow/example_dags/example_local_kubernetes_executor.py took 0.092 seconds
[2024-10-06T09:43:49.674+0000] {processor.py:186} INFO - Started process (PID=25092) to work on /home/airflow/.local/lib/python3.12/site-packages/airflow/example_dags/example_local_kubernetes_executor.py
[2024-10-06T09:43:49.675+0000] {processor.py:914} INFO - Processing file /home/airflow/.local/lib/python3.12/site-packages/airflow/example_dags/example_local_kubernetes_executor.py for tasks to queue
[2024-10-06T09:43:49.676+0000] {logging_mixin.py:190} INFO - [2024-10-06T09:43:49.676+0000] {dagbag.py:587} INFO - Filling up the DagBag from /home/airflow/.local/lib/python3.12/site-packages/airflow/example_dags/example_local_kubernetes_executor.py
[2024-10-06T09:43:49.682+0000] {processor.py:925} INFO - DAG(s) 'example_local_kubernetes_executor' retrieved from /home/airflow/.local/lib/python3.12/site-packages/airflow/example_dags/example_local_kubernetes_executor.py
[2024-10-06T09:43:49.701+0000] {logging_mixin.py:190} INFO - [2024-10-06T09:43:49.701+0000] {dag.py:3229} INFO - Sync 1 DAGs
[2024-10-06T09:43:49.709+0000] {logging_mixin.py:190} INFO - [2024-10-06T09:43:49.709+0000] {dag.py:4156} INFO - Setting next_dagrun for example_local_kubernetes_executor to None, run_after=None
[2024-10-06T09:43:49.719+0000] {processor.py:208} INFO - Processing /home/airflow/.local/lib/python3.12/site-packages/airflow/example_dags/example_local_kubernetes_executor.py took 0.049 seconds
[2024-10-06T10:16:44.713+0000] {processor.py:186} INFO - Started process (PID=25161) to work on /home/airflow/.local/lib/python3.12/site-packages/airflow/example_dags/example_local_kubernetes_executor.py
[2024-10-06T10:16:44.715+0000] {processor.py:914} INFO - Processing file /home/airflow/.local/lib/python3.12/site-packages/airflow/example_dags/example_local_kubernetes_executor.py for tasks to queue
[2024-10-06T10:16:44.715+0000] {logging_mixin.py:190} INFO - [2024-10-06T10:16:44.715+0000] {dagbag.py:587} INFO - Filling up the DagBag from /home/airflow/.local/lib/python3.12/site-packages/airflow/example_dags/example_local_kubernetes_executor.py
[2024-10-06T10:16:44.722+0000] {processor.py:925} INFO - DAG(s) 'example_local_kubernetes_executor' retrieved from /home/airflow/.local/lib/python3.12/site-packages/airflow/example_dags/example_local_kubernetes_executor.py
[2024-10-06T10:16:44.744+0000] {logging_mixin.py:190} INFO - [2024-10-06T10:16:44.744+0000] {dag.py:3229} INFO - Sync 1 DAGs
[2024-10-06T10:16:44.752+0000] {logging_mixin.py:190} INFO - [2024-10-06T10:16:44.752+0000] {dag.py:4156} INFO - Setting next_dagrun for example_local_kubernetes_executor to None, run_after=None
[2024-10-06T10:16:44.761+0000] {processor.py:208} INFO - Processing /home/airflow/.local/lib/python3.12/site-packages/airflow/example_dags/example_local_kubernetes_executor.py took 0.051 seconds
[2024-10-06T11:20:57.327+0000] {processor.py:186} INFO - Started process (PID=25231) to work on /home/airflow/.local/lib/python3.12/site-packages/airflow/example_dags/example_local_kubernetes_executor.py
[2024-10-06T11:20:57.328+0000] {processor.py:914} INFO - Processing file /home/airflow/.local/lib/python3.12/site-packages/airflow/example_dags/example_local_kubernetes_executor.py for tasks to queue
[2024-10-06T11:20:57.329+0000] {logging_mixin.py:190} INFO - [2024-10-06T11:20:57.329+0000] {dagbag.py:587} INFO - Filling up the DagBag from /home/airflow/.local/lib/python3.12/site-packages/airflow/example_dags/example_local_kubernetes_executor.py
[2024-10-06T11:20:57.336+0000] {processor.py:925} INFO - DAG(s) 'example_local_kubernetes_executor' retrieved from /home/airflow/.local/lib/python3.12/site-packages/airflow/example_dags/example_local_kubernetes_executor.py
[2024-10-06T11:20:57.398+0000] {logging_mixin.py:190} INFO - [2024-10-06T11:20:57.398+0000] {dag.py:3229} INFO - Sync 1 DAGs
[2024-10-06T11:20:57.418+0000] {logging_mixin.py:190} INFO - [2024-10-06T11:20:57.417+0000] {dag.py:4156} INFO - Setting next_dagrun for example_local_kubernetes_executor to None, run_after=None
[2024-10-06T11:20:57.431+0000] {processor.py:208} INFO - Processing /home/airflow/.local/lib/python3.12/site-packages/airflow/example_dags/example_local_kubernetes_executor.py took 0.107 seconds
[2024-10-06T13:00:05.355+0000] {processor.py:186} INFO - Started process (PID=25301) to work on /home/airflow/.local/lib/python3.12/site-packages/airflow/example_dags/example_local_kubernetes_executor.py
[2024-10-06T13:00:05.355+0000] {processor.py:914} INFO - Processing file /home/airflow/.local/lib/python3.12/site-packages/airflow/example_dags/example_local_kubernetes_executor.py for tasks to queue
[2024-10-06T13:00:05.356+0000] {logging_mixin.py:190} INFO - [2024-10-06T13:00:05.356+0000] {dagbag.py:587} INFO - Filling up the DagBag from /home/airflow/.local/lib/python3.12/site-packages/airflow/example_dags/example_local_kubernetes_executor.py
[2024-10-06T13:00:05.365+0000] {processor.py:925} INFO - DAG(s) 'example_local_kubernetes_executor' retrieved from /home/airflow/.local/lib/python3.12/site-packages/airflow/example_dags/example_local_kubernetes_executor.py
[2024-10-06T13:00:05.381+0000] {logging_mixin.py:190} INFO - [2024-10-06T13:00:05.380+0000] {dag.py:3229} INFO - Sync 1 DAGs
[2024-10-06T13:00:05.393+0000] {logging_mixin.py:190} INFO - [2024-10-06T13:00:05.392+0000] {dag.py:4156} INFO - Setting next_dagrun for example_local_kubernetes_executor to None, run_after=None
[2024-10-06T13:00:05.403+0000] {processor.py:208} INFO - Processing /home/airflow/.local/lib/python3.12/site-packages/airflow/example_dags/example_local_kubernetes_executor.py took 0.052 seconds
[2024-10-06T13:48:16.822+0000] {processor.py:186} INFO - Started process (PID=25371) to work on /home/airflow/.local/lib/python3.12/site-packages/airflow/example_dags/example_local_kubernetes_executor.py
[2024-10-06T13:48:16.823+0000] {processor.py:914} INFO - Processing file /home/airflow/.local/lib/python3.12/site-packages/airflow/example_dags/example_local_kubernetes_executor.py for tasks to queue
[2024-10-06T13:48:16.824+0000] {logging_mixin.py:190} INFO - [2024-10-06T13:48:16.823+0000] {dagbag.py:587} INFO - Filling up the DagBag from /home/airflow/.local/lib/python3.12/site-packages/airflow/example_dags/example_local_kubernetes_executor.py
[2024-10-06T13:48:16.829+0000] {processor.py:925} INFO - DAG(s) 'example_local_kubernetes_executor' retrieved from /home/airflow/.local/lib/python3.12/site-packages/airflow/example_dags/example_local_kubernetes_executor.py
[2024-10-06T13:48:16.855+0000] {logging_mixin.py:190} INFO - [2024-10-06T13:48:16.855+0000] {dag.py:3229} INFO - Sync 1 DAGs
[2024-10-06T13:48:16.869+0000] {logging_mixin.py:190} INFO - [2024-10-06T13:48:16.869+0000] {dag.py:4156} INFO - Setting next_dagrun for example_local_kubernetes_executor to None, run_after=None
[2024-10-06T13:48:16.882+0000] {processor.py:208} INFO - Processing /home/airflow/.local/lib/python3.12/site-packages/airflow/example_dags/example_local_kubernetes_executor.py took 0.062 seconds
[2024-10-06T13:55:52.531+0000] {processor.py:186} INFO - Started process (PID=25441) to work on /home/airflow/.local/lib/python3.12/site-packages/airflow/example_dags/example_local_kubernetes_executor.py
[2024-10-06T13:55:52.532+0000] {processor.py:914} INFO - Processing file /home/airflow/.local/lib/python3.12/site-packages/airflow/example_dags/example_local_kubernetes_executor.py for tasks to queue
[2024-10-06T13:55:52.533+0000] {logging_mixin.py:190} INFO - [2024-10-06T13:55:52.533+0000] {dagbag.py:587} INFO - Filling up the DagBag from /home/airflow/.local/lib/python3.12/site-packages/airflow/example_dags/example_local_kubernetes_executor.py
[2024-10-06T13:55:52.542+0000] {processor.py:925} INFO - DAG(s) 'example_local_kubernetes_executor' retrieved from /home/airflow/.local/lib/python3.12/site-packages/airflow/example_dags/example_local_kubernetes_executor.py
[2024-10-06T13:55:52.582+0000] {logging_mixin.py:190} INFO - [2024-10-06T13:55:52.581+0000] {dag.py:3229} INFO - Sync 1 DAGs
[2024-10-06T13:55:52.597+0000] {logging_mixin.py:190} INFO - [2024-10-06T13:55:52.597+0000] {dag.py:4156} INFO - Setting next_dagrun for example_local_kubernetes_executor to None, run_after=None
[2024-10-06T13:55:52.631+0000] {processor.py:208} INFO - Processing /home/airflow/.local/lib/python3.12/site-packages/airflow/example_dags/example_local_kubernetes_executor.py took 0.108 seconds
[2024-10-06T14:56:51.883+0000] {processor.py:186} INFO - Started process (PID=25511) to work on /home/airflow/.local/lib/python3.12/site-packages/airflow/example_dags/example_local_kubernetes_executor.py
[2024-10-06T14:56:51.885+0000] {processor.py:914} INFO - Processing file /home/airflow/.local/lib/python3.12/site-packages/airflow/example_dags/example_local_kubernetes_executor.py for tasks to queue
[2024-10-06T14:56:51.887+0000] {logging_mixin.py:190} INFO - [2024-10-06T14:56:51.886+0000] {dagbag.py:587} INFO - Filling up the DagBag from /home/airflow/.local/lib/python3.12/site-packages/airflow/example_dags/example_local_kubernetes_executor.py
[2024-10-06T14:56:51.897+0000] {processor.py:925} INFO - DAG(s) 'example_local_kubernetes_executor' retrieved from /home/airflow/.local/lib/python3.12/site-packages/airflow/example_dags/example_local_kubernetes_executor.py
[2024-10-06T14:56:51.948+0000] {logging_mixin.py:190} INFO - [2024-10-06T14:56:51.947+0000] {dag.py:3229} INFO - Sync 1 DAGs
[2024-10-06T14:56:51.976+0000] {logging_mixin.py:190} INFO - [2024-10-06T14:56:51.976+0000] {dag.py:4156} INFO - Setting next_dagrun for example_local_kubernetes_executor to None, run_after=None
[2024-10-06T14:56:51.998+0000] {processor.py:208} INFO - Processing /home/airflow/.local/lib/python3.12/site-packages/airflow/example_dags/example_local_kubernetes_executor.py took 0.122 seconds
[2024-10-06T15:41:30.042+0000] {processor.py:186} INFO - Started process (PID=25581) to work on /home/airflow/.local/lib/python3.12/site-packages/airflow/example_dags/example_local_kubernetes_executor.py
[2024-10-06T15:41:30.045+0000] {processor.py:914} INFO - Processing file /home/airflow/.local/lib/python3.12/site-packages/airflow/example_dags/example_local_kubernetes_executor.py for tasks to queue
[2024-10-06T15:41:30.048+0000] {logging_mixin.py:190} INFO - [2024-10-06T15:41:30.047+0000] {dagbag.py:587} INFO - Filling up the DagBag from /home/airflow/.local/lib/python3.12/site-packages/airflow/example_dags/example_local_kubernetes_executor.py
[2024-10-06T15:41:30.086+0000] {processor.py:925} INFO - DAG(s) 'example_local_kubernetes_executor' retrieved from /home/airflow/.local/lib/python3.12/site-packages/airflow/example_dags/example_local_kubernetes_executor.py
[2024-10-06T15:41:30.134+0000] {logging_mixin.py:190} INFO - [2024-10-06T15:41:30.134+0000] {dag.py:3229} INFO - Sync 1 DAGs
[2024-10-06T15:41:30.144+0000] {logging_mixin.py:190} INFO - [2024-10-06T15:41:30.144+0000] {dag.py:4156} INFO - Setting next_dagrun for example_local_kubernetes_executor to None, run_after=None
[2024-10-06T15:41:30.172+0000] {processor.py:208} INFO - Processing /home/airflow/.local/lib/python3.12/site-packages/airflow/example_dags/example_local_kubernetes_executor.py took 0.137 seconds
[2024-10-06T16:15:55.981+0000] {processor.py:186} INFO - Started process (PID=25651) to work on /home/airflow/.local/lib/python3.12/site-packages/airflow/example_dags/example_local_kubernetes_executor.py
[2024-10-06T16:15:55.982+0000] {processor.py:914} INFO - Processing file /home/airflow/.local/lib/python3.12/site-packages/airflow/example_dags/example_local_kubernetes_executor.py for tasks to queue
[2024-10-06T16:15:55.983+0000] {logging_mixin.py:190} INFO - [2024-10-06T16:15:55.983+0000] {dagbag.py:587} INFO - Filling up the DagBag from /home/airflow/.local/lib/python3.12/site-packages/airflow/example_dags/example_local_kubernetes_executor.py
[2024-10-06T16:15:56.011+0000] {processor.py:925} INFO - DAG(s) 'example_local_kubernetes_executor' retrieved from /home/airflow/.local/lib/python3.12/site-packages/airflow/example_dags/example_local_kubernetes_executor.py
[2024-10-06T16:15:56.049+0000] {logging_mixin.py:190} INFO - [2024-10-06T16:15:56.049+0000] {dag.py:3229} INFO - Sync 1 DAGs
[2024-10-06T16:15:56.064+0000] {logging_mixin.py:190} INFO - [2024-10-06T16:15:56.064+0000] {dag.py:4156} INFO - Setting next_dagrun for example_local_kubernetes_executor to None, run_after=None
[2024-10-06T16:15:56.085+0000] {processor.py:208} INFO - Processing /home/airflow/.local/lib/python3.12/site-packages/airflow/example_dags/example_local_kubernetes_executor.py took 0.111 seconds
[2024-10-06T16:58:36.838+0000] {processor.py:186} INFO - Started process (PID=25721) to work on /home/airflow/.local/lib/python3.12/site-packages/airflow/example_dags/example_local_kubernetes_executor.py
[2024-10-06T16:58:36.846+0000] {processor.py:914} INFO - Processing file /home/airflow/.local/lib/python3.12/site-packages/airflow/example_dags/example_local_kubernetes_executor.py for tasks to queue
[2024-10-06T16:58:36.849+0000] {logging_mixin.py:190} INFO - [2024-10-06T16:58:36.849+0000] {dagbag.py:587} INFO - Filling up the DagBag from /home/airflow/.local/lib/python3.12/site-packages/airflow/example_dags/example_local_kubernetes_executor.py
[2024-10-06T16:58:36.900+0000] {processor.py:925} INFO - DAG(s) 'example_local_kubernetes_executor' retrieved from /home/airflow/.local/lib/python3.12/site-packages/airflow/example_dags/example_local_kubernetes_executor.py
[2024-10-06T16:58:36.983+0000] {logging_mixin.py:190} INFO - [2024-10-06T16:58:36.983+0000] {dag.py:3229} INFO - Sync 1 DAGs
[2024-10-06T16:58:37.009+0000] {logging_mixin.py:190} INFO - [2024-10-06T16:58:37.009+0000] {dag.py:4156} INFO - Setting next_dagrun for example_local_kubernetes_executor to None, run_after=None
[2024-10-06T16:58:37.065+0000] {processor.py:208} INFO - Processing /home/airflow/.local/lib/python3.12/site-packages/airflow/example_dags/example_local_kubernetes_executor.py took 0.245 seconds
[2024-10-06T16:59:07.091+0000] {processor.py:186} INFO - Started process (PID=25791) to work on /home/airflow/.local/lib/python3.12/site-packages/airflow/example_dags/example_local_kubernetes_executor.py
[2024-10-06T16:59:07.094+0000] {processor.py:914} INFO - Processing file /home/airflow/.local/lib/python3.12/site-packages/airflow/example_dags/example_local_kubernetes_executor.py for tasks to queue
[2024-10-06T16:59:07.096+0000] {logging_mixin.py:190} INFO - [2024-10-06T16:59:07.096+0000] {dagbag.py:587} INFO - Filling up the DagBag from /home/airflow/.local/lib/python3.12/site-packages/airflow/example_dags/example_local_kubernetes_executor.py
[2024-10-06T16:59:07.103+0000] {processor.py:925} INFO - DAG(s) 'example_local_kubernetes_executor' retrieved from /home/airflow/.local/lib/python3.12/site-packages/airflow/example_dags/example_local_kubernetes_executor.py
[2024-10-06T16:59:07.122+0000] {logging_mixin.py:190} INFO - [2024-10-06T16:59:07.122+0000] {dag.py:3229} INFO - Sync 1 DAGs
[2024-10-06T16:59:07.129+0000] {logging_mixin.py:190} INFO - [2024-10-06T16:59:07.129+0000] {dag.py:4156} INFO - Setting next_dagrun for example_local_kubernetes_executor to None, run_after=None
[2024-10-06T16:59:07.139+0000] {processor.py:208} INFO - Processing /home/airflow/.local/lib/python3.12/site-packages/airflow/example_dags/example_local_kubernetes_executor.py took 0.051 seconds
[2024-10-06T17:59:33.220+0000] {processor.py:186} INFO - Started process (PID=25860) to work on /home/airflow/.local/lib/python3.12/site-packages/airflow/example_dags/example_local_kubernetes_executor.py
[2024-10-06T17:59:33.222+0000] {processor.py:914} INFO - Processing file /home/airflow/.local/lib/python3.12/site-packages/airflow/example_dags/example_local_kubernetes_executor.py for tasks to queue
[2024-10-06T17:59:33.223+0000] {logging_mixin.py:190} INFO - [2024-10-06T17:59:33.222+0000] {dagbag.py:587} INFO - Filling up the DagBag from /home/airflow/.local/lib/python3.12/site-packages/airflow/example_dags/example_local_kubernetes_executor.py
[2024-10-06T17:59:33.229+0000] {processor.py:925} INFO - DAG(s) 'example_local_kubernetes_executor' retrieved from /home/airflow/.local/lib/python3.12/site-packages/airflow/example_dags/example_local_kubernetes_executor.py
[2024-10-06T17:59:33.248+0000] {logging_mixin.py:190} INFO - [2024-10-06T17:59:33.248+0000] {dag.py:3229} INFO - Sync 1 DAGs
[2024-10-06T17:59:33.255+0000] {logging_mixin.py:190} INFO - [2024-10-06T17:59:33.255+0000] {dag.py:4156} INFO - Setting next_dagrun for example_local_kubernetes_executor to None, run_after=None
[2024-10-06T17:59:33.266+0000] {processor.py:208} INFO - Processing /home/airflow/.local/lib/python3.12/site-packages/airflow/example_dags/example_local_kubernetes_executor.py took 0.050 seconds
[2024-10-06T18:17:02.142+0000] {processor.py:186} INFO - Started process (PID=25930) to work on /home/airflow/.local/lib/python3.12/site-packages/airflow/example_dags/example_local_kubernetes_executor.py
[2024-10-06T18:17:02.143+0000] {processor.py:914} INFO - Processing file /home/airflow/.local/lib/python3.12/site-packages/airflow/example_dags/example_local_kubernetes_executor.py for tasks to queue
[2024-10-06T18:17:02.144+0000] {logging_mixin.py:190} INFO - [2024-10-06T18:17:02.144+0000] {dagbag.py:587} INFO - Filling up the DagBag from /home/airflow/.local/lib/python3.12/site-packages/airflow/example_dags/example_local_kubernetes_executor.py
[2024-10-06T18:17:02.154+0000] {processor.py:925} INFO - DAG(s) 'example_local_kubernetes_executor' retrieved from /home/airflow/.local/lib/python3.12/site-packages/airflow/example_dags/example_local_kubernetes_executor.py
[2024-10-06T18:17:02.180+0000] {logging_mixin.py:190} INFO - [2024-10-06T18:17:02.180+0000] {dag.py:3229} INFO - Sync 1 DAGs
[2024-10-06T18:17:02.201+0000] {logging_mixin.py:190} INFO - [2024-10-06T18:17:02.200+0000] {dag.py:4156} INFO - Setting next_dagrun for example_local_kubernetes_executor to None, run_after=None
[2024-10-06T18:17:02.267+0000] {processor.py:208} INFO - Processing /home/airflow/.local/lib/python3.12/site-packages/airflow/example_dags/example_local_kubernetes_executor.py took 0.129 seconds
[2024-10-06T18:49:50.427+0000] {processor.py:186} INFO - Started process (PID=26000) to work on /home/airflow/.local/lib/python3.12/site-packages/airflow/example_dags/example_local_kubernetes_executor.py
[2024-10-06T18:49:50.431+0000] {processor.py:914} INFO - Processing file /home/airflow/.local/lib/python3.12/site-packages/airflow/example_dags/example_local_kubernetes_executor.py for tasks to queue
[2024-10-06T18:49:50.432+0000] {logging_mixin.py:190} INFO - [2024-10-06T18:49:50.432+0000] {dagbag.py:587} INFO - Filling up the DagBag from /home/airflow/.local/lib/python3.12/site-packages/airflow/example_dags/example_local_kubernetes_executor.py
[2024-10-06T18:49:50.438+0000] {processor.py:925} INFO - DAG(s) 'example_local_kubernetes_executor' retrieved from /home/airflow/.local/lib/python3.12/site-packages/airflow/example_dags/example_local_kubernetes_executor.py
[2024-10-06T18:49:50.459+0000] {logging_mixin.py:190} INFO - [2024-10-06T18:49:50.459+0000] {dag.py:3229} INFO - Sync 1 DAGs
[2024-10-06T18:49:50.467+0000] {logging_mixin.py:190} INFO - [2024-10-06T18:49:50.467+0000] {dag.py:4156} INFO - Setting next_dagrun for example_local_kubernetes_executor to None, run_after=None
[2024-10-06T18:49:50.476+0000] {processor.py:208} INFO - Processing /home/airflow/.local/lib/python3.12/site-packages/airflow/example_dags/example_local_kubernetes_executor.py took 0.051 seconds
[2024-10-06T19:00:34.042+0000] {processor.py:186} INFO - Started process (PID=26070) to work on /home/airflow/.local/lib/python3.12/site-packages/airflow/example_dags/example_local_kubernetes_executor.py
[2024-10-06T19:00:34.043+0000] {processor.py:914} INFO - Processing file /home/airflow/.local/lib/python3.12/site-packages/airflow/example_dags/example_local_kubernetes_executor.py for tasks to queue
[2024-10-06T19:00:34.044+0000] {logging_mixin.py:190} INFO - [2024-10-06T19:00:34.044+0000] {dagbag.py:587} INFO - Filling up the DagBag from /home/airflow/.local/lib/python3.12/site-packages/airflow/example_dags/example_local_kubernetes_executor.py
[2024-10-06T19:00:34.054+0000] {processor.py:925} INFO - DAG(s) 'example_local_kubernetes_executor' retrieved from /home/airflow/.local/lib/python3.12/site-packages/airflow/example_dags/example_local_kubernetes_executor.py
[2024-10-06T19:00:34.083+0000] {logging_mixin.py:190} INFO - [2024-10-06T19:00:34.083+0000] {dag.py:3229} INFO - Sync 1 DAGs
[2024-10-06T19:00:34.093+0000] {logging_mixin.py:190} INFO - [2024-10-06T19:00:34.093+0000] {dag.py:4156} INFO - Setting next_dagrun for example_local_kubernetes_executor to None, run_after=None
[2024-10-06T19:00:34.103+0000] {processor.py:208} INFO - Processing /home/airflow/.local/lib/python3.12/site-packages/airflow/example_dags/example_local_kubernetes_executor.py took 0.064 seconds
[2024-10-06T19:16:46.969+0000] {processor.py:186} INFO - Started process (PID=26140) to work on /home/airflow/.local/lib/python3.12/site-packages/airflow/example_dags/example_local_kubernetes_executor.py
[2024-10-06T19:16:46.974+0000] {processor.py:914} INFO - Processing file /home/airflow/.local/lib/python3.12/site-packages/airflow/example_dags/example_local_kubernetes_executor.py for tasks to queue
[2024-10-06T19:16:46.976+0000] {logging_mixin.py:190} INFO - [2024-10-06T19:16:46.975+0000] {dagbag.py:587} INFO - Filling up the DagBag from /home/airflow/.local/lib/python3.12/site-packages/airflow/example_dags/example_local_kubernetes_executor.py
[2024-10-06T19:16:46.987+0000] {processor.py:925} INFO - DAG(s) 'example_local_kubernetes_executor' retrieved from /home/airflow/.local/lib/python3.12/site-packages/airflow/example_dags/example_local_kubernetes_executor.py
[2024-10-06T19:16:47.013+0000] {logging_mixin.py:190} INFO - [2024-10-06T19:16:47.013+0000] {dag.py:3229} INFO - Sync 1 DAGs
[2024-10-06T19:16:47.022+0000] {logging_mixin.py:190} INFO - [2024-10-06T19:16:47.022+0000] {dag.py:4156} INFO - Setting next_dagrun for example_local_kubernetes_executor to None, run_after=None
[2024-10-06T19:16:47.035+0000] {processor.py:208} INFO - Processing /home/airflow/.local/lib/python3.12/site-packages/airflow/example_dags/example_local_kubernetes_executor.py took 0.076 seconds
[2024-10-06T20:01:51.271+0000] {processor.py:186} INFO - Started process (PID=26210) to work on /home/airflow/.local/lib/python3.12/site-packages/airflow/example_dags/example_local_kubernetes_executor.py
[2024-10-06T20:01:51.272+0000] {processor.py:914} INFO - Processing file /home/airflow/.local/lib/python3.12/site-packages/airflow/example_dags/example_local_kubernetes_executor.py for tasks to queue
[2024-10-06T20:01:51.272+0000] {logging_mixin.py:190} INFO - [2024-10-06T20:01:51.272+0000] {dagbag.py:587} INFO - Filling up the DagBag from /home/airflow/.local/lib/python3.12/site-packages/airflow/example_dags/example_local_kubernetes_executor.py
[2024-10-06T20:01:51.280+0000] {processor.py:925} INFO - DAG(s) 'example_local_kubernetes_executor' retrieved from /home/airflow/.local/lib/python3.12/site-packages/airflow/example_dags/example_local_kubernetes_executor.py
[2024-10-06T20:01:51.303+0000] {logging_mixin.py:190} INFO - [2024-10-06T20:01:51.303+0000] {dag.py:3229} INFO - Sync 1 DAGs
[2024-10-06T20:01:51.310+0000] {logging_mixin.py:190} INFO - [2024-10-06T20:01:51.310+0000] {dag.py:4156} INFO - Setting next_dagrun for example_local_kubernetes_executor to None, run_after=None
[2024-10-06T20:01:51.321+0000] {processor.py:208} INFO - Processing /home/airflow/.local/lib/python3.12/site-packages/airflow/example_dags/example_local_kubernetes_executor.py took 0.054 seconds
[2024-10-06T20:18:00.627+0000] {processor.py:186} INFO - Started process (PID=26280) to work on /home/airflow/.local/lib/python3.12/site-packages/airflow/example_dags/example_local_kubernetes_executor.py
[2024-10-06T20:18:00.632+0000] {processor.py:914} INFO - Processing file /home/airflow/.local/lib/python3.12/site-packages/airflow/example_dags/example_local_kubernetes_executor.py for tasks to queue
[2024-10-06T20:18:00.633+0000] {logging_mixin.py:190} INFO - [2024-10-06T20:18:00.633+0000] {dagbag.py:587} INFO - Filling up the DagBag from /home/airflow/.local/lib/python3.12/site-packages/airflow/example_dags/example_local_kubernetes_executor.py
[2024-10-06T20:18:00.643+0000] {processor.py:925} INFO - DAG(s) 'example_local_kubernetes_executor' retrieved from /home/airflow/.local/lib/python3.12/site-packages/airflow/example_dags/example_local_kubernetes_executor.py
[2024-10-06T20:18:00.664+0000] {logging_mixin.py:190} INFO - [2024-10-06T20:18:00.664+0000] {dag.py:3229} INFO - Sync 1 DAGs
[2024-10-06T20:18:00.674+0000] {logging_mixin.py:190} INFO - [2024-10-06T20:18:00.674+0000] {dag.py:4156} INFO - Setting next_dagrun for example_local_kubernetes_executor to None, run_after=None
[2024-10-06T20:18:00.688+0000] {processor.py:208} INFO - Processing /home/airflow/.local/lib/python3.12/site-packages/airflow/example_dags/example_local_kubernetes_executor.py took 0.065 seconds
[2024-10-06T20:51:50.453+0000] {processor.py:186} INFO - Started process (PID=26349) to work on /home/airflow/.local/lib/python3.12/site-packages/airflow/example_dags/example_local_kubernetes_executor.py
[2024-10-06T20:51:50.455+0000] {processor.py:914} INFO - Processing file /home/airflow/.local/lib/python3.12/site-packages/airflow/example_dags/example_local_kubernetes_executor.py for tasks to queue
[2024-10-06T20:51:50.456+0000] {logging_mixin.py:190} INFO - [2024-10-06T20:51:50.456+0000] {dagbag.py:587} INFO - Filling up the DagBag from /home/airflow/.local/lib/python3.12/site-packages/airflow/example_dags/example_local_kubernetes_executor.py
[2024-10-06T20:51:50.466+0000] {processor.py:925} INFO - DAG(s) 'example_local_kubernetes_executor' retrieved from /home/airflow/.local/lib/python3.12/site-packages/airflow/example_dags/example_local_kubernetes_executor.py
[2024-10-06T20:51:50.489+0000] {logging_mixin.py:190} INFO - [2024-10-06T20:51:50.489+0000] {dag.py:3229} INFO - Sync 1 DAGs
[2024-10-06T20:51:50.505+0000] {logging_mixin.py:190} INFO - [2024-10-06T20:51:50.505+0000] {dag.py:4156} INFO - Setting next_dagrun for example_local_kubernetes_executor to None, run_after=None
[2024-10-06T20:51:50.514+0000] {processor.py:208} INFO - Processing /home/airflow/.local/lib/python3.12/site-packages/airflow/example_dags/example_local_kubernetes_executor.py took 0.064 seconds
[2024-10-06T20:52:22.884+0000] {processor.py:186} INFO - Started process (PID=26420) to work on /home/airflow/.local/lib/python3.12/site-packages/airflow/example_dags/example_local_kubernetes_executor.py
[2024-10-06T20:52:22.887+0000] {processor.py:914} INFO - Processing file /home/airflow/.local/lib/python3.12/site-packages/airflow/example_dags/example_local_kubernetes_executor.py for tasks to queue
[2024-10-06T20:52:22.888+0000] {logging_mixin.py:190} INFO - [2024-10-06T20:52:22.888+0000] {dagbag.py:587} INFO - Filling up the DagBag from /home/airflow/.local/lib/python3.12/site-packages/airflow/example_dags/example_local_kubernetes_executor.py
[2024-10-06T20:52:22.895+0000] {processor.py:925} INFO - DAG(s) 'example_local_kubernetes_executor' retrieved from /home/airflow/.local/lib/python3.12/site-packages/airflow/example_dags/example_local_kubernetes_executor.py
[2024-10-06T20:52:22.910+0000] {logging_mixin.py:190} INFO - [2024-10-06T20:52:22.910+0000] {dag.py:3229} INFO - Sync 1 DAGs
[2024-10-06T20:52:22.916+0000] {logging_mixin.py:190} INFO - [2024-10-06T20:52:22.916+0000] {dag.py:4156} INFO - Setting next_dagrun for example_local_kubernetes_executor to None, run_after=None
[2024-10-06T20:52:22.927+0000] {processor.py:208} INFO - Processing /home/airflow/.local/lib/python3.12/site-packages/airflow/example_dags/example_local_kubernetes_executor.py took 0.046 seconds
[2024-10-06T21:19:21.539+0000] {processor.py:186} INFO - Started process (PID=26490) to work on /home/airflow/.local/lib/python3.12/site-packages/airflow/example_dags/example_local_kubernetes_executor.py
[2024-10-06T21:19:21.542+0000] {processor.py:914} INFO - Processing file /home/airflow/.local/lib/python3.12/site-packages/airflow/example_dags/example_local_kubernetes_executor.py for tasks to queue
[2024-10-06T21:19:21.544+0000] {logging_mixin.py:190} INFO - [2024-10-06T21:19:21.543+0000] {dagbag.py:587} INFO - Filling up the DagBag from /home/airflow/.local/lib/python3.12/site-packages/airflow/example_dags/example_local_kubernetes_executor.py
[2024-10-06T21:19:21.562+0000] {processor.py:925} INFO - DAG(s) 'example_local_kubernetes_executor' retrieved from /home/airflow/.local/lib/python3.12/site-packages/airflow/example_dags/example_local_kubernetes_executor.py
[2024-10-06T21:19:21.595+0000] {logging_mixin.py:190} INFO - [2024-10-06T21:19:21.594+0000] {dag.py:3229} INFO - Sync 1 DAGs
[2024-10-06T21:19:21.612+0000] {logging_mixin.py:190} INFO - [2024-10-06T21:19:21.612+0000] {dag.py:4156} INFO - Setting next_dagrun for example_local_kubernetes_executor to None, run_after=None
[2024-10-06T21:19:21.621+0000] {processor.py:208} INFO - Processing /home/airflow/.local/lib/python3.12/site-packages/airflow/example_dags/example_local_kubernetes_executor.py took 0.085 seconds
[2024-10-06T21:52:09.170+0000] {processor.py:186} INFO - Started process (PID=26560) to work on /home/airflow/.local/lib/python3.12/site-packages/airflow/example_dags/example_local_kubernetes_executor.py
[2024-10-06T21:52:09.171+0000] {processor.py:914} INFO - Processing file /home/airflow/.local/lib/python3.12/site-packages/airflow/example_dags/example_local_kubernetes_executor.py for tasks to queue
[2024-10-06T21:52:09.171+0000] {logging_mixin.py:190} INFO - [2024-10-06T21:52:09.171+0000] {dagbag.py:587} INFO - Filling up the DagBag from /home/airflow/.local/lib/python3.12/site-packages/airflow/example_dags/example_local_kubernetes_executor.py
[2024-10-06T21:52:09.180+0000] {processor.py:925} INFO - DAG(s) 'example_local_kubernetes_executor' retrieved from /home/airflow/.local/lib/python3.12/site-packages/airflow/example_dags/example_local_kubernetes_executor.py
[2024-10-06T21:52:09.210+0000] {logging_mixin.py:190} INFO - [2024-10-06T21:52:09.209+0000] {dag.py:3229} INFO - Sync 1 DAGs
[2024-10-06T21:52:09.220+0000] {logging_mixin.py:190} INFO - [2024-10-06T21:52:09.220+0000] {dag.py:4156} INFO - Setting next_dagrun for example_local_kubernetes_executor to None, run_after=None
[2024-10-06T21:52:09.234+0000] {processor.py:208} INFO - Processing /home/airflow/.local/lib/python3.12/site-packages/airflow/example_dags/example_local_kubernetes_executor.py took 0.067 seconds
[2024-10-06T22:53:04.001+0000] {processor.py:186} INFO - Started process (PID=26630) to work on /home/airflow/.local/lib/python3.12/site-packages/airflow/example_dags/example_local_kubernetes_executor.py
[2024-10-06T22:53:04.004+0000] {processor.py:914} INFO - Processing file /home/airflow/.local/lib/python3.12/site-packages/airflow/example_dags/example_local_kubernetes_executor.py for tasks to queue
[2024-10-06T22:53:04.004+0000] {logging_mixin.py:190} INFO - [2024-10-06T22:53:04.004+0000] {dagbag.py:587} INFO - Filling up the DagBag from /home/airflow/.local/lib/python3.12/site-packages/airflow/example_dags/example_local_kubernetes_executor.py
[2024-10-06T22:53:04.011+0000] {processor.py:925} INFO - DAG(s) 'example_local_kubernetes_executor' retrieved from /home/airflow/.local/lib/python3.12/site-packages/airflow/example_dags/example_local_kubernetes_executor.py
[2024-10-06T22:53:04.032+0000] {logging_mixin.py:190} INFO - [2024-10-06T22:53:04.032+0000] {dag.py:3229} INFO - Sync 1 DAGs
[2024-10-06T22:53:04.040+0000] {logging_mixin.py:190} INFO - [2024-10-06T22:53:04.040+0000] {dag.py:4156} INFO - Setting next_dagrun for example_local_kubernetes_executor to None, run_after=None
[2024-10-06T22:53:04.053+0000] {processor.py:208} INFO - Processing /home/airflow/.local/lib/python3.12/site-packages/airflow/example_dags/example_local_kubernetes_executor.py took 0.058 seconds
[2024-10-06T23:21:12.761+0000] {processor.py:186} INFO - Started process (PID=26700) to work on /home/airflow/.local/lib/python3.12/site-packages/airflow/example_dags/example_local_kubernetes_executor.py
[2024-10-06T23:21:12.762+0000] {processor.py:914} INFO - Processing file /home/airflow/.local/lib/python3.12/site-packages/airflow/example_dags/example_local_kubernetes_executor.py for tasks to queue
[2024-10-06T23:21:12.762+0000] {logging_mixin.py:190} INFO - [2024-10-06T23:21:12.762+0000] {dagbag.py:587} INFO - Filling up the DagBag from /home/airflow/.local/lib/python3.12/site-packages/airflow/example_dags/example_local_kubernetes_executor.py
[2024-10-06T23:21:12.768+0000] {processor.py:925} INFO - DAG(s) 'example_local_kubernetes_executor' retrieved from /home/airflow/.local/lib/python3.12/site-packages/airflow/example_dags/example_local_kubernetes_executor.py
[2024-10-06T23:21:12.800+0000] {logging_mixin.py:190} INFO - [2024-10-06T23:21:12.800+0000] {dag.py:3229} INFO - Sync 1 DAGs
[2024-10-06T23:21:12.812+0000] {logging_mixin.py:190} INFO - [2024-10-06T23:21:12.812+0000] {dag.py:4156} INFO - Setting next_dagrun for example_local_kubernetes_executor to None, run_after=None
[2024-10-06T23:21:12.833+0000] {processor.py:208} INFO - Processing /home/airflow/.local/lib/python3.12/site-packages/airflow/example_dags/example_local_kubernetes_executor.py took 0.075 seconds
[2024-10-06T23:39:14.075+0000] {processor.py:186} INFO - Started process (PID=26770) to work on /home/airflow/.local/lib/python3.12/site-packages/airflow/example_dags/example_local_kubernetes_executor.py
[2024-10-06T23:39:14.076+0000] {processor.py:914} INFO - Processing file /home/airflow/.local/lib/python3.12/site-packages/airflow/example_dags/example_local_kubernetes_executor.py for tasks to queue
[2024-10-06T23:39:14.077+0000] {logging_mixin.py:190} INFO - [2024-10-06T23:39:14.077+0000] {dagbag.py:587} INFO - Filling up the DagBag from /home/airflow/.local/lib/python3.12/site-packages/airflow/example_dags/example_local_kubernetes_executor.py
[2024-10-06T23:39:14.087+0000] {processor.py:925} INFO - DAG(s) 'example_local_kubernetes_executor' retrieved from /home/airflow/.local/lib/python3.12/site-packages/airflow/example_dags/example_local_kubernetes_executor.py
[2024-10-06T23:39:14.120+0000] {logging_mixin.py:190} INFO - [2024-10-06T23:39:14.119+0000] {dag.py:3229} INFO - Sync 1 DAGs
[2024-10-06T23:39:14.131+0000] {logging_mixin.py:190} INFO - [2024-10-06T23:39:14.131+0000] {dag.py:4156} INFO - Setting next_dagrun for example_local_kubernetes_executor to None, run_after=None
[2024-10-06T23:39:14.140+0000] {processor.py:208} INFO - Processing /home/airflow/.local/lib/python3.12/site-packages/airflow/example_dags/example_local_kubernetes_executor.py took 0.071 seconds
