[2024-10-06T00:50:47.979+0000] {processor.py:186} INFO - Started process (PID=24107) to work on /home/airflow/.local/lib/python3.12/site-packages/airflow/example_dags/tutorial.py
[2024-10-06T00:50:47.980+0000] {processor.py:914} INFO - Processing file /home/airflow/.local/lib/python3.12/site-packages/airflow/example_dags/tutorial.py for tasks to queue
[2024-10-06T00:50:47.981+0000] {logging_mixin.py:190} INFO - [2024-10-06T00:50:47.981+0000] {dagbag.py:587} INFO - Filling up the DagBag from /home/airflow/.local/lib/python3.12/site-packages/airflow/example_dags/tutorial.py
[2024-10-06T00:50:47.986+0000] {processor.py:925} INFO - DAG(s) 'tutorial' retrieved from /home/airflow/.local/lib/python3.12/site-packages/airflow/example_dags/tutorial.py
[2024-10-06T00:50:48.021+0000] {logging_mixin.py:190} INFO - [2024-10-06T00:50:48.021+0000] {dag.py:3229} INFO - Sync 1 DAGs
[2024-10-06T00:50:48.035+0000] {logging_mixin.py:190} INFO - [2024-10-06T00:50:48.035+0000] {dag.py:4156} INFO - Setting next_dagrun for tutorial to 2024-10-05 00:00:00+00:00, run_after=2024-10-06 00:00:00+00:00
[2024-10-06T00:50:48.060+0000] {processor.py:208} INFO - Processing /home/airflow/.local/lib/python3.12/site-packages/airflow/example_dags/tutorial.py took 0.084 seconds
[2024-10-06T00:51:18.588+0000] {processor.py:186} INFO - Started process (PID=24177) to work on /home/airflow/.local/lib/python3.12/site-packages/airflow/example_dags/tutorial.py
[2024-10-06T00:51:18.589+0000] {processor.py:914} INFO - Processing file /home/airflow/.local/lib/python3.12/site-packages/airflow/example_dags/tutorial.py for tasks to queue
[2024-10-06T00:51:18.590+0000] {logging_mixin.py:190} INFO - [2024-10-06T00:51:18.589+0000] {dagbag.py:587} INFO - Filling up the DagBag from /home/airflow/.local/lib/python3.12/site-packages/airflow/example_dags/tutorial.py
[2024-10-06T00:51:18.595+0000] {processor.py:925} INFO - DAG(s) 'tutorial' retrieved from /home/airflow/.local/lib/python3.12/site-packages/airflow/example_dags/tutorial.py
[2024-10-06T00:51:18.607+0000] {logging_mixin.py:190} INFO - [2024-10-06T00:51:18.607+0000] {dag.py:3229} INFO - Sync 1 DAGs
[2024-10-06T00:51:18.616+0000] {logging_mixin.py:190} INFO - [2024-10-06T00:51:18.616+0000] {dag.py:4156} INFO - Setting next_dagrun for tutorial to 2024-10-05 00:00:00+00:00, run_after=2024-10-06 00:00:00+00:00
[2024-10-06T00:51:18.628+0000] {processor.py:208} INFO - Processing /home/airflow/.local/lib/python3.12/site-packages/airflow/example_dags/tutorial.py took 0.043 seconds
[2024-10-06T01:51:42.700+0000] {processor.py:186} INFO - Started process (PID=24246) to work on /home/airflow/.local/lib/python3.12/site-packages/airflow/example_dags/tutorial.py
[2024-10-06T01:51:42.701+0000] {processor.py:914} INFO - Processing file /home/airflow/.local/lib/python3.12/site-packages/airflow/example_dags/tutorial.py for tasks to queue
[2024-10-06T01:51:42.702+0000] {logging_mixin.py:190} INFO - [2024-10-06T01:51:42.702+0000] {dagbag.py:587} INFO - Filling up the DagBag from /home/airflow/.local/lib/python3.12/site-packages/airflow/example_dags/tutorial.py
[2024-10-06T01:51:42.708+0000] {processor.py:925} INFO - DAG(s) 'tutorial' retrieved from /home/airflow/.local/lib/python3.12/site-packages/airflow/example_dags/tutorial.py
[2024-10-06T01:51:42.721+0000] {logging_mixin.py:190} INFO - [2024-10-06T01:51:42.721+0000] {dag.py:3229} INFO - Sync 1 DAGs
[2024-10-06T01:51:42.731+0000] {logging_mixin.py:190} INFO - [2024-10-06T01:51:42.731+0000] {dag.py:4156} INFO - Setting next_dagrun for tutorial to 2024-10-05 00:00:00+00:00, run_after=2024-10-06 00:00:00+00:00
[2024-10-06T01:51:42.741+0000] {processor.py:208} INFO - Processing /home/airflow/.local/lib/python3.12/site-packages/airflow/example_dags/tutorial.py took 0.045 seconds
[2024-10-06T02:42:32.609+0000] {processor.py:186} INFO - Started process (PID=24315) to work on /home/airflow/.local/lib/python3.12/site-packages/airflow/example_dags/tutorial.py
[2024-10-06T02:42:32.610+0000] {processor.py:914} INFO - Processing file /home/airflow/.local/lib/python3.12/site-packages/airflow/example_dags/tutorial.py for tasks to queue
[2024-10-06T02:42:32.611+0000] {logging_mixin.py:190} INFO - [2024-10-06T02:42:32.610+0000] {dagbag.py:587} INFO - Filling up the DagBag from /home/airflow/.local/lib/python3.12/site-packages/airflow/example_dags/tutorial.py
[2024-10-06T02:42:32.618+0000] {processor.py:925} INFO - DAG(s) 'tutorial' retrieved from /home/airflow/.local/lib/python3.12/site-packages/airflow/example_dags/tutorial.py
[2024-10-06T02:42:32.641+0000] {logging_mixin.py:190} INFO - [2024-10-06T02:42:32.641+0000] {dag.py:3229} INFO - Sync 1 DAGs
[2024-10-06T02:42:32.656+0000] {logging_mixin.py:190} INFO - [2024-10-06T02:42:32.656+0000] {dag.py:4156} INFO - Setting next_dagrun for tutorial to 2024-10-05 00:00:00+00:00, run_after=2024-10-06 00:00:00+00:00
[2024-10-06T02:42:32.669+0000] {processor.py:208} INFO - Processing /home/airflow/.local/lib/python3.12/site-packages/airflow/example_dags/tutorial.py took 0.063 seconds
[2024-10-06T03:10:37.339+0000] {processor.py:186} INFO - Started process (PID=24385) to work on /home/airflow/.local/lib/python3.12/site-packages/airflow/example_dags/tutorial.py
[2024-10-06T03:10:37.341+0000] {processor.py:914} INFO - Processing file /home/airflow/.local/lib/python3.12/site-packages/airflow/example_dags/tutorial.py for tasks to queue
[2024-10-06T03:10:37.341+0000] {logging_mixin.py:190} INFO - [2024-10-06T03:10:37.341+0000] {dagbag.py:587} INFO - Filling up the DagBag from /home/airflow/.local/lib/python3.12/site-packages/airflow/example_dags/tutorial.py
[2024-10-06T03:10:37.346+0000] {processor.py:925} INFO - DAG(s) 'tutorial' retrieved from /home/airflow/.local/lib/python3.12/site-packages/airflow/example_dags/tutorial.py
[2024-10-06T03:10:37.357+0000] {logging_mixin.py:190} INFO - [2024-10-06T03:10:37.357+0000] {dag.py:3229} INFO - Sync 1 DAGs
[2024-10-06T03:10:37.377+0000] {logging_mixin.py:190} INFO - [2024-10-06T03:10:37.377+0000] {dag.py:4156} INFO - Setting next_dagrun for tutorial to 2024-10-05 00:00:00+00:00, run_after=2024-10-06 00:00:00+00:00
[2024-10-06T03:10:37.397+0000] {processor.py:208} INFO - Processing /home/airflow/.local/lib/python3.12/site-packages/airflow/example_dags/tutorial.py took 0.062 seconds
[2024-10-06T03:53:54.348+0000] {processor.py:186} INFO - Started process (PID=24455) to work on /home/airflow/.local/lib/python3.12/site-packages/airflow/example_dags/tutorial.py
[2024-10-06T03:53:54.349+0000] {processor.py:914} INFO - Processing file /home/airflow/.local/lib/python3.12/site-packages/airflow/example_dags/tutorial.py for tasks to queue
[2024-10-06T03:53:54.351+0000] {logging_mixin.py:190} INFO - [2024-10-06T03:53:54.350+0000] {dagbag.py:587} INFO - Filling up the DagBag from /home/airflow/.local/lib/python3.12/site-packages/airflow/example_dags/tutorial.py
[2024-10-06T03:53:54.357+0000] {processor.py:925} INFO - DAG(s) 'tutorial' retrieved from /home/airflow/.local/lib/python3.12/site-packages/airflow/example_dags/tutorial.py
[2024-10-06T03:53:54.370+0000] {logging_mixin.py:190} INFO - [2024-10-06T03:53:54.370+0000] {dag.py:3229} INFO - Sync 1 DAGs
[2024-10-06T03:53:54.385+0000] {logging_mixin.py:190} INFO - [2024-10-06T03:53:54.385+0000] {dag.py:4156} INFO - Setting next_dagrun for tutorial to 2024-10-05 00:00:00+00:00, run_after=2024-10-06 00:00:00+00:00
[2024-10-06T03:53:54.397+0000] {processor.py:208} INFO - Processing /home/airflow/.local/lib/python3.12/site-packages/airflow/example_dags/tutorial.py took 0.053 seconds
[2024-10-06T04:44:17.008+0000] {processor.py:186} INFO - Started process (PID=24525) to work on /home/airflow/.local/lib/python3.12/site-packages/airflow/example_dags/tutorial.py
[2024-10-06T04:44:17.009+0000] {processor.py:914} INFO - Processing file /home/airflow/.local/lib/python3.12/site-packages/airflow/example_dags/tutorial.py for tasks to queue
[2024-10-06T04:44:17.010+0000] {logging_mixin.py:190} INFO - [2024-10-06T04:44:17.010+0000] {dagbag.py:587} INFO - Filling up the DagBag from /home/airflow/.local/lib/python3.12/site-packages/airflow/example_dags/tutorial.py
[2024-10-06T04:44:17.018+0000] {processor.py:925} INFO - DAG(s) 'tutorial' retrieved from /home/airflow/.local/lib/python3.12/site-packages/airflow/example_dags/tutorial.py
[2024-10-06T04:44:17.039+0000] {logging_mixin.py:190} INFO - [2024-10-06T04:44:17.039+0000] {dag.py:3229} INFO - Sync 1 DAGs
[2024-10-06T04:44:17.051+0000] {logging_mixin.py:190} INFO - [2024-10-06T04:44:17.051+0000] {dag.py:4156} INFO - Setting next_dagrun for tutorial to 2024-10-05 00:00:00+00:00, run_after=2024-10-06 00:00:00+00:00
[2024-10-06T04:44:17.121+0000] {processor.py:208} INFO - Processing /home/airflow/.local/lib/python3.12/site-packages/airflow/example_dags/tutorial.py took 0.117 seconds
[2024-10-06T05:45:11.198+0000] {processor.py:186} INFO - Started process (PID=24595) to work on /home/airflow/.local/lib/python3.12/site-packages/airflow/example_dags/tutorial.py
[2024-10-06T05:45:11.199+0000] {processor.py:914} INFO - Processing file /home/airflow/.local/lib/python3.12/site-packages/airflow/example_dags/tutorial.py for tasks to queue
[2024-10-06T05:45:11.200+0000] {logging_mixin.py:190} INFO - [2024-10-06T05:45:11.200+0000] {dagbag.py:587} INFO - Filling up the DagBag from /home/airflow/.local/lib/python3.12/site-packages/airflow/example_dags/tutorial.py
[2024-10-06T05:45:11.206+0000] {processor.py:925} INFO - DAG(s) 'tutorial' retrieved from /home/airflow/.local/lib/python3.12/site-packages/airflow/example_dags/tutorial.py
[2024-10-06T05:45:11.220+0000] {logging_mixin.py:190} INFO - [2024-10-06T05:45:11.219+0000] {dag.py:3229} INFO - Sync 1 DAGs
[2024-10-06T05:45:11.229+0000] {logging_mixin.py:190} INFO - [2024-10-06T05:45:11.229+0000] {dag.py:4156} INFO - Setting next_dagrun for tutorial to 2024-10-05 00:00:00+00:00, run_after=2024-10-06 00:00:00+00:00
[2024-10-06T05:45:11.238+0000] {processor.py:208} INFO - Processing /home/airflow/.local/lib/python3.12/site-packages/airflow/example_dags/tutorial.py took 0.043 seconds
[2024-10-06T06:27:11.828+0000] {processor.py:186} INFO - Started process (PID=24665) to work on /home/airflow/.local/lib/python3.12/site-packages/airflow/example_dags/tutorial.py
[2024-10-06T06:27:11.829+0000] {processor.py:914} INFO - Processing file /home/airflow/.local/lib/python3.12/site-packages/airflow/example_dags/tutorial.py for tasks to queue
[2024-10-06T06:27:11.830+0000] {logging_mixin.py:190} INFO - [2024-10-06T06:27:11.830+0000] {dagbag.py:587} INFO - Filling up the DagBag from /home/airflow/.local/lib/python3.12/site-packages/airflow/example_dags/tutorial.py
[2024-10-06T06:27:11.837+0000] {processor.py:925} INFO - DAG(s) 'tutorial' retrieved from /home/airflow/.local/lib/python3.12/site-packages/airflow/example_dags/tutorial.py
[2024-10-06T06:27:11.850+0000] {logging_mixin.py:190} INFO - [2024-10-06T06:27:11.850+0000] {dag.py:3229} INFO - Sync 1 DAGs
[2024-10-06T06:27:11.861+0000] {logging_mixin.py:190} INFO - [2024-10-06T06:27:11.861+0000] {dag.py:4156} INFO - Setting next_dagrun for tutorial to 2024-10-05 00:00:00+00:00, run_after=2024-10-06 00:00:00+00:00
[2024-10-06T06:27:11.872+0000] {processor.py:208} INFO - Processing /home/airflow/.local/lib/python3.12/site-packages/airflow/example_dags/tutorial.py took 0.047 seconds
[2024-10-06T06:56:41.090+0000] {processor.py:186} INFO - Started process (PID=24735) to work on /home/airflow/.local/lib/python3.12/site-packages/airflow/example_dags/tutorial.py
[2024-10-06T06:56:41.091+0000] {processor.py:914} INFO - Processing file /home/airflow/.local/lib/python3.12/site-packages/airflow/example_dags/tutorial.py for tasks to queue
[2024-10-06T06:56:41.093+0000] {logging_mixin.py:190} INFO - [2024-10-06T06:56:41.093+0000] {dagbag.py:587} INFO - Filling up the DagBag from /home/airflow/.local/lib/python3.12/site-packages/airflow/example_dags/tutorial.py
[2024-10-06T06:56:41.103+0000] {processor.py:925} INFO - DAG(s) 'tutorial' retrieved from /home/airflow/.local/lib/python3.12/site-packages/airflow/example_dags/tutorial.py
[2024-10-06T06:56:41.197+0000] {logging_mixin.py:190} INFO - [2024-10-06T06:56:41.196+0000] {dag.py:3229} INFO - Sync 1 DAGs
[2024-10-06T06:56:41.260+0000] {logging_mixin.py:190} INFO - [2024-10-06T06:56:41.260+0000] {dag.py:4156} INFO - Setting next_dagrun for tutorial to 2024-10-05 00:00:00+00:00, run_after=2024-10-06 00:00:00+00:00
[2024-10-06T06:56:41.282+0000] {processor.py:208} INFO - Processing /home/airflow/.local/lib/python3.12/site-packages/airflow/example_dags/tutorial.py took 0.216 seconds
[2024-10-06T07:29:04.629+0000] {processor.py:186} INFO - Started process (PID=24805) to work on /home/airflow/.local/lib/python3.12/site-packages/airflow/example_dags/tutorial.py
[2024-10-06T07:29:04.630+0000] {processor.py:914} INFO - Processing file /home/airflow/.local/lib/python3.12/site-packages/airflow/example_dags/tutorial.py for tasks to queue
[2024-10-06T07:29:04.631+0000] {logging_mixin.py:190} INFO - [2024-10-06T07:29:04.630+0000] {dagbag.py:587} INFO - Filling up the DagBag from /home/airflow/.local/lib/python3.12/site-packages/airflow/example_dags/tutorial.py
[2024-10-06T07:29:04.637+0000] {processor.py:925} INFO - DAG(s) 'tutorial' retrieved from /home/airflow/.local/lib/python3.12/site-packages/airflow/example_dags/tutorial.py
[2024-10-06T07:29:04.651+0000] {logging_mixin.py:190} INFO - [2024-10-06T07:29:04.651+0000] {dag.py:3229} INFO - Sync 1 DAGs
[2024-10-06T07:29:04.665+0000] {logging_mixin.py:190} INFO - [2024-10-06T07:29:04.665+0000] {dag.py:4156} INFO - Setting next_dagrun for tutorial to 2024-10-05 00:00:00+00:00, run_after=2024-10-06 00:00:00+00:00
[2024-10-06T07:29:04.675+0000] {processor.py:208} INFO - Processing /home/airflow/.local/lib/python3.12/site-packages/airflow/example_dags/tutorial.py took 0.050 seconds
[2024-10-06T07:57:58.155+0000] {processor.py:186} INFO - Started process (PID=24875) to work on /home/airflow/.local/lib/python3.12/site-packages/airflow/example_dags/tutorial.py
[2024-10-06T07:57:58.156+0000] {processor.py:914} INFO - Processing file /home/airflow/.local/lib/python3.12/site-packages/airflow/example_dags/tutorial.py for tasks to queue
[2024-10-06T07:57:58.157+0000] {logging_mixin.py:190} INFO - [2024-10-06T07:57:58.157+0000] {dagbag.py:587} INFO - Filling up the DagBag from /home/airflow/.local/lib/python3.12/site-packages/airflow/example_dags/tutorial.py
[2024-10-06T07:57:58.167+0000] {processor.py:925} INFO - DAG(s) 'tutorial' retrieved from /home/airflow/.local/lib/python3.12/site-packages/airflow/example_dags/tutorial.py
[2024-10-06T07:57:58.180+0000] {logging_mixin.py:190} INFO - [2024-10-06T07:57:58.180+0000] {dag.py:3229} INFO - Sync 1 DAGs
[2024-10-06T07:57:58.193+0000] {logging_mixin.py:190} INFO - [2024-10-06T07:57:58.192+0000] {dag.py:4156} INFO - Setting next_dagrun for tutorial to 2024-10-05 00:00:00+00:00, run_after=2024-10-06 00:00:00+00:00
[2024-10-06T07:57:58.204+0000] {processor.py:208} INFO - Processing /home/airflow/.local/lib/python3.12/site-packages/airflow/example_dags/tutorial.py took 0.055 seconds
[2024-10-06T08:03:00.045+0000] {processor.py:186} INFO - Started process (PID=24945) to work on /home/airflow/.local/lib/python3.12/site-packages/airflow/example_dags/tutorial.py
[2024-10-06T08:03:00.046+0000] {processor.py:914} INFO - Processing file /home/airflow/.local/lib/python3.12/site-packages/airflow/example_dags/tutorial.py for tasks to queue
[2024-10-06T08:03:00.047+0000] {logging_mixin.py:190} INFO - [2024-10-06T08:03:00.047+0000] {dagbag.py:587} INFO - Filling up the DagBag from /home/airflow/.local/lib/python3.12/site-packages/airflow/example_dags/tutorial.py
[2024-10-06T08:03:00.051+0000] {processor.py:925} INFO - DAG(s) 'tutorial' retrieved from /home/airflow/.local/lib/python3.12/site-packages/airflow/example_dags/tutorial.py
[2024-10-06T08:03:00.063+0000] {logging_mixin.py:190} INFO - [2024-10-06T08:03:00.063+0000] {dag.py:3229} INFO - Sync 1 DAGs
[2024-10-06T08:03:00.076+0000] {logging_mixin.py:190} INFO - [2024-10-06T08:03:00.076+0000] {dag.py:4156} INFO - Setting next_dagrun for tutorial to 2024-10-05 00:00:00+00:00, run_after=2024-10-06 00:00:00+00:00
[2024-10-06T08:03:00.089+0000] {processor.py:208} INFO - Processing /home/airflow/.local/lib/python3.12/site-packages/airflow/example_dags/tutorial.py took 0.046 seconds
[2024-10-06T08:03:31.266+0000] {processor.py:186} INFO - Started process (PID=25015) to work on /home/airflow/.local/lib/python3.12/site-packages/airflow/example_dags/tutorial.py
[2024-10-06T08:03:31.269+0000] {processor.py:914} INFO - Processing file /home/airflow/.local/lib/python3.12/site-packages/airflow/example_dags/tutorial.py for tasks to queue
[2024-10-06T08:03:31.311+0000] {logging_mixin.py:190} INFO - [2024-10-06T08:03:31.309+0000] {dagbag.py:587} INFO - Filling up the DagBag from /home/airflow/.local/lib/python3.12/site-packages/airflow/example_dags/tutorial.py
[2024-10-06T08:03:31.330+0000] {processor.py:925} INFO - DAG(s) 'tutorial' retrieved from /home/airflow/.local/lib/python3.12/site-packages/airflow/example_dags/tutorial.py
[2024-10-06T08:03:31.370+0000] {logging_mixin.py:190} INFO - [2024-10-06T08:03:31.370+0000] {dag.py:3229} INFO - Sync 1 DAGs
[2024-10-06T08:03:31.391+0000] {logging_mixin.py:190} INFO - [2024-10-06T08:03:31.391+0000] {dag.py:4156} INFO - Setting next_dagrun for tutorial to 2024-10-05 00:00:00+00:00, run_after=2024-10-06 00:00:00+00:00
[2024-10-06T08:03:31.406+0000] {processor.py:208} INFO - Processing /home/airflow/.local/lib/python3.12/site-packages/airflow/example_dags/tutorial.py took 0.149 seconds
[2024-10-06T09:43:49.419+0000] {processor.py:186} INFO - Started process (PID=25085) to work on /home/airflow/.local/lib/python3.12/site-packages/airflow/example_dags/tutorial.py
[2024-10-06T09:43:49.420+0000] {processor.py:914} INFO - Processing file /home/airflow/.local/lib/python3.12/site-packages/airflow/example_dags/tutorial.py for tasks to queue
[2024-10-06T09:43:49.420+0000] {logging_mixin.py:190} INFO - [2024-10-06T09:43:49.420+0000] {dagbag.py:587} INFO - Filling up the DagBag from /home/airflow/.local/lib/python3.12/site-packages/airflow/example_dags/tutorial.py
[2024-10-06T09:43:49.429+0000] {processor.py:925} INFO - DAG(s) 'tutorial' retrieved from /home/airflow/.local/lib/python3.12/site-packages/airflow/example_dags/tutorial.py
[2024-10-06T09:43:49.444+0000] {logging_mixin.py:190} INFO - [2024-10-06T09:43:49.444+0000] {dag.py:3229} INFO - Sync 1 DAGs
[2024-10-06T09:43:49.455+0000] {logging_mixin.py:190} INFO - [2024-10-06T09:43:49.455+0000] {dag.py:4156} INFO - Setting next_dagrun for tutorial to 2024-10-05 00:00:00+00:00, run_after=2024-10-06 00:00:00+00:00
[2024-10-06T09:43:49.462+0000] {processor.py:208} INFO - Processing /home/airflow/.local/lib/python3.12/site-packages/airflow/example_dags/tutorial.py took 0.045 seconds
[2024-10-06T10:16:44.463+0000] {processor.py:186} INFO - Started process (PID=25154) to work on /home/airflow/.local/lib/python3.12/site-packages/airflow/example_dags/tutorial.py
[2024-10-06T10:16:44.463+0000] {processor.py:914} INFO - Processing file /home/airflow/.local/lib/python3.12/site-packages/airflow/example_dags/tutorial.py for tasks to queue
[2024-10-06T10:16:44.464+0000] {logging_mixin.py:190} INFO - [2024-10-06T10:16:44.464+0000] {dagbag.py:587} INFO - Filling up the DagBag from /home/airflow/.local/lib/python3.12/site-packages/airflow/example_dags/tutorial.py
[2024-10-06T10:16:44.469+0000] {processor.py:925} INFO - DAG(s) 'tutorial' retrieved from /home/airflow/.local/lib/python3.12/site-packages/airflow/example_dags/tutorial.py
[2024-10-06T10:16:44.478+0000] {logging_mixin.py:190} INFO - [2024-10-06T10:16:44.478+0000] {dag.py:3229} INFO - Sync 1 DAGs
[2024-10-06T10:16:44.487+0000] {logging_mixin.py:190} INFO - [2024-10-06T10:16:44.487+0000] {dag.py:4156} INFO - Setting next_dagrun for tutorial to 2024-10-05 00:00:00+00:00, run_after=2024-10-06 00:00:00+00:00
[2024-10-06T10:16:44.495+0000] {processor.py:208} INFO - Processing /home/airflow/.local/lib/python3.12/site-packages/airflow/example_dags/tutorial.py took 0.035 seconds
[2024-10-06T11:20:56.768+0000] {processor.py:186} INFO - Started process (PID=25224) to work on /home/airflow/.local/lib/python3.12/site-packages/airflow/example_dags/tutorial.py
[2024-10-06T11:20:56.768+0000] {processor.py:914} INFO - Processing file /home/airflow/.local/lib/python3.12/site-packages/airflow/example_dags/tutorial.py for tasks to queue
[2024-10-06T11:20:56.769+0000] {logging_mixin.py:190} INFO - [2024-10-06T11:20:56.769+0000] {dagbag.py:587} INFO - Filling up the DagBag from /home/airflow/.local/lib/python3.12/site-packages/airflow/example_dags/tutorial.py
[2024-10-06T11:20:56.774+0000] {processor.py:925} INFO - DAG(s) 'tutorial' retrieved from /home/airflow/.local/lib/python3.12/site-packages/airflow/example_dags/tutorial.py
[2024-10-06T11:20:56.783+0000] {logging_mixin.py:190} INFO - [2024-10-06T11:20:56.783+0000] {dag.py:3229} INFO - Sync 1 DAGs
[2024-10-06T11:20:56.792+0000] {logging_mixin.py:190} INFO - [2024-10-06T11:20:56.792+0000] {dag.py:4156} INFO - Setting next_dagrun for tutorial to 2024-10-05 00:00:00+00:00, run_after=2024-10-06 00:00:00+00:00
[2024-10-06T11:20:56.799+0000] {processor.py:208} INFO - Processing /home/airflow/.local/lib/python3.12/site-packages/airflow/example_dags/tutorial.py took 0.035 seconds
[2024-10-06T13:00:05.182+0000] {processor.py:186} INFO - Started process (PID=25294) to work on /home/airflow/.local/lib/python3.12/site-packages/airflow/example_dags/tutorial.py
[2024-10-06T13:00:05.183+0000] {processor.py:914} INFO - Processing file /home/airflow/.local/lib/python3.12/site-packages/airflow/example_dags/tutorial.py for tasks to queue
[2024-10-06T13:00:05.183+0000] {logging_mixin.py:190} INFO - [2024-10-06T13:00:05.183+0000] {dagbag.py:587} INFO - Filling up the DagBag from /home/airflow/.local/lib/python3.12/site-packages/airflow/example_dags/tutorial.py
[2024-10-06T13:00:05.189+0000] {processor.py:925} INFO - DAG(s) 'tutorial' retrieved from /home/airflow/.local/lib/python3.12/site-packages/airflow/example_dags/tutorial.py
[2024-10-06T13:00:05.198+0000] {logging_mixin.py:190} INFO - [2024-10-06T13:00:05.198+0000] {dag.py:3229} INFO - Sync 1 DAGs
[2024-10-06T13:00:05.209+0000] {logging_mixin.py:190} INFO - [2024-10-06T13:00:05.208+0000] {dag.py:4156} INFO - Setting next_dagrun for tutorial to 2024-10-05 00:00:00+00:00, run_after=2024-10-06 00:00:00+00:00
[2024-10-06T13:00:05.219+0000] {processor.py:208} INFO - Processing /home/airflow/.local/lib/python3.12/site-packages/airflow/example_dags/tutorial.py took 0.040 seconds
[2024-10-06T13:48:16.539+0000] {processor.py:186} INFO - Started process (PID=25364) to work on /home/airflow/.local/lib/python3.12/site-packages/airflow/example_dags/tutorial.py
[2024-10-06T13:48:16.540+0000] {processor.py:914} INFO - Processing file /home/airflow/.local/lib/python3.12/site-packages/airflow/example_dags/tutorial.py for tasks to queue
[2024-10-06T13:48:16.542+0000] {logging_mixin.py:190} INFO - [2024-10-06T13:48:16.541+0000] {dagbag.py:587} INFO - Filling up the DagBag from /home/airflow/.local/lib/python3.12/site-packages/airflow/example_dags/tutorial.py
[2024-10-06T13:48:16.546+0000] {processor.py:925} INFO - DAG(s) 'tutorial' retrieved from /home/airflow/.local/lib/python3.12/site-packages/airflow/example_dags/tutorial.py
[2024-10-06T13:48:16.557+0000] {logging_mixin.py:190} INFO - [2024-10-06T13:48:16.557+0000] {dag.py:3229} INFO - Sync 1 DAGs
[2024-10-06T13:48:16.571+0000] {logging_mixin.py:190} INFO - [2024-10-06T13:48:16.570+0000] {dag.py:4156} INFO - Setting next_dagrun for tutorial to 2024-10-05 00:00:00+00:00, run_after=2024-10-06 00:00:00+00:00
[2024-10-06T13:48:16.582+0000] {processor.py:208} INFO - Processing /home/airflow/.local/lib/python3.12/site-packages/airflow/example_dags/tutorial.py took 0.046 seconds
[2024-10-06T13:55:52.235+0000] {processor.py:186} INFO - Started process (PID=25434) to work on /home/airflow/.local/lib/python3.12/site-packages/airflow/example_dags/tutorial.py
[2024-10-06T13:55:52.238+0000] {processor.py:914} INFO - Processing file /home/airflow/.local/lib/python3.12/site-packages/airflow/example_dags/tutorial.py for tasks to queue
[2024-10-06T13:55:52.238+0000] {logging_mixin.py:190} INFO - [2024-10-06T13:55:52.238+0000] {dagbag.py:587} INFO - Filling up the DagBag from /home/airflow/.local/lib/python3.12/site-packages/airflow/example_dags/tutorial.py
[2024-10-06T13:55:52.243+0000] {processor.py:925} INFO - DAG(s) 'tutorial' retrieved from /home/airflow/.local/lib/python3.12/site-packages/airflow/example_dags/tutorial.py
[2024-10-06T13:55:52.260+0000] {logging_mixin.py:190} INFO - [2024-10-06T13:55:52.259+0000] {dag.py:3229} INFO - Sync 1 DAGs
[2024-10-06T13:55:52.285+0000] {logging_mixin.py:190} INFO - [2024-10-06T13:55:52.284+0000] {dag.py:4156} INFO - Setting next_dagrun for tutorial to 2024-10-05 00:00:00+00:00, run_after=2024-10-06 00:00:00+00:00
[2024-10-06T13:55:52.305+0000] {processor.py:208} INFO - Processing /home/airflow/.local/lib/python3.12/site-packages/airflow/example_dags/tutorial.py took 0.074 seconds
[2024-10-06T14:56:51.142+0000] {processor.py:186} INFO - Started process (PID=25504) to work on /home/airflow/.local/lib/python3.12/site-packages/airflow/example_dags/tutorial.py
[2024-10-06T14:56:51.145+0000] {processor.py:914} INFO - Processing file /home/airflow/.local/lib/python3.12/site-packages/airflow/example_dags/tutorial.py for tasks to queue
[2024-10-06T14:56:51.146+0000] {logging_mixin.py:190} INFO - [2024-10-06T14:56:51.145+0000] {dagbag.py:587} INFO - Filling up the DagBag from /home/airflow/.local/lib/python3.12/site-packages/airflow/example_dags/tutorial.py
[2024-10-06T14:56:51.154+0000] {processor.py:925} INFO - DAG(s) 'tutorial' retrieved from /home/airflow/.local/lib/python3.12/site-packages/airflow/example_dags/tutorial.py
[2024-10-06T14:56:51.187+0000] {logging_mixin.py:190} INFO - [2024-10-06T14:56:51.187+0000] {dag.py:3229} INFO - Sync 1 DAGs
[2024-10-06T14:56:51.236+0000] {logging_mixin.py:190} INFO - [2024-10-06T14:56:51.236+0000] {dag.py:4156} INFO - Setting next_dagrun for tutorial to 2024-10-05 00:00:00+00:00, run_after=2024-10-06 00:00:00+00:00
[2024-10-06T14:56:51.375+0000] {processor.py:208} INFO - Processing /home/airflow/.local/lib/python3.12/site-packages/airflow/example_dags/tutorial.py took 0.238 seconds
[2024-10-06T15:41:29.708+0000] {processor.py:186} INFO - Started process (PID=25574) to work on /home/airflow/.local/lib/python3.12/site-packages/airflow/example_dags/tutorial.py
[2024-10-06T15:41:29.712+0000] {processor.py:914} INFO - Processing file /home/airflow/.local/lib/python3.12/site-packages/airflow/example_dags/tutorial.py for tasks to queue
[2024-10-06T15:41:29.718+0000] {logging_mixin.py:190} INFO - [2024-10-06T15:41:29.717+0000] {dagbag.py:587} INFO - Filling up the DagBag from /home/airflow/.local/lib/python3.12/site-packages/airflow/example_dags/tutorial.py
[2024-10-06T15:41:29.728+0000] {processor.py:925} INFO - DAG(s) 'tutorial' retrieved from /home/airflow/.local/lib/python3.12/site-packages/airflow/example_dags/tutorial.py
[2024-10-06T15:41:29.748+0000] {logging_mixin.py:190} INFO - [2024-10-06T15:41:29.748+0000] {dag.py:3229} INFO - Sync 1 DAGs
[2024-10-06T15:41:29.761+0000] {logging_mixin.py:190} INFO - [2024-10-06T15:41:29.761+0000] {dag.py:4156} INFO - Setting next_dagrun for tutorial to 2024-10-05 00:00:00+00:00, run_after=2024-10-06 00:00:00+00:00
[2024-10-06T15:41:29.782+0000] {processor.py:208} INFO - Processing /home/airflow/.local/lib/python3.12/site-packages/airflow/example_dags/tutorial.py took 0.078 seconds
[2024-10-06T16:15:55.493+0000] {processor.py:186} INFO - Started process (PID=25644) to work on /home/airflow/.local/lib/python3.12/site-packages/airflow/example_dags/tutorial.py
[2024-10-06T16:15:55.498+0000] {processor.py:914} INFO - Processing file /home/airflow/.local/lib/python3.12/site-packages/airflow/example_dags/tutorial.py for tasks to queue
[2024-10-06T16:15:55.501+0000] {logging_mixin.py:190} INFO - [2024-10-06T16:15:55.500+0000] {dagbag.py:587} INFO - Filling up the DagBag from /home/airflow/.local/lib/python3.12/site-packages/airflow/example_dags/tutorial.py
[2024-10-06T16:15:55.511+0000] {processor.py:925} INFO - DAG(s) 'tutorial' retrieved from /home/airflow/.local/lib/python3.12/site-packages/airflow/example_dags/tutorial.py
[2024-10-06T16:15:55.531+0000] {logging_mixin.py:190} INFO - [2024-10-06T16:15:55.531+0000] {dag.py:3229} INFO - Sync 1 DAGs
[2024-10-06T16:15:55.591+0000] {logging_mixin.py:190} INFO - [2024-10-06T16:15:55.591+0000] {dag.py:4156} INFO - Setting next_dagrun for tutorial to 2024-10-05 00:00:00+00:00, run_after=2024-10-06 00:00:00+00:00
[2024-10-06T16:15:55.612+0000] {processor.py:208} INFO - Processing /home/airflow/.local/lib/python3.12/site-packages/airflow/example_dags/tutorial.py took 0.125 seconds
[2024-10-06T16:58:36.265+0000] {processor.py:186} INFO - Started process (PID=25714) to work on /home/airflow/.local/lib/python3.12/site-packages/airflow/example_dags/tutorial.py
[2024-10-06T16:58:36.268+0000] {processor.py:914} INFO - Processing file /home/airflow/.local/lib/python3.12/site-packages/airflow/example_dags/tutorial.py for tasks to queue
[2024-10-06T16:58:36.282+0000] {logging_mixin.py:190} INFO - [2024-10-06T16:58:36.279+0000] {dagbag.py:587} INFO - Filling up the DagBag from /home/airflow/.local/lib/python3.12/site-packages/airflow/example_dags/tutorial.py
[2024-10-06T16:58:36.318+0000] {processor.py:925} INFO - DAG(s) 'tutorial' retrieved from /home/airflow/.local/lib/python3.12/site-packages/airflow/example_dags/tutorial.py
[2024-10-06T16:58:36.380+0000] {logging_mixin.py:190} INFO - [2024-10-06T16:58:36.380+0000] {dag.py:3229} INFO - Sync 1 DAGs
[2024-10-06T16:58:36.480+0000] {logging_mixin.py:190} INFO - [2024-10-06T16:58:36.480+0000] {dag.py:4156} INFO - Setting next_dagrun for tutorial to 2024-10-05 00:00:00+00:00, run_after=2024-10-06 00:00:00+00:00
[2024-10-06T16:58:36.495+0000] {processor.py:208} INFO - Processing /home/airflow/.local/lib/python3.12/site-packages/airflow/example_dags/tutorial.py took 0.242 seconds
[2024-10-06T16:59:06.816+0000] {processor.py:186} INFO - Started process (PID=25784) to work on /home/airflow/.local/lib/python3.12/site-packages/airflow/example_dags/tutorial.py
[2024-10-06T16:59:06.818+0000] {processor.py:914} INFO - Processing file /home/airflow/.local/lib/python3.12/site-packages/airflow/example_dags/tutorial.py for tasks to queue
[2024-10-06T16:59:06.819+0000] {logging_mixin.py:190} INFO - [2024-10-06T16:59:06.819+0000] {dagbag.py:587} INFO - Filling up the DagBag from /home/airflow/.local/lib/python3.12/site-packages/airflow/example_dags/tutorial.py
[2024-10-06T16:59:06.826+0000] {processor.py:925} INFO - DAG(s) 'tutorial' retrieved from /home/airflow/.local/lib/python3.12/site-packages/airflow/example_dags/tutorial.py
[2024-10-06T16:59:06.841+0000] {logging_mixin.py:190} INFO - [2024-10-06T16:59:06.841+0000] {dag.py:3229} INFO - Sync 1 DAGs
[2024-10-06T16:59:06.856+0000] {logging_mixin.py:190} INFO - [2024-10-06T16:59:06.856+0000] {dag.py:4156} INFO - Setting next_dagrun for tutorial to 2024-10-05 00:00:00+00:00, run_after=2024-10-06 00:00:00+00:00
[2024-10-06T16:59:06.871+0000] {processor.py:208} INFO - Processing /home/airflow/.local/lib/python3.12/site-packages/airflow/example_dags/tutorial.py took 0.058 seconds
[2024-10-06T17:59:32.972+0000] {processor.py:186} INFO - Started process (PID=25853) to work on /home/airflow/.local/lib/python3.12/site-packages/airflow/example_dags/tutorial.py
[2024-10-06T17:59:32.973+0000] {processor.py:914} INFO - Processing file /home/airflow/.local/lib/python3.12/site-packages/airflow/example_dags/tutorial.py for tasks to queue
[2024-10-06T17:59:32.974+0000] {logging_mixin.py:190} INFO - [2024-10-06T17:59:32.973+0000] {dagbag.py:587} INFO - Filling up the DagBag from /home/airflow/.local/lib/python3.12/site-packages/airflow/example_dags/tutorial.py
[2024-10-06T17:59:32.978+0000] {processor.py:925} INFO - DAG(s) 'tutorial' retrieved from /home/airflow/.local/lib/python3.12/site-packages/airflow/example_dags/tutorial.py
[2024-10-06T17:59:32.993+0000] {logging_mixin.py:190} INFO - [2024-10-06T17:59:32.993+0000] {dag.py:3229} INFO - Sync 1 DAGs
[2024-10-06T17:59:33.006+0000] {logging_mixin.py:190} INFO - [2024-10-06T17:59:33.005+0000] {dag.py:4156} INFO - Setting next_dagrun for tutorial to 2024-10-05 00:00:00+00:00, run_after=2024-10-06 00:00:00+00:00
[2024-10-06T17:59:33.017+0000] {processor.py:208} INFO - Processing /home/airflow/.local/lib/python3.12/site-packages/airflow/example_dags/tutorial.py took 0.048 seconds
[2024-10-06T18:17:01.784+0000] {processor.py:186} INFO - Started process (PID=25923) to work on /home/airflow/.local/lib/python3.12/site-packages/airflow/example_dags/tutorial.py
[2024-10-06T18:17:01.785+0000] {processor.py:914} INFO - Processing file /home/airflow/.local/lib/python3.12/site-packages/airflow/example_dags/tutorial.py for tasks to queue
[2024-10-06T18:17:01.786+0000] {logging_mixin.py:190} INFO - [2024-10-06T18:17:01.785+0000] {dagbag.py:587} INFO - Filling up the DagBag from /home/airflow/.local/lib/python3.12/site-packages/airflow/example_dags/tutorial.py
[2024-10-06T18:17:01.795+0000] {processor.py:925} INFO - DAG(s) 'tutorial' retrieved from /home/airflow/.local/lib/python3.12/site-packages/airflow/example_dags/tutorial.py
[2024-10-06T18:17:01.807+0000] {logging_mixin.py:190} INFO - [2024-10-06T18:17:01.807+0000] {dag.py:3229} INFO - Sync 1 DAGs
[2024-10-06T18:17:01.818+0000] {logging_mixin.py:190} INFO - [2024-10-06T18:17:01.818+0000] {dag.py:4156} INFO - Setting next_dagrun for tutorial to 2024-10-05 00:00:00+00:00, run_after=2024-10-06 00:00:00+00:00
[2024-10-06T18:17:01.828+0000] {processor.py:208} INFO - Processing /home/airflow/.local/lib/python3.12/site-packages/airflow/example_dags/tutorial.py took 0.047 seconds
[2024-10-06T18:49:50.219+0000] {processor.py:186} INFO - Started process (PID=25993) to work on /home/airflow/.local/lib/python3.12/site-packages/airflow/example_dags/tutorial.py
[2024-10-06T18:49:50.221+0000] {processor.py:914} INFO - Processing file /home/airflow/.local/lib/python3.12/site-packages/airflow/example_dags/tutorial.py for tasks to queue
[2024-10-06T18:49:50.222+0000] {logging_mixin.py:190} INFO - [2024-10-06T18:49:50.222+0000] {dagbag.py:587} INFO - Filling up the DagBag from /home/airflow/.local/lib/python3.12/site-packages/airflow/example_dags/tutorial.py
[2024-10-06T18:49:50.229+0000] {processor.py:925} INFO - DAG(s) 'tutorial' retrieved from /home/airflow/.local/lib/python3.12/site-packages/airflow/example_dags/tutorial.py
[2024-10-06T18:49:50.247+0000] {logging_mixin.py:190} INFO - [2024-10-06T18:49:50.247+0000] {dag.py:3229} INFO - Sync 1 DAGs
[2024-10-06T18:49:50.259+0000] {logging_mixin.py:190} INFO - [2024-10-06T18:49:50.259+0000] {dag.py:4156} INFO - Setting next_dagrun for tutorial to 2024-10-05 00:00:00+00:00, run_after=2024-10-06 00:00:00+00:00
[2024-10-06T18:49:50.269+0000] {processor.py:208} INFO - Processing /home/airflow/.local/lib/python3.12/site-packages/airflow/example_dags/tutorial.py took 0.053 seconds
[2024-10-06T19:00:33.841+0000] {processor.py:186} INFO - Started process (PID=26063) to work on /home/airflow/.local/lib/python3.12/site-packages/airflow/example_dags/tutorial.py
[2024-10-06T19:00:33.842+0000] {processor.py:914} INFO - Processing file /home/airflow/.local/lib/python3.12/site-packages/airflow/example_dags/tutorial.py for tasks to queue
[2024-10-06T19:00:33.843+0000] {logging_mixin.py:190} INFO - [2024-10-06T19:00:33.843+0000] {dagbag.py:587} INFO - Filling up the DagBag from /home/airflow/.local/lib/python3.12/site-packages/airflow/example_dags/tutorial.py
[2024-10-06T19:00:33.847+0000] {processor.py:925} INFO - DAG(s) 'tutorial' retrieved from /home/airflow/.local/lib/python3.12/site-packages/airflow/example_dags/tutorial.py
[2024-10-06T19:00:33.856+0000] {logging_mixin.py:190} INFO - [2024-10-06T19:00:33.856+0000] {dag.py:3229} INFO - Sync 1 DAGs
[2024-10-06T19:00:33.868+0000] {logging_mixin.py:190} INFO - [2024-10-06T19:00:33.868+0000] {dag.py:4156} INFO - Setting next_dagrun for tutorial to 2024-10-05 00:00:00+00:00, run_after=2024-10-06 00:00:00+00:00
[2024-10-06T19:00:33.879+0000] {processor.py:208} INFO - Processing /home/airflow/.local/lib/python3.12/site-packages/airflow/example_dags/tutorial.py took 0.042 seconds
[2024-10-06T19:16:46.641+0000] {processor.py:186} INFO - Started process (PID=26133) to work on /home/airflow/.local/lib/python3.12/site-packages/airflow/example_dags/tutorial.py
[2024-10-06T19:16:46.642+0000] {processor.py:914} INFO - Processing file /home/airflow/.local/lib/python3.12/site-packages/airflow/example_dags/tutorial.py for tasks to queue
[2024-10-06T19:16:46.645+0000] {logging_mixin.py:190} INFO - [2024-10-06T19:16:46.645+0000] {dagbag.py:587} INFO - Filling up the DagBag from /home/airflow/.local/lib/python3.12/site-packages/airflow/example_dags/tutorial.py
[2024-10-06T19:16:46.650+0000] {processor.py:925} INFO - DAG(s) 'tutorial' retrieved from /home/airflow/.local/lib/python3.12/site-packages/airflow/example_dags/tutorial.py
[2024-10-06T19:16:46.666+0000] {logging_mixin.py:190} INFO - [2024-10-06T19:16:46.665+0000] {dag.py:3229} INFO - Sync 1 DAGs
[2024-10-06T19:16:46.679+0000] {logging_mixin.py:190} INFO - [2024-10-06T19:16:46.679+0000] {dag.py:4156} INFO - Setting next_dagrun for tutorial to 2024-10-05 00:00:00+00:00, run_after=2024-10-06 00:00:00+00:00
[2024-10-06T19:16:46.689+0000] {processor.py:208} INFO - Processing /home/airflow/.local/lib/python3.12/site-packages/airflow/example_dags/tutorial.py took 0.051 seconds
[2024-10-06T20:01:50.993+0000] {processor.py:186} INFO - Started process (PID=26203) to work on /home/airflow/.local/lib/python3.12/site-packages/airflow/example_dags/tutorial.py
[2024-10-06T20:01:50.994+0000] {processor.py:914} INFO - Processing file /home/airflow/.local/lib/python3.12/site-packages/airflow/example_dags/tutorial.py for tasks to queue
[2024-10-06T20:01:50.994+0000] {logging_mixin.py:190} INFO - [2024-10-06T20:01:50.994+0000] {dagbag.py:587} INFO - Filling up the DagBag from /home/airflow/.local/lib/python3.12/site-packages/airflow/example_dags/tutorial.py
[2024-10-06T20:01:51.000+0000] {processor.py:925} INFO - DAG(s) 'tutorial' retrieved from /home/airflow/.local/lib/python3.12/site-packages/airflow/example_dags/tutorial.py
[2024-10-06T20:01:51.017+0000] {logging_mixin.py:190} INFO - [2024-10-06T20:01:51.017+0000] {dag.py:3229} INFO - Sync 1 DAGs
[2024-10-06T20:01:51.030+0000] {logging_mixin.py:190} INFO - [2024-10-06T20:01:51.030+0000] {dag.py:4156} INFO - Setting next_dagrun for tutorial to 2024-10-05 00:00:00+00:00, run_after=2024-10-06 00:00:00+00:00
[2024-10-06T20:01:51.041+0000] {processor.py:208} INFO - Processing /home/airflow/.local/lib/python3.12/site-packages/airflow/example_dags/tutorial.py took 0.051 seconds
[2024-10-06T20:18:00.374+0000] {processor.py:186} INFO - Started process (PID=26273) to work on /home/airflow/.local/lib/python3.12/site-packages/airflow/example_dags/tutorial.py
[2024-10-06T20:18:00.375+0000] {processor.py:914} INFO - Processing file /home/airflow/.local/lib/python3.12/site-packages/airflow/example_dags/tutorial.py for tasks to queue
[2024-10-06T20:18:00.375+0000] {logging_mixin.py:190} INFO - [2024-10-06T20:18:00.375+0000] {dagbag.py:587} INFO - Filling up the DagBag from /home/airflow/.local/lib/python3.12/site-packages/airflow/example_dags/tutorial.py
[2024-10-06T20:18:00.382+0000] {processor.py:925} INFO - DAG(s) 'tutorial' retrieved from /home/airflow/.local/lib/python3.12/site-packages/airflow/example_dags/tutorial.py
[2024-10-06T20:18:00.392+0000] {logging_mixin.py:190} INFO - [2024-10-06T20:18:00.392+0000] {dag.py:3229} INFO - Sync 1 DAGs
[2024-10-06T20:18:00.404+0000] {logging_mixin.py:190} INFO - [2024-10-06T20:18:00.404+0000] {dag.py:4156} INFO - Setting next_dagrun for tutorial to 2024-10-05 00:00:00+00:00, run_after=2024-10-06 00:00:00+00:00
[2024-10-06T20:18:00.418+0000] {processor.py:208} INFO - Processing /home/airflow/.local/lib/python3.12/site-packages/airflow/example_dags/tutorial.py took 0.048 seconds
[2024-10-06T20:51:50.164+0000] {processor.py:186} INFO - Started process (PID=26342) to work on /home/airflow/.local/lib/python3.12/site-packages/airflow/example_dags/tutorial.py
[2024-10-06T20:51:50.165+0000] {processor.py:914} INFO - Processing file /home/airflow/.local/lib/python3.12/site-packages/airflow/example_dags/tutorial.py for tasks to queue
[2024-10-06T20:51:50.166+0000] {logging_mixin.py:190} INFO - [2024-10-06T20:51:50.165+0000] {dagbag.py:587} INFO - Filling up the DagBag from /home/airflow/.local/lib/python3.12/site-packages/airflow/example_dags/tutorial.py
[2024-10-06T20:51:50.171+0000] {processor.py:925} INFO - DAG(s) 'tutorial' retrieved from /home/airflow/.local/lib/python3.12/site-packages/airflow/example_dags/tutorial.py
[2024-10-06T20:51:50.180+0000] {logging_mixin.py:190} INFO - [2024-10-06T20:51:50.180+0000] {dag.py:3229} INFO - Sync 1 DAGs
[2024-10-06T20:51:50.196+0000] {logging_mixin.py:190} INFO - [2024-10-06T20:51:50.195+0000] {dag.py:4156} INFO - Setting next_dagrun for tutorial to 2024-10-05 00:00:00+00:00, run_after=2024-10-06 00:00:00+00:00
[2024-10-06T20:51:50.203+0000] {processor.py:208} INFO - Processing /home/airflow/.local/lib/python3.12/site-packages/airflow/example_dags/tutorial.py took 0.043 seconds
[2024-10-06T20:52:22.584+0000] {processor.py:186} INFO - Started process (PID=26413) to work on /home/airflow/.local/lib/python3.12/site-packages/airflow/example_dags/tutorial.py
[2024-10-06T20:52:22.585+0000] {processor.py:914} INFO - Processing file /home/airflow/.local/lib/python3.12/site-packages/airflow/example_dags/tutorial.py for tasks to queue
[2024-10-06T20:52:22.586+0000] {logging_mixin.py:190} INFO - [2024-10-06T20:52:22.586+0000] {dagbag.py:587} INFO - Filling up the DagBag from /home/airflow/.local/lib/python3.12/site-packages/airflow/example_dags/tutorial.py
[2024-10-06T20:52:22.591+0000] {processor.py:925} INFO - DAG(s) 'tutorial' retrieved from /home/airflow/.local/lib/python3.12/site-packages/airflow/example_dags/tutorial.py
[2024-10-06T20:52:22.606+0000] {logging_mixin.py:190} INFO - [2024-10-06T20:52:22.606+0000] {dag.py:3229} INFO - Sync 1 DAGs
[2024-10-06T20:52:22.627+0000] {logging_mixin.py:190} INFO - [2024-10-06T20:52:22.626+0000] {dag.py:4156} INFO - Setting next_dagrun for tutorial to 2024-10-05 00:00:00+00:00, run_after=2024-10-06 00:00:00+00:00
[2024-10-06T20:52:22.648+0000] {processor.py:208} INFO - Processing /home/airflow/.local/lib/python3.12/site-packages/airflow/example_dags/tutorial.py took 0.067 seconds
[2024-10-06T21:19:21.288+0000] {processor.py:186} INFO - Started process (PID=26483) to work on /home/airflow/.local/lib/python3.12/site-packages/airflow/example_dags/tutorial.py
[2024-10-06T21:19:21.290+0000] {processor.py:914} INFO - Processing file /home/airflow/.local/lib/python3.12/site-packages/airflow/example_dags/tutorial.py for tasks to queue
[2024-10-06T21:19:21.290+0000] {logging_mixin.py:190} INFO - [2024-10-06T21:19:21.290+0000] {dagbag.py:587} INFO - Filling up the DagBag from /home/airflow/.local/lib/python3.12/site-packages/airflow/example_dags/tutorial.py
[2024-10-06T21:19:21.301+0000] {processor.py:925} INFO - DAG(s) 'tutorial' retrieved from /home/airflow/.local/lib/python3.12/site-packages/airflow/example_dags/tutorial.py
[2024-10-06T21:19:21.320+0000] {logging_mixin.py:190} INFO - [2024-10-06T21:19:21.320+0000] {dag.py:3229} INFO - Sync 1 DAGs
[2024-10-06T21:19:21.331+0000] {logging_mixin.py:190} INFO - [2024-10-06T21:19:21.331+0000] {dag.py:4156} INFO - Setting next_dagrun for tutorial to 2024-10-05 00:00:00+00:00, run_after=2024-10-06 00:00:00+00:00
[2024-10-06T21:19:21.341+0000] {processor.py:208} INFO - Processing /home/airflow/.local/lib/python3.12/site-packages/airflow/example_dags/tutorial.py took 0.057 seconds
[2024-10-06T21:52:08.860+0000] {processor.py:186} INFO - Started process (PID=26553) to work on /home/airflow/.local/lib/python3.12/site-packages/airflow/example_dags/tutorial.py
[2024-10-06T21:52:08.861+0000] {processor.py:914} INFO - Processing file /home/airflow/.local/lib/python3.12/site-packages/airflow/example_dags/tutorial.py for tasks to queue
[2024-10-06T21:52:08.862+0000] {logging_mixin.py:190} INFO - [2024-10-06T21:52:08.862+0000] {dagbag.py:587} INFO - Filling up the DagBag from /home/airflow/.local/lib/python3.12/site-packages/airflow/example_dags/tutorial.py
[2024-10-06T21:52:08.868+0000] {processor.py:925} INFO - DAG(s) 'tutorial' retrieved from /home/airflow/.local/lib/python3.12/site-packages/airflow/example_dags/tutorial.py
[2024-10-06T21:52:08.879+0000] {logging_mixin.py:190} INFO - [2024-10-06T21:52:08.879+0000] {dag.py:3229} INFO - Sync 1 DAGs
[2024-10-06T21:52:08.892+0000] {logging_mixin.py:190} INFO - [2024-10-06T21:52:08.892+0000] {dag.py:4156} INFO - Setting next_dagrun for tutorial to 2024-10-05 00:00:00+00:00, run_after=2024-10-06 00:00:00+00:00
[2024-10-06T21:52:08.906+0000] {processor.py:208} INFO - Processing /home/airflow/.local/lib/python3.12/site-packages/airflow/example_dags/tutorial.py took 0.049 seconds
[2024-10-06T22:53:03.743+0000] {processor.py:186} INFO - Started process (PID=26623) to work on /home/airflow/.local/lib/python3.12/site-packages/airflow/example_dags/tutorial.py
[2024-10-06T22:53:03.744+0000] {processor.py:914} INFO - Processing file /home/airflow/.local/lib/python3.12/site-packages/airflow/example_dags/tutorial.py for tasks to queue
[2024-10-06T22:53:03.745+0000] {logging_mixin.py:190} INFO - [2024-10-06T22:53:03.745+0000] {dagbag.py:587} INFO - Filling up the DagBag from /home/airflow/.local/lib/python3.12/site-packages/airflow/example_dags/tutorial.py
[2024-10-06T22:53:03.758+0000] {processor.py:925} INFO - DAG(s) 'tutorial' retrieved from /home/airflow/.local/lib/python3.12/site-packages/airflow/example_dags/tutorial.py
[2024-10-06T22:53:03.773+0000] {logging_mixin.py:190} INFO - [2024-10-06T22:53:03.773+0000] {dag.py:3229} INFO - Sync 1 DAGs
[2024-10-06T22:53:03.793+0000] {logging_mixin.py:190} INFO - [2024-10-06T22:53:03.793+0000] {dag.py:4156} INFO - Setting next_dagrun for tutorial to 2024-10-05 00:00:00+00:00, run_after=2024-10-06 00:00:00+00:00
[2024-10-06T22:53:03.808+0000] {processor.py:208} INFO - Processing /home/airflow/.local/lib/python3.12/site-packages/airflow/example_dags/tutorial.py took 0.069 seconds
[2024-10-06T23:21:12.469+0000] {processor.py:186} INFO - Started process (PID=26693) to work on /home/airflow/.local/lib/python3.12/site-packages/airflow/example_dags/tutorial.py
[2024-10-06T23:21:12.470+0000] {processor.py:914} INFO - Processing file /home/airflow/.local/lib/python3.12/site-packages/airflow/example_dags/tutorial.py for tasks to queue
[2024-10-06T23:21:12.471+0000] {logging_mixin.py:190} INFO - [2024-10-06T23:21:12.471+0000] {dagbag.py:587} INFO - Filling up the DagBag from /home/airflow/.local/lib/python3.12/site-packages/airflow/example_dags/tutorial.py
[2024-10-06T23:21:12.476+0000] {processor.py:925} INFO - DAG(s) 'tutorial' retrieved from /home/airflow/.local/lib/python3.12/site-packages/airflow/example_dags/tutorial.py
[2024-10-06T23:21:12.498+0000] {logging_mixin.py:190} INFO - [2024-10-06T23:21:12.497+0000] {dag.py:3229} INFO - Sync 1 DAGs
[2024-10-06T23:21:12.513+0000] {logging_mixin.py:190} INFO - [2024-10-06T23:21:12.513+0000] {dag.py:4156} INFO - Setting next_dagrun for tutorial to 2024-10-05 00:00:00+00:00, run_after=2024-10-06 00:00:00+00:00
[2024-10-06T23:21:12.536+0000] {processor.py:208} INFO - Processing /home/airflow/.local/lib/python3.12/site-packages/airflow/example_dags/tutorial.py took 0.070 seconds
[2024-10-06T23:39:13.756+0000] {processor.py:186} INFO - Started process (PID=26763) to work on /home/airflow/.local/lib/python3.12/site-packages/airflow/example_dags/tutorial.py
[2024-10-06T23:39:13.757+0000] {processor.py:914} INFO - Processing file /home/airflow/.local/lib/python3.12/site-packages/airflow/example_dags/tutorial.py for tasks to queue
[2024-10-06T23:39:13.758+0000] {logging_mixin.py:190} INFO - [2024-10-06T23:39:13.758+0000] {dagbag.py:587} INFO - Filling up the DagBag from /home/airflow/.local/lib/python3.12/site-packages/airflow/example_dags/tutorial.py
[2024-10-06T23:39:13.763+0000] {processor.py:925} INFO - DAG(s) 'tutorial' retrieved from /home/airflow/.local/lib/python3.12/site-packages/airflow/example_dags/tutorial.py
[2024-10-06T23:39:13.775+0000] {logging_mixin.py:190} INFO - [2024-10-06T23:39:13.775+0000] {dag.py:3229} INFO - Sync 1 DAGs
[2024-10-06T23:39:13.785+0000] {logging_mixin.py:190} INFO - [2024-10-06T23:39:13.785+0000] {dag.py:4156} INFO - Setting next_dagrun for tutorial to 2024-10-05 00:00:00+00:00, run_after=2024-10-06 00:00:00+00:00
[2024-10-06T23:39:13.797+0000] {processor.py:208} INFO - Processing /home/airflow/.local/lib/python3.12/site-packages/airflow/example_dags/tutorial.py took 0.045 seconds
