[2024-10-08T09:10:06.383+0000] {local_task_job_runner.py:123} INFO - ::group::Pre task execution logs
[2024-10-08T09:10:06.464+0000] {taskinstance.py:2612} INFO - Dependencies all met for dep_context=non-requeueable deps ti=<TaskInstance: spotify_etl_dag.process_songs manual__2024-10-08T09:09:15.922572+00:00 [queued]>
[2024-10-08T09:10:06.534+0000] {taskinstance.py:2612} INFO - Dependencies all met for dep_context=requeueable deps ti=<TaskInstance: spotify_etl_dag.process_songs manual__2024-10-08T09:09:15.922572+00:00 [queued]>
[2024-10-08T09:10:06.536+0000] {taskinstance.py:2865} INFO - Starting attempt 1 of 1
[2024-10-08T09:10:06.578+0000] {taskinstance.py:2888} INFO - Executing <Task(PythonOperator): process_songs> on 2024-10-08 09:09:15.922572+00:00
[2024-10-08T09:10:06.614+0000] {warnings.py:112} WARNING - /home/***/.local/lib/python3.12/site-packages/***/task/task_runner/standard_task_runner.py:70: DeprecationWarning: This process (pid=927) is multi-threaded, use of fork() may lead to deadlocks in the child.
  pid = os.fork()

[2024-10-08T09:10:06.640+0000] {standard_task_runner.py:72} INFO - Started process 941 to run task
[2024-10-08T09:10:06.646+0000] {standard_task_runner.py:104} INFO - Running: ['***', 'tasks', 'run', 'spotify_etl_dag', 'process_songs', 'manual__2024-10-08T09:09:15.922572+00:00', '--job-id', '450', '--raw', '--subdir', 'DAGS_FOLDER/spotify_***_pipeline.py', '--cfg-path', '/tmp/tmpsnifw966']
[2024-10-08T09:10:06.649+0000] {standard_task_runner.py:105} INFO - Job 450: Subtask process_songs
[2024-10-08T09:10:06.891+0000] {task_command.py:467} INFO - Running <TaskInstance: spotify_etl_dag.process_songs manual__2024-10-08T09:09:15.922572+00:00 [running]> on host da4c4a711107
[2024-10-08T09:10:07.401+0000] {taskinstance.py:3131} INFO - Exporting env vars: AIRFLOW_CTX_DAG_OWNER='Artika' AIRFLOW_CTX_DAG_ID='spotify_etl_dag' AIRFLOW_CTX_TASK_ID='process_songs' AIRFLOW_CTX_EXECUTION_DATE='2024-10-08T09:09:15.922572+00:00' AIRFLOW_CTX_TRY_NUMBER='1' AIRFLOW_CTX_DAG_RUN_ID='manual__2024-10-08T09:09:15.922572+00:00'
[2024-10-08T09:10:07.412+0000] {logging_mixin.py:190} INFO - Task instance is in running state
[2024-10-08T09:10:07.413+0000] {logging_mixin.py:190} INFO -  Previous state of the Task instance: queued
[2024-10-08T09:10:07.420+0000] {logging_mixin.py:190} INFO - Current task name:process_songs state:running start_date:2024-10-08 09:10:06.512194+00:00
[2024-10-08T09:10:07.421+0000] {logging_mixin.py:190} INFO - Dag name:spotify_etl_dag and current dag run status:running
[2024-10-08T09:10:07.422+0000] {taskinstance.py:731} INFO - ::endgroup::
[2024-10-08T09:10:28.570+0000] {job.py:229} INFO - Heartbeat recovered after 22.42 seconds
[2024-10-08T09:10:30.333+0000] {python.py:240} INFO - Done. Returned value was: None
[2024-10-08T09:10:30.735+0000] {taskinstance.py:340} INFO - ::group::Post task execution logs
[2024-10-08T09:10:30.749+0000] {taskinstance.py:352} INFO - Marking task as SUCCESS. dag_id=spotify_etl_dag, task_id=process_songs, run_id=manual__2024-10-08T09:09:15.922572+00:00, execution_date=20241008T090915, start_date=20241008T091006, end_date=20241008T091030
[2024-10-08T09:10:31.013+0000] {logging_mixin.py:190} INFO - Task instance in success state
[2024-10-08T09:10:31.030+0000] {logging_mixin.py:190} INFO -  Previous state of the Task instance: running
[2024-10-08T09:10:31.056+0000] {logging_mixin.py:190} INFO - Dag name:spotify_etl_dag queued_at:2024-10-08 09:09:16.540137+00:00
[2024-10-08T09:10:31.060+0000] {logging_mixin.py:190} INFO - Task hostname:da4c4a711107 operator:PythonOperator
[2024-10-08T09:10:31.297+0000] {local_task_job_runner.py:266} INFO - Task exited with return code 0
[2024-10-08T09:10:31.984+0000] {local_task_job_runner.py:245} INFO - ::endgroup::
