[2024-10-08T08:45:25.264+0000] {local_task_job_runner.py:123} INFO - ::group::Pre task execution logs
[2024-10-08T08:45:25.331+0000] {taskinstance.py:2612} INFO - Dependencies all met for dep_context=non-requeueable deps ti=<TaskInstance: spotify_etl_dag.store_album_to_s3 manual__2024-10-08T08:44:36.952393+00:00 [queued]>
[2024-10-08T08:45:25.360+0000] {taskinstance.py:2612} INFO - Dependencies all met for dep_context=requeueable deps ti=<TaskInstance: spotify_etl_dag.store_album_to_s3 manual__2024-10-08T08:44:36.952393+00:00 [queued]>
[2024-10-08T08:45:25.363+0000] {taskinstance.py:2865} INFO - Starting attempt 1 of 1
[2024-10-08T08:45:25.422+0000] {taskinstance.py:2888} INFO - Executing <Task(S3CreateObjectOperator): store_album_to_s3> on 2024-10-08 08:44:36.952393+00:00
[2024-10-08T08:45:25.450+0000] {warnings.py:112} WARNING - /home/***/.local/lib/python3.12/site-packages/***/task/task_runner/standard_task_runner.py:70: DeprecationWarning: This process (pid=425) is multi-threaded, use of fork() may lead to deadlocks in the child.
  pid = os.fork()

[2024-10-08T08:45:25.465+0000] {standard_task_runner.py:104} INFO - Running: ['***', 'tasks', 'run', 'spotify_etl_dag', 'store_album_to_s3', 'manual__2024-10-08T08:44:36.952393+00:00', '--job-id', '404', '--raw', '--subdir', 'DAGS_FOLDER/spotify_***_pipeline.py', '--cfg-path', '/tmp/tmp5rp_h9rg']
[2024-10-08T08:45:25.475+0000] {standard_task_runner.py:72} INFO - Started process 431 to run task
[2024-10-08T08:45:25.477+0000] {standard_task_runner.py:105} INFO - Job 404: Subtask store_album_to_s3
[2024-10-08T08:45:25.914+0000] {task_command.py:467} INFO - Running <TaskInstance: spotify_etl_dag.store_album_to_s3 manual__2024-10-08T08:44:36.952393+00:00 [running]> on host da4c4a711107
[2024-10-08T08:45:26.474+0000] {taskinstance.py:3131} INFO - Exporting env vars: AIRFLOW_CTX_DAG_OWNER='Artika' AIRFLOW_CTX_DAG_ID='spotify_etl_dag' AIRFLOW_CTX_TASK_ID='store_album_to_s3' AIRFLOW_CTX_EXECUTION_DATE='2024-10-08T08:44:36.952393+00:00' AIRFLOW_CTX_TRY_NUMBER='1' AIRFLOW_CTX_DAG_RUN_ID='manual__2024-10-08T08:44:36.952393+00:00'
[2024-10-08T08:45:26.485+0000] {logging_mixin.py:190} INFO - Task instance is in running state
[2024-10-08T08:45:26.486+0000] {logging_mixin.py:190} INFO -  Previous state of the Task instance: queued
[2024-10-08T08:45:26.487+0000] {logging_mixin.py:190} INFO - Current task name:store_album_to_s3 state:running start_date:2024-10-08 08:45:25.333985+00:00
[2024-10-08T08:45:26.487+0000] {logging_mixin.py:190} INFO - Dag name:spotify_etl_dag and current dag run status:running
[2024-10-08T08:45:26.488+0000] {taskinstance.py:731} INFO - ::endgroup::
[2024-10-08T08:45:26.541+0000] {base.py:84} INFO - Retrieving connection 'aws_s3_bucket'
[2024-10-08T08:45:26.547+0000] {connection_wrapper.py:388} INFO - AWS Connection (conn_id='aws_s3_bucket', conn_type='aws') credentials retrieved from login and password.
[2024-10-08T08:45:30.113+0000] {taskinstance.py:340} INFO - ::group::Post task execution logs
[2024-10-08T08:45:30.129+0000] {taskinstance.py:352} INFO - Marking task as SUCCESS. dag_id=spotify_etl_dag, task_id=store_album_to_s3, run_id=manual__2024-10-08T08:44:36.952393+00:00, execution_date=20241008T084436, start_date=20241008T084525, end_date=20241008T084530
[2024-10-08T08:45:30.221+0000] {logging_mixin.py:190} INFO - Task instance in success state
[2024-10-08T08:45:30.223+0000] {logging_mixin.py:190} INFO -  Previous state of the Task instance: running
[2024-10-08T08:45:30.224+0000] {logging_mixin.py:190} INFO - Dag name:spotify_etl_dag queued_at:2024-10-08 08:44:37.010263+00:00
[2024-10-08T08:45:30.226+0000] {logging_mixin.py:190} INFO - Task hostname:da4c4a711107 operator:S3CreateObjectOperator
[2024-10-08T08:45:30.305+0000] {local_task_job_runner.py:266} INFO - Task exited with return code 0
[2024-10-08T08:45:30.396+0000] {local_task_job_runner.py:245} INFO - ::endgroup::
