[2024-10-08T09:10:52.446+0000] {local_task_job_runner.py:123} INFO - ::group::Pre task execution logs
[2024-10-08T09:10:52.460+0000] {taskinstance.py:2612} INFO - Dependencies all met for dep_context=non-requeueable deps ti=<TaskInstance: spotify_etl_dag.move_processed_data manual__2024-10-08T09:09:15.922572+00:00 [queued]>
[2024-10-08T09:10:52.465+0000] {taskinstance.py:2612} INFO - Dependencies all met for dep_context=requeueable deps ti=<TaskInstance: spotify_etl_dag.move_processed_data manual__2024-10-08T09:09:15.922572+00:00 [queued]>
[2024-10-08T09:10:52.465+0000] {taskinstance.py:2865} INFO - Starting attempt 1 of 1
[2024-10-08T09:10:52.476+0000] {taskinstance.py:2888} INFO - Executing <Task(PythonOperator): move_processed_data> on 2024-10-08 09:09:15.922572+00:00
[2024-10-08T09:10:52.482+0000] {warnings.py:112} WARNING - /home/***/.local/lib/python3.12/site-packages/***/task/task_runner/standard_task_runner.py:70: DeprecationWarning: This process (pid=968) is multi-threaded, use of fork() may lead to deadlocks in the child.
  pid = os.fork()

[2024-10-08T09:10:52.494+0000] {standard_task_runner.py:72} INFO - Started process 970 to run task
[2024-10-08T09:10:52.494+0000] {standard_task_runner.py:104} INFO - Running: ['***', 'tasks', 'run', 'spotify_etl_dag', 'move_processed_data', 'manual__2024-10-08T09:09:15.922572+00:00', '--job-id', '455', '--raw', '--subdir', 'DAGS_FOLDER/spotify_***_pipeline.py', '--cfg-path', '/tmp/tmpw0x3pqna']
[2024-10-08T09:10:52.500+0000] {standard_task_runner.py:105} INFO - Job 455: Subtask move_processed_data
[2024-10-08T09:10:52.557+0000] {task_command.py:467} INFO - Running <TaskInstance: spotify_etl_dag.move_processed_data manual__2024-10-08T09:09:15.922572+00:00 [running]> on host da4c4a711107
[2024-10-08T09:10:52.657+0000] {taskinstance.py:3131} INFO - Exporting env vars: AIRFLOW_CTX_DAG_OWNER='Artika' AIRFLOW_CTX_DAG_ID='spotify_etl_dag' AIRFLOW_CTX_TASK_ID='move_processed_data' AIRFLOW_CTX_EXECUTION_DATE='2024-10-08T09:09:15.922572+00:00' AIRFLOW_CTX_TRY_NUMBER='1' AIRFLOW_CTX_DAG_RUN_ID='manual__2024-10-08T09:09:15.922572+00:00'
[2024-10-08T09:10:52.660+0000] {logging_mixin.py:190} INFO - Task instance is in running state
[2024-10-08T09:10:52.660+0000] {logging_mixin.py:190} INFO -  Previous state of the Task instance: queued
[2024-10-08T09:10:52.661+0000] {logging_mixin.py:190} INFO - Current task name:move_processed_data state:running start_date:2024-10-08 09:10:52.460286+00:00
[2024-10-08T09:10:52.661+0000] {logging_mixin.py:190} INFO - Dag name:spotify_etl_dag and current dag run status:running
[2024-10-08T09:10:52.661+0000] {taskinstance.py:731} INFO - ::endgroup::
[2024-10-08T09:10:52.671+0000] {base.py:84} INFO - Retrieving connection 'aws_s3_bucket'
[2024-10-08T09:10:52.672+0000] {connection_wrapper.py:388} INFO - AWS Connection (conn_id='aws_s3_bucket', conn_type='aws') credentials retrieved from login and password.
[2024-10-08T09:10:54.624+0000] {s3.py:1383} INFO - Deleted: ['raw_data/to_processed/spotify_raw_20241008073649.json']
[2024-10-08T09:10:55.033+0000] {s3.py:1383} INFO - Deleted: ['raw_data/to_processed/spotify_raw_20241008074036.json']
[2024-10-08T09:10:55.465+0000] {s3.py:1383} INFO - Deleted: ['raw_data/to_processed/spotify_raw_20241008074651.json']
[2024-10-08T09:10:55.885+0000] {s3.py:1383} INFO - Deleted: ['raw_data/to_processed/spotify_raw_20241008082933.json']
[2024-10-08T09:10:56.308+0000] {s3.py:1383} INFO - Deleted: ['raw_data/to_processed/spotify_raw_20241008083207.json']
[2024-10-08T09:10:56.739+0000] {s3.py:1383} INFO - Deleted: ['raw_data/to_processed/spotify_raw_20241008083334.json']
[2024-10-08T09:10:57.298+0000] {s3.py:1383} INFO - Deleted: ['raw_data/to_processed/spotify_raw_20241008083541.json']
[2024-10-08T09:10:57.720+0000] {s3.py:1383} INFO - Deleted: ['raw_data/to_processed/spotify_raw_20241008084348.json']
[2024-10-08T09:10:58.148+0000] {s3.py:1383} INFO - Deleted: ['raw_data/to_processed/spotify_raw_20241008084443.json']
[2024-10-08T09:10:58.560+0000] {s3.py:1383} INFO - Deleted: ['raw_data/to_processed/spotify_raw_20241008090120.json']
[2024-10-08T09:10:59.051+0000] {s3.py:1383} INFO - Deleted: ['raw_data/to_processed/spotify_raw_20241008090402.json']
[2024-10-08T09:10:59.463+0000] {s3.py:1383} INFO - Deleted: ['raw_data/to_processed/spotify_raw_20241008090532.json']
[2024-10-08T09:10:59.890+0000] {s3.py:1383} INFO - Deleted: ['raw_data/to_processed/spotify_raw_20241008090655.json']
[2024-10-08T09:11:00.314+0000] {s3.py:1383} INFO - Deleted: ['raw_data/to_processed/spotify_raw_20241008090935.json']
[2024-10-08T09:11:00.316+0000] {python.py:240} INFO - Done. Returned value was: None
[2024-10-08T09:11:00.340+0000] {taskinstance.py:340} INFO - ::group::Post task execution logs
[2024-10-08T09:11:00.341+0000] {taskinstance.py:352} INFO - Marking task as SUCCESS. dag_id=spotify_etl_dag, task_id=move_processed_data, run_id=manual__2024-10-08T09:09:15.922572+00:00, execution_date=20241008T090915, start_date=20241008T091052, end_date=20241008T091100
[2024-10-08T09:11:00.368+0000] {logging_mixin.py:190} INFO - Task instance in success state
[2024-10-08T09:11:00.368+0000] {logging_mixin.py:190} INFO -  Previous state of the Task instance: running
[2024-10-08T09:11:00.369+0000] {logging_mixin.py:190} INFO - Dag name:spotify_etl_dag queued_at:2024-10-08 09:09:16.540137+00:00
[2024-10-08T09:11:00.370+0000] {logging_mixin.py:190} INFO - Task hostname:da4c4a711107 operator:PythonOperator
[2024-10-08T09:11:00.388+0000] {local_task_job_runner.py:266} INFO - Task exited with return code 0
[2024-10-08T09:11:00.418+0000] {taskinstance.py:3900} INFO - 0 downstream tasks scheduled from follow-on schedule check
[2024-10-08T09:11:00.421+0000] {local_task_job_runner.py:245} INFO - ::endgroup::
