[2024-10-08T08:30:26.755+0000] {local_task_job_runner.py:123} INFO - ::group::Pre task execution logs
[2024-10-08T08:30:26.882+0000] {taskinstance.py:2612} INFO - Dependencies all met for dep_context=non-requeueable deps ti=<TaskInstance: spotify_etl_dag.read_data_from_s3 manual__2024-10-08T08:29:03.305825+00:00 [queued]>
[2024-10-08T08:30:26.898+0000] {taskinstance.py:2612} INFO - Dependencies all met for dep_context=requeueable deps ti=<TaskInstance: spotify_etl_dag.read_data_from_s3 manual__2024-10-08T08:29:03.305825+00:00 [queued]>
[2024-10-08T08:30:26.899+0000] {taskinstance.py:2865} INFO - Starting attempt 1 of 1
[2024-10-08T08:30:26.943+0000] {taskinstance.py:2888} INFO - Executing <Task(PythonOperator): read_data_from_s3> on 2024-10-08 08:29:03.305825+00:00
[2024-10-08T08:30:26.991+0000] {warnings.py:112} WARNING - /home/***/.local/lib/python3.12/site-packages/***/task/task_runner/standard_task_runner.py:70: DeprecationWarning: This process (pid=124) is multi-threaded, use of fork() may lead to deadlocks in the child.
  pid = os.fork()

[2024-10-08T08:30:27.004+0000] {standard_task_runner.py:72} INFO - Started process 126 to run task
[2024-10-08T08:30:27.011+0000] {standard_task_runner.py:104} INFO - Running: ['***', 'tasks', 'run', 'spotify_etl_dag', 'read_data_from_s3', 'manual__2024-10-08T08:29:03.305825+00:00', '--job-id', '375', '--raw', '--subdir', 'DAGS_FOLDER/spotify_***_pipeline.py', '--cfg-path', '/tmp/tmp2uqw6x9z']
[2024-10-08T08:30:27.013+0000] {standard_task_runner.py:105} INFO - Job 375: Subtask read_data_from_s3
[2024-10-08T08:30:27.127+0000] {task_command.py:467} INFO - Running <TaskInstance: spotify_etl_dag.read_data_from_s3 manual__2024-10-08T08:29:03.305825+00:00 [running]> on host da4c4a711107
[2024-10-08T08:30:27.311+0000] {taskinstance.py:3131} INFO - Exporting env vars: AIRFLOW_CTX_DAG_OWNER='Artika' AIRFLOW_CTX_DAG_ID='spotify_etl_dag' AIRFLOW_CTX_TASK_ID='read_data_from_s3' AIRFLOW_CTX_EXECUTION_DATE='2024-10-08T08:29:03.305825+00:00' AIRFLOW_CTX_TRY_NUMBER='1' AIRFLOW_CTX_DAG_RUN_ID='manual__2024-10-08T08:29:03.305825+00:00'
[2024-10-08T08:30:27.315+0000] {logging_mixin.py:190} INFO - Task instance is in running state
[2024-10-08T08:30:27.317+0000] {logging_mixin.py:190} INFO -  Previous state of the Task instance: queued
[2024-10-08T08:30:27.317+0000] {logging_mixin.py:190} INFO - Current task name:read_data_from_s3 state:running start_date:2024-10-08 08:30:26.885104+00:00
[2024-10-08T08:30:27.318+0000] {logging_mixin.py:190} INFO - Dag name:spotify_etl_dag and current dag run status:running
[2024-10-08T08:30:27.319+0000] {taskinstance.py:731} INFO - ::endgroup::
[2024-10-08T08:30:27.396+0000] {base.py:84} INFO - Retrieving connection 'aws_s3_bucket'
[2024-10-08T08:30:27.413+0000] {connection_wrapper.py:388} INFO - AWS Connection (conn_id='aws_s3_bucket', conn_type='aws') credentials retrieved from login and password.
[2024-10-08T08:30:33.156+0000] {python.py:240} INFO - Done. Returned value was: None
[2024-10-08T08:30:33.169+0000] {taskinstance.py:340} INFO - ::group::Post task execution logs
[2024-10-08T08:30:33.170+0000] {taskinstance.py:352} INFO - Marking task as SUCCESS. dag_id=spotify_etl_dag, task_id=read_data_from_s3, run_id=manual__2024-10-08T08:29:03.305825+00:00, execution_date=20241008T082903, start_date=20241008T083026, end_date=20241008T083033
[2024-10-08T08:30:33.179+0000] {logging_mixin.py:190} INFO - Task instance in success state
[2024-10-08T08:30:33.180+0000] {logging_mixin.py:190} INFO -  Previous state of the Task instance: running
[2024-10-08T08:30:33.180+0000] {logging_mixin.py:190} INFO - Dag name:spotify_etl_dag queued_at:2024-10-08 08:29:03.363967+00:00
[2024-10-08T08:30:33.180+0000] {logging_mixin.py:190} INFO - Task hostname:da4c4a711107 operator:PythonOperator
[2024-10-08T08:30:33.207+0000] {local_task_job_runner.py:266} INFO - Task exited with return code 0
[2024-10-08T08:30:33.254+0000] {taskinstance.py:3900} INFO - 1 downstream tasks scheduled from follow-on schedule check
[2024-10-08T08:30:33.256+0000] {local_task_job_runner.py:245} INFO - ::endgroup::
