[2024-10-12T00:00:28.004+0000] {local_task_job_runner.py:123} INFO - ::group::Pre task execution logs
[2024-10-12T00:00:28.015+0000] {taskinstance.py:2612} INFO - Dependencies all met for dep_context=non-requeueable deps ti=<TaskInstance: spotify_etl_dag.read_data_from_s3 scheduled__2024-10-11T00:00:00+00:00 [queued]>
[2024-10-12T00:00:28.018+0000] {taskinstance.py:2612} INFO - Dependencies all met for dep_context=requeueable deps ti=<TaskInstance: spotify_etl_dag.read_data_from_s3 scheduled__2024-10-11T00:00:00+00:00 [queued]>
[2024-10-12T00:00:28.018+0000] {taskinstance.py:2865} INFO - Starting attempt 1 of 1
[2024-10-12T00:00:28.030+0000] {taskinstance.py:2888} INFO - Executing <Task(PythonOperator): read_data_from_s3> on 2024-10-11 00:00:00+00:00
[2024-10-12T00:00:28.038+0000] {warnings.py:112} WARNING - /home/***/.local/lib/python3.12/site-packages/***/task/task_runner/standard_task_runner.py:70: DeprecationWarning: This process (pid=5316) is multi-threaded, use of fork() may lead to deadlocks in the child.
  pid = os.fork()

[2024-10-12T00:00:28.039+0000] {standard_task_runner.py:72} INFO - Started process 5318 to run task
[2024-10-12T00:00:28.040+0000] {standard_task_runner.py:104} INFO - Running: ['***', 'tasks', 'run', 'spotify_etl_dag', 'read_data_from_s3', 'scheduled__2024-10-11T00:00:00+00:00', '--job-id', '471', '--raw', '--subdir', 'DAGS_FOLDER/spotify_***_pipeline.py', '--cfg-path', '/tmp/tmpemoubv5f']
[2024-10-12T00:00:28.041+0000] {standard_task_runner.py:105} INFO - Job 471: Subtask read_data_from_s3
[2024-10-12T00:00:28.078+0000] {task_command.py:467} INFO - Running <TaskInstance: spotify_etl_dag.read_data_from_s3 scheduled__2024-10-11T00:00:00+00:00 [running]> on host da4c4a711107
[2024-10-12T00:00:28.129+0000] {taskinstance.py:3131} INFO - Exporting env vars: AIRFLOW_CTX_DAG_OWNER='Artika' AIRFLOW_CTX_DAG_ID='spotify_etl_dag' AIRFLOW_CTX_TASK_ID='read_data_from_s3' AIRFLOW_CTX_EXECUTION_DATE='2024-10-11T00:00:00+00:00' AIRFLOW_CTX_TRY_NUMBER='1' AIRFLOW_CTX_DAG_RUN_ID='scheduled__2024-10-11T00:00:00+00:00'
[2024-10-12T00:00:28.130+0000] {logging_mixin.py:190} INFO - Task instance is in running state
[2024-10-12T00:00:28.130+0000] {logging_mixin.py:190} INFO -  Previous state of the Task instance: queued
[2024-10-12T00:00:28.130+0000] {logging_mixin.py:190} INFO - Current task name:read_data_from_s3 state:running start_date:2024-10-12 00:00:28.015332+00:00
[2024-10-12T00:00:28.131+0000] {logging_mixin.py:190} INFO - Dag name:spotify_etl_dag and current dag run status:running
[2024-10-12T00:00:28.131+0000] {taskinstance.py:731} INFO - ::endgroup::
[2024-10-12T00:00:28.144+0000] {base.py:84} INFO - Retrieving connection 'aws_s3_bucket'
[2024-10-12T00:00:28.155+0000] {connection_wrapper.py:388} INFO - AWS Connection (conn_id='aws_s3_bucket', conn_type='aws') credentials retrieved from login and password.
[2024-10-12T00:00:31.586+0000] {python.py:240} INFO - Done. Returned value was: None
[2024-10-12T00:00:31.607+0000] {taskinstance.py:340} INFO - ::group::Post task execution logs
[2024-10-12T00:00:31.608+0000] {taskinstance.py:352} INFO - Marking task as SUCCESS. dag_id=spotify_etl_dag, task_id=read_data_from_s3, run_id=scheduled__2024-10-11T00:00:00+00:00, execution_date=20241011T000000, start_date=20241012T000028, end_date=20241012T000031
[2024-10-12T00:00:31.645+0000] {logging_mixin.py:190} INFO - Task instance in success state
[2024-10-12T00:00:31.647+0000] {logging_mixin.py:190} INFO -  Previous state of the Task instance: running
[2024-10-12T00:00:31.648+0000] {logging_mixin.py:190} INFO - Dag name:spotify_etl_dag queued_at:2024-10-12 00:00:00.671097+00:00
[2024-10-12T00:00:31.648+0000] {logging_mixin.py:190} INFO - Task hostname:da4c4a711107 operator:PythonOperator
[2024-10-12T00:00:31.688+0000] {local_task_job_runner.py:266} INFO - Task exited with return code 0
[2024-10-12T00:00:31.774+0000] {taskinstance.py:3900} INFO - 3 downstream tasks scheduled from follow-on schedule check
[2024-10-12T00:00:31.776+0000] {local_task_job_runner.py:245} INFO - ::endgroup::
