[2024-11-27T00:00:10.172+0000] {local_task_job_runner.py:123} INFO - ::group::Pre task execution logs
[2024-11-27T00:00:10.181+0000] {taskinstance.py:2612} INFO - Dependencies all met for dep_context=non-requeueable deps ti=<TaskInstance: spotify_etl_dag.read_data_from_s3 scheduled__2024-11-26T00:00:00+00:00 [queued]>
[2024-11-27T00:00:10.184+0000] {taskinstance.py:2612} INFO - Dependencies all met for dep_context=requeueable deps ti=<TaskInstance: spotify_etl_dag.read_data_from_s3 scheduled__2024-11-26T00:00:00+00:00 [queued]>
[2024-11-27T00:00:10.185+0000] {taskinstance.py:2865} INFO - Starting attempt 1 of 1
[2024-11-27T00:00:10.192+0000] {taskinstance.py:2888} INFO - Executing <Task(PythonOperator): read_data_from_s3> on 2024-11-26 00:00:00+00:00
[2024-11-27T00:00:10.204+0000] {warnings.py:112} WARNING - /home/***/.local/lib/python3.12/site-packages/***/task/task_runner/standard_task_runner.py:70: DeprecationWarning: This process (pid=1279) is multi-threaded, use of fork() may lead to deadlocks in the child.
  pid = os.fork()

[2024-11-27T00:00:10.205+0000] {standard_task_runner.py:72} INFO - Started process 1281 to run task
[2024-11-27T00:00:10.206+0000] {standard_task_runner.py:104} INFO - Running: ['***', 'tasks', 'run', 'spotify_etl_dag', 'read_data_from_s3', 'scheduled__2024-11-26T00:00:00+00:00', '--job-id', '501', '--raw', '--subdir', 'DAGS_FOLDER/spotify_***_pipeline.py', '--cfg-path', '/tmp/tmp0gpcojwq']
[2024-11-27T00:00:10.207+0000] {standard_task_runner.py:105} INFO - Job 501: Subtask read_data_from_s3
[2024-11-27T00:00:10.242+0000] {task_command.py:467} INFO - Running <TaskInstance: spotify_etl_dag.read_data_from_s3 scheduled__2024-11-26T00:00:00+00:00 [running]> on host da4c4a711107
[2024-11-27T00:00:10.287+0000] {taskinstance.py:3131} INFO - Exporting env vars: AIRFLOW_CTX_DAG_OWNER='Artika' AIRFLOW_CTX_DAG_ID='spotify_etl_dag' AIRFLOW_CTX_TASK_ID='read_data_from_s3' AIRFLOW_CTX_EXECUTION_DATE='2024-11-26T00:00:00+00:00' AIRFLOW_CTX_TRY_NUMBER='1' AIRFLOW_CTX_DAG_RUN_ID='scheduled__2024-11-26T00:00:00+00:00'
[2024-11-27T00:00:10.288+0000] {logging_mixin.py:190} INFO - Task instance is in running state
[2024-11-27T00:00:10.288+0000] {logging_mixin.py:190} INFO -  Previous state of the Task instance: queued
[2024-11-27T00:00:10.288+0000] {logging_mixin.py:190} INFO - Current task name:read_data_from_s3 state:running start_date:2024-11-27 00:00:10.181550+00:00
[2024-11-27T00:00:10.289+0000] {logging_mixin.py:190} INFO - Dag name:spotify_etl_dag and current dag run status:running
[2024-11-27T00:00:10.289+0000] {taskinstance.py:731} INFO - ::endgroup::
[2024-11-27T00:00:10.294+0000] {base.py:84} INFO - Retrieving connection 'aws_s3_bucket'
[2024-11-27T00:00:10.295+0000] {connection_wrapper.py:388} INFO - AWS Connection (conn_id='aws_s3_bucket', conn_type='aws') credentials retrieved from login and password.
[2024-11-27T00:00:13.527+0000] {python.py:240} INFO - Done. Returned value was: None
[2024-11-27T00:00:13.543+0000] {taskinstance.py:340} INFO - ::group::Post task execution logs
[2024-11-27T00:00:13.545+0000] {taskinstance.py:352} INFO - Marking task as SUCCESS. dag_id=spotify_etl_dag, task_id=read_data_from_s3, run_id=scheduled__2024-11-26T00:00:00+00:00, execution_date=20241126T000000, start_date=20241127T000010, end_date=20241127T000013
[2024-11-27T00:00:13.555+0000] {logging_mixin.py:190} INFO - Task instance in success state
[2024-11-27T00:00:13.555+0000] {logging_mixin.py:190} INFO -  Previous state of the Task instance: running
[2024-11-27T00:00:13.556+0000] {logging_mixin.py:190} INFO - Dag name:spotify_etl_dag queued_at:2024-11-27 00:00:00.066839+00:00
[2024-11-27T00:00:13.557+0000] {logging_mixin.py:190} INFO - Task hostname:da4c4a711107 operator:PythonOperator
[2024-11-27T00:00:13.582+0000] {local_task_job_runner.py:266} INFO - Task exited with return code 0
[2024-11-27T00:00:13.624+0000] {taskinstance.py:3900} INFO - 3 downstream tasks scheduled from follow-on schedule check
[2024-11-27T00:00:13.625+0000] {local_task_job_runner.py:245} INFO - ::endgroup::
