[2024-10-08T09:09:53.181+0000] {local_task_job_runner.py:123} INFO - ::group::Pre task execution logs
[2024-10-08T09:09:53.218+0000] {taskinstance.py:2612} INFO - Dependencies all met for dep_context=non-requeueable deps ti=<TaskInstance: spotify_etl_dag.process_artists manual__2024-10-08T09:09:15.922572+00:00 [queued]>
[2024-10-08T09:09:53.237+0000] {taskinstance.py:2612} INFO - Dependencies all met for dep_context=requeueable deps ti=<TaskInstance: spotify_etl_dag.process_artists manual__2024-10-08T09:09:15.922572+00:00 [queued]>
[2024-10-08T09:09:53.237+0000] {taskinstance.py:2865} INFO - Starting attempt 1 of 1
[2024-10-08T09:09:53.269+0000] {taskinstance.py:2888} INFO - Executing <Task(PythonOperator): process_artists> on 2024-10-08 09:09:15.922572+00:00
[2024-10-08T09:09:53.314+0000] {warnings.py:112} WARNING - /home/***/.local/lib/python3.12/site-packages/***/task/task_runner/standard_task_runner.py:70: DeprecationWarning: This process (pid=924) is multi-threaded, use of fork() may lead to deadlocks in the child.
  pid = os.fork()

[2024-10-08T09:09:53.317+0000] {standard_task_runner.py:72} INFO - Started process 937 to run task
[2024-10-08T09:09:53.318+0000] {standard_task_runner.py:104} INFO - Running: ['***', 'tasks', 'run', 'spotify_etl_dag', 'process_artists', 'manual__2024-10-08T09:09:15.922572+00:00', '--job-id', '449', '--raw', '--subdir', 'DAGS_FOLDER/spotify_***_pipeline.py', '--cfg-path', '/tmp/tmpm4bd9dm3']
[2024-10-08T09:09:53.321+0000] {standard_task_runner.py:105} INFO - Job 449: Subtask process_artists
[2024-10-08T09:09:53.481+0000] {task_command.py:467} INFO - Running <TaskInstance: spotify_etl_dag.process_artists manual__2024-10-08T09:09:15.922572+00:00 [running]> on host da4c4a711107
[2024-10-08T09:09:53.690+0000] {taskinstance.py:3131} INFO - Exporting env vars: AIRFLOW_CTX_DAG_OWNER='Artika' AIRFLOW_CTX_DAG_ID='spotify_etl_dag' AIRFLOW_CTX_TASK_ID='process_artists' AIRFLOW_CTX_EXECUTION_DATE='2024-10-08T09:09:15.922572+00:00' AIRFLOW_CTX_TRY_NUMBER='1' AIRFLOW_CTX_DAG_RUN_ID='manual__2024-10-08T09:09:15.922572+00:00'
[2024-10-08T09:09:53.696+0000] {logging_mixin.py:190} INFO - Task instance is in running state
[2024-10-08T09:09:53.697+0000] {logging_mixin.py:190} INFO -  Previous state of the Task instance: queued
[2024-10-08T09:09:53.700+0000] {logging_mixin.py:190} INFO - Current task name:process_artists state:running start_date:2024-10-08 09:09:53.218999+00:00
[2024-10-08T09:09:53.701+0000] {logging_mixin.py:190} INFO - Dag name:spotify_etl_dag and current dag run status:running
[2024-10-08T09:09:53.701+0000] {taskinstance.py:731} INFO - ::endgroup::
[2024-10-08T09:09:59.222+0000] {python.py:240} INFO - Done. Returned value was: None
[2024-10-08T09:09:59.380+0000] {taskinstance.py:340} INFO - ::group::Post task execution logs
[2024-10-08T09:09:59.386+0000] {taskinstance.py:352} INFO - Marking task as SUCCESS. dag_id=spotify_etl_dag, task_id=process_artists, run_id=manual__2024-10-08T09:09:15.922572+00:00, execution_date=20241008T090915, start_date=20241008T090953, end_date=20241008T090959
[2024-10-08T09:09:59.488+0000] {logging_mixin.py:190} INFO - Task instance in success state
[2024-10-08T09:09:59.491+0000] {logging_mixin.py:190} INFO -  Previous state of the Task instance: running
[2024-10-08T09:09:59.498+0000] {logging_mixin.py:190} INFO - Dag name:spotify_etl_dag queued_at:2024-10-08 09:09:16.540137+00:00
[2024-10-08T09:09:59.499+0000] {logging_mixin.py:190} INFO - Task hostname:da4c4a711107 operator:PythonOperator
[2024-10-08T09:09:59.597+0000] {local_task_job_runner.py:266} INFO - Task exited with return code 0
[2024-10-08T09:09:59.788+0000] {local_task_job_runner.py:245} INFO - ::endgroup::
