[2024-10-11T00:27:11.644+0000] {local_task_job_runner.py:123} INFO - ::group::Pre task execution logs
[2024-10-11T00:27:11.652+0000] {taskinstance.py:2612} INFO - Dependencies all met for dep_context=non-requeueable deps ti=<TaskInstance: spotify_etl_dag.upload_raw_to_s3 scheduled__2024-10-10T00:00:00+00:00 [queued]>
[2024-10-11T00:27:11.658+0000] {taskinstance.py:2612} INFO - Dependencies all met for dep_context=requeueable deps ti=<TaskInstance: spotify_etl_dag.upload_raw_to_s3 scheduled__2024-10-10T00:00:00+00:00 [queued]>
[2024-10-11T00:27:11.658+0000] {taskinstance.py:2865} INFO - Starting attempt 1 of 1
[2024-10-11T00:27:11.665+0000] {taskinstance.py:2888} INFO - Executing <Task(S3CreateObjectOperator): upload_raw_to_s3> on 2024-10-10 00:00:00+00:00
[2024-10-11T00:27:11.672+0000] {warnings.py:112} WARNING - /home/***/.local/lib/python3.12/site-packages/***/task/task_runner/standard_task_runner.py:70: DeprecationWarning: This process (pid=4160) is multi-threaded, use of fork() may lead to deadlocks in the child.
  pid = os.fork()

[2024-10-11T00:27:11.673+0000] {standard_task_runner.py:72} INFO - Started process 4162 to run task
[2024-10-11T00:27:11.673+0000] {standard_task_runner.py:104} INFO - Running: ['***', 'tasks', 'run', 'spotify_etl_dag', 'upload_raw_to_s3', 'scheduled__2024-10-10T00:00:00+00:00', '--job-id', '460', '--raw', '--subdir', 'DAGS_FOLDER/spotify_***_pipeline.py', '--cfg-path', '/tmp/tmpbcstk1_d']
[2024-10-11T00:27:11.674+0000] {standard_task_runner.py:105} INFO - Job 460: Subtask upload_raw_to_s3
[2024-10-11T00:27:11.698+0000] {task_command.py:467} INFO - Running <TaskInstance: spotify_etl_dag.upload_raw_to_s3 scheduled__2024-10-10T00:00:00+00:00 [running]> on host da4c4a711107
[2024-10-11T00:27:11.767+0000] {taskinstance.py:3131} INFO - Exporting env vars: AIRFLOW_CTX_DAG_OWNER='Artika' AIRFLOW_CTX_DAG_ID='spotify_etl_dag' AIRFLOW_CTX_TASK_ID='upload_raw_to_s3' AIRFLOW_CTX_EXECUTION_DATE='2024-10-10T00:00:00+00:00' AIRFLOW_CTX_TRY_NUMBER='1' AIRFLOW_CTX_DAG_RUN_ID='scheduled__2024-10-10T00:00:00+00:00'
[2024-10-11T00:27:11.768+0000] {logging_mixin.py:190} INFO - Task instance is in running state
[2024-10-11T00:27:11.769+0000] {logging_mixin.py:190} INFO -  Previous state of the Task instance: queued
[2024-10-11T00:27:11.769+0000] {logging_mixin.py:190} INFO - Current task name:upload_raw_to_s3 state:running start_date:2024-10-11 00:27:11.652997+00:00
[2024-10-11T00:27:11.769+0000] {logging_mixin.py:190} INFO - Dag name:spotify_etl_dag and current dag run status:running
[2024-10-11T00:27:11.769+0000] {taskinstance.py:731} INFO - ::endgroup::
[2024-10-11T00:27:11.776+0000] {base.py:84} INFO - Retrieving connection 'aws_s3_bucket'
[2024-10-11T00:27:11.776+0000] {connection_wrapper.py:388} INFO - AWS Connection (conn_id='aws_s3_bucket', conn_type='aws') credentials retrieved from login and password.
[2024-10-11T00:27:14.992+0000] {taskinstance.py:340} INFO - ::group::Post task execution logs
[2024-10-11T00:27:14.995+0000] {taskinstance.py:352} INFO - Marking task as SUCCESS. dag_id=spotify_etl_dag, task_id=upload_raw_to_s3, run_id=scheduled__2024-10-10T00:00:00+00:00, execution_date=20241010T000000, start_date=20241011T002711, end_date=20241011T002714
[2024-10-11T00:27:15.025+0000] {logging_mixin.py:190} INFO - Task instance in success state
[2024-10-11T00:27:15.027+0000] {logging_mixin.py:190} INFO -  Previous state of the Task instance: running
[2024-10-11T00:27:15.028+0000] {logging_mixin.py:190} INFO - Dag name:spotify_etl_dag queued_at:2024-10-11 00:27:02.692601+00:00
[2024-10-11T00:27:15.029+0000] {logging_mixin.py:190} INFO - Task hostname:da4c4a711107 operator:S3CreateObjectOperator
[2024-10-11T00:27:15.079+0000] {local_task_job_runner.py:266} INFO - Task exited with return code 0
[2024-10-11T00:27:15.167+0000] {taskinstance.py:3900} INFO - 1 downstream tasks scheduled from follow-on schedule check
[2024-10-11T00:27:15.169+0000] {local_task_job_runner.py:245} INFO - ::endgroup::
